<?xml version="1.0" encoding="UTF-8"?>
<testsuite name="com.example.app.AppApplicationTests" tests="1" skipped="0" failures="0" errors="0" timestamp="2023-02-05T04:57:27" hostname="janghyolim-ui-MacBookAir.local" time="0.211">
  <properties/>
  <testcase name="로그인 테스트" classname="com.example.app.AppApplicationTests" time="0.211"/>
  <system-out><![CDATA[13:57:24.541 [Test worker] DEBUG org.springframework.boot.test.context.SpringBootTestContextBootstrapper - Neither @ContextConfiguration nor @ContextHierarchy found for test class [AppApplicationTests]: using SpringBootContextLoader
13:57:24.546 [Test worker] DEBUG org.springframework.test.context.support.AbstractContextLoader - Could not detect default resource locations for test class [com.example.app.AppApplicationTests]: no resource found for suffixes {-context.xml, Context.groovy}.
13:57:24.546 [Test worker] INFO org.springframework.test.context.support.AnnotationConfigContextLoaderUtils - Could not detect default configuration classes for test class [com.example.app.AppApplicationTests]: AppApplicationTests does not declare any static, non-private, non-final, nested classes annotated with @Configuration.
13:57:24.564 [Test worker] DEBUG org.springframework.boot.test.context.SpringBootTestContextBootstrapper - Using ContextCustomizers for test class [AppApplicationTests]: [DisableObservabilityContextCustomizer, PropertyMappingContextCustomizer, Customizer, ExcludeFilterContextCustomizer, DuplicateJsonObjectContextCustomizer, MockitoContextCustomizer, TestRestTemplateContextCustomizer]
13:57:24.620 [Test worker] DEBUG org.springframework.context.annotation.ClassPathScanningCandidateComponentProvider - Identified candidate component class: file [/Users/janghyolim/Code/project_study/app/build/classes/java/main/com/example/app/AppApplication.class]
13:57:24.630 [Test worker] INFO org.springframework.boot.test.context.SpringBootTestContextBootstrapper - Found @SpringBootConfiguration com.example.app.AppApplication for test class com.example.app.AppApplicationTests
13:57:24.690 [Test worker] DEBUG org.springframework.boot.test.context.SpringBootTestContextBootstrapper - Using TestExecutionListeners for test class [AppApplicationTests]: [ServletTestExecutionListener, DirtiesContextBeforeModesTestExecutionListener, ApplicationEventsTestExecutionListener, MockitoTestExecutionListener, DependencyInjectionTestExecutionListener, DirtiesContextTestExecutionListener, TransactionalTestExecutionListener, SqlScriptsTestExecutionListener, EventPublishingTestExecutionListener, RestDocsTestExecutionListener, MockRestServiceServerResetTestExecutionListener, MockMvcPrintOnlyOnFailureTestExecutionListener, WebDriverTestExecutionListener, MockWebServiceServerTestExecutionListener, ResetMocksTestExecutionListener]
13:57:24.691 [Test worker] DEBUG org.springframework.test.context.support.AbstractDirtiesContextTestExecutionListener - Before test class: class [AppApplicationTests], class annotated with @DirtiesContext [false] with mode [null]

  .   ____          _            __ _ _
 /\\ / ___'_ __ _ _(_)_ __  __ _ \ \ \ \
( ( )\___ | '_ | '_| | '_ \/ _` | \ \ \ \
 \\/  ___)| |_)| | | | | || (_| |  ) ) ) )
  '  |____| .__|_| |_|_| |_\__, | / / / /
 =========|_|==============|___/=/_/_/_/
 :: Spring Boot ::                (v3.0.1)

2023-02-05T13:57:24.859+09:00  INFO 1178 --- [    Test worker] com.example.app.AppApplicationTests      : Starting AppApplicationTests using Java 17.0.5 with PID 1178 (started by janghyolim in /Users/janghyolim/Code/project_study/app)
2023-02-05T13:57:24.860+09:00  INFO 1178 --- [    Test worker] com.example.app.AppApplicationTests      : No active profile set, falling back to 1 default profile: "default"
2023-02-05T13:57:25.409+09:00  INFO 1178 --- [    Test worker] .s.d.r.c.RepositoryConfigurationDelegate : Bootstrapping Spring Data JPA repositories in DEFAULT mode.
2023-02-05T13:57:25.450+09:00  INFO 1178 --- [    Test worker] .s.d.r.c.RepositoryConfigurationDelegate : Finished Spring Data repository scanning in 36 ms. Found 4 JPA repository interfaces.
2023-02-05T13:57:25.773+09:00  INFO 1178 --- [    Test worker] o.hibernate.jpa.internal.util.LogHelper  : HHH000204: Processing PersistenceUnitInfo [name: default]
2023-02-05T13:57:25.801+09:00  INFO 1178 --- [    Test worker] org.hibernate.Version                    : HHH000412: Hibernate ORM core version 6.1.6.Final
2023-02-05T13:57:25.897+09:00  WARN 1178 --- [    Test worker] org.hibernate.orm.deprecation            : HHH90000021: Encountered deprecated setting [javax.persistence.sharedCache.mode], use [jakarta.persistence.sharedCache.mode] instead
2023-02-05T13:57:25.959+09:00  INFO 1178 --- [    Test worker] com.zaxxer.hikari.HikariDataSource       : HikariPool-1 - Starting...
2023-02-05T13:57:26.170+09:00  INFO 1178 --- [    Test worker] com.zaxxer.hikari.pool.HikariPool        : HikariPool-1 - Added connection com.mysql.cj.jdbc.ConnectionImpl@22361e23
2023-02-05T13:57:26.172+09:00  INFO 1178 --- [    Test worker] com.zaxxer.hikari.HikariDataSource       : HikariPool-1 - Start completed.
2023-02-05T13:57:26.184+09:00  INFO 1178 --- [    Test worker] SQL dialect                              : HHH000400: Using dialect: org.hibernate.dialect.MySQL8Dialect
2023-02-05T13:57:26.184+09:00  WARN 1178 --- [    Test worker] org.hibernate.orm.deprecation            : HHH90000026: MySQL8Dialect has been deprecated; use org.hibernate.dialect.MySQLDialect instead
2023-02-05T13:57:26.807+09:00  INFO 1178 --- [    Test worker] o.h.e.t.j.p.i.JtaPlatformInitiator       : HHH000490: Using JtaPlatform implementation: [org.hibernate.engine.transaction.jta.platform.internal.NoJtaPlatform]
2023-02-05T13:57:26.812+09:00  INFO 1178 --- [    Test worker] j.LocalContainerEntityManagerFactoryBean : Initialized JPA EntityManagerFactory for persistence unit 'default'
2023-02-05T13:57:27.212+09:00  WARN 1178 --- [    Test worker] JpaBaseConfiguration$JpaWebConfiguration : spring.jpa.open-in-view is enabled by default. Therefore, database queries may be performed during view rendering. Explicitly configure spring.jpa.open-in-view to disable this warning
2023-02-05T13:57:27.308+09:00  INFO 1178 --- [    Test worker] o.s.s.web.DefaultSecurityFilterChain     : Will secure any request with [org.springframework.security.web.session.DisableEncodeUrlFilter@6037748a, org.springframework.security.web.context.request.async.WebAsyncManagerIntegrationFilter@4d87e7f3, org.springframework.security.web.context.SecurityContextHolderFilter@66ad7167, org.springframework.security.web.header.HeaderWriterFilter@153cf928, org.springframework.security.web.csrf.CsrfFilter@2a20aa4e, org.springframework.security.web.authentication.logout.LogoutFilter@2fb555e8, org.springframework.security.web.authentication.UsernamePasswordAuthenticationFilter@7e9ea888, org.springframework.security.web.savedrequest.RequestCacheAwareFilter@7def62d0, org.springframework.security.web.servletapi.SecurityContextHolderAwareRequestFilter@736eb2a2, org.springframework.security.web.authentication.AnonymousAuthenticationFilter@14c7ab73, org.springframework.security.web.access.ExceptionTranslationFilter@2c56e044, org.springframework.security.web.access.intercept.AuthorizationFilter@125c03d3]
2023-02-05T13:57:27.763+09:00  INFO 1178 --- [    Test worker] com.example.app.AppApplicationTests      : Started AppApplicationTests in 3.04 seconds (process running for 3.882)
2XBlA/xtMZDUH0VsgsqBdQ== : 3vbsImv5KNu9Z6Wwz4Qd8Q==
Hibernate: select s1_0.id,s1_0.p_id1,s1_0.p_id2,s1_0.create_date,s1_0.email,s1_0.grade,s1_0.name,s1_0.password,s1_0.school,s1_0.username from student s1_0 where s1_0.username=?
k14a83osqoJtTiJjPdsQGw==
ewzo3YIJA7TiNCMIEAmBHg==
pA0yN8IbmxAMuzjN2wVkdA==
hZg1MhlfhxxgH9NZ//N0Cw==
FImg4sTt52oP1Eet0MOSng==
s3ScL6DFkrhVpLfIZhPP3y6SDuC8ULJHyDVP+wDvZsE=
]]></system-out>
  <system-err><![CDATA[]]></system-err>
</testsuite>
