<?xml version="1.0" encoding="UTF-8"?>
<testsuite name="com.example.app.AppApplicationTests" tests="1" skipped="0" failures="0" errors="0" timestamp="2023-02-25T13:40:41" hostname="janghyolim-ui-MacBookAir.local" time="15.221">
  <properties/>
  <testcase name="얼마만큼 만들어봤어요?" classname="com.example.app.AppApplicationTests" time="15.221"/>
  <system-out><![CDATA[22:40:35.144 [Test worker] DEBUG org.springframework.boot.test.context.SpringBootTestContextBootstrapper - Neither @ContextConfiguration nor @ContextHierarchy found for test class [AppApplicationTests]: using SpringBootContextLoader
22:40:35.147 [Test worker] DEBUG org.springframework.test.context.support.AbstractContextLoader - Could not detect default resource locations for test class [com.example.app.AppApplicationTests]: no resource found for suffixes {-context.xml, Context.groovy}.
22:40:35.147 [Test worker] INFO org.springframework.test.context.support.AnnotationConfigContextLoaderUtils - Could not detect default configuration classes for test class [com.example.app.AppApplicationTests]: AppApplicationTests does not declare any static, non-private, non-final, nested classes annotated with @Configuration.
22:40:35.163 [Test worker] DEBUG org.springframework.boot.test.context.SpringBootTestContextBootstrapper - Using ContextCustomizers for test class [AppApplicationTests]: [DisableObservabilityContextCustomizer, PropertyMappingContextCustomizer, Customizer, ExcludeFilterContextCustomizer, DuplicateJsonObjectContextCustomizer, MockitoContextCustomizer, TestRestTemplateContextCustomizer]
22:40:35.223 [Test worker] DEBUG org.springframework.context.annotation.ClassPathScanningCandidateComponentProvider - Identified candidate component class: file [/Users/janghyolim/Code/project_study/app/build/classes/java/main/com/example/app/AppApplication.class]
22:40:35.234 [Test worker] INFO org.springframework.boot.test.context.SpringBootTestContextBootstrapper - Found @SpringBootConfiguration com.example.app.AppApplication for test class com.example.app.AppApplicationTests
22:40:35.317 [Test worker] DEBUG org.springframework.boot.test.context.SpringBootTestContextBootstrapper - Using TestExecutionListeners for test class [AppApplicationTests]: [ServletTestExecutionListener, DirtiesContextBeforeModesTestExecutionListener, ApplicationEventsTestExecutionListener, MockitoTestExecutionListener, DependencyInjectionTestExecutionListener, DirtiesContextTestExecutionListener, TransactionalTestExecutionListener, SqlScriptsTestExecutionListener, EventPublishingTestExecutionListener, RestDocsTestExecutionListener, MockRestServiceServerResetTestExecutionListener, MockMvcPrintOnlyOnFailureTestExecutionListener, WebDriverTestExecutionListener, MockWebServiceServerTestExecutionListener, ResetMocksTestExecutionListener]
22:40:35.319 [Test worker] DEBUG org.springframework.test.context.support.AbstractDirtiesContextTestExecutionListener - Before test class: class [AppApplicationTests], class annotated with @DirtiesContext [false] with mode [null]

  .   ____          _            __ _ _
 /\\ / ___'_ __ _ _(_)_ __  __ _ \ \ \ \
( ( )\___ | '_ | '_| | '_ \/ _` | \ \ \ \
 \\/  ___)| |_)| | | | | || (_| |  ) ) ) )
  '  |____| .__|_| |_|_| |_\__, | / / / /
 =========|_|==============|___/=/_/_/_/
 :: Spring Boot ::                (v3.0.1)

2023-02-25T22:40:35.663+09:00  INFO 47267 --- [    Test worker] com.example.app.AppApplicationTests      : Starting AppApplicationTests using Java 17.0.5 with PID 47267 (started by janghyolim in /Users/janghyolim/Code/project_study/app)
2023-02-25T22:40:35.666+09:00  INFO 47267 --- [    Test worker] com.example.app.AppApplicationTests      : No active profile set, falling back to 1 default profile: "default"
2023-02-25T22:40:36.714+09:00  INFO 47267 --- [    Test worker] .s.d.r.c.RepositoryConfigurationDelegate : Bootstrapping Spring Data JPA repositories in DEFAULT mode.
2023-02-25T22:40:36.796+09:00  INFO 47267 --- [    Test worker] .s.d.r.c.RepositoryConfigurationDelegate : Finished Spring Data repository scanning in 74 ms. Found 6 JPA repository interfaces.
2023-02-25T22:40:37.478+09:00  INFO 47267 --- [    Test worker] o.hibernate.jpa.internal.util.LogHelper  : HHH000204: Processing PersistenceUnitInfo [name: default]
2023-02-25T22:40:37.529+09:00  INFO 47267 --- [    Test worker] org.hibernate.Version                    : HHH000412: Hibernate ORM core version 6.1.6.Final
2023-02-25T22:40:37.697+09:00  WARN 47267 --- [    Test worker] org.hibernate.orm.deprecation            : HHH90000021: Encountered deprecated setting [javax.persistence.sharedCache.mode], use [jakarta.persistence.sharedCache.mode] instead
2023-02-25T22:40:37.783+09:00  INFO 47267 --- [    Test worker] com.zaxxer.hikari.HikariDataSource       : HikariPool-1 - Starting...
2023-02-25T22:40:38.027+09:00  INFO 47267 --- [    Test worker] com.zaxxer.hikari.pool.HikariPool        : HikariPool-1 - Added connection com.mysql.cj.jdbc.ConnectionImpl@6cc56b32
2023-02-25T22:40:38.028+09:00  INFO 47267 --- [    Test worker] com.zaxxer.hikari.HikariDataSource       : HikariPool-1 - Start completed.
2023-02-25T22:40:38.042+09:00  INFO 47267 --- [    Test worker] SQL dialect                              : HHH000400: Using dialect: org.hibernate.dialect.MySQL8Dialect
2023-02-25T22:40:38.042+09:00  WARN 47267 --- [    Test worker] org.hibernate.orm.deprecation            : HHH90000026: MySQL8Dialect has been deprecated; use org.hibernate.dialect.MySQLDialect instead
2023-02-25T22:40:38.942+09:00  INFO 47267 --- [    Test worker] o.h.e.t.j.p.i.JtaPlatformInitiator       : HHH000490: Using JtaPlatform implementation: [org.hibernate.engine.transaction.jta.platform.internal.NoJtaPlatform]
2023-02-25T22:40:38.954+09:00  INFO 47267 --- [    Test worker] j.LocalContainerEntityManagerFactoryBean : Initialized JPA EntityManagerFactory for persistence unit 'default'
2023-02-25T22:40:39.699+09:00  WARN 47267 --- [    Test worker] JpaBaseConfiguration$JpaWebConfiguration : spring.jpa.open-in-view is enabled by default. Therefore, database queries may be performed during view rendering. Explicitly configure spring.jpa.open-in-view to disable this warning
2023-02-25T22:40:39.931+09:00  INFO 47267 --- [    Test worker] o.s.s.web.DefaultSecurityFilterChain     : Will secure any request with [org.springframework.security.web.session.DisableEncodeUrlFilter@53bc6492, org.springframework.security.web.context.request.async.WebAsyncManagerIntegrationFilter@1e834a5b, org.springframework.security.web.context.SecurityContextHolderFilter@4e6add8d, org.springframework.security.web.header.HeaderWriterFilter@7053a864, org.springframework.security.web.csrf.CsrfFilter@5a106b26, org.springframework.security.web.authentication.logout.LogoutFilter@56728f48, org.springframework.security.web.authentication.UsernamePasswordAuthenticationFilter@23d0f6be, org.springframework.security.web.savedrequest.RequestCacheAwareFilter@85104d6, org.springframework.security.web.servletapi.SecurityContextHolderAwareRequestFilter@56e9126f, org.springframework.security.web.authentication.AnonymousAuthenticationFilter@7fda84cf, org.springframework.security.web.access.ExceptionTranslationFilter@713c8cbb, org.springframework.security.web.access.intercept.AuthorizationFilter@569b3009]
2023-02-25T22:40:41.298+09:00  INFO 47267 --- [    Test worker] com.example.app.AppApplicationTests      : Started AppApplicationTests in 5.925 seconds (process running for 7.259)
Hibernate: insert into question (answer, choice1, choice2, choice3, choice4, choice5, content, correct, create_date, filepath, modify_date, score, subject, teacher_id, time, view) values (?, ?, ?, ?, ?, ?, ?, ?, ?, ?, ?, ?, ?, ?, ?, ?)
make question 1
Hibernate: insert into question (answer, choice1, choice2, choice3, choice4, choice5, content, correct, create_date, filepath, modify_date, score, subject, teacher_id, time, view) values (?, ?, ?, ?, ?, ?, ?, ?, ?, ?, ?, ?, ?, ?, ?, ?)
make question 2
Hibernate: insert into question (answer, choice1, choice2, choice3, choice4, choice5, content, correct, create_date, filepath, modify_date, score, subject, teacher_id, time, view) values (?, ?, ?, ?, ?, ?, ?, ?, ?, ?, ?, ?, ?, ?, ?, ?)
make question 3
Hibernate: insert into question (answer, choice1, choice2, choice3, choice4, choice5, content, correct, create_date, filepath, modify_date, score, subject, teacher_id, time, view) values (?, ?, ?, ?, ?, ?, ?, ?, ?, ?, ?, ?, ?, ?, ?, ?)
make question 4
Hibernate: insert into question (answer, choice1, choice2, choice3, choice4, choice5, content, correct, create_date, filepath, modify_date, score, subject, teacher_id, time, view) values (?, ?, ?, ?, ?, ?, ?, ?, ?, ?, ?, ?, ?, ?, ?, ?)
make question 5
Hibernate: insert into question (answer, choice1, choice2, choice3, choice4, choice5, content, correct, create_date, filepath, modify_date, score, subject, teacher_id, time, view) values (?, ?, ?, ?, ?, ?, ?, ?, ?, ?, ?, ?, ?, ?, ?, ?)
make question 6
Hibernate: insert into question (answer, choice1, choice2, choice3, choice4, choice5, content, correct, create_date, filepath, modify_date, score, subject, teacher_id, time, view) values (?, ?, ?, ?, ?, ?, ?, ?, ?, ?, ?, ?, ?, ?, ?, ?)
make question 7
Hibernate: insert into question (answer, choice1, choice2, choice3, choice4, choice5, content, correct, create_date, filepath, modify_date, score, subject, teacher_id, time, view) values (?, ?, ?, ?, ?, ?, ?, ?, ?, ?, ?, ?, ?, ?, ?, ?)
make question 8
Hibernate: insert into question (answer, choice1, choice2, choice3, choice4, choice5, content, correct, create_date, filepath, modify_date, score, subject, teacher_id, time, view) values (?, ?, ?, ?, ?, ?, ?, ?, ?, ?, ?, ?, ?, ?, ?, ?)
make question 9
Hibernate: insert into question (answer, choice1, choice2, choice3, choice4, choice5, content, correct, create_date, filepath, modify_date, score, subject, teacher_id, time, view) values (?, ?, ?, ?, ?, ?, ?, ?, ?, ?, ?, ?, ?, ?, ?, ?)
make question 10
Hibernate: insert into question (answer, choice1, choice2, choice3, choice4, choice5, content, correct, create_date, filepath, modify_date, score, subject, teacher_id, time, view) values (?, ?, ?, ?, ?, ?, ?, ?, ?, ?, ?, ?, ?, ?, ?, ?)
make question 11
Hibernate: insert into question (answer, choice1, choice2, choice3, choice4, choice5, content, correct, create_date, filepath, modify_date, score, subject, teacher_id, time, view) values (?, ?, ?, ?, ?, ?, ?, ?, ?, ?, ?, ?, ?, ?, ?, ?)
make question 12
Hibernate: insert into question (answer, choice1, choice2, choice3, choice4, choice5, content, correct, create_date, filepath, modify_date, score, subject, teacher_id, time, view) values (?, ?, ?, ?, ?, ?, ?, ?, ?, ?, ?, ?, ?, ?, ?, ?)
make question 13
Hibernate: insert into question (answer, choice1, choice2, choice3, choice4, choice5, content, correct, create_date, filepath, modify_date, score, subject, teacher_id, time, view) values (?, ?, ?, ?, ?, ?, ?, ?, ?, ?, ?, ?, ?, ?, ?, ?)
make question 14
Hibernate: insert into question (answer, choice1, choice2, choice3, choice4, choice5, content, correct, create_date, filepath, modify_date, score, subject, teacher_id, time, view) values (?, ?, ?, ?, ?, ?, ?, ?, ?, ?, ?, ?, ?, ?, ?, ?)
make question 15
Hibernate: insert into question (answer, choice1, choice2, choice3, choice4, choice5, content, correct, create_date, filepath, modify_date, score, subject, teacher_id, time, view) values (?, ?, ?, ?, ?, ?, ?, ?, ?, ?, ?, ?, ?, ?, ?, ?)
make question 16
Hibernate: insert into question (answer, choice1, choice2, choice3, choice4, choice5, content, correct, create_date, filepath, modify_date, score, subject, teacher_id, time, view) values (?, ?, ?, ?, ?, ?, ?, ?, ?, ?, ?, ?, ?, ?, ?, ?)
make question 17
Hibernate: insert into question (answer, choice1, choice2, choice3, choice4, choice5, content, correct, create_date, filepath, modify_date, score, subject, teacher_id, time, view) values (?, ?, ?, ?, ?, ?, ?, ?, ?, ?, ?, ?, ?, ?, ?, ?)
make question 18
Hibernate: insert into question (answer, choice1, choice2, choice3, choice4, choice5, content, correct, create_date, filepath, modify_date, score, subject, teacher_id, time, view) values (?, ?, ?, ?, ?, ?, ?, ?, ?, ?, ?, ?, ?, ?, ?, ?)
make question 19
Hibernate: insert into question (answer, choice1, choice2, choice3, choice4, choice5, content, correct, create_date, filepath, modify_date, score, subject, teacher_id, time, view) values (?, ?, ?, ?, ?, ?, ?, ?, ?, ?, ?, ?, ?, ?, ?, ?)
make question 20
Hibernate: insert into question (answer, choice1, choice2, choice3, choice4, choice5, content, correct, create_date, filepath, modify_date, score, subject, teacher_id, time, view) values (?, ?, ?, ?, ?, ?, ?, ?, ?, ?, ?, ?, ?, ?, ?, ?)
make question 21
Hibernate: insert into question (answer, choice1, choice2, choice3, choice4, choice5, content, correct, create_date, filepath, modify_date, score, subject, teacher_id, time, view) values (?, ?, ?, ?, ?, ?, ?, ?, ?, ?, ?, ?, ?, ?, ?, ?)
make question 22
Hibernate: insert into question (answer, choice1, choice2, choice3, choice4, choice5, content, correct, create_date, filepath, modify_date, score, subject, teacher_id, time, view) values (?, ?, ?, ?, ?, ?, ?, ?, ?, ?, ?, ?, ?, ?, ?, ?)
make question 23
Hibernate: insert into question (answer, choice1, choice2, choice3, choice4, choice5, content, correct, create_date, filepath, modify_date, score, subject, teacher_id, time, view) values (?, ?, ?, ?, ?, ?, ?, ?, ?, ?, ?, ?, ?, ?, ?, ?)
make question 24
Hibernate: insert into question (answer, choice1, choice2, choice3, choice4, choice5, content, correct, create_date, filepath, modify_date, score, subject, teacher_id, time, view) values (?, ?, ?, ?, ?, ?, ?, ?, ?, ?, ?, ?, ?, ?, ?, ?)
make question 25
Hibernate: insert into question (answer, choice1, choice2, choice3, choice4, choice5, content, correct, create_date, filepath, modify_date, score, subject, teacher_id, time, view) values (?, ?, ?, ?, ?, ?, ?, ?, ?, ?, ?, ?, ?, ?, ?, ?)
make question 26
Hibernate: insert into question (answer, choice1, choice2, choice3, choice4, choice5, content, correct, create_date, filepath, modify_date, score, subject, teacher_id, time, view) values (?, ?, ?, ?, ?, ?, ?, ?, ?, ?, ?, ?, ?, ?, ?, ?)
make question 27
Hibernate: insert into question (answer, choice1, choice2, choice3, choice4, choice5, content, correct, create_date, filepath, modify_date, score, subject, teacher_id, time, view) values (?, ?, ?, ?, ?, ?, ?, ?, ?, ?, ?, ?, ?, ?, ?, ?)
make question 28
Hibernate: insert into question (answer, choice1, choice2, choice3, choice4, choice5, content, correct, create_date, filepath, modify_date, score, subject, teacher_id, time, view) values (?, ?, ?, ?, ?, ?, ?, ?, ?, ?, ?, ?, ?, ?, ?, ?)
make question 29
Hibernate: insert into question (answer, choice1, choice2, choice3, choice4, choice5, content, correct, create_date, filepath, modify_date, score, subject, teacher_id, time, view) values (?, ?, ?, ?, ?, ?, ?, ?, ?, ?, ?, ?, ?, ?, ?, ?)
make question 30
Hibernate: insert into question (answer, choice1, choice2, choice3, choice4, choice5, content, correct, create_date, filepath, modify_date, score, subject, teacher_id, time, view) values (?, ?, ?, ?, ?, ?, ?, ?, ?, ?, ?, ?, ?, ?, ?, ?)
make question 31
Hibernate: insert into question (answer, choice1, choice2, choice3, choice4, choice5, content, correct, create_date, filepath, modify_date, score, subject, teacher_id, time, view) values (?, ?, ?, ?, ?, ?, ?, ?, ?, ?, ?, ?, ?, ?, ?, ?)
make question 32
Hibernate: insert into question (answer, choice1, choice2, choice3, choice4, choice5, content, correct, create_date, filepath, modify_date, score, subject, teacher_id, time, view) values (?, ?, ?, ?, ?, ?, ?, ?, ?, ?, ?, ?, ?, ?, ?, ?)
make question 33
Hibernate: insert into question (answer, choice1, choice2, choice3, choice4, choice5, content, correct, create_date, filepath, modify_date, score, subject, teacher_id, time, view) values (?, ?, ?, ?, ?, ?, ?, ?, ?, ?, ?, ?, ?, ?, ?, ?)
make question 34
Hibernate: insert into question (answer, choice1, choice2, choice3, choice4, choice5, content, correct, create_date, filepath, modify_date, score, subject, teacher_id, time, view) values (?, ?, ?, ?, ?, ?, ?, ?, ?, ?, ?, ?, ?, ?, ?, ?)
make question 35
Hibernate: insert into question (answer, choice1, choice2, choice3, choice4, choice5, content, correct, create_date, filepath, modify_date, score, subject, teacher_id, time, view) values (?, ?, ?, ?, ?, ?, ?, ?, ?, ?, ?, ?, ?, ?, ?, ?)
make question 36
Hibernate: insert into question (answer, choice1, choice2, choice3, choice4, choice5, content, correct, create_date, filepath, modify_date, score, subject, teacher_id, time, view) values (?, ?, ?, ?, ?, ?, ?, ?, ?, ?, ?, ?, ?, ?, ?, ?)
make question 37
Hibernate: insert into question (answer, choice1, choice2, choice3, choice4, choice5, content, correct, create_date, filepath, modify_date, score, subject, teacher_id, time, view) values (?, ?, ?, ?, ?, ?, ?, ?, ?, ?, ?, ?, ?, ?, ?, ?)
make question 38
Hibernate: insert into question (answer, choice1, choice2, choice3, choice4, choice5, content, correct, create_date, filepath, modify_date, score, subject, teacher_id, time, view) values (?, ?, ?, ?, ?, ?, ?, ?, ?, ?, ?, ?, ?, ?, ?, ?)
make question 39
Hibernate: insert into question (answer, choice1, choice2, choice3, choice4, choice5, content, correct, create_date, filepath, modify_date, score, subject, teacher_id, time, view) values (?, ?, ?, ?, ?, ?, ?, ?, ?, ?, ?, ?, ?, ?, ?, ?)
make question 40
Hibernate: insert into question (answer, choice1, choice2, choice3, choice4, choice5, content, correct, create_date, filepath, modify_date, score, subject, teacher_id, time, view) values (?, ?, ?, ?, ?, ?, ?, ?, ?, ?, ?, ?, ?, ?, ?, ?)
make question 41
Hibernate: insert into question (answer, choice1, choice2, choice3, choice4, choice5, content, correct, create_date, filepath, modify_date, score, subject, teacher_id, time, view) values (?, ?, ?, ?, ?, ?, ?, ?, ?, ?, ?, ?, ?, ?, ?, ?)
make question 42
Hibernate: insert into question (answer, choice1, choice2, choice3, choice4, choice5, content, correct, create_date, filepath, modify_date, score, subject, teacher_id, time, view) values (?, ?, ?, ?, ?, ?, ?, ?, ?, ?, ?, ?, ?, ?, ?, ?)
make question 43
Hibernate: insert into question (answer, choice1, choice2, choice3, choice4, choice5, content, correct, create_date, filepath, modify_date, score, subject, teacher_id, time, view) values (?, ?, ?, ?, ?, ?, ?, ?, ?, ?, ?, ?, ?, ?, ?, ?)
make question 44
Hibernate: insert into question (answer, choice1, choice2, choice3, choice4, choice5, content, correct, create_date, filepath, modify_date, score, subject, teacher_id, time, view) values (?, ?, ?, ?, ?, ?, ?, ?, ?, ?, ?, ?, ?, ?, ?, ?)
make question 45
Hibernate: insert into question (answer, choice1, choice2, choice3, choice4, choice5, content, correct, create_date, filepath, modify_date, score, subject, teacher_id, time, view) values (?, ?, ?, ?, ?, ?, ?, ?, ?, ?, ?, ?, ?, ?, ?, ?)
make question 46
Hibernate: insert into question (answer, choice1, choice2, choice3, choice4, choice5, content, correct, create_date, filepath, modify_date, score, subject, teacher_id, time, view) values (?, ?, ?, ?, ?, ?, ?, ?, ?, ?, ?, ?, ?, ?, ?, ?)
make question 47
Hibernate: insert into question (answer, choice1, choice2, choice3, choice4, choice5, content, correct, create_date, filepath, modify_date, score, subject, teacher_id, time, view) values (?, ?, ?, ?, ?, ?, ?, ?, ?, ?, ?, ?, ?, ?, ?, ?)
make question 48
Hibernate: insert into question (answer, choice1, choice2, choice3, choice4, choice5, content, correct, create_date, filepath, modify_date, score, subject, teacher_id, time, view) values (?, ?, ?, ?, ?, ?, ?, ?, ?, ?, ?, ?, ?, ?, ?, ?)
make question 49
Hibernate: insert into question (answer, choice1, choice2, choice3, choice4, choice5, content, correct, create_date, filepath, modify_date, score, subject, teacher_id, time, view) values (?, ?, ?, ?, ?, ?, ?, ?, ?, ?, ?, ?, ?, ?, ?, ?)
make question 50
Hibernate: insert into question (answer, choice1, choice2, choice3, choice4, choice5, content, correct, create_date, filepath, modify_date, score, subject, teacher_id, time, view) values (?, ?, ?, ?, ?, ?, ?, ?, ?, ?, ?, ?, ?, ?, ?, ?)
make question 51
Hibernate: insert into question (answer, choice1, choice2, choice3, choice4, choice5, content, correct, create_date, filepath, modify_date, score, subject, teacher_id, time, view) values (?, ?, ?, ?, ?, ?, ?, ?, ?, ?, ?, ?, ?, ?, ?, ?)
make question 52
Hibernate: insert into question (answer, choice1, choice2, choice3, choice4, choice5, content, correct, create_date, filepath, modify_date, score, subject, teacher_id, time, view) values (?, ?, ?, ?, ?, ?, ?, ?, ?, ?, ?, ?, ?, ?, ?, ?)
make question 53
Hibernate: insert into question (answer, choice1, choice2, choice3, choice4, choice5, content, correct, create_date, filepath, modify_date, score, subject, teacher_id, time, view) values (?, ?, ?, ?, ?, ?, ?, ?, ?, ?, ?, ?, ?, ?, ?, ?)
make question 54
Hibernate: insert into question (answer, choice1, choice2, choice3, choice4, choice5, content, correct, create_date, filepath, modify_date, score, subject, teacher_id, time, view) values (?, ?, ?, ?, ?, ?, ?, ?, ?, ?, ?, ?, ?, ?, ?, ?)
make question 55
Hibernate: insert into question (answer, choice1, choice2, choice3, choice4, choice5, content, correct, create_date, filepath, modify_date, score, subject, teacher_id, time, view) values (?, ?, ?, ?, ?, ?, ?, ?, ?, ?, ?, ?, ?, ?, ?, ?)
make question 56
Hibernate: insert into question (answer, choice1, choice2, choice3, choice4, choice5, content, correct, create_date, filepath, modify_date, score, subject, teacher_id, time, view) values (?, ?, ?, ?, ?, ?, ?, ?, ?, ?, ?, ?, ?, ?, ?, ?)
make question 57
Hibernate: insert into question (answer, choice1, choice2, choice3, choice4, choice5, content, correct, create_date, filepath, modify_date, score, subject, teacher_id, time, view) values (?, ?, ?, ?, ?, ?, ?, ?, ?, ?, ?, ?, ?, ?, ?, ?)
make question 58
Hibernate: insert into question (answer, choice1, choice2, choice3, choice4, choice5, content, correct, create_date, filepath, modify_date, score, subject, teacher_id, time, view) values (?, ?, ?, ?, ?, ?, ?, ?, ?, ?, ?, ?, ?, ?, ?, ?)
make question 59
Hibernate: insert into question (answer, choice1, choice2, choice3, choice4, choice5, content, correct, create_date, filepath, modify_date, score, subject, teacher_id, time, view) values (?, ?, ?, ?, ?, ?, ?, ?, ?, ?, ?, ?, ?, ?, ?, ?)
make question 60
Hibernate: insert into question (answer, choice1, choice2, choice3, choice4, choice5, content, correct, create_date, filepath, modify_date, score, subject, teacher_id, time, view) values (?, ?, ?, ?, ?, ?, ?, ?, ?, ?, ?, ?, ?, ?, ?, ?)
make question 61
Hibernate: insert into question (answer, choice1, choice2, choice3, choice4, choice5, content, correct, create_date, filepath, modify_date, score, subject, teacher_id, time, view) values (?, ?, ?, ?, ?, ?, ?, ?, ?, ?, ?, ?, ?, ?, ?, ?)
make question 62
Hibernate: insert into question (answer, choice1, choice2, choice3, choice4, choice5, content, correct, create_date, filepath, modify_date, score, subject, teacher_id, time, view) values (?, ?, ?, ?, ?, ?, ?, ?, ?, ?, ?, ?, ?, ?, ?, ?)
make question 63
Hibernate: insert into question (answer, choice1, choice2, choice3, choice4, choice5, content, correct, create_date, filepath, modify_date, score, subject, teacher_id, time, view) values (?, ?, ?, ?, ?, ?, ?, ?, ?, ?, ?, ?, ?, ?, ?, ?)
make question 64
Hibernate: insert into question (answer, choice1, choice2, choice3, choice4, choice5, content, correct, create_date, filepath, modify_date, score, subject, teacher_id, time, view) values (?, ?, ?, ?, ?, ?, ?, ?, ?, ?, ?, ?, ?, ?, ?, ?)
make question 65
Hibernate: insert into question (answer, choice1, choice2, choice3, choice4, choice5, content, correct, create_date, filepath, modify_date, score, subject, teacher_id, time, view) values (?, ?, ?, ?, ?, ?, ?, ?, ?, ?, ?, ?, ?, ?, ?, ?)
make question 66
Hibernate: insert into question (answer, choice1, choice2, choice3, choice4, choice5, content, correct, create_date, filepath, modify_date, score, subject, teacher_id, time, view) values (?, ?, ?, ?, ?, ?, ?, ?, ?, ?, ?, ?, ?, ?, ?, ?)
make question 67
Hibernate: insert into question (answer, choice1, choice2, choice3, choice4, choice5, content, correct, create_date, filepath, modify_date, score, subject, teacher_id, time, view) values (?, ?, ?, ?, ?, ?, ?, ?, ?, ?, ?, ?, ?, ?, ?, ?)
make question 68
Hibernate: insert into question (answer, choice1, choice2, choice3, choice4, choice5, content, correct, create_date, filepath, modify_date, score, subject, teacher_id, time, view) values (?, ?, ?, ?, ?, ?, ?, ?, ?, ?, ?, ?, ?, ?, ?, ?)
make question 69
Hibernate: insert into question (answer, choice1, choice2, choice3, choice4, choice5, content, correct, create_date, filepath, modify_date, score, subject, teacher_id, time, view) values (?, ?, ?, ?, ?, ?, ?, ?, ?, ?, ?, ?, ?, ?, ?, ?)
make question 70
Hibernate: insert into question (answer, choice1, choice2, choice3, choice4, choice5, content, correct, create_date, filepath, modify_date, score, subject, teacher_id, time, view) values (?, ?, ?, ?, ?, ?, ?, ?, ?, ?, ?, ?, ?, ?, ?, ?)
make question 71
Hibernate: insert into question (answer, choice1, choice2, choice3, choice4, choice5, content, correct, create_date, filepath, modify_date, score, subject, teacher_id, time, view) values (?, ?, ?, ?, ?, ?, ?, ?, ?, ?, ?, ?, ?, ?, ?, ?)
make question 72
Hibernate: insert into question (answer, choice1, choice2, choice3, choice4, choice5, content, correct, create_date, filepath, modify_date, score, subject, teacher_id, time, view) values (?, ?, ?, ?, ?, ?, ?, ?, ?, ?, ?, ?, ?, ?, ?, ?)
make question 73
Hibernate: insert into question (answer, choice1, choice2, choice3, choice4, choice5, content, correct, create_date, filepath, modify_date, score, subject, teacher_id, time, view) values (?, ?, ?, ?, ?, ?, ?, ?, ?, ?, ?, ?, ?, ?, ?, ?)
make question 74
Hibernate: insert into question (answer, choice1, choice2, choice3, choice4, choice5, content, correct, create_date, filepath, modify_date, score, subject, teacher_id, time, view) values (?, ?, ?, ?, ?, ?, ?, ?, ?, ?, ?, ?, ?, ?, ?, ?)
make question 75
Hibernate: insert into question (answer, choice1, choice2, choice3, choice4, choice5, content, correct, create_date, filepath, modify_date, score, subject, teacher_id, time, view) values (?, ?, ?, ?, ?, ?, ?, ?, ?, ?, ?, ?, ?, ?, ?, ?)
make question 76
Hibernate: insert into question (answer, choice1, choice2, choice3, choice4, choice5, content, correct, create_date, filepath, modify_date, score, subject, teacher_id, time, view) values (?, ?, ?, ?, ?, ?, ?, ?, ?, ?, ?, ?, ?, ?, ?, ?)
make question 77
Hibernate: insert into question (answer, choice1, choice2, choice3, choice4, choice5, content, correct, create_date, filepath, modify_date, score, subject, teacher_id, time, view) values (?, ?, ?, ?, ?, ?, ?, ?, ?, ?, ?, ?, ?, ?, ?, ?)
make question 78
Hibernate: insert into question (answer, choice1, choice2, choice3, choice4, choice5, content, correct, create_date, filepath, modify_date, score, subject, teacher_id, time, view) values (?, ?, ?, ?, ?, ?, ?, ?, ?, ?, ?, ?, ?, ?, ?, ?)
make question 79
Hibernate: insert into question (answer, choice1, choice2, choice3, choice4, choice5, content, correct, create_date, filepath, modify_date, score, subject, teacher_id, time, view) values (?, ?, ?, ?, ?, ?, ?, ?, ?, ?, ?, ?, ?, ?, ?, ?)
make question 80
Hibernate: insert into question (answer, choice1, choice2, choice3, choice4, choice5, content, correct, create_date, filepath, modify_date, score, subject, teacher_id, time, view) values (?, ?, ?, ?, ?, ?, ?, ?, ?, ?, ?, ?, ?, ?, ?, ?)
make question 81
Hibernate: insert into question (answer, choice1, choice2, choice3, choice4, choice5, content, correct, create_date, filepath, modify_date, score, subject, teacher_id, time, view) values (?, ?, ?, ?, ?, ?, ?, ?, ?, ?, ?, ?, ?, ?, ?, ?)
make question 82
Hibernate: insert into question (answer, choice1, choice2, choice3, choice4, choice5, content, correct, create_date, filepath, modify_date, score, subject, teacher_id, time, view) values (?, ?, ?, ?, ?, ?, ?, ?, ?, ?, ?, ?, ?, ?, ?, ?)
make question 83
Hibernate: insert into question (answer, choice1, choice2, choice3, choice4, choice5, content, correct, create_date, filepath, modify_date, score, subject, teacher_id, time, view) values (?, ?, ?, ?, ?, ?, ?, ?, ?, ?, ?, ?, ?, ?, ?, ?)
make question 84
Hibernate: insert into question (answer, choice1, choice2, choice3, choice4, choice5, content, correct, create_date, filepath, modify_date, score, subject, teacher_id, time, view) values (?, ?, ?, ?, ?, ?, ?, ?, ?, ?, ?, ?, ?, ?, ?, ?)
make question 85
Hibernate: insert into question (answer, choice1, choice2, choice3, choice4, choice5, content, correct, create_date, filepath, modify_date, score, subject, teacher_id, time, view) values (?, ?, ?, ?, ?, ?, ?, ?, ?, ?, ?, ?, ?, ?, ?, ?)
make question 86
Hibernate: insert into question (answer, choice1, choice2, choice3, choice4, choice5, content, correct, create_date, filepath, modify_date, score, subject, teacher_id, time, view) values (?, ?, ?, ?, ?, ?, ?, ?, ?, ?, ?, ?, ?, ?, ?, ?)
make question 87
Hibernate: insert into question (answer, choice1, choice2, choice3, choice4, choice5, content, correct, create_date, filepath, modify_date, score, subject, teacher_id, time, view) values (?, ?, ?, ?, ?, ?, ?, ?, ?, ?, ?, ?, ?, ?, ?, ?)
make question 88
Hibernate: insert into question (answer, choice1, choice2, choice3, choice4, choice5, content, correct, create_date, filepath, modify_date, score, subject, teacher_id, time, view) values (?, ?, ?, ?, ?, ?, ?, ?, ?, ?, ?, ?, ?, ?, ?, ?)
make question 89
Hibernate: insert into question (answer, choice1, choice2, choice3, choice4, choice5, content, correct, create_date, filepath, modify_date, score, subject, teacher_id, time, view) values (?, ?, ?, ?, ?, ?, ?, ?, ?, ?, ?, ?, ?, ?, ?, ?)
make question 90
Hibernate: insert into question (answer, choice1, choice2, choice3, choice4, choice5, content, correct, create_date, filepath, modify_date, score, subject, teacher_id, time, view) values (?, ?, ?, ?, ?, ?, ?, ?, ?, ?, ?, ?, ?, ?, ?, ?)
make question 91
Hibernate: insert into question (answer, choice1, choice2, choice3, choice4, choice5, content, correct, create_date, filepath, modify_date, score, subject, teacher_id, time, view) values (?, ?, ?, ?, ?, ?, ?, ?, ?, ?, ?, ?, ?, ?, ?, ?)
make question 92
Hibernate: insert into question (answer, choice1, choice2, choice3, choice4, choice5, content, correct, create_date, filepath, modify_date, score, subject, teacher_id, time, view) values (?, ?, ?, ?, ?, ?, ?, ?, ?, ?, ?, ?, ?, ?, ?, ?)
make question 93
Hibernate: insert into question (answer, choice1, choice2, choice3, choice4, choice5, content, correct, create_date, filepath, modify_date, score, subject, teacher_id, time, view) values (?, ?, ?, ?, ?, ?, ?, ?, ?, ?, ?, ?, ?, ?, ?, ?)
make question 94
Hibernate: insert into question (answer, choice1, choice2, choice3, choice4, choice5, content, correct, create_date, filepath, modify_date, score, subject, teacher_id, time, view) values (?, ?, ?, ?, ?, ?, ?, ?, ?, ?, ?, ?, ?, ?, ?, ?)
make question 95
Hibernate: insert into question (answer, choice1, choice2, choice3, choice4, choice5, content, correct, create_date, filepath, modify_date, score, subject, teacher_id, time, view) values (?, ?, ?, ?, ?, ?, ?, ?, ?, ?, ?, ?, ?, ?, ?, ?)
make question 96
Hibernate: insert into question (answer, choice1, choice2, choice3, choice4, choice5, content, correct, create_date, filepath, modify_date, score, subject, teacher_id, time, view) values (?, ?, ?, ?, ?, ?, ?, ?, ?, ?, ?, ?, ?, ?, ?, ?)
make question 97
Hibernate: insert into question (answer, choice1, choice2, choice3, choice4, choice5, content, correct, create_date, filepath, modify_date, score, subject, teacher_id, time, view) values (?, ?, ?, ?, ?, ?, ?, ?, ?, ?, ?, ?, ?, ?, ?, ?)
make question 98
Hibernate: insert into question (answer, choice1, choice2, choice3, choice4, choice5, content, correct, create_date, filepath, modify_date, score, subject, teacher_id, time, view) values (?, ?, ?, ?, ?, ?, ?, ?, ?, ?, ?, ?, ?, ?, ?, ?)
make question 99
Hibernate: insert into question (answer, choice1, choice2, choice3, choice4, choice5, content, correct, create_date, filepath, modify_date, score, subject, teacher_id, time, view) values (?, ?, ?, ?, ?, ?, ?, ?, ?, ?, ?, ?, ?, ?, ?, ?)
make question 100
Hibernate: insert into question (answer, choice1, choice2, choice3, choice4, choice5, content, correct, create_date, filepath, modify_date, score, subject, teacher_id, time, view) values (?, ?, ?, ?, ?, ?, ?, ?, ?, ?, ?, ?, ?, ?, ?, ?)
make question 101
Hibernate: insert into question (answer, choice1, choice2, choice3, choice4, choice5, content, correct, create_date, filepath, modify_date, score, subject, teacher_id, time, view) values (?, ?, ?, ?, ?, ?, ?, ?, ?, ?, ?, ?, ?, ?, ?, ?)
make question 102
Hibernate: insert into question (answer, choice1, choice2, choice3, choice4, choice5, content, correct, create_date, filepath, modify_date, score, subject, teacher_id, time, view) values (?, ?, ?, ?, ?, ?, ?, ?, ?, ?, ?, ?, ?, ?, ?, ?)
make question 103
Hibernate: insert into question (answer, choice1, choice2, choice3, choice4, choice5, content, correct, create_date, filepath, modify_date, score, subject, teacher_id, time, view) values (?, ?, ?, ?, ?, ?, ?, ?, ?, ?, ?, ?, ?, ?, ?, ?)
make question 104
Hibernate: insert into question (answer, choice1, choice2, choice3, choice4, choice5, content, correct, create_date, filepath, modify_date, score, subject, teacher_id, time, view) values (?, ?, ?, ?, ?, ?, ?, ?, ?, ?, ?, ?, ?, ?, ?, ?)
make question 105
Hibernate: insert into question (answer, choice1, choice2, choice3, choice4, choice5, content, correct, create_date, filepath, modify_date, score, subject, teacher_id, time, view) values (?, ?, ?, ?, ?, ?, ?, ?, ?, ?, ?, ?, ?, ?, ?, ?)
make question 106
Hibernate: insert into question (answer, choice1, choice2, choice3, choice4, choice5, content, correct, create_date, filepath, modify_date, score, subject, teacher_id, time, view) values (?, ?, ?, ?, ?, ?, ?, ?, ?, ?, ?, ?, ?, ?, ?, ?)
make question 107
Hibernate: insert into question (answer, choice1, choice2, choice3, choice4, choice5, content, correct, create_date, filepath, modify_date, score, subject, teacher_id, time, view) values (?, ?, ?, ?, ?, ?, ?, ?, ?, ?, ?, ?, ?, ?, ?, ?)
make question 108
Hibernate: insert into question (answer, choice1, choice2, choice3, choice4, choice5, content, correct, create_date, filepath, modify_date, score, subject, teacher_id, time, view) values (?, ?, ?, ?, ?, ?, ?, ?, ?, ?, ?, ?, ?, ?, ?, ?)
make question 109
Hibernate: insert into question (answer, choice1, choice2, choice3, choice4, choice5, content, correct, create_date, filepath, modify_date, score, subject, teacher_id, time, view) values (?, ?, ?, ?, ?, ?, ?, ?, ?, ?, ?, ?, ?, ?, ?, ?)
make question 110
Hibernate: insert into question (answer, choice1, choice2, choice3, choice4, choice5, content, correct, create_date, filepath, modify_date, score, subject, teacher_id, time, view) values (?, ?, ?, ?, ?, ?, ?, ?, ?, ?, ?, ?, ?, ?, ?, ?)
make question 111
Hibernate: insert into question (answer, choice1, choice2, choice3, choice4, choice5, content, correct, create_date, filepath, modify_date, score, subject, teacher_id, time, view) values (?, ?, ?, ?, ?, ?, ?, ?, ?, ?, ?, ?, ?, ?, ?, ?)
make question 112
Hibernate: insert into question (answer, choice1, choice2, choice3, choice4, choice5, content, correct, create_date, filepath, modify_date, score, subject, teacher_id, time, view) values (?, ?, ?, ?, ?, ?, ?, ?, ?, ?, ?, ?, ?, ?, ?, ?)
make question 113
Hibernate: insert into question (answer, choice1, choice2, choice3, choice4, choice5, content, correct, create_date, filepath, modify_date, score, subject, teacher_id, time, view) values (?, ?, ?, ?, ?, ?, ?, ?, ?, ?, ?, ?, ?, ?, ?, ?)
make question 114
Hibernate: insert into question (answer, choice1, choice2, choice3, choice4, choice5, content, correct, create_date, filepath, modify_date, score, subject, teacher_id, time, view) values (?, ?, ?, ?, ?, ?, ?, ?, ?, ?, ?, ?, ?, ?, ?, ?)
make question 115
Hibernate: insert into question (answer, choice1, choice2, choice3, choice4, choice5, content, correct, create_date, filepath, modify_date, score, subject, teacher_id, time, view) values (?, ?, ?, ?, ?, ?, ?, ?, ?, ?, ?, ?, ?, ?, ?, ?)
make question 116
Hibernate: insert into question (answer, choice1, choice2, choice3, choice4, choice5, content, correct, create_date, filepath, modify_date, score, subject, teacher_id, time, view) values (?, ?, ?, ?, ?, ?, ?, ?, ?, ?, ?, ?, ?, ?, ?, ?)
make question 117
Hibernate: insert into question (answer, choice1, choice2, choice3, choice4, choice5, content, correct, create_date, filepath, modify_date, score, subject, teacher_id, time, view) values (?, ?, ?, ?, ?, ?, ?, ?, ?, ?, ?, ?, ?, ?, ?, ?)
make question 118
Hibernate: insert into question (answer, choice1, choice2, choice3, choice4, choice5, content, correct, create_date, filepath, modify_date, score, subject, teacher_id, time, view) values (?, ?, ?, ?, ?, ?, ?, ?, ?, ?, ?, ?, ?, ?, ?, ?)
make question 119
Hibernate: insert into question (answer, choice1, choice2, choice3, choice4, choice5, content, correct, create_date, filepath, modify_date, score, subject, teacher_id, time, view) values (?, ?, ?, ?, ?, ?, ?, ?, ?, ?, ?, ?, ?, ?, ?, ?)
make question 120
Hibernate: insert into question (answer, choice1, choice2, choice3, choice4, choice5, content, correct, create_date, filepath, modify_date, score, subject, teacher_id, time, view) values (?, ?, ?, ?, ?, ?, ?, ?, ?, ?, ?, ?, ?, ?, ?, ?)
make question 121
Hibernate: insert into question (answer, choice1, choice2, choice3, choice4, choice5, content, correct, create_date, filepath, modify_date, score, subject, teacher_id, time, view) values (?, ?, ?, ?, ?, ?, ?, ?, ?, ?, ?, ?, ?, ?, ?, ?)
make question 122
Hibernate: insert into question (answer, choice1, choice2, choice3, choice4, choice5, content, correct, create_date, filepath, modify_date, score, subject, teacher_id, time, view) values (?, ?, ?, ?, ?, ?, ?, ?, ?, ?, ?, ?, ?, ?, ?, ?)
make question 123
Hibernate: insert into question (answer, choice1, choice2, choice3, choice4, choice5, content, correct, create_date, filepath, modify_date, score, subject, teacher_id, time, view) values (?, ?, ?, ?, ?, ?, ?, ?, ?, ?, ?, ?, ?, ?, ?, ?)
make question 124
Hibernate: insert into question (answer, choice1, choice2, choice3, choice4, choice5, content, correct, create_date, filepath, modify_date, score, subject, teacher_id, time, view) values (?, ?, ?, ?, ?, ?, ?, ?, ?, ?, ?, ?, ?, ?, ?, ?)
make question 125
Hibernate: insert into question (answer, choice1, choice2, choice3, choice4, choice5, content, correct, create_date, filepath, modify_date, score, subject, teacher_id, time, view) values (?, ?, ?, ?, ?, ?, ?, ?, ?, ?, ?, ?, ?, ?, ?, ?)
make question 126
Hibernate: insert into question (answer, choice1, choice2, choice3, choice4, choice5, content, correct, create_date, filepath, modify_date, score, subject, teacher_id, time, view) values (?, ?, ?, ?, ?, ?, ?, ?, ?, ?, ?, ?, ?, ?, ?, ?)
make question 127
Hibernate: insert into question (answer, choice1, choice2, choice3, choice4, choice5, content, correct, create_date, filepath, modify_date, score, subject, teacher_id, time, view) values (?, ?, ?, ?, ?, ?, ?, ?, ?, ?, ?, ?, ?, ?, ?, ?)
make question 128
Hibernate: insert into question (answer, choice1, choice2, choice3, choice4, choice5, content, correct, create_date, filepath, modify_date, score, subject, teacher_id, time, view) values (?, ?, ?, ?, ?, ?, ?, ?, ?, ?, ?, ?, ?, ?, ?, ?)
make question 129
Hibernate: insert into question (answer, choice1, choice2, choice3, choice4, choice5, content, correct, create_date, filepath, modify_date, score, subject, teacher_id, time, view) values (?, ?, ?, ?, ?, ?, ?, ?, ?, ?, ?, ?, ?, ?, ?, ?)
make question 130
Hibernate: insert into question (answer, choice1, choice2, choice3, choice4, choice5, content, correct, create_date, filepath, modify_date, score, subject, teacher_id, time, view) values (?, ?, ?, ?, ?, ?, ?, ?, ?, ?, ?, ?, ?, ?, ?, ?)
make question 131
Hibernate: insert into question (answer, choice1, choice2, choice3, choice4, choice5, content, correct, create_date, filepath, modify_date, score, subject, teacher_id, time, view) values (?, ?, ?, ?, ?, ?, ?, ?, ?, ?, ?, ?, ?, ?, ?, ?)
make question 132
Hibernate: insert into question (answer, choice1, choice2, choice3, choice4, choice5, content, correct, create_date, filepath, modify_date, score, subject, teacher_id, time, view) values (?, ?, ?, ?, ?, ?, ?, ?, ?, ?, ?, ?, ?, ?, ?, ?)
make question 133
Hibernate: insert into question (answer, choice1, choice2, choice3, choice4, choice5, content, correct, create_date, filepath, modify_date, score, subject, teacher_id, time, view) values (?, ?, ?, ?, ?, ?, ?, ?, ?, ?, ?, ?, ?, ?, ?, ?)
make question 134
Hibernate: insert into question (answer, choice1, choice2, choice3, choice4, choice5, content, correct, create_date, filepath, modify_date, score, subject, teacher_id, time, view) values (?, ?, ?, ?, ?, ?, ?, ?, ?, ?, ?, ?, ?, ?, ?, ?)
make question 135
Hibernate: insert into question (answer, choice1, choice2, choice3, choice4, choice5, content, correct, create_date, filepath, modify_date, score, subject, teacher_id, time, view) values (?, ?, ?, ?, ?, ?, ?, ?, ?, ?, ?, ?, ?, ?, ?, ?)
make question 136
Hibernate: insert into question (answer, choice1, choice2, choice3, choice4, choice5, content, correct, create_date, filepath, modify_date, score, subject, teacher_id, time, view) values (?, ?, ?, ?, ?, ?, ?, ?, ?, ?, ?, ?, ?, ?, ?, ?)
make question 137
Hibernate: insert into question (answer, choice1, choice2, choice3, choice4, choice5, content, correct, create_date, filepath, modify_date, score, subject, teacher_id, time, view) values (?, ?, ?, ?, ?, ?, ?, ?, ?, ?, ?, ?, ?, ?, ?, ?)
make question 138
Hibernate: insert into question (answer, choice1, choice2, choice3, choice4, choice5, content, correct, create_date, filepath, modify_date, score, subject, teacher_id, time, view) values (?, ?, ?, ?, ?, ?, ?, ?, ?, ?, ?, ?, ?, ?, ?, ?)
make question 139
Hibernate: insert into question (answer, choice1, choice2, choice3, choice4, choice5, content, correct, create_date, filepath, modify_date, score, subject, teacher_id, time, view) values (?, ?, ?, ?, ?, ?, ?, ?, ?, ?, ?, ?, ?, ?, ?, ?)
make question 140
Hibernate: insert into question (answer, choice1, choice2, choice3, choice4, choice5, content, correct, create_date, filepath, modify_date, score, subject, teacher_id, time, view) values (?, ?, ?, ?, ?, ?, ?, ?, ?, ?, ?, ?, ?, ?, ?, ?)
make question 141
Hibernate: insert into question (answer, choice1, choice2, choice3, choice4, choice5, content, correct, create_date, filepath, modify_date, score, subject, teacher_id, time, view) values (?, ?, ?, ?, ?, ?, ?, ?, ?, ?, ?, ?, ?, ?, ?, ?)
make question 142
Hibernate: insert into question (answer, choice1, choice2, choice3, choice4, choice5, content, correct, create_date, filepath, modify_date, score, subject, teacher_id, time, view) values (?, ?, ?, ?, ?, ?, ?, ?, ?, ?, ?, ?, ?, ?, ?, ?)
make question 143
Hibernate: insert into question (answer, choice1, choice2, choice3, choice4, choice5, content, correct, create_date, filepath, modify_date, score, subject, teacher_id, time, view) values (?, ?, ?, ?, ?, ?, ?, ?, ?, ?, ?, ?, ?, ?, ?, ?)
make question 144
Hibernate: insert into question (answer, choice1, choice2, choice3, choice4, choice5, content, correct, create_date, filepath, modify_date, score, subject, teacher_id, time, view) values (?, ?, ?, ?, ?, ?, ?, ?, ?, ?, ?, ?, ?, ?, ?, ?)
make question 145
Hibernate: insert into question (answer, choice1, choice2, choice3, choice4, choice5, content, correct, create_date, filepath, modify_date, score, subject, teacher_id, time, view) values (?, ?, ?, ?, ?, ?, ?, ?, ?, ?, ?, ?, ?, ?, ?, ?)
make question 146
Hibernate: insert into question (answer, choice1, choice2, choice3, choice4, choice5, content, correct, create_date, filepath, modify_date, score, subject, teacher_id, time, view) values (?, ?, ?, ?, ?, ?, ?, ?, ?, ?, ?, ?, ?, ?, ?, ?)
make question 147
Hibernate: insert into question (answer, choice1, choice2, choice3, choice4, choice5, content, correct, create_date, filepath, modify_date, score, subject, teacher_id, time, view) values (?, ?, ?, ?, ?, ?, ?, ?, ?, ?, ?, ?, ?, ?, ?, ?)
make question 148
Hibernate: insert into question (answer, choice1, choice2, choice3, choice4, choice5, content, correct, create_date, filepath, modify_date, score, subject, teacher_id, time, view) values (?, ?, ?, ?, ?, ?, ?, ?, ?, ?, ?, ?, ?, ?, ?, ?)
make question 149
Hibernate: insert into question (answer, choice1, choice2, choice3, choice4, choice5, content, correct, create_date, filepath, modify_date, score, subject, teacher_id, time, view) values (?, ?, ?, ?, ?, ?, ?, ?, ?, ?, ?, ?, ?, ?, ?, ?)
make question 150
Hibernate: insert into question (answer, choice1, choice2, choice3, choice4, choice5, content, correct, create_date, filepath, modify_date, score, subject, teacher_id, time, view) values (?, ?, ?, ?, ?, ?, ?, ?, ?, ?, ?, ?, ?, ?, ?, ?)
make question 151
Hibernate: insert into question (answer, choice1, choice2, choice3, choice4, choice5, content, correct, create_date, filepath, modify_date, score, subject, teacher_id, time, view) values (?, ?, ?, ?, ?, ?, ?, ?, ?, ?, ?, ?, ?, ?, ?, ?)
make question 152
Hibernate: insert into question (answer, choice1, choice2, choice3, choice4, choice5, content, correct, create_date, filepath, modify_date, score, subject, teacher_id, time, view) values (?, ?, ?, ?, ?, ?, ?, ?, ?, ?, ?, ?, ?, ?, ?, ?)
make question 153
Hibernate: insert into question (answer, choice1, choice2, choice3, choice4, choice5, content, correct, create_date, filepath, modify_date, score, subject, teacher_id, time, view) values (?, ?, ?, ?, ?, ?, ?, ?, ?, ?, ?, ?, ?, ?, ?, ?)
make question 154
Hibernate: insert into question (answer, choice1, choice2, choice3, choice4, choice5, content, correct, create_date, filepath, modify_date, score, subject, teacher_id, time, view) values (?, ?, ?, ?, ?, ?, ?, ?, ?, ?, ?, ?, ?, ?, ?, ?)
make question 155
Hibernate: insert into question (answer, choice1, choice2, choice3, choice4, choice5, content, correct, create_date, filepath, modify_date, score, subject, teacher_id, time, view) values (?, ?, ?, ?, ?, ?, ?, ?, ?, ?, ?, ?, ?, ?, ?, ?)
make question 156
Hibernate: insert into question (answer, choice1, choice2, choice3, choice4, choice5, content, correct, create_date, filepath, modify_date, score, subject, teacher_id, time, view) values (?, ?, ?, ?, ?, ?, ?, ?, ?, ?, ?, ?, ?, ?, ?, ?)
make question 157
Hibernate: insert into question (answer, choice1, choice2, choice3, choice4, choice5, content, correct, create_date, filepath, modify_date, score, subject, teacher_id, time, view) values (?, ?, ?, ?, ?, ?, ?, ?, ?, ?, ?, ?, ?, ?, ?, ?)
make question 158
Hibernate: insert into question (answer, choice1, choice2, choice3, choice4, choice5, content, correct, create_date, filepath, modify_date, score, subject, teacher_id, time, view) values (?, ?, ?, ?, ?, ?, ?, ?, ?, ?, ?, ?, ?, ?, ?, ?)
make question 159
Hibernate: insert into question (answer, choice1, choice2, choice3, choice4, choice5, content, correct, create_date, filepath, modify_date, score, subject, teacher_id, time, view) values (?, ?, ?, ?, ?, ?, ?, ?, ?, ?, ?, ?, ?, ?, ?, ?)
make question 160
Hibernate: insert into question (answer, choice1, choice2, choice3, choice4, choice5, content, correct, create_date, filepath, modify_date, score, subject, teacher_id, time, view) values (?, ?, ?, ?, ?, ?, ?, ?, ?, ?, ?, ?, ?, ?, ?, ?)
make question 161
Hibernate: insert into question (answer, choice1, choice2, choice3, choice4, choice5, content, correct, create_date, filepath, modify_date, score, subject, teacher_id, time, view) values (?, ?, ?, ?, ?, ?, ?, ?, ?, ?, ?, ?, ?, ?, ?, ?)
make question 162
Hibernate: insert into question (answer, choice1, choice2, choice3, choice4, choice5, content, correct, create_date, filepath, modify_date, score, subject, teacher_id, time, view) values (?, ?, ?, ?, ?, ?, ?, ?, ?, ?, ?, ?, ?, ?, ?, ?)
make question 163
Hibernate: insert into question (answer, choice1, choice2, choice3, choice4, choice5, content, correct, create_date, filepath, modify_date, score, subject, teacher_id, time, view) values (?, ?, ?, ?, ?, ?, ?, ?, ?, ?, ?, ?, ?, ?, ?, ?)
make question 164
Hibernate: insert into question (answer, choice1, choice2, choice3, choice4, choice5, content, correct, create_date, filepath, modify_date, score, subject, teacher_id, time, view) values (?, ?, ?, ?, ?, ?, ?, ?, ?, ?, ?, ?, ?, ?, ?, ?)
make question 165
Hibernate: insert into question (answer, choice1, choice2, choice3, choice4, choice5, content, correct, create_date, filepath, modify_date, score, subject, teacher_id, time, view) values (?, ?, ?, ?, ?, ?, ?, ?, ?, ?, ?, ?, ?, ?, ?, ?)
make question 166
Hibernate: insert into question (answer, choice1, choice2, choice3, choice4, choice5, content, correct, create_date, filepath, modify_date, score, subject, teacher_id, time, view) values (?, ?, ?, ?, ?, ?, ?, ?, ?, ?, ?, ?, ?, ?, ?, ?)
make question 167
Hibernate: insert into question (answer, choice1, choice2, choice3, choice4, choice5, content, correct, create_date, filepath, modify_date, score, subject, teacher_id, time, view) values (?, ?, ?, ?, ?, ?, ?, ?, ?, ?, ?, ?, ?, ?, ?, ?)
make question 168
Hibernate: insert into question (answer, choice1, choice2, choice3, choice4, choice5, content, correct, create_date, filepath, modify_date, score, subject, teacher_id, time, view) values (?, ?, ?, ?, ?, ?, ?, ?, ?, ?, ?, ?, ?, ?, ?, ?)
make question 169
Hibernate: insert into question (answer, choice1, choice2, choice3, choice4, choice5, content, correct, create_date, filepath, modify_date, score, subject, teacher_id, time, view) values (?, ?, ?, ?, ?, ?, ?, ?, ?, ?, ?, ?, ?, ?, ?, ?)
make question 170
Hibernate: insert into question (answer, choice1, choice2, choice3, choice4, choice5, content, correct, create_date, filepath, modify_date, score, subject, teacher_id, time, view) values (?, ?, ?, ?, ?, ?, ?, ?, ?, ?, ?, ?, ?, ?, ?, ?)
make question 171
Hibernate: insert into question (answer, choice1, choice2, choice3, choice4, choice5, content, correct, create_date, filepath, modify_date, score, subject, teacher_id, time, view) values (?, ?, ?, ?, ?, ?, ?, ?, ?, ?, ?, ?, ?, ?, ?, ?)
make question 172
Hibernate: insert into question (answer, choice1, choice2, choice3, choice4, choice5, content, correct, create_date, filepath, modify_date, score, subject, teacher_id, time, view) values (?, ?, ?, ?, ?, ?, ?, ?, ?, ?, ?, ?, ?, ?, ?, ?)
make question 173
Hibernate: insert into question (answer, choice1, choice2, choice3, choice4, choice5, content, correct, create_date, filepath, modify_date, score, subject, teacher_id, time, view) values (?, ?, ?, ?, ?, ?, ?, ?, ?, ?, ?, ?, ?, ?, ?, ?)
make question 174
Hibernate: insert into question (answer, choice1, choice2, choice3, choice4, choice5, content, correct, create_date, filepath, modify_date, score, subject, teacher_id, time, view) values (?, ?, ?, ?, ?, ?, ?, ?, ?, ?, ?, ?, ?, ?, ?, ?)
make question 175
Hibernate: insert into question (answer, choice1, choice2, choice3, choice4, choice5, content, correct, create_date, filepath, modify_date, score, subject, teacher_id, time, view) values (?, ?, ?, ?, ?, ?, ?, ?, ?, ?, ?, ?, ?, ?, ?, ?)
make question 176
Hibernate: insert into question (answer, choice1, choice2, choice3, choice4, choice5, content, correct, create_date, filepath, modify_date, score, subject, teacher_id, time, view) values (?, ?, ?, ?, ?, ?, ?, ?, ?, ?, ?, ?, ?, ?, ?, ?)
make question 177
Hibernate: insert into question (answer, choice1, choice2, choice3, choice4, choice5, content, correct, create_date, filepath, modify_date, score, subject, teacher_id, time, view) values (?, ?, ?, ?, ?, ?, ?, ?, ?, ?, ?, ?, ?, ?, ?, ?)
make question 178
Hibernate: insert into question (answer, choice1, choice2, choice3, choice4, choice5, content, correct, create_date, filepath, modify_date, score, subject, teacher_id, time, view) values (?, ?, ?, ?, ?, ?, ?, ?, ?, ?, ?, ?, ?, ?, ?, ?)
make question 179
Hibernate: insert into question (answer, choice1, choice2, choice3, choice4, choice5, content, correct, create_date, filepath, modify_date, score, subject, teacher_id, time, view) values (?, ?, ?, ?, ?, ?, ?, ?, ?, ?, ?, ?, ?, ?, ?, ?)
make question 180
Hibernate: insert into question (answer, choice1, choice2, choice3, choice4, choice5, content, correct, create_date, filepath, modify_date, score, subject, teacher_id, time, view) values (?, ?, ?, ?, ?, ?, ?, ?, ?, ?, ?, ?, ?, ?, ?, ?)
make question 181
Hibernate: insert into question (answer, choice1, choice2, choice3, choice4, choice5, content, correct, create_date, filepath, modify_date, score, subject, teacher_id, time, view) values (?, ?, ?, ?, ?, ?, ?, ?, ?, ?, ?, ?, ?, ?, ?, ?)
make question 182
Hibernate: insert into question (answer, choice1, choice2, choice3, choice4, choice5, content, correct, create_date, filepath, modify_date, score, subject, teacher_id, time, view) values (?, ?, ?, ?, ?, ?, ?, ?, ?, ?, ?, ?, ?, ?, ?, ?)
make question 183
Hibernate: insert into question (answer, choice1, choice2, choice3, choice4, choice5, content, correct, create_date, filepath, modify_date, score, subject, teacher_id, time, view) values (?, ?, ?, ?, ?, ?, ?, ?, ?, ?, ?, ?, ?, ?, ?, ?)
make question 184
Hibernate: insert into question (answer, choice1, choice2, choice3, choice4, choice5, content, correct, create_date, filepath, modify_date, score, subject, teacher_id, time, view) values (?, ?, ?, ?, ?, ?, ?, ?, ?, ?, ?, ?, ?, ?, ?, ?)
make question 185
Hibernate: insert into question (answer, choice1, choice2, choice3, choice4, choice5, content, correct, create_date, filepath, modify_date, score, subject, teacher_id, time, view) values (?, ?, ?, ?, ?, ?, ?, ?, ?, ?, ?, ?, ?, ?, ?, ?)
make question 186
Hibernate: insert into question (answer, choice1, choice2, choice3, choice4, choice5, content, correct, create_date, filepath, modify_date, score, subject, teacher_id, time, view) values (?, ?, ?, ?, ?, ?, ?, ?, ?, ?, ?, ?, ?, ?, ?, ?)
make question 187
Hibernate: insert into question (answer, choice1, choice2, choice3, choice4, choice5, content, correct, create_date, filepath, modify_date, score, subject, teacher_id, time, view) values (?, ?, ?, ?, ?, ?, ?, ?, ?, ?, ?, ?, ?, ?, ?, ?)
make question 188
Hibernate: insert into question (answer, choice1, choice2, choice3, choice4, choice5, content, correct, create_date, filepath, modify_date, score, subject, teacher_id, time, view) values (?, ?, ?, ?, ?, ?, ?, ?, ?, ?, ?, ?, ?, ?, ?, ?)
make question 189
Hibernate: insert into question (answer, choice1, choice2, choice3, choice4, choice5, content, correct, create_date, filepath, modify_date, score, subject, teacher_id, time, view) values (?, ?, ?, ?, ?, ?, ?, ?, ?, ?, ?, ?, ?, ?, ?, ?)
make question 190
Hibernate: insert into question (answer, choice1, choice2, choice3, choice4, choice5, content, correct, create_date, filepath, modify_date, score, subject, teacher_id, time, view) values (?, ?, ?, ?, ?, ?, ?, ?, ?, ?, ?, ?, ?, ?, ?, ?)
make question 191
Hibernate: insert into question (answer, choice1, choice2, choice3, choice4, choice5, content, correct, create_date, filepath, modify_date, score, subject, teacher_id, time, view) values (?, ?, ?, ?, ?, ?, ?, ?, ?, ?, ?, ?, ?, ?, ?, ?)
make question 192
Hibernate: insert into question (answer, choice1, choice2, choice3, choice4, choice5, content, correct, create_date, filepath, modify_date, score, subject, teacher_id, time, view) values (?, ?, ?, ?, ?, ?, ?, ?, ?, ?, ?, ?, ?, ?, ?, ?)
make question 193
Hibernate: insert into question (answer, choice1, choice2, choice3, choice4, choice5, content, correct, create_date, filepath, modify_date, score, subject, teacher_id, time, view) values (?, ?, ?, ?, ?, ?, ?, ?, ?, ?, ?, ?, ?, ?, ?, ?)
make question 194
Hibernate: insert into question (answer, choice1, choice2, choice3, choice4, choice5, content, correct, create_date, filepath, modify_date, score, subject, teacher_id, time, view) values (?, ?, ?, ?, ?, ?, ?, ?, ?, ?, ?, ?, ?, ?, ?, ?)
make question 195
Hibernate: insert into question (answer, choice1, choice2, choice3, choice4, choice5, content, correct, create_date, filepath, modify_date, score, subject, teacher_id, time, view) values (?, ?, ?, ?, ?, ?, ?, ?, ?, ?, ?, ?, ?, ?, ?, ?)
make question 196
Hibernate: insert into question (answer, choice1, choice2, choice3, choice4, choice5, content, correct, create_date, filepath, modify_date, score, subject, teacher_id, time, view) values (?, ?, ?, ?, ?, ?, ?, ?, ?, ?, ?, ?, ?, ?, ?, ?)
make question 197
Hibernate: insert into question (answer, choice1, choice2, choice3, choice4, choice5, content, correct, create_date, filepath, modify_date, score, subject, teacher_id, time, view) values (?, ?, ?, ?, ?, ?, ?, ?, ?, ?, ?, ?, ?, ?, ?, ?)
make question 198
Hibernate: insert into question (answer, choice1, choice2, choice3, choice4, choice5, content, correct, create_date, filepath, modify_date, score, subject, teacher_id, time, view) values (?, ?, ?, ?, ?, ?, ?, ?, ?, ?, ?, ?, ?, ?, ?, ?)
make question 199
Hibernate: insert into question (answer, choice1, choice2, choice3, choice4, choice5, content, correct, create_date, filepath, modify_date, score, subject, teacher_id, time, view) values (?, ?, ?, ?, ?, ?, ?, ?, ?, ?, ?, ?, ?, ?, ?, ?)
make question 200
Hibernate: insert into question (answer, choice1, choice2, choice3, choice4, choice5, content, correct, create_date, filepath, modify_date, score, subject, teacher_id, time, view) values (?, ?, ?, ?, ?, ?, ?, ?, ?, ?, ?, ?, ?, ?, ?, ?)
make question 201
Hibernate: insert into question (answer, choice1, choice2, choice3, choice4, choice5, content, correct, create_date, filepath, modify_date, score, subject, teacher_id, time, view) values (?, ?, ?, ?, ?, ?, ?, ?, ?, ?, ?, ?, ?, ?, ?, ?)
make question 202
Hibernate: insert into question (answer, choice1, choice2, choice3, choice4, choice5, content, correct, create_date, filepath, modify_date, score, subject, teacher_id, time, view) values (?, ?, ?, ?, ?, ?, ?, ?, ?, ?, ?, ?, ?, ?, ?, ?)
make question 203
Hibernate: insert into question (answer, choice1, choice2, choice3, choice4, choice5, content, correct, create_date, filepath, modify_date, score, subject, teacher_id, time, view) values (?, ?, ?, ?, ?, ?, ?, ?, ?, ?, ?, ?, ?, ?, ?, ?)
make question 204
Hibernate: insert into question (answer, choice1, choice2, choice3, choice4, choice5, content, correct, create_date, filepath, modify_date, score, subject, teacher_id, time, view) values (?, ?, ?, ?, ?, ?, ?, ?, ?, ?, ?, ?, ?, ?, ?, ?)
make question 205
Hibernate: insert into question (answer, choice1, choice2, choice3, choice4, choice5, content, correct, create_date, filepath, modify_date, score, subject, teacher_id, time, view) values (?, ?, ?, ?, ?, ?, ?, ?, ?, ?, ?, ?, ?, ?, ?, ?)
make question 206
Hibernate: insert into question (answer, choice1, choice2, choice3, choice4, choice5, content, correct, create_date, filepath, modify_date, score, subject, teacher_id, time, view) values (?, ?, ?, ?, ?, ?, ?, ?, ?, ?, ?, ?, ?, ?, ?, ?)
make question 207
Hibernate: insert into question (answer, choice1, choice2, choice3, choice4, choice5, content, correct, create_date, filepath, modify_date, score, subject, teacher_id, time, view) values (?, ?, ?, ?, ?, ?, ?, ?, ?, ?, ?, ?, ?, ?, ?, ?)
make question 208
Hibernate: insert into question (answer, choice1, choice2, choice3, choice4, choice5, content, correct, create_date, filepath, modify_date, score, subject, teacher_id, time, view) values (?, ?, ?, ?, ?, ?, ?, ?, ?, ?, ?, ?, ?, ?, ?, ?)
make question 209
Hibernate: insert into question (answer, choice1, choice2, choice3, choice4, choice5, content, correct, create_date, filepath, modify_date, score, subject, teacher_id, time, view) values (?, ?, ?, ?, ?, ?, ?, ?, ?, ?, ?, ?, ?, ?, ?, ?)
make question 210
Hibernate: insert into question (answer, choice1, choice2, choice3, choice4, choice5, content, correct, create_date, filepath, modify_date, score, subject, teacher_id, time, view) values (?, ?, ?, ?, ?, ?, ?, ?, ?, ?, ?, ?, ?, ?, ?, ?)
make question 211
Hibernate: insert into question (answer, choice1, choice2, choice3, choice4, choice5, content, correct, create_date, filepath, modify_date, score, subject, teacher_id, time, view) values (?, ?, ?, ?, ?, ?, ?, ?, ?, ?, ?, ?, ?, ?, ?, ?)
make question 212
Hibernate: insert into question (answer, choice1, choice2, choice3, choice4, choice5, content, correct, create_date, filepath, modify_date, score, subject, teacher_id, time, view) values (?, ?, ?, ?, ?, ?, ?, ?, ?, ?, ?, ?, ?, ?, ?, ?)
make question 213
Hibernate: insert into question (answer, choice1, choice2, choice3, choice4, choice5, content, correct, create_date, filepath, modify_date, score, subject, teacher_id, time, view) values (?, ?, ?, ?, ?, ?, ?, ?, ?, ?, ?, ?, ?, ?, ?, ?)
make question 214
Hibernate: insert into question (answer, choice1, choice2, choice3, choice4, choice5, content, correct, create_date, filepath, modify_date, score, subject, teacher_id, time, view) values (?, ?, ?, ?, ?, ?, ?, ?, ?, ?, ?, ?, ?, ?, ?, ?)
make question 215
Hibernate: insert into question (answer, choice1, choice2, choice3, choice4, choice5, content, correct, create_date, filepath, modify_date, score, subject, teacher_id, time, view) values (?, ?, ?, ?, ?, ?, ?, ?, ?, ?, ?, ?, ?, ?, ?, ?)
make question 216
Hibernate: insert into question (answer, choice1, choice2, choice3, choice4, choice5, content, correct, create_date, filepath, modify_date, score, subject, teacher_id, time, view) values (?, ?, ?, ?, ?, ?, ?, ?, ?, ?, ?, ?, ?, ?, ?, ?)
make question 217
Hibernate: insert into question (answer, choice1, choice2, choice3, choice4, choice5, content, correct, create_date, filepath, modify_date, score, subject, teacher_id, time, view) values (?, ?, ?, ?, ?, ?, ?, ?, ?, ?, ?, ?, ?, ?, ?, ?)
make question 218
Hibernate: insert into question (answer, choice1, choice2, choice3, choice4, choice5, content, correct, create_date, filepath, modify_date, score, subject, teacher_id, time, view) values (?, ?, ?, ?, ?, ?, ?, ?, ?, ?, ?, ?, ?, ?, ?, ?)
make question 219
Hibernate: insert into question (answer, choice1, choice2, choice3, choice4, choice5, content, correct, create_date, filepath, modify_date, score, subject, teacher_id, time, view) values (?, ?, ?, ?, ?, ?, ?, ?, ?, ?, ?, ?, ?, ?, ?, ?)
make question 220
Hibernate: insert into question (answer, choice1, choice2, choice3, choice4, choice5, content, correct, create_date, filepath, modify_date, score, subject, teacher_id, time, view) values (?, ?, ?, ?, ?, ?, ?, ?, ?, ?, ?, ?, ?, ?, ?, ?)
make question 221
Hibernate: insert into question (answer, choice1, choice2, choice3, choice4, choice5, content, correct, create_date, filepath, modify_date, score, subject, teacher_id, time, view) values (?, ?, ?, ?, ?, ?, ?, ?, ?, ?, ?, ?, ?, ?, ?, ?)
make question 222
Hibernate: insert into question (answer, choice1, choice2, choice3, choice4, choice5, content, correct, create_date, filepath, modify_date, score, subject, teacher_id, time, view) values (?, ?, ?, ?, ?, ?, ?, ?, ?, ?, ?, ?, ?, ?, ?, ?)
make question 223
Hibernate: insert into question (answer, choice1, choice2, choice3, choice4, choice5, content, correct, create_date, filepath, modify_date, score, subject, teacher_id, time, view) values (?, ?, ?, ?, ?, ?, ?, ?, ?, ?, ?, ?, ?, ?, ?, ?)
make question 224
Hibernate: insert into question (answer, choice1, choice2, choice3, choice4, choice5, content, correct, create_date, filepath, modify_date, score, subject, teacher_id, time, view) values (?, ?, ?, ?, ?, ?, ?, ?, ?, ?, ?, ?, ?, ?, ?, ?)
make question 225
Hibernate: insert into question (answer, choice1, choice2, choice3, choice4, choice5, content, correct, create_date, filepath, modify_date, score, subject, teacher_id, time, view) values (?, ?, ?, ?, ?, ?, ?, ?, ?, ?, ?, ?, ?, ?, ?, ?)
make question 226
Hibernate: insert into question (answer, choice1, choice2, choice3, choice4, choice5, content, correct, create_date, filepath, modify_date, score, subject, teacher_id, time, view) values (?, ?, ?, ?, ?, ?, ?, ?, ?, ?, ?, ?, ?, ?, ?, ?)
make question 227
Hibernate: insert into question (answer, choice1, choice2, choice3, choice4, choice5, content, correct, create_date, filepath, modify_date, score, subject, teacher_id, time, view) values (?, ?, ?, ?, ?, ?, ?, ?, ?, ?, ?, ?, ?, ?, ?, ?)
make question 228
Hibernate: insert into question (answer, choice1, choice2, choice3, choice4, choice5, content, correct, create_date, filepath, modify_date, score, subject, teacher_id, time, view) values (?, ?, ?, ?, ?, ?, ?, ?, ?, ?, ?, ?, ?, ?, ?, ?)
make question 229
Hibernate: insert into question (answer, choice1, choice2, choice3, choice4, choice5, content, correct, create_date, filepath, modify_date, score, subject, teacher_id, time, view) values (?, ?, ?, ?, ?, ?, ?, ?, ?, ?, ?, ?, ?, ?, ?, ?)
make question 230
Hibernate: insert into question (answer, choice1, choice2, choice3, choice4, choice5, content, correct, create_date, filepath, modify_date, score, subject, teacher_id, time, view) values (?, ?, ?, ?, ?, ?, ?, ?, ?, ?, ?, ?, ?, ?, ?, ?)
make question 231
Hibernate: insert into question (answer, choice1, choice2, choice3, choice4, choice5, content, correct, create_date, filepath, modify_date, score, subject, teacher_id, time, view) values (?, ?, ?, ?, ?, ?, ?, ?, ?, ?, ?, ?, ?, ?, ?, ?)
make question 232
Hibernate: insert into question (answer, choice1, choice2, choice3, choice4, choice5, content, correct, create_date, filepath, modify_date, score, subject, teacher_id, time, view) values (?, ?, ?, ?, ?, ?, ?, ?, ?, ?, ?, ?, ?, ?, ?, ?)
make question 233
Hibernate: insert into question (answer, choice1, choice2, choice3, choice4, choice5, content, correct, create_date, filepath, modify_date, score, subject, teacher_id, time, view) values (?, ?, ?, ?, ?, ?, ?, ?, ?, ?, ?, ?, ?, ?, ?, ?)
make question 234
Hibernate: insert into question (answer, choice1, choice2, choice3, choice4, choice5, content, correct, create_date, filepath, modify_date, score, subject, teacher_id, time, view) values (?, ?, ?, ?, ?, ?, ?, ?, ?, ?, ?, ?, ?, ?, ?, ?)
make question 235
Hibernate: insert into question (answer, choice1, choice2, choice3, choice4, choice5, content, correct, create_date, filepath, modify_date, score, subject, teacher_id, time, view) values (?, ?, ?, ?, ?, ?, ?, ?, ?, ?, ?, ?, ?, ?, ?, ?)
make question 236
Hibernate: insert into question (answer, choice1, choice2, choice3, choice4, choice5, content, correct, create_date, filepath, modify_date, score, subject, teacher_id, time, view) values (?, ?, ?, ?, ?, ?, ?, ?, ?, ?, ?, ?, ?, ?, ?, ?)
make question 237
Hibernate: insert into question (answer, choice1, choice2, choice3, choice4, choice5, content, correct, create_date, filepath, modify_date, score, subject, teacher_id, time, view) values (?, ?, ?, ?, ?, ?, ?, ?, ?, ?, ?, ?, ?, ?, ?, ?)
make question 238
Hibernate: insert into question (answer, choice1, choice2, choice3, choice4, choice5, content, correct, create_date, filepath, modify_date, score, subject, teacher_id, time, view) values (?, ?, ?, ?, ?, ?, ?, ?, ?, ?, ?, ?, ?, ?, ?, ?)
make question 239
Hibernate: insert into question (answer, choice1, choice2, choice3, choice4, choice5, content, correct, create_date, filepath, modify_date, score, subject, teacher_id, time, view) values (?, ?, ?, ?, ?, ?, ?, ?, ?, ?, ?, ?, ?, ?, ?, ?)
make question 240
Hibernate: insert into question (answer, choice1, choice2, choice3, choice4, choice5, content, correct, create_date, filepath, modify_date, score, subject, teacher_id, time, view) values (?, ?, ?, ?, ?, ?, ?, ?, ?, ?, ?, ?, ?, ?, ?, ?)
make question 241
Hibernate: insert into question (answer, choice1, choice2, choice3, choice4, choice5, content, correct, create_date, filepath, modify_date, score, subject, teacher_id, time, view) values (?, ?, ?, ?, ?, ?, ?, ?, ?, ?, ?, ?, ?, ?, ?, ?)
make question 242
Hibernate: insert into question (answer, choice1, choice2, choice3, choice4, choice5, content, correct, create_date, filepath, modify_date, score, subject, teacher_id, time, view) values (?, ?, ?, ?, ?, ?, ?, ?, ?, ?, ?, ?, ?, ?, ?, ?)
make question 243
Hibernate: insert into question (answer, choice1, choice2, choice3, choice4, choice5, content, correct, create_date, filepath, modify_date, score, subject, teacher_id, time, view) values (?, ?, ?, ?, ?, ?, ?, ?, ?, ?, ?, ?, ?, ?, ?, ?)
make question 244
Hibernate: insert into question (answer, choice1, choice2, choice3, choice4, choice5, content, correct, create_date, filepath, modify_date, score, subject, teacher_id, time, view) values (?, ?, ?, ?, ?, ?, ?, ?, ?, ?, ?, ?, ?, ?, ?, ?)
make question 245
Hibernate: insert into question (answer, choice1, choice2, choice3, choice4, choice5, content, correct, create_date, filepath, modify_date, score, subject, teacher_id, time, view) values (?, ?, ?, ?, ?, ?, ?, ?, ?, ?, ?, ?, ?, ?, ?, ?)
make question 246
Hibernate: insert into question (answer, choice1, choice2, choice3, choice4, choice5, content, correct, create_date, filepath, modify_date, score, subject, teacher_id, time, view) values (?, ?, ?, ?, ?, ?, ?, ?, ?, ?, ?, ?, ?, ?, ?, ?)
make question 247
Hibernate: insert into question (answer, choice1, choice2, choice3, choice4, choice5, content, correct, create_date, filepath, modify_date, score, subject, teacher_id, time, view) values (?, ?, ?, ?, ?, ?, ?, ?, ?, ?, ?, ?, ?, ?, ?, ?)
make question 248
Hibernate: insert into question (answer, choice1, choice2, choice3, choice4, choice5, content, correct, create_date, filepath, modify_date, score, subject, teacher_id, time, view) values (?, ?, ?, ?, ?, ?, ?, ?, ?, ?, ?, ?, ?, ?, ?, ?)
make question 249
Hibernate: insert into question (answer, choice1, choice2, choice3, choice4, choice5, content, correct, create_date, filepath, modify_date, score, subject, teacher_id, time, view) values (?, ?, ?, ?, ?, ?, ?, ?, ?, ?, ?, ?, ?, ?, ?, ?)
make question 250
Hibernate: insert into question (answer, choice1, choice2, choice3, choice4, choice5, content, correct, create_date, filepath, modify_date, score, subject, teacher_id, time, view) values (?, ?, ?, ?, ?, ?, ?, ?, ?, ?, ?, ?, ?, ?, ?, ?)
make question 251
Hibernate: insert into question (answer, choice1, choice2, choice3, choice4, choice5, content, correct, create_date, filepath, modify_date, score, subject, teacher_id, time, view) values (?, ?, ?, ?, ?, ?, ?, ?, ?, ?, ?, ?, ?, ?, ?, ?)
make question 252
Hibernate: insert into question (answer, choice1, choice2, choice3, choice4, choice5, content, correct, create_date, filepath, modify_date, score, subject, teacher_id, time, view) values (?, ?, ?, ?, ?, ?, ?, ?, ?, ?, ?, ?, ?, ?, ?, ?)
make question 253
Hibernate: insert into question (answer, choice1, choice2, choice3, choice4, choice5, content, correct, create_date, filepath, modify_date, score, subject, teacher_id, time, view) values (?, ?, ?, ?, ?, ?, ?, ?, ?, ?, ?, ?, ?, ?, ?, ?)
make question 254
Hibernate: insert into question (answer, choice1, choice2, choice3, choice4, choice5, content, correct, create_date, filepath, modify_date, score, subject, teacher_id, time, view) values (?, ?, ?, ?, ?, ?, ?, ?, ?, ?, ?, ?, ?, ?, ?, ?)
make question 255
Hibernate: insert into question (answer, choice1, choice2, choice3, choice4, choice5, content, correct, create_date, filepath, modify_date, score, subject, teacher_id, time, view) values (?, ?, ?, ?, ?, ?, ?, ?, ?, ?, ?, ?, ?, ?, ?, ?)
make question 256
Hibernate: insert into question (answer, choice1, choice2, choice3, choice4, choice5, content, correct, create_date, filepath, modify_date, score, subject, teacher_id, time, view) values (?, ?, ?, ?, ?, ?, ?, ?, ?, ?, ?, ?, ?, ?, ?, ?)
make question 257
Hibernate: insert into question (answer, choice1, choice2, choice3, choice4, choice5, content, correct, create_date, filepath, modify_date, score, subject, teacher_id, time, view) values (?, ?, ?, ?, ?, ?, ?, ?, ?, ?, ?, ?, ?, ?, ?, ?)
make question 258
Hibernate: insert into question (answer, choice1, choice2, choice3, choice4, choice5, content, correct, create_date, filepath, modify_date, score, subject, teacher_id, time, view) values (?, ?, ?, ?, ?, ?, ?, ?, ?, ?, ?, ?, ?, ?, ?, ?)
make question 259
Hibernate: insert into question (answer, choice1, choice2, choice3, choice4, choice5, content, correct, create_date, filepath, modify_date, score, subject, teacher_id, time, view) values (?, ?, ?, ?, ?, ?, ?, ?, ?, ?, ?, ?, ?, ?, ?, ?)
make question 260
Hibernate: insert into question (answer, choice1, choice2, choice3, choice4, choice5, content, correct, create_date, filepath, modify_date, score, subject, teacher_id, time, view) values (?, ?, ?, ?, ?, ?, ?, ?, ?, ?, ?, ?, ?, ?, ?, ?)
make question 261
Hibernate: insert into question (answer, choice1, choice2, choice3, choice4, choice5, content, correct, create_date, filepath, modify_date, score, subject, teacher_id, time, view) values (?, ?, ?, ?, ?, ?, ?, ?, ?, ?, ?, ?, ?, ?, ?, ?)
make question 262
Hibernate: insert into question (answer, choice1, choice2, choice3, choice4, choice5, content, correct, create_date, filepath, modify_date, score, subject, teacher_id, time, view) values (?, ?, ?, ?, ?, ?, ?, ?, ?, ?, ?, ?, ?, ?, ?, ?)
make question 263
Hibernate: insert into question (answer, choice1, choice2, choice3, choice4, choice5, content, correct, create_date, filepath, modify_date, score, subject, teacher_id, time, view) values (?, ?, ?, ?, ?, ?, ?, ?, ?, ?, ?, ?, ?, ?, ?, ?)
make question 264
Hibernate: insert into question (answer, choice1, choice2, choice3, choice4, choice5, content, correct, create_date, filepath, modify_date, score, subject, teacher_id, time, view) values (?, ?, ?, ?, ?, ?, ?, ?, ?, ?, ?, ?, ?, ?, ?, ?)
make question 265
Hibernate: insert into question (answer, choice1, choice2, choice3, choice4, choice5, content, correct, create_date, filepath, modify_date, score, subject, teacher_id, time, view) values (?, ?, ?, ?, ?, ?, ?, ?, ?, ?, ?, ?, ?, ?, ?, ?)
make question 266
Hibernate: insert into question (answer, choice1, choice2, choice3, choice4, choice5, content, correct, create_date, filepath, modify_date, score, subject, teacher_id, time, view) values (?, ?, ?, ?, ?, ?, ?, ?, ?, ?, ?, ?, ?, ?, ?, ?)
make question 267
Hibernate: insert into question (answer, choice1, choice2, choice3, choice4, choice5, content, correct, create_date, filepath, modify_date, score, subject, teacher_id, time, view) values (?, ?, ?, ?, ?, ?, ?, ?, ?, ?, ?, ?, ?, ?, ?, ?)
make question 268
Hibernate: insert into question (answer, choice1, choice2, choice3, choice4, choice5, content, correct, create_date, filepath, modify_date, score, subject, teacher_id, time, view) values (?, ?, ?, ?, ?, ?, ?, ?, ?, ?, ?, ?, ?, ?, ?, ?)
make question 269
Hibernate: insert into question (answer, choice1, choice2, choice3, choice4, choice5, content, correct, create_date, filepath, modify_date, score, subject, teacher_id, time, view) values (?, ?, ?, ?, ?, ?, ?, ?, ?, ?, ?, ?, ?, ?, ?, ?)
make question 270
Hibernate: insert into question (answer, choice1, choice2, choice3, choice4, choice5, content, correct, create_date, filepath, modify_date, score, subject, teacher_id, time, view) values (?, ?, ?, ?, ?, ?, ?, ?, ?, ?, ?, ?, ?, ?, ?, ?)
make question 271
Hibernate: insert into question (answer, choice1, choice2, choice3, choice4, choice5, content, correct, create_date, filepath, modify_date, score, subject, teacher_id, time, view) values (?, ?, ?, ?, ?, ?, ?, ?, ?, ?, ?, ?, ?, ?, ?, ?)
make question 272
Hibernate: insert into question (answer, choice1, choice2, choice3, choice4, choice5, content, correct, create_date, filepath, modify_date, score, subject, teacher_id, time, view) values (?, ?, ?, ?, ?, ?, ?, ?, ?, ?, ?, ?, ?, ?, ?, ?)
make question 273
Hibernate: insert into question (answer, choice1, choice2, choice3, choice4, choice5, content, correct, create_date, filepath, modify_date, score, subject, teacher_id, time, view) values (?, ?, ?, ?, ?, ?, ?, ?, ?, ?, ?, ?, ?, ?, ?, ?)
make question 274
Hibernate: insert into question (answer, choice1, choice2, choice3, choice4, choice5, content, correct, create_date, filepath, modify_date, score, subject, teacher_id, time, view) values (?, ?, ?, ?, ?, ?, ?, ?, ?, ?, ?, ?, ?, ?, ?, ?)
make question 275
Hibernate: insert into question (answer, choice1, choice2, choice3, choice4, choice5, content, correct, create_date, filepath, modify_date, score, subject, teacher_id, time, view) values (?, ?, ?, ?, ?, ?, ?, ?, ?, ?, ?, ?, ?, ?, ?, ?)
make question 276
Hibernate: insert into question (answer, choice1, choice2, choice3, choice4, choice5, content, correct, create_date, filepath, modify_date, score, subject, teacher_id, time, view) values (?, ?, ?, ?, ?, ?, ?, ?, ?, ?, ?, ?, ?, ?, ?, ?)
make question 277
Hibernate: insert into question (answer, choice1, choice2, choice3, choice4, choice5, content, correct, create_date, filepath, modify_date, score, subject, teacher_id, time, view) values (?, ?, ?, ?, ?, ?, ?, ?, ?, ?, ?, ?, ?, ?, ?, ?)
make question 278
Hibernate: insert into question (answer, choice1, choice2, choice3, choice4, choice5, content, correct, create_date, filepath, modify_date, score, subject, teacher_id, time, view) values (?, ?, ?, ?, ?, ?, ?, ?, ?, ?, ?, ?, ?, ?, ?, ?)
make question 279
Hibernate: insert into question (answer, choice1, choice2, choice3, choice4, choice5, content, correct, create_date, filepath, modify_date, score, subject, teacher_id, time, view) values (?, ?, ?, ?, ?, ?, ?, ?, ?, ?, ?, ?, ?, ?, ?, ?)
make question 280
Hibernate: insert into question (answer, choice1, choice2, choice3, choice4, choice5, content, correct, create_date, filepath, modify_date, score, subject, teacher_id, time, view) values (?, ?, ?, ?, ?, ?, ?, ?, ?, ?, ?, ?, ?, ?, ?, ?)
make question 281
Hibernate: insert into question (answer, choice1, choice2, choice3, choice4, choice5, content, correct, create_date, filepath, modify_date, score, subject, teacher_id, time, view) values (?, ?, ?, ?, ?, ?, ?, ?, ?, ?, ?, ?, ?, ?, ?, ?)
make question 282
Hibernate: insert into question (answer, choice1, choice2, choice3, choice4, choice5, content, correct, create_date, filepath, modify_date, score, subject, teacher_id, time, view) values (?, ?, ?, ?, ?, ?, ?, ?, ?, ?, ?, ?, ?, ?, ?, ?)
make question 283
Hibernate: insert into question (answer, choice1, choice2, choice3, choice4, choice5, content, correct, create_date, filepath, modify_date, score, subject, teacher_id, time, view) values (?, ?, ?, ?, ?, ?, ?, ?, ?, ?, ?, ?, ?, ?, ?, ?)
make question 284
Hibernate: insert into question (answer, choice1, choice2, choice3, choice4, choice5, content, correct, create_date, filepath, modify_date, score, subject, teacher_id, time, view) values (?, ?, ?, ?, ?, ?, ?, ?, ?, ?, ?, ?, ?, ?, ?, ?)
make question 285
Hibernate: insert into question (answer, choice1, choice2, choice3, choice4, choice5, content, correct, create_date, filepath, modify_date, score, subject, teacher_id, time, view) values (?, ?, ?, ?, ?, ?, ?, ?, ?, ?, ?, ?, ?, ?, ?, ?)
make question 286
Hibernate: insert into question (answer, choice1, choice2, choice3, choice4, choice5, content, correct, create_date, filepath, modify_date, score, subject, teacher_id, time, view) values (?, ?, ?, ?, ?, ?, ?, ?, ?, ?, ?, ?, ?, ?, ?, ?)
make question 287
Hibernate: insert into question (answer, choice1, choice2, choice3, choice4, choice5, content, correct, create_date, filepath, modify_date, score, subject, teacher_id, time, view) values (?, ?, ?, ?, ?, ?, ?, ?, ?, ?, ?, ?, ?, ?, ?, ?)
make question 288
Hibernate: insert into question (answer, choice1, choice2, choice3, choice4, choice5, content, correct, create_date, filepath, modify_date, score, subject, teacher_id, time, view) values (?, ?, ?, ?, ?, ?, ?, ?, ?, ?, ?, ?, ?, ?, ?, ?)
make question 289
Hibernate: insert into question (answer, choice1, choice2, choice3, choice4, choice5, content, correct, create_date, filepath, modify_date, score, subject, teacher_id, time, view) values (?, ?, ?, ?, ?, ?, ?, ?, ?, ?, ?, ?, ?, ?, ?, ?)
make question 290
Hibernate: insert into question (answer, choice1, choice2, choice3, choice4, choice5, content, correct, create_date, filepath, modify_date, score, subject, teacher_id, time, view) values (?, ?, ?, ?, ?, ?, ?, ?, ?, ?, ?, ?, ?, ?, ?, ?)
make question 291
Hibernate: insert into question (answer, choice1, choice2, choice3, choice4, choice5, content, correct, create_date, filepath, modify_date, score, subject, teacher_id, time, view) values (?, ?, ?, ?, ?, ?, ?, ?, ?, ?, ?, ?, ?, ?, ?, ?)
make question 292
Hibernate: insert into question (answer, choice1, choice2, choice3, choice4, choice5, content, correct, create_date, filepath, modify_date, score, subject, teacher_id, time, view) values (?, ?, ?, ?, ?, ?, ?, ?, ?, ?, ?, ?, ?, ?, ?, ?)
make question 293
Hibernate: insert into question (answer, choice1, choice2, choice3, choice4, choice5, content, correct, create_date, filepath, modify_date, score, subject, teacher_id, time, view) values (?, ?, ?, ?, ?, ?, ?, ?, ?, ?, ?, ?, ?, ?, ?, ?)
make question 294
Hibernate: insert into question (answer, choice1, choice2, choice3, choice4, choice5, content, correct, create_date, filepath, modify_date, score, subject, teacher_id, time, view) values (?, ?, ?, ?, ?, ?, ?, ?, ?, ?, ?, ?, ?, ?, ?, ?)
make question 295
Hibernate: insert into question (answer, choice1, choice2, choice3, choice4, choice5, content, correct, create_date, filepath, modify_date, score, subject, teacher_id, time, view) values (?, ?, ?, ?, ?, ?, ?, ?, ?, ?, ?, ?, ?, ?, ?, ?)
make question 296
Hibernate: insert into question (answer, choice1, choice2, choice3, choice4, choice5, content, correct, create_date, filepath, modify_date, score, subject, teacher_id, time, view) values (?, ?, ?, ?, ?, ?, ?, ?, ?, ?, ?, ?, ?, ?, ?, ?)
make question 297
Hibernate: insert into question (answer, choice1, choice2, choice3, choice4, choice5, content, correct, create_date, filepath, modify_date, score, subject, teacher_id, time, view) values (?, ?, ?, ?, ?, ?, ?, ?, ?, ?, ?, ?, ?, ?, ?, ?)
make question 298
Hibernate: insert into question (answer, choice1, choice2, choice3, choice4, choice5, content, correct, create_date, filepath, modify_date, score, subject, teacher_id, time, view) values (?, ?, ?, ?, ?, ?, ?, ?, ?, ?, ?, ?, ?, ?, ?, ?)
make question 299
Hibernate: insert into question (answer, choice1, choice2, choice3, choice4, choice5, content, correct, create_date, filepath, modify_date, score, subject, teacher_id, time, view) values (?, ?, ?, ?, ?, ?, ?, ?, ?, ?, ?, ?, ?, ?, ?, ?)
make question 300
Hibernate: insert into question (answer, choice1, choice2, choice3, choice4, choice5, content, correct, create_date, filepath, modify_date, score, subject, teacher_id, time, view) values (?, ?, ?, ?, ?, ?, ?, ?, ?, ?, ?, ?, ?, ?, ?, ?)
make question 301
Hibernate: insert into question (answer, choice1, choice2, choice3, choice4, choice5, content, correct, create_date, filepath, modify_date, score, subject, teacher_id, time, view) values (?, ?, ?, ?, ?, ?, ?, ?, ?, ?, ?, ?, ?, ?, ?, ?)
make question 302
Hibernate: insert into question (answer, choice1, choice2, choice3, choice4, choice5, content, correct, create_date, filepath, modify_date, score, subject, teacher_id, time, view) values (?, ?, ?, ?, ?, ?, ?, ?, ?, ?, ?, ?, ?, ?, ?, ?)
make question 303
Hibernate: insert into question (answer, choice1, choice2, choice3, choice4, choice5, content, correct, create_date, filepath, modify_date, score, subject, teacher_id, time, view) values (?, ?, ?, ?, ?, ?, ?, ?, ?, ?, ?, ?, ?, ?, ?, ?)
make question 304
Hibernate: insert into question (answer, choice1, choice2, choice3, choice4, choice5, content, correct, create_date, filepath, modify_date, score, subject, teacher_id, time, view) values (?, ?, ?, ?, ?, ?, ?, ?, ?, ?, ?, ?, ?, ?, ?, ?)
make question 305
Hibernate: insert into question (answer, choice1, choice2, choice3, choice4, choice5, content, correct, create_date, filepath, modify_date, score, subject, teacher_id, time, view) values (?, ?, ?, ?, ?, ?, ?, ?, ?, ?, ?, ?, ?, ?, ?, ?)
make question 306
Hibernate: insert into question (answer, choice1, choice2, choice3, choice4, choice5, content, correct, create_date, filepath, modify_date, score, subject, teacher_id, time, view) values (?, ?, ?, ?, ?, ?, ?, ?, ?, ?, ?, ?, ?, ?, ?, ?)
make question 307
Hibernate: insert into question (answer, choice1, choice2, choice3, choice4, choice5, content, correct, create_date, filepath, modify_date, score, subject, teacher_id, time, view) values (?, ?, ?, ?, ?, ?, ?, ?, ?, ?, ?, ?, ?, ?, ?, ?)
make question 308
Hibernate: insert into question (answer, choice1, choice2, choice3, choice4, choice5, content, correct, create_date, filepath, modify_date, score, subject, teacher_id, time, view) values (?, ?, ?, ?, ?, ?, ?, ?, ?, ?, ?, ?, ?, ?, ?, ?)
make question 309
Hibernate: insert into question (answer, choice1, choice2, choice3, choice4, choice5, content, correct, create_date, filepath, modify_date, score, subject, teacher_id, time, view) values (?, ?, ?, ?, ?, ?, ?, ?, ?, ?, ?, ?, ?, ?, ?, ?)
make question 310
Hibernate: insert into question (answer, choice1, choice2, choice3, choice4, choice5, content, correct, create_date, filepath, modify_date, score, subject, teacher_id, time, view) values (?, ?, ?, ?, ?, ?, ?, ?, ?, ?, ?, ?, ?, ?, ?, ?)
make question 311
Hibernate: insert into question (answer, choice1, choice2, choice3, choice4, choice5, content, correct, create_date, filepath, modify_date, score, subject, teacher_id, time, view) values (?, ?, ?, ?, ?, ?, ?, ?, ?, ?, ?, ?, ?, ?, ?, ?)
make question 312
Hibernate: insert into question (answer, choice1, choice2, choice3, choice4, choice5, content, correct, create_date, filepath, modify_date, score, subject, teacher_id, time, view) values (?, ?, ?, ?, ?, ?, ?, ?, ?, ?, ?, ?, ?, ?, ?, ?)
make question 313
Hibernate: insert into question (answer, choice1, choice2, choice3, choice4, choice5, content, correct, create_date, filepath, modify_date, score, subject, teacher_id, time, view) values (?, ?, ?, ?, ?, ?, ?, ?, ?, ?, ?, ?, ?, ?, ?, ?)
make question 314
Hibernate: insert into question (answer, choice1, choice2, choice3, choice4, choice5, content, correct, create_date, filepath, modify_date, score, subject, teacher_id, time, view) values (?, ?, ?, ?, ?, ?, ?, ?, ?, ?, ?, ?, ?, ?, ?, ?)
make question 315
Hibernate: insert into question (answer, choice1, choice2, choice3, choice4, choice5, content, correct, create_date, filepath, modify_date, score, subject, teacher_id, time, view) values (?, ?, ?, ?, ?, ?, ?, ?, ?, ?, ?, ?, ?, ?, ?, ?)
make question 316
Hibernate: insert into question (answer, choice1, choice2, choice3, choice4, choice5, content, correct, create_date, filepath, modify_date, score, subject, teacher_id, time, view) values (?, ?, ?, ?, ?, ?, ?, ?, ?, ?, ?, ?, ?, ?, ?, ?)
make question 317
Hibernate: insert into question (answer, choice1, choice2, choice3, choice4, choice5, content, correct, create_date, filepath, modify_date, score, subject, teacher_id, time, view) values (?, ?, ?, ?, ?, ?, ?, ?, ?, ?, ?, ?, ?, ?, ?, ?)
make question 318
Hibernate: insert into question (answer, choice1, choice2, choice3, choice4, choice5, content, correct, create_date, filepath, modify_date, score, subject, teacher_id, time, view) values (?, ?, ?, ?, ?, ?, ?, ?, ?, ?, ?, ?, ?, ?, ?, ?)
make question 319
Hibernate: insert into question (answer, choice1, choice2, choice3, choice4, choice5, content, correct, create_date, filepath, modify_date, score, subject, teacher_id, time, view) values (?, ?, ?, ?, ?, ?, ?, ?, ?, ?, ?, ?, ?, ?, ?, ?)
make question 320
Hibernate: insert into question (answer, choice1, choice2, choice3, choice4, choice5, content, correct, create_date, filepath, modify_date, score, subject, teacher_id, time, view) values (?, ?, ?, ?, ?, ?, ?, ?, ?, ?, ?, ?, ?, ?, ?, ?)
make question 321
Hibernate: insert into question (answer, choice1, choice2, choice3, choice4, choice5, content, correct, create_date, filepath, modify_date, score, subject, teacher_id, time, view) values (?, ?, ?, ?, ?, ?, ?, ?, ?, ?, ?, ?, ?, ?, ?, ?)
make question 322
Hibernate: insert into question (answer, choice1, choice2, choice3, choice4, choice5, content, correct, create_date, filepath, modify_date, score, subject, teacher_id, time, view) values (?, ?, ?, ?, ?, ?, ?, ?, ?, ?, ?, ?, ?, ?, ?, ?)
make question 323
Hibernate: insert into question (answer, choice1, choice2, choice3, choice4, choice5, content, correct, create_date, filepath, modify_date, score, subject, teacher_id, time, view) values (?, ?, ?, ?, ?, ?, ?, ?, ?, ?, ?, ?, ?, ?, ?, ?)
make question 324
Hibernate: insert into question (answer, choice1, choice2, choice3, choice4, choice5, content, correct, create_date, filepath, modify_date, score, subject, teacher_id, time, view) values (?, ?, ?, ?, ?, ?, ?, ?, ?, ?, ?, ?, ?, ?, ?, ?)
make question 325
Hibernate: insert into question (answer, choice1, choice2, choice3, choice4, choice5, content, correct, create_date, filepath, modify_date, score, subject, teacher_id, time, view) values (?, ?, ?, ?, ?, ?, ?, ?, ?, ?, ?, ?, ?, ?, ?, ?)
make question 326
Hibernate: insert into question (answer, choice1, choice2, choice3, choice4, choice5, content, correct, create_date, filepath, modify_date, score, subject, teacher_id, time, view) values (?, ?, ?, ?, ?, ?, ?, ?, ?, ?, ?, ?, ?, ?, ?, ?)
make question 327
Hibernate: insert into question (answer, choice1, choice2, choice3, choice4, choice5, content, correct, create_date, filepath, modify_date, score, subject, teacher_id, time, view) values (?, ?, ?, ?, ?, ?, ?, ?, ?, ?, ?, ?, ?, ?, ?, ?)
make question 328
Hibernate: insert into question (answer, choice1, choice2, choice3, choice4, choice5, content, correct, create_date, filepath, modify_date, score, subject, teacher_id, time, view) values (?, ?, ?, ?, ?, ?, ?, ?, ?, ?, ?, ?, ?, ?, ?, ?)
make question 329
Hibernate: insert into question (answer, choice1, choice2, choice3, choice4, choice5, content, correct, create_date, filepath, modify_date, score, subject, teacher_id, time, view) values (?, ?, ?, ?, ?, ?, ?, ?, ?, ?, ?, ?, ?, ?, ?, ?)
make question 330
Hibernate: insert into question (answer, choice1, choice2, choice3, choice4, choice5, content, correct, create_date, filepath, modify_date, score, subject, teacher_id, time, view) values (?, ?, ?, ?, ?, ?, ?, ?, ?, ?, ?, ?, ?, ?, ?, ?)
make question 331
Hibernate: insert into question (answer, choice1, choice2, choice3, choice4, choice5, content, correct, create_date, filepath, modify_date, score, subject, teacher_id, time, view) values (?, ?, ?, ?, ?, ?, ?, ?, ?, ?, ?, ?, ?, ?, ?, ?)
make question 332
Hibernate: insert into question (answer, choice1, choice2, choice3, choice4, choice5, content, correct, create_date, filepath, modify_date, score, subject, teacher_id, time, view) values (?, ?, ?, ?, ?, ?, ?, ?, ?, ?, ?, ?, ?, ?, ?, ?)
make question 333
Hibernate: insert into question (answer, choice1, choice2, choice3, choice4, choice5, content, correct, create_date, filepath, modify_date, score, subject, teacher_id, time, view) values (?, ?, ?, ?, ?, ?, ?, ?, ?, ?, ?, ?, ?, ?, ?, ?)
make question 334
Hibernate: insert into question (answer, choice1, choice2, choice3, choice4, choice5, content, correct, create_date, filepath, modify_date, score, subject, teacher_id, time, view) values (?, ?, ?, ?, ?, ?, ?, ?, ?, ?, ?, ?, ?, ?, ?, ?)
make question 335
Hibernate: insert into question (answer, choice1, choice2, choice3, choice4, choice5, content, correct, create_date, filepath, modify_date, score, subject, teacher_id, time, view) values (?, ?, ?, ?, ?, ?, ?, ?, ?, ?, ?, ?, ?, ?, ?, ?)
make question 336
Hibernate: insert into question (answer, choice1, choice2, choice3, choice4, choice5, content, correct, create_date, filepath, modify_date, score, subject, teacher_id, time, view) values (?, ?, ?, ?, ?, ?, ?, ?, ?, ?, ?, ?, ?, ?, ?, ?)
make question 337
Hibernate: insert into question (answer, choice1, choice2, choice3, choice4, choice5, content, correct, create_date, filepath, modify_date, score, subject, teacher_id, time, view) values (?, ?, ?, ?, ?, ?, ?, ?, ?, ?, ?, ?, ?, ?, ?, ?)
make question 338
Hibernate: insert into question (answer, choice1, choice2, choice3, choice4, choice5, content, correct, create_date, filepath, modify_date, score, subject, teacher_id, time, view) values (?, ?, ?, ?, ?, ?, ?, ?, ?, ?, ?, ?, ?, ?, ?, ?)
make question 339
Hibernate: insert into question (answer, choice1, choice2, choice3, choice4, choice5, content, correct, create_date, filepath, modify_date, score, subject, teacher_id, time, view) values (?, ?, ?, ?, ?, ?, ?, ?, ?, ?, ?, ?, ?, ?, ?, ?)
make question 340
Hibernate: insert into question (answer, choice1, choice2, choice3, choice4, choice5, content, correct, create_date, filepath, modify_date, score, subject, teacher_id, time, view) values (?, ?, ?, ?, ?, ?, ?, ?, ?, ?, ?, ?, ?, ?, ?, ?)
make question 341
Hibernate: insert into question (answer, choice1, choice2, choice3, choice4, choice5, content, correct, create_date, filepath, modify_date, score, subject, teacher_id, time, view) values (?, ?, ?, ?, ?, ?, ?, ?, ?, ?, ?, ?, ?, ?, ?, ?)
make question 342
Hibernate: insert into question (answer, choice1, choice2, choice3, choice4, choice5, content, correct, create_date, filepath, modify_date, score, subject, teacher_id, time, view) values (?, ?, ?, ?, ?, ?, ?, ?, ?, ?, ?, ?, ?, ?, ?, ?)
make question 343
Hibernate: insert into question (answer, choice1, choice2, choice3, choice4, choice5, content, correct, create_date, filepath, modify_date, score, subject, teacher_id, time, view) values (?, ?, ?, ?, ?, ?, ?, ?, ?, ?, ?, ?, ?, ?, ?, ?)
make question 344
Hibernate: insert into question (answer, choice1, choice2, choice3, choice4, choice5, content, correct, create_date, filepath, modify_date, score, subject, teacher_id, time, view) values (?, ?, ?, ?, ?, ?, ?, ?, ?, ?, ?, ?, ?, ?, ?, ?)
make question 345
Hibernate: insert into question (answer, choice1, choice2, choice3, choice4, choice5, content, correct, create_date, filepath, modify_date, score, subject, teacher_id, time, view) values (?, ?, ?, ?, ?, ?, ?, ?, ?, ?, ?, ?, ?, ?, ?, ?)
make question 346
Hibernate: insert into question (answer, choice1, choice2, choice3, choice4, choice5, content, correct, create_date, filepath, modify_date, score, subject, teacher_id, time, view) values (?, ?, ?, ?, ?, ?, ?, ?, ?, ?, ?, ?, ?, ?, ?, ?)
make question 347
Hibernate: insert into question (answer, choice1, choice2, choice3, choice4, choice5, content, correct, create_date, filepath, modify_date, score, subject, teacher_id, time, view) values (?, ?, ?, ?, ?, ?, ?, ?, ?, ?, ?, ?, ?, ?, ?, ?)
make question 348
Hibernate: insert into question (answer, choice1, choice2, choice3, choice4, choice5, content, correct, create_date, filepath, modify_date, score, subject, teacher_id, time, view) values (?, ?, ?, ?, ?, ?, ?, ?, ?, ?, ?, ?, ?, ?, ?, ?)
make question 349
Hibernate: insert into question (answer, choice1, choice2, choice3, choice4, choice5, content, correct, create_date, filepath, modify_date, score, subject, teacher_id, time, view) values (?, ?, ?, ?, ?, ?, ?, ?, ?, ?, ?, ?, ?, ?, ?, ?)
make question 350
Hibernate: insert into question (answer, choice1, choice2, choice3, choice4, choice5, content, correct, create_date, filepath, modify_date, score, subject, teacher_id, time, view) values (?, ?, ?, ?, ?, ?, ?, ?, ?, ?, ?, ?, ?, ?, ?, ?)
make question 351
Hibernate: insert into question (answer, choice1, choice2, choice3, choice4, choice5, content, correct, create_date, filepath, modify_date, score, subject, teacher_id, time, view) values (?, ?, ?, ?, ?, ?, ?, ?, ?, ?, ?, ?, ?, ?, ?, ?)
make question 352
Hibernate: insert into question (answer, choice1, choice2, choice3, choice4, choice5, content, correct, create_date, filepath, modify_date, score, subject, teacher_id, time, view) values (?, ?, ?, ?, ?, ?, ?, ?, ?, ?, ?, ?, ?, ?, ?, ?)
make question 353
Hibernate: insert into question (answer, choice1, choice2, choice3, choice4, choice5, content, correct, create_date, filepath, modify_date, score, subject, teacher_id, time, view) values (?, ?, ?, ?, ?, ?, ?, ?, ?, ?, ?, ?, ?, ?, ?, ?)
make question 354
Hibernate: insert into question (answer, choice1, choice2, choice3, choice4, choice5, content, correct, create_date, filepath, modify_date, score, subject, teacher_id, time, view) values (?, ?, ?, ?, ?, ?, ?, ?, ?, ?, ?, ?, ?, ?, ?, ?)
make question 355
Hibernate: insert into question (answer, choice1, choice2, choice3, choice4, choice5, content, correct, create_date, filepath, modify_date, score, subject, teacher_id, time, view) values (?, ?, ?, ?, ?, ?, ?, ?, ?, ?, ?, ?, ?, ?, ?, ?)
make question 356
Hibernate: insert into question (answer, choice1, choice2, choice3, choice4, choice5, content, correct, create_date, filepath, modify_date, score, subject, teacher_id, time, view) values (?, ?, ?, ?, ?, ?, ?, ?, ?, ?, ?, ?, ?, ?, ?, ?)
make question 357
Hibernate: insert into question (answer, choice1, choice2, choice3, choice4, choice5, content, correct, create_date, filepath, modify_date, score, subject, teacher_id, time, view) values (?, ?, ?, ?, ?, ?, ?, ?, ?, ?, ?, ?, ?, ?, ?, ?)
make question 358
Hibernate: insert into question (answer, choice1, choice2, choice3, choice4, choice5, content, correct, create_date, filepath, modify_date, score, subject, teacher_id, time, view) values (?, ?, ?, ?, ?, ?, ?, ?, ?, ?, ?, ?, ?, ?, ?, ?)
make question 359
Hibernate: insert into question (answer, choice1, choice2, choice3, choice4, choice5, content, correct, create_date, filepath, modify_date, score, subject, teacher_id, time, view) values (?, ?, ?, ?, ?, ?, ?, ?, ?, ?, ?, ?, ?, ?, ?, ?)
make question 360
Hibernate: insert into question (answer, choice1, choice2, choice3, choice4, choice5, content, correct, create_date, filepath, modify_date, score, subject, teacher_id, time, view) values (?, ?, ?, ?, ?, ?, ?, ?, ?, ?, ?, ?, ?, ?, ?, ?)
make question 361
Hibernate: insert into question (answer, choice1, choice2, choice3, choice4, choice5, content, correct, create_date, filepath, modify_date, score, subject, teacher_id, time, view) values (?, ?, ?, ?, ?, ?, ?, ?, ?, ?, ?, ?, ?, ?, ?, ?)
make question 362
Hibernate: insert into question (answer, choice1, choice2, choice3, choice4, choice5, content, correct, create_date, filepath, modify_date, score, subject, teacher_id, time, view) values (?, ?, ?, ?, ?, ?, ?, ?, ?, ?, ?, ?, ?, ?, ?, ?)
make question 363
Hibernate: insert into question (answer, choice1, choice2, choice3, choice4, choice5, content, correct, create_date, filepath, modify_date, score, subject, teacher_id, time, view) values (?, ?, ?, ?, ?, ?, ?, ?, ?, ?, ?, ?, ?, ?, ?, ?)
make question 364
Hibernate: insert into question (answer, choice1, choice2, choice3, choice4, choice5, content, correct, create_date, filepath, modify_date, score, subject, teacher_id, time, view) values (?, ?, ?, ?, ?, ?, ?, ?, ?, ?, ?, ?, ?, ?, ?, ?)
make question 365
Hibernate: insert into question (answer, choice1, choice2, choice3, choice4, choice5, content, correct, create_date, filepath, modify_date, score, subject, teacher_id, time, view) values (?, ?, ?, ?, ?, ?, ?, ?, ?, ?, ?, ?, ?, ?, ?, ?)
make question 366
Hibernate: insert into question (answer, choice1, choice2, choice3, choice4, choice5, content, correct, create_date, filepath, modify_date, score, subject, teacher_id, time, view) values (?, ?, ?, ?, ?, ?, ?, ?, ?, ?, ?, ?, ?, ?, ?, ?)
make question 367
Hibernate: insert into question (answer, choice1, choice2, choice3, choice4, choice5, content, correct, create_date, filepath, modify_date, score, subject, teacher_id, time, view) values (?, ?, ?, ?, ?, ?, ?, ?, ?, ?, ?, ?, ?, ?, ?, ?)
make question 368
Hibernate: insert into question (answer, choice1, choice2, choice3, choice4, choice5, content, correct, create_date, filepath, modify_date, score, subject, teacher_id, time, view) values (?, ?, ?, ?, ?, ?, ?, ?, ?, ?, ?, ?, ?, ?, ?, ?)
make question 369
Hibernate: insert into question (answer, choice1, choice2, choice3, choice4, choice5, content, correct, create_date, filepath, modify_date, score, subject, teacher_id, time, view) values (?, ?, ?, ?, ?, ?, ?, ?, ?, ?, ?, ?, ?, ?, ?, ?)
make question 370
Hibernate: insert into question (answer, choice1, choice2, choice3, choice4, choice5, content, correct, create_date, filepath, modify_date, score, subject, teacher_id, time, view) values (?, ?, ?, ?, ?, ?, ?, ?, ?, ?, ?, ?, ?, ?, ?, ?)
make question 371
Hibernate: insert into question (answer, choice1, choice2, choice3, choice4, choice5, content, correct, create_date, filepath, modify_date, score, subject, teacher_id, time, view) values (?, ?, ?, ?, ?, ?, ?, ?, ?, ?, ?, ?, ?, ?, ?, ?)
make question 372
Hibernate: insert into question (answer, choice1, choice2, choice3, choice4, choice5, content, correct, create_date, filepath, modify_date, score, subject, teacher_id, time, view) values (?, ?, ?, ?, ?, ?, ?, ?, ?, ?, ?, ?, ?, ?, ?, ?)
make question 373
Hibernate: insert into question (answer, choice1, choice2, choice3, choice4, choice5, content, correct, create_date, filepath, modify_date, score, subject, teacher_id, time, view) values (?, ?, ?, ?, ?, ?, ?, ?, ?, ?, ?, ?, ?, ?, ?, ?)
make question 374
Hibernate: insert into question (answer, choice1, choice2, choice3, choice4, choice5, content, correct, create_date, filepath, modify_date, score, subject, teacher_id, time, view) values (?, ?, ?, ?, ?, ?, ?, ?, ?, ?, ?, ?, ?, ?, ?, ?)
make question 375
Hibernate: insert into question (answer, choice1, choice2, choice3, choice4, choice5, content, correct, create_date, filepath, modify_date, score, subject, teacher_id, time, view) values (?, ?, ?, ?, ?, ?, ?, ?, ?, ?, ?, ?, ?, ?, ?, ?)
make question 376
Hibernate: insert into question (answer, choice1, choice2, choice3, choice4, choice5, content, correct, create_date, filepath, modify_date, score, subject, teacher_id, time, view) values (?, ?, ?, ?, ?, ?, ?, ?, ?, ?, ?, ?, ?, ?, ?, ?)
make question 377
Hibernate: insert into question (answer, choice1, choice2, choice3, choice4, choice5, content, correct, create_date, filepath, modify_date, score, subject, teacher_id, time, view) values (?, ?, ?, ?, ?, ?, ?, ?, ?, ?, ?, ?, ?, ?, ?, ?)
make question 378
Hibernate: insert into question (answer, choice1, choice2, choice3, choice4, choice5, content, correct, create_date, filepath, modify_date, score, subject, teacher_id, time, view) values (?, ?, ?, ?, ?, ?, ?, ?, ?, ?, ?, ?, ?, ?, ?, ?)
make question 379
Hibernate: insert into question (answer, choice1, choice2, choice3, choice4, choice5, content, correct, create_date, filepath, modify_date, score, subject, teacher_id, time, view) values (?, ?, ?, ?, ?, ?, ?, ?, ?, ?, ?, ?, ?, ?, ?, ?)
make question 380
Hibernate: insert into question (answer, choice1, choice2, choice3, choice4, choice5, content, correct, create_date, filepath, modify_date, score, subject, teacher_id, time, view) values (?, ?, ?, ?, ?, ?, ?, ?, ?, ?, ?, ?, ?, ?, ?, ?)
make question 381
Hibernate: insert into question (answer, choice1, choice2, choice3, choice4, choice5, content, correct, create_date, filepath, modify_date, score, subject, teacher_id, time, view) values (?, ?, ?, ?, ?, ?, ?, ?, ?, ?, ?, ?, ?, ?, ?, ?)
make question 382
Hibernate: insert into question (answer, choice1, choice2, choice3, choice4, choice5, content, correct, create_date, filepath, modify_date, score, subject, teacher_id, time, view) values (?, ?, ?, ?, ?, ?, ?, ?, ?, ?, ?, ?, ?, ?, ?, ?)
make question 383
Hibernate: insert into question (answer, choice1, choice2, choice3, choice4, choice5, content, correct, create_date, filepath, modify_date, score, subject, teacher_id, time, view) values (?, ?, ?, ?, ?, ?, ?, ?, ?, ?, ?, ?, ?, ?, ?, ?)
make question 384
Hibernate: insert into question (answer, choice1, choice2, choice3, choice4, choice5, content, correct, create_date, filepath, modify_date, score, subject, teacher_id, time, view) values (?, ?, ?, ?, ?, ?, ?, ?, ?, ?, ?, ?, ?, ?, ?, ?)
make question 385
Hibernate: insert into question (answer, choice1, choice2, choice3, choice4, choice5, content, correct, create_date, filepath, modify_date, score, subject, teacher_id, time, view) values (?, ?, ?, ?, ?, ?, ?, ?, ?, ?, ?, ?, ?, ?, ?, ?)
make question 386
Hibernate: insert into question (answer, choice1, choice2, choice3, choice4, choice5, content, correct, create_date, filepath, modify_date, score, subject, teacher_id, time, view) values (?, ?, ?, ?, ?, ?, ?, ?, ?, ?, ?, ?, ?, ?, ?, ?)
make question 387
Hibernate: insert into question (answer, choice1, choice2, choice3, choice4, choice5, content, correct, create_date, filepath, modify_date, score, subject, teacher_id, time, view) values (?, ?, ?, ?, ?, ?, ?, ?, ?, ?, ?, ?, ?, ?, ?, ?)
make question 388
Hibernate: insert into question (answer, choice1, choice2, choice3, choice4, choice5, content, correct, create_date, filepath, modify_date, score, subject, teacher_id, time, view) values (?, ?, ?, ?, ?, ?, ?, ?, ?, ?, ?, ?, ?, ?, ?, ?)
make question 389
Hibernate: insert into question (answer, choice1, choice2, choice3, choice4, choice5, content, correct, create_date, filepath, modify_date, score, subject, teacher_id, time, view) values (?, ?, ?, ?, ?, ?, ?, ?, ?, ?, ?, ?, ?, ?, ?, ?)
make question 390
Hibernate: insert into question (answer, choice1, choice2, choice3, choice4, choice5, content, correct, create_date, filepath, modify_date, score, subject, teacher_id, time, view) values (?, ?, ?, ?, ?, ?, ?, ?, ?, ?, ?, ?, ?, ?, ?, ?)
make question 391
Hibernate: insert into question (answer, choice1, choice2, choice3, choice4, choice5, content, correct, create_date, filepath, modify_date, score, subject, teacher_id, time, view) values (?, ?, ?, ?, ?, ?, ?, ?, ?, ?, ?, ?, ?, ?, ?, ?)
make question 392
Hibernate: insert into question (answer, choice1, choice2, choice3, choice4, choice5, content, correct, create_date, filepath, modify_date, score, subject, teacher_id, time, view) values (?, ?, ?, ?, ?, ?, ?, ?, ?, ?, ?, ?, ?, ?, ?, ?)
make question 393
Hibernate: insert into question (answer, choice1, choice2, choice3, choice4, choice5, content, correct, create_date, filepath, modify_date, score, subject, teacher_id, time, view) values (?, ?, ?, ?, ?, ?, ?, ?, ?, ?, ?, ?, ?, ?, ?, ?)
make question 394
Hibernate: insert into question (answer, choice1, choice2, choice3, choice4, choice5, content, correct, create_date, filepath, modify_date, score, subject, teacher_id, time, view) values (?, ?, ?, ?, ?, ?, ?, ?, ?, ?, ?, ?, ?, ?, ?, ?)
make question 395
Hibernate: insert into question (answer, choice1, choice2, choice3, choice4, choice5, content, correct, create_date, filepath, modify_date, score, subject, teacher_id, time, view) values (?, ?, ?, ?, ?, ?, ?, ?, ?, ?, ?, ?, ?, ?, ?, ?)
make question 396
Hibernate: insert into question (answer, choice1, choice2, choice3, choice4, choice5, content, correct, create_date, filepath, modify_date, score, subject, teacher_id, time, view) values (?, ?, ?, ?, ?, ?, ?, ?, ?, ?, ?, ?, ?, ?, ?, ?)
make question 397
Hibernate: insert into question (answer, choice1, choice2, choice3, choice4, choice5, content, correct, create_date, filepath, modify_date, score, subject, teacher_id, time, view) values (?, ?, ?, ?, ?, ?, ?, ?, ?, ?, ?, ?, ?, ?, ?, ?)
make question 398
Hibernate: insert into question (answer, choice1, choice2, choice3, choice4, choice5, content, correct, create_date, filepath, modify_date, score, subject, teacher_id, time, view) values (?, ?, ?, ?, ?, ?, ?, ?, ?, ?, ?, ?, ?, ?, ?, ?)
make question 399
Hibernate: insert into question (answer, choice1, choice2, choice3, choice4, choice5, content, correct, create_date, filepath, modify_date, score, subject, teacher_id, time, view) values (?, ?, ?, ?, ?, ?, ?, ?, ?, ?, ?, ?, ?, ?, ?, ?)
make question 400
Hibernate: insert into question (answer, choice1, choice2, choice3, choice4, choice5, content, correct, create_date, filepath, modify_date, score, subject, teacher_id, time, view) values (?, ?, ?, ?, ?, ?, ?, ?, ?, ?, ?, ?, ?, ?, ?, ?)
make question 401
Hibernate: insert into question (answer, choice1, choice2, choice3, choice4, choice5, content, correct, create_date, filepath, modify_date, score, subject, teacher_id, time, view) values (?, ?, ?, ?, ?, ?, ?, ?, ?, ?, ?, ?, ?, ?, ?, ?)
make question 402
Hibernate: insert into question (answer, choice1, choice2, choice3, choice4, choice5, content, correct, create_date, filepath, modify_date, score, subject, teacher_id, time, view) values (?, ?, ?, ?, ?, ?, ?, ?, ?, ?, ?, ?, ?, ?, ?, ?)
make question 403
Hibernate: insert into question (answer, choice1, choice2, choice3, choice4, choice5, content, correct, create_date, filepath, modify_date, score, subject, teacher_id, time, view) values (?, ?, ?, ?, ?, ?, ?, ?, ?, ?, ?, ?, ?, ?, ?, ?)
make question 404
Hibernate: insert into question (answer, choice1, choice2, choice3, choice4, choice5, content, correct, create_date, filepath, modify_date, score, subject, teacher_id, time, view) values (?, ?, ?, ?, ?, ?, ?, ?, ?, ?, ?, ?, ?, ?, ?, ?)
make question 405
Hibernate: insert into question (answer, choice1, choice2, choice3, choice4, choice5, content, correct, create_date, filepath, modify_date, score, subject, teacher_id, time, view) values (?, ?, ?, ?, ?, ?, ?, ?, ?, ?, ?, ?, ?, ?, ?, ?)
make question 406
Hibernate: insert into question (answer, choice1, choice2, choice3, choice4, choice5, content, correct, create_date, filepath, modify_date, score, subject, teacher_id, time, view) values (?, ?, ?, ?, ?, ?, ?, ?, ?, ?, ?, ?, ?, ?, ?, ?)
make question 407
Hibernate: insert into question (answer, choice1, choice2, choice3, choice4, choice5, content, correct, create_date, filepath, modify_date, score, subject, teacher_id, time, view) values (?, ?, ?, ?, ?, ?, ?, ?, ?, ?, ?, ?, ?, ?, ?, ?)
make question 408
Hibernate: insert into question (answer, choice1, choice2, choice3, choice4, choice5, content, correct, create_date, filepath, modify_date, score, subject, teacher_id, time, view) values (?, ?, ?, ?, ?, ?, ?, ?, ?, ?, ?, ?, ?, ?, ?, ?)
make question 409
Hibernate: insert into question (answer, choice1, choice2, choice3, choice4, choice5, content, correct, create_date, filepath, modify_date, score, subject, teacher_id, time, view) values (?, ?, ?, ?, ?, ?, ?, ?, ?, ?, ?, ?, ?, ?, ?, ?)
make question 410
Hibernate: insert into question (answer, choice1, choice2, choice3, choice4, choice5, content, correct, create_date, filepath, modify_date, score, subject, teacher_id, time, view) values (?, ?, ?, ?, ?, ?, ?, ?, ?, ?, ?, ?, ?, ?, ?, ?)
make question 411
Hibernate: insert into question (answer, choice1, choice2, choice3, choice4, choice5, content, correct, create_date, filepath, modify_date, score, subject, teacher_id, time, view) values (?, ?, ?, ?, ?, ?, ?, ?, ?, ?, ?, ?, ?, ?, ?, ?)
make question 412
Hibernate: insert into question (answer, choice1, choice2, choice3, choice4, choice5, content, correct, create_date, filepath, modify_date, score, subject, teacher_id, time, view) values (?, ?, ?, ?, ?, ?, ?, ?, ?, ?, ?, ?, ?, ?, ?, ?)
make question 413
Hibernate: insert into question (answer, choice1, choice2, choice3, choice4, choice5, content, correct, create_date, filepath, modify_date, score, subject, teacher_id, time, view) values (?, ?, ?, ?, ?, ?, ?, ?, ?, ?, ?, ?, ?, ?, ?, ?)
make question 414
Hibernate: insert into question (answer, choice1, choice2, choice3, choice4, choice5, content, correct, create_date, filepath, modify_date, score, subject, teacher_id, time, view) values (?, ?, ?, ?, ?, ?, ?, ?, ?, ?, ?, ?, ?, ?, ?, ?)
make question 415
Hibernate: insert into question (answer, choice1, choice2, choice3, choice4, choice5, content, correct, create_date, filepath, modify_date, score, subject, teacher_id, time, view) values (?, ?, ?, ?, ?, ?, ?, ?, ?, ?, ?, ?, ?, ?, ?, ?)
make question 416
Hibernate: insert into question (answer, choice1, choice2, choice3, choice4, choice5, content, correct, create_date, filepath, modify_date, score, subject, teacher_id, time, view) values (?, ?, ?, ?, ?, ?, ?, ?, ?, ?, ?, ?, ?, ?, ?, ?)
make question 417
Hibernate: insert into question (answer, choice1, choice2, choice3, choice4, choice5, content, correct, create_date, filepath, modify_date, score, subject, teacher_id, time, view) values (?, ?, ?, ?, ?, ?, ?, ?, ?, ?, ?, ?, ?, ?, ?, ?)
make question 418
Hibernate: insert into question (answer, choice1, choice2, choice3, choice4, choice5, content, correct, create_date, filepath, modify_date, score, subject, teacher_id, time, view) values (?, ?, ?, ?, ?, ?, ?, ?, ?, ?, ?, ?, ?, ?, ?, ?)
make question 419
Hibernate: insert into question (answer, choice1, choice2, choice3, choice4, choice5, content, correct, create_date, filepath, modify_date, score, subject, teacher_id, time, view) values (?, ?, ?, ?, ?, ?, ?, ?, ?, ?, ?, ?, ?, ?, ?, ?)
make question 420
Hibernate: insert into question (answer, choice1, choice2, choice3, choice4, choice5, content, correct, create_date, filepath, modify_date, score, subject, teacher_id, time, view) values (?, ?, ?, ?, ?, ?, ?, ?, ?, ?, ?, ?, ?, ?, ?, ?)
make question 421
Hibernate: insert into question (answer, choice1, choice2, choice3, choice4, choice5, content, correct, create_date, filepath, modify_date, score, subject, teacher_id, time, view) values (?, ?, ?, ?, ?, ?, ?, ?, ?, ?, ?, ?, ?, ?, ?, ?)
make question 422
Hibernate: insert into question (answer, choice1, choice2, choice3, choice4, choice5, content, correct, create_date, filepath, modify_date, score, subject, teacher_id, time, view) values (?, ?, ?, ?, ?, ?, ?, ?, ?, ?, ?, ?, ?, ?, ?, ?)
make question 423
Hibernate: insert into question (answer, choice1, choice2, choice3, choice4, choice5, content, correct, create_date, filepath, modify_date, score, subject, teacher_id, time, view) values (?, ?, ?, ?, ?, ?, ?, ?, ?, ?, ?, ?, ?, ?, ?, ?)
make question 424
Hibernate: insert into question (answer, choice1, choice2, choice3, choice4, choice5, content, correct, create_date, filepath, modify_date, score, subject, teacher_id, time, view) values (?, ?, ?, ?, ?, ?, ?, ?, ?, ?, ?, ?, ?, ?, ?, ?)
make question 425
Hibernate: insert into question (answer, choice1, choice2, choice3, choice4, choice5, content, correct, create_date, filepath, modify_date, score, subject, teacher_id, time, view) values (?, ?, ?, ?, ?, ?, ?, ?, ?, ?, ?, ?, ?, ?, ?, ?)
make question 426
Hibernate: insert into question (answer, choice1, choice2, choice3, choice4, choice5, content, correct, create_date, filepath, modify_date, score, subject, teacher_id, time, view) values (?, ?, ?, ?, ?, ?, ?, ?, ?, ?, ?, ?, ?, ?, ?, ?)
make question 427
Hibernate: insert into question (answer, choice1, choice2, choice3, choice4, choice5, content, correct, create_date, filepath, modify_date, score, subject, teacher_id, time, view) values (?, ?, ?, ?, ?, ?, ?, ?, ?, ?, ?, ?, ?, ?, ?, ?)
make question 428
Hibernate: insert into question (answer, choice1, choice2, choice3, choice4, choice5, content, correct, create_date, filepath, modify_date, score, subject, teacher_id, time, view) values (?, ?, ?, ?, ?, ?, ?, ?, ?, ?, ?, ?, ?, ?, ?, ?)
make question 429
Hibernate: insert into question (answer, choice1, choice2, choice3, choice4, choice5, content, correct, create_date, filepath, modify_date, score, subject, teacher_id, time, view) values (?, ?, ?, ?, ?, ?, ?, ?, ?, ?, ?, ?, ?, ?, ?, ?)
make question 430
Hibernate: insert into question (answer, choice1, choice2, choice3, choice4, choice5, content, correct, create_date, filepath, modify_date, score, subject, teacher_id, time, view) values (?, ?, ?, ?, ?, ?, ?, ?, ?, ?, ?, ?, ?, ?, ?, ?)
make question 431
Hibernate: insert into question (answer, choice1, choice2, choice3, choice4, choice5, content, correct, create_date, filepath, modify_date, score, subject, teacher_id, time, view) values (?, ?, ?, ?, ?, ?, ?, ?, ?, ?, ?, ?, ?, ?, ?, ?)
make question 432
Hibernate: insert into question (answer, choice1, choice2, choice3, choice4, choice5, content, correct, create_date, filepath, modify_date, score, subject, teacher_id, time, view) values (?, ?, ?, ?, ?, ?, ?, ?, ?, ?, ?, ?, ?, ?, ?, ?)
make question 433
Hibernate: insert into question (answer, choice1, choice2, choice3, choice4, choice5, content, correct, create_date, filepath, modify_date, score, subject, teacher_id, time, view) values (?, ?, ?, ?, ?, ?, ?, ?, ?, ?, ?, ?, ?, ?, ?, ?)
make question 434
Hibernate: insert into question (answer, choice1, choice2, choice3, choice4, choice5, content, correct, create_date, filepath, modify_date, score, subject, teacher_id, time, view) values (?, ?, ?, ?, ?, ?, ?, ?, ?, ?, ?, ?, ?, ?, ?, ?)
make question 435
Hibernate: insert into question (answer, choice1, choice2, choice3, choice4, choice5, content, correct, create_date, filepath, modify_date, score, subject, teacher_id, time, view) values (?, ?, ?, ?, ?, ?, ?, ?, ?, ?, ?, ?, ?, ?, ?, ?)
make question 436
Hibernate: insert into question (answer, choice1, choice2, choice3, choice4, choice5, content, correct, create_date, filepath, modify_date, score, subject, teacher_id, time, view) values (?, ?, ?, ?, ?, ?, ?, ?, ?, ?, ?, ?, ?, ?, ?, ?)
make question 437
Hibernate: insert into question (answer, choice1, choice2, choice3, choice4, choice5, content, correct, create_date, filepath, modify_date, score, subject, teacher_id, time, view) values (?, ?, ?, ?, ?, ?, ?, ?, ?, ?, ?, ?, ?, ?, ?, ?)
make question 438
Hibernate: insert into question (answer, choice1, choice2, choice3, choice4, choice5, content, correct, create_date, filepath, modify_date, score, subject, teacher_id, time, view) values (?, ?, ?, ?, ?, ?, ?, ?, ?, ?, ?, ?, ?, ?, ?, ?)
make question 439
Hibernate: insert into question (answer, choice1, choice2, choice3, choice4, choice5, content, correct, create_date, filepath, modify_date, score, subject, teacher_id, time, view) values (?, ?, ?, ?, ?, ?, ?, ?, ?, ?, ?, ?, ?, ?, ?, ?)
make question 440
Hibernate: insert into question (answer, choice1, choice2, choice3, choice4, choice5, content, correct, create_date, filepath, modify_date, score, subject, teacher_id, time, view) values (?, ?, ?, ?, ?, ?, ?, ?, ?, ?, ?, ?, ?, ?, ?, ?)
make question 441
Hibernate: insert into question (answer, choice1, choice2, choice3, choice4, choice5, content, correct, create_date, filepath, modify_date, score, subject, teacher_id, time, view) values (?, ?, ?, ?, ?, ?, ?, ?, ?, ?, ?, ?, ?, ?, ?, ?)
make question 442
Hibernate: insert into question (answer, choice1, choice2, choice3, choice4, choice5, content, correct, create_date, filepath, modify_date, score, subject, teacher_id, time, view) values (?, ?, ?, ?, ?, ?, ?, ?, ?, ?, ?, ?, ?, ?, ?, ?)
make question 443
Hibernate: insert into question (answer, choice1, choice2, choice3, choice4, choice5, content, correct, create_date, filepath, modify_date, score, subject, teacher_id, time, view) values (?, ?, ?, ?, ?, ?, ?, ?, ?, ?, ?, ?, ?, ?, ?, ?)
make question 444
Hibernate: insert into question (answer, choice1, choice2, choice3, choice4, choice5, content, correct, create_date, filepath, modify_date, score, subject, teacher_id, time, view) values (?, ?, ?, ?, ?, ?, ?, ?, ?, ?, ?, ?, ?, ?, ?, ?)
make question 445
Hibernate: insert into question (answer, choice1, choice2, choice3, choice4, choice5, content, correct, create_date, filepath, modify_date, score, subject, teacher_id, time, view) values (?, ?, ?, ?, ?, ?, ?, ?, ?, ?, ?, ?, ?, ?, ?, ?)
make question 446
Hibernate: insert into question (answer, choice1, choice2, choice3, choice4, choice5, content, correct, create_date, filepath, modify_date, score, subject, teacher_id, time, view) values (?, ?, ?, ?, ?, ?, ?, ?, ?, ?, ?, ?, ?, ?, ?, ?)
make question 447
Hibernate: insert into question (answer, choice1, choice2, choice3, choice4, choice5, content, correct, create_date, filepath, modify_date, score, subject, teacher_id, time, view) values (?, ?, ?, ?, ?, ?, ?, ?, ?, ?, ?, ?, ?, ?, ?, ?)
make question 448
Hibernate: insert into question (answer, choice1, choice2, choice3, choice4, choice5, content, correct, create_date, filepath, modify_date, score, subject, teacher_id, time, view) values (?, ?, ?, ?, ?, ?, ?, ?, ?, ?, ?, ?, ?, ?, ?, ?)
make question 449
Hibernate: insert into question (answer, choice1, choice2, choice3, choice4, choice5, content, correct, create_date, filepath, modify_date, score, subject, teacher_id, time, view) values (?, ?, ?, ?, ?, ?, ?, ?, ?, ?, ?, ?, ?, ?, ?, ?)
make question 450
Hibernate: insert into question (answer, choice1, choice2, choice3, choice4, choice5, content, correct, create_date, filepath, modify_date, score, subject, teacher_id, time, view) values (?, ?, ?, ?, ?, ?, ?, ?, ?, ?, ?, ?, ?, ?, ?, ?)
make question 451
Hibernate: insert into question (answer, choice1, choice2, choice3, choice4, choice5, content, correct, create_date, filepath, modify_date, score, subject, teacher_id, time, view) values (?, ?, ?, ?, ?, ?, ?, ?, ?, ?, ?, ?, ?, ?, ?, ?)
make question 452
Hibernate: insert into question (answer, choice1, choice2, choice3, choice4, choice5, content, correct, create_date, filepath, modify_date, score, subject, teacher_id, time, view) values (?, ?, ?, ?, ?, ?, ?, ?, ?, ?, ?, ?, ?, ?, ?, ?)
make question 453
Hibernate: insert into question (answer, choice1, choice2, choice3, choice4, choice5, content, correct, create_date, filepath, modify_date, score, subject, teacher_id, time, view) values (?, ?, ?, ?, ?, ?, ?, ?, ?, ?, ?, ?, ?, ?, ?, ?)
make question 454
Hibernate: insert into question (answer, choice1, choice2, choice3, choice4, choice5, content, correct, create_date, filepath, modify_date, score, subject, teacher_id, time, view) values (?, ?, ?, ?, ?, ?, ?, ?, ?, ?, ?, ?, ?, ?, ?, ?)
make question 455
Hibernate: insert into question (answer, choice1, choice2, choice3, choice4, choice5, content, correct, create_date, filepath, modify_date, score, subject, teacher_id, time, view) values (?, ?, ?, ?, ?, ?, ?, ?, ?, ?, ?, ?, ?, ?, ?, ?)
make question 456
Hibernate: insert into question (answer, choice1, choice2, choice3, choice4, choice5, content, correct, create_date, filepath, modify_date, score, subject, teacher_id, time, view) values (?, ?, ?, ?, ?, ?, ?, ?, ?, ?, ?, ?, ?, ?, ?, ?)
make question 457
Hibernate: insert into question (answer, choice1, choice2, choice3, choice4, choice5, content, correct, create_date, filepath, modify_date, score, subject, teacher_id, time, view) values (?, ?, ?, ?, ?, ?, ?, ?, ?, ?, ?, ?, ?, ?, ?, ?)
make question 458
Hibernate: insert into question (answer, choice1, choice2, choice3, choice4, choice5, content, correct, create_date, filepath, modify_date, score, subject, teacher_id, time, view) values (?, ?, ?, ?, ?, ?, ?, ?, ?, ?, ?, ?, ?, ?, ?, ?)
make question 459
Hibernate: insert into question (answer, choice1, choice2, choice3, choice4, choice5, content, correct, create_date, filepath, modify_date, score, subject, teacher_id, time, view) values (?, ?, ?, ?, ?, ?, ?, ?, ?, ?, ?, ?, ?, ?, ?, ?)
make question 460
Hibernate: insert into question (answer, choice1, choice2, choice3, choice4, choice5, content, correct, create_date, filepath, modify_date, score, subject, teacher_id, time, view) values (?, ?, ?, ?, ?, ?, ?, ?, ?, ?, ?, ?, ?, ?, ?, ?)
make question 461
Hibernate: insert into question (answer, choice1, choice2, choice3, choice4, choice5, content, correct, create_date, filepath, modify_date, score, subject, teacher_id, time, view) values (?, ?, ?, ?, ?, ?, ?, ?, ?, ?, ?, ?, ?, ?, ?, ?)
make question 462
Hibernate: insert into question (answer, choice1, choice2, choice3, choice4, choice5, content, correct, create_date, filepath, modify_date, score, subject, teacher_id, time, view) values (?, ?, ?, ?, ?, ?, ?, ?, ?, ?, ?, ?, ?, ?, ?, ?)
make question 463
Hibernate: insert into question (answer, choice1, choice2, choice3, choice4, choice5, content, correct, create_date, filepath, modify_date, score, subject, teacher_id, time, view) values (?, ?, ?, ?, ?, ?, ?, ?, ?, ?, ?, ?, ?, ?, ?, ?)
make question 464
Hibernate: insert into question (answer, choice1, choice2, choice3, choice4, choice5, content, correct, create_date, filepath, modify_date, score, subject, teacher_id, time, view) values (?, ?, ?, ?, ?, ?, ?, ?, ?, ?, ?, ?, ?, ?, ?, ?)
make question 465
Hibernate: insert into question (answer, choice1, choice2, choice3, choice4, choice5, content, correct, create_date, filepath, modify_date, score, subject, teacher_id, time, view) values (?, ?, ?, ?, ?, ?, ?, ?, ?, ?, ?, ?, ?, ?, ?, ?)
make question 466
Hibernate: insert into question (answer, choice1, choice2, choice3, choice4, choice5, content, correct, create_date, filepath, modify_date, score, subject, teacher_id, time, view) values (?, ?, ?, ?, ?, ?, ?, ?, ?, ?, ?, ?, ?, ?, ?, ?)
make question 467
Hibernate: insert into question (answer, choice1, choice2, choice3, choice4, choice5, content, correct, create_date, filepath, modify_date, score, subject, teacher_id, time, view) values (?, ?, ?, ?, ?, ?, ?, ?, ?, ?, ?, ?, ?, ?, ?, ?)
make question 468
Hibernate: insert into question (answer, choice1, choice2, choice3, choice4, choice5, content, correct, create_date, filepath, modify_date, score, subject, teacher_id, time, view) values (?, ?, ?, ?, ?, ?, ?, ?, ?, ?, ?, ?, ?, ?, ?, ?)
make question 469
Hibernate: insert into question (answer, choice1, choice2, choice3, choice4, choice5, content, correct, create_date, filepath, modify_date, score, subject, teacher_id, time, view) values (?, ?, ?, ?, ?, ?, ?, ?, ?, ?, ?, ?, ?, ?, ?, ?)
make question 470
Hibernate: insert into question (answer, choice1, choice2, choice3, choice4, choice5, content, correct, create_date, filepath, modify_date, score, subject, teacher_id, time, view) values (?, ?, ?, ?, ?, ?, ?, ?, ?, ?, ?, ?, ?, ?, ?, ?)
make question 471
Hibernate: insert into question (answer, choice1, choice2, choice3, choice4, choice5, content, correct, create_date, filepath, modify_date, score, subject, teacher_id, time, view) values (?, ?, ?, ?, ?, ?, ?, ?, ?, ?, ?, ?, ?, ?, ?, ?)
make question 472
Hibernate: insert into question (answer, choice1, choice2, choice3, choice4, choice5, content, correct, create_date, filepath, modify_date, score, subject, teacher_id, time, view) values (?, ?, ?, ?, ?, ?, ?, ?, ?, ?, ?, ?, ?, ?, ?, ?)
make question 473
Hibernate: insert into question (answer, choice1, choice2, choice3, choice4, choice5, content, correct, create_date, filepath, modify_date, score, subject, teacher_id, time, view) values (?, ?, ?, ?, ?, ?, ?, ?, ?, ?, ?, ?, ?, ?, ?, ?)
make question 474
Hibernate: insert into question (answer, choice1, choice2, choice3, choice4, choice5, content, correct, create_date, filepath, modify_date, score, subject, teacher_id, time, view) values (?, ?, ?, ?, ?, ?, ?, ?, ?, ?, ?, ?, ?, ?, ?, ?)
make question 475
Hibernate: insert into question (answer, choice1, choice2, choice3, choice4, choice5, content, correct, create_date, filepath, modify_date, score, subject, teacher_id, time, view) values (?, ?, ?, ?, ?, ?, ?, ?, ?, ?, ?, ?, ?, ?, ?, ?)
make question 476
Hibernate: insert into question (answer, choice1, choice2, choice3, choice4, choice5, content, correct, create_date, filepath, modify_date, score, subject, teacher_id, time, view) values (?, ?, ?, ?, ?, ?, ?, ?, ?, ?, ?, ?, ?, ?, ?, ?)
make question 477
Hibernate: insert into question (answer, choice1, choice2, choice3, choice4, choice5, content, correct, create_date, filepath, modify_date, score, subject, teacher_id, time, view) values (?, ?, ?, ?, ?, ?, ?, ?, ?, ?, ?, ?, ?, ?, ?, ?)
make question 478
Hibernate: insert into question (answer, choice1, choice2, choice3, choice4, choice5, content, correct, create_date, filepath, modify_date, score, subject, teacher_id, time, view) values (?, ?, ?, ?, ?, ?, ?, ?, ?, ?, ?, ?, ?, ?, ?, ?)
make question 479
Hibernate: insert into question (answer, choice1, choice2, choice3, choice4, choice5, content, correct, create_date, filepath, modify_date, score, subject, teacher_id, time, view) values (?, ?, ?, ?, ?, ?, ?, ?, ?, ?, ?, ?, ?, ?, ?, ?)
make question 480
Hibernate: insert into question (answer, choice1, choice2, choice3, choice4, choice5, content, correct, create_date, filepath, modify_date, score, subject, teacher_id, time, view) values (?, ?, ?, ?, ?, ?, ?, ?, ?, ?, ?, ?, ?, ?, ?, ?)
make question 481
Hibernate: insert into question (answer, choice1, choice2, choice3, choice4, choice5, content, correct, create_date, filepath, modify_date, score, subject, teacher_id, time, view) values (?, ?, ?, ?, ?, ?, ?, ?, ?, ?, ?, ?, ?, ?, ?, ?)
make question 482
Hibernate: insert into question (answer, choice1, choice2, choice3, choice4, choice5, content, correct, create_date, filepath, modify_date, score, subject, teacher_id, time, view) values (?, ?, ?, ?, ?, ?, ?, ?, ?, ?, ?, ?, ?, ?, ?, ?)
make question 483
Hibernate: insert into question (answer, choice1, choice2, choice3, choice4, choice5, content, correct, create_date, filepath, modify_date, score, subject, teacher_id, time, view) values (?, ?, ?, ?, ?, ?, ?, ?, ?, ?, ?, ?, ?, ?, ?, ?)
make question 484
Hibernate: insert into question (answer, choice1, choice2, choice3, choice4, choice5, content, correct, create_date, filepath, modify_date, score, subject, teacher_id, time, view) values (?, ?, ?, ?, ?, ?, ?, ?, ?, ?, ?, ?, ?, ?, ?, ?)
make question 485
Hibernate: insert into question (answer, choice1, choice2, choice3, choice4, choice5, content, correct, create_date, filepath, modify_date, score, subject, teacher_id, time, view) values (?, ?, ?, ?, ?, ?, ?, ?, ?, ?, ?, ?, ?, ?, ?, ?)
make question 486
Hibernate: insert into question (answer, choice1, choice2, choice3, choice4, choice5, content, correct, create_date, filepath, modify_date, score, subject, teacher_id, time, view) values (?, ?, ?, ?, ?, ?, ?, ?, ?, ?, ?, ?, ?, ?, ?, ?)
make question 487
Hibernate: insert into question (answer, choice1, choice2, choice3, choice4, choice5, content, correct, create_date, filepath, modify_date, score, subject, teacher_id, time, view) values (?, ?, ?, ?, ?, ?, ?, ?, ?, ?, ?, ?, ?, ?, ?, ?)
make question 488
Hibernate: insert into question (answer, choice1, choice2, choice3, choice4, choice5, content, correct, create_date, filepath, modify_date, score, subject, teacher_id, time, view) values (?, ?, ?, ?, ?, ?, ?, ?, ?, ?, ?, ?, ?, ?, ?, ?)
make question 489
Hibernate: insert into question (answer, choice1, choice2, choice3, choice4, choice5, content, correct, create_date, filepath, modify_date, score, subject, teacher_id, time, view) values (?, ?, ?, ?, ?, ?, ?, ?, ?, ?, ?, ?, ?, ?, ?, ?)
make question 490
Hibernate: insert into question (answer, choice1, choice2, choice3, choice4, choice5, content, correct, create_date, filepath, modify_date, score, subject, teacher_id, time, view) values (?, ?, ?, ?, ?, ?, ?, ?, ?, ?, ?, ?, ?, ?, ?, ?)
make question 491
Hibernate: insert into question (answer, choice1, choice2, choice3, choice4, choice5, content, correct, create_date, filepath, modify_date, score, subject, teacher_id, time, view) values (?, ?, ?, ?, ?, ?, ?, ?, ?, ?, ?, ?, ?, ?, ?, ?)
make question 492
Hibernate: insert into question (answer, choice1, choice2, choice3, choice4, choice5, content, correct, create_date, filepath, modify_date, score, subject, teacher_id, time, view) values (?, ?, ?, ?, ?, ?, ?, ?, ?, ?, ?, ?, ?, ?, ?, ?)
make question 493
Hibernate: insert into question (answer, choice1, choice2, choice3, choice4, choice5, content, correct, create_date, filepath, modify_date, score, subject, teacher_id, time, view) values (?, ?, ?, ?, ?, ?, ?, ?, ?, ?, ?, ?, ?, ?, ?, ?)
make question 494
Hibernate: insert into question (answer, choice1, choice2, choice3, choice4, choice5, content, correct, create_date, filepath, modify_date, score, subject, teacher_id, time, view) values (?, ?, ?, ?, ?, ?, ?, ?, ?, ?, ?, ?, ?, ?, ?, ?)
make question 495
Hibernate: insert into question (answer, choice1, choice2, choice3, choice4, choice5, content, correct, create_date, filepath, modify_date, score, subject, teacher_id, time, view) values (?, ?, ?, ?, ?, ?, ?, ?, ?, ?, ?, ?, ?, ?, ?, ?)
make question 496
Hibernate: insert into question (answer, choice1, choice2, choice3, choice4, choice5, content, correct, create_date, filepath, modify_date, score, subject, teacher_id, time, view) values (?, ?, ?, ?, ?, ?, ?, ?, ?, ?, ?, ?, ?, ?, ?, ?)
make question 497
Hibernate: insert into question (answer, choice1, choice2, choice3, choice4, choice5, content, correct, create_date, filepath, modify_date, score, subject, teacher_id, time, view) values (?, ?, ?, ?, ?, ?, ?, ?, ?, ?, ?, ?, ?, ?, ?, ?)
make question 498
Hibernate: insert into question (answer, choice1, choice2, choice3, choice4, choice5, content, correct, create_date, filepath, modify_date, score, subject, teacher_id, time, view) values (?, ?, ?, ?, ?, ?, ?, ?, ?, ?, ?, ?, ?, ?, ?, ?)
make question 499
Hibernate: insert into question (answer, choice1, choice2, choice3, choice4, choice5, content, correct, create_date, filepath, modify_date, score, subject, teacher_id, time, view) values (?, ?, ?, ?, ?, ?, ?, ?, ?, ?, ?, ?, ?, ?, ?, ?)
make question 500
Hibernate: insert into question (answer, choice1, choice2, choice3, choice4, choice5, content, correct, create_date, filepath, modify_date, score, subject, teacher_id, time, view) values (?, ?, ?, ?, ?, ?, ?, ?, ?, ?, ?, ?, ?, ?, ?, ?)
make question 501
Hibernate: insert into question (answer, choice1, choice2, choice3, choice4, choice5, content, correct, create_date, filepath, modify_date, score, subject, teacher_id, time, view) values (?, ?, ?, ?, ?, ?, ?, ?, ?, ?, ?, ?, ?, ?, ?, ?)
make question 502
Hibernate: insert into question (answer, choice1, choice2, choice3, choice4, choice5, content, correct, create_date, filepath, modify_date, score, subject, teacher_id, time, view) values (?, ?, ?, ?, ?, ?, ?, ?, ?, ?, ?, ?, ?, ?, ?, ?)
make question 503
Hibernate: insert into question (answer, choice1, choice2, choice3, choice4, choice5, content, correct, create_date, filepath, modify_date, score, subject, teacher_id, time, view) values (?, ?, ?, ?, ?, ?, ?, ?, ?, ?, ?, ?, ?, ?, ?, ?)
make question 504
Hibernate: insert into question (answer, choice1, choice2, choice3, choice4, choice5, content, correct, create_date, filepath, modify_date, score, subject, teacher_id, time, view) values (?, ?, ?, ?, ?, ?, ?, ?, ?, ?, ?, ?, ?, ?, ?, ?)
make question 505
Hibernate: insert into question (answer, choice1, choice2, choice3, choice4, choice5, content, correct, create_date, filepath, modify_date, score, subject, teacher_id, time, view) values (?, ?, ?, ?, ?, ?, ?, ?, ?, ?, ?, ?, ?, ?, ?, ?)
make question 506
Hibernate: insert into question (answer, choice1, choice2, choice3, choice4, choice5, content, correct, create_date, filepath, modify_date, score, subject, teacher_id, time, view) values (?, ?, ?, ?, ?, ?, ?, ?, ?, ?, ?, ?, ?, ?, ?, ?)
make question 507
Hibernate: insert into question (answer, choice1, choice2, choice3, choice4, choice5, content, correct, create_date, filepath, modify_date, score, subject, teacher_id, time, view) values (?, ?, ?, ?, ?, ?, ?, ?, ?, ?, ?, ?, ?, ?, ?, ?)
make question 508
Hibernate: insert into question (answer, choice1, choice2, choice3, choice4, choice5, content, correct, create_date, filepath, modify_date, score, subject, teacher_id, time, view) values (?, ?, ?, ?, ?, ?, ?, ?, ?, ?, ?, ?, ?, ?, ?, ?)
make question 509
Hibernate: insert into question (answer, choice1, choice2, choice3, choice4, choice5, content, correct, create_date, filepath, modify_date, score, subject, teacher_id, time, view) values (?, ?, ?, ?, ?, ?, ?, ?, ?, ?, ?, ?, ?, ?, ?, ?)
make question 510
Hibernate: insert into question (answer, choice1, choice2, choice3, choice4, choice5, content, correct, create_date, filepath, modify_date, score, subject, teacher_id, time, view) values (?, ?, ?, ?, ?, ?, ?, ?, ?, ?, ?, ?, ?, ?, ?, ?)
make question 511
Hibernate: insert into question (answer, choice1, choice2, choice3, choice4, choice5, content, correct, create_date, filepath, modify_date, score, subject, teacher_id, time, view) values (?, ?, ?, ?, ?, ?, ?, ?, ?, ?, ?, ?, ?, ?, ?, ?)
make question 512
Hibernate: insert into question (answer, choice1, choice2, choice3, choice4, choice5, content, correct, create_date, filepath, modify_date, score, subject, teacher_id, time, view) values (?, ?, ?, ?, ?, ?, ?, ?, ?, ?, ?, ?, ?, ?, ?, ?)
make question 513
Hibernate: insert into question (answer, choice1, choice2, choice3, choice4, choice5, content, correct, create_date, filepath, modify_date, score, subject, teacher_id, time, view) values (?, ?, ?, ?, ?, ?, ?, ?, ?, ?, ?, ?, ?, ?, ?, ?)
make question 514
Hibernate: insert into question (answer, choice1, choice2, choice3, choice4, choice5, content, correct, create_date, filepath, modify_date, score, subject, teacher_id, time, view) values (?, ?, ?, ?, ?, ?, ?, ?, ?, ?, ?, ?, ?, ?, ?, ?)
make question 515
Hibernate: insert into question (answer, choice1, choice2, choice3, choice4, choice5, content, correct, create_date, filepath, modify_date, score, subject, teacher_id, time, view) values (?, ?, ?, ?, ?, ?, ?, ?, ?, ?, ?, ?, ?, ?, ?, ?)
make question 516
Hibernate: insert into question (answer, choice1, choice2, choice3, choice4, choice5, content, correct, create_date, filepath, modify_date, score, subject, teacher_id, time, view) values (?, ?, ?, ?, ?, ?, ?, ?, ?, ?, ?, ?, ?, ?, ?, ?)
make question 517
Hibernate: insert into question (answer, choice1, choice2, choice3, choice4, choice5, content, correct, create_date, filepath, modify_date, score, subject, teacher_id, time, view) values (?, ?, ?, ?, ?, ?, ?, ?, ?, ?, ?, ?, ?, ?, ?, ?)
make question 518
Hibernate: insert into question (answer, choice1, choice2, choice3, choice4, choice5, content, correct, create_date, filepath, modify_date, score, subject, teacher_id, time, view) values (?, ?, ?, ?, ?, ?, ?, ?, ?, ?, ?, ?, ?, ?, ?, ?)
make question 519
Hibernate: insert into question (answer, choice1, choice2, choice3, choice4, choice5, content, correct, create_date, filepath, modify_date, score, subject, teacher_id, time, view) values (?, ?, ?, ?, ?, ?, ?, ?, ?, ?, ?, ?, ?, ?, ?, ?)
make question 520
Hibernate: insert into question (answer, choice1, choice2, choice3, choice4, choice5, content, correct, create_date, filepath, modify_date, score, subject, teacher_id, time, view) values (?, ?, ?, ?, ?, ?, ?, ?, ?, ?, ?, ?, ?, ?, ?, ?)
make question 521
Hibernate: insert into question (answer, choice1, choice2, choice3, choice4, choice5, content, correct, create_date, filepath, modify_date, score, subject, teacher_id, time, view) values (?, ?, ?, ?, ?, ?, ?, ?, ?, ?, ?, ?, ?, ?, ?, ?)
make question 522
Hibernate: insert into question (answer, choice1, choice2, choice3, choice4, choice5, content, correct, create_date, filepath, modify_date, score, subject, teacher_id, time, view) values (?, ?, ?, ?, ?, ?, ?, ?, ?, ?, ?, ?, ?, ?, ?, ?)
make question 523
Hibernate: insert into question (answer, choice1, choice2, choice3, choice4, choice5, content, correct, create_date, filepath, modify_date, score, subject, teacher_id, time, view) values (?, ?, ?, ?, ?, ?, ?, ?, ?, ?, ?, ?, ?, ?, ?, ?)
make question 524
Hibernate: insert into question (answer, choice1, choice2, choice3, choice4, choice5, content, correct, create_date, filepath, modify_date, score, subject, teacher_id, time, view) values (?, ?, ?, ?, ?, ?, ?, ?, ?, ?, ?, ?, ?, ?, ?, ?)
make question 525
Hibernate: insert into question (answer, choice1, choice2, choice3, choice4, choice5, content, correct, create_date, filepath, modify_date, score, subject, teacher_id, time, view) values (?, ?, ?, ?, ?, ?, ?, ?, ?, ?, ?, ?, ?, ?, ?, ?)
make question 526
Hibernate: insert into question (answer, choice1, choice2, choice3, choice4, choice5, content, correct, create_date, filepath, modify_date, score, subject, teacher_id, time, view) values (?, ?, ?, ?, ?, ?, ?, ?, ?, ?, ?, ?, ?, ?, ?, ?)
make question 527
Hibernate: insert into question (answer, choice1, choice2, choice3, choice4, choice5, content, correct, create_date, filepath, modify_date, score, subject, teacher_id, time, view) values (?, ?, ?, ?, ?, ?, ?, ?, ?, ?, ?, ?, ?, ?, ?, ?)
make question 528
Hibernate: insert into question (answer, choice1, choice2, choice3, choice4, choice5, content, correct, create_date, filepath, modify_date, score, subject, teacher_id, time, view) values (?, ?, ?, ?, ?, ?, ?, ?, ?, ?, ?, ?, ?, ?, ?, ?)
make question 529
Hibernate: insert into question (answer, choice1, choice2, choice3, choice4, choice5, content, correct, create_date, filepath, modify_date, score, subject, teacher_id, time, view) values (?, ?, ?, ?, ?, ?, ?, ?, ?, ?, ?, ?, ?, ?, ?, ?)
make question 530
Hibernate: insert into question (answer, choice1, choice2, choice3, choice4, choice5, content, correct, create_date, filepath, modify_date, score, subject, teacher_id, time, view) values (?, ?, ?, ?, ?, ?, ?, ?, ?, ?, ?, ?, ?, ?, ?, ?)
make question 531
Hibernate: insert into question (answer, choice1, choice2, choice3, choice4, choice5, content, correct, create_date, filepath, modify_date, score, subject, teacher_id, time, view) values (?, ?, ?, ?, ?, ?, ?, ?, ?, ?, ?, ?, ?, ?, ?, ?)
make question 532
Hibernate: insert into question (answer, choice1, choice2, choice3, choice4, choice5, content, correct, create_date, filepath, modify_date, score, subject, teacher_id, time, view) values (?, ?, ?, ?, ?, ?, ?, ?, ?, ?, ?, ?, ?, ?, ?, ?)
make question 533
Hibernate: insert into question (answer, choice1, choice2, choice3, choice4, choice5, content, correct, create_date, filepath, modify_date, score, subject, teacher_id, time, view) values (?, ?, ?, ?, ?, ?, ?, ?, ?, ?, ?, ?, ?, ?, ?, ?)
make question 534
Hibernate: insert into question (answer, choice1, choice2, choice3, choice4, choice5, content, correct, create_date, filepath, modify_date, score, subject, teacher_id, time, view) values (?, ?, ?, ?, ?, ?, ?, ?, ?, ?, ?, ?, ?, ?, ?, ?)
make question 535
Hibernate: insert into question (answer, choice1, choice2, choice3, choice4, choice5, content, correct, create_date, filepath, modify_date, score, subject, teacher_id, time, view) values (?, ?, ?, ?, ?, ?, ?, ?, ?, ?, ?, ?, ?, ?, ?, ?)
make question 536
Hibernate: insert into question (answer, choice1, choice2, choice3, choice4, choice5, content, correct, create_date, filepath, modify_date, score, subject, teacher_id, time, view) values (?, ?, ?, ?, ?, ?, ?, ?, ?, ?, ?, ?, ?, ?, ?, ?)
make question 537
Hibernate: insert into question (answer, choice1, choice2, choice3, choice4, choice5, content, correct, create_date, filepath, modify_date, score, subject, teacher_id, time, view) values (?, ?, ?, ?, ?, ?, ?, ?, ?, ?, ?, ?, ?, ?, ?, ?)
make question 538
Hibernate: insert into question (answer, choice1, choice2, choice3, choice4, choice5, content, correct, create_date, filepath, modify_date, score, subject, teacher_id, time, view) values (?, ?, ?, ?, ?, ?, ?, ?, ?, ?, ?, ?, ?, ?, ?, ?)
make question 539
Hibernate: insert into question (answer, choice1, choice2, choice3, choice4, choice5, content, correct, create_date, filepath, modify_date, score, subject, teacher_id, time, view) values (?, ?, ?, ?, ?, ?, ?, ?, ?, ?, ?, ?, ?, ?, ?, ?)
make question 540
Hibernate: insert into question (answer, choice1, choice2, choice3, choice4, choice5, content, correct, create_date, filepath, modify_date, score, subject, teacher_id, time, view) values (?, ?, ?, ?, ?, ?, ?, ?, ?, ?, ?, ?, ?, ?, ?, ?)
make question 541
Hibernate: insert into question (answer, choice1, choice2, choice3, choice4, choice5, content, correct, create_date, filepath, modify_date, score, subject, teacher_id, time, view) values (?, ?, ?, ?, ?, ?, ?, ?, ?, ?, ?, ?, ?, ?, ?, ?)
make question 542
Hibernate: insert into question (answer, choice1, choice2, choice3, choice4, choice5, content, correct, create_date, filepath, modify_date, score, subject, teacher_id, time, view) values (?, ?, ?, ?, ?, ?, ?, ?, ?, ?, ?, ?, ?, ?, ?, ?)
make question 543
Hibernate: insert into question (answer, choice1, choice2, choice3, choice4, choice5, content, correct, create_date, filepath, modify_date, score, subject, teacher_id, time, view) values (?, ?, ?, ?, ?, ?, ?, ?, ?, ?, ?, ?, ?, ?, ?, ?)
make question 544
Hibernate: insert into question (answer, choice1, choice2, choice3, choice4, choice5, content, correct, create_date, filepath, modify_date, score, subject, teacher_id, time, view) values (?, ?, ?, ?, ?, ?, ?, ?, ?, ?, ?, ?, ?, ?, ?, ?)
make question 545
Hibernate: insert into question (answer, choice1, choice2, choice3, choice4, choice5, content, correct, create_date, filepath, modify_date, score, subject, teacher_id, time, view) values (?, ?, ?, ?, ?, ?, ?, ?, ?, ?, ?, ?, ?, ?, ?, ?)
make question 546
Hibernate: insert into question (answer, choice1, choice2, choice3, choice4, choice5, content, correct, create_date, filepath, modify_date, score, subject, teacher_id, time, view) values (?, ?, ?, ?, ?, ?, ?, ?, ?, ?, ?, ?, ?, ?, ?, ?)
make question 547
Hibernate: insert into question (answer, choice1, choice2, choice3, choice4, choice5, content, correct, create_date, filepath, modify_date, score, subject, teacher_id, time, view) values (?, ?, ?, ?, ?, ?, ?, ?, ?, ?, ?, ?, ?, ?, ?, ?)
make question 548
Hibernate: insert into question (answer, choice1, choice2, choice3, choice4, choice5, content, correct, create_date, filepath, modify_date, score, subject, teacher_id, time, view) values (?, ?, ?, ?, ?, ?, ?, ?, ?, ?, ?, ?, ?, ?, ?, ?)
make question 549
Hibernate: insert into question (answer, choice1, choice2, choice3, choice4, choice5, content, correct, create_date, filepath, modify_date, score, subject, teacher_id, time, view) values (?, ?, ?, ?, ?, ?, ?, ?, ?, ?, ?, ?, ?, ?, ?, ?)
make question 550
Hibernate: insert into question (answer, choice1, choice2, choice3, choice4, choice5, content, correct, create_date, filepath, modify_date, score, subject, teacher_id, time, view) values (?, ?, ?, ?, ?, ?, ?, ?, ?, ?, ?, ?, ?, ?, ?, ?)
make question 551
Hibernate: insert into question (answer, choice1, choice2, choice3, choice4, choice5, content, correct, create_date, filepath, modify_date, score, subject, teacher_id, time, view) values (?, ?, ?, ?, ?, ?, ?, ?, ?, ?, ?, ?, ?, ?, ?, ?)
make question 552
Hibernate: insert into question (answer, choice1, choice2, choice3, choice4, choice5, content, correct, create_date, filepath, modify_date, score, subject, teacher_id, time, view) values (?, ?, ?, ?, ?, ?, ?, ?, ?, ?, ?, ?, ?, ?, ?, ?)
make question 553
Hibernate: insert into question (answer, choice1, choice2, choice3, choice4, choice5, content, correct, create_date, filepath, modify_date, score, subject, teacher_id, time, view) values (?, ?, ?, ?, ?, ?, ?, ?, ?, ?, ?, ?, ?, ?, ?, ?)
make question 554
Hibernate: insert into question (answer, choice1, choice2, choice3, choice4, choice5, content, correct, create_date, filepath, modify_date, score, subject, teacher_id, time, view) values (?, ?, ?, ?, ?, ?, ?, ?, ?, ?, ?, ?, ?, ?, ?, ?)
make question 555
Hibernate: insert into question (answer, choice1, choice2, choice3, choice4, choice5, content, correct, create_date, filepath, modify_date, score, subject, teacher_id, time, view) values (?, ?, ?, ?, ?, ?, ?, ?, ?, ?, ?, ?, ?, ?, ?, ?)
make question 556
Hibernate: insert into question (answer, choice1, choice2, choice3, choice4, choice5, content, correct, create_date, filepath, modify_date, score, subject, teacher_id, time, view) values (?, ?, ?, ?, ?, ?, ?, ?, ?, ?, ?, ?, ?, ?, ?, ?)
make question 557
Hibernate: insert into question (answer, choice1, choice2, choice3, choice4, choice5, content, correct, create_date, filepath, modify_date, score, subject, teacher_id, time, view) values (?, ?, ?, ?, ?, ?, ?, ?, ?, ?, ?, ?, ?, ?, ?, ?)
make question 558
Hibernate: insert into question (answer, choice1, choice2, choice3, choice4, choice5, content, correct, create_date, filepath, modify_date, score, subject, teacher_id, time, view) values (?, ?, ?, ?, ?, ?, ?, ?, ?, ?, ?, ?, ?, ?, ?, ?)
make question 559
Hibernate: insert into question (answer, choice1, choice2, choice3, choice4, choice5, content, correct, create_date, filepath, modify_date, score, subject, teacher_id, time, view) values (?, ?, ?, ?, ?, ?, ?, ?, ?, ?, ?, ?, ?, ?, ?, ?)
make question 560
Hibernate: insert into question (answer, choice1, choice2, choice3, choice4, choice5, content, correct, create_date, filepath, modify_date, score, subject, teacher_id, time, view) values (?, ?, ?, ?, ?, ?, ?, ?, ?, ?, ?, ?, ?, ?, ?, ?)
make question 561
Hibernate: insert into question (answer, choice1, choice2, choice3, choice4, choice5, content, correct, create_date, filepath, modify_date, score, subject, teacher_id, time, view) values (?, ?, ?, ?, ?, ?, ?, ?, ?, ?, ?, ?, ?, ?, ?, ?)
make question 562
Hibernate: insert into question (answer, choice1, choice2, choice3, choice4, choice5, content, correct, create_date, filepath, modify_date, score, subject, teacher_id, time, view) values (?, ?, ?, ?, ?, ?, ?, ?, ?, ?, ?, ?, ?, ?, ?, ?)
make question 563
Hibernate: insert into question (answer, choice1, choice2, choice3, choice4, choice5, content, correct, create_date, filepath, modify_date, score, subject, teacher_id, time, view) values (?, ?, ?, ?, ?, ?, ?, ?, ?, ?, ?, ?, ?, ?, ?, ?)
make question 564
Hibernate: insert into question (answer, choice1, choice2, choice3, choice4, choice5, content, correct, create_date, filepath, modify_date, score, subject, teacher_id, time, view) values (?, ?, ?, ?, ?, ?, ?, ?, ?, ?, ?, ?, ?, ?, ?, ?)
make question 565
Hibernate: insert into question (answer, choice1, choice2, choice3, choice4, choice5, content, correct, create_date, filepath, modify_date, score, subject, teacher_id, time, view) values (?, ?, ?, ?, ?, ?, ?, ?, ?, ?, ?, ?, ?, ?, ?, ?)
make question 566
Hibernate: insert into question (answer, choice1, choice2, choice3, choice4, choice5, content, correct, create_date, filepath, modify_date, score, subject, teacher_id, time, view) values (?, ?, ?, ?, ?, ?, ?, ?, ?, ?, ?, ?, ?, ?, ?, ?)
make question 567
Hibernate: insert into question (answer, choice1, choice2, choice3, choice4, choice5, content, correct, create_date, filepath, modify_date, score, subject, teacher_id, time, view) values (?, ?, ?, ?, ?, ?, ?, ?, ?, ?, ?, ?, ?, ?, ?, ?)
make question 568
Hibernate: insert into question (answer, choice1, choice2, choice3, choice4, choice5, content, correct, create_date, filepath, modify_date, score, subject, teacher_id, time, view) values (?, ?, ?, ?, ?, ?, ?, ?, ?, ?, ?, ?, ?, ?, ?, ?)
make question 569
Hibernate: insert into question (answer, choice1, choice2, choice3, choice4, choice5, content, correct, create_date, filepath, modify_date, score, subject, teacher_id, time, view) values (?, ?, ?, ?, ?, ?, ?, ?, ?, ?, ?, ?, ?, ?, ?, ?)
make question 570
Hibernate: insert into question (answer, choice1, choice2, choice3, choice4, choice5, content, correct, create_date, filepath, modify_date, score, subject, teacher_id, time, view) values (?, ?, ?, ?, ?, ?, ?, ?, ?, ?, ?, ?, ?, ?, ?, ?)
make question 571
Hibernate: insert into question (answer, choice1, choice2, choice3, choice4, choice5, content, correct, create_date, filepath, modify_date, score, subject, teacher_id, time, view) values (?, ?, ?, ?, ?, ?, ?, ?, ?, ?, ?, ?, ?, ?, ?, ?)
make question 572
Hibernate: insert into question (answer, choice1, choice2, choice3, choice4, choice5, content, correct, create_date, filepath, modify_date, score, subject, teacher_id, time, view) values (?, ?, ?, ?, ?, ?, ?, ?, ?, ?, ?, ?, ?, ?, ?, ?)
make question 573
Hibernate: insert into question (answer, choice1, choice2, choice3, choice4, choice5, content, correct, create_date, filepath, modify_date, score, subject, teacher_id, time, view) values (?, ?, ?, ?, ?, ?, ?, ?, ?, ?, ?, ?, ?, ?, ?, ?)
make question 574
Hibernate: insert into question (answer, choice1, choice2, choice3, choice4, choice5, content, correct, create_date, filepath, modify_date, score, subject, teacher_id, time, view) values (?, ?, ?, ?, ?, ?, ?, ?, ?, ?, ?, ?, ?, ?, ?, ?)
make question 575
Hibernate: insert into question (answer, choice1, choice2, choice3, choice4, choice5, content, correct, create_date, filepath, modify_date, score, subject, teacher_id, time, view) values (?, ?, ?, ?, ?, ?, ?, ?, ?, ?, ?, ?, ?, ?, ?, ?)
make question 576
Hibernate: insert into question (answer, choice1, choice2, choice3, choice4, choice5, content, correct, create_date, filepath, modify_date, score, subject, teacher_id, time, view) values (?, ?, ?, ?, ?, ?, ?, ?, ?, ?, ?, ?, ?, ?, ?, ?)
make question 577
Hibernate: insert into question (answer, choice1, choice2, choice3, choice4, choice5, content, correct, create_date, filepath, modify_date, score, subject, teacher_id, time, view) values (?, ?, ?, ?, ?, ?, ?, ?, ?, ?, ?, ?, ?, ?, ?, ?)
make question 578
Hibernate: insert into question (answer, choice1, choice2, choice3, choice4, choice5, content, correct, create_date, filepath, modify_date, score, subject, teacher_id, time, view) values (?, ?, ?, ?, ?, ?, ?, ?, ?, ?, ?, ?, ?, ?, ?, ?)
make question 579
Hibernate: insert into question (answer, choice1, choice2, choice3, choice4, choice5, content, correct, create_date, filepath, modify_date, score, subject, teacher_id, time, view) values (?, ?, ?, ?, ?, ?, ?, ?, ?, ?, ?, ?, ?, ?, ?, ?)
make question 580
Hibernate: insert into question (answer, choice1, choice2, choice3, choice4, choice5, content, correct, create_date, filepath, modify_date, score, subject, teacher_id, time, view) values (?, ?, ?, ?, ?, ?, ?, ?, ?, ?, ?, ?, ?, ?, ?, ?)
make question 581
Hibernate: insert into question (answer, choice1, choice2, choice3, choice4, choice5, content, correct, create_date, filepath, modify_date, score, subject, teacher_id, time, view) values (?, ?, ?, ?, ?, ?, ?, ?, ?, ?, ?, ?, ?, ?, ?, ?)
make question 582
Hibernate: insert into question (answer, choice1, choice2, choice3, choice4, choice5, content, correct, create_date, filepath, modify_date, score, subject, teacher_id, time, view) values (?, ?, ?, ?, ?, ?, ?, ?, ?, ?, ?, ?, ?, ?, ?, ?)
make question 583
Hibernate: insert into question (answer, choice1, choice2, choice3, choice4, choice5, content, correct, create_date, filepath, modify_date, score, subject, teacher_id, time, view) values (?, ?, ?, ?, ?, ?, ?, ?, ?, ?, ?, ?, ?, ?, ?, ?)
make question 584
Hibernate: insert into question (answer, choice1, choice2, choice3, choice4, choice5, content, correct, create_date, filepath, modify_date, score, subject, teacher_id, time, view) values (?, ?, ?, ?, ?, ?, ?, ?, ?, ?, ?, ?, ?, ?, ?, ?)
make question 585
Hibernate: insert into question (answer, choice1, choice2, choice3, choice4, choice5, content, correct, create_date, filepath, modify_date, score, subject, teacher_id, time, view) values (?, ?, ?, ?, ?, ?, ?, ?, ?, ?, ?, ?, ?, ?, ?, ?)
make question 586
Hibernate: insert into question (answer, choice1, choice2, choice3, choice4, choice5, content, correct, create_date, filepath, modify_date, score, subject, teacher_id, time, view) values (?, ?, ?, ?, ?, ?, ?, ?, ?, ?, ?, ?, ?, ?, ?, ?)
make question 587
Hibernate: insert into question (answer, choice1, choice2, choice3, choice4, choice5, content, correct, create_date, filepath, modify_date, score, subject, teacher_id, time, view) values (?, ?, ?, ?, ?, ?, ?, ?, ?, ?, ?, ?, ?, ?, ?, ?)
make question 588
Hibernate: insert into question (answer, choice1, choice2, choice3, choice4, choice5, content, correct, create_date, filepath, modify_date, score, subject, teacher_id, time, view) values (?, ?, ?, ?, ?, ?, ?, ?, ?, ?, ?, ?, ?, ?, ?, ?)
make question 589
Hibernate: insert into question (answer, choice1, choice2, choice3, choice4, choice5, content, correct, create_date, filepath, modify_date, score, subject, teacher_id, time, view) values (?, ?, ?, ?, ?, ?, ?, ?, ?, ?, ?, ?, ?, ?, ?, ?)
make question 590
Hibernate: insert into question (answer, choice1, choice2, choice3, choice4, choice5, content, correct, create_date, filepath, modify_date, score, subject, teacher_id, time, view) values (?, ?, ?, ?, ?, ?, ?, ?, ?, ?, ?, ?, ?, ?, ?, ?)
make question 591
Hibernate: insert into question (answer, choice1, choice2, choice3, choice4, choice5, content, correct, create_date, filepath, modify_date, score, subject, teacher_id, time, view) values (?, ?, ?, ?, ?, ?, ?, ?, ?, ?, ?, ?, ?, ?, ?, ?)
make question 592
Hibernate: insert into question (answer, choice1, choice2, choice3, choice4, choice5, content, correct, create_date, filepath, modify_date, score, subject, teacher_id, time, view) values (?, ?, ?, ?, ?, ?, ?, ?, ?, ?, ?, ?, ?, ?, ?, ?)
make question 593
Hibernate: insert into question (answer, choice1, choice2, choice3, choice4, choice5, content, correct, create_date, filepath, modify_date, score, subject, teacher_id, time, view) values (?, ?, ?, ?, ?, ?, ?, ?, ?, ?, ?, ?, ?, ?, ?, ?)
make question 594
Hibernate: insert into question (answer, choice1, choice2, choice3, choice4, choice5, content, correct, create_date, filepath, modify_date, score, subject, teacher_id, time, view) values (?, ?, ?, ?, ?, ?, ?, ?, ?, ?, ?, ?, ?, ?, ?, ?)
make question 595
Hibernate: insert into question (answer, choice1, choice2, choice3, choice4, choice5, content, correct, create_date, filepath, modify_date, score, subject, teacher_id, time, view) values (?, ?, ?, ?, ?, ?, ?, ?, ?, ?, ?, ?, ?, ?, ?, ?)
make question 596
Hibernate: insert into question (answer, choice1, choice2, choice3, choice4, choice5, content, correct, create_date, filepath, modify_date, score, subject, teacher_id, time, view) values (?, ?, ?, ?, ?, ?, ?, ?, ?, ?, ?, ?, ?, ?, ?, ?)
make question 597
Hibernate: insert into question (answer, choice1, choice2, choice3, choice4, choice5, content, correct, create_date, filepath, modify_date, score, subject, teacher_id, time, view) values (?, ?, ?, ?, ?, ?, ?, ?, ?, ?, ?, ?, ?, ?, ?, ?)
make question 598
Hibernate: insert into question (answer, choice1, choice2, choice3, choice4, choice5, content, correct, create_date, filepath, modify_date, score, subject, teacher_id, time, view) values (?, ?, ?, ?, ?, ?, ?, ?, ?, ?, ?, ?, ?, ?, ?, ?)
make question 599
Hibernate: insert into question (answer, choice1, choice2, choice3, choice4, choice5, content, correct, create_date, filepath, modify_date, score, subject, teacher_id, time, view) values (?, ?, ?, ?, ?, ?, ?, ?, ?, ?, ?, ?, ?, ?, ?, ?)
make question 600
Hibernate: insert into question (answer, choice1, choice2, choice3, choice4, choice5, content, correct, create_date, filepath, modify_date, score, subject, teacher_id, time, view) values (?, ?, ?, ?, ?, ?, ?, ?, ?, ?, ?, ?, ?, ?, ?, ?)
make question 601
Hibernate: insert into question (answer, choice1, choice2, choice3, choice4, choice5, content, correct, create_date, filepath, modify_date, score, subject, teacher_id, time, view) values (?, ?, ?, ?, ?, ?, ?, ?, ?, ?, ?, ?, ?, ?, ?, ?)
make question 602
Hibernate: insert into question (answer, choice1, choice2, choice3, choice4, choice5, content, correct, create_date, filepath, modify_date, score, subject, teacher_id, time, view) values (?, ?, ?, ?, ?, ?, ?, ?, ?, ?, ?, ?, ?, ?, ?, ?)
make question 603
Hibernate: insert into question (answer, choice1, choice2, choice3, choice4, choice5, content, correct, create_date, filepath, modify_date, score, subject, teacher_id, time, view) values (?, ?, ?, ?, ?, ?, ?, ?, ?, ?, ?, ?, ?, ?, ?, ?)
make question 604
Hibernate: insert into question (answer, choice1, choice2, choice3, choice4, choice5, content, correct, create_date, filepath, modify_date, score, subject, teacher_id, time, view) values (?, ?, ?, ?, ?, ?, ?, ?, ?, ?, ?, ?, ?, ?, ?, ?)
make question 605
Hibernate: insert into question (answer, choice1, choice2, choice3, choice4, choice5, content, correct, create_date, filepath, modify_date, score, subject, teacher_id, time, view) values (?, ?, ?, ?, ?, ?, ?, ?, ?, ?, ?, ?, ?, ?, ?, ?)
make question 606
Hibernate: insert into question (answer, choice1, choice2, choice3, choice4, choice5, content, correct, create_date, filepath, modify_date, score, subject, teacher_id, time, view) values (?, ?, ?, ?, ?, ?, ?, ?, ?, ?, ?, ?, ?, ?, ?, ?)
make question 607
Hibernate: insert into question (answer, choice1, choice2, choice3, choice4, choice5, content, correct, create_date, filepath, modify_date, score, subject, teacher_id, time, view) values (?, ?, ?, ?, ?, ?, ?, ?, ?, ?, ?, ?, ?, ?, ?, ?)
make question 608
Hibernate: insert into question (answer, choice1, choice2, choice3, choice4, choice5, content, correct, create_date, filepath, modify_date, score, subject, teacher_id, time, view) values (?, ?, ?, ?, ?, ?, ?, ?, ?, ?, ?, ?, ?, ?, ?, ?)
make question 609
Hibernate: insert into question (answer, choice1, choice2, choice3, choice4, choice5, content, correct, create_date, filepath, modify_date, score, subject, teacher_id, time, view) values (?, ?, ?, ?, ?, ?, ?, ?, ?, ?, ?, ?, ?, ?, ?, ?)
make question 610
Hibernate: insert into question (answer, choice1, choice2, choice3, choice4, choice5, content, correct, create_date, filepath, modify_date, score, subject, teacher_id, time, view) values (?, ?, ?, ?, ?, ?, ?, ?, ?, ?, ?, ?, ?, ?, ?, ?)
make question 611
Hibernate: insert into question (answer, choice1, choice2, choice3, choice4, choice5, content, correct, create_date, filepath, modify_date, score, subject, teacher_id, time, view) values (?, ?, ?, ?, ?, ?, ?, ?, ?, ?, ?, ?, ?, ?, ?, ?)
make question 612
Hibernate: insert into question (answer, choice1, choice2, choice3, choice4, choice5, content, correct, create_date, filepath, modify_date, score, subject, teacher_id, time, view) values (?, ?, ?, ?, ?, ?, ?, ?, ?, ?, ?, ?, ?, ?, ?, ?)
make question 613
Hibernate: insert into question (answer, choice1, choice2, choice3, choice4, choice5, content, correct, create_date, filepath, modify_date, score, subject, teacher_id, time, view) values (?, ?, ?, ?, ?, ?, ?, ?, ?, ?, ?, ?, ?, ?, ?, ?)
make question 614
Hibernate: insert into question (answer, choice1, choice2, choice3, choice4, choice5, content, correct, create_date, filepath, modify_date, score, subject, teacher_id, time, view) values (?, ?, ?, ?, ?, ?, ?, ?, ?, ?, ?, ?, ?, ?, ?, ?)
make question 615
Hibernate: insert into question (answer, choice1, choice2, choice3, choice4, choice5, content, correct, create_date, filepath, modify_date, score, subject, teacher_id, time, view) values (?, ?, ?, ?, ?, ?, ?, ?, ?, ?, ?, ?, ?, ?, ?, ?)
make question 616
Hibernate: insert into question (answer, choice1, choice2, choice3, choice4, choice5, content, correct, create_date, filepath, modify_date, score, subject, teacher_id, time, view) values (?, ?, ?, ?, ?, ?, ?, ?, ?, ?, ?, ?, ?, ?, ?, ?)
make question 617
Hibernate: insert into question (answer, choice1, choice2, choice3, choice4, choice5, content, correct, create_date, filepath, modify_date, score, subject, teacher_id, time, view) values (?, ?, ?, ?, ?, ?, ?, ?, ?, ?, ?, ?, ?, ?, ?, ?)
make question 618
Hibernate: insert into question (answer, choice1, choice2, choice3, choice4, choice5, content, correct, create_date, filepath, modify_date, score, subject, teacher_id, time, view) values (?, ?, ?, ?, ?, ?, ?, ?, ?, ?, ?, ?, ?, ?, ?, ?)
make question 619
Hibernate: insert into question (answer, choice1, choice2, choice3, choice4, choice5, content, correct, create_date, filepath, modify_date, score, subject, teacher_id, time, view) values (?, ?, ?, ?, ?, ?, ?, ?, ?, ?, ?, ?, ?, ?, ?, ?)
make question 620
Hibernate: insert into question (answer, choice1, choice2, choice3, choice4, choice5, content, correct, create_date, filepath, modify_date, score, subject, teacher_id, time, view) values (?, ?, ?, ?, ?, ?, ?, ?, ?, ?, ?, ?, ?, ?, ?, ?)
make question 621
Hibernate: insert into question (answer, choice1, choice2, choice3, choice4, choice5, content, correct, create_date, filepath, modify_date, score, subject, teacher_id, time, view) values (?, ?, ?, ?, ?, ?, ?, ?, ?, ?, ?, ?, ?, ?, ?, ?)
make question 622
Hibernate: insert into question (answer, choice1, choice2, choice3, choice4, choice5, content, correct, create_date, filepath, modify_date, score, subject, teacher_id, time, view) values (?, ?, ?, ?, ?, ?, ?, ?, ?, ?, ?, ?, ?, ?, ?, ?)
make question 623
Hibernate: insert into question (answer, choice1, choice2, choice3, choice4, choice5, content, correct, create_date, filepath, modify_date, score, subject, teacher_id, time, view) values (?, ?, ?, ?, ?, ?, ?, ?, ?, ?, ?, ?, ?, ?, ?, ?)
make question 624
Hibernate: insert into question (answer, choice1, choice2, choice3, choice4, choice5, content, correct, create_date, filepath, modify_date, score, subject, teacher_id, time, view) values (?, ?, ?, ?, ?, ?, ?, ?, ?, ?, ?, ?, ?, ?, ?, ?)
make question 625
Hibernate: insert into question (answer, choice1, choice2, choice3, choice4, choice5, content, correct, create_date, filepath, modify_date, score, subject, teacher_id, time, view) values (?, ?, ?, ?, ?, ?, ?, ?, ?, ?, ?, ?, ?, ?, ?, ?)
make question 626
Hibernate: insert into question (answer, choice1, choice2, choice3, choice4, choice5, content, correct, create_date, filepath, modify_date, score, subject, teacher_id, time, view) values (?, ?, ?, ?, ?, ?, ?, ?, ?, ?, ?, ?, ?, ?, ?, ?)
make question 627
Hibernate: insert into question (answer, choice1, choice2, choice3, choice4, choice5, content, correct, create_date, filepath, modify_date, score, subject, teacher_id, time, view) values (?, ?, ?, ?, ?, ?, ?, ?, ?, ?, ?, ?, ?, ?, ?, ?)
make question 628
Hibernate: insert into question (answer, choice1, choice2, choice3, choice4, choice5, content, correct, create_date, filepath, modify_date, score, subject, teacher_id, time, view) values (?, ?, ?, ?, ?, ?, ?, ?, ?, ?, ?, ?, ?, ?, ?, ?)
make question 629
Hibernate: insert into question (answer, choice1, choice2, choice3, choice4, choice5, content, correct, create_date, filepath, modify_date, score, subject, teacher_id, time, view) values (?, ?, ?, ?, ?, ?, ?, ?, ?, ?, ?, ?, ?, ?, ?, ?)
make question 630
Hibernate: insert into question (answer, choice1, choice2, choice3, choice4, choice5, content, correct, create_date, filepath, modify_date, score, subject, teacher_id, time, view) values (?, ?, ?, ?, ?, ?, ?, ?, ?, ?, ?, ?, ?, ?, ?, ?)
make question 631
Hibernate: insert into question (answer, choice1, choice2, choice3, choice4, choice5, content, correct, create_date, filepath, modify_date, score, subject, teacher_id, time, view) values (?, ?, ?, ?, ?, ?, ?, ?, ?, ?, ?, ?, ?, ?, ?, ?)
make question 632
Hibernate: insert into question (answer, choice1, choice2, choice3, choice4, choice5, content, correct, create_date, filepath, modify_date, score, subject, teacher_id, time, view) values (?, ?, ?, ?, ?, ?, ?, ?, ?, ?, ?, ?, ?, ?, ?, ?)
make question 633
Hibernate: insert into question (answer, choice1, choice2, choice3, choice4, choice5, content, correct, create_date, filepath, modify_date, score, subject, teacher_id, time, view) values (?, ?, ?, ?, ?, ?, ?, ?, ?, ?, ?, ?, ?, ?, ?, ?)
make question 634
Hibernate: insert into question (answer, choice1, choice2, choice3, choice4, choice5, content, correct, create_date, filepath, modify_date, score, subject, teacher_id, time, view) values (?, ?, ?, ?, ?, ?, ?, ?, ?, ?, ?, ?, ?, ?, ?, ?)
make question 635
Hibernate: insert into question (answer, choice1, choice2, choice3, choice4, choice5, content, correct, create_date, filepath, modify_date, score, subject, teacher_id, time, view) values (?, ?, ?, ?, ?, ?, ?, ?, ?, ?, ?, ?, ?, ?, ?, ?)
make question 636
Hibernate: insert into question (answer, choice1, choice2, choice3, choice4, choice5, content, correct, create_date, filepath, modify_date, score, subject, teacher_id, time, view) values (?, ?, ?, ?, ?, ?, ?, ?, ?, ?, ?, ?, ?, ?, ?, ?)
make question 637
Hibernate: insert into question (answer, choice1, choice2, choice3, choice4, choice5, content, correct, create_date, filepath, modify_date, score, subject, teacher_id, time, view) values (?, ?, ?, ?, ?, ?, ?, ?, ?, ?, ?, ?, ?, ?, ?, ?)
make question 638
Hibernate: insert into question (answer, choice1, choice2, choice3, choice4, choice5, content, correct, create_date, filepath, modify_date, score, subject, teacher_id, time, view) values (?, ?, ?, ?, ?, ?, ?, ?, ?, ?, ?, ?, ?, ?, ?, ?)
make question 639
Hibernate: insert into question (answer, choice1, choice2, choice3, choice4, choice5, content, correct, create_date, filepath, modify_date, score, subject, teacher_id, time, view) values (?, ?, ?, ?, ?, ?, ?, ?, ?, ?, ?, ?, ?, ?, ?, ?)
make question 640
Hibernate: insert into question (answer, choice1, choice2, choice3, choice4, choice5, content, correct, create_date, filepath, modify_date, score, subject, teacher_id, time, view) values (?, ?, ?, ?, ?, ?, ?, ?, ?, ?, ?, ?, ?, ?, ?, ?)
make question 641
Hibernate: insert into question (answer, choice1, choice2, choice3, choice4, choice5, content, correct, create_date, filepath, modify_date, score, subject, teacher_id, time, view) values (?, ?, ?, ?, ?, ?, ?, ?, ?, ?, ?, ?, ?, ?, ?, ?)
make question 642
Hibernate: insert into question (answer, choice1, choice2, choice3, choice4, choice5, content, correct, create_date, filepath, modify_date, score, subject, teacher_id, time, view) values (?, ?, ?, ?, ?, ?, ?, ?, ?, ?, ?, ?, ?, ?, ?, ?)
make question 643
Hibernate: insert into question (answer, choice1, choice2, choice3, choice4, choice5, content, correct, create_date, filepath, modify_date, score, subject, teacher_id, time, view) values (?, ?, ?, ?, ?, ?, ?, ?, ?, ?, ?, ?, ?, ?, ?, ?)
make question 644
Hibernate: insert into question (answer, choice1, choice2, choice3, choice4, choice5, content, correct, create_date, filepath, modify_date, score, subject, teacher_id, time, view) values (?, ?, ?, ?, ?, ?, ?, ?, ?, ?, ?, ?, ?, ?, ?, ?)
make question 645
Hibernate: insert into question (answer, choice1, choice2, choice3, choice4, choice5, content, correct, create_date, filepath, modify_date, score, subject, teacher_id, time, view) values (?, ?, ?, ?, ?, ?, ?, ?, ?, ?, ?, ?, ?, ?, ?, ?)
make question 646
Hibernate: insert into question (answer, choice1, choice2, choice3, choice4, choice5, content, correct, create_date, filepath, modify_date, score, subject, teacher_id, time, view) values (?, ?, ?, ?, ?, ?, ?, ?, ?, ?, ?, ?, ?, ?, ?, ?)
make question 647
Hibernate: insert into question (answer, choice1, choice2, choice3, choice4, choice5, content, correct, create_date, filepath, modify_date, score, subject, teacher_id, time, view) values (?, ?, ?, ?, ?, ?, ?, ?, ?, ?, ?, ?, ?, ?, ?, ?)
make question 648
Hibernate: insert into question (answer, choice1, choice2, choice3, choice4, choice5, content, correct, create_date, filepath, modify_date, score, subject, teacher_id, time, view) values (?, ?, ?, ?, ?, ?, ?, ?, ?, ?, ?, ?, ?, ?, ?, ?)
make question 649
Hibernate: insert into question (answer, choice1, choice2, choice3, choice4, choice5, content, correct, create_date, filepath, modify_date, score, subject, teacher_id, time, view) values (?, ?, ?, ?, ?, ?, ?, ?, ?, ?, ?, ?, ?, ?, ?, ?)
make question 650
Hibernate: insert into question (answer, choice1, choice2, choice3, choice4, choice5, content, correct, create_date, filepath, modify_date, score, subject, teacher_id, time, view) values (?, ?, ?, ?, ?, ?, ?, ?, ?, ?, ?, ?, ?, ?, ?, ?)
make question 651
Hibernate: insert into question (answer, choice1, choice2, choice3, choice4, choice5, content, correct, create_date, filepath, modify_date, score, subject, teacher_id, time, view) values (?, ?, ?, ?, ?, ?, ?, ?, ?, ?, ?, ?, ?, ?, ?, ?)
make question 652
Hibernate: insert into question (answer, choice1, choice2, choice3, choice4, choice5, content, correct, create_date, filepath, modify_date, score, subject, teacher_id, time, view) values (?, ?, ?, ?, ?, ?, ?, ?, ?, ?, ?, ?, ?, ?, ?, ?)
make question 653
Hibernate: insert into question (answer, choice1, choice2, choice3, choice4, choice5, content, correct, create_date, filepath, modify_date, score, subject, teacher_id, time, view) values (?, ?, ?, ?, ?, ?, ?, ?, ?, ?, ?, ?, ?, ?, ?, ?)
make question 654
Hibernate: insert into question (answer, choice1, choice2, choice3, choice4, choice5, content, correct, create_date, filepath, modify_date, score, subject, teacher_id, time, view) values (?, ?, ?, ?, ?, ?, ?, ?, ?, ?, ?, ?, ?, ?, ?, ?)
make question 655
Hibernate: insert into question (answer, choice1, choice2, choice3, choice4, choice5, content, correct, create_date, filepath, modify_date, score, subject, teacher_id, time, view) values (?, ?, ?, ?, ?, ?, ?, ?, ?, ?, ?, ?, ?, ?, ?, ?)
make question 656
Hibernate: insert into question (answer, choice1, choice2, choice3, choice4, choice5, content, correct, create_date, filepath, modify_date, score, subject, teacher_id, time, view) values (?, ?, ?, ?, ?, ?, ?, ?, ?, ?, ?, ?, ?, ?, ?, ?)
make question 657
Hibernate: insert into question (answer, choice1, choice2, choice3, choice4, choice5, content, correct, create_date, filepath, modify_date, score, subject, teacher_id, time, view) values (?, ?, ?, ?, ?, ?, ?, ?, ?, ?, ?, ?, ?, ?, ?, ?)
make question 658
Hibernate: insert into question (answer, choice1, choice2, choice3, choice4, choice5, content, correct, create_date, filepath, modify_date, score, subject, teacher_id, time, view) values (?, ?, ?, ?, ?, ?, ?, ?, ?, ?, ?, ?, ?, ?, ?, ?)
make question 659
Hibernate: insert into question (answer, choice1, choice2, choice3, choice4, choice5, content, correct, create_date, filepath, modify_date, score, subject, teacher_id, time, view) values (?, ?, ?, ?, ?, ?, ?, ?, ?, ?, ?, ?, ?, ?, ?, ?)
make question 660
Hibernate: insert into question (answer, choice1, choice2, choice3, choice4, choice5, content, correct, create_date, filepath, modify_date, score, subject, teacher_id, time, view) values (?, ?, ?, ?, ?, ?, ?, ?, ?, ?, ?, ?, ?, ?, ?, ?)
make question 661
Hibernate: insert into question (answer, choice1, choice2, choice3, choice4, choice5, content, correct, create_date, filepath, modify_date, score, subject, teacher_id, time, view) values (?, ?, ?, ?, ?, ?, ?, ?, ?, ?, ?, ?, ?, ?, ?, ?)
make question 662
Hibernate: insert into question (answer, choice1, choice2, choice3, choice4, choice5, content, correct, create_date, filepath, modify_date, score, subject, teacher_id, time, view) values (?, ?, ?, ?, ?, ?, ?, ?, ?, ?, ?, ?, ?, ?, ?, ?)
make question 663
Hibernate: insert into question (answer, choice1, choice2, choice3, choice4, choice5, content, correct, create_date, filepath, modify_date, score, subject, teacher_id, time, view) values (?, ?, ?, ?, ?, ?, ?, ?, ?, ?, ?, ?, ?, ?, ?, ?)
make question 664
Hibernate: insert into question (answer, choice1, choice2, choice3, choice4, choice5, content, correct, create_date, filepath, modify_date, score, subject, teacher_id, time, view) values (?, ?, ?, ?, ?, ?, ?, ?, ?, ?, ?, ?, ?, ?, ?, ?)
make question 665
Hibernate: insert into question (answer, choice1, choice2, choice3, choice4, choice5, content, correct, create_date, filepath, modify_date, score, subject, teacher_id, time, view) values (?, ?, ?, ?, ?, ?, ?, ?, ?, ?, ?, ?, ?, ?, ?, ?)
make question 666
Hibernate: insert into question (answer, choice1, choice2, choice3, choice4, choice5, content, correct, create_date, filepath, modify_date, score, subject, teacher_id, time, view) values (?, ?, ?, ?, ?, ?, ?, ?, ?, ?, ?, ?, ?, ?, ?, ?)
make question 667
Hibernate: insert into question (answer, choice1, choice2, choice3, choice4, choice5, content, correct, create_date, filepath, modify_date, score, subject, teacher_id, time, view) values (?, ?, ?, ?, ?, ?, ?, ?, ?, ?, ?, ?, ?, ?, ?, ?)
make question 668
Hibernate: insert into question (answer, choice1, choice2, choice3, choice4, choice5, content, correct, create_date, filepath, modify_date, score, subject, teacher_id, time, view) values (?, ?, ?, ?, ?, ?, ?, ?, ?, ?, ?, ?, ?, ?, ?, ?)
make question 669
Hibernate: insert into question (answer, choice1, choice2, choice3, choice4, choice5, content, correct, create_date, filepath, modify_date, score, subject, teacher_id, time, view) values (?, ?, ?, ?, ?, ?, ?, ?, ?, ?, ?, ?, ?, ?, ?, ?)
make question 670
Hibernate: insert into question (answer, choice1, choice2, choice3, choice4, choice5, content, correct, create_date, filepath, modify_date, score, subject, teacher_id, time, view) values (?, ?, ?, ?, ?, ?, ?, ?, ?, ?, ?, ?, ?, ?, ?, ?)
make question 671
Hibernate: insert into question (answer, choice1, choice2, choice3, choice4, choice5, content, correct, create_date, filepath, modify_date, score, subject, teacher_id, time, view) values (?, ?, ?, ?, ?, ?, ?, ?, ?, ?, ?, ?, ?, ?, ?, ?)
make question 672
Hibernate: insert into question (answer, choice1, choice2, choice3, choice4, choice5, content, correct, create_date, filepath, modify_date, score, subject, teacher_id, time, view) values (?, ?, ?, ?, ?, ?, ?, ?, ?, ?, ?, ?, ?, ?, ?, ?)
make question 673
Hibernate: insert into question (answer, choice1, choice2, choice3, choice4, choice5, content, correct, create_date, filepath, modify_date, score, subject, teacher_id, time, view) values (?, ?, ?, ?, ?, ?, ?, ?, ?, ?, ?, ?, ?, ?, ?, ?)
make question 674
Hibernate: insert into question (answer, choice1, choice2, choice3, choice4, choice5, content, correct, create_date, filepath, modify_date, score, subject, teacher_id, time, view) values (?, ?, ?, ?, ?, ?, ?, ?, ?, ?, ?, ?, ?, ?, ?, ?)
make question 675
Hibernate: insert into question (answer, choice1, choice2, choice3, choice4, choice5, content, correct, create_date, filepath, modify_date, score, subject, teacher_id, time, view) values (?, ?, ?, ?, ?, ?, ?, ?, ?, ?, ?, ?, ?, ?, ?, ?)
make question 676
Hibernate: insert into question (answer, choice1, choice2, choice3, choice4, choice5, content, correct, create_date, filepath, modify_date, score, subject, teacher_id, time, view) values (?, ?, ?, ?, ?, ?, ?, ?, ?, ?, ?, ?, ?, ?, ?, ?)
make question 677
Hibernate: insert into question (answer, choice1, choice2, choice3, choice4, choice5, content, correct, create_date, filepath, modify_date, score, subject, teacher_id, time, view) values (?, ?, ?, ?, ?, ?, ?, ?, ?, ?, ?, ?, ?, ?, ?, ?)
make question 678
Hibernate: insert into question (answer, choice1, choice2, choice3, choice4, choice5, content, correct, create_date, filepath, modify_date, score, subject, teacher_id, time, view) values (?, ?, ?, ?, ?, ?, ?, ?, ?, ?, ?, ?, ?, ?, ?, ?)
make question 679
Hibernate: insert into question (answer, choice1, choice2, choice3, choice4, choice5, content, correct, create_date, filepath, modify_date, score, subject, teacher_id, time, view) values (?, ?, ?, ?, ?, ?, ?, ?, ?, ?, ?, ?, ?, ?, ?, ?)
make question 680
Hibernate: insert into question (answer, choice1, choice2, choice3, choice4, choice5, content, correct, create_date, filepath, modify_date, score, subject, teacher_id, time, view) values (?, ?, ?, ?, ?, ?, ?, ?, ?, ?, ?, ?, ?, ?, ?, ?)
make question 681
Hibernate: insert into question (answer, choice1, choice2, choice3, choice4, choice5, content, correct, create_date, filepath, modify_date, score, subject, teacher_id, time, view) values (?, ?, ?, ?, ?, ?, ?, ?, ?, ?, ?, ?, ?, ?, ?, ?)
make question 682
Hibernate: insert into question (answer, choice1, choice2, choice3, choice4, choice5, content, correct, create_date, filepath, modify_date, score, subject, teacher_id, time, view) values (?, ?, ?, ?, ?, ?, ?, ?, ?, ?, ?, ?, ?, ?, ?, ?)
make question 683
Hibernate: insert into question (answer, choice1, choice2, choice3, choice4, choice5, content, correct, create_date, filepath, modify_date, score, subject, teacher_id, time, view) values (?, ?, ?, ?, ?, ?, ?, ?, ?, ?, ?, ?, ?, ?, ?, ?)
make question 684
Hibernate: insert into question (answer, choice1, choice2, choice3, choice4, choice5, content, correct, create_date, filepath, modify_date, score, subject, teacher_id, time, view) values (?, ?, ?, ?, ?, ?, ?, ?, ?, ?, ?, ?, ?, ?, ?, ?)
make question 685
Hibernate: insert into question (answer, choice1, choice2, choice3, choice4, choice5, content, correct, create_date, filepath, modify_date, score, subject, teacher_id, time, view) values (?, ?, ?, ?, ?, ?, ?, ?, ?, ?, ?, ?, ?, ?, ?, ?)
make question 686
Hibernate: insert into question (answer, choice1, choice2, choice3, choice4, choice5, content, correct, create_date, filepath, modify_date, score, subject, teacher_id, time, view) values (?, ?, ?, ?, ?, ?, ?, ?, ?, ?, ?, ?, ?, ?, ?, ?)
make question 687
Hibernate: insert into question (answer, choice1, choice2, choice3, choice4, choice5, content, correct, create_date, filepath, modify_date, score, subject, teacher_id, time, view) values (?, ?, ?, ?, ?, ?, ?, ?, ?, ?, ?, ?, ?, ?, ?, ?)
make question 688
Hibernate: insert into question (answer, choice1, choice2, choice3, choice4, choice5, content, correct, create_date, filepath, modify_date, score, subject, teacher_id, time, view) values (?, ?, ?, ?, ?, ?, ?, ?, ?, ?, ?, ?, ?, ?, ?, ?)
make question 689
Hibernate: insert into question (answer, choice1, choice2, choice3, choice4, choice5, content, correct, create_date, filepath, modify_date, score, subject, teacher_id, time, view) values (?, ?, ?, ?, ?, ?, ?, ?, ?, ?, ?, ?, ?, ?, ?, ?)
make question 690
Hibernate: insert into question (answer, choice1, choice2, choice3, choice4, choice5, content, correct, create_date, filepath, modify_date, score, subject, teacher_id, time, view) values (?, ?, ?, ?, ?, ?, ?, ?, ?, ?, ?, ?, ?, ?, ?, ?)
make question 691
Hibernate: insert into question (answer, choice1, choice2, choice3, choice4, choice5, content, correct, create_date, filepath, modify_date, score, subject, teacher_id, time, view) values (?, ?, ?, ?, ?, ?, ?, ?, ?, ?, ?, ?, ?, ?, ?, ?)
make question 692
Hibernate: insert into question (answer, choice1, choice2, choice3, choice4, choice5, content, correct, create_date, filepath, modify_date, score, subject, teacher_id, time, view) values (?, ?, ?, ?, ?, ?, ?, ?, ?, ?, ?, ?, ?, ?, ?, ?)
make question 693
Hibernate: insert into question (answer, choice1, choice2, choice3, choice4, choice5, content, correct, create_date, filepath, modify_date, score, subject, teacher_id, time, view) values (?, ?, ?, ?, ?, ?, ?, ?, ?, ?, ?, ?, ?, ?, ?, ?)
make question 694
Hibernate: insert into question (answer, choice1, choice2, choice3, choice4, choice5, content, correct, create_date, filepath, modify_date, score, subject, teacher_id, time, view) values (?, ?, ?, ?, ?, ?, ?, ?, ?, ?, ?, ?, ?, ?, ?, ?)
make question 695
Hibernate: insert into question (answer, choice1, choice2, choice3, choice4, choice5, content, correct, create_date, filepath, modify_date, score, subject, teacher_id, time, view) values (?, ?, ?, ?, ?, ?, ?, ?, ?, ?, ?, ?, ?, ?, ?, ?)
make question 696
Hibernate: insert into question (answer, choice1, choice2, choice3, choice4, choice5, content, correct, create_date, filepath, modify_date, score, subject, teacher_id, time, view) values (?, ?, ?, ?, ?, ?, ?, ?, ?, ?, ?, ?, ?, ?, ?, ?)
make question 697
Hibernate: insert into question (answer, choice1, choice2, choice3, choice4, choice5, content, correct, create_date, filepath, modify_date, score, subject, teacher_id, time, view) values (?, ?, ?, ?, ?, ?, ?, ?, ?, ?, ?, ?, ?, ?, ?, ?)
make question 698
Hibernate: insert into question (answer, choice1, choice2, choice3, choice4, choice5, content, correct, create_date, filepath, modify_date, score, subject, teacher_id, time, view) values (?, ?, ?, ?, ?, ?, ?, ?, ?, ?, ?, ?, ?, ?, ?, ?)
make question 699
Hibernate: insert into question (answer, choice1, choice2, choice3, choice4, choice5, content, correct, create_date, filepath, modify_date, score, subject, teacher_id, time, view) values (?, ?, ?, ?, ?, ?, ?, ?, ?, ?, ?, ?, ?, ?, ?, ?)
make question 700
Hibernate: insert into question (answer, choice1, choice2, choice3, choice4, choice5, content, correct, create_date, filepath, modify_date, score, subject, teacher_id, time, view) values (?, ?, ?, ?, ?, ?, ?, ?, ?, ?, ?, ?, ?, ?, ?, ?)
make question 701
Hibernate: insert into question (answer, choice1, choice2, choice3, choice4, choice5, content, correct, create_date, filepath, modify_date, score, subject, teacher_id, time, view) values (?, ?, ?, ?, ?, ?, ?, ?, ?, ?, ?, ?, ?, ?, ?, ?)
make question 702
Hibernate: insert into question (answer, choice1, choice2, choice3, choice4, choice5, content, correct, create_date, filepath, modify_date, score, subject, teacher_id, time, view) values (?, ?, ?, ?, ?, ?, ?, ?, ?, ?, ?, ?, ?, ?, ?, ?)
make question 703
Hibernate: insert into question (answer, choice1, choice2, choice3, choice4, choice5, content, correct, create_date, filepath, modify_date, score, subject, teacher_id, time, view) values (?, ?, ?, ?, ?, ?, ?, ?, ?, ?, ?, ?, ?, ?, ?, ?)
make question 704
Hibernate: insert into question (answer, choice1, choice2, choice3, choice4, choice5, content, correct, create_date, filepath, modify_date, score, subject, teacher_id, time, view) values (?, ?, ?, ?, ?, ?, ?, ?, ?, ?, ?, ?, ?, ?, ?, ?)
make question 705
Hibernate: insert into question (answer, choice1, choice2, choice3, choice4, choice5, content, correct, create_date, filepath, modify_date, score, subject, teacher_id, time, view) values (?, ?, ?, ?, ?, ?, ?, ?, ?, ?, ?, ?, ?, ?, ?, ?)
make question 706
Hibernate: insert into question (answer, choice1, choice2, choice3, choice4, choice5, content, correct, create_date, filepath, modify_date, score, subject, teacher_id, time, view) values (?, ?, ?, ?, ?, ?, ?, ?, ?, ?, ?, ?, ?, ?, ?, ?)
make question 707
Hibernate: insert into question (answer, choice1, choice2, choice3, choice4, choice5, content, correct, create_date, filepath, modify_date, score, subject, teacher_id, time, view) values (?, ?, ?, ?, ?, ?, ?, ?, ?, ?, ?, ?, ?, ?, ?, ?)
make question 708
Hibernate: insert into question (answer, choice1, choice2, choice3, choice4, choice5, content, correct, create_date, filepath, modify_date, score, subject, teacher_id, time, view) values (?, ?, ?, ?, ?, ?, ?, ?, ?, ?, ?, ?, ?, ?, ?, ?)
make question 709
Hibernate: insert into question (answer, choice1, choice2, choice3, choice4, choice5, content, correct, create_date, filepath, modify_date, score, subject, teacher_id, time, view) values (?, ?, ?, ?, ?, ?, ?, ?, ?, ?, ?, ?, ?, ?, ?, ?)
make question 710
Hibernate: insert into question (answer, choice1, choice2, choice3, choice4, choice5, content, correct, create_date, filepath, modify_date, score, subject, teacher_id, time, view) values (?, ?, ?, ?, ?, ?, ?, ?, ?, ?, ?, ?, ?, ?, ?, ?)
make question 711
Hibernate: insert into question (answer, choice1, choice2, choice3, choice4, choice5, content, correct, create_date, filepath, modify_date, score, subject, teacher_id, time, view) values (?, ?, ?, ?, ?, ?, ?, ?, ?, ?, ?, ?, ?, ?, ?, ?)
make question 712
Hibernate: insert into question (answer, choice1, choice2, choice3, choice4, choice5, content, correct, create_date, filepath, modify_date, score, subject, teacher_id, time, view) values (?, ?, ?, ?, ?, ?, ?, ?, ?, ?, ?, ?, ?, ?, ?, ?)
make question 713
Hibernate: insert into question (answer, choice1, choice2, choice3, choice4, choice5, content, correct, create_date, filepath, modify_date, score, subject, teacher_id, time, view) values (?, ?, ?, ?, ?, ?, ?, ?, ?, ?, ?, ?, ?, ?, ?, ?)
make question 714
Hibernate: insert into question (answer, choice1, choice2, choice3, choice4, choice5, content, correct, create_date, filepath, modify_date, score, subject, teacher_id, time, view) values (?, ?, ?, ?, ?, ?, ?, ?, ?, ?, ?, ?, ?, ?, ?, ?)
make question 715
Hibernate: insert into question (answer, choice1, choice2, choice3, choice4, choice5, content, correct, create_date, filepath, modify_date, score, subject, teacher_id, time, view) values (?, ?, ?, ?, ?, ?, ?, ?, ?, ?, ?, ?, ?, ?, ?, ?)
make question 716
Hibernate: insert into question (answer, choice1, choice2, choice3, choice4, choice5, content, correct, create_date, filepath, modify_date, score, subject, teacher_id, time, view) values (?, ?, ?, ?, ?, ?, ?, ?, ?, ?, ?, ?, ?, ?, ?, ?)
make question 717
Hibernate: insert into question (answer, choice1, choice2, choice3, choice4, choice5, content, correct, create_date, filepath, modify_date, score, subject, teacher_id, time, view) values (?, ?, ?, ?, ?, ?, ?, ?, ?, ?, ?, ?, ?, ?, ?, ?)
make question 718
Hibernate: insert into question (answer, choice1, choice2, choice3, choice4, choice5, content, correct, create_date, filepath, modify_date, score, subject, teacher_id, time, view) values (?, ?, ?, ?, ?, ?, ?, ?, ?, ?, ?, ?, ?, ?, ?, ?)
make question 719
Hibernate: insert into question (answer, choice1, choice2, choice3, choice4, choice5, content, correct, create_date, filepath, modify_date, score, subject, teacher_id, time, view) values (?, ?, ?, ?, ?, ?, ?, ?, ?, ?, ?, ?, ?, ?, ?, ?)
make question 720
Hibernate: insert into question (answer, choice1, choice2, choice3, choice4, choice5, content, correct, create_date, filepath, modify_date, score, subject, teacher_id, time, view) values (?, ?, ?, ?, ?, ?, ?, ?, ?, ?, ?, ?, ?, ?, ?, ?)
make question 721
Hibernate: insert into question (answer, choice1, choice2, choice3, choice4, choice5, content, correct, create_date, filepath, modify_date, score, subject, teacher_id, time, view) values (?, ?, ?, ?, ?, ?, ?, ?, ?, ?, ?, ?, ?, ?, ?, ?)
make question 722
Hibernate: insert into question (answer, choice1, choice2, choice3, choice4, choice5, content, correct, create_date, filepath, modify_date, score, subject, teacher_id, time, view) values (?, ?, ?, ?, ?, ?, ?, ?, ?, ?, ?, ?, ?, ?, ?, ?)
make question 723
Hibernate: insert into question (answer, choice1, choice2, choice3, choice4, choice5, content, correct, create_date, filepath, modify_date, score, subject, teacher_id, time, view) values (?, ?, ?, ?, ?, ?, ?, ?, ?, ?, ?, ?, ?, ?, ?, ?)
make question 724
Hibernate: insert into question (answer, choice1, choice2, choice3, choice4, choice5, content, correct, create_date, filepath, modify_date, score, subject, teacher_id, time, view) values (?, ?, ?, ?, ?, ?, ?, ?, ?, ?, ?, ?, ?, ?, ?, ?)
make question 725
Hibernate: insert into question (answer, choice1, choice2, choice3, choice4, choice5, content, correct, create_date, filepath, modify_date, score, subject, teacher_id, time, view) values (?, ?, ?, ?, ?, ?, ?, ?, ?, ?, ?, ?, ?, ?, ?, ?)
make question 726
Hibernate: insert into question (answer, choice1, choice2, choice3, choice4, choice5, content, correct, create_date, filepath, modify_date, score, subject, teacher_id, time, view) values (?, ?, ?, ?, ?, ?, ?, ?, ?, ?, ?, ?, ?, ?, ?, ?)
make question 727
Hibernate: insert into question (answer, choice1, choice2, choice3, choice4, choice5, content, correct, create_date, filepath, modify_date, score, subject, teacher_id, time, view) values (?, ?, ?, ?, ?, ?, ?, ?, ?, ?, ?, ?, ?, ?, ?, ?)
make question 728
Hibernate: insert into question (answer, choice1, choice2, choice3, choice4, choice5, content, correct, create_date, filepath, modify_date, score, subject, teacher_id, time, view) values (?, ?, ?, ?, ?, ?, ?, ?, ?, ?, ?, ?, ?, ?, ?, ?)
make question 729
Hibernate: insert into question (answer, choice1, choice2, choice3, choice4, choice5, content, correct, create_date, filepath, modify_date, score, subject, teacher_id, time, view) values (?, ?, ?, ?, ?, ?, ?, ?, ?, ?, ?, ?, ?, ?, ?, ?)
make question 730
Hibernate: insert into question (answer, choice1, choice2, choice3, choice4, choice5, content, correct, create_date, filepath, modify_date, score, subject, teacher_id, time, view) values (?, ?, ?, ?, ?, ?, ?, ?, ?, ?, ?, ?, ?, ?, ?, ?)
make question 731
Hibernate: insert into question (answer, choice1, choice2, choice3, choice4, choice5, content, correct, create_date, filepath, modify_date, score, subject, teacher_id, time, view) values (?, ?, ?, ?, ?, ?, ?, ?, ?, ?, ?, ?, ?, ?, ?, ?)
make question 732
Hibernate: insert into question (answer, choice1, choice2, choice3, choice4, choice5, content, correct, create_date, filepath, modify_date, score, subject, teacher_id, time, view) values (?, ?, ?, ?, ?, ?, ?, ?, ?, ?, ?, ?, ?, ?, ?, ?)
make question 733
Hibernate: insert into question (answer, choice1, choice2, choice3, choice4, choice5, content, correct, create_date, filepath, modify_date, score, subject, teacher_id, time, view) values (?, ?, ?, ?, ?, ?, ?, ?, ?, ?, ?, ?, ?, ?, ?, ?)
make question 734
Hibernate: insert into question (answer, choice1, choice2, choice3, choice4, choice5, content, correct, create_date, filepath, modify_date, score, subject, teacher_id, time, view) values (?, ?, ?, ?, ?, ?, ?, ?, ?, ?, ?, ?, ?, ?, ?, ?)
make question 735
Hibernate: insert into question (answer, choice1, choice2, choice3, choice4, choice5, content, correct, create_date, filepath, modify_date, score, subject, teacher_id, time, view) values (?, ?, ?, ?, ?, ?, ?, ?, ?, ?, ?, ?, ?, ?, ?, ?)
make question 736
Hibernate: insert into question (answer, choice1, choice2, choice3, choice4, choice5, content, correct, create_date, filepath, modify_date, score, subject, teacher_id, time, view) values (?, ?, ?, ?, ?, ?, ?, ?, ?, ?, ?, ?, ?, ?, ?, ?)
make question 737
Hibernate: insert into question (answer, choice1, choice2, choice3, choice4, choice5, content, correct, create_date, filepath, modify_date, score, subject, teacher_id, time, view) values (?, ?, ?, ?, ?, ?, ?, ?, ?, ?, ?, ?, ?, ?, ?, ?)
make question 738
Hibernate: insert into question (answer, choice1, choice2, choice3, choice4, choice5, content, correct, create_date, filepath, modify_date, score, subject, teacher_id, time, view) values (?, ?, ?, ?, ?, ?, ?, ?, ?, ?, ?, ?, ?, ?, ?, ?)
make question 739
Hibernate: insert into question (answer, choice1, choice2, choice3, choice4, choice5, content, correct, create_date, filepath, modify_date, score, subject, teacher_id, time, view) values (?, ?, ?, ?, ?, ?, ?, ?, ?, ?, ?, ?, ?, ?, ?, ?)
make question 740
Hibernate: insert into question (answer, choice1, choice2, choice3, choice4, choice5, content, correct, create_date, filepath, modify_date, score, subject, teacher_id, time, view) values (?, ?, ?, ?, ?, ?, ?, ?, ?, ?, ?, ?, ?, ?, ?, ?)
make question 741
Hibernate: insert into question (answer, choice1, choice2, choice3, choice4, choice5, content, correct, create_date, filepath, modify_date, score, subject, teacher_id, time, view) values (?, ?, ?, ?, ?, ?, ?, ?, ?, ?, ?, ?, ?, ?, ?, ?)
make question 742
Hibernate: insert into question (answer, choice1, choice2, choice3, choice4, choice5, content, correct, create_date, filepath, modify_date, score, subject, teacher_id, time, view) values (?, ?, ?, ?, ?, ?, ?, ?, ?, ?, ?, ?, ?, ?, ?, ?)
make question 743
Hibernate: insert into question (answer, choice1, choice2, choice3, choice4, choice5, content, correct, create_date, filepath, modify_date, score, subject, teacher_id, time, view) values (?, ?, ?, ?, ?, ?, ?, ?, ?, ?, ?, ?, ?, ?, ?, ?)
make question 744
Hibernate: insert into question (answer, choice1, choice2, choice3, choice4, choice5, content, correct, create_date, filepath, modify_date, score, subject, teacher_id, time, view) values (?, ?, ?, ?, ?, ?, ?, ?, ?, ?, ?, ?, ?, ?, ?, ?)
make question 745
Hibernate: insert into question (answer, choice1, choice2, choice3, choice4, choice5, content, correct, create_date, filepath, modify_date, score, subject, teacher_id, time, view) values (?, ?, ?, ?, ?, ?, ?, ?, ?, ?, ?, ?, ?, ?, ?, ?)
make question 746
Hibernate: insert into question (answer, choice1, choice2, choice3, choice4, choice5, content, correct, create_date, filepath, modify_date, score, subject, teacher_id, time, view) values (?, ?, ?, ?, ?, ?, ?, ?, ?, ?, ?, ?, ?, ?, ?, ?)
make question 747
Hibernate: insert into question (answer, choice1, choice2, choice3, choice4, choice5, content, correct, create_date, filepath, modify_date, score, subject, teacher_id, time, view) values (?, ?, ?, ?, ?, ?, ?, ?, ?, ?, ?, ?, ?, ?, ?, ?)
make question 748
Hibernate: insert into question (answer, choice1, choice2, choice3, choice4, choice5, content, correct, create_date, filepath, modify_date, score, subject, teacher_id, time, view) values (?, ?, ?, ?, ?, ?, ?, ?, ?, ?, ?, ?, ?, ?, ?, ?)
make question 749
Hibernate: insert into question (answer, choice1, choice2, choice3, choice4, choice5, content, correct, create_date, filepath, modify_date, score, subject, teacher_id, time, view) values (?, ?, ?, ?, ?, ?, ?, ?, ?, ?, ?, ?, ?, ?, ?, ?)
make question 750
Hibernate: insert into question (answer, choice1, choice2, choice3, choice4, choice5, content, correct, create_date, filepath, modify_date, score, subject, teacher_id, time, view) values (?, ?, ?, ?, ?, ?, ?, ?, ?, ?, ?, ?, ?, ?, ?, ?)
make question 751
Hibernate: insert into question (answer, choice1, choice2, choice3, choice4, choice5, content, correct, create_date, filepath, modify_date, score, subject, teacher_id, time, view) values (?, ?, ?, ?, ?, ?, ?, ?, ?, ?, ?, ?, ?, ?, ?, ?)
make question 752
Hibernate: insert into question (answer, choice1, choice2, choice3, choice4, choice5, content, correct, create_date, filepath, modify_date, score, subject, teacher_id, time, view) values (?, ?, ?, ?, ?, ?, ?, ?, ?, ?, ?, ?, ?, ?, ?, ?)
make question 753
Hibernate: insert into question (answer, choice1, choice2, choice3, choice4, choice5, content, correct, create_date, filepath, modify_date, score, subject, teacher_id, time, view) values (?, ?, ?, ?, ?, ?, ?, ?, ?, ?, ?, ?, ?, ?, ?, ?)
make question 754
Hibernate: insert into question (answer, choice1, choice2, choice3, choice4, choice5, content, correct, create_date, filepath, modify_date, score, subject, teacher_id, time, view) values (?, ?, ?, ?, ?, ?, ?, ?, ?, ?, ?, ?, ?, ?, ?, ?)
make question 755
Hibernate: insert into question (answer, choice1, choice2, choice3, choice4, choice5, content, correct, create_date, filepath, modify_date, score, subject, teacher_id, time, view) values (?, ?, ?, ?, ?, ?, ?, ?, ?, ?, ?, ?, ?, ?, ?, ?)
make question 756
Hibernate: insert into question (answer, choice1, choice2, choice3, choice4, choice5, content, correct, create_date, filepath, modify_date, score, subject, teacher_id, time, view) values (?, ?, ?, ?, ?, ?, ?, ?, ?, ?, ?, ?, ?, ?, ?, ?)
make question 757
Hibernate: insert into question (answer, choice1, choice2, choice3, choice4, choice5, content, correct, create_date, filepath, modify_date, score, subject, teacher_id, time, view) values (?, ?, ?, ?, ?, ?, ?, ?, ?, ?, ?, ?, ?, ?, ?, ?)
make question 758
Hibernate: insert into question (answer, choice1, choice2, choice3, choice4, choice5, content, correct, create_date, filepath, modify_date, score, subject, teacher_id, time, view) values (?, ?, ?, ?, ?, ?, ?, ?, ?, ?, ?, ?, ?, ?, ?, ?)
make question 759
Hibernate: insert into question (answer, choice1, choice2, choice3, choice4, choice5, content, correct, create_date, filepath, modify_date, score, subject, teacher_id, time, view) values (?, ?, ?, ?, ?, ?, ?, ?, ?, ?, ?, ?, ?, ?, ?, ?)
make question 760
Hibernate: insert into question (answer, choice1, choice2, choice3, choice4, choice5, content, correct, create_date, filepath, modify_date, score, subject, teacher_id, time, view) values (?, ?, ?, ?, ?, ?, ?, ?, ?, ?, ?, ?, ?, ?, ?, ?)
make question 761
Hibernate: insert into question (answer, choice1, choice2, choice3, choice4, choice5, content, correct, create_date, filepath, modify_date, score, subject, teacher_id, time, view) values (?, ?, ?, ?, ?, ?, ?, ?, ?, ?, ?, ?, ?, ?, ?, ?)
make question 762
Hibernate: insert into question (answer, choice1, choice2, choice3, choice4, choice5, content, correct, create_date, filepath, modify_date, score, subject, teacher_id, time, view) values (?, ?, ?, ?, ?, ?, ?, ?, ?, ?, ?, ?, ?, ?, ?, ?)
make question 763
Hibernate: insert into question (answer, choice1, choice2, choice3, choice4, choice5, content, correct, create_date, filepath, modify_date, score, subject, teacher_id, time, view) values (?, ?, ?, ?, ?, ?, ?, ?, ?, ?, ?, ?, ?, ?, ?, ?)
make question 764
Hibernate: insert into question (answer, choice1, choice2, choice3, choice4, choice5, content, correct, create_date, filepath, modify_date, score, subject, teacher_id, time, view) values (?, ?, ?, ?, ?, ?, ?, ?, ?, ?, ?, ?, ?, ?, ?, ?)
make question 765
Hibernate: insert into question (answer, choice1, choice2, choice3, choice4, choice5, content, correct, create_date, filepath, modify_date, score, subject, teacher_id, time, view) values (?, ?, ?, ?, ?, ?, ?, ?, ?, ?, ?, ?, ?, ?, ?, ?)
make question 766
Hibernate: insert into question (answer, choice1, choice2, choice3, choice4, choice5, content, correct, create_date, filepath, modify_date, score, subject, teacher_id, time, view) values (?, ?, ?, ?, ?, ?, ?, ?, ?, ?, ?, ?, ?, ?, ?, ?)
make question 767
Hibernate: insert into question (answer, choice1, choice2, choice3, choice4, choice5, content, correct, create_date, filepath, modify_date, score, subject, teacher_id, time, view) values (?, ?, ?, ?, ?, ?, ?, ?, ?, ?, ?, ?, ?, ?, ?, ?)
make question 768
Hibernate: insert into question (answer, choice1, choice2, choice3, choice4, choice5, content, correct, create_date, filepath, modify_date, score, subject, teacher_id, time, view) values (?, ?, ?, ?, ?, ?, ?, ?, ?, ?, ?, ?, ?, ?, ?, ?)
make question 769
Hibernate: insert into question (answer, choice1, choice2, choice3, choice4, choice5, content, correct, create_date, filepath, modify_date, score, subject, teacher_id, time, view) values (?, ?, ?, ?, ?, ?, ?, ?, ?, ?, ?, ?, ?, ?, ?, ?)
make question 770
Hibernate: insert into question (answer, choice1, choice2, choice3, choice4, choice5, content, correct, create_date, filepath, modify_date, score, subject, teacher_id, time, view) values (?, ?, ?, ?, ?, ?, ?, ?, ?, ?, ?, ?, ?, ?, ?, ?)
make question 771
Hibernate: insert into question (answer, choice1, choice2, choice3, choice4, choice5, content, correct, create_date, filepath, modify_date, score, subject, teacher_id, time, view) values (?, ?, ?, ?, ?, ?, ?, ?, ?, ?, ?, ?, ?, ?, ?, ?)
make question 772
Hibernate: insert into question (answer, choice1, choice2, choice3, choice4, choice5, content, correct, create_date, filepath, modify_date, score, subject, teacher_id, time, view) values (?, ?, ?, ?, ?, ?, ?, ?, ?, ?, ?, ?, ?, ?, ?, ?)
make question 773
Hibernate: insert into question (answer, choice1, choice2, choice3, choice4, choice5, content, correct, create_date, filepath, modify_date, score, subject, teacher_id, time, view) values (?, ?, ?, ?, ?, ?, ?, ?, ?, ?, ?, ?, ?, ?, ?, ?)
make question 774
Hibernate: insert into question (answer, choice1, choice2, choice3, choice4, choice5, content, correct, create_date, filepath, modify_date, score, subject, teacher_id, time, view) values (?, ?, ?, ?, ?, ?, ?, ?, ?, ?, ?, ?, ?, ?, ?, ?)
make question 775
Hibernate: insert into question (answer, choice1, choice2, choice3, choice4, choice5, content, correct, create_date, filepath, modify_date, score, subject, teacher_id, time, view) values (?, ?, ?, ?, ?, ?, ?, ?, ?, ?, ?, ?, ?, ?, ?, ?)
make question 776
Hibernate: insert into question (answer, choice1, choice2, choice3, choice4, choice5, content, correct, create_date, filepath, modify_date, score, subject, teacher_id, time, view) values (?, ?, ?, ?, ?, ?, ?, ?, ?, ?, ?, ?, ?, ?, ?, ?)
make question 777
Hibernate: insert into question (answer, choice1, choice2, choice3, choice4, choice5, content, correct, create_date, filepath, modify_date, score, subject, teacher_id, time, view) values (?, ?, ?, ?, ?, ?, ?, ?, ?, ?, ?, ?, ?, ?, ?, ?)
make question 778
Hibernate: insert into question (answer, choice1, choice2, choice3, choice4, choice5, content, correct, create_date, filepath, modify_date, score, subject, teacher_id, time, view) values (?, ?, ?, ?, ?, ?, ?, ?, ?, ?, ?, ?, ?, ?, ?, ?)
make question 779
Hibernate: insert into question (answer, choice1, choice2, choice3, choice4, choice5, content, correct, create_date, filepath, modify_date, score, subject, teacher_id, time, view) values (?, ?, ?, ?, ?, ?, ?, ?, ?, ?, ?, ?, ?, ?, ?, ?)
make question 780
Hibernate: insert into question (answer, choice1, choice2, choice3, choice4, choice5, content, correct, create_date, filepath, modify_date, score, subject, teacher_id, time, view) values (?, ?, ?, ?, ?, ?, ?, ?, ?, ?, ?, ?, ?, ?, ?, ?)
make question 781
Hibernate: insert into question (answer, choice1, choice2, choice3, choice4, choice5, content, correct, create_date, filepath, modify_date, score, subject, teacher_id, time, view) values (?, ?, ?, ?, ?, ?, ?, ?, ?, ?, ?, ?, ?, ?, ?, ?)
make question 782
Hibernate: insert into question (answer, choice1, choice2, choice3, choice4, choice5, content, correct, create_date, filepath, modify_date, score, subject, teacher_id, time, view) values (?, ?, ?, ?, ?, ?, ?, ?, ?, ?, ?, ?, ?, ?, ?, ?)
make question 783
Hibernate: insert into question (answer, choice1, choice2, choice3, choice4, choice5, content, correct, create_date, filepath, modify_date, score, subject, teacher_id, time, view) values (?, ?, ?, ?, ?, ?, ?, ?, ?, ?, ?, ?, ?, ?, ?, ?)
make question 784
Hibernate: insert into question (answer, choice1, choice2, choice3, choice4, choice5, content, correct, create_date, filepath, modify_date, score, subject, teacher_id, time, view) values (?, ?, ?, ?, ?, ?, ?, ?, ?, ?, ?, ?, ?, ?, ?, ?)
make question 785
Hibernate: insert into question (answer, choice1, choice2, choice3, choice4, choice5, content, correct, create_date, filepath, modify_date, score, subject, teacher_id, time, view) values (?, ?, ?, ?, ?, ?, ?, ?, ?, ?, ?, ?, ?, ?, ?, ?)
make question 786
Hibernate: insert into question (answer, choice1, choice2, choice3, choice4, choice5, content, correct, create_date, filepath, modify_date, score, subject, teacher_id, time, view) values (?, ?, ?, ?, ?, ?, ?, ?, ?, ?, ?, ?, ?, ?, ?, ?)
make question 787
Hibernate: insert into question (answer, choice1, choice2, choice3, choice4, choice5, content, correct, create_date, filepath, modify_date, score, subject, teacher_id, time, view) values (?, ?, ?, ?, ?, ?, ?, ?, ?, ?, ?, ?, ?, ?, ?, ?)
make question 788
Hibernate: insert into question (answer, choice1, choice2, choice3, choice4, choice5, content, correct, create_date, filepath, modify_date, score, subject, teacher_id, time, view) values (?, ?, ?, ?, ?, ?, ?, ?, ?, ?, ?, ?, ?, ?, ?, ?)
make question 789
Hibernate: insert into question (answer, choice1, choice2, choice3, choice4, choice5, content, correct, create_date, filepath, modify_date, score, subject, teacher_id, time, view) values (?, ?, ?, ?, ?, ?, ?, ?, ?, ?, ?, ?, ?, ?, ?, ?)
make question 790
Hibernate: insert into question (answer, choice1, choice2, choice3, choice4, choice5, content, correct, create_date, filepath, modify_date, score, subject, teacher_id, time, view) values (?, ?, ?, ?, ?, ?, ?, ?, ?, ?, ?, ?, ?, ?, ?, ?)
make question 791
Hibernate: insert into question (answer, choice1, choice2, choice3, choice4, choice5, content, correct, create_date, filepath, modify_date, score, subject, teacher_id, time, view) values (?, ?, ?, ?, ?, ?, ?, ?, ?, ?, ?, ?, ?, ?, ?, ?)
make question 792
Hibernate: insert into question (answer, choice1, choice2, choice3, choice4, choice5, content, correct, create_date, filepath, modify_date, score, subject, teacher_id, time, view) values (?, ?, ?, ?, ?, ?, ?, ?, ?, ?, ?, ?, ?, ?, ?, ?)
make question 793
Hibernate: insert into question (answer, choice1, choice2, choice3, choice4, choice5, content, correct, create_date, filepath, modify_date, score, subject, teacher_id, time, view) values (?, ?, ?, ?, ?, ?, ?, ?, ?, ?, ?, ?, ?, ?, ?, ?)
make question 794
Hibernate: insert into question (answer, choice1, choice2, choice3, choice4, choice5, content, correct, create_date, filepath, modify_date, score, subject, teacher_id, time, view) values (?, ?, ?, ?, ?, ?, ?, ?, ?, ?, ?, ?, ?, ?, ?, ?)
make question 795
Hibernate: insert into question (answer, choice1, choice2, choice3, choice4, choice5, content, correct, create_date, filepath, modify_date, score, subject, teacher_id, time, view) values (?, ?, ?, ?, ?, ?, ?, ?, ?, ?, ?, ?, ?, ?, ?, ?)
make question 796
Hibernate: insert into question (answer, choice1, choice2, choice3, choice4, choice5, content, correct, create_date, filepath, modify_date, score, subject, teacher_id, time, view) values (?, ?, ?, ?, ?, ?, ?, ?, ?, ?, ?, ?, ?, ?, ?, ?)
make question 797
Hibernate: insert into question (answer, choice1, choice2, choice3, choice4, choice5, content, correct, create_date, filepath, modify_date, score, subject, teacher_id, time, view) values (?, ?, ?, ?, ?, ?, ?, ?, ?, ?, ?, ?, ?, ?, ?, ?)
make question 798
Hibernate: insert into question (answer, choice1, choice2, choice3, choice4, choice5, content, correct, create_date, filepath, modify_date, score, subject, teacher_id, time, view) values (?, ?, ?, ?, ?, ?, ?, ?, ?, ?, ?, ?, ?, ?, ?, ?)
make question 799
Hibernate: insert into question (answer, choice1, choice2, choice3, choice4, choice5, content, correct, create_date, filepath, modify_date, score, subject, teacher_id, time, view) values (?, ?, ?, ?, ?, ?, ?, ?, ?, ?, ?, ?, ?, ?, ?, ?)
make question 800
Hibernate: insert into question (answer, choice1, choice2, choice3, choice4, choice5, content, correct, create_date, filepath, modify_date, score, subject, teacher_id, time, view) values (?, ?, ?, ?, ?, ?, ?, ?, ?, ?, ?, ?, ?, ?, ?, ?)
make question 801
Hibernate: insert into question (answer, choice1, choice2, choice3, choice4, choice5, content, correct, create_date, filepath, modify_date, score, subject, teacher_id, time, view) values (?, ?, ?, ?, ?, ?, ?, ?, ?, ?, ?, ?, ?, ?, ?, ?)
make question 802
Hibernate: insert into question (answer, choice1, choice2, choice3, choice4, choice5, content, correct, create_date, filepath, modify_date, score, subject, teacher_id, time, view) values (?, ?, ?, ?, ?, ?, ?, ?, ?, ?, ?, ?, ?, ?, ?, ?)
make question 803
Hibernate: insert into question (answer, choice1, choice2, choice3, choice4, choice5, content, correct, create_date, filepath, modify_date, score, subject, teacher_id, time, view) values (?, ?, ?, ?, ?, ?, ?, ?, ?, ?, ?, ?, ?, ?, ?, ?)
make question 804
Hibernate: insert into question (answer, choice1, choice2, choice3, choice4, choice5, content, correct, create_date, filepath, modify_date, score, subject, teacher_id, time, view) values (?, ?, ?, ?, ?, ?, ?, ?, ?, ?, ?, ?, ?, ?, ?, ?)
make question 805
Hibernate: insert into question (answer, choice1, choice2, choice3, choice4, choice5, content, correct, create_date, filepath, modify_date, score, subject, teacher_id, time, view) values (?, ?, ?, ?, ?, ?, ?, ?, ?, ?, ?, ?, ?, ?, ?, ?)
make question 806
Hibernate: insert into question (answer, choice1, choice2, choice3, choice4, choice5, content, correct, create_date, filepath, modify_date, score, subject, teacher_id, time, view) values (?, ?, ?, ?, ?, ?, ?, ?, ?, ?, ?, ?, ?, ?, ?, ?)
make question 807
Hibernate: insert into question (answer, choice1, choice2, choice3, choice4, choice5, content, correct, create_date, filepath, modify_date, score, subject, teacher_id, time, view) values (?, ?, ?, ?, ?, ?, ?, ?, ?, ?, ?, ?, ?, ?, ?, ?)
make question 808
Hibernate: insert into question (answer, choice1, choice2, choice3, choice4, choice5, content, correct, create_date, filepath, modify_date, score, subject, teacher_id, time, view) values (?, ?, ?, ?, ?, ?, ?, ?, ?, ?, ?, ?, ?, ?, ?, ?)
make question 809
Hibernate: insert into question (answer, choice1, choice2, choice3, choice4, choice5, content, correct, create_date, filepath, modify_date, score, subject, teacher_id, time, view) values (?, ?, ?, ?, ?, ?, ?, ?, ?, ?, ?, ?, ?, ?, ?, ?)
make question 810
Hibernate: insert into question (answer, choice1, choice2, choice3, choice4, choice5, content, correct, create_date, filepath, modify_date, score, subject, teacher_id, time, view) values (?, ?, ?, ?, ?, ?, ?, ?, ?, ?, ?, ?, ?, ?, ?, ?)
make question 811
Hibernate: insert into question (answer, choice1, choice2, choice3, choice4, choice5, content, correct, create_date, filepath, modify_date, score, subject, teacher_id, time, view) values (?, ?, ?, ?, ?, ?, ?, ?, ?, ?, ?, ?, ?, ?, ?, ?)
make question 812
Hibernate: insert into question (answer, choice1, choice2, choice3, choice4, choice5, content, correct, create_date, filepath, modify_date, score, subject, teacher_id, time, view) values (?, ?, ?, ?, ?, ?, ?, ?, ?, ?, ?, ?, ?, ?, ?, ?)
make question 813
Hibernate: insert into question (answer, choice1, choice2, choice3, choice4, choice5, content, correct, create_date, filepath, modify_date, score, subject, teacher_id, time, view) values (?, ?, ?, ?, ?, ?, ?, ?, ?, ?, ?, ?, ?, ?, ?, ?)
make question 814
Hibernate: insert into question (answer, choice1, choice2, choice3, choice4, choice5, content, correct, create_date, filepath, modify_date, score, subject, teacher_id, time, view) values (?, ?, ?, ?, ?, ?, ?, ?, ?, ?, ?, ?, ?, ?, ?, ?)
make question 815
Hibernate: insert into question (answer, choice1, choice2, choice3, choice4, choice5, content, correct, create_date, filepath, modify_date, score, subject, teacher_id, time, view) values (?, ?, ?, ?, ?, ?, ?, ?, ?, ?, ?, ?, ?, ?, ?, ?)
make question 816
Hibernate: insert into question (answer, choice1, choice2, choice3, choice4, choice5, content, correct, create_date, filepath, modify_date, score, subject, teacher_id, time, view) values (?, ?, ?, ?, ?, ?, ?, ?, ?, ?, ?, ?, ?, ?, ?, ?)
make question 817
Hibernate: insert into question (answer, choice1, choice2, choice3, choice4, choice5, content, correct, create_date, filepath, modify_date, score, subject, teacher_id, time, view) values (?, ?, ?, ?, ?, ?, ?, ?, ?, ?, ?, ?, ?, ?, ?, ?)
make question 818
Hibernate: insert into question (answer, choice1, choice2, choice3, choice4, choice5, content, correct, create_date, filepath, modify_date, score, subject, teacher_id, time, view) values (?, ?, ?, ?, ?, ?, ?, ?, ?, ?, ?, ?, ?, ?, ?, ?)
make question 819
Hibernate: insert into question (answer, choice1, choice2, choice3, choice4, choice5, content, correct, create_date, filepath, modify_date, score, subject, teacher_id, time, view) values (?, ?, ?, ?, ?, ?, ?, ?, ?, ?, ?, ?, ?, ?, ?, ?)
make question 820
Hibernate: insert into question (answer, choice1, choice2, choice3, choice4, choice5, content, correct, create_date, filepath, modify_date, score, subject, teacher_id, time, view) values (?, ?, ?, ?, ?, ?, ?, ?, ?, ?, ?, ?, ?, ?, ?, ?)
make question 821
Hibernate: insert into question (answer, choice1, choice2, choice3, choice4, choice5, content, correct, create_date, filepath, modify_date, score, subject, teacher_id, time, view) values (?, ?, ?, ?, ?, ?, ?, ?, ?, ?, ?, ?, ?, ?, ?, ?)
make question 822
Hibernate: insert into question (answer, choice1, choice2, choice3, choice4, choice5, content, correct, create_date, filepath, modify_date, score, subject, teacher_id, time, view) values (?, ?, ?, ?, ?, ?, ?, ?, ?, ?, ?, ?, ?, ?, ?, ?)
make question 823
Hibernate: insert into question (answer, choice1, choice2, choice3, choice4, choice5, content, correct, create_date, filepath, modify_date, score, subject, teacher_id, time, view) values (?, ?, ?, ?, ?, ?, ?, ?, ?, ?, ?, ?, ?, ?, ?, ?)
make question 824
Hibernate: insert into question (answer, choice1, choice2, choice3, choice4, choice5, content, correct, create_date, filepath, modify_date, score, subject, teacher_id, time, view) values (?, ?, ?, ?, ?, ?, ?, ?, ?, ?, ?, ?, ?, ?, ?, ?)
make question 825
Hibernate: insert into question (answer, choice1, choice2, choice3, choice4, choice5, content, correct, create_date, filepath, modify_date, score, subject, teacher_id, time, view) values (?, ?, ?, ?, ?, ?, ?, ?, ?, ?, ?, ?, ?, ?, ?, ?)
make question 826
Hibernate: insert into question (answer, choice1, choice2, choice3, choice4, choice5, content, correct, create_date, filepath, modify_date, score, subject, teacher_id, time, view) values (?, ?, ?, ?, ?, ?, ?, ?, ?, ?, ?, ?, ?, ?, ?, ?)
make question 827
Hibernate: insert into question (answer, choice1, choice2, choice3, choice4, choice5, content, correct, create_date, filepath, modify_date, score, subject, teacher_id, time, view) values (?, ?, ?, ?, ?, ?, ?, ?, ?, ?, ?, ?, ?, ?, ?, ?)
make question 828
Hibernate: insert into question (answer, choice1, choice2, choice3, choice4, choice5, content, correct, create_date, filepath, modify_date, score, subject, teacher_id, time, view) values (?, ?, ?, ?, ?, ?, ?, ?, ?, ?, ?, ?, ?, ?, ?, ?)
make question 829
Hibernate: insert into question (answer, choice1, choice2, choice3, choice4, choice5, content, correct, create_date, filepath, modify_date, score, subject, teacher_id, time, view) values (?, ?, ?, ?, ?, ?, ?, ?, ?, ?, ?, ?, ?, ?, ?, ?)
make question 830
Hibernate: insert into question (answer, choice1, choice2, choice3, choice4, choice5, content, correct, create_date, filepath, modify_date, score, subject, teacher_id, time, view) values (?, ?, ?, ?, ?, ?, ?, ?, ?, ?, ?, ?, ?, ?, ?, ?)
make question 831
Hibernate: insert into question (answer, choice1, choice2, choice3, choice4, choice5, content, correct, create_date, filepath, modify_date, score, subject, teacher_id, time, view) values (?, ?, ?, ?, ?, ?, ?, ?, ?, ?, ?, ?, ?, ?, ?, ?)
make question 832
Hibernate: insert into question (answer, choice1, choice2, choice3, choice4, choice5, content, correct, create_date, filepath, modify_date, score, subject, teacher_id, time, view) values (?, ?, ?, ?, ?, ?, ?, ?, ?, ?, ?, ?, ?, ?, ?, ?)
make question 833
Hibernate: insert into question (answer, choice1, choice2, choice3, choice4, choice5, content, correct, create_date, filepath, modify_date, score, subject, teacher_id, time, view) values (?, ?, ?, ?, ?, ?, ?, ?, ?, ?, ?, ?, ?, ?, ?, ?)
make question 834
Hibernate: insert into question (answer, choice1, choice2, choice3, choice4, choice5, content, correct, create_date, filepath, modify_date, score, subject, teacher_id, time, view) values (?, ?, ?, ?, ?, ?, ?, ?, ?, ?, ?, ?, ?, ?, ?, ?)
make question 835
Hibernate: insert into question (answer, choice1, choice2, choice3, choice4, choice5, content, correct, create_date, filepath, modify_date, score, subject, teacher_id, time, view) values (?, ?, ?, ?, ?, ?, ?, ?, ?, ?, ?, ?, ?, ?, ?, ?)
make question 836
Hibernate: insert into question (answer, choice1, choice2, choice3, choice4, choice5, content, correct, create_date, filepath, modify_date, score, subject, teacher_id, time, view) values (?, ?, ?, ?, ?, ?, ?, ?, ?, ?, ?, ?, ?, ?, ?, ?)
make question 837
Hibernate: insert into question (answer, choice1, choice2, choice3, choice4, choice5, content, correct, create_date, filepath, modify_date, score, subject, teacher_id, time, view) values (?, ?, ?, ?, ?, ?, ?, ?, ?, ?, ?, ?, ?, ?, ?, ?)
make question 838
Hibernate: insert into question (answer, choice1, choice2, choice3, choice4, choice5, content, correct, create_date, filepath, modify_date, score, subject, teacher_id, time, view) values (?, ?, ?, ?, ?, ?, ?, ?, ?, ?, ?, ?, ?, ?, ?, ?)
make question 839
Hibernate: insert into question (answer, choice1, choice2, choice3, choice4, choice5, content, correct, create_date, filepath, modify_date, score, subject, teacher_id, time, view) values (?, ?, ?, ?, ?, ?, ?, ?, ?, ?, ?, ?, ?, ?, ?, ?)
make question 840
Hibernate: insert into question (answer, choice1, choice2, choice3, choice4, choice5, content, correct, create_date, filepath, modify_date, score, subject, teacher_id, time, view) values (?, ?, ?, ?, ?, ?, ?, ?, ?, ?, ?, ?, ?, ?, ?, ?)
make question 841
Hibernate: insert into question (answer, choice1, choice2, choice3, choice4, choice5, content, correct, create_date, filepath, modify_date, score, subject, teacher_id, time, view) values (?, ?, ?, ?, ?, ?, ?, ?, ?, ?, ?, ?, ?, ?, ?, ?)
make question 842
Hibernate: insert into question (answer, choice1, choice2, choice3, choice4, choice5, content, correct, create_date, filepath, modify_date, score, subject, teacher_id, time, view) values (?, ?, ?, ?, ?, ?, ?, ?, ?, ?, ?, ?, ?, ?, ?, ?)
make question 843
Hibernate: insert into question (answer, choice1, choice2, choice3, choice4, choice5, content, correct, create_date, filepath, modify_date, score, subject, teacher_id, time, view) values (?, ?, ?, ?, ?, ?, ?, ?, ?, ?, ?, ?, ?, ?, ?, ?)
make question 844
Hibernate: insert into question (answer, choice1, choice2, choice3, choice4, choice5, content, correct, create_date, filepath, modify_date, score, subject, teacher_id, time, view) values (?, ?, ?, ?, ?, ?, ?, ?, ?, ?, ?, ?, ?, ?, ?, ?)
make question 845
Hibernate: insert into question (answer, choice1, choice2, choice3, choice4, choice5, content, correct, create_date, filepath, modify_date, score, subject, teacher_id, time, view) values (?, ?, ?, ?, ?, ?, ?, ?, ?, ?, ?, ?, ?, ?, ?, ?)
make question 846
Hibernate: insert into question (answer, choice1, choice2, choice3, choice4, choice5, content, correct, create_date, filepath, modify_date, score, subject, teacher_id, time, view) values (?, ?, ?, ?, ?, ?, ?, ?, ?, ?, ?, ?, ?, ?, ?, ?)
make question 847
Hibernate: insert into question (answer, choice1, choice2, choice3, choice4, choice5, content, correct, create_date, filepath, modify_date, score, subject, teacher_id, time, view) values (?, ?, ?, ?, ?, ?, ?, ?, ?, ?, ?, ?, ?, ?, ?, ?)
make question 848
Hibernate: insert into question (answer, choice1, choice2, choice3, choice4, choice5, content, correct, create_date, filepath, modify_date, score, subject, teacher_id, time, view) values (?, ?, ?, ?, ?, ?, ?, ?, ?, ?, ?, ?, ?, ?, ?, ?)
make question 849
Hibernate: insert into question (answer, choice1, choice2, choice3, choice4, choice5, content, correct, create_date, filepath, modify_date, score, subject, teacher_id, time, view) values (?, ?, ?, ?, ?, ?, ?, ?, ?, ?, ?, ?, ?, ?, ?, ?)
make question 850
Hibernate: insert into question (answer, choice1, choice2, choice3, choice4, choice5, content, correct, create_date, filepath, modify_date, score, subject, teacher_id, time, view) values (?, ?, ?, ?, ?, ?, ?, ?, ?, ?, ?, ?, ?, ?, ?, ?)
make question 851
Hibernate: insert into question (answer, choice1, choice2, choice3, choice4, choice5, content, correct, create_date, filepath, modify_date, score, subject, teacher_id, time, view) values (?, ?, ?, ?, ?, ?, ?, ?, ?, ?, ?, ?, ?, ?, ?, ?)
make question 852
Hibernate: insert into question (answer, choice1, choice2, choice3, choice4, choice5, content, correct, create_date, filepath, modify_date, score, subject, teacher_id, time, view) values (?, ?, ?, ?, ?, ?, ?, ?, ?, ?, ?, ?, ?, ?, ?, ?)
make question 853
Hibernate: insert into question (answer, choice1, choice2, choice3, choice4, choice5, content, correct, create_date, filepath, modify_date, score, subject, teacher_id, time, view) values (?, ?, ?, ?, ?, ?, ?, ?, ?, ?, ?, ?, ?, ?, ?, ?)
make question 854
Hibernate: insert into question (answer, choice1, choice2, choice3, choice4, choice5, content, correct, create_date, filepath, modify_date, score, subject, teacher_id, time, view) values (?, ?, ?, ?, ?, ?, ?, ?, ?, ?, ?, ?, ?, ?, ?, ?)
make question 855
Hibernate: insert into question (answer, choice1, choice2, choice3, choice4, choice5, content, correct, create_date, filepath, modify_date, score, subject, teacher_id, time, view) values (?, ?, ?, ?, ?, ?, ?, ?, ?, ?, ?, ?, ?, ?, ?, ?)
make question 856
Hibernate: insert into question (answer, choice1, choice2, choice3, choice4, choice5, content, correct, create_date, filepath, modify_date, score, subject, teacher_id, time, view) values (?, ?, ?, ?, ?, ?, ?, ?, ?, ?, ?, ?, ?, ?, ?, ?)
make question 857
Hibernate: insert into question (answer, choice1, choice2, choice3, choice4, choice5, content, correct, create_date, filepath, modify_date, score, subject, teacher_id, time, view) values (?, ?, ?, ?, ?, ?, ?, ?, ?, ?, ?, ?, ?, ?, ?, ?)
make question 858
Hibernate: insert into question (answer, choice1, choice2, choice3, choice4, choice5, content, correct, create_date, filepath, modify_date, score, subject, teacher_id, time, view) values (?, ?, ?, ?, ?, ?, ?, ?, ?, ?, ?, ?, ?, ?, ?, ?)
make question 859
Hibernate: insert into question (answer, choice1, choice2, choice3, choice4, choice5, content, correct, create_date, filepath, modify_date, score, subject, teacher_id, time, view) values (?, ?, ?, ?, ?, ?, ?, ?, ?, ?, ?, ?, ?, ?, ?, ?)
make question 860
Hibernate: insert into question (answer, choice1, choice2, choice3, choice4, choice5, content, correct, create_date, filepath, modify_date, score, subject, teacher_id, time, view) values (?, ?, ?, ?, ?, ?, ?, ?, ?, ?, ?, ?, ?, ?, ?, ?)
make question 861
Hibernate: insert into question (answer, choice1, choice2, choice3, choice4, choice5, content, correct, create_date, filepath, modify_date, score, subject, teacher_id, time, view) values (?, ?, ?, ?, ?, ?, ?, ?, ?, ?, ?, ?, ?, ?, ?, ?)
make question 862
Hibernate: insert into question (answer, choice1, choice2, choice3, choice4, choice5, content, correct, create_date, filepath, modify_date, score, subject, teacher_id, time, view) values (?, ?, ?, ?, ?, ?, ?, ?, ?, ?, ?, ?, ?, ?, ?, ?)
make question 863
Hibernate: insert into question (answer, choice1, choice2, choice3, choice4, choice5, content, correct, create_date, filepath, modify_date, score, subject, teacher_id, time, view) values (?, ?, ?, ?, ?, ?, ?, ?, ?, ?, ?, ?, ?, ?, ?, ?)
make question 864
Hibernate: insert into question (answer, choice1, choice2, choice3, choice4, choice5, content, correct, create_date, filepath, modify_date, score, subject, teacher_id, time, view) values (?, ?, ?, ?, ?, ?, ?, ?, ?, ?, ?, ?, ?, ?, ?, ?)
make question 865
Hibernate: insert into question (answer, choice1, choice2, choice3, choice4, choice5, content, correct, create_date, filepath, modify_date, score, subject, teacher_id, time, view) values (?, ?, ?, ?, ?, ?, ?, ?, ?, ?, ?, ?, ?, ?, ?, ?)
make question 866
Hibernate: insert into question (answer, choice1, choice2, choice3, choice4, choice5, content, correct, create_date, filepath, modify_date, score, subject, teacher_id, time, view) values (?, ?, ?, ?, ?, ?, ?, ?, ?, ?, ?, ?, ?, ?, ?, ?)
make question 867
Hibernate: insert into question (answer, choice1, choice2, choice3, choice4, choice5, content, correct, create_date, filepath, modify_date, score, subject, teacher_id, time, view) values (?, ?, ?, ?, ?, ?, ?, ?, ?, ?, ?, ?, ?, ?, ?, ?)
make question 868
Hibernate: insert into question (answer, choice1, choice2, choice3, choice4, choice5, content, correct, create_date, filepath, modify_date, score, subject, teacher_id, time, view) values (?, ?, ?, ?, ?, ?, ?, ?, ?, ?, ?, ?, ?, ?, ?, ?)
make question 869
Hibernate: insert into question (answer, choice1, choice2, choice3, choice4, choice5, content, correct, create_date, filepath, modify_date, score, subject, teacher_id, time, view) values (?, ?, ?, ?, ?, ?, ?, ?, ?, ?, ?, ?, ?, ?, ?, ?)
make question 870
Hibernate: insert into question (answer, choice1, choice2, choice3, choice4, choice5, content, correct, create_date, filepath, modify_date, score, subject, teacher_id, time, view) values (?, ?, ?, ?, ?, ?, ?, ?, ?, ?, ?, ?, ?, ?, ?, ?)
make question 871
Hibernate: insert into question (answer, choice1, choice2, choice3, choice4, choice5, content, correct, create_date, filepath, modify_date, score, subject, teacher_id, time, view) values (?, ?, ?, ?, ?, ?, ?, ?, ?, ?, ?, ?, ?, ?, ?, ?)
make question 872
Hibernate: insert into question (answer, choice1, choice2, choice3, choice4, choice5, content, correct, create_date, filepath, modify_date, score, subject, teacher_id, time, view) values (?, ?, ?, ?, ?, ?, ?, ?, ?, ?, ?, ?, ?, ?, ?, ?)
make question 873
Hibernate: insert into question (answer, choice1, choice2, choice3, choice4, choice5, content, correct, create_date, filepath, modify_date, score, subject, teacher_id, time, view) values (?, ?, ?, ?, ?, ?, ?, ?, ?, ?, ?, ?, ?, ?, ?, ?)
make question 874
Hibernate: insert into question (answer, choice1, choice2, choice3, choice4, choice5, content, correct, create_date, filepath, modify_date, score, subject, teacher_id, time, view) values (?, ?, ?, ?, ?, ?, ?, ?, ?, ?, ?, ?, ?, ?, ?, ?)
make question 875
Hibernate: insert into question (answer, choice1, choice2, choice3, choice4, choice5, content, correct, create_date, filepath, modify_date, score, subject, teacher_id, time, view) values (?, ?, ?, ?, ?, ?, ?, ?, ?, ?, ?, ?, ?, ?, ?, ?)
make question 876
Hibernate: insert into question (answer, choice1, choice2, choice3, choice4, choice5, content, correct, create_date, filepath, modify_date, score, subject, teacher_id, time, view) values (?, ?, ?, ?, ?, ?, ?, ?, ?, ?, ?, ?, ?, ?, ?, ?)
make question 877
Hibernate: insert into question (answer, choice1, choice2, choice3, choice4, choice5, content, correct, create_date, filepath, modify_date, score, subject, teacher_id, time, view) values (?, ?, ?, ?, ?, ?, ?, ?, ?, ?, ?, ?, ?, ?, ?, ?)
make question 878
Hibernate: insert into question (answer, choice1, choice2, choice3, choice4, choice5, content, correct, create_date, filepath, modify_date, score, subject, teacher_id, time, view) values (?, ?, ?, ?, ?, ?, ?, ?, ?, ?, ?, ?, ?, ?, ?, ?)
make question 879
Hibernate: insert into question (answer, choice1, choice2, choice3, choice4, choice5, content, correct, create_date, filepath, modify_date, score, subject, teacher_id, time, view) values (?, ?, ?, ?, ?, ?, ?, ?, ?, ?, ?, ?, ?, ?, ?, ?)
make question 880
Hibernate: insert into question (answer, choice1, choice2, choice3, choice4, choice5, content, correct, create_date, filepath, modify_date, score, subject, teacher_id, time, view) values (?, ?, ?, ?, ?, ?, ?, ?, ?, ?, ?, ?, ?, ?, ?, ?)
make question 881
Hibernate: insert into question (answer, choice1, choice2, choice3, choice4, choice5, content, correct, create_date, filepath, modify_date, score, subject, teacher_id, time, view) values (?, ?, ?, ?, ?, ?, ?, ?, ?, ?, ?, ?, ?, ?, ?, ?)
make question 882
Hibernate: insert into question (answer, choice1, choice2, choice3, choice4, choice5, content, correct, create_date, filepath, modify_date, score, subject, teacher_id, time, view) values (?, ?, ?, ?, ?, ?, ?, ?, ?, ?, ?, ?, ?, ?, ?, ?)
make question 883
Hibernate: insert into question (answer, choice1, choice2, choice3, choice4, choice5, content, correct, create_date, filepath, modify_date, score, subject, teacher_id, time, view) values (?, ?, ?, ?, ?, ?, ?, ?, ?, ?, ?, ?, ?, ?, ?, ?)
make question 884
Hibernate: insert into question (answer, choice1, choice2, choice3, choice4, choice5, content, correct, create_date, filepath, modify_date, score, subject, teacher_id, time, view) values (?, ?, ?, ?, ?, ?, ?, ?, ?, ?, ?, ?, ?, ?, ?, ?)
make question 885
Hibernate: insert into question (answer, choice1, choice2, choice3, choice4, choice5, content, correct, create_date, filepath, modify_date, score, subject, teacher_id, time, view) values (?, ?, ?, ?, ?, ?, ?, ?, ?, ?, ?, ?, ?, ?, ?, ?)
make question 886
Hibernate: insert into question (answer, choice1, choice2, choice3, choice4, choice5, content, correct, create_date, filepath, modify_date, score, subject, teacher_id, time, view) values (?, ?, ?, ?, ?, ?, ?, ?, ?, ?, ?, ?, ?, ?, ?, ?)
make question 887
Hibernate: insert into question (answer, choice1, choice2, choice3, choice4, choice5, content, correct, create_date, filepath, modify_date, score, subject, teacher_id, time, view) values (?, ?, ?, ?, ?, ?, ?, ?, ?, ?, ?, ?, ?, ?, ?, ?)
make question 888
Hibernate: insert into question (answer, choice1, choice2, choice3, choice4, choice5, content, correct, create_date, filepath, modify_date, score, subject, teacher_id, time, view) values (?, ?, ?, ?, ?, ?, ?, ?, ?, ?, ?, ?, ?, ?, ?, ?)
make question 889
Hibernate: insert into question (answer, choice1, choice2, choice3, choice4, choice5, content, correct, create_date, filepath, modify_date, score, subject, teacher_id, time, view) values (?, ?, ?, ?, ?, ?, ?, ?, ?, ?, ?, ?, ?, ?, ?, ?)
make question 890
Hibernate: insert into question (answer, choice1, choice2, choice3, choice4, choice5, content, correct, create_date, filepath, modify_date, score, subject, teacher_id, time, view) values (?, ?, ?, ?, ?, ?, ?, ?, ?, ?, ?, ?, ?, ?, ?, ?)
make question 891
Hibernate: insert into question (answer, choice1, choice2, choice3, choice4, choice5, content, correct, create_date, filepath, modify_date, score, subject, teacher_id, time, view) values (?, ?, ?, ?, ?, ?, ?, ?, ?, ?, ?, ?, ?, ?, ?, ?)
make question 892
Hibernate: insert into question (answer, choice1, choice2, choice3, choice4, choice5, content, correct, create_date, filepath, modify_date, score, subject, teacher_id, time, view) values (?, ?, ?, ?, ?, ?, ?, ?, ?, ?, ?, ?, ?, ?, ?, ?)
make question 893
Hibernate: insert into question (answer, choice1, choice2, choice3, choice4, choice5, content, correct, create_date, filepath, modify_date, score, subject, teacher_id, time, view) values (?, ?, ?, ?, ?, ?, ?, ?, ?, ?, ?, ?, ?, ?, ?, ?)
make question 894
Hibernate: insert into question (answer, choice1, choice2, choice3, choice4, choice5, content, correct, create_date, filepath, modify_date, score, subject, teacher_id, time, view) values (?, ?, ?, ?, ?, ?, ?, ?, ?, ?, ?, ?, ?, ?, ?, ?)
make question 895
Hibernate: insert into question (answer, choice1, choice2, choice3, choice4, choice5, content, correct, create_date, filepath, modify_date, score, subject, teacher_id, time, view) values (?, ?, ?, ?, ?, ?, ?, ?, ?, ?, ?, ?, ?, ?, ?, ?)
make question 896
Hibernate: insert into question (answer, choice1, choice2, choice3, choice4, choice5, content, correct, create_date, filepath, modify_date, score, subject, teacher_id, time, view) values (?, ?, ?, ?, ?, ?, ?, ?, ?, ?, ?, ?, ?, ?, ?, ?)
make question 897
Hibernate: insert into question (answer, choice1, choice2, choice3, choice4, choice5, content, correct, create_date, filepath, modify_date, score, subject, teacher_id, time, view) values (?, ?, ?, ?, ?, ?, ?, ?, ?, ?, ?, ?, ?, ?, ?, ?)
make question 898
Hibernate: insert into question (answer, choice1, choice2, choice3, choice4, choice5, content, correct, create_date, filepath, modify_date, score, subject, teacher_id, time, view) values (?, ?, ?, ?, ?, ?, ?, ?, ?, ?, ?, ?, ?, ?, ?, ?)
make question 899
Hibernate: insert into question (answer, choice1, choice2, choice3, choice4, choice5, content, correct, create_date, filepath, modify_date, score, subject, teacher_id, time, view) values (?, ?, ?, ?, ?, ?, ?, ?, ?, ?, ?, ?, ?, ?, ?, ?)
make question 900
Hibernate: insert into question (answer, choice1, choice2, choice3, choice4, choice5, content, correct, create_date, filepath, modify_date, score, subject, teacher_id, time, view) values (?, ?, ?, ?, ?, ?, ?, ?, ?, ?, ?, ?, ?, ?, ?, ?)
make question 901
Hibernate: insert into question (answer, choice1, choice2, choice3, choice4, choice5, content, correct, create_date, filepath, modify_date, score, subject, teacher_id, time, view) values (?, ?, ?, ?, ?, ?, ?, ?, ?, ?, ?, ?, ?, ?, ?, ?)
make question 902
Hibernate: insert into question (answer, choice1, choice2, choice3, choice4, choice5, content, correct, create_date, filepath, modify_date, score, subject, teacher_id, time, view) values (?, ?, ?, ?, ?, ?, ?, ?, ?, ?, ?, ?, ?, ?, ?, ?)
make question 903
Hibernate: insert into question (answer, choice1, choice2, choice3, choice4, choice5, content, correct, create_date, filepath, modify_date, score, subject, teacher_id, time, view) values (?, ?, ?, ?, ?, ?, ?, ?, ?, ?, ?, ?, ?, ?, ?, ?)
make question 904
Hibernate: insert into question (answer, choice1, choice2, choice3, choice4, choice5, content, correct, create_date, filepath, modify_date, score, subject, teacher_id, time, view) values (?, ?, ?, ?, ?, ?, ?, ?, ?, ?, ?, ?, ?, ?, ?, ?)
make question 905
Hibernate: insert into question (answer, choice1, choice2, choice3, choice4, choice5, content, correct, create_date, filepath, modify_date, score, subject, teacher_id, time, view) values (?, ?, ?, ?, ?, ?, ?, ?, ?, ?, ?, ?, ?, ?, ?, ?)
make question 906
Hibernate: insert into question (answer, choice1, choice2, choice3, choice4, choice5, content, correct, create_date, filepath, modify_date, score, subject, teacher_id, time, view) values (?, ?, ?, ?, ?, ?, ?, ?, ?, ?, ?, ?, ?, ?, ?, ?)
make question 907
Hibernate: insert into question (answer, choice1, choice2, choice3, choice4, choice5, content, correct, create_date, filepath, modify_date, score, subject, teacher_id, time, view) values (?, ?, ?, ?, ?, ?, ?, ?, ?, ?, ?, ?, ?, ?, ?, ?)
make question 908
Hibernate: insert into question (answer, choice1, choice2, choice3, choice4, choice5, content, correct, create_date, filepath, modify_date, score, subject, teacher_id, time, view) values (?, ?, ?, ?, ?, ?, ?, ?, ?, ?, ?, ?, ?, ?, ?, ?)
make question 909
Hibernate: insert into question (answer, choice1, choice2, choice3, choice4, choice5, content, correct, create_date, filepath, modify_date, score, subject, teacher_id, time, view) values (?, ?, ?, ?, ?, ?, ?, ?, ?, ?, ?, ?, ?, ?, ?, ?)
make question 910
Hibernate: insert into question (answer, choice1, choice2, choice3, choice4, choice5, content, correct, create_date, filepath, modify_date, score, subject, teacher_id, time, view) values (?, ?, ?, ?, ?, ?, ?, ?, ?, ?, ?, ?, ?, ?, ?, ?)
make question 911
Hibernate: insert into question (answer, choice1, choice2, choice3, choice4, choice5, content, correct, create_date, filepath, modify_date, score, subject, teacher_id, time, view) values (?, ?, ?, ?, ?, ?, ?, ?, ?, ?, ?, ?, ?, ?, ?, ?)
make question 912
Hibernate: insert into question (answer, choice1, choice2, choice3, choice4, choice5, content, correct, create_date, filepath, modify_date, score, subject, teacher_id, time, view) values (?, ?, ?, ?, ?, ?, ?, ?, ?, ?, ?, ?, ?, ?, ?, ?)
make question 913
Hibernate: insert into question (answer, choice1, choice2, choice3, choice4, choice5, content, correct, create_date, filepath, modify_date, score, subject, teacher_id, time, view) values (?, ?, ?, ?, ?, ?, ?, ?, ?, ?, ?, ?, ?, ?, ?, ?)
make question 914
Hibernate: insert into question (answer, choice1, choice2, choice3, choice4, choice5, content, correct, create_date, filepath, modify_date, score, subject, teacher_id, time, view) values (?, ?, ?, ?, ?, ?, ?, ?, ?, ?, ?, ?, ?, ?, ?, ?)
make question 915
Hibernate: insert into question (answer, choice1, choice2, choice3, choice4, choice5, content, correct, create_date, filepath, modify_date, score, subject, teacher_id, time, view) values (?, ?, ?, ?, ?, ?, ?, ?, ?, ?, ?, ?, ?, ?, ?, ?)
make question 916
Hibernate: insert into question (answer, choice1, choice2, choice3, choice4, choice5, content, correct, create_date, filepath, modify_date, score, subject, teacher_id, time, view) values (?, ?, ?, ?, ?, ?, ?, ?, ?, ?, ?, ?, ?, ?, ?, ?)
make question 917
Hibernate: insert into question (answer, choice1, choice2, choice3, choice4, choice5, content, correct, create_date, filepath, modify_date, score, subject, teacher_id, time, view) values (?, ?, ?, ?, ?, ?, ?, ?, ?, ?, ?, ?, ?, ?, ?, ?)
make question 918
Hibernate: insert into question (answer, choice1, choice2, choice3, choice4, choice5, content, correct, create_date, filepath, modify_date, score, subject, teacher_id, time, view) values (?, ?, ?, ?, ?, ?, ?, ?, ?, ?, ?, ?, ?, ?, ?, ?)
make question 919
Hibernate: insert into question (answer, choice1, choice2, choice3, choice4, choice5, content, correct, create_date, filepath, modify_date, score, subject, teacher_id, time, view) values (?, ?, ?, ?, ?, ?, ?, ?, ?, ?, ?, ?, ?, ?, ?, ?)
make question 920
Hibernate: insert into question (answer, choice1, choice2, choice3, choice4, choice5, content, correct, create_date, filepath, modify_date, score, subject, teacher_id, time, view) values (?, ?, ?, ?, ?, ?, ?, ?, ?, ?, ?, ?, ?, ?, ?, ?)
make question 921
Hibernate: insert into question (answer, choice1, choice2, choice3, choice4, choice5, content, correct, create_date, filepath, modify_date, score, subject, teacher_id, time, view) values (?, ?, ?, ?, ?, ?, ?, ?, ?, ?, ?, ?, ?, ?, ?, ?)
make question 922
Hibernate: insert into question (answer, choice1, choice2, choice3, choice4, choice5, content, correct, create_date, filepath, modify_date, score, subject, teacher_id, time, view) values (?, ?, ?, ?, ?, ?, ?, ?, ?, ?, ?, ?, ?, ?, ?, ?)
make question 923
Hibernate: insert into question (answer, choice1, choice2, choice3, choice4, choice5, content, correct, create_date, filepath, modify_date, score, subject, teacher_id, time, view) values (?, ?, ?, ?, ?, ?, ?, ?, ?, ?, ?, ?, ?, ?, ?, ?)
make question 924
Hibernate: insert into question (answer, choice1, choice2, choice3, choice4, choice5, content, correct, create_date, filepath, modify_date, score, subject, teacher_id, time, view) values (?, ?, ?, ?, ?, ?, ?, ?, ?, ?, ?, ?, ?, ?, ?, ?)
make question 925
Hibernate: insert into question (answer, choice1, choice2, choice3, choice4, choice5, content, correct, create_date, filepath, modify_date, score, subject, teacher_id, time, view) values (?, ?, ?, ?, ?, ?, ?, ?, ?, ?, ?, ?, ?, ?, ?, ?)
make question 926
Hibernate: insert into question (answer, choice1, choice2, choice3, choice4, choice5, content, correct, create_date, filepath, modify_date, score, subject, teacher_id, time, view) values (?, ?, ?, ?, ?, ?, ?, ?, ?, ?, ?, ?, ?, ?, ?, ?)
make question 927
Hibernate: insert into question (answer, choice1, choice2, choice3, choice4, choice5, content, correct, create_date, filepath, modify_date, score, subject, teacher_id, time, view) values (?, ?, ?, ?, ?, ?, ?, ?, ?, ?, ?, ?, ?, ?, ?, ?)
make question 928
Hibernate: insert into question (answer, choice1, choice2, choice3, choice4, choice5, content, correct, create_date, filepath, modify_date, score, subject, teacher_id, time, view) values (?, ?, ?, ?, ?, ?, ?, ?, ?, ?, ?, ?, ?, ?, ?, ?)
make question 929
Hibernate: insert into question (answer, choice1, choice2, choice3, choice4, choice5, content, correct, create_date, filepath, modify_date, score, subject, teacher_id, time, view) values (?, ?, ?, ?, ?, ?, ?, ?, ?, ?, ?, ?, ?, ?, ?, ?)
make question 930
Hibernate: insert into question (answer, choice1, choice2, choice3, choice4, choice5, content, correct, create_date, filepath, modify_date, score, subject, teacher_id, time, view) values (?, ?, ?, ?, ?, ?, ?, ?, ?, ?, ?, ?, ?, ?, ?, ?)
make question 931
Hibernate: insert into question (answer, choice1, choice2, choice3, choice4, choice5, content, correct, create_date, filepath, modify_date, score, subject, teacher_id, time, view) values (?, ?, ?, ?, ?, ?, ?, ?, ?, ?, ?, ?, ?, ?, ?, ?)
make question 932
Hibernate: insert into question (answer, choice1, choice2, choice3, choice4, choice5, content, correct, create_date, filepath, modify_date, score, subject, teacher_id, time, view) values (?, ?, ?, ?, ?, ?, ?, ?, ?, ?, ?, ?, ?, ?, ?, ?)
make question 933
Hibernate: insert into question (answer, choice1, choice2, choice3, choice4, choice5, content, correct, create_date, filepath, modify_date, score, subject, teacher_id, time, view) values (?, ?, ?, ?, ?, ?, ?, ?, ?, ?, ?, ?, ?, ?, ?, ?)
make question 934
Hibernate: insert into question (answer, choice1, choice2, choice3, choice4, choice5, content, correct, create_date, filepath, modify_date, score, subject, teacher_id, time, view) values (?, ?, ?, ?, ?, ?, ?, ?, ?, ?, ?, ?, ?, ?, ?, ?)
make question 935
Hibernate: insert into question (answer, choice1, choice2, choice3, choice4, choice5, content, correct, create_date, filepath, modify_date, score, subject, teacher_id, time, view) values (?, ?, ?, ?, ?, ?, ?, ?, ?, ?, ?, ?, ?, ?, ?, ?)
make question 936
Hibernate: insert into question (answer, choice1, choice2, choice3, choice4, choice5, content, correct, create_date, filepath, modify_date, score, subject, teacher_id, time, view) values (?, ?, ?, ?, ?, ?, ?, ?, ?, ?, ?, ?, ?, ?, ?, ?)
make question 937
Hibernate: insert into question (answer, choice1, choice2, choice3, choice4, choice5, content, correct, create_date, filepath, modify_date, score, subject, teacher_id, time, view) values (?, ?, ?, ?, ?, ?, ?, ?, ?, ?, ?, ?, ?, ?, ?, ?)
make question 938
Hibernate: insert into question (answer, choice1, choice2, choice3, choice4, choice5, content, correct, create_date, filepath, modify_date, score, subject, teacher_id, time, view) values (?, ?, ?, ?, ?, ?, ?, ?, ?, ?, ?, ?, ?, ?, ?, ?)
make question 939
Hibernate: insert into question (answer, choice1, choice2, choice3, choice4, choice5, content, correct, create_date, filepath, modify_date, score, subject, teacher_id, time, view) values (?, ?, ?, ?, ?, ?, ?, ?, ?, ?, ?, ?, ?, ?, ?, ?)
make question 940
Hibernate: insert into question (answer, choice1, choice2, choice3, choice4, choice5, content, correct, create_date, filepath, modify_date, score, subject, teacher_id, time, view) values (?, ?, ?, ?, ?, ?, ?, ?, ?, ?, ?, ?, ?, ?, ?, ?)
make question 941
Hibernate: insert into question (answer, choice1, choice2, choice3, choice4, choice5, content, correct, create_date, filepath, modify_date, score, subject, teacher_id, time, view) values (?, ?, ?, ?, ?, ?, ?, ?, ?, ?, ?, ?, ?, ?, ?, ?)
make question 942
Hibernate: insert into question (answer, choice1, choice2, choice3, choice4, choice5, content, correct, create_date, filepath, modify_date, score, subject, teacher_id, time, view) values (?, ?, ?, ?, ?, ?, ?, ?, ?, ?, ?, ?, ?, ?, ?, ?)
make question 943
Hibernate: insert into question (answer, choice1, choice2, choice3, choice4, choice5, content, correct, create_date, filepath, modify_date, score, subject, teacher_id, time, view) values (?, ?, ?, ?, ?, ?, ?, ?, ?, ?, ?, ?, ?, ?, ?, ?)
make question 944
Hibernate: insert into question (answer, choice1, choice2, choice3, choice4, choice5, content, correct, create_date, filepath, modify_date, score, subject, teacher_id, time, view) values (?, ?, ?, ?, ?, ?, ?, ?, ?, ?, ?, ?, ?, ?, ?, ?)
make question 945
Hibernate: insert into question (answer, choice1, choice2, choice3, choice4, choice5, content, correct, create_date, filepath, modify_date, score, subject, teacher_id, time, view) values (?, ?, ?, ?, ?, ?, ?, ?, ?, ?, ?, ?, ?, ?, ?, ?)
make question 946
Hibernate: insert into question (answer, choice1, choice2, choice3, choice4, choice5, content, correct, create_date, filepath, modify_date, score, subject, teacher_id, time, view) values (?, ?, ?, ?, ?, ?, ?, ?, ?, ?, ?, ?, ?, ?, ?, ?)
make question 947
Hibernate: insert into question (answer, choice1, choice2, choice3, choice4, choice5, content, correct, create_date, filepath, modify_date, score, subject, teacher_id, time, view) values (?, ?, ?, ?, ?, ?, ?, ?, ?, ?, ?, ?, ?, ?, ?, ?)
make question 948
Hibernate: insert into question (answer, choice1, choice2, choice3, choice4, choice5, content, correct, create_date, filepath, modify_date, score, subject, teacher_id, time, view) values (?, ?, ?, ?, ?, ?, ?, ?, ?, ?, ?, ?, ?, ?, ?, ?)
make question 949
Hibernate: insert into question (answer, choice1, choice2, choice3, choice4, choice5, content, correct, create_date, filepath, modify_date, score, subject, teacher_id, time, view) values (?, ?, ?, ?, ?, ?, ?, ?, ?, ?, ?, ?, ?, ?, ?, ?)
make question 950
Hibernate: insert into question (answer, choice1, choice2, choice3, choice4, choice5, content, correct, create_date, filepath, modify_date, score, subject, teacher_id, time, view) values (?, ?, ?, ?, ?, ?, ?, ?, ?, ?, ?, ?, ?, ?, ?, ?)
make question 951
Hibernate: insert into question (answer, choice1, choice2, choice3, choice4, choice5, content, correct, create_date, filepath, modify_date, score, subject, teacher_id, time, view) values (?, ?, ?, ?, ?, ?, ?, ?, ?, ?, ?, ?, ?, ?, ?, ?)
make question 952
Hibernate: insert into question (answer, choice1, choice2, choice3, choice4, choice5, content, correct, create_date, filepath, modify_date, score, subject, teacher_id, time, view) values (?, ?, ?, ?, ?, ?, ?, ?, ?, ?, ?, ?, ?, ?, ?, ?)
make question 953
Hibernate: insert into question (answer, choice1, choice2, choice3, choice4, choice5, content, correct, create_date, filepath, modify_date, score, subject, teacher_id, time, view) values (?, ?, ?, ?, ?, ?, ?, ?, ?, ?, ?, ?, ?, ?, ?, ?)
make question 954
Hibernate: insert into question (answer, choice1, choice2, choice3, choice4, choice5, content, correct, create_date, filepath, modify_date, score, subject, teacher_id, time, view) values (?, ?, ?, ?, ?, ?, ?, ?, ?, ?, ?, ?, ?, ?, ?, ?)
make question 955
Hibernate: insert into question (answer, choice1, choice2, choice3, choice4, choice5, content, correct, create_date, filepath, modify_date, score, subject, teacher_id, time, view) values (?, ?, ?, ?, ?, ?, ?, ?, ?, ?, ?, ?, ?, ?, ?, ?)
make question 956
Hibernate: insert into question (answer, choice1, choice2, choice3, choice4, choice5, content, correct, create_date, filepath, modify_date, score, subject, teacher_id, time, view) values (?, ?, ?, ?, ?, ?, ?, ?, ?, ?, ?, ?, ?, ?, ?, ?)
make question 957
Hibernate: insert into question (answer, choice1, choice2, choice3, choice4, choice5, content, correct, create_date, filepath, modify_date, score, subject, teacher_id, time, view) values (?, ?, ?, ?, ?, ?, ?, ?, ?, ?, ?, ?, ?, ?, ?, ?)
make question 958
Hibernate: insert into question (answer, choice1, choice2, choice3, choice4, choice5, content, correct, create_date, filepath, modify_date, score, subject, teacher_id, time, view) values (?, ?, ?, ?, ?, ?, ?, ?, ?, ?, ?, ?, ?, ?, ?, ?)
make question 959
Hibernate: insert into question (answer, choice1, choice2, choice3, choice4, choice5, content, correct, create_date, filepath, modify_date, score, subject, teacher_id, time, view) values (?, ?, ?, ?, ?, ?, ?, ?, ?, ?, ?, ?, ?, ?, ?, ?)
make question 960
Hibernate: insert into question (answer, choice1, choice2, choice3, choice4, choice5, content, correct, create_date, filepath, modify_date, score, subject, teacher_id, time, view) values (?, ?, ?, ?, ?, ?, ?, ?, ?, ?, ?, ?, ?, ?, ?, ?)
make question 961
Hibernate: insert into question (answer, choice1, choice2, choice3, choice4, choice5, content, correct, create_date, filepath, modify_date, score, subject, teacher_id, time, view) values (?, ?, ?, ?, ?, ?, ?, ?, ?, ?, ?, ?, ?, ?, ?, ?)
make question 962
Hibernate: insert into question (answer, choice1, choice2, choice3, choice4, choice5, content, correct, create_date, filepath, modify_date, score, subject, teacher_id, time, view) values (?, ?, ?, ?, ?, ?, ?, ?, ?, ?, ?, ?, ?, ?, ?, ?)
make question 963
Hibernate: insert into question (answer, choice1, choice2, choice3, choice4, choice5, content, correct, create_date, filepath, modify_date, score, subject, teacher_id, time, view) values (?, ?, ?, ?, ?, ?, ?, ?, ?, ?, ?, ?, ?, ?, ?, ?)
make question 964
Hibernate: insert into question (answer, choice1, choice2, choice3, choice4, choice5, content, correct, create_date, filepath, modify_date, score, subject, teacher_id, time, view) values (?, ?, ?, ?, ?, ?, ?, ?, ?, ?, ?, ?, ?, ?, ?, ?)
make question 965
Hibernate: insert into question (answer, choice1, choice2, choice3, choice4, choice5, content, correct, create_date, filepath, modify_date, score, subject, teacher_id, time, view) values (?, ?, ?, ?, ?, ?, ?, ?, ?, ?, ?, ?, ?, ?, ?, ?)
make question 966
Hibernate: insert into question (answer, choice1, choice2, choice3, choice4, choice5, content, correct, create_date, filepath, modify_date, score, subject, teacher_id, time, view) values (?, ?, ?, ?, ?, ?, ?, ?, ?, ?, ?, ?, ?, ?, ?, ?)
make question 967
Hibernate: insert into question (answer, choice1, choice2, choice3, choice4, choice5, content, correct, create_date, filepath, modify_date, score, subject, teacher_id, time, view) values (?, ?, ?, ?, ?, ?, ?, ?, ?, ?, ?, ?, ?, ?, ?, ?)
make question 968
Hibernate: insert into question (answer, choice1, choice2, choice3, choice4, choice5, content, correct, create_date, filepath, modify_date, score, subject, teacher_id, time, view) values (?, ?, ?, ?, ?, ?, ?, ?, ?, ?, ?, ?, ?, ?, ?, ?)
make question 969
Hibernate: insert into question (answer, choice1, choice2, choice3, choice4, choice5, content, correct, create_date, filepath, modify_date, score, subject, teacher_id, time, view) values (?, ?, ?, ?, ?, ?, ?, ?, ?, ?, ?, ?, ?, ?, ?, ?)
make question 970
Hibernate: insert into question (answer, choice1, choice2, choice3, choice4, choice5, content, correct, create_date, filepath, modify_date, score, subject, teacher_id, time, view) values (?, ?, ?, ?, ?, ?, ?, ?, ?, ?, ?, ?, ?, ?, ?, ?)
make question 971
Hibernate: insert into question (answer, choice1, choice2, choice3, choice4, choice5, content, correct, create_date, filepath, modify_date, score, subject, teacher_id, time, view) values (?, ?, ?, ?, ?, ?, ?, ?, ?, ?, ?, ?, ?, ?, ?, ?)
make question 972
Hibernate: insert into question (answer, choice1, choice2, choice3, choice4, choice5, content, correct, create_date, filepath, modify_date, score, subject, teacher_id, time, view) values (?, ?, ?, ?, ?, ?, ?, ?, ?, ?, ?, ?, ?, ?, ?, ?)
make question 973
Hibernate: insert into question (answer, choice1, choice2, choice3, choice4, choice5, content, correct, create_date, filepath, modify_date, score, subject, teacher_id, time, view) values (?, ?, ?, ?, ?, ?, ?, ?, ?, ?, ?, ?, ?, ?, ?, ?)
make question 974
Hibernate: insert into question (answer, choice1, choice2, choice3, choice4, choice5, content, correct, create_date, filepath, modify_date, score, subject, teacher_id, time, view) values (?, ?, ?, ?, ?, ?, ?, ?, ?, ?, ?, ?, ?, ?, ?, ?)
make question 975
Hibernate: insert into question (answer, choice1, choice2, choice3, choice4, choice5, content, correct, create_date, filepath, modify_date, score, subject, teacher_id, time, view) values (?, ?, ?, ?, ?, ?, ?, ?, ?, ?, ?, ?, ?, ?, ?, ?)
make question 976
Hibernate: insert into question (answer, choice1, choice2, choice3, choice4, choice5, content, correct, create_date, filepath, modify_date, score, subject, teacher_id, time, view) values (?, ?, ?, ?, ?, ?, ?, ?, ?, ?, ?, ?, ?, ?, ?, ?)
make question 977
Hibernate: insert into question (answer, choice1, choice2, choice3, choice4, choice5, content, correct, create_date, filepath, modify_date, score, subject, teacher_id, time, view) values (?, ?, ?, ?, ?, ?, ?, ?, ?, ?, ?, ?, ?, ?, ?, ?)
make question 978
Hibernate: insert into question (answer, choice1, choice2, choice3, choice4, choice5, content, correct, create_date, filepath, modify_date, score, subject, teacher_id, time, view) values (?, ?, ?, ?, ?, ?, ?, ?, ?, ?, ?, ?, ?, ?, ?, ?)
make question 979
Hibernate: insert into question (answer, choice1, choice2, choice3, choice4, choice5, content, correct, create_date, filepath, modify_date, score, subject, teacher_id, time, view) values (?, ?, ?, ?, ?, ?, ?, ?, ?, ?, ?, ?, ?, ?, ?, ?)
make question 980
Hibernate: insert into question (answer, choice1, choice2, choice3, choice4, choice5, content, correct, create_date, filepath, modify_date, score, subject, teacher_id, time, view) values (?, ?, ?, ?, ?, ?, ?, ?, ?, ?, ?, ?, ?, ?, ?, ?)
make question 981
Hibernate: insert into question (answer, choice1, choice2, choice3, choice4, choice5, content, correct, create_date, filepath, modify_date, score, subject, teacher_id, time, view) values (?, ?, ?, ?, ?, ?, ?, ?, ?, ?, ?, ?, ?, ?, ?, ?)
make question 982
Hibernate: insert into question (answer, choice1, choice2, choice3, choice4, choice5, content, correct, create_date, filepath, modify_date, score, subject, teacher_id, time, view) values (?, ?, ?, ?, ?, ?, ?, ?, ?, ?, ?, ?, ?, ?, ?, ?)
make question 983
Hibernate: insert into question (answer, choice1, choice2, choice3, choice4, choice5, content, correct, create_date, filepath, modify_date, score, subject, teacher_id, time, view) values (?, ?, ?, ?, ?, ?, ?, ?, ?, ?, ?, ?, ?, ?, ?, ?)
make question 984
Hibernate: insert into question (answer, choice1, choice2, choice3, choice4, choice5, content, correct, create_date, filepath, modify_date, score, subject, teacher_id, time, view) values (?, ?, ?, ?, ?, ?, ?, ?, ?, ?, ?, ?, ?, ?, ?, ?)
make question 985
Hibernate: insert into question (answer, choice1, choice2, choice3, choice4, choice5, content, correct, create_date, filepath, modify_date, score, subject, teacher_id, time, view) values (?, ?, ?, ?, ?, ?, ?, ?, ?, ?, ?, ?, ?, ?, ?, ?)
make question 986
Hibernate: insert into question (answer, choice1, choice2, choice3, choice4, choice5, content, correct, create_date, filepath, modify_date, score, subject, teacher_id, time, view) values (?, ?, ?, ?, ?, ?, ?, ?, ?, ?, ?, ?, ?, ?, ?, ?)
make question 987
Hibernate: insert into question (answer, choice1, choice2, choice3, choice4, choice5, content, correct, create_date, filepath, modify_date, score, subject, teacher_id, time, view) values (?, ?, ?, ?, ?, ?, ?, ?, ?, ?, ?, ?, ?, ?, ?, ?)
make question 988
Hibernate: insert into question (answer, choice1, choice2, choice3, choice4, choice5, content, correct, create_date, filepath, modify_date, score, subject, teacher_id, time, view) values (?, ?, ?, ?, ?, ?, ?, ?, ?, ?, ?, ?, ?, ?, ?, ?)
make question 989
Hibernate: insert into question (answer, choice1, choice2, choice3, choice4, choice5, content, correct, create_date, filepath, modify_date, score, subject, teacher_id, time, view) values (?, ?, ?, ?, ?, ?, ?, ?, ?, ?, ?, ?, ?, ?, ?, ?)
make question 990
Hibernate: insert into question (answer, choice1, choice2, choice3, choice4, choice5, content, correct, create_date, filepath, modify_date, score, subject, teacher_id, time, view) values (?, ?, ?, ?, ?, ?, ?, ?, ?, ?, ?, ?, ?, ?, ?, ?)
make question 991
Hibernate: insert into question (answer, choice1, choice2, choice3, choice4, choice5, content, correct, create_date, filepath, modify_date, score, subject, teacher_id, time, view) values (?, ?, ?, ?, ?, ?, ?, ?, ?, ?, ?, ?, ?, ?, ?, ?)
make question 992
Hibernate: insert into question (answer, choice1, choice2, choice3, choice4, choice5, content, correct, create_date, filepath, modify_date, score, subject, teacher_id, time, view) values (?, ?, ?, ?, ?, ?, ?, ?, ?, ?, ?, ?, ?, ?, ?, ?)
make question 993
Hibernate: insert into question (answer, choice1, choice2, choice3, choice4, choice5, content, correct, create_date, filepath, modify_date, score, subject, teacher_id, time, view) values (?, ?, ?, ?, ?, ?, ?, ?, ?, ?, ?, ?, ?, ?, ?, ?)
make question 994
Hibernate: insert into question (answer, choice1, choice2, choice3, choice4, choice5, content, correct, create_date, filepath, modify_date, score, subject, teacher_id, time, view) values (?, ?, ?, ?, ?, ?, ?, ?, ?, ?, ?, ?, ?, ?, ?, ?)
make question 995
Hibernate: insert into question (answer, choice1, choice2, choice3, choice4, choice5, content, correct, create_date, filepath, modify_date, score, subject, teacher_id, time, view) values (?, ?, ?, ?, ?, ?, ?, ?, ?, ?, ?, ?, ?, ?, ?, ?)
make question 996
Hibernate: insert into question (answer, choice1, choice2, choice3, choice4, choice5, content, correct, create_date, filepath, modify_date, score, subject, teacher_id, time, view) values (?, ?, ?, ?, ?, ?, ?, ?, ?, ?, ?, ?, ?, ?, ?, ?)
make question 997
Hibernate: insert into question (answer, choice1, choice2, choice3, choice4, choice5, content, correct, create_date, filepath, modify_date, score, subject, teacher_id, time, view) values (?, ?, ?, ?, ?, ?, ?, ?, ?, ?, ?, ?, ?, ?, ?, ?)
make question 998
Hibernate: insert into question (answer, choice1, choice2, choice3, choice4, choice5, content, correct, create_date, filepath, modify_date, score, subject, teacher_id, time, view) values (?, ?, ?, ?, ?, ?, ?, ?, ?, ?, ?, ?, ?, ?, ?, ?)
make question 999
Hibernate: insert into question (answer, choice1, choice2, choice3, choice4, choice5, content, correct, create_date, filepath, modify_date, score, subject, teacher_id, time, view) values (?, ?, ?, ?, ?, ?, ?, ?, ?, ?, ?, ?, ?, ?, ?, ?)
make question 1000
Hibernate: insert into question (answer, choice1, choice2, choice3, choice4, choice5, content, correct, create_date, filepath, modify_date, score, subject, teacher_id, time, view) values (?, ?, ?, ?, ?, ?, ?, ?, ?, ?, ?, ?, ?, ?, ?, ?)
make question 1001
Hibernate: insert into question (answer, choice1, choice2, choice3, choice4, choice5, content, correct, create_date, filepath, modify_date, score, subject, teacher_id, time, view) values (?, ?, ?, ?, ?, ?, ?, ?, ?, ?, ?, ?, ?, ?, ?, ?)
make question 1002
Hibernate: insert into question (answer, choice1, choice2, choice3, choice4, choice5, content, correct, create_date, filepath, modify_date, score, subject, teacher_id, time, view) values (?, ?, ?, ?, ?, ?, ?, ?, ?, ?, ?, ?, ?, ?, ?, ?)
make question 1003
Hibernate: insert into question (answer, choice1, choice2, choice3, choice4, choice5, content, correct, create_date, filepath, modify_date, score, subject, teacher_id, time, view) values (?, ?, ?, ?, ?, ?, ?, ?, ?, ?, ?, ?, ?, ?, ?, ?)
make question 1004
Hibernate: insert into question (answer, choice1, choice2, choice3, choice4, choice5, content, correct, create_date, filepath, modify_date, score, subject, teacher_id, time, view) values (?, ?, ?, ?, ?, ?, ?, ?, ?, ?, ?, ?, ?, ?, ?, ?)
make question 1005
Hibernate: insert into question (answer, choice1, choice2, choice3, choice4, choice5, content, correct, create_date, filepath, modify_date, score, subject, teacher_id, time, view) values (?, ?, ?, ?, ?, ?, ?, ?, ?, ?, ?, ?, ?, ?, ?, ?)
make question 1006
Hibernate: insert into question (answer, choice1, choice2, choice3, choice4, choice5, content, correct, create_date, filepath, modify_date, score, subject, teacher_id, time, view) values (?, ?, ?, ?, ?, ?, ?, ?, ?, ?, ?, ?, ?, ?, ?, ?)
make question 1007
Hibernate: insert into question (answer, choice1, choice2, choice3, choice4, choice5, content, correct, create_date, filepath, modify_date, score, subject, teacher_id, time, view) values (?, ?, ?, ?, ?, ?, ?, ?, ?, ?, ?, ?, ?, ?, ?, ?)
make question 1008
Hibernate: insert into question (answer, choice1, choice2, choice3, choice4, choice5, content, correct, create_date, filepath, modify_date, score, subject, teacher_id, time, view) values (?, ?, ?, ?, ?, ?, ?, ?, ?, ?, ?, ?, ?, ?, ?, ?)
make question 1009
Hibernate: insert into question (answer, choice1, choice2, choice3, choice4, choice5, content, correct, create_date, filepath, modify_date, score, subject, teacher_id, time, view) values (?, ?, ?, ?, ?, ?, ?, ?, ?, ?, ?, ?, ?, ?, ?, ?)
make question 1010
Hibernate: insert into question (answer, choice1, choice2, choice3, choice4, choice5, content, correct, create_date, filepath, modify_date, score, subject, teacher_id, time, view) values (?, ?, ?, ?, ?, ?, ?, ?, ?, ?, ?, ?, ?, ?, ?, ?)
make question 1011
Hibernate: insert into question (answer, choice1, choice2, choice3, choice4, choice5, content, correct, create_date, filepath, modify_date, score, subject, teacher_id, time, view) values (?, ?, ?, ?, ?, ?, ?, ?, ?, ?, ?, ?, ?, ?, ?, ?)
make question 1012
Hibernate: insert into question (answer, choice1, choice2, choice3, choice4, choice5, content, correct, create_date, filepath, modify_date, score, subject, teacher_id, time, view) values (?, ?, ?, ?, ?, ?, ?, ?, ?, ?, ?, ?, ?, ?, ?, ?)
make question 1013
Hibernate: insert into question (answer, choice1, choice2, choice3, choice4, choice5, content, correct, create_date, filepath, modify_date, score, subject, teacher_id, time, view) values (?, ?, ?, ?, ?, ?, ?, ?, ?, ?, ?, ?, ?, ?, ?, ?)
make question 1014
Hibernate: insert into question (answer, choice1, choice2, choice3, choice4, choice5, content, correct, create_date, filepath, modify_date, score, subject, teacher_id, time, view) values (?, ?, ?, ?, ?, ?, ?, ?, ?, ?, ?, ?, ?, ?, ?, ?)
make question 1015
Hibernate: insert into question (answer, choice1, choice2, choice3, choice4, choice5, content, correct, create_date, filepath, modify_date, score, subject, teacher_id, time, view) values (?, ?, ?, ?, ?, ?, ?, ?, ?, ?, ?, ?, ?, ?, ?, ?)
make question 1016
Hibernate: insert into question (answer, choice1, choice2, choice3, choice4, choice5, content, correct, create_date, filepath, modify_date, score, subject, teacher_id, time, view) values (?, ?, ?, ?, ?, ?, ?, ?, ?, ?, ?, ?, ?, ?, ?, ?)
make question 1017
Hibernate: insert into question (answer, choice1, choice2, choice3, choice4, choice5, content, correct, create_date, filepath, modify_date, score, subject, teacher_id, time, view) values (?, ?, ?, ?, ?, ?, ?, ?, ?, ?, ?, ?, ?, ?, ?, ?)
make question 1018
Hibernate: insert into question (answer, choice1, choice2, choice3, choice4, choice5, content, correct, create_date, filepath, modify_date, score, subject, teacher_id, time, view) values (?, ?, ?, ?, ?, ?, ?, ?, ?, ?, ?, ?, ?, ?, ?, ?)
make question 1019
Hibernate: insert into question (answer, choice1, choice2, choice3, choice4, choice5, content, correct, create_date, filepath, modify_date, score, subject, teacher_id, time, view) values (?, ?, ?, ?, ?, ?, ?, ?, ?, ?, ?, ?, ?, ?, ?, ?)
make question 1020
Hibernate: insert into question (answer, choice1, choice2, choice3, choice4, choice5, content, correct, create_date, filepath, modify_date, score, subject, teacher_id, time, view) values (?, ?, ?, ?, ?, ?, ?, ?, ?, ?, ?, ?, ?, ?, ?, ?)
make question 1021
Hibernate: insert into question (answer, choice1, choice2, choice3, choice4, choice5, content, correct, create_date, filepath, modify_date, score, subject, teacher_id, time, view) values (?, ?, ?, ?, ?, ?, ?, ?, ?, ?, ?, ?, ?, ?, ?, ?)
make question 1022
Hibernate: insert into question (answer, choice1, choice2, choice3, choice4, choice5, content, correct, create_date, filepath, modify_date, score, subject, teacher_id, time, view) values (?, ?, ?, ?, ?, ?, ?, ?, ?, ?, ?, ?, ?, ?, ?, ?)
make question 1023
Hibernate: insert into question (answer, choice1, choice2, choice3, choice4, choice5, content, correct, create_date, filepath, modify_date, score, subject, teacher_id, time, view) values (?, ?, ?, ?, ?, ?, ?, ?, ?, ?, ?, ?, ?, ?, ?, ?)
make question 1024
Hibernate: insert into question (answer, choice1, choice2, choice3, choice4, choice5, content, correct, create_date, filepath, modify_date, score, subject, teacher_id, time, view) values (?, ?, ?, ?, ?, ?, ?, ?, ?, ?, ?, ?, ?, ?, ?, ?)
make question 1025
Hibernate: insert into question (answer, choice1, choice2, choice3, choice4, choice5, content, correct, create_date, filepath, modify_date, score, subject, teacher_id, time, view) values (?, ?, ?, ?, ?, ?, ?, ?, ?, ?, ?, ?, ?, ?, ?, ?)
make question 1026
Hibernate: insert into question (answer, choice1, choice2, choice3, choice4, choice5, content, correct, create_date, filepath, modify_date, score, subject, teacher_id, time, view) values (?, ?, ?, ?, ?, ?, ?, ?, ?, ?, ?, ?, ?, ?, ?, ?)
make question 1027
Hibernate: insert into question (answer, choice1, choice2, choice3, choice4, choice5, content, correct, create_date, filepath, modify_date, score, subject, teacher_id, time, view) values (?, ?, ?, ?, ?, ?, ?, ?, ?, ?, ?, ?, ?, ?, ?, ?)
make question 1028
Hibernate: insert into question (answer, choice1, choice2, choice3, choice4, choice5, content, correct, create_date, filepath, modify_date, score, subject, teacher_id, time, view) values (?, ?, ?, ?, ?, ?, ?, ?, ?, ?, ?, ?, ?, ?, ?, ?)
make question 1029
Hibernate: insert into question (answer, choice1, choice2, choice3, choice4, choice5, content, correct, create_date, filepath, modify_date, score, subject, teacher_id, time, view) values (?, ?, ?, ?, ?, ?, ?, ?, ?, ?, ?, ?, ?, ?, ?, ?)
make question 1030
Hibernate: insert into question (answer, choice1, choice2, choice3, choice4, choice5, content, correct, create_date, filepath, modify_date, score, subject, teacher_id, time, view) values (?, ?, ?, ?, ?, ?, ?, ?, ?, ?, ?, ?, ?, ?, ?, ?)
make question 1031
Hibernate: insert into question (answer, choice1, choice2, choice3, choice4, choice5, content, correct, create_date, filepath, modify_date, score, subject, teacher_id, time, view) values (?, ?, ?, ?, ?, ?, ?, ?, ?, ?, ?, ?, ?, ?, ?, ?)
make question 1032
Hibernate: insert into question (answer, choice1, choice2, choice3, choice4, choice5, content, correct, create_date, filepath, modify_date, score, subject, teacher_id, time, view) values (?, ?, ?, ?, ?, ?, ?, ?, ?, ?, ?, ?, ?, ?, ?, ?)
make question 1033
Hibernate: insert into question (answer, choice1, choice2, choice3, choice4, choice5, content, correct, create_date, filepath, modify_date, score, subject, teacher_id, time, view) values (?, ?, ?, ?, ?, ?, ?, ?, ?, ?, ?, ?, ?, ?, ?, ?)
make question 1034
Hibernate: insert into question (answer, choice1, choice2, choice3, choice4, choice5, content, correct, create_date, filepath, modify_date, score, subject, teacher_id, time, view) values (?, ?, ?, ?, ?, ?, ?, ?, ?, ?, ?, ?, ?, ?, ?, ?)
make question 1035
Hibernate: insert into question (answer, choice1, choice2, choice3, choice4, choice5, content, correct, create_date, filepath, modify_date, score, subject, teacher_id, time, view) values (?, ?, ?, ?, ?, ?, ?, ?, ?, ?, ?, ?, ?, ?, ?, ?)
make question 1036
Hibernate: insert into question (answer, choice1, choice2, choice3, choice4, choice5, content, correct, create_date, filepath, modify_date, score, subject, teacher_id, time, view) values (?, ?, ?, ?, ?, ?, ?, ?, ?, ?, ?, ?, ?, ?, ?, ?)
make question 1037
Hibernate: insert into question (answer, choice1, choice2, choice3, choice4, choice5, content, correct, create_date, filepath, modify_date, score, subject, teacher_id, time, view) values (?, ?, ?, ?, ?, ?, ?, ?, ?, ?, ?, ?, ?, ?, ?, ?)
make question 1038
Hibernate: insert into question (answer, choice1, choice2, choice3, choice4, choice5, content, correct, create_date, filepath, modify_date, score, subject, teacher_id, time, view) values (?, ?, ?, ?, ?, ?, ?, ?, ?, ?, ?, ?, ?, ?, ?, ?)
make question 1039
Hibernate: insert into question (answer, choice1, choice2, choice3, choice4, choice5, content, correct, create_date, filepath, modify_date, score, subject, teacher_id, time, view) values (?, ?, ?, ?, ?, ?, ?, ?, ?, ?, ?, ?, ?, ?, ?, ?)
make question 1040
Hibernate: insert into question (answer, choice1, choice2, choice3, choice4, choice5, content, correct, create_date, filepath, modify_date, score, subject, teacher_id, time, view) values (?, ?, ?, ?, ?, ?, ?, ?, ?, ?, ?, ?, ?, ?, ?, ?)
make question 1041
Hibernate: insert into question (answer, choice1, choice2, choice3, choice4, choice5, content, correct, create_date, filepath, modify_date, score, subject, teacher_id, time, view) values (?, ?, ?, ?, ?, ?, ?, ?, ?, ?, ?, ?, ?, ?, ?, ?)
make question 1042
Hibernate: insert into question (answer, choice1, choice2, choice3, choice4, choice5, content, correct, create_date, filepath, modify_date, score, subject, teacher_id, time, view) values (?, ?, ?, ?, ?, ?, ?, ?, ?, ?, ?, ?, ?, ?, ?, ?)
make question 1043
Hibernate: insert into question (answer, choice1, choice2, choice3, choice4, choice5, content, correct, create_date, filepath, modify_date, score, subject, teacher_id, time, view) values (?, ?, ?, ?, ?, ?, ?, ?, ?, ?, ?, ?, ?, ?, ?, ?)
make question 1044
Hibernate: insert into question (answer, choice1, choice2, choice3, choice4, choice5, content, correct, create_date, filepath, modify_date, score, subject, teacher_id, time, view) values (?, ?, ?, ?, ?, ?, ?, ?, ?, ?, ?, ?, ?, ?, ?, ?)
make question 1045
Hibernate: insert into question (answer, choice1, choice2, choice3, choice4, choice5, content, correct, create_date, filepath, modify_date, score, subject, teacher_id, time, view) values (?, ?, ?, ?, ?, ?, ?, ?, ?, ?, ?, ?, ?, ?, ?, ?)
make question 1046
Hibernate: insert into question (answer, choice1, choice2, choice3, choice4, choice5, content, correct, create_date, filepath, modify_date, score, subject, teacher_id, time, view) values (?, ?, ?, ?, ?, ?, ?, ?, ?, ?, ?, ?, ?, ?, ?, ?)
make question 1047
Hibernate: insert into question (answer, choice1, choice2, choice3, choice4, choice5, content, correct, create_date, filepath, modify_date, score, subject, teacher_id, time, view) values (?, ?, ?, ?, ?, ?, ?, ?, ?, ?, ?, ?, ?, ?, ?, ?)
make question 1048
Hibernate: insert into question (answer, choice1, choice2, choice3, choice4, choice5, content, correct, create_date, filepath, modify_date, score, subject, teacher_id, time, view) values (?, ?, ?, ?, ?, ?, ?, ?, ?, ?, ?, ?, ?, ?, ?, ?)
make question 1049
Hibernate: insert into question (answer, choice1, choice2, choice3, choice4, choice5, content, correct, create_date, filepath, modify_date, score, subject, teacher_id, time, view) values (?, ?, ?, ?, ?, ?, ?, ?, ?, ?, ?, ?, ?, ?, ?, ?)
make question 1050
Hibernate: insert into question (answer, choice1, choice2, choice3, choice4, choice5, content, correct, create_date, filepath, modify_date, score, subject, teacher_id, time, view) values (?, ?, ?, ?, ?, ?, ?, ?, ?, ?, ?, ?, ?, ?, ?, ?)
make question 1051
Hibernate: insert into question (answer, choice1, choice2, choice3, choice4, choice5, content, correct, create_date, filepath, modify_date, score, subject, teacher_id, time, view) values (?, ?, ?, ?, ?, ?, ?, ?, ?, ?, ?, ?, ?, ?, ?, ?)
make question 1052
Hibernate: insert into question (answer, choice1, choice2, choice3, choice4, choice5, content, correct, create_date, filepath, modify_date, score, subject, teacher_id, time, view) values (?, ?, ?, ?, ?, ?, ?, ?, ?, ?, ?, ?, ?, ?, ?, ?)
make question 1053
Hibernate: insert into question (answer, choice1, choice2, choice3, choice4, choice5, content, correct, create_date, filepath, modify_date, score, subject, teacher_id, time, view) values (?, ?, ?, ?, ?, ?, ?, ?, ?, ?, ?, ?, ?, ?, ?, ?)
make question 1054
Hibernate: insert into question (answer, choice1, choice2, choice3, choice4, choice5, content, correct, create_date, filepath, modify_date, score, subject, teacher_id, time, view) values (?, ?, ?, ?, ?, ?, ?, ?, ?, ?, ?, ?, ?, ?, ?, ?)
make question 1055
Hibernate: insert into question (answer, choice1, choice2, choice3, choice4, choice5, content, correct, create_date, filepath, modify_date, score, subject, teacher_id, time, view) values (?, ?, ?, ?, ?, ?, ?, ?, ?, ?, ?, ?, ?, ?, ?, ?)
make question 1056
Hibernate: insert into question (answer, choice1, choice2, choice3, choice4, choice5, content, correct, create_date, filepath, modify_date, score, subject, teacher_id, time, view) values (?, ?, ?, ?, ?, ?, ?, ?, ?, ?, ?, ?, ?, ?, ?, ?)
make question 1057
Hibernate: insert into question (answer, choice1, choice2, choice3, choice4, choice5, content, correct, create_date, filepath, modify_date, score, subject, teacher_id, time, view) values (?, ?, ?, ?, ?, ?, ?, ?, ?, ?, ?, ?, ?, ?, ?, ?)
make question 1058
Hibernate: insert into question (answer, choice1, choice2, choice3, choice4, choice5, content, correct, create_date, filepath, modify_date, score, subject, teacher_id, time, view) values (?, ?, ?, ?, ?, ?, ?, ?, ?, ?, ?, ?, ?, ?, ?, ?)
make question 1059
Hibernate: insert into question (answer, choice1, choice2, choice3, choice4, choice5, content, correct, create_date, filepath, modify_date, score, subject, teacher_id, time, view) values (?, ?, ?, ?, ?, ?, ?, ?, ?, ?, ?, ?, ?, ?, ?, ?)
make question 1060
Hibernate: insert into question (answer, choice1, choice2, choice3, choice4, choice5, content, correct, create_date, filepath, modify_date, score, subject, teacher_id, time, view) values (?, ?, ?, ?, ?, ?, ?, ?, ?, ?, ?, ?, ?, ?, ?, ?)
make question 1061
Hibernate: insert into question (answer, choice1, choice2, choice3, choice4, choice5, content, correct, create_date, filepath, modify_date, score, subject, teacher_id, time, view) values (?, ?, ?, ?, ?, ?, ?, ?, ?, ?, ?, ?, ?, ?, ?, ?)
make question 1062
Hibernate: insert into question (answer, choice1, choice2, choice3, choice4, choice5, content, correct, create_date, filepath, modify_date, score, subject, teacher_id, time, view) values (?, ?, ?, ?, ?, ?, ?, ?, ?, ?, ?, ?, ?, ?, ?, ?)
make question 1063
Hibernate: insert into question (answer, choice1, choice2, choice3, choice4, choice5, content, correct, create_date, filepath, modify_date, score, subject, teacher_id, time, view) values (?, ?, ?, ?, ?, ?, ?, ?, ?, ?, ?, ?, ?, ?, ?, ?)
make question 1064
Hibernate: insert into question (answer, choice1, choice2, choice3, choice4, choice5, content, correct, create_date, filepath, modify_date, score, subject, teacher_id, time, view) values (?, ?, ?, ?, ?, ?, ?, ?, ?, ?, ?, ?, ?, ?, ?, ?)
make question 1065
Hibernate: insert into question (answer, choice1, choice2, choice3, choice4, choice5, content, correct, create_date, filepath, modify_date, score, subject, teacher_id, time, view) values (?, ?, ?, ?, ?, ?, ?, ?, ?, ?, ?, ?, ?, ?, ?, ?)
make question 1066
Hibernate: insert into question (answer, choice1, choice2, choice3, choice4, choice5, content, correct, create_date, filepath, modify_date, score, subject, teacher_id, time, view) values (?, ?, ?, ?, ?, ?, ?, ?, ?, ?, ?, ?, ?, ?, ?, ?)
make question 1067
Hibernate: insert into question (answer, choice1, choice2, choice3, choice4, choice5, content, correct, create_date, filepath, modify_date, score, subject, teacher_id, time, view) values (?, ?, ?, ?, ?, ?, ?, ?, ?, ?, ?, ?, ?, ?, ?, ?)
make question 1068
Hibernate: insert into question (answer, choice1, choice2, choice3, choice4, choice5, content, correct, create_date, filepath, modify_date, score, subject, teacher_id, time, view) values (?, ?, ?, ?, ?, ?, ?, ?, ?, ?, ?, ?, ?, ?, ?, ?)
make question 1069
Hibernate: insert into question (answer, choice1, choice2, choice3, choice4, choice5, content, correct, create_date, filepath, modify_date, score, subject, teacher_id, time, view) values (?, ?, ?, ?, ?, ?, ?, ?, ?, ?, ?, ?, ?, ?, ?, ?)
make question 1070
Hibernate: insert into question (answer, choice1, choice2, choice3, choice4, choice5, content, correct, create_date, filepath, modify_date, score, subject, teacher_id, time, view) values (?, ?, ?, ?, ?, ?, ?, ?, ?, ?, ?, ?, ?, ?, ?, ?)
make question 1071
Hibernate: insert into question (answer, choice1, choice2, choice3, choice4, choice5, content, correct, create_date, filepath, modify_date, score, subject, teacher_id, time, view) values (?, ?, ?, ?, ?, ?, ?, ?, ?, ?, ?, ?, ?, ?, ?, ?)
make question 1072
Hibernate: insert into question (answer, choice1, choice2, choice3, choice4, choice5, content, correct, create_date, filepath, modify_date, score, subject, teacher_id, time, view) values (?, ?, ?, ?, ?, ?, ?, ?, ?, ?, ?, ?, ?, ?, ?, ?)
make question 1073
Hibernate: insert into question (answer, choice1, choice2, choice3, choice4, choice5, content, correct, create_date, filepath, modify_date, score, subject, teacher_id, time, view) values (?, ?, ?, ?, ?, ?, ?, ?, ?, ?, ?, ?, ?, ?, ?, ?)
make question 1074
Hibernate: insert into question (answer, choice1, choice2, choice3, choice4, choice5, content, correct, create_date, filepath, modify_date, score, subject, teacher_id, time, view) values (?, ?, ?, ?, ?, ?, ?, ?, ?, ?, ?, ?, ?, ?, ?, ?)
make question 1075
Hibernate: insert into question (answer, choice1, choice2, choice3, choice4, choice5, content, correct, create_date, filepath, modify_date, score, subject, teacher_id, time, view) values (?, ?, ?, ?, ?, ?, ?, ?, ?, ?, ?, ?, ?, ?, ?, ?)
make question 1076
Hibernate: insert into question (answer, choice1, choice2, choice3, choice4, choice5, content, correct, create_date, filepath, modify_date, score, subject, teacher_id, time, view) values (?, ?, ?, ?, ?, ?, ?, ?, ?, ?, ?, ?, ?, ?, ?, ?)
make question 1077
Hibernate: insert into question (answer, choice1, choice2, choice3, choice4, choice5, content, correct, create_date, filepath, modify_date, score, subject, teacher_id, time, view) values (?, ?, ?, ?, ?, ?, ?, ?, ?, ?, ?, ?, ?, ?, ?, ?)
make question 1078
Hibernate: insert into question (answer, choice1, choice2, choice3, choice4, choice5, content, correct, create_date, filepath, modify_date, score, subject, teacher_id, time, view) values (?, ?, ?, ?, ?, ?, ?, ?, ?, ?, ?, ?, ?, ?, ?, ?)
make question 1079
Hibernate: insert into question (answer, choice1, choice2, choice3, choice4, choice5, content, correct, create_date, filepath, modify_date, score, subject, teacher_id, time, view) values (?, ?, ?, ?, ?, ?, ?, ?, ?, ?, ?, ?, ?, ?, ?, ?)
make question 1080
Hibernate: insert into question (answer, choice1, choice2, choice3, choice4, choice5, content, correct, create_date, filepath, modify_date, score, subject, teacher_id, time, view) values (?, ?, ?, ?, ?, ?, ?, ?, ?, ?, ?, ?, ?, ?, ?, ?)
make question 1081
Hibernate: insert into question (answer, choice1, choice2, choice3, choice4, choice5, content, correct, create_date, filepath, modify_date, score, subject, teacher_id, time, view) values (?, ?, ?, ?, ?, ?, ?, ?, ?, ?, ?, ?, ?, ?, ?, ?)
make question 1082
Hibernate: insert into question (answer, choice1, choice2, choice3, choice4, choice5, content, correct, create_date, filepath, modify_date, score, subject, teacher_id, time, view) values (?, ?, ?, ?, ?, ?, ?, ?, ?, ?, ?, ?, ?, ?, ?, ?)
make question 1083
Hibernate: insert into question (answer, choice1, choice2, choice3, choice4, choice5, content, correct, create_date, filepath, modify_date, score, subject, teacher_id, time, view) values (?, ?, ?, ?, ?, ?, ?, ?, ?, ?, ?, ?, ?, ?, ?, ?)
make question 1084
Hibernate: insert into question (answer, choice1, choice2, choice3, choice4, choice5, content, correct, create_date, filepath, modify_date, score, subject, teacher_id, time, view) values (?, ?, ?, ?, ?, ?, ?, ?, ?, ?, ?, ?, ?, ?, ?, ?)
make question 1085
Hibernate: insert into question (answer, choice1, choice2, choice3, choice4, choice5, content, correct, create_date, filepath, modify_date, score, subject, teacher_id, time, view) values (?, ?, ?, ?, ?, ?, ?, ?, ?, ?, ?, ?, ?, ?, ?, ?)
make question 1086
Hibernate: insert into question (answer, choice1, choice2, choice3, choice4, choice5, content, correct, create_date, filepath, modify_date, score, subject, teacher_id, time, view) values (?, ?, ?, ?, ?, ?, ?, ?, ?, ?, ?, ?, ?, ?, ?, ?)
make question 1087
Hibernate: insert into question (answer, choice1, choice2, choice3, choice4, choice5, content, correct, create_date, filepath, modify_date, score, subject, teacher_id, time, view) values (?, ?, ?, ?, ?, ?, ?, ?, ?, ?, ?, ?, ?, ?, ?, ?)
make question 1088
Hibernate: insert into question (answer, choice1, choice2, choice3, choice4, choice5, content, correct, create_date, filepath, modify_date, score, subject, teacher_id, time, view) values (?, ?, ?, ?, ?, ?, ?, ?, ?, ?, ?, ?, ?, ?, ?, ?)
make question 1089
Hibernate: insert into question (answer, choice1, choice2, choice3, choice4, choice5, content, correct, create_date, filepath, modify_date, score, subject, teacher_id, time, view) values (?, ?, ?, ?, ?, ?, ?, ?, ?, ?, ?, ?, ?, ?, ?, ?)
make question 1090
Hibernate: insert into question (answer, choice1, choice2, choice3, choice4, choice5, content, correct, create_date, filepath, modify_date, score, subject, teacher_id, time, view) values (?, ?, ?, ?, ?, ?, ?, ?, ?, ?, ?, ?, ?, ?, ?, ?)
make question 1091
Hibernate: insert into question (answer, choice1, choice2, choice3, choice4, choice5, content, correct, create_date, filepath, modify_date, score, subject, teacher_id, time, view) values (?, ?, ?, ?, ?, ?, ?, ?, ?, ?, ?, ?, ?, ?, ?, ?)
make question 1092
Hibernate: insert into question (answer, choice1, choice2, choice3, choice4, choice5, content, correct, create_date, filepath, modify_date, score, subject, teacher_id, time, view) values (?, ?, ?, ?, ?, ?, ?, ?, ?, ?, ?, ?, ?, ?, ?, ?)
make question 1093
Hibernate: insert into question (answer, choice1, choice2, choice3, choice4, choice5, content, correct, create_date, filepath, modify_date, score, subject, teacher_id, time, view) values (?, ?, ?, ?, ?, ?, ?, ?, ?, ?, ?, ?, ?, ?, ?, ?)
make question 1094
Hibernate: insert into question (answer, choice1, choice2, choice3, choice4, choice5, content, correct, create_date, filepath, modify_date, score, subject, teacher_id, time, view) values (?, ?, ?, ?, ?, ?, ?, ?, ?, ?, ?, ?, ?, ?, ?, ?)
make question 1095
Hibernate: insert into question (answer, choice1, choice2, choice3, choice4, choice5, content, correct, create_date, filepath, modify_date, score, subject, teacher_id, time, view) values (?, ?, ?, ?, ?, ?, ?, ?, ?, ?, ?, ?, ?, ?, ?, ?)
make question 1096
Hibernate: insert into question (answer, choice1, choice2, choice3, choice4, choice5, content, correct, create_date, filepath, modify_date, score, subject, teacher_id, time, view) values (?, ?, ?, ?, ?, ?, ?, ?, ?, ?, ?, ?, ?, ?, ?, ?)
make question 1097
Hibernate: insert into question (answer, choice1, choice2, choice3, choice4, choice5, content, correct, create_date, filepath, modify_date, score, subject, teacher_id, time, view) values (?, ?, ?, ?, ?, ?, ?, ?, ?, ?, ?, ?, ?, ?, ?, ?)
make question 1098
Hibernate: insert into question (answer, choice1, choice2, choice3, choice4, choice5, content, correct, create_date, filepath, modify_date, score, subject, teacher_id, time, view) values (?, ?, ?, ?, ?, ?, ?, ?, ?, ?, ?, ?, ?, ?, ?, ?)
make question 1099
Hibernate: insert into question (answer, choice1, choice2, choice3, choice4, choice5, content, correct, create_date, filepath, modify_date, score, subject, teacher_id, time, view) values (?, ?, ?, ?, ?, ?, ?, ?, ?, ?, ?, ?, ?, ?, ?, ?)
make question 1100
Hibernate: insert into question (answer, choice1, choice2, choice3, choice4, choice5, content, correct, create_date, filepath, modify_date, score, subject, teacher_id, time, view) values (?, ?, ?, ?, ?, ?, ?, ?, ?, ?, ?, ?, ?, ?, ?, ?)
make question 1101
Hibernate: insert into question (answer, choice1, choice2, choice3, choice4, choice5, content, correct, create_date, filepath, modify_date, score, subject, teacher_id, time, view) values (?, ?, ?, ?, ?, ?, ?, ?, ?, ?, ?, ?, ?, ?, ?, ?)
make question 1102
Hibernate: insert into question (answer, choice1, choice2, choice3, choice4, choice5, content, correct, create_date, filepath, modify_date, score, subject, teacher_id, time, view) values (?, ?, ?, ?, ?, ?, ?, ?, ?, ?, ?, ?, ?, ?, ?, ?)
make question 1103
Hibernate: insert into question (answer, choice1, choice2, choice3, choice4, choice5, content, correct, create_date, filepath, modify_date, score, subject, teacher_id, time, view) values (?, ?, ?, ?, ?, ?, ?, ?, ?, ?, ?, ?, ?, ?, ?, ?)
make question 1104
Hibernate: insert into question (answer, choice1, choice2, choice3, choice4, choice5, content, correct, create_date, filepath, modify_date, score, subject, teacher_id, time, view) values (?, ?, ?, ?, ?, ?, ?, ?, ?, ?, ?, ?, ?, ?, ?, ?)
make question 1105
Hibernate: insert into question (answer, choice1, choice2, choice3, choice4, choice5, content, correct, create_date, filepath, modify_date, score, subject, teacher_id, time, view) values (?, ?, ?, ?, ?, ?, ?, ?, ?, ?, ?, ?, ?, ?, ?, ?)
make question 1106
Hibernate: insert into question (answer, choice1, choice2, choice3, choice4, choice5, content, correct, create_date, filepath, modify_date, score, subject, teacher_id, time, view) values (?, ?, ?, ?, ?, ?, ?, ?, ?, ?, ?, ?, ?, ?, ?, ?)
make question 1107
Hibernate: insert into question (answer, choice1, choice2, choice3, choice4, choice5, content, correct, create_date, filepath, modify_date, score, subject, teacher_id, time, view) values (?, ?, ?, ?, ?, ?, ?, ?, ?, ?, ?, ?, ?, ?, ?, ?)
make question 1108
Hibernate: insert into question (answer, choice1, choice2, choice3, choice4, choice5, content, correct, create_date, filepath, modify_date, score, subject, teacher_id, time, view) values (?, ?, ?, ?, ?, ?, ?, ?, ?, ?, ?, ?, ?, ?, ?, ?)
make question 1109
Hibernate: insert into question (answer, choice1, choice2, choice3, choice4, choice5, content, correct, create_date, filepath, modify_date, score, subject, teacher_id, time, view) values (?, ?, ?, ?, ?, ?, ?, ?, ?, ?, ?, ?, ?, ?, ?, ?)
make question 1110
Hibernate: insert into question (answer, choice1, choice2, choice3, choice4, choice5, content, correct, create_date, filepath, modify_date, score, subject, teacher_id, time, view) values (?, ?, ?, ?, ?, ?, ?, ?, ?, ?, ?, ?, ?, ?, ?, ?)
make question 1111
Hibernate: insert into question (answer, choice1, choice2, choice3, choice4, choice5, content, correct, create_date, filepath, modify_date, score, subject, teacher_id, time, view) values (?, ?, ?, ?, ?, ?, ?, ?, ?, ?, ?, ?, ?, ?, ?, ?)
make question 1112
Hibernate: insert into question (answer, choice1, choice2, choice3, choice4, choice5, content, correct, create_date, filepath, modify_date, score, subject, teacher_id, time, view) values (?, ?, ?, ?, ?, ?, ?, ?, ?, ?, ?, ?, ?, ?, ?, ?)
make question 1113
Hibernate: insert into question (answer, choice1, choice2, choice3, choice4, choice5, content, correct, create_date, filepath, modify_date, score, subject, teacher_id, time, view) values (?, ?, ?, ?, ?, ?, ?, ?, ?, ?, ?, ?, ?, ?, ?, ?)
make question 1114
Hibernate: insert into question (answer, choice1, choice2, choice3, choice4, choice5, content, correct, create_date, filepath, modify_date, score, subject, teacher_id, time, view) values (?, ?, ?, ?, ?, ?, ?, ?, ?, ?, ?, ?, ?, ?, ?, ?)
make question 1115
Hibernate: insert into question (answer, choice1, choice2, choice3, choice4, choice5, content, correct, create_date, filepath, modify_date, score, subject, teacher_id, time, view) values (?, ?, ?, ?, ?, ?, ?, ?, ?, ?, ?, ?, ?, ?, ?, ?)
make question 1116
Hibernate: insert into question (answer, choice1, choice2, choice3, choice4, choice5, content, correct, create_date, filepath, modify_date, score, subject, teacher_id, time, view) values (?, ?, ?, ?, ?, ?, ?, ?, ?, ?, ?, ?, ?, ?, ?, ?)
make question 1117
Hibernate: insert into question (answer, choice1, choice2, choice3, choice4, choice5, content, correct, create_date, filepath, modify_date, score, subject, teacher_id, time, view) values (?, ?, ?, ?, ?, ?, ?, ?, ?, ?, ?, ?, ?, ?, ?, ?)
make question 1118
Hibernate: insert into question (answer, choice1, choice2, choice3, choice4, choice5, content, correct, create_date, filepath, modify_date, score, subject, teacher_id, time, view) values (?, ?, ?, ?, ?, ?, ?, ?, ?, ?, ?, ?, ?, ?, ?, ?)
make question 1119
Hibernate: insert into question (answer, choice1, choice2, choice3, choice4, choice5, content, correct, create_date, filepath, modify_date, score, subject, teacher_id, time, view) values (?, ?, ?, ?, ?, ?, ?, ?, ?, ?, ?, ?, ?, ?, ?, ?)
make question 1120
Hibernate: insert into question (answer, choice1, choice2, choice3, choice4, choice5, content, correct, create_date, filepath, modify_date, score, subject, teacher_id, time, view) values (?, ?, ?, ?, ?, ?, ?, ?, ?, ?, ?, ?, ?, ?, ?, ?)
make question 1121
Hibernate: insert into question (answer, choice1, choice2, choice3, choice4, choice5, content, correct, create_date, filepath, modify_date, score, subject, teacher_id, time, view) values (?, ?, ?, ?, ?, ?, ?, ?, ?, ?, ?, ?, ?, ?, ?, ?)
make question 1122
Hibernate: insert into question (answer, choice1, choice2, choice3, choice4, choice5, content, correct, create_date, filepath, modify_date, score, subject, teacher_id, time, view) values (?, ?, ?, ?, ?, ?, ?, ?, ?, ?, ?, ?, ?, ?, ?, ?)
make question 1123
Hibernate: insert into question (answer, choice1, choice2, choice3, choice4, choice5, content, correct, create_date, filepath, modify_date, score, subject, teacher_id, time, view) values (?, ?, ?, ?, ?, ?, ?, ?, ?, ?, ?, ?, ?, ?, ?, ?)
make question 1124
Hibernate: insert into question (answer, choice1, choice2, choice3, choice4, choice5, content, correct, create_date, filepath, modify_date, score, subject, teacher_id, time, view) values (?, ?, ?, ?, ?, ?, ?, ?, ?, ?, ?, ?, ?, ?, ?, ?)
make question 1125
Hibernate: insert into question (answer, choice1, choice2, choice3, choice4, choice5, content, correct, create_date, filepath, modify_date, score, subject, teacher_id, time, view) values (?, ?, ?, ?, ?, ?, ?, ?, ?, ?, ?, ?, ?, ?, ?, ?)
make question 1126
Hibernate: insert into question (answer, choice1, choice2, choice3, choice4, choice5, content, correct, create_date, filepath, modify_date, score, subject, teacher_id, time, view) values (?, ?, ?, ?, ?, ?, ?, ?, ?, ?, ?, ?, ?, ?, ?, ?)
make question 1127
Hibernate: insert into question (answer, choice1, choice2, choice3, choice4, choice5, content, correct, create_date, filepath, modify_date, score, subject, teacher_id, time, view) values (?, ?, ?, ?, ?, ?, ?, ?, ?, ?, ?, ?, ?, ?, ?, ?)
make question 1128
Hibernate: insert into question (answer, choice1, choice2, choice3, choice4, choice5, content, correct, create_date, filepath, modify_date, score, subject, teacher_id, time, view) values (?, ?, ?, ?, ?, ?, ?, ?, ?, ?, ?, ?, ?, ?, ?, ?)
make question 1129
Hibernate: insert into question (answer, choice1, choice2, choice3, choice4, choice5, content, correct, create_date, filepath, modify_date, score, subject, teacher_id, time, view) values (?, ?, ?, ?, ?, ?, ?, ?, ?, ?, ?, ?, ?, ?, ?, ?)
make question 1130
Hibernate: insert into question (answer, choice1, choice2, choice3, choice4, choice5, content, correct, create_date, filepath, modify_date, score, subject, teacher_id, time, view) values (?, ?, ?, ?, ?, ?, ?, ?, ?, ?, ?, ?, ?, ?, ?, ?)
make question 1131
Hibernate: insert into question (answer, choice1, choice2, choice3, choice4, choice5, content, correct, create_date, filepath, modify_date, score, subject, teacher_id, time, view) values (?, ?, ?, ?, ?, ?, ?, ?, ?, ?, ?, ?, ?, ?, ?, ?)
make question 1132
Hibernate: insert into question (answer, choice1, choice2, choice3, choice4, choice5, content, correct, create_date, filepath, modify_date, score, subject, teacher_id, time, view) values (?, ?, ?, ?, ?, ?, ?, ?, ?, ?, ?, ?, ?, ?, ?, ?)
make question 1133
Hibernate: insert into question (answer, choice1, choice2, choice3, choice4, choice5, content, correct, create_date, filepath, modify_date, score, subject, teacher_id, time, view) values (?, ?, ?, ?, ?, ?, ?, ?, ?, ?, ?, ?, ?, ?, ?, ?)
make question 1134
Hibernate: insert into question (answer, choice1, choice2, choice3, choice4, choice5, content, correct, create_date, filepath, modify_date, score, subject, teacher_id, time, view) values (?, ?, ?, ?, ?, ?, ?, ?, ?, ?, ?, ?, ?, ?, ?, ?)
make question 1135
Hibernate: insert into question (answer, choice1, choice2, choice3, choice4, choice5, content, correct, create_date, filepath, modify_date, score, subject, teacher_id, time, view) values (?, ?, ?, ?, ?, ?, ?, ?, ?, ?, ?, ?, ?, ?, ?, ?)
make question 1136
Hibernate: insert into question (answer, choice1, choice2, choice3, choice4, choice5, content, correct, create_date, filepath, modify_date, score, subject, teacher_id, time, view) values (?, ?, ?, ?, ?, ?, ?, ?, ?, ?, ?, ?, ?, ?, ?, ?)
make question 1137
Hibernate: insert into question (answer, choice1, choice2, choice3, choice4, choice5, content, correct, create_date, filepath, modify_date, score, subject, teacher_id, time, view) values (?, ?, ?, ?, ?, ?, ?, ?, ?, ?, ?, ?, ?, ?, ?, ?)
make question 1138
Hibernate: insert into question (answer, choice1, choice2, choice3, choice4, choice5, content, correct, create_date, filepath, modify_date, score, subject, teacher_id, time, view) values (?, ?, ?, ?, ?, ?, ?, ?, ?, ?, ?, ?, ?, ?, ?, ?)
make question 1139
Hibernate: insert into question (answer, choice1, choice2, choice3, choice4, choice5, content, correct, create_date, filepath, modify_date, score, subject, teacher_id, time, view) values (?, ?, ?, ?, ?, ?, ?, ?, ?, ?, ?, ?, ?, ?, ?, ?)
make question 1140
Hibernate: insert into question (answer, choice1, choice2, choice3, choice4, choice5, content, correct, create_date, filepath, modify_date, score, subject, teacher_id, time, view) values (?, ?, ?, ?, ?, ?, ?, ?, ?, ?, ?, ?, ?, ?, ?, ?)
make question 1141
Hibernate: insert into question (answer, choice1, choice2, choice3, choice4, choice5, content, correct, create_date, filepath, modify_date, score, subject, teacher_id, time, view) values (?, ?, ?, ?, ?, ?, ?, ?, ?, ?, ?, ?, ?, ?, ?, ?)
make question 1142
Hibernate: insert into question (answer, choice1, choice2, choice3, choice4, choice5, content, correct, create_date, filepath, modify_date, score, subject, teacher_id, time, view) values (?, ?, ?, ?, ?, ?, ?, ?, ?, ?, ?, ?, ?, ?, ?, ?)
make question 1143
Hibernate: insert into question (answer, choice1, choice2, choice3, choice4, choice5, content, correct, create_date, filepath, modify_date, score, subject, teacher_id, time, view) values (?, ?, ?, ?, ?, ?, ?, ?, ?, ?, ?, ?, ?, ?, ?, ?)
make question 1144
Hibernate: insert into question (answer, choice1, choice2, choice3, choice4, choice5, content, correct, create_date, filepath, modify_date, score, subject, teacher_id, time, view) values (?, ?, ?, ?, ?, ?, ?, ?, ?, ?, ?, ?, ?, ?, ?, ?)
make question 1145
Hibernate: insert into question (answer, choice1, choice2, choice3, choice4, choice5, content, correct, create_date, filepath, modify_date, score, subject, teacher_id, time, view) values (?, ?, ?, ?, ?, ?, ?, ?, ?, ?, ?, ?, ?, ?, ?, ?)
make question 1146
Hibernate: insert into question (answer, choice1, choice2, choice3, choice4, choice5, content, correct, create_date, filepath, modify_date, score, subject, teacher_id, time, view) values (?, ?, ?, ?, ?, ?, ?, ?, ?, ?, ?, ?, ?, ?, ?, ?)
make question 1147
Hibernate: insert into question (answer, choice1, choice2, choice3, choice4, choice5, content, correct, create_date, filepath, modify_date, score, subject, teacher_id, time, view) values (?, ?, ?, ?, ?, ?, ?, ?, ?, ?, ?, ?, ?, ?, ?, ?)
make question 1148
Hibernate: insert into question (answer, choice1, choice2, choice3, choice4, choice5, content, correct, create_date, filepath, modify_date, score, subject, teacher_id, time, view) values (?, ?, ?, ?, ?, ?, ?, ?, ?, ?, ?, ?, ?, ?, ?, ?)
make question 1149
Hibernate: insert into question (answer, choice1, choice2, choice3, choice4, choice5, content, correct, create_date, filepath, modify_date, score, subject, teacher_id, time, view) values (?, ?, ?, ?, ?, ?, ?, ?, ?, ?, ?, ?, ?, ?, ?, ?)
make question 1150
Hibernate: insert into question (answer, choice1, choice2, choice3, choice4, choice5, content, correct, create_date, filepath, modify_date, score, subject, teacher_id, time, view) values (?, ?, ?, ?, ?, ?, ?, ?, ?, ?, ?, ?, ?, ?, ?, ?)
make question 1151
Hibernate: insert into question (answer, choice1, choice2, choice3, choice4, choice5, content, correct, create_date, filepath, modify_date, score, subject, teacher_id, time, view) values (?, ?, ?, ?, ?, ?, ?, ?, ?, ?, ?, ?, ?, ?, ?, ?)
make question 1152
Hibernate: insert into question (answer, choice1, choice2, choice3, choice4, choice5, content, correct, create_date, filepath, modify_date, score, subject, teacher_id, time, view) values (?, ?, ?, ?, ?, ?, ?, ?, ?, ?, ?, ?, ?, ?, ?, ?)
make question 1153
Hibernate: insert into question (answer, choice1, choice2, choice3, choice4, choice5, content, correct, create_date, filepath, modify_date, score, subject, teacher_id, time, view) values (?, ?, ?, ?, ?, ?, ?, ?, ?, ?, ?, ?, ?, ?, ?, ?)
make question 1154
Hibernate: insert into question (answer, choice1, choice2, choice3, choice4, choice5, content, correct, create_date, filepath, modify_date, score, subject, teacher_id, time, view) values (?, ?, ?, ?, ?, ?, ?, ?, ?, ?, ?, ?, ?, ?, ?, ?)
make question 1155
Hibernate: insert into question (answer, choice1, choice2, choice3, choice4, choice5, content, correct, create_date, filepath, modify_date, score, subject, teacher_id, time, view) values (?, ?, ?, ?, ?, ?, ?, ?, ?, ?, ?, ?, ?, ?, ?, ?)
make question 1156
Hibernate: insert into question (answer, choice1, choice2, choice3, choice4, choice5, content, correct, create_date, filepath, modify_date, score, subject, teacher_id, time, view) values (?, ?, ?, ?, ?, ?, ?, ?, ?, ?, ?, ?, ?, ?, ?, ?)
make question 1157
Hibernate: insert into question (answer, choice1, choice2, choice3, choice4, choice5, content, correct, create_date, filepath, modify_date, score, subject, teacher_id, time, view) values (?, ?, ?, ?, ?, ?, ?, ?, ?, ?, ?, ?, ?, ?, ?, ?)
make question 1158
Hibernate: insert into question (answer, choice1, choice2, choice3, choice4, choice5, content, correct, create_date, filepath, modify_date, score, subject, teacher_id, time, view) values (?, ?, ?, ?, ?, ?, ?, ?, ?, ?, ?, ?, ?, ?, ?, ?)
make question 1159
Hibernate: insert into question (answer, choice1, choice2, choice3, choice4, choice5, content, correct, create_date, filepath, modify_date, score, subject, teacher_id, time, view) values (?, ?, ?, ?, ?, ?, ?, ?, ?, ?, ?, ?, ?, ?, ?, ?)
make question 1160
Hibernate: insert into question (answer, choice1, choice2, choice3, choice4, choice5, content, correct, create_date, filepath, modify_date, score, subject, teacher_id, time, view) values (?, ?, ?, ?, ?, ?, ?, ?, ?, ?, ?, ?, ?, ?, ?, ?)
make question 1161
Hibernate: insert into question (answer, choice1, choice2, choice3, choice4, choice5, content, correct, create_date, filepath, modify_date, score, subject, teacher_id, time, view) values (?, ?, ?, ?, ?, ?, ?, ?, ?, ?, ?, ?, ?, ?, ?, ?)
make question 1162
Hibernate: insert into question (answer, choice1, choice2, choice3, choice4, choice5, content, correct, create_date, filepath, modify_date, score, subject, teacher_id, time, view) values (?, ?, ?, ?, ?, ?, ?, ?, ?, ?, ?, ?, ?, ?, ?, ?)
make question 1163
Hibernate: insert into question (answer, choice1, choice2, choice3, choice4, choice5, content, correct, create_date, filepath, modify_date, score, subject, teacher_id, time, view) values (?, ?, ?, ?, ?, ?, ?, ?, ?, ?, ?, ?, ?, ?, ?, ?)
make question 1164
Hibernate: insert into question (answer, choice1, choice2, choice3, choice4, choice5, content, correct, create_date, filepath, modify_date, score, subject, teacher_id, time, view) values (?, ?, ?, ?, ?, ?, ?, ?, ?, ?, ?, ?, ?, ?, ?, ?)
make question 1165
Hibernate: insert into question (answer, choice1, choice2, choice3, choice4, choice5, content, correct, create_date, filepath, modify_date, score, subject, teacher_id, time, view) values (?, ?, ?, ?, ?, ?, ?, ?, ?, ?, ?, ?, ?, ?, ?, ?)
make question 1166
Hibernate: insert into question (answer, choice1, choice2, choice3, choice4, choice5, content, correct, create_date, filepath, modify_date, score, subject, teacher_id, time, view) values (?, ?, ?, ?, ?, ?, ?, ?, ?, ?, ?, ?, ?, ?, ?, ?)
make question 1167
Hibernate: insert into question (answer, choice1, choice2, choice3, choice4, choice5, content, correct, create_date, filepath, modify_date, score, subject, teacher_id, time, view) values (?, ?, ?, ?, ?, ?, ?, ?, ?, ?, ?, ?, ?, ?, ?, ?)
make question 1168
Hibernate: insert into question (answer, choice1, choice2, choice3, choice4, choice5, content, correct, create_date, filepath, modify_date, score, subject, teacher_id, time, view) values (?, ?, ?, ?, ?, ?, ?, ?, ?, ?, ?, ?, ?, ?, ?, ?)
make question 1169
Hibernate: insert into question (answer, choice1, choice2, choice3, choice4, choice5, content, correct, create_date, filepath, modify_date, score, subject, teacher_id, time, view) values (?, ?, ?, ?, ?, ?, ?, ?, ?, ?, ?, ?, ?, ?, ?, ?)
make question 1170
Hibernate: insert into question (answer, choice1, choice2, choice3, choice4, choice5, content, correct, create_date, filepath, modify_date, score, subject, teacher_id, time, view) values (?, ?, ?, ?, ?, ?, ?, ?, ?, ?, ?, ?, ?, ?, ?, ?)
make question 1171
Hibernate: insert into question (answer, choice1, choice2, choice3, choice4, choice5, content, correct, create_date, filepath, modify_date, score, subject, teacher_id, time, view) values (?, ?, ?, ?, ?, ?, ?, ?, ?, ?, ?, ?, ?, ?, ?, ?)
make question 1172
Hibernate: insert into question (answer, choice1, choice2, choice3, choice4, choice5, content, correct, create_date, filepath, modify_date, score, subject, teacher_id, time, view) values (?, ?, ?, ?, ?, ?, ?, ?, ?, ?, ?, ?, ?, ?, ?, ?)
make question 1173
Hibernate: insert into question (answer, choice1, choice2, choice3, choice4, choice5, content, correct, create_date, filepath, modify_date, score, subject, teacher_id, time, view) values (?, ?, ?, ?, ?, ?, ?, ?, ?, ?, ?, ?, ?, ?, ?, ?)
make question 1174
Hibernate: insert into question (answer, choice1, choice2, choice3, choice4, choice5, content, correct, create_date, filepath, modify_date, score, subject, teacher_id, time, view) values (?, ?, ?, ?, ?, ?, ?, ?, ?, ?, ?, ?, ?, ?, ?, ?)
make question 1175
Hibernate: insert into question (answer, choice1, choice2, choice3, choice4, choice5, content, correct, create_date, filepath, modify_date, score, subject, teacher_id, time, view) values (?, ?, ?, ?, ?, ?, ?, ?, ?, ?, ?, ?, ?, ?, ?, ?)
make question 1176
Hibernate: insert into question (answer, choice1, choice2, choice3, choice4, choice5, content, correct, create_date, filepath, modify_date, score, subject, teacher_id, time, view) values (?, ?, ?, ?, ?, ?, ?, ?, ?, ?, ?, ?, ?, ?, ?, ?)
make question 1177
Hibernate: insert into question (answer, choice1, choice2, choice3, choice4, choice5, content, correct, create_date, filepath, modify_date, score, subject, teacher_id, time, view) values (?, ?, ?, ?, ?, ?, ?, ?, ?, ?, ?, ?, ?, ?, ?, ?)
make question 1178
Hibernate: insert into question (answer, choice1, choice2, choice3, choice4, choice5, content, correct, create_date, filepath, modify_date, score, subject, teacher_id, time, view) values (?, ?, ?, ?, ?, ?, ?, ?, ?, ?, ?, ?, ?, ?, ?, ?)
make question 1179
Hibernate: insert into question (answer, choice1, choice2, choice3, choice4, choice5, content, correct, create_date, filepath, modify_date, score, subject, teacher_id, time, view) values (?, ?, ?, ?, ?, ?, ?, ?, ?, ?, ?, ?, ?, ?, ?, ?)
make question 1180
Hibernate: insert into question (answer, choice1, choice2, choice3, choice4, choice5, content, correct, create_date, filepath, modify_date, score, subject, teacher_id, time, view) values (?, ?, ?, ?, ?, ?, ?, ?, ?, ?, ?, ?, ?, ?, ?, ?)
make question 1181
Hibernate: insert into question (answer, choice1, choice2, choice3, choice4, choice5, content, correct, create_date, filepath, modify_date, score, subject, teacher_id, time, view) values (?, ?, ?, ?, ?, ?, ?, ?, ?, ?, ?, ?, ?, ?, ?, ?)
make question 1182
Hibernate: insert into question (answer, choice1, choice2, choice3, choice4, choice5, content, correct, create_date, filepath, modify_date, score, subject, teacher_id, time, view) values (?, ?, ?, ?, ?, ?, ?, ?, ?, ?, ?, ?, ?, ?, ?, ?)
make question 1183
Hibernate: insert into question (answer, choice1, choice2, choice3, choice4, choice5, content, correct, create_date, filepath, modify_date, score, subject, teacher_id, time, view) values (?, ?, ?, ?, ?, ?, ?, ?, ?, ?, ?, ?, ?, ?, ?, ?)
make question 1184
Hibernate: insert into question (answer, choice1, choice2, choice3, choice4, choice5, content, correct, create_date, filepath, modify_date, score, subject, teacher_id, time, view) values (?, ?, ?, ?, ?, ?, ?, ?, ?, ?, ?, ?, ?, ?, ?, ?)
make question 1185
Hibernate: insert into question (answer, choice1, choice2, choice3, choice4, choice5, content, correct, create_date, filepath, modify_date, score, subject, teacher_id, time, view) values (?, ?, ?, ?, ?, ?, ?, ?, ?, ?, ?, ?, ?, ?, ?, ?)
make question 1186
Hibernate: insert into question (answer, choice1, choice2, choice3, choice4, choice5, content, correct, create_date, filepath, modify_date, score, subject, teacher_id, time, view) values (?, ?, ?, ?, ?, ?, ?, ?, ?, ?, ?, ?, ?, ?, ?, ?)
make question 1187
Hibernate: insert into question (answer, choice1, choice2, choice3, choice4, choice5, content, correct, create_date, filepath, modify_date, score, subject, teacher_id, time, view) values (?, ?, ?, ?, ?, ?, ?, ?, ?, ?, ?, ?, ?, ?, ?, ?)
make question 1188
Hibernate: insert into question (answer, choice1, choice2, choice3, choice4, choice5, content, correct, create_date, filepath, modify_date, score, subject, teacher_id, time, view) values (?, ?, ?, ?, ?, ?, ?, ?, ?, ?, ?, ?, ?, ?, ?, ?)
make question 1189
Hibernate: insert into question (answer, choice1, choice2, choice3, choice4, choice5, content, correct, create_date, filepath, modify_date, score, subject, teacher_id, time, view) values (?, ?, ?, ?, ?, ?, ?, ?, ?, ?, ?, ?, ?, ?, ?, ?)
make question 1190
Hibernate: insert into question (answer, choice1, choice2, choice3, choice4, choice5, content, correct, create_date, filepath, modify_date, score, subject, teacher_id, time, view) values (?, ?, ?, ?, ?, ?, ?, ?, ?, ?, ?, ?, ?, ?, ?, ?)
make question 1191
Hibernate: insert into question (answer, choice1, choice2, choice3, choice4, choice5, content, correct, create_date, filepath, modify_date, score, subject, teacher_id, time, view) values (?, ?, ?, ?, ?, ?, ?, ?, ?, ?, ?, ?, ?, ?, ?, ?)
make question 1192
Hibernate: insert into question (answer, choice1, choice2, choice3, choice4, choice5, content, correct, create_date, filepath, modify_date, score, subject, teacher_id, time, view) values (?, ?, ?, ?, ?, ?, ?, ?, ?, ?, ?, ?, ?, ?, ?, ?)
make question 1193
Hibernate: insert into question (answer, choice1, choice2, choice3, choice4, choice5, content, correct, create_date, filepath, modify_date, score, subject, teacher_id, time, view) values (?, ?, ?, ?, ?, ?, ?, ?, ?, ?, ?, ?, ?, ?, ?, ?)
make question 1194
Hibernate: insert into question (answer, choice1, choice2, choice3, choice4, choice5, content, correct, create_date, filepath, modify_date, score, subject, teacher_id, time, view) values (?, ?, ?, ?, ?, ?, ?, ?, ?, ?, ?, ?, ?, ?, ?, ?)
make question 1195
Hibernate: insert into question (answer, choice1, choice2, choice3, choice4, choice5, content, correct, create_date, filepath, modify_date, score, subject, teacher_id, time, view) values (?, ?, ?, ?, ?, ?, ?, ?, ?, ?, ?, ?, ?, ?, ?, ?)
make question 1196
Hibernate: insert into question (answer, choice1, choice2, choice3, choice4, choice5, content, correct, create_date, filepath, modify_date, score, subject, teacher_id, time, view) values (?, ?, ?, ?, ?, ?, ?, ?, ?, ?, ?, ?, ?, ?, ?, ?)
make question 1197
Hibernate: insert into question (answer, choice1, choice2, choice3, choice4, choice5, content, correct, create_date, filepath, modify_date, score, subject, teacher_id, time, view) values (?, ?, ?, ?, ?, ?, ?, ?, ?, ?, ?, ?, ?, ?, ?, ?)
make question 1198
Hibernate: insert into question (answer, choice1, choice2, choice3, choice4, choice5, content, correct, create_date, filepath, modify_date, score, subject, teacher_id, time, view) values (?, ?, ?, ?, ?, ?, ?, ?, ?, ?, ?, ?, ?, ?, ?, ?)
make question 1199
Hibernate: insert into question (answer, choice1, choice2, choice3, choice4, choice5, content, correct, create_date, filepath, modify_date, score, subject, teacher_id, time, view) values (?, ?, ?, ?, ?, ?, ?, ?, ?, ?, ?, ?, ?, ?, ?, ?)
make question 1200
Hibernate: insert into question (answer, choice1, choice2, choice3, choice4, choice5, content, correct, create_date, filepath, modify_date, score, subject, teacher_id, time, view) values (?, ?, ?, ?, ?, ?, ?, ?, ?, ?, ?, ?, ?, ?, ?, ?)
make question 1201
Hibernate: insert into question (answer, choice1, choice2, choice3, choice4, choice5, content, correct, create_date, filepath, modify_date, score, subject, teacher_id, time, view) values (?, ?, ?, ?, ?, ?, ?, ?, ?, ?, ?, ?, ?, ?, ?, ?)
make question 1202
Hibernate: insert into question (answer, choice1, choice2, choice3, choice4, choice5, content, correct, create_date, filepath, modify_date, score, subject, teacher_id, time, view) values (?, ?, ?, ?, ?, ?, ?, ?, ?, ?, ?, ?, ?, ?, ?, ?)
make question 1203
Hibernate: insert into question (answer, choice1, choice2, choice3, choice4, choice5, content, correct, create_date, filepath, modify_date, score, subject, teacher_id, time, view) values (?, ?, ?, ?, ?, ?, ?, ?, ?, ?, ?, ?, ?, ?, ?, ?)
make question 1204
Hibernate: insert into question (answer, choice1, choice2, choice3, choice4, choice5, content, correct, create_date, filepath, modify_date, score, subject, teacher_id, time, view) values (?, ?, ?, ?, ?, ?, ?, ?, ?, ?, ?, ?, ?, ?, ?, ?)
make question 1205
Hibernate: insert into question (answer, choice1, choice2, choice3, choice4, choice5, content, correct, create_date, filepath, modify_date, score, subject, teacher_id, time, view) values (?, ?, ?, ?, ?, ?, ?, ?, ?, ?, ?, ?, ?, ?, ?, ?)
make question 1206
Hibernate: insert into question (answer, choice1, choice2, choice3, choice4, choice5, content, correct, create_date, filepath, modify_date, score, subject, teacher_id, time, view) values (?, ?, ?, ?, ?, ?, ?, ?, ?, ?, ?, ?, ?, ?, ?, ?)
make question 1207
Hibernate: insert into question (answer, choice1, choice2, choice3, choice4, choice5, content, correct, create_date, filepath, modify_date, score, subject, teacher_id, time, view) values (?, ?, ?, ?, ?, ?, ?, ?, ?, ?, ?, ?, ?, ?, ?, ?)
make question 1208
Hibernate: insert into question (answer, choice1, choice2, choice3, choice4, choice5, content, correct, create_date, filepath, modify_date, score, subject, teacher_id, time, view) values (?, ?, ?, ?, ?, ?, ?, ?, ?, ?, ?, ?, ?, ?, ?, ?)
make question 1209
Hibernate: insert into question (answer, choice1, choice2, choice3, choice4, choice5, content, correct, create_date, filepath, modify_date, score, subject, teacher_id, time, view) values (?, ?, ?, ?, ?, ?, ?, ?, ?, ?, ?, ?, ?, ?, ?, ?)
make question 1210
Hibernate: insert into question (answer, choice1, choice2, choice3, choice4, choice5, content, correct, create_date, filepath, modify_date, score, subject, teacher_id, time, view) values (?, ?, ?, ?, ?, ?, ?, ?, ?, ?, ?, ?, ?, ?, ?, ?)
make question 1211
Hibernate: insert into question (answer, choice1, choice2, choice3, choice4, choice5, content, correct, create_date, filepath, modify_date, score, subject, teacher_id, time, view) values (?, ?, ?, ?, ?, ?, ?, ?, ?, ?, ?, ?, ?, ?, ?, ?)
make question 1212
Hibernate: insert into question (answer, choice1, choice2, choice3, choice4, choice5, content, correct, create_date, filepath, modify_date, score, subject, teacher_id, time, view) values (?, ?, ?, ?, ?, ?, ?, ?, ?, ?, ?, ?, ?, ?, ?, ?)
make question 1213
Hibernate: insert into question (answer, choice1, choice2, choice3, choice4, choice5, content, correct, create_date, filepath, modify_date, score, subject, teacher_id, time, view) values (?, ?, ?, ?, ?, ?, ?, ?, ?, ?, ?, ?, ?, ?, ?, ?)
make question 1214
Hibernate: insert into question (answer, choice1, choice2, choice3, choice4, choice5, content, correct, create_date, filepath, modify_date, score, subject, teacher_id, time, view) values (?, ?, ?, ?, ?, ?, ?, ?, ?, ?, ?, ?, ?, ?, ?, ?)
make question 1215
Hibernate: insert into question (answer, choice1, choice2, choice3, choice4, choice5, content, correct, create_date, filepath, modify_date, score, subject, teacher_id, time, view) values (?, ?, ?, ?, ?, ?, ?, ?, ?, ?, ?, ?, ?, ?, ?, ?)
make question 1216
Hibernate: insert into question (answer, choice1, choice2, choice3, choice4, choice5, content, correct, create_date, filepath, modify_date, score, subject, teacher_id, time, view) values (?, ?, ?, ?, ?, ?, ?, ?, ?, ?, ?, ?, ?, ?, ?, ?)
make question 1217
Hibernate: insert into question (answer, choice1, choice2, choice3, choice4, choice5, content, correct, create_date, filepath, modify_date, score, subject, teacher_id, time, view) values (?, ?, ?, ?, ?, ?, ?, ?, ?, ?, ?, ?, ?, ?, ?, ?)
make question 1218
Hibernate: insert into question (answer, choice1, choice2, choice3, choice4, choice5, content, correct, create_date, filepath, modify_date, score, subject, teacher_id, time, view) values (?, ?, ?, ?, ?, ?, ?, ?, ?, ?, ?, ?, ?, ?, ?, ?)
make question 1219
Hibernate: insert into question (answer, choice1, choice2, choice3, choice4, choice5, content, correct, create_date, filepath, modify_date, score, subject, teacher_id, time, view) values (?, ?, ?, ?, ?, ?, ?, ?, ?, ?, ?, ?, ?, ?, ?, ?)
make question 1220
Hibernate: insert into question (answer, choice1, choice2, choice3, choice4, choice5, content, correct, create_date, filepath, modify_date, score, subject, teacher_id, time, view) values (?, ?, ?, ?, ?, ?, ?, ?, ?, ?, ?, ?, ?, ?, ?, ?)
make question 1221
Hibernate: insert into question (answer, choice1, choice2, choice3, choice4, choice5, content, correct, create_date, filepath, modify_date, score, subject, teacher_id, time, view) values (?, ?, ?, ?, ?, ?, ?, ?, ?, ?, ?, ?, ?, ?, ?, ?)
make question 1222
Hibernate: insert into question (answer, choice1, choice2, choice3, choice4, choice5, content, correct, create_date, filepath, modify_date, score, subject, teacher_id, time, view) values (?, ?, ?, ?, ?, ?, ?, ?, ?, ?, ?, ?, ?, ?, ?, ?)
make question 1223
Hibernate: insert into question (answer, choice1, choice2, choice3, choice4, choice5, content, correct, create_date, filepath, modify_date, score, subject, teacher_id, time, view) values (?, ?, ?, ?, ?, ?, ?, ?, ?, ?, ?, ?, ?, ?, ?, ?)
make question 1224
Hibernate: insert into question (answer, choice1, choice2, choice3, choice4, choice5, content, correct, create_date, filepath, modify_date, score, subject, teacher_id, time, view) values (?, ?, ?, ?, ?, ?, ?, ?, ?, ?, ?, ?, ?, ?, ?, ?)
make question 1225
Hibernate: insert into question (answer, choice1, choice2, choice3, choice4, choice5, content, correct, create_date, filepath, modify_date, score, subject, teacher_id, time, view) values (?, ?, ?, ?, ?, ?, ?, ?, ?, ?, ?, ?, ?, ?, ?, ?)
make question 1226
Hibernate: insert into question (answer, choice1, choice2, choice3, choice4, choice5, content, correct, create_date, filepath, modify_date, score, subject, teacher_id, time, view) values (?, ?, ?, ?, ?, ?, ?, ?, ?, ?, ?, ?, ?, ?, ?, ?)
make question 1227
Hibernate: insert into question (answer, choice1, choice2, choice3, choice4, choice5, content, correct, create_date, filepath, modify_date, score, subject, teacher_id, time, view) values (?, ?, ?, ?, ?, ?, ?, ?, ?, ?, ?, ?, ?, ?, ?, ?)
make question 1228
Hibernate: insert into question (answer, choice1, choice2, choice3, choice4, choice5, content, correct, create_date, filepath, modify_date, score, subject, teacher_id, time, view) values (?, ?, ?, ?, ?, ?, ?, ?, ?, ?, ?, ?, ?, ?, ?, ?)
make question 1229
Hibernate: insert into question (answer, choice1, choice2, choice3, choice4, choice5, content, correct, create_date, filepath, modify_date, score, subject, teacher_id, time, view) values (?, ?, ?, ?, ?, ?, ?, ?, ?, ?, ?, ?, ?, ?, ?, ?)
make question 1230
Hibernate: insert into question (answer, choice1, choice2, choice3, choice4, choice5, content, correct, create_date, filepath, modify_date, score, subject, teacher_id, time, view) values (?, ?, ?, ?, ?, ?, ?, ?, ?, ?, ?, ?, ?, ?, ?, ?)
make question 1231
Hibernate: insert into question (answer, choice1, choice2, choice3, choice4, choice5, content, correct, create_date, filepath, modify_date, score, subject, teacher_id, time, view) values (?, ?, ?, ?, ?, ?, ?, ?, ?, ?, ?, ?, ?, ?, ?, ?)
make question 1232
Hibernate: insert into question (answer, choice1, choice2, choice3, choice4, choice5, content, correct, create_date, filepath, modify_date, score, subject, teacher_id, time, view) values (?, ?, ?, ?, ?, ?, ?, ?, ?, ?, ?, ?, ?, ?, ?, ?)
make question 1233
Hibernate: insert into question (answer, choice1, choice2, choice3, choice4, choice5, content, correct, create_date, filepath, modify_date, score, subject, teacher_id, time, view) values (?, ?, ?, ?, ?, ?, ?, ?, ?, ?, ?, ?, ?, ?, ?, ?)
make question 1234
Hibernate: insert into question (answer, choice1, choice2, choice3, choice4, choice5, content, correct, create_date, filepath, modify_date, score, subject, teacher_id, time, view) values (?, ?, ?, ?, ?, ?, ?, ?, ?, ?, ?, ?, ?, ?, ?, ?)
make question 1235
Hibernate: insert into question (answer, choice1, choice2, choice3, choice4, choice5, content, correct, create_date, filepath, modify_date, score, subject, teacher_id, time, view) values (?, ?, ?, ?, ?, ?, ?, ?, ?, ?, ?, ?, ?, ?, ?, ?)
make question 1236
Hibernate: insert into question (answer, choice1, choice2, choice3, choice4, choice5, content, correct, create_date, filepath, modify_date, score, subject, teacher_id, time, view) values (?, ?, ?, ?, ?, ?, ?, ?, ?, ?, ?, ?, ?, ?, ?, ?)
make question 1237
Hibernate: insert into question (answer, choice1, choice2, choice3, choice4, choice5, content, correct, create_date, filepath, modify_date, score, subject, teacher_id, time, view) values (?, ?, ?, ?, ?, ?, ?, ?, ?, ?, ?, ?, ?, ?, ?, ?)
make question 1238
Hibernate: insert into question (answer, choice1, choice2, choice3, choice4, choice5, content, correct, create_date, filepath, modify_date, score, subject, teacher_id, time, view) values (?, ?, ?, ?, ?, ?, ?, ?, ?, ?, ?, ?, ?, ?, ?, ?)
make question 1239
Hibernate: insert into question (answer, choice1, choice2, choice3, choice4, choice5, content, correct, create_date, filepath, modify_date, score, subject, teacher_id, time, view) values (?, ?, ?, ?, ?, ?, ?, ?, ?, ?, ?, ?, ?, ?, ?, ?)
make question 1240
Hibernate: insert into question (answer, choice1, choice2, choice3, choice4, choice5, content, correct, create_date, filepath, modify_date, score, subject, teacher_id, time, view) values (?, ?, ?, ?, ?, ?, ?, ?, ?, ?, ?, ?, ?, ?, ?, ?)
make question 1241
Hibernate: insert into question (answer, choice1, choice2, choice3, choice4, choice5, content, correct, create_date, filepath, modify_date, score, subject, teacher_id, time, view) values (?, ?, ?, ?, ?, ?, ?, ?, ?, ?, ?, ?, ?, ?, ?, ?)
make question 1242
Hibernate: insert into question (answer, choice1, choice2, choice3, choice4, choice5, content, correct, create_date, filepath, modify_date, score, subject, teacher_id, time, view) values (?, ?, ?, ?, ?, ?, ?, ?, ?, ?, ?, ?, ?, ?, ?, ?)
make question 1243
Hibernate: insert into question (answer, choice1, choice2, choice3, choice4, choice5, content, correct, create_date, filepath, modify_date, score, subject, teacher_id, time, view) values (?, ?, ?, ?, ?, ?, ?, ?, ?, ?, ?, ?, ?, ?, ?, ?)
make question 1244
Hibernate: insert into question (answer, choice1, choice2, choice3, choice4, choice5, content, correct, create_date, filepath, modify_date, score, subject, teacher_id, time, view) values (?, ?, ?, ?, ?, ?, ?, ?, ?, ?, ?, ?, ?, ?, ?, ?)
make question 1245
Hibernate: insert into question (answer, choice1, choice2, choice3, choice4, choice5, content, correct, create_date, filepath, modify_date, score, subject, teacher_id, time, view) values (?, ?, ?, ?, ?, ?, ?, ?, ?, ?, ?, ?, ?, ?, ?, ?)
make question 1246
Hibernate: insert into question (answer, choice1, choice2, choice3, choice4, choice5, content, correct, create_date, filepath, modify_date, score, subject, teacher_id, time, view) values (?, ?, ?, ?, ?, ?, ?, ?, ?, ?, ?, ?, ?, ?, ?, ?)
make question 1247
Hibernate: insert into question (answer, choice1, choice2, choice3, choice4, choice5, content, correct, create_date, filepath, modify_date, score, subject, teacher_id, time, view) values (?, ?, ?, ?, ?, ?, ?, ?, ?, ?, ?, ?, ?, ?, ?, ?)
make question 1248
Hibernate: insert into question (answer, choice1, choice2, choice3, choice4, choice5, content, correct, create_date, filepath, modify_date, score, subject, teacher_id, time, view) values (?, ?, ?, ?, ?, ?, ?, ?, ?, ?, ?, ?, ?, ?, ?, ?)
make question 1249
Hibernate: insert into question (answer, choice1, choice2, choice3, choice4, choice5, content, correct, create_date, filepath, modify_date, score, subject, teacher_id, time, view) values (?, ?, ?, ?, ?, ?, ?, ?, ?, ?, ?, ?, ?, ?, ?, ?)
make question 1250
Hibernate: insert into question (answer, choice1, choice2, choice3, choice4, choice5, content, correct, create_date, filepath, modify_date, score, subject, teacher_id, time, view) values (?, ?, ?, ?, ?, ?, ?, ?, ?, ?, ?, ?, ?, ?, ?, ?)
make question 1251
Hibernate: insert into question (answer, choice1, choice2, choice3, choice4, choice5, content, correct, create_date, filepath, modify_date, score, subject, teacher_id, time, view) values (?, ?, ?, ?, ?, ?, ?, ?, ?, ?, ?, ?, ?, ?, ?, ?)
make question 1252
Hibernate: insert into question (answer, choice1, choice2, choice3, choice4, choice5, content, correct, create_date, filepath, modify_date, score, subject, teacher_id, time, view) values (?, ?, ?, ?, ?, ?, ?, ?, ?, ?, ?, ?, ?, ?, ?, ?)
make question 1253
Hibernate: insert into question (answer, choice1, choice2, choice3, choice4, choice5, content, correct, create_date, filepath, modify_date, score, subject, teacher_id, time, view) values (?, ?, ?, ?, ?, ?, ?, ?, ?, ?, ?, ?, ?, ?, ?, ?)
make question 1254
Hibernate: insert into question (answer, choice1, choice2, choice3, choice4, choice5, content, correct, create_date, filepath, modify_date, score, subject, teacher_id, time, view) values (?, ?, ?, ?, ?, ?, ?, ?, ?, ?, ?, ?, ?, ?, ?, ?)
make question 1255
Hibernate: insert into question (answer, choice1, choice2, choice3, choice4, choice5, content, correct, create_date, filepath, modify_date, score, subject, teacher_id, time, view) values (?, ?, ?, ?, ?, ?, ?, ?, ?, ?, ?, ?, ?, ?, ?, ?)
make question 1256
Hibernate: insert into question (answer, choice1, choice2, choice3, choice4, choice5, content, correct, create_date, filepath, modify_date, score, subject, teacher_id, time, view) values (?, ?, ?, ?, ?, ?, ?, ?, ?, ?, ?, ?, ?, ?, ?, ?)
make question 1257
Hibernate: insert into question (answer, choice1, choice2, choice3, choice4, choice5, content, correct, create_date, filepath, modify_date, score, subject, teacher_id, time, view) values (?, ?, ?, ?, ?, ?, ?, ?, ?, ?, ?, ?, ?, ?, ?, ?)
make question 1258
Hibernate: insert into question (answer, choice1, choice2, choice3, choice4, choice5, content, correct, create_date, filepath, modify_date, score, subject, teacher_id, time, view) values (?, ?, ?, ?, ?, ?, ?, ?, ?, ?, ?, ?, ?, ?, ?, ?)
make question 1259
Hibernate: insert into question (answer, choice1, choice2, choice3, choice4, choice5, content, correct, create_date, filepath, modify_date, score, subject, teacher_id, time, view) values (?, ?, ?, ?, ?, ?, ?, ?, ?, ?, ?, ?, ?, ?, ?, ?)
make question 1260
Hibernate: insert into question (answer, choice1, choice2, choice3, choice4, choice5, content, correct, create_date, filepath, modify_date, score, subject, teacher_id, time, view) values (?, ?, ?, ?, ?, ?, ?, ?, ?, ?, ?, ?, ?, ?, ?, ?)
make question 1261
Hibernate: insert into question (answer, choice1, choice2, choice3, choice4, choice5, content, correct, create_date, filepath, modify_date, score, subject, teacher_id, time, view) values (?, ?, ?, ?, ?, ?, ?, ?, ?, ?, ?, ?, ?, ?, ?, ?)
make question 1262
Hibernate: insert into question (answer, choice1, choice2, choice3, choice4, choice5, content, correct, create_date, filepath, modify_date, score, subject, teacher_id, time, view) values (?, ?, ?, ?, ?, ?, ?, ?, ?, ?, ?, ?, ?, ?, ?, ?)
make question 1263
Hibernate: insert into question (answer, choice1, choice2, choice3, choice4, choice5, content, correct, create_date, filepath, modify_date, score, subject, teacher_id, time, view) values (?, ?, ?, ?, ?, ?, ?, ?, ?, ?, ?, ?, ?, ?, ?, ?)
make question 1264
Hibernate: insert into question (answer, choice1, choice2, choice3, choice4, choice5, content, correct, create_date, filepath, modify_date, score, subject, teacher_id, time, view) values (?, ?, ?, ?, ?, ?, ?, ?, ?, ?, ?, ?, ?, ?, ?, ?)
make question 1265
Hibernate: insert into question (answer, choice1, choice2, choice3, choice4, choice5, content, correct, create_date, filepath, modify_date, score, subject, teacher_id, time, view) values (?, ?, ?, ?, ?, ?, ?, ?, ?, ?, ?, ?, ?, ?, ?, ?)
make question 1266
Hibernate: insert into question (answer, choice1, choice2, choice3, choice4, choice5, content, correct, create_date, filepath, modify_date, score, subject, teacher_id, time, view) values (?, ?, ?, ?, ?, ?, ?, ?, ?, ?, ?, ?, ?, ?, ?, ?)
make question 1267
Hibernate: insert into question (answer, choice1, choice2, choice3, choice4, choice5, content, correct, create_date, filepath, modify_date, score, subject, teacher_id, time, view) values (?, ?, ?, ?, ?, ?, ?, ?, ?, ?, ?, ?, ?, ?, ?, ?)
make question 1268
Hibernate: insert into question (answer, choice1, choice2, choice3, choice4, choice5, content, correct, create_date, filepath, modify_date, score, subject, teacher_id, time, view) values (?, ?, ?, ?, ?, ?, ?, ?, ?, ?, ?, ?, ?, ?, ?, ?)
make question 1269
Hibernate: insert into question (answer, choice1, choice2, choice3, choice4, choice5, content, correct, create_date, filepath, modify_date, score, subject, teacher_id, time, view) values (?, ?, ?, ?, ?, ?, ?, ?, ?, ?, ?, ?, ?, ?, ?, ?)
make question 1270
Hibernate: insert into question (answer, choice1, choice2, choice3, choice4, choice5, content, correct, create_date, filepath, modify_date, score, subject, teacher_id, time, view) values (?, ?, ?, ?, ?, ?, ?, ?, ?, ?, ?, ?, ?, ?, ?, ?)
make question 1271
Hibernate: insert into question (answer, choice1, choice2, choice3, choice4, choice5, content, correct, create_date, filepath, modify_date, score, subject, teacher_id, time, view) values (?, ?, ?, ?, ?, ?, ?, ?, ?, ?, ?, ?, ?, ?, ?, ?)
make question 1272
Hibernate: insert into question (answer, choice1, choice2, choice3, choice4, choice5, content, correct, create_date, filepath, modify_date, score, subject, teacher_id, time, view) values (?, ?, ?, ?, ?, ?, ?, ?, ?, ?, ?, ?, ?, ?, ?, ?)
make question 1273
Hibernate: insert into question (answer, choice1, choice2, choice3, choice4, choice5, content, correct, create_date, filepath, modify_date, score, subject, teacher_id, time, view) values (?, ?, ?, ?, ?, ?, ?, ?, ?, ?, ?, ?, ?, ?, ?, ?)
make question 1274
Hibernate: insert into question (answer, choice1, choice2, choice3, choice4, choice5, content, correct, create_date, filepath, modify_date, score, subject, teacher_id, time, view) values (?, ?, ?, ?, ?, ?, ?, ?, ?, ?, ?, ?, ?, ?, ?, ?)
make question 1275
Hibernate: insert into question (answer, choice1, choice2, choice3, choice4, choice5, content, correct, create_date, filepath, modify_date, score, subject, teacher_id, time, view) values (?, ?, ?, ?, ?, ?, ?, ?, ?, ?, ?, ?, ?, ?, ?, ?)
make question 1276
Hibernate: insert into question (answer, choice1, choice2, choice3, choice4, choice5, content, correct, create_date, filepath, modify_date, score, subject, teacher_id, time, view) values (?, ?, ?, ?, ?, ?, ?, ?, ?, ?, ?, ?, ?, ?, ?, ?)
make question 1277
Hibernate: insert into question (answer, choice1, choice2, choice3, choice4, choice5, content, correct, create_date, filepath, modify_date, score, subject, teacher_id, time, view) values (?, ?, ?, ?, ?, ?, ?, ?, ?, ?, ?, ?, ?, ?, ?, ?)
make question 1278
Hibernate: insert into question (answer, choice1, choice2, choice3, choice4, choice5, content, correct, create_date, filepath, modify_date, score, subject, teacher_id, time, view) values (?, ?, ?, ?, ?, ?, ?, ?, ?, ?, ?, ?, ?, ?, ?, ?)
make question 1279
Hibernate: insert into question (answer, choice1, choice2, choice3, choice4, choice5, content, correct, create_date, filepath, modify_date, score, subject, teacher_id, time, view) values (?, ?, ?, ?, ?, ?, ?, ?, ?, ?, ?, ?, ?, ?, ?, ?)
make question 1280
Hibernate: insert into question (answer, choice1, choice2, choice3, choice4, choice5, content, correct, create_date, filepath, modify_date, score, subject, teacher_id, time, view) values (?, ?, ?, ?, ?, ?, ?, ?, ?, ?, ?, ?, ?, ?, ?, ?)
make question 1281
Hibernate: insert into question (answer, choice1, choice2, choice3, choice4, choice5, content, correct, create_date, filepath, modify_date, score, subject, teacher_id, time, view) values (?, ?, ?, ?, ?, ?, ?, ?, ?, ?, ?, ?, ?, ?, ?, ?)
make question 1282
Hibernate: insert into question (answer, choice1, choice2, choice3, choice4, choice5, content, correct, create_date, filepath, modify_date, score, subject, teacher_id, time, view) values (?, ?, ?, ?, ?, ?, ?, ?, ?, ?, ?, ?, ?, ?, ?, ?)
make question 1283
Hibernate: insert into question (answer, choice1, choice2, choice3, choice4, choice5, content, correct, create_date, filepath, modify_date, score, subject, teacher_id, time, view) values (?, ?, ?, ?, ?, ?, ?, ?, ?, ?, ?, ?, ?, ?, ?, ?)
make question 1284
Hibernate: insert into question (answer, choice1, choice2, choice3, choice4, choice5, content, correct, create_date, filepath, modify_date, score, subject, teacher_id, time, view) values (?, ?, ?, ?, ?, ?, ?, ?, ?, ?, ?, ?, ?, ?, ?, ?)
make question 1285
Hibernate: insert into question (answer, choice1, choice2, choice3, choice4, choice5, content, correct, create_date, filepath, modify_date, score, subject, teacher_id, time, view) values (?, ?, ?, ?, ?, ?, ?, ?, ?, ?, ?, ?, ?, ?, ?, ?)
make question 1286
Hibernate: insert into question (answer, choice1, choice2, choice3, choice4, choice5, content, correct, create_date, filepath, modify_date, score, subject, teacher_id, time, view) values (?, ?, ?, ?, ?, ?, ?, ?, ?, ?, ?, ?, ?, ?, ?, ?)
make question 1287
Hibernate: insert into question (answer, choice1, choice2, choice3, choice4, choice5, content, correct, create_date, filepath, modify_date, score, subject, teacher_id, time, view) values (?, ?, ?, ?, ?, ?, ?, ?, ?, ?, ?, ?, ?, ?, ?, ?)
make question 1288
Hibernate: insert into question (answer, choice1, choice2, choice3, choice4, choice5, content, correct, create_date, filepath, modify_date, score, subject, teacher_id, time, view) values (?, ?, ?, ?, ?, ?, ?, ?, ?, ?, ?, ?, ?, ?, ?, ?)
make question 1289
Hibernate: insert into question (answer, choice1, choice2, choice3, choice4, choice5, content, correct, create_date, filepath, modify_date, score, subject, teacher_id, time, view) values (?, ?, ?, ?, ?, ?, ?, ?, ?, ?, ?, ?, ?, ?, ?, ?)
make question 1290
Hibernate: insert into question (answer, choice1, choice2, choice3, choice4, choice5, content, correct, create_date, filepath, modify_date, score, subject, teacher_id, time, view) values (?, ?, ?, ?, ?, ?, ?, ?, ?, ?, ?, ?, ?, ?, ?, ?)
make question 1291
Hibernate: insert into question (answer, choice1, choice2, choice3, choice4, choice5, content, correct, create_date, filepath, modify_date, score, subject, teacher_id, time, view) values (?, ?, ?, ?, ?, ?, ?, ?, ?, ?, ?, ?, ?, ?, ?, ?)
make question 1292
Hibernate: insert into question (answer, choice1, choice2, choice3, choice4, choice5, content, correct, create_date, filepath, modify_date, score, subject, teacher_id, time, view) values (?, ?, ?, ?, ?, ?, ?, ?, ?, ?, ?, ?, ?, ?, ?, ?)
make question 1293
Hibernate: insert into question (answer, choice1, choice2, choice3, choice4, choice5, content, correct, create_date, filepath, modify_date, score, subject, teacher_id, time, view) values (?, ?, ?, ?, ?, ?, ?, ?, ?, ?, ?, ?, ?, ?, ?, ?)
make question 1294
Hibernate: insert into question (answer, choice1, choice2, choice3, choice4, choice5, content, correct, create_date, filepath, modify_date, score, subject, teacher_id, time, view) values (?, ?, ?, ?, ?, ?, ?, ?, ?, ?, ?, ?, ?, ?, ?, ?)
make question 1295
Hibernate: insert into question (answer, choice1, choice2, choice3, choice4, choice5, content, correct, create_date, filepath, modify_date, score, subject, teacher_id, time, view) values (?, ?, ?, ?, ?, ?, ?, ?, ?, ?, ?, ?, ?, ?, ?, ?)
make question 1296
Hibernate: insert into question (answer, choice1, choice2, choice3, choice4, choice5, content, correct, create_date, filepath, modify_date, score, subject, teacher_id, time, view) values (?, ?, ?, ?, ?, ?, ?, ?, ?, ?, ?, ?, ?, ?, ?, ?)
make question 1297
Hibernate: insert into question (answer, choice1, choice2, choice3, choice4, choice5, content, correct, create_date, filepath, modify_date, score, subject, teacher_id, time, view) values (?, ?, ?, ?, ?, ?, ?, ?, ?, ?, ?, ?, ?, ?, ?, ?)
make question 1298
Hibernate: insert into question (answer, choice1, choice2, choice3, choice4, choice5, content, correct, create_date, filepath, modify_date, score, subject, teacher_id, time, view) values (?, ?, ?, ?, ?, ?, ?, ?, ?, ?, ?, ?, ?, ?, ?, ?)
make question 1299
Hibernate: insert into question (answer, choice1, choice2, choice3, choice4, choice5, content, correct, create_date, filepath, modify_date, score, subject, teacher_id, time, view) values (?, ?, ?, ?, ?, ?, ?, ?, ?, ?, ?, ?, ?, ?, ?, ?)
make question 1300
Hibernate: insert into question (answer, choice1, choice2, choice3, choice4, choice5, content, correct, create_date, filepath, modify_date, score, subject, teacher_id, time, view) values (?, ?, ?, ?, ?, ?, ?, ?, ?, ?, ?, ?, ?, ?, ?, ?)
make question 1301
Hibernate: insert into question (answer, choice1, choice2, choice3, choice4, choice5, content, correct, create_date, filepath, modify_date, score, subject, teacher_id, time, view) values (?, ?, ?, ?, ?, ?, ?, ?, ?, ?, ?, ?, ?, ?, ?, ?)
make question 1302
Hibernate: insert into question (answer, choice1, choice2, choice3, choice4, choice5, content, correct, create_date, filepath, modify_date, score, subject, teacher_id, time, view) values (?, ?, ?, ?, ?, ?, ?, ?, ?, ?, ?, ?, ?, ?, ?, ?)
make question 1303
Hibernate: insert into question (answer, choice1, choice2, choice3, choice4, choice5, content, correct, create_date, filepath, modify_date, score, subject, teacher_id, time, view) values (?, ?, ?, ?, ?, ?, ?, ?, ?, ?, ?, ?, ?, ?, ?, ?)
make question 1304
Hibernate: insert into question (answer, choice1, choice2, choice3, choice4, choice5, content, correct, create_date, filepath, modify_date, score, subject, teacher_id, time, view) values (?, ?, ?, ?, ?, ?, ?, ?, ?, ?, ?, ?, ?, ?, ?, ?)
make question 1305
Hibernate: insert into question (answer, choice1, choice2, choice3, choice4, choice5, content, correct, create_date, filepath, modify_date, score, subject, teacher_id, time, view) values (?, ?, ?, ?, ?, ?, ?, ?, ?, ?, ?, ?, ?, ?, ?, ?)
make question 1306
Hibernate: insert into question (answer, choice1, choice2, choice3, choice4, choice5, content, correct, create_date, filepath, modify_date, score, subject, teacher_id, time, view) values (?, ?, ?, ?, ?, ?, ?, ?, ?, ?, ?, ?, ?, ?, ?, ?)
make question 1307
Hibernate: insert into question (answer, choice1, choice2, choice3, choice4, choice5, content, correct, create_date, filepath, modify_date, score, subject, teacher_id, time, view) values (?, ?, ?, ?, ?, ?, ?, ?, ?, ?, ?, ?, ?, ?, ?, ?)
make question 1308
Hibernate: insert into question (answer, choice1, choice2, choice3, choice4, choice5, content, correct, create_date, filepath, modify_date, score, subject, teacher_id, time, view) values (?, ?, ?, ?, ?, ?, ?, ?, ?, ?, ?, ?, ?, ?, ?, ?)
make question 1309
Hibernate: insert into question (answer, choice1, choice2, choice3, choice4, choice5, content, correct, create_date, filepath, modify_date, score, subject, teacher_id, time, view) values (?, ?, ?, ?, ?, ?, ?, ?, ?, ?, ?, ?, ?, ?, ?, ?)
make question 1310
Hibernate: insert into question (answer, choice1, choice2, choice3, choice4, choice5, content, correct, create_date, filepath, modify_date, score, subject, teacher_id, time, view) values (?, ?, ?, ?, ?, ?, ?, ?, ?, ?, ?, ?, ?, ?, ?, ?)
make question 1311
Hibernate: insert into question (answer, choice1, choice2, choice3, choice4, choice5, content, correct, create_date, filepath, modify_date, score, subject, teacher_id, time, view) values (?, ?, ?, ?, ?, ?, ?, ?, ?, ?, ?, ?, ?, ?, ?, ?)
make question 1312
Hibernate: insert into question (answer, choice1, choice2, choice3, choice4, choice5, content, correct, create_date, filepath, modify_date, score, subject, teacher_id, time, view) values (?, ?, ?, ?, ?, ?, ?, ?, ?, ?, ?, ?, ?, ?, ?, ?)
make question 1313
Hibernate: insert into question (answer, choice1, choice2, choice3, choice4, choice5, content, correct, create_date, filepath, modify_date, score, subject, teacher_id, time, view) values (?, ?, ?, ?, ?, ?, ?, ?, ?, ?, ?, ?, ?, ?, ?, ?)
make question 1314
Hibernate: insert into question (answer, choice1, choice2, choice3, choice4, choice5, content, correct, create_date, filepath, modify_date, score, subject, teacher_id, time, view) values (?, ?, ?, ?, ?, ?, ?, ?, ?, ?, ?, ?, ?, ?, ?, ?)
make question 1315
Hibernate: insert into question (answer, choice1, choice2, choice3, choice4, choice5, content, correct, create_date, filepath, modify_date, score, subject, teacher_id, time, view) values (?, ?, ?, ?, ?, ?, ?, ?, ?, ?, ?, ?, ?, ?, ?, ?)
make question 1316
Hibernate: insert into question (answer, choice1, choice2, choice3, choice4, choice5, content, correct, create_date, filepath, modify_date, score, subject, teacher_id, time, view) values (?, ?, ?, ?, ?, ?, ?, ?, ?, ?, ?, ?, ?, ?, ?, ?)
make question 1317
Hibernate: insert into question (answer, choice1, choice2, choice3, choice4, choice5, content, correct, create_date, filepath, modify_date, score, subject, teacher_id, time, view) values (?, ?, ?, ?, ?, ?, ?, ?, ?, ?, ?, ?, ?, ?, ?, ?)
make question 1318
Hibernate: insert into question (answer, choice1, choice2, choice3, choice4, choice5, content, correct, create_date, filepath, modify_date, score, subject, teacher_id, time, view) values (?, ?, ?, ?, ?, ?, ?, ?, ?, ?, ?, ?, ?, ?, ?, ?)
make question 1319
Hibernate: insert into question (answer, choice1, choice2, choice3, choice4, choice5, content, correct, create_date, filepath, modify_date, score, subject, teacher_id, time, view) values (?, ?, ?, ?, ?, ?, ?, ?, ?, ?, ?, ?, ?, ?, ?, ?)
make question 1320
Hibernate: insert into question (answer, choice1, choice2, choice3, choice4, choice5, content, correct, create_date, filepath, modify_date, score, subject, teacher_id, time, view) values (?, ?, ?, ?, ?, ?, ?, ?, ?, ?, ?, ?, ?, ?, ?, ?)
make question 1321
Hibernate: insert into question (answer, choice1, choice2, choice3, choice4, choice5, content, correct, create_date, filepath, modify_date, score, subject, teacher_id, time, view) values (?, ?, ?, ?, ?, ?, ?, ?, ?, ?, ?, ?, ?, ?, ?, ?)
make question 1322
Hibernate: insert into question (answer, choice1, choice2, choice3, choice4, choice5, content, correct, create_date, filepath, modify_date, score, subject, teacher_id, time, view) values (?, ?, ?, ?, ?, ?, ?, ?, ?, ?, ?, ?, ?, ?, ?, ?)
make question 1323
Hibernate: insert into question (answer, choice1, choice2, choice3, choice4, choice5, content, correct, create_date, filepath, modify_date, score, subject, teacher_id, time, view) values (?, ?, ?, ?, ?, ?, ?, ?, ?, ?, ?, ?, ?, ?, ?, ?)
make question 1324
Hibernate: insert into question (answer, choice1, choice2, choice3, choice4, choice5, content, correct, create_date, filepath, modify_date, score, subject, teacher_id, time, view) values (?, ?, ?, ?, ?, ?, ?, ?, ?, ?, ?, ?, ?, ?, ?, ?)
make question 1325
Hibernate: insert into question (answer, choice1, choice2, choice3, choice4, choice5, content, correct, create_date, filepath, modify_date, score, subject, teacher_id, time, view) values (?, ?, ?, ?, ?, ?, ?, ?, ?, ?, ?, ?, ?, ?, ?, ?)
make question 1326
Hibernate: insert into question (answer, choice1, choice2, choice3, choice4, choice5, content, correct, create_date, filepath, modify_date, score, subject, teacher_id, time, view) values (?, ?, ?, ?, ?, ?, ?, ?, ?, ?, ?, ?, ?, ?, ?, ?)
make question 1327
Hibernate: insert into question (answer, choice1, choice2, choice3, choice4, choice5, content, correct, create_date, filepath, modify_date, score, subject, teacher_id, time, view) values (?, ?, ?, ?, ?, ?, ?, ?, ?, ?, ?, ?, ?, ?, ?, ?)
make question 1328
Hibernate: insert into question (answer, choice1, choice2, choice3, choice4, choice5, content, correct, create_date, filepath, modify_date, score, subject, teacher_id, time, view) values (?, ?, ?, ?, ?, ?, ?, ?, ?, ?, ?, ?, ?, ?, ?, ?)
make question 1329
Hibernate: insert into question (answer, choice1, choice2, choice3, choice4, choice5, content, correct, create_date, filepath, modify_date, score, subject, teacher_id, time, view) values (?, ?, ?, ?, ?, ?, ?, ?, ?, ?, ?, ?, ?, ?, ?, ?)
make question 1330
Hibernate: insert into question (answer, choice1, choice2, choice3, choice4, choice5, content, correct, create_date, filepath, modify_date, score, subject, teacher_id, time, view) values (?, ?, ?, ?, ?, ?, ?, ?, ?, ?, ?, ?, ?, ?, ?, ?)
make question 1331
Hibernate: insert into question (answer, choice1, choice2, choice3, choice4, choice5, content, correct, create_date, filepath, modify_date, score, subject, teacher_id, time, view) values (?, ?, ?, ?, ?, ?, ?, ?, ?, ?, ?, ?, ?, ?, ?, ?)
make question 1332
Hibernate: insert into question (answer, choice1, choice2, choice3, choice4, choice5, content, correct, create_date, filepath, modify_date, score, subject, teacher_id, time, view) values (?, ?, ?, ?, ?, ?, ?, ?, ?, ?, ?, ?, ?, ?, ?, ?)
make question 1333
Hibernate: insert into question (answer, choice1, choice2, choice3, choice4, choice5, content, correct, create_date, filepath, modify_date, score, subject, teacher_id, time, view) values (?, ?, ?, ?, ?, ?, ?, ?, ?, ?, ?, ?, ?, ?, ?, ?)
make question 1334
Hibernate: insert into question (answer, choice1, choice2, choice3, choice4, choice5, content, correct, create_date, filepath, modify_date, score, subject, teacher_id, time, view) values (?, ?, ?, ?, ?, ?, ?, ?, ?, ?, ?, ?, ?, ?, ?, ?)
make question 1335
Hibernate: insert into question (answer, choice1, choice2, choice3, choice4, choice5, content, correct, create_date, filepath, modify_date, score, subject, teacher_id, time, view) values (?, ?, ?, ?, ?, ?, ?, ?, ?, ?, ?, ?, ?, ?, ?, ?)
make question 1336
Hibernate: insert into question (answer, choice1, choice2, choice3, choice4, choice5, content, correct, create_date, filepath, modify_date, score, subject, teacher_id, time, view) values (?, ?, ?, ?, ?, ?, ?, ?, ?, ?, ?, ?, ?, ?, ?, ?)
make question 1337
Hibernate: insert into question (answer, choice1, choice2, choice3, choice4, choice5, content, correct, create_date, filepath, modify_date, score, subject, teacher_id, time, view) values (?, ?, ?, ?, ?, ?, ?, ?, ?, ?, ?, ?, ?, ?, ?, ?)
make question 1338
Hibernate: insert into question (answer, choice1, choice2, choice3, choice4, choice5, content, correct, create_date, filepath, modify_date, score, subject, teacher_id, time, view) values (?, ?, ?, ?, ?, ?, ?, ?, ?, ?, ?, ?, ?, ?, ?, ?)
make question 1339
Hibernate: insert into question (answer, choice1, choice2, choice3, choice4, choice5, content, correct, create_date, filepath, modify_date, score, subject, teacher_id, time, view) values (?, ?, ?, ?, ?, ?, ?, ?, ?, ?, ?, ?, ?, ?, ?, ?)
make question 1340
Hibernate: insert into question (answer, choice1, choice2, choice3, choice4, choice5, content, correct, create_date, filepath, modify_date, score, subject, teacher_id, time, view) values (?, ?, ?, ?, ?, ?, ?, ?, ?, ?, ?, ?, ?, ?, ?, ?)
make question 1341
Hibernate: insert into question (answer, choice1, choice2, choice3, choice4, choice5, content, correct, create_date, filepath, modify_date, score, subject, teacher_id, time, view) values (?, ?, ?, ?, ?, ?, ?, ?, ?, ?, ?, ?, ?, ?, ?, ?)
make question 1342
Hibernate: insert into question (answer, choice1, choice2, choice3, choice4, choice5, content, correct, create_date, filepath, modify_date, score, subject, teacher_id, time, view) values (?, ?, ?, ?, ?, ?, ?, ?, ?, ?, ?, ?, ?, ?, ?, ?)
make question 1343
Hibernate: insert into question (answer, choice1, choice2, choice3, choice4, choice5, content, correct, create_date, filepath, modify_date, score, subject, teacher_id, time, view) values (?, ?, ?, ?, ?, ?, ?, ?, ?, ?, ?, ?, ?, ?, ?, ?)
make question 1344
Hibernate: insert into question (answer, choice1, choice2, choice3, choice4, choice5, content, correct, create_date, filepath, modify_date, score, subject, teacher_id, time, view) values (?, ?, ?, ?, ?, ?, ?, ?, ?, ?, ?, ?, ?, ?, ?, ?)
make question 1345
Hibernate: insert into question (answer, choice1, choice2, choice3, choice4, choice5, content, correct, create_date, filepath, modify_date, score, subject, teacher_id, time, view) values (?, ?, ?, ?, ?, ?, ?, ?, ?, ?, ?, ?, ?, ?, ?, ?)
make question 1346
Hibernate: insert into question (answer, choice1, choice2, choice3, choice4, choice5, content, correct, create_date, filepath, modify_date, score, subject, teacher_id, time, view) values (?, ?, ?, ?, ?, ?, ?, ?, ?, ?, ?, ?, ?, ?, ?, ?)
make question 1347
Hibernate: insert into question (answer, choice1, choice2, choice3, choice4, choice5, content, correct, create_date, filepath, modify_date, score, subject, teacher_id, time, view) values (?, ?, ?, ?, ?, ?, ?, ?, ?, ?, ?, ?, ?, ?, ?, ?)
make question 1348
Hibernate: insert into question (answer, choice1, choice2, choice3, choice4, choice5, content, correct, create_date, filepath, modify_date, score, subject, teacher_id, time, view) values (?, ?, ?, ?, ?, ?, ?, ?, ?, ?, ?, ?, ?, ?, ?, ?)
make question 1349
Hibernate: insert into question (answer, choice1, choice2, choice3, choice4, choice5, content, correct, create_date, filepath, modify_date, score, subject, teacher_id, time, view) values (?, ?, ?, ?, ?, ?, ?, ?, ?, ?, ?, ?, ?, ?, ?, ?)
make question 1350
Hibernate: insert into question (answer, choice1, choice2, choice3, choice4, choice5, content, correct, create_date, filepath, modify_date, score, subject, teacher_id, time, view) values (?, ?, ?, ?, ?, ?, ?, ?, ?, ?, ?, ?, ?, ?, ?, ?)
make question 1351
Hibernate: insert into question (answer, choice1, choice2, choice3, choice4, choice5, content, correct, create_date, filepath, modify_date, score, subject, teacher_id, time, view) values (?, ?, ?, ?, ?, ?, ?, ?, ?, ?, ?, ?, ?, ?, ?, ?)
make question 1352
Hibernate: insert into question (answer, choice1, choice2, choice3, choice4, choice5, content, correct, create_date, filepath, modify_date, score, subject, teacher_id, time, view) values (?, ?, ?, ?, ?, ?, ?, ?, ?, ?, ?, ?, ?, ?, ?, ?)
make question 1353
Hibernate: insert into question (answer, choice1, choice2, choice3, choice4, choice5, content, correct, create_date, filepath, modify_date, score, subject, teacher_id, time, view) values (?, ?, ?, ?, ?, ?, ?, ?, ?, ?, ?, ?, ?, ?, ?, ?)
make question 1354
Hibernate: insert into question (answer, choice1, choice2, choice3, choice4, choice5, content, correct, create_date, filepath, modify_date, score, subject, teacher_id, time, view) values (?, ?, ?, ?, ?, ?, ?, ?, ?, ?, ?, ?, ?, ?, ?, ?)
make question 1355
Hibernate: insert into question (answer, choice1, choice2, choice3, choice4, choice5, content, correct, create_date, filepath, modify_date, score, subject, teacher_id, time, view) values (?, ?, ?, ?, ?, ?, ?, ?, ?, ?, ?, ?, ?, ?, ?, ?)
make question 1356
Hibernate: insert into question (answer, choice1, choice2, choice3, choice4, choice5, content, correct, create_date, filepath, modify_date, score, subject, teacher_id, time, view) values (?, ?, ?, ?, ?, ?, ?, ?, ?, ?, ?, ?, ?, ?, ?, ?)
make question 1357
Hibernate: insert into question (answer, choice1, choice2, choice3, choice4, choice5, content, correct, create_date, filepath, modify_date, score, subject, teacher_id, time, view) values (?, ?, ?, ?, ?, ?, ?, ?, ?, ?, ?, ?, ?, ?, ?, ?)
make question 1358
Hibernate: insert into question (answer, choice1, choice2, choice3, choice4, choice5, content, correct, create_date, filepath, modify_date, score, subject, teacher_id, time, view) values (?, ?, ?, ?, ?, ?, ?, ?, ?, ?, ?, ?, ?, ?, ?, ?)
make question 1359
Hibernate: insert into question (answer, choice1, choice2, choice3, choice4, choice5, content, correct, create_date, filepath, modify_date, score, subject, teacher_id, time, view) values (?, ?, ?, ?, ?, ?, ?, ?, ?, ?, ?, ?, ?, ?, ?, ?)
make question 1360
Hibernate: insert into question (answer, choice1, choice2, choice3, choice4, choice5, content, correct, create_date, filepath, modify_date, score, subject, teacher_id, time, view) values (?, ?, ?, ?, ?, ?, ?, ?, ?, ?, ?, ?, ?, ?, ?, ?)
make question 1361
Hibernate: insert into question (answer, choice1, choice2, choice3, choice4, choice5, content, correct, create_date, filepath, modify_date, score, subject, teacher_id, time, view) values (?, ?, ?, ?, ?, ?, ?, ?, ?, ?, ?, ?, ?, ?, ?, ?)
make question 1362
Hibernate: insert into question (answer, choice1, choice2, choice3, choice4, choice5, content, correct, create_date, filepath, modify_date, score, subject, teacher_id, time, view) values (?, ?, ?, ?, ?, ?, ?, ?, ?, ?, ?, ?, ?, ?, ?, ?)
make question 1363
Hibernate: insert into question (answer, choice1, choice2, choice3, choice4, choice5, content, correct, create_date, filepath, modify_date, score, subject, teacher_id, time, view) values (?, ?, ?, ?, ?, ?, ?, ?, ?, ?, ?, ?, ?, ?, ?, ?)
make question 1364
Hibernate: insert into question (answer, choice1, choice2, choice3, choice4, choice5, content, correct, create_date, filepath, modify_date, score, subject, teacher_id, time, view) values (?, ?, ?, ?, ?, ?, ?, ?, ?, ?, ?, ?, ?, ?, ?, ?)
make question 1365
Hibernate: insert into question (answer, choice1, choice2, choice3, choice4, choice5, content, correct, create_date, filepath, modify_date, score, subject, teacher_id, time, view) values (?, ?, ?, ?, ?, ?, ?, ?, ?, ?, ?, ?, ?, ?, ?, ?)
make question 1366
Hibernate: insert into question (answer, choice1, choice2, choice3, choice4, choice5, content, correct, create_date, filepath, modify_date, score, subject, teacher_id, time, view) values (?, ?, ?, ?, ?, ?, ?, ?, ?, ?, ?, ?, ?, ?, ?, ?)
make question 1367
Hibernate: insert into question (answer, choice1, choice2, choice3, choice4, choice5, content, correct, create_date, filepath, modify_date, score, subject, teacher_id, time, view) values (?, ?, ?, ?, ?, ?, ?, ?, ?, ?, ?, ?, ?, ?, ?, ?)
make question 1368
Hibernate: insert into question (answer, choice1, choice2, choice3, choice4, choice5, content, correct, create_date, filepath, modify_date, score, subject, teacher_id, time, view) values (?, ?, ?, ?, ?, ?, ?, ?, ?, ?, ?, ?, ?, ?, ?, ?)
make question 1369
Hibernate: insert into question (answer, choice1, choice2, choice3, choice4, choice5, content, correct, create_date, filepath, modify_date, score, subject, teacher_id, time, view) values (?, ?, ?, ?, ?, ?, ?, ?, ?, ?, ?, ?, ?, ?, ?, ?)
make question 1370
Hibernate: insert into question (answer, choice1, choice2, choice3, choice4, choice5, content, correct, create_date, filepath, modify_date, score, subject, teacher_id, time, view) values (?, ?, ?, ?, ?, ?, ?, ?, ?, ?, ?, ?, ?, ?, ?, ?)
make question 1371
Hibernate: insert into question (answer, choice1, choice2, choice3, choice4, choice5, content, correct, create_date, filepath, modify_date, score, subject, teacher_id, time, view) values (?, ?, ?, ?, ?, ?, ?, ?, ?, ?, ?, ?, ?, ?, ?, ?)
make question 1372
Hibernate: insert into question (answer, choice1, choice2, choice3, choice4, choice5, content, correct, create_date, filepath, modify_date, score, subject, teacher_id, time, view) values (?, ?, ?, ?, ?, ?, ?, ?, ?, ?, ?, ?, ?, ?, ?, ?)
make question 1373
Hibernate: insert into question (answer, choice1, choice2, choice3, choice4, choice5, content, correct, create_date, filepath, modify_date, score, subject, teacher_id, time, view) values (?, ?, ?, ?, ?, ?, ?, ?, ?, ?, ?, ?, ?, ?, ?, ?)
make question 1374
Hibernate: insert into question (answer, choice1, choice2, choice3, choice4, choice5, content, correct, create_date, filepath, modify_date, score, subject, teacher_id, time, view) values (?, ?, ?, ?, ?, ?, ?, ?, ?, ?, ?, ?, ?, ?, ?, ?)
make question 1375
Hibernate: insert into question (answer, choice1, choice2, choice3, choice4, choice5, content, correct, create_date, filepath, modify_date, score, subject, teacher_id, time, view) values (?, ?, ?, ?, ?, ?, ?, ?, ?, ?, ?, ?, ?, ?, ?, ?)
make question 1376
Hibernate: insert into question (answer, choice1, choice2, choice3, choice4, choice5, content, correct, create_date, filepath, modify_date, score, subject, teacher_id, time, view) values (?, ?, ?, ?, ?, ?, ?, ?, ?, ?, ?, ?, ?, ?, ?, ?)
make question 1377
Hibernate: insert into question (answer, choice1, choice2, choice3, choice4, choice5, content, correct, create_date, filepath, modify_date, score, subject, teacher_id, time, view) values (?, ?, ?, ?, ?, ?, ?, ?, ?, ?, ?, ?, ?, ?, ?, ?)
make question 1378
Hibernate: insert into question (answer, choice1, choice2, choice3, choice4, choice5, content, correct, create_date, filepath, modify_date, score, subject, teacher_id, time, view) values (?, ?, ?, ?, ?, ?, ?, ?, ?, ?, ?, ?, ?, ?, ?, ?)
make question 1379
Hibernate: insert into question (answer, choice1, choice2, choice3, choice4, choice5, content, correct, create_date, filepath, modify_date, score, subject, teacher_id, time, view) values (?, ?, ?, ?, ?, ?, ?, ?, ?, ?, ?, ?, ?, ?, ?, ?)
make question 1380
Hibernate: insert into question (answer, choice1, choice2, choice3, choice4, choice5, content, correct, create_date, filepath, modify_date, score, subject, teacher_id, time, view) values (?, ?, ?, ?, ?, ?, ?, ?, ?, ?, ?, ?, ?, ?, ?, ?)
make question 1381
Hibernate: insert into question (answer, choice1, choice2, choice3, choice4, choice5, content, correct, create_date, filepath, modify_date, score, subject, teacher_id, time, view) values (?, ?, ?, ?, ?, ?, ?, ?, ?, ?, ?, ?, ?, ?, ?, ?)
make question 1382
Hibernate: insert into question (answer, choice1, choice2, choice3, choice4, choice5, content, correct, create_date, filepath, modify_date, score, subject, teacher_id, time, view) values (?, ?, ?, ?, ?, ?, ?, ?, ?, ?, ?, ?, ?, ?, ?, ?)
make question 1383
Hibernate: insert into question (answer, choice1, choice2, choice3, choice4, choice5, content, correct, create_date, filepath, modify_date, score, subject, teacher_id, time, view) values (?, ?, ?, ?, ?, ?, ?, ?, ?, ?, ?, ?, ?, ?, ?, ?)
make question 1384
Hibernate: insert into question (answer, choice1, choice2, choice3, choice4, choice5, content, correct, create_date, filepath, modify_date, score, subject, teacher_id, time, view) values (?, ?, ?, ?, ?, ?, ?, ?, ?, ?, ?, ?, ?, ?, ?, ?)
make question 1385
Hibernate: insert into question (answer, choice1, choice2, choice3, choice4, choice5, content, correct, create_date, filepath, modify_date, score, subject, teacher_id, time, view) values (?, ?, ?, ?, ?, ?, ?, ?, ?, ?, ?, ?, ?, ?, ?, ?)
make question 1386
Hibernate: insert into question (answer, choice1, choice2, choice3, choice4, choice5, content, correct, create_date, filepath, modify_date, score, subject, teacher_id, time, view) values (?, ?, ?, ?, ?, ?, ?, ?, ?, ?, ?, ?, ?, ?, ?, ?)
make question 1387
Hibernate: insert into question (answer, choice1, choice2, choice3, choice4, choice5, content, correct, create_date, filepath, modify_date, score, subject, teacher_id, time, view) values (?, ?, ?, ?, ?, ?, ?, ?, ?, ?, ?, ?, ?, ?, ?, ?)
make question 1388
Hibernate: insert into question (answer, choice1, choice2, choice3, choice4, choice5, content, correct, create_date, filepath, modify_date, score, subject, teacher_id, time, view) values (?, ?, ?, ?, ?, ?, ?, ?, ?, ?, ?, ?, ?, ?, ?, ?)
make question 1389
Hibernate: insert into question (answer, choice1, choice2, choice3, choice4, choice5, content, correct, create_date, filepath, modify_date, score, subject, teacher_id, time, view) values (?, ?, ?, ?, ?, ?, ?, ?, ?, ?, ?, ?, ?, ?, ?, ?)
make question 1390
Hibernate: insert into question (answer, choice1, choice2, choice3, choice4, choice5, content, correct, create_date, filepath, modify_date, score, subject, teacher_id, time, view) values (?, ?, ?, ?, ?, ?, ?, ?, ?, ?, ?, ?, ?, ?, ?, ?)
make question 1391
Hibernate: insert into question (answer, choice1, choice2, choice3, choice4, choice5, content, correct, create_date, filepath, modify_date, score, subject, teacher_id, time, view) values (?, ?, ?, ?, ?, ?, ?, ?, ?, ?, ?, ?, ?, ?, ?, ?)
make question 1392
Hibernate: insert into question (answer, choice1, choice2, choice3, choice4, choice5, content, correct, create_date, filepath, modify_date, score, subject, teacher_id, time, view) values (?, ?, ?, ?, ?, ?, ?, ?, ?, ?, ?, ?, ?, ?, ?, ?)
make question 1393
Hibernate: insert into question (answer, choice1, choice2, choice3, choice4, choice5, content, correct, create_date, filepath, modify_date, score, subject, teacher_id, time, view) values (?, ?, ?, ?, ?, ?, ?, ?, ?, ?, ?, ?, ?, ?, ?, ?)
make question 1394
Hibernate: insert into question (answer, choice1, choice2, choice3, choice4, choice5, content, correct, create_date, filepath, modify_date, score, subject, teacher_id, time, view) values (?, ?, ?, ?, ?, ?, ?, ?, ?, ?, ?, ?, ?, ?, ?, ?)
make question 1395
Hibernate: insert into question (answer, choice1, choice2, choice3, choice4, choice5, content, correct, create_date, filepath, modify_date, score, subject, teacher_id, time, view) values (?, ?, ?, ?, ?, ?, ?, ?, ?, ?, ?, ?, ?, ?, ?, ?)
make question 1396
Hibernate: insert into question (answer, choice1, choice2, choice3, choice4, choice5, content, correct, create_date, filepath, modify_date, score, subject, teacher_id, time, view) values (?, ?, ?, ?, ?, ?, ?, ?, ?, ?, ?, ?, ?, ?, ?, ?)
make question 1397
Hibernate: insert into question (answer, choice1, choice2, choice3, choice4, choice5, content, correct, create_date, filepath, modify_date, score, subject, teacher_id, time, view) values (?, ?, ?, ?, ?, ?, ?, ?, ?, ?, ?, ?, ?, ?, ?, ?)
make question 1398
Hibernate: insert into question (answer, choice1, choice2, choice3, choice4, choice5, content, correct, create_date, filepath, modify_date, score, subject, teacher_id, time, view) values (?, ?, ?, ?, ?, ?, ?, ?, ?, ?, ?, ?, ?, ?, ?, ?)
make question 1399
Hibernate: insert into question (answer, choice1, choice2, choice3, choice4, choice5, content, correct, create_date, filepath, modify_date, score, subject, teacher_id, time, view) values (?, ?, ?, ?, ?, ?, ?, ?, ?, ?, ?, ?, ?, ?, ?, ?)
make question 1400
Hibernate: insert into question (answer, choice1, choice2, choice3, choice4, choice5, content, correct, create_date, filepath, modify_date, score, subject, teacher_id, time, view) values (?, ?, ?, ?, ?, ?, ?, ?, ?, ?, ?, ?, ?, ?, ?, ?)
make question 1401
Hibernate: insert into question (answer, choice1, choice2, choice3, choice4, choice5, content, correct, create_date, filepath, modify_date, score, subject, teacher_id, time, view) values (?, ?, ?, ?, ?, ?, ?, ?, ?, ?, ?, ?, ?, ?, ?, ?)
make question 1402
Hibernate: insert into question (answer, choice1, choice2, choice3, choice4, choice5, content, correct, create_date, filepath, modify_date, score, subject, teacher_id, time, view) values (?, ?, ?, ?, ?, ?, ?, ?, ?, ?, ?, ?, ?, ?, ?, ?)
make question 1403
Hibernate: insert into question (answer, choice1, choice2, choice3, choice4, choice5, content, correct, create_date, filepath, modify_date, score, subject, teacher_id, time, view) values (?, ?, ?, ?, ?, ?, ?, ?, ?, ?, ?, ?, ?, ?, ?, ?)
make question 1404
Hibernate: insert into question (answer, choice1, choice2, choice3, choice4, choice5, content, correct, create_date, filepath, modify_date, score, subject, teacher_id, time, view) values (?, ?, ?, ?, ?, ?, ?, ?, ?, ?, ?, ?, ?, ?, ?, ?)
make question 1405
Hibernate: insert into question (answer, choice1, choice2, choice3, choice4, choice5, content, correct, create_date, filepath, modify_date, score, subject, teacher_id, time, view) values (?, ?, ?, ?, ?, ?, ?, ?, ?, ?, ?, ?, ?, ?, ?, ?)
make question 1406
Hibernate: insert into question (answer, choice1, choice2, choice3, choice4, choice5, content, correct, create_date, filepath, modify_date, score, subject, teacher_id, time, view) values (?, ?, ?, ?, ?, ?, ?, ?, ?, ?, ?, ?, ?, ?, ?, ?)
make question 1407
Hibernate: insert into question (answer, choice1, choice2, choice3, choice4, choice5, content, correct, create_date, filepath, modify_date, score, subject, teacher_id, time, view) values (?, ?, ?, ?, ?, ?, ?, ?, ?, ?, ?, ?, ?, ?, ?, ?)
make question 1408
Hibernate: insert into question (answer, choice1, choice2, choice3, choice4, choice5, content, correct, create_date, filepath, modify_date, score, subject, teacher_id, time, view) values (?, ?, ?, ?, ?, ?, ?, ?, ?, ?, ?, ?, ?, ?, ?, ?)
make question 1409
Hibernate: insert into question (answer, choice1, choice2, choice3, choice4, choice5, content, correct, create_date, filepath, modify_date, score, subject, teacher_id, time, view) values (?, ?, ?, ?, ?, ?, ?, ?, ?, ?, ?, ?, ?, ?, ?, ?)
make question 1410
Hibernate: insert into question (answer, choice1, choice2, choice3, choice4, choice5, content, correct, create_date, filepath, modify_date, score, subject, teacher_id, time, view) values (?, ?, ?, ?, ?, ?, ?, ?, ?, ?, ?, ?, ?, ?, ?, ?)
make question 1411
Hibernate: insert into question (answer, choice1, choice2, choice3, choice4, choice5, content, correct, create_date, filepath, modify_date, score, subject, teacher_id, time, view) values (?, ?, ?, ?, ?, ?, ?, ?, ?, ?, ?, ?, ?, ?, ?, ?)
make question 1412
Hibernate: insert into question (answer, choice1, choice2, choice3, choice4, choice5, content, correct, create_date, filepath, modify_date, score, subject, teacher_id, time, view) values (?, ?, ?, ?, ?, ?, ?, ?, ?, ?, ?, ?, ?, ?, ?, ?)
make question 1413
Hibernate: insert into question (answer, choice1, choice2, choice3, choice4, choice5, content, correct, create_date, filepath, modify_date, score, subject, teacher_id, time, view) values (?, ?, ?, ?, ?, ?, ?, ?, ?, ?, ?, ?, ?, ?, ?, ?)
make question 1414
Hibernate: insert into question (answer, choice1, choice2, choice3, choice4, choice5, content, correct, create_date, filepath, modify_date, score, subject, teacher_id, time, view) values (?, ?, ?, ?, ?, ?, ?, ?, ?, ?, ?, ?, ?, ?, ?, ?)
make question 1415
Hibernate: insert into question (answer, choice1, choice2, choice3, choice4, choice5, content, correct, create_date, filepath, modify_date, score, subject, teacher_id, time, view) values (?, ?, ?, ?, ?, ?, ?, ?, ?, ?, ?, ?, ?, ?, ?, ?)
make question 1416
Hibernate: insert into question (answer, choice1, choice2, choice3, choice4, choice5, content, correct, create_date, filepath, modify_date, score, subject, teacher_id, time, view) values (?, ?, ?, ?, ?, ?, ?, ?, ?, ?, ?, ?, ?, ?, ?, ?)
make question 1417
Hibernate: insert into question (answer, choice1, choice2, choice3, choice4, choice5, content, correct, create_date, filepath, modify_date, score, subject, teacher_id, time, view) values (?, ?, ?, ?, ?, ?, ?, ?, ?, ?, ?, ?, ?, ?, ?, ?)
make question 1418
Hibernate: insert into question (answer, choice1, choice2, choice3, choice4, choice5, content, correct, create_date, filepath, modify_date, score, subject, teacher_id, time, view) values (?, ?, ?, ?, ?, ?, ?, ?, ?, ?, ?, ?, ?, ?, ?, ?)
make question 1419
Hibernate: insert into question (answer, choice1, choice2, choice3, choice4, choice5, content, correct, create_date, filepath, modify_date, score, subject, teacher_id, time, view) values (?, ?, ?, ?, ?, ?, ?, ?, ?, ?, ?, ?, ?, ?, ?, ?)
make question 1420
Hibernate: insert into question (answer, choice1, choice2, choice3, choice4, choice5, content, correct, create_date, filepath, modify_date, score, subject, teacher_id, time, view) values (?, ?, ?, ?, ?, ?, ?, ?, ?, ?, ?, ?, ?, ?, ?, ?)
make question 1421
Hibernate: insert into question (answer, choice1, choice2, choice3, choice4, choice5, content, correct, create_date, filepath, modify_date, score, subject, teacher_id, time, view) values (?, ?, ?, ?, ?, ?, ?, ?, ?, ?, ?, ?, ?, ?, ?, ?)
make question 1422
Hibernate: insert into question (answer, choice1, choice2, choice3, choice4, choice5, content, correct, create_date, filepath, modify_date, score, subject, teacher_id, time, view) values (?, ?, ?, ?, ?, ?, ?, ?, ?, ?, ?, ?, ?, ?, ?, ?)
make question 1423
Hibernate: insert into question (answer, choice1, choice2, choice3, choice4, choice5, content, correct, create_date, filepath, modify_date, score, subject, teacher_id, time, view) values (?, ?, ?, ?, ?, ?, ?, ?, ?, ?, ?, ?, ?, ?, ?, ?)
make question 1424
Hibernate: insert into question (answer, choice1, choice2, choice3, choice4, choice5, content, correct, create_date, filepath, modify_date, score, subject, teacher_id, time, view) values (?, ?, ?, ?, ?, ?, ?, ?, ?, ?, ?, ?, ?, ?, ?, ?)
make question 1425
Hibernate: insert into question (answer, choice1, choice2, choice3, choice4, choice5, content, correct, create_date, filepath, modify_date, score, subject, teacher_id, time, view) values (?, ?, ?, ?, ?, ?, ?, ?, ?, ?, ?, ?, ?, ?, ?, ?)
make question 1426
Hibernate: insert into question (answer, choice1, choice2, choice3, choice4, choice5, content, correct, create_date, filepath, modify_date, score, subject, teacher_id, time, view) values (?, ?, ?, ?, ?, ?, ?, ?, ?, ?, ?, ?, ?, ?, ?, ?)
make question 1427
Hibernate: insert into question (answer, choice1, choice2, choice3, choice4, choice5, content, correct, create_date, filepath, modify_date, score, subject, teacher_id, time, view) values (?, ?, ?, ?, ?, ?, ?, ?, ?, ?, ?, ?, ?, ?, ?, ?)
make question 1428
Hibernate: insert into question (answer, choice1, choice2, choice3, choice4, choice5, content, correct, create_date, filepath, modify_date, score, subject, teacher_id, time, view) values (?, ?, ?, ?, ?, ?, ?, ?, ?, ?, ?, ?, ?, ?, ?, ?)
make question 1429
Hibernate: insert into question (answer, choice1, choice2, choice3, choice4, choice5, content, correct, create_date, filepath, modify_date, score, subject, teacher_id, time, view) values (?, ?, ?, ?, ?, ?, ?, ?, ?, ?, ?, ?, ?, ?, ?, ?)
make question 1430
Hibernate: insert into question (answer, choice1, choice2, choice3, choice4, choice5, content, correct, create_date, filepath, modify_date, score, subject, teacher_id, time, view) values (?, ?, ?, ?, ?, ?, ?, ?, ?, ?, ?, ?, ?, ?, ?, ?)
make question 1431
Hibernate: insert into question (answer, choice1, choice2, choice3, choice4, choice5, content, correct, create_date, filepath, modify_date, score, subject, teacher_id, time, view) values (?, ?, ?, ?, ?, ?, ?, ?, ?, ?, ?, ?, ?, ?, ?, ?)
make question 1432
Hibernate: insert into question (answer, choice1, choice2, choice3, choice4, choice5, content, correct, create_date, filepath, modify_date, score, subject, teacher_id, time, view) values (?, ?, ?, ?, ?, ?, ?, ?, ?, ?, ?, ?, ?, ?, ?, ?)
make question 1433
Hibernate: insert into question (answer, choice1, choice2, choice3, choice4, choice5, content, correct, create_date, filepath, modify_date, score, subject, teacher_id, time, view) values (?, ?, ?, ?, ?, ?, ?, ?, ?, ?, ?, ?, ?, ?, ?, ?)
make question 1434
Hibernate: insert into question (answer, choice1, choice2, choice3, choice4, choice5, content, correct, create_date, filepath, modify_date, score, subject, teacher_id, time, view) values (?, ?, ?, ?, ?, ?, ?, ?, ?, ?, ?, ?, ?, ?, ?, ?)
make question 1435
Hibernate: insert into question (answer, choice1, choice2, choice3, choice4, choice5, content, correct, create_date, filepath, modify_date, score, subject, teacher_id, time, view) values (?, ?, ?, ?, ?, ?, ?, ?, ?, ?, ?, ?, ?, ?, ?, ?)
make question 1436
Hibernate: insert into question (answer, choice1, choice2, choice3, choice4, choice5, content, correct, create_date, filepath, modify_date, score, subject, teacher_id, time, view) values (?, ?, ?, ?, ?, ?, ?, ?, ?, ?, ?, ?, ?, ?, ?, ?)
make question 1437
Hibernate: insert into question (answer, choice1, choice2, choice3, choice4, choice5, content, correct, create_date, filepath, modify_date, score, subject, teacher_id, time, view) values (?, ?, ?, ?, ?, ?, ?, ?, ?, ?, ?, ?, ?, ?, ?, ?)
make question 1438
Hibernate: insert into question (answer, choice1, choice2, choice3, choice4, choice5, content, correct, create_date, filepath, modify_date, score, subject, teacher_id, time, view) values (?, ?, ?, ?, ?, ?, ?, ?, ?, ?, ?, ?, ?, ?, ?, ?)
make question 1439
Hibernate: insert into question (answer, choice1, choice2, choice3, choice4, choice5, content, correct, create_date, filepath, modify_date, score, subject, teacher_id, time, view) values (?, ?, ?, ?, ?, ?, ?, ?, ?, ?, ?, ?, ?, ?, ?, ?)
make question 1440
Hibernate: insert into question (answer, choice1, choice2, choice3, choice4, choice5, content, correct, create_date, filepath, modify_date, score, subject, teacher_id, time, view) values (?, ?, ?, ?, ?, ?, ?, ?, ?, ?, ?, ?, ?, ?, ?, ?)
make question 1441
Hibernate: insert into question (answer, choice1, choice2, choice3, choice4, choice5, content, correct, create_date, filepath, modify_date, score, subject, teacher_id, time, view) values (?, ?, ?, ?, ?, ?, ?, ?, ?, ?, ?, ?, ?, ?, ?, ?)
make question 1442
Hibernate: insert into question (answer, choice1, choice2, choice3, choice4, choice5, content, correct, create_date, filepath, modify_date, score, subject, teacher_id, time, view) values (?, ?, ?, ?, ?, ?, ?, ?, ?, ?, ?, ?, ?, ?, ?, ?)
make question 1443
Hibernate: insert into question (answer, choice1, choice2, choice3, choice4, choice5, content, correct, create_date, filepath, modify_date, score, subject, teacher_id, time, view) values (?, ?, ?, ?, ?, ?, ?, ?, ?, ?, ?, ?, ?, ?, ?, ?)
make question 1444
Hibernate: insert into question (answer, choice1, choice2, choice3, choice4, choice5, content, correct, create_date, filepath, modify_date, score, subject, teacher_id, time, view) values (?, ?, ?, ?, ?, ?, ?, ?, ?, ?, ?, ?, ?, ?, ?, ?)
make question 1445
Hibernate: insert into question (answer, choice1, choice2, choice3, choice4, choice5, content, correct, create_date, filepath, modify_date, score, subject, teacher_id, time, view) values (?, ?, ?, ?, ?, ?, ?, ?, ?, ?, ?, ?, ?, ?, ?, ?)
make question 1446
Hibernate: insert into question (answer, choice1, choice2, choice3, choice4, choice5, content, correct, create_date, filepath, modify_date, score, subject, teacher_id, time, view) values (?, ?, ?, ?, ?, ?, ?, ?, ?, ?, ?, ?, ?, ?, ?, ?)
make question 1447
Hibernate: insert into question (answer, choice1, choice2, choice3, choice4, choice5, content, correct, create_date, filepath, modify_date, score, subject, teacher_id, time, view) values (?, ?, ?, ?, ?, ?, ?, ?, ?, ?, ?, ?, ?, ?, ?, ?)
make question 1448
Hibernate: insert into question (answer, choice1, choice2, choice3, choice4, choice5, content, correct, create_date, filepath, modify_date, score, subject, teacher_id, time, view) values (?, ?, ?, ?, ?, ?, ?, ?, ?, ?, ?, ?, ?, ?, ?, ?)
make question 1449
Hibernate: insert into question (answer, choice1, choice2, choice3, choice4, choice5, content, correct, create_date, filepath, modify_date, score, subject, teacher_id, time, view) values (?, ?, ?, ?, ?, ?, ?, ?, ?, ?, ?, ?, ?, ?, ?, ?)
make question 1450
Hibernate: insert into question (answer, choice1, choice2, choice3, choice4, choice5, content, correct, create_date, filepath, modify_date, score, subject, teacher_id, time, view) values (?, ?, ?, ?, ?, ?, ?, ?, ?, ?, ?, ?, ?, ?, ?, ?)
make question 1451
Hibernate: insert into question (answer, choice1, choice2, choice3, choice4, choice5, content, correct, create_date, filepath, modify_date, score, subject, teacher_id, time, view) values (?, ?, ?, ?, ?, ?, ?, ?, ?, ?, ?, ?, ?, ?, ?, ?)
make question 1452
Hibernate: insert into question (answer, choice1, choice2, choice3, choice4, choice5, content, correct, create_date, filepath, modify_date, score, subject, teacher_id, time, view) values (?, ?, ?, ?, ?, ?, ?, ?, ?, ?, ?, ?, ?, ?, ?, ?)
make question 1453
Hibernate: insert into question (answer, choice1, choice2, choice3, choice4, choice5, content, correct, create_date, filepath, modify_date, score, subject, teacher_id, time, view) values (?, ?, ?, ?, ?, ?, ?, ?, ?, ?, ?, ?, ?, ?, ?, ?)
make question 1454
Hibernate: insert into question (answer, choice1, choice2, choice3, choice4, choice5, content, correct, create_date, filepath, modify_date, score, subject, teacher_id, time, view) values (?, ?, ?, ?, ?, ?, ?, ?, ?, ?, ?, ?, ?, ?, ?, ?)
make question 1455
Hibernate: insert into question (answer, choice1, choice2, choice3, choice4, choice5, content, correct, create_date, filepath, modify_date, score, subject, teacher_id, time, view) values (?, ?, ?, ?, ?, ?, ?, ?, ?, ?, ?, ?, ?, ?, ?, ?)
make question 1456
Hibernate: insert into question (answer, choice1, choice2, choice3, choice4, choice5, content, correct, create_date, filepath, modify_date, score, subject, teacher_id, time, view) values (?, ?, ?, ?, ?, ?, ?, ?, ?, ?, ?, ?, ?, ?, ?, ?)
make question 1457
Hibernate: insert into question (answer, choice1, choice2, choice3, choice4, choice5, content, correct, create_date, filepath, modify_date, score, subject, teacher_id, time, view) values (?, ?, ?, ?, ?, ?, ?, ?, ?, ?, ?, ?, ?, ?, ?, ?)
make question 1458
Hibernate: insert into question (answer, choice1, choice2, choice3, choice4, choice5, content, correct, create_date, filepath, modify_date, score, subject, teacher_id, time, view) values (?, ?, ?, ?, ?, ?, ?, ?, ?, ?, ?, ?, ?, ?, ?, ?)
make question 1459
Hibernate: insert into question (answer, choice1, choice2, choice3, choice4, choice5, content, correct, create_date, filepath, modify_date, score, subject, teacher_id, time, view) values (?, ?, ?, ?, ?, ?, ?, ?, ?, ?, ?, ?, ?, ?, ?, ?)
make question 1460
Hibernate: insert into question (answer, choice1, choice2, choice3, choice4, choice5, content, correct, create_date, filepath, modify_date, score, subject, teacher_id, time, view) values (?, ?, ?, ?, ?, ?, ?, ?, ?, ?, ?, ?, ?, ?, ?, ?)
make question 1461
Hibernate: insert into question (answer, choice1, choice2, choice3, choice4, choice5, content, correct, create_date, filepath, modify_date, score, subject, teacher_id, time, view) values (?, ?, ?, ?, ?, ?, ?, ?, ?, ?, ?, ?, ?, ?, ?, ?)
make question 1462
Hibernate: insert into question (answer, choice1, choice2, choice3, choice4, choice5, content, correct, create_date, filepath, modify_date, score, subject, teacher_id, time, view) values (?, ?, ?, ?, ?, ?, ?, ?, ?, ?, ?, ?, ?, ?, ?, ?)
make question 1463
Hibernate: insert into question (answer, choice1, choice2, choice3, choice4, choice5, content, correct, create_date, filepath, modify_date, score, subject, teacher_id, time, view) values (?, ?, ?, ?, ?, ?, ?, ?, ?, ?, ?, ?, ?, ?, ?, ?)
make question 1464
Hibernate: insert into question (answer, choice1, choice2, choice3, choice4, choice5, content, correct, create_date, filepath, modify_date, score, subject, teacher_id, time, view) values (?, ?, ?, ?, ?, ?, ?, ?, ?, ?, ?, ?, ?, ?, ?, ?)
make question 1465
Hibernate: insert into question (answer, choice1, choice2, choice3, choice4, choice5, content, correct, create_date, filepath, modify_date, score, subject, teacher_id, time, view) values (?, ?, ?, ?, ?, ?, ?, ?, ?, ?, ?, ?, ?, ?, ?, ?)
make question 1466
Hibernate: insert into question (answer, choice1, choice2, choice3, choice4, choice5, content, correct, create_date, filepath, modify_date, score, subject, teacher_id, time, view) values (?, ?, ?, ?, ?, ?, ?, ?, ?, ?, ?, ?, ?, ?, ?, ?)
make question 1467
Hibernate: insert into question (answer, choice1, choice2, choice3, choice4, choice5, content, correct, create_date, filepath, modify_date, score, subject, teacher_id, time, view) values (?, ?, ?, ?, ?, ?, ?, ?, ?, ?, ?, ?, ?, ?, ?, ?)
make question 1468
Hibernate: insert into question (answer, choice1, choice2, choice3, choice4, choice5, content, correct, create_date, filepath, modify_date, score, subject, teacher_id, time, view) values (?, ?, ?, ?, ?, ?, ?, ?, ?, ?, ?, ?, ?, ?, ?, ?)
make question 1469
Hibernate: insert into question (answer, choice1, choice2, choice3, choice4, choice5, content, correct, create_date, filepath, modify_date, score, subject, teacher_id, time, view) values (?, ?, ?, ?, ?, ?, ?, ?, ?, ?, ?, ?, ?, ?, ?, ?)
make question 1470
Hibernate: insert into question (answer, choice1, choice2, choice3, choice4, choice5, content, correct, create_date, filepath, modify_date, score, subject, teacher_id, time, view) values (?, ?, ?, ?, ?, ?, ?, ?, ?, ?, ?, ?, ?, ?, ?, ?)
make question 1471
Hibernate: insert into question (answer, choice1, choice2, choice3, choice4, choice5, content, correct, create_date, filepath, modify_date, score, subject, teacher_id, time, view) values (?, ?, ?, ?, ?, ?, ?, ?, ?, ?, ?, ?, ?, ?, ?, ?)
make question 1472
Hibernate: insert into question (answer, choice1, choice2, choice3, choice4, choice5, content, correct, create_date, filepath, modify_date, score, subject, teacher_id, time, view) values (?, ?, ?, ?, ?, ?, ?, ?, ?, ?, ?, ?, ?, ?, ?, ?)
make question 1473
Hibernate: insert into question (answer, choice1, choice2, choice3, choice4, choice5, content, correct, create_date, filepath, modify_date, score, subject, teacher_id, time, view) values (?, ?, ?, ?, ?, ?, ?, ?, ?, ?, ?, ?, ?, ?, ?, ?)
make question 1474
Hibernate: insert into question (answer, choice1, choice2, choice3, choice4, choice5, content, correct, create_date, filepath, modify_date, score, subject, teacher_id, time, view) values (?, ?, ?, ?, ?, ?, ?, ?, ?, ?, ?, ?, ?, ?, ?, ?)
make question 1475
Hibernate: insert into question (answer, choice1, choice2, choice3, choice4, choice5, content, correct, create_date, filepath, modify_date, score, subject, teacher_id, time, view) values (?, ?, ?, ?, ?, ?, ?, ?, ?, ?, ?, ?, ?, ?, ?, ?)
make question 1476
Hibernate: insert into question (answer, choice1, choice2, choice3, choice4, choice5, content, correct, create_date, filepath, modify_date, score, subject, teacher_id, time, view) values (?, ?, ?, ?, ?, ?, ?, ?, ?, ?, ?, ?, ?, ?, ?, ?)
make question 1477
Hibernate: insert into question (answer, choice1, choice2, choice3, choice4, choice5, content, correct, create_date, filepath, modify_date, score, subject, teacher_id, time, view) values (?, ?, ?, ?, ?, ?, ?, ?, ?, ?, ?, ?, ?, ?, ?, ?)
make question 1478
Hibernate: insert into question (answer, choice1, choice2, choice3, choice4, choice5, content, correct, create_date, filepath, modify_date, score, subject, teacher_id, time, view) values (?, ?, ?, ?, ?, ?, ?, ?, ?, ?, ?, ?, ?, ?, ?, ?)
make question 1479
Hibernate: insert into question (answer, choice1, choice2, choice3, choice4, choice5, content, correct, create_date, filepath, modify_date, score, subject, teacher_id, time, view) values (?, ?, ?, ?, ?, ?, ?, ?, ?, ?, ?, ?, ?, ?, ?, ?)
make question 1480
Hibernate: insert into question (answer, choice1, choice2, choice3, choice4, choice5, content, correct, create_date, filepath, modify_date, score, subject, teacher_id, time, view) values (?, ?, ?, ?, ?, ?, ?, ?, ?, ?, ?, ?, ?, ?, ?, ?)
make question 1481
Hibernate: insert into question (answer, choice1, choice2, choice3, choice4, choice5, content, correct, create_date, filepath, modify_date, score, subject, teacher_id, time, view) values (?, ?, ?, ?, ?, ?, ?, ?, ?, ?, ?, ?, ?, ?, ?, ?)
make question 1482
Hibernate: insert into question (answer, choice1, choice2, choice3, choice4, choice5, content, correct, create_date, filepath, modify_date, score, subject, teacher_id, time, view) values (?, ?, ?, ?, ?, ?, ?, ?, ?, ?, ?, ?, ?, ?, ?, ?)
make question 1483
Hibernate: insert into question (answer, choice1, choice2, choice3, choice4, choice5, content, correct, create_date, filepath, modify_date, score, subject, teacher_id, time, view) values (?, ?, ?, ?, ?, ?, ?, ?, ?, ?, ?, ?, ?, ?, ?, ?)
make question 1484
Hibernate: insert into question (answer, choice1, choice2, choice3, choice4, choice5, content, correct, create_date, filepath, modify_date, score, subject, teacher_id, time, view) values (?, ?, ?, ?, ?, ?, ?, ?, ?, ?, ?, ?, ?, ?, ?, ?)
make question 1485
Hibernate: insert into question (answer, choice1, choice2, choice3, choice4, choice5, content, correct, create_date, filepath, modify_date, score, subject, teacher_id, time, view) values (?, ?, ?, ?, ?, ?, ?, ?, ?, ?, ?, ?, ?, ?, ?, ?)
make question 1486
Hibernate: insert into question (answer, choice1, choice2, choice3, choice4, choice5, content, correct, create_date, filepath, modify_date, score, subject, teacher_id, time, view) values (?, ?, ?, ?, ?, ?, ?, ?, ?, ?, ?, ?, ?, ?, ?, ?)
make question 1487
Hibernate: insert into question (answer, choice1, choice2, choice3, choice4, choice5, content, correct, create_date, filepath, modify_date, score, subject, teacher_id, time, view) values (?, ?, ?, ?, ?, ?, ?, ?, ?, ?, ?, ?, ?, ?, ?, ?)
make question 1488
Hibernate: insert into question (answer, choice1, choice2, choice3, choice4, choice5, content, correct, create_date, filepath, modify_date, score, subject, teacher_id, time, view) values (?, ?, ?, ?, ?, ?, ?, ?, ?, ?, ?, ?, ?, ?, ?, ?)
make question 1489
Hibernate: insert into question (answer, choice1, choice2, choice3, choice4, choice5, content, correct, create_date, filepath, modify_date, score, subject, teacher_id, time, view) values (?, ?, ?, ?, ?, ?, ?, ?, ?, ?, ?, ?, ?, ?, ?, ?)
make question 1490
Hibernate: insert into question (answer, choice1, choice2, choice3, choice4, choice5, content, correct, create_date, filepath, modify_date, score, subject, teacher_id, time, view) values (?, ?, ?, ?, ?, ?, ?, ?, ?, ?, ?, ?, ?, ?, ?, ?)
make question 1491
Hibernate: insert into question (answer, choice1, choice2, choice3, choice4, choice5, content, correct, create_date, filepath, modify_date, score, subject, teacher_id, time, view) values (?, ?, ?, ?, ?, ?, ?, ?, ?, ?, ?, ?, ?, ?, ?, ?)
make question 1492
Hibernate: insert into question (answer, choice1, choice2, choice3, choice4, choice5, content, correct, create_date, filepath, modify_date, score, subject, teacher_id, time, view) values (?, ?, ?, ?, ?, ?, ?, ?, ?, ?, ?, ?, ?, ?, ?, ?)
make question 1493
Hibernate: insert into question (answer, choice1, choice2, choice3, choice4, choice5, content, correct, create_date, filepath, modify_date, score, subject, teacher_id, time, view) values (?, ?, ?, ?, ?, ?, ?, ?, ?, ?, ?, ?, ?, ?, ?, ?)
make question 1494
Hibernate: insert into question (answer, choice1, choice2, choice3, choice4, choice5, content, correct, create_date, filepath, modify_date, score, subject, teacher_id, time, view) values (?, ?, ?, ?, ?, ?, ?, ?, ?, ?, ?, ?, ?, ?, ?, ?)
make question 1495
Hibernate: insert into question (answer, choice1, choice2, choice3, choice4, choice5, content, correct, create_date, filepath, modify_date, score, subject, teacher_id, time, view) values (?, ?, ?, ?, ?, ?, ?, ?, ?, ?, ?, ?, ?, ?, ?, ?)
make question 1496
Hibernate: insert into question (answer, choice1, choice2, choice3, choice4, choice5, content, correct, create_date, filepath, modify_date, score, subject, teacher_id, time, view) values (?, ?, ?, ?, ?, ?, ?, ?, ?, ?, ?, ?, ?, ?, ?, ?)
make question 1497
Hibernate: insert into question (answer, choice1, choice2, choice3, choice4, choice5, content, correct, create_date, filepath, modify_date, score, subject, teacher_id, time, view) values (?, ?, ?, ?, ?, ?, ?, ?, ?, ?, ?, ?, ?, ?, ?, ?)
make question 1498
Hibernate: insert into question (answer, choice1, choice2, choice3, choice4, choice5, content, correct, create_date, filepath, modify_date, score, subject, teacher_id, time, view) values (?, ?, ?, ?, ?, ?, ?, ?, ?, ?, ?, ?, ?, ?, ?, ?)
make question 1499
Hibernate: insert into question (answer, choice1, choice2, choice3, choice4, choice5, content, correct, create_date, filepath, modify_date, score, subject, teacher_id, time, view) values (?, ?, ?, ?, ?, ?, ?, ?, ?, ?, ?, ?, ?, ?, ?, ?)
make question 1500
Hibernate: insert into question (answer, choice1, choice2, choice3, choice4, choice5, content, correct, create_date, filepath, modify_date, score, subject, teacher_id, time, view) values (?, ?, ?, ?, ?, ?, ?, ?, ?, ?, ?, ?, ?, ?, ?, ?)
make question 1501
Hibernate: insert into question (answer, choice1, choice2, choice3, choice4, choice5, content, correct, create_date, filepath, modify_date, score, subject, teacher_id, time, view) values (?, ?, ?, ?, ?, ?, ?, ?, ?, ?, ?, ?, ?, ?, ?, ?)
make question 1502
Hibernate: insert into question (answer, choice1, choice2, choice3, choice4, choice5, content, correct, create_date, filepath, modify_date, score, subject, teacher_id, time, view) values (?, ?, ?, ?, ?, ?, ?, ?, ?, ?, ?, ?, ?, ?, ?, ?)
make question 1503
Hibernate: insert into question (answer, choice1, choice2, choice3, choice4, choice5, content, correct, create_date, filepath, modify_date, score, subject, teacher_id, time, view) values (?, ?, ?, ?, ?, ?, ?, ?, ?, ?, ?, ?, ?, ?, ?, ?)
make question 1504
Hibernate: insert into question (answer, choice1, choice2, choice3, choice4, choice5, content, correct, create_date, filepath, modify_date, score, subject, teacher_id, time, view) values (?, ?, ?, ?, ?, ?, ?, ?, ?, ?, ?, ?, ?, ?, ?, ?)
make question 1505
Hibernate: insert into question (answer, choice1, choice2, choice3, choice4, choice5, content, correct, create_date, filepath, modify_date, score, subject, teacher_id, time, view) values (?, ?, ?, ?, ?, ?, ?, ?, ?, ?, ?, ?, ?, ?, ?, ?)
make question 1506
Hibernate: insert into question (answer, choice1, choice2, choice3, choice4, choice5, content, correct, create_date, filepath, modify_date, score, subject, teacher_id, time, view) values (?, ?, ?, ?, ?, ?, ?, ?, ?, ?, ?, ?, ?, ?, ?, ?)
make question 1507
Hibernate: insert into question (answer, choice1, choice2, choice3, choice4, choice5, content, correct, create_date, filepath, modify_date, score, subject, teacher_id, time, view) values (?, ?, ?, ?, ?, ?, ?, ?, ?, ?, ?, ?, ?, ?, ?, ?)
make question 1508
Hibernate: insert into question (answer, choice1, choice2, choice3, choice4, choice5, content, correct, create_date, filepath, modify_date, score, subject, teacher_id, time, view) values (?, ?, ?, ?, ?, ?, ?, ?, ?, ?, ?, ?, ?, ?, ?, ?)
make question 1509
Hibernate: insert into question (answer, choice1, choice2, choice3, choice4, choice5, content, correct, create_date, filepath, modify_date, score, subject, teacher_id, time, view) values (?, ?, ?, ?, ?, ?, ?, ?, ?, ?, ?, ?, ?, ?, ?, ?)
make question 1510
Hibernate: insert into question (answer, choice1, choice2, choice3, choice4, choice5, content, correct, create_date, filepath, modify_date, score, subject, teacher_id, time, view) values (?, ?, ?, ?, ?, ?, ?, ?, ?, ?, ?, ?, ?, ?, ?, ?)
make question 1511
Hibernate: insert into question (answer, choice1, choice2, choice3, choice4, choice5, content, correct, create_date, filepath, modify_date, score, subject, teacher_id, time, view) values (?, ?, ?, ?, ?, ?, ?, ?, ?, ?, ?, ?, ?, ?, ?, ?)
make question 1512
Hibernate: insert into question (answer, choice1, choice2, choice3, choice4, choice5, content, correct, create_date, filepath, modify_date, score, subject, teacher_id, time, view) values (?, ?, ?, ?, ?, ?, ?, ?, ?, ?, ?, ?, ?, ?, ?, ?)
make question 1513
Hibernate: insert into question (answer, choice1, choice2, choice3, choice4, choice5, content, correct, create_date, filepath, modify_date, score, subject, teacher_id, time, view) values (?, ?, ?, ?, ?, ?, ?, ?, ?, ?, ?, ?, ?, ?, ?, ?)
make question 1514
Hibernate: insert into question (answer, choice1, choice2, choice3, choice4, choice5, content, correct, create_date, filepath, modify_date, score, subject, teacher_id, time, view) values (?, ?, ?, ?, ?, ?, ?, ?, ?, ?, ?, ?, ?, ?, ?, ?)
make question 1515
Hibernate: insert into question (answer, choice1, choice2, choice3, choice4, choice5, content, correct, create_date, filepath, modify_date, score, subject, teacher_id, time, view) values (?, ?, ?, ?, ?, ?, ?, ?, ?, ?, ?, ?, ?, ?, ?, ?)
make question 1516
Hibernate: insert into question (answer, choice1, choice2, choice3, choice4, choice5, content, correct, create_date, filepath, modify_date, score, subject, teacher_id, time, view) values (?, ?, ?, ?, ?, ?, ?, ?, ?, ?, ?, ?, ?, ?, ?, ?)
make question 1517
Hibernate: insert into question (answer, choice1, choice2, choice3, choice4, choice5, content, correct, create_date, filepath, modify_date, score, subject, teacher_id, time, view) values (?, ?, ?, ?, ?, ?, ?, ?, ?, ?, ?, ?, ?, ?, ?, ?)
make question 1518
Hibernate: insert into question (answer, choice1, choice2, choice3, choice4, choice5, content, correct, create_date, filepath, modify_date, score, subject, teacher_id, time, view) values (?, ?, ?, ?, ?, ?, ?, ?, ?, ?, ?, ?, ?, ?, ?, ?)
make question 1519
Hibernate: insert into question (answer, choice1, choice2, choice3, choice4, choice5, content, correct, create_date, filepath, modify_date, score, subject, teacher_id, time, view) values (?, ?, ?, ?, ?, ?, ?, ?, ?, ?, ?, ?, ?, ?, ?, ?)
make question 1520
Hibernate: insert into question (answer, choice1, choice2, choice3, choice4, choice5, content, correct, create_date, filepath, modify_date, score, subject, teacher_id, time, view) values (?, ?, ?, ?, ?, ?, ?, ?, ?, ?, ?, ?, ?, ?, ?, ?)
make question 1521
Hibernate: insert into question (answer, choice1, choice2, choice3, choice4, choice5, content, correct, create_date, filepath, modify_date, score, subject, teacher_id, time, view) values (?, ?, ?, ?, ?, ?, ?, ?, ?, ?, ?, ?, ?, ?, ?, ?)
make question 1522
Hibernate: insert into question (answer, choice1, choice2, choice3, choice4, choice5, content, correct, create_date, filepath, modify_date, score, subject, teacher_id, time, view) values (?, ?, ?, ?, ?, ?, ?, ?, ?, ?, ?, ?, ?, ?, ?, ?)
make question 1523
Hibernate: insert into question (answer, choice1, choice2, choice3, choice4, choice5, content, correct, create_date, filepath, modify_date, score, subject, teacher_id, time, view) values (?, ?, ?, ?, ?, ?, ?, ?, ?, ?, ?, ?, ?, ?, ?, ?)
make question 1524
Hibernate: insert into question (answer, choice1, choice2, choice3, choice4, choice5, content, correct, create_date, filepath, modify_date, score, subject, teacher_id, time, view) values (?, ?, ?, ?, ?, ?, ?, ?, ?, ?, ?, ?, ?, ?, ?, ?)
make question 1525
Hibernate: insert into question (answer, choice1, choice2, choice3, choice4, choice5, content, correct, create_date, filepath, modify_date, score, subject, teacher_id, time, view) values (?, ?, ?, ?, ?, ?, ?, ?, ?, ?, ?, ?, ?, ?, ?, ?)
make question 1526
Hibernate: insert into question (answer, choice1, choice2, choice3, choice4, choice5, content, correct, create_date, filepath, modify_date, score, subject, teacher_id, time, view) values (?, ?, ?, ?, ?, ?, ?, ?, ?, ?, ?, ?, ?, ?, ?, ?)
make question 1527
Hibernate: insert into question (answer, choice1, choice2, choice3, choice4, choice5, content, correct, create_date, filepath, modify_date, score, subject, teacher_id, time, view) values (?, ?, ?, ?, ?, ?, ?, ?, ?, ?, ?, ?, ?, ?, ?, ?)
make question 1528
Hibernate: insert into question (answer, choice1, choice2, choice3, choice4, choice5, content, correct, create_date, filepath, modify_date, score, subject, teacher_id, time, view) values (?, ?, ?, ?, ?, ?, ?, ?, ?, ?, ?, ?, ?, ?, ?, ?)
make question 1529
Hibernate: insert into question (answer, choice1, choice2, choice3, choice4, choice5, content, correct, create_date, filepath, modify_date, score, subject, teacher_id, time, view) values (?, ?, ?, ?, ?, ?, ?, ?, ?, ?, ?, ?, ?, ?, ?, ?)
make question 1530
Hibernate: insert into question (answer, choice1, choice2, choice3, choice4, choice5, content, correct, create_date, filepath, modify_date, score, subject, teacher_id, time, view) values (?, ?, ?, ?, ?, ?, ?, ?, ?, ?, ?, ?, ?, ?, ?, ?)
make question 1531
Hibernate: insert into question (answer, choice1, choice2, choice3, choice4, choice5, content, correct, create_date, filepath, modify_date, score, subject, teacher_id, time, view) values (?, ?, ?, ?, ?, ?, ?, ?, ?, ?, ?, ?, ?, ?, ?, ?)
make question 1532
Hibernate: insert into question (answer, choice1, choice2, choice3, choice4, choice5, content, correct, create_date, filepath, modify_date, score, subject, teacher_id, time, view) values (?, ?, ?, ?, ?, ?, ?, ?, ?, ?, ?, ?, ?, ?, ?, ?)
make question 1533
Hibernate: insert into question (answer, choice1, choice2, choice3, choice4, choice5, content, correct, create_date, filepath, modify_date, score, subject, teacher_id, time, view) values (?, ?, ?, ?, ?, ?, ?, ?, ?, ?, ?, ?, ?, ?, ?, ?)
make question 1534
Hibernate: insert into question (answer, choice1, choice2, choice3, choice4, choice5, content, correct, create_date, filepath, modify_date, score, subject, teacher_id, time, view) values (?, ?, ?, ?, ?, ?, ?, ?, ?, ?, ?, ?, ?, ?, ?, ?)
make question 1535
Hibernate: insert into question (answer, choice1, choice2, choice3, choice4, choice5, content, correct, create_date, filepath, modify_date, score, subject, teacher_id, time, view) values (?, ?, ?, ?, ?, ?, ?, ?, ?, ?, ?, ?, ?, ?, ?, ?)
make question 1536
Hibernate: insert into question (answer, choice1, choice2, choice3, choice4, choice5, content, correct, create_date, filepath, modify_date, score, subject, teacher_id, time, view) values (?, ?, ?, ?, ?, ?, ?, ?, ?, ?, ?, ?, ?, ?, ?, ?)
make question 1537
Hibernate: insert into question (answer, choice1, choice2, choice3, choice4, choice5, content, correct, create_date, filepath, modify_date, score, subject, teacher_id, time, view) values (?, ?, ?, ?, ?, ?, ?, ?, ?, ?, ?, ?, ?, ?, ?, ?)
make question 1538
Hibernate: insert into question (answer, choice1, choice2, choice3, choice4, choice5, content, correct, create_date, filepath, modify_date, score, subject, teacher_id, time, view) values (?, ?, ?, ?, ?, ?, ?, ?, ?, ?, ?, ?, ?, ?, ?, ?)
make question 1539
Hibernate: insert into question (answer, choice1, choice2, choice3, choice4, choice5, content, correct, create_date, filepath, modify_date, score, subject, teacher_id, time, view) values (?, ?, ?, ?, ?, ?, ?, ?, ?, ?, ?, ?, ?, ?, ?, ?)
make question 1540
Hibernate: insert into question (answer, choice1, choice2, choice3, choice4, choice5, content, correct, create_date, filepath, modify_date, score, subject, teacher_id, time, view) values (?, ?, ?, ?, ?, ?, ?, ?, ?, ?, ?, ?, ?, ?, ?, ?)
make question 1541
Hibernate: insert into question (answer, choice1, choice2, choice3, choice4, choice5, content, correct, create_date, filepath, modify_date, score, subject, teacher_id, time, view) values (?, ?, ?, ?, ?, ?, ?, ?, ?, ?, ?, ?, ?, ?, ?, ?)
make question 1542
Hibernate: insert into question (answer, choice1, choice2, choice3, choice4, choice5, content, correct, create_date, filepath, modify_date, score, subject, teacher_id, time, view) values (?, ?, ?, ?, ?, ?, ?, ?, ?, ?, ?, ?, ?, ?, ?, ?)
make question 1543
Hibernate: insert into question (answer, choice1, choice2, choice3, choice4, choice5, content, correct, create_date, filepath, modify_date, score, subject, teacher_id, time, view) values (?, ?, ?, ?, ?, ?, ?, ?, ?, ?, ?, ?, ?, ?, ?, ?)
make question 1544
Hibernate: insert into question (answer, choice1, choice2, choice3, choice4, choice5, content, correct, create_date, filepath, modify_date, score, subject, teacher_id, time, view) values (?, ?, ?, ?, ?, ?, ?, ?, ?, ?, ?, ?, ?, ?, ?, ?)
make question 1545
Hibernate: insert into question (answer, choice1, choice2, choice3, choice4, choice5, content, correct, create_date, filepath, modify_date, score, subject, teacher_id, time, view) values (?, ?, ?, ?, ?, ?, ?, ?, ?, ?, ?, ?, ?, ?, ?, ?)
make question 1546
Hibernate: insert into question (answer, choice1, choice2, choice3, choice4, choice5, content, correct, create_date, filepath, modify_date, score, subject, teacher_id, time, view) values (?, ?, ?, ?, ?, ?, ?, ?, ?, ?, ?, ?, ?, ?, ?, ?)
make question 1547
Hibernate: insert into question (answer, choice1, choice2, choice3, choice4, choice5, content, correct, create_date, filepath, modify_date, score, subject, teacher_id, time, view) values (?, ?, ?, ?, ?, ?, ?, ?, ?, ?, ?, ?, ?, ?, ?, ?)
make question 1548
Hibernate: insert into question (answer, choice1, choice2, choice3, choice4, choice5, content, correct, create_date, filepath, modify_date, score, subject, teacher_id, time, view) values (?, ?, ?, ?, ?, ?, ?, ?, ?, ?, ?, ?, ?, ?, ?, ?)
make question 1549
Hibernate: insert into question (answer, choice1, choice2, choice3, choice4, choice5, content, correct, create_date, filepath, modify_date, score, subject, teacher_id, time, view) values (?, ?, ?, ?, ?, ?, ?, ?, ?, ?, ?, ?, ?, ?, ?, ?)
make question 1550
Hibernate: insert into question (answer, choice1, choice2, choice3, choice4, choice5, content, correct, create_date, filepath, modify_date, score, subject, teacher_id, time, view) values (?, ?, ?, ?, ?, ?, ?, ?, ?, ?, ?, ?, ?, ?, ?, ?)
make question 1551
Hibernate: insert into question (answer, choice1, choice2, choice3, choice4, choice5, content, correct, create_date, filepath, modify_date, score, subject, teacher_id, time, view) values (?, ?, ?, ?, ?, ?, ?, ?, ?, ?, ?, ?, ?, ?, ?, ?)
make question 1552
Hibernate: insert into question (answer, choice1, choice2, choice3, choice4, choice5, content, correct, create_date, filepath, modify_date, score, subject, teacher_id, time, view) values (?, ?, ?, ?, ?, ?, ?, ?, ?, ?, ?, ?, ?, ?, ?, ?)
make question 1553
Hibernate: insert into question (answer, choice1, choice2, choice3, choice4, choice5, content, correct, create_date, filepath, modify_date, score, subject, teacher_id, time, view) values (?, ?, ?, ?, ?, ?, ?, ?, ?, ?, ?, ?, ?, ?, ?, ?)
make question 1554
Hibernate: insert into question (answer, choice1, choice2, choice3, choice4, choice5, content, correct, create_date, filepath, modify_date, score, subject, teacher_id, time, view) values (?, ?, ?, ?, ?, ?, ?, ?, ?, ?, ?, ?, ?, ?, ?, ?)
make question 1555
Hibernate: insert into question (answer, choice1, choice2, choice3, choice4, choice5, content, correct, create_date, filepath, modify_date, score, subject, teacher_id, time, view) values (?, ?, ?, ?, ?, ?, ?, ?, ?, ?, ?, ?, ?, ?, ?, ?)
make question 1556
Hibernate: insert into question (answer, choice1, choice2, choice3, choice4, choice5, content, correct, create_date, filepath, modify_date, score, subject, teacher_id, time, view) values (?, ?, ?, ?, ?, ?, ?, ?, ?, ?, ?, ?, ?, ?, ?, ?)
make question 1557
Hibernate: insert into question (answer, choice1, choice2, choice3, choice4, choice5, content, correct, create_date, filepath, modify_date, score, subject, teacher_id, time, view) values (?, ?, ?, ?, ?, ?, ?, ?, ?, ?, ?, ?, ?, ?, ?, ?)
make question 1558
Hibernate: insert into question (answer, choice1, choice2, choice3, choice4, choice5, content, correct, create_date, filepath, modify_date, score, subject, teacher_id, time, view) values (?, ?, ?, ?, ?, ?, ?, ?, ?, ?, ?, ?, ?, ?, ?, ?)
make question 1559
Hibernate: insert into question (answer, choice1, choice2, choice3, choice4, choice5, content, correct, create_date, filepath, modify_date, score, subject, teacher_id, time, view) values (?, ?, ?, ?, ?, ?, ?, ?, ?, ?, ?, ?, ?, ?, ?, ?)
make question 1560
Hibernate: insert into question (answer, choice1, choice2, choice3, choice4, choice5, content, correct, create_date, filepath, modify_date, score, subject, teacher_id, time, view) values (?, ?, ?, ?, ?, ?, ?, ?, ?, ?, ?, ?, ?, ?, ?, ?)
make question 1561
Hibernate: insert into question (answer, choice1, choice2, choice3, choice4, choice5, content, correct, create_date, filepath, modify_date, score, subject, teacher_id, time, view) values (?, ?, ?, ?, ?, ?, ?, ?, ?, ?, ?, ?, ?, ?, ?, ?)
make question 1562
Hibernate: insert into question (answer, choice1, choice2, choice3, choice4, choice5, content, correct, create_date, filepath, modify_date, score, subject, teacher_id, time, view) values (?, ?, ?, ?, ?, ?, ?, ?, ?, ?, ?, ?, ?, ?, ?, ?)
make question 1563
Hibernate: insert into question (answer, choice1, choice2, choice3, choice4, choice5, content, correct, create_date, filepath, modify_date, score, subject, teacher_id, time, view) values (?, ?, ?, ?, ?, ?, ?, ?, ?, ?, ?, ?, ?, ?, ?, ?)
make question 1564
Hibernate: insert into question (answer, choice1, choice2, choice3, choice4, choice5, content, correct, create_date, filepath, modify_date, score, subject, teacher_id, time, view) values (?, ?, ?, ?, ?, ?, ?, ?, ?, ?, ?, ?, ?, ?, ?, ?)
make question 1565
Hibernate: insert into question (answer, choice1, choice2, choice3, choice4, choice5, content, correct, create_date, filepath, modify_date, score, subject, teacher_id, time, view) values (?, ?, ?, ?, ?, ?, ?, ?, ?, ?, ?, ?, ?, ?, ?, ?)
make question 1566
Hibernate: insert into question (answer, choice1, choice2, choice3, choice4, choice5, content, correct, create_date, filepath, modify_date, score, subject, teacher_id, time, view) values (?, ?, ?, ?, ?, ?, ?, ?, ?, ?, ?, ?, ?, ?, ?, ?)
make question 1567
Hibernate: insert into question (answer, choice1, choice2, choice3, choice4, choice5, content, correct, create_date, filepath, modify_date, score, subject, teacher_id, time, view) values (?, ?, ?, ?, ?, ?, ?, ?, ?, ?, ?, ?, ?, ?, ?, ?)
make question 1568
Hibernate: insert into question (answer, choice1, choice2, choice3, choice4, choice5, content, correct, create_date, filepath, modify_date, score, subject, teacher_id, time, view) values (?, ?, ?, ?, ?, ?, ?, ?, ?, ?, ?, ?, ?, ?, ?, ?)
make question 1569
Hibernate: insert into question (answer, choice1, choice2, choice3, choice4, choice5, content, correct, create_date, filepath, modify_date, score, subject, teacher_id, time, view) values (?, ?, ?, ?, ?, ?, ?, ?, ?, ?, ?, ?, ?, ?, ?, ?)
make question 1570
Hibernate: insert into question (answer, choice1, choice2, choice3, choice4, choice5, content, correct, create_date, filepath, modify_date, score, subject, teacher_id, time, view) values (?, ?, ?, ?, ?, ?, ?, ?, ?, ?, ?, ?, ?, ?, ?, ?)
make question 1571
Hibernate: insert into question (answer, choice1, choice2, choice3, choice4, choice5, content, correct, create_date, filepath, modify_date, score, subject, teacher_id, time, view) values (?, ?, ?, ?, ?, ?, ?, ?, ?, ?, ?, ?, ?, ?, ?, ?)
make question 1572
Hibernate: insert into question (answer, choice1, choice2, choice3, choice4, choice5, content, correct, create_date, filepath, modify_date, score, subject, teacher_id, time, view) values (?, ?, ?, ?, ?, ?, ?, ?, ?, ?, ?, ?, ?, ?, ?, ?)
make question 1573
Hibernate: insert into question (answer, choice1, choice2, choice3, choice4, choice5, content, correct, create_date, filepath, modify_date, score, subject, teacher_id, time, view) values (?, ?, ?, ?, ?, ?, ?, ?, ?, ?, ?, ?, ?, ?, ?, ?)
make question 1574
Hibernate: insert into question (answer, choice1, choice2, choice3, choice4, choice5, content, correct, create_date, filepath, modify_date, score, subject, teacher_id, time, view) values (?, ?, ?, ?, ?, ?, ?, ?, ?, ?, ?, ?, ?, ?, ?, ?)
make question 1575
Hibernate: insert into question (answer, choice1, choice2, choice3, choice4, choice5, content, correct, create_date, filepath, modify_date, score, subject, teacher_id, time, view) values (?, ?, ?, ?, ?, ?, ?, ?, ?, ?, ?, ?, ?, ?, ?, ?)
make question 1576
Hibernate: insert into question (answer, choice1, choice2, choice3, choice4, choice5, content, correct, create_date, filepath, modify_date, score, subject, teacher_id, time, view) values (?, ?, ?, ?, ?, ?, ?, ?, ?, ?, ?, ?, ?, ?, ?, ?)
make question 1577
Hibernate: insert into question (answer, choice1, choice2, choice3, choice4, choice5, content, correct, create_date, filepath, modify_date, score, subject, teacher_id, time, view) values (?, ?, ?, ?, ?, ?, ?, ?, ?, ?, ?, ?, ?, ?, ?, ?)
make question 1578
Hibernate: insert into question (answer, choice1, choice2, choice3, choice4, choice5, content, correct, create_date, filepath, modify_date, score, subject, teacher_id, time, view) values (?, ?, ?, ?, ?, ?, ?, ?, ?, ?, ?, ?, ?, ?, ?, ?)
make question 1579
Hibernate: insert into question (answer, choice1, choice2, choice3, choice4, choice5, content, correct, create_date, filepath, modify_date, score, subject, teacher_id, time, view) values (?, ?, ?, ?, ?, ?, ?, ?, ?, ?, ?, ?, ?, ?, ?, ?)
make question 1580
Hibernate: insert into question (answer, choice1, choice2, choice3, choice4, choice5, content, correct, create_date, filepath, modify_date, score, subject, teacher_id, time, view) values (?, ?, ?, ?, ?, ?, ?, ?, ?, ?, ?, ?, ?, ?, ?, ?)
make question 1581
Hibernate: insert into question (answer, choice1, choice2, choice3, choice4, choice5, content, correct, create_date, filepath, modify_date, score, subject, teacher_id, time, view) values (?, ?, ?, ?, ?, ?, ?, ?, ?, ?, ?, ?, ?, ?, ?, ?)
make question 1582
Hibernate: insert into question (answer, choice1, choice2, choice3, choice4, choice5, content, correct, create_date, filepath, modify_date, score, subject, teacher_id, time, view) values (?, ?, ?, ?, ?, ?, ?, ?, ?, ?, ?, ?, ?, ?, ?, ?)
make question 1583
Hibernate: insert into question (answer, choice1, choice2, choice3, choice4, choice5, content, correct, create_date, filepath, modify_date, score, subject, teacher_id, time, view) values (?, ?, ?, ?, ?, ?, ?, ?, ?, ?, ?, ?, ?, ?, ?, ?)
make question 1584
Hibernate: insert into question (answer, choice1, choice2, choice3, choice4, choice5, content, correct, create_date, filepath, modify_date, score, subject, teacher_id, time, view) values (?, ?, ?, ?, ?, ?, ?, ?, ?, ?, ?, ?, ?, ?, ?, ?)
make question 1585
Hibernate: insert into question (answer, choice1, choice2, choice3, choice4, choice5, content, correct, create_date, filepath, modify_date, score, subject, teacher_id, time, view) values (?, ?, ?, ?, ?, ?, ?, ?, ?, ?, ?, ?, ?, ?, ?, ?)
make question 1586
Hibernate: insert into question (answer, choice1, choice2, choice3, choice4, choice5, content, correct, create_date, filepath, modify_date, score, subject, teacher_id, time, view) values (?, ?, ?, ?, ?, ?, ?, ?, ?, ?, ?, ?, ?, ?, ?, ?)
make question 1587
Hibernate: insert into question (answer, choice1, choice2, choice3, choice4, choice5, content, correct, create_date, filepath, modify_date, score, subject, teacher_id, time, view) values (?, ?, ?, ?, ?, ?, ?, ?, ?, ?, ?, ?, ?, ?, ?, ?)
make question 1588
Hibernate: insert into question (answer, choice1, choice2, choice3, choice4, choice5, content, correct, create_date, filepath, modify_date, score, subject, teacher_id, time, view) values (?, ?, ?, ?, ?, ?, ?, ?, ?, ?, ?, ?, ?, ?, ?, ?)
make question 1589
Hibernate: insert into question (answer, choice1, choice2, choice3, choice4, choice5, content, correct, create_date, filepath, modify_date, score, subject, teacher_id, time, view) values (?, ?, ?, ?, ?, ?, ?, ?, ?, ?, ?, ?, ?, ?, ?, ?)
make question 1590
Hibernate: insert into question (answer, choice1, choice2, choice3, choice4, choice5, content, correct, create_date, filepath, modify_date, score, subject, teacher_id, time, view) values (?, ?, ?, ?, ?, ?, ?, ?, ?, ?, ?, ?, ?, ?, ?, ?)
make question 1591
Hibernate: insert into question (answer, choice1, choice2, choice3, choice4, choice5, content, correct, create_date, filepath, modify_date, score, subject, teacher_id, time, view) values (?, ?, ?, ?, ?, ?, ?, ?, ?, ?, ?, ?, ?, ?, ?, ?)
make question 1592
Hibernate: insert into question (answer, choice1, choice2, choice3, choice4, choice5, content, correct, create_date, filepath, modify_date, score, subject, teacher_id, time, view) values (?, ?, ?, ?, ?, ?, ?, ?, ?, ?, ?, ?, ?, ?, ?, ?)
make question 1593
Hibernate: insert into question (answer, choice1, choice2, choice3, choice4, choice5, content, correct, create_date, filepath, modify_date, score, subject, teacher_id, time, view) values (?, ?, ?, ?, ?, ?, ?, ?, ?, ?, ?, ?, ?, ?, ?, ?)
make question 1594
Hibernate: insert into question (answer, choice1, choice2, choice3, choice4, choice5, content, correct, create_date, filepath, modify_date, score, subject, teacher_id, time, view) values (?, ?, ?, ?, ?, ?, ?, ?, ?, ?, ?, ?, ?, ?, ?, ?)
make question 1595
Hibernate: insert into question (answer, choice1, choice2, choice3, choice4, choice5, content, correct, create_date, filepath, modify_date, score, subject, teacher_id, time, view) values (?, ?, ?, ?, ?, ?, ?, ?, ?, ?, ?, ?, ?, ?, ?, ?)
make question 1596
Hibernate: insert into question (answer, choice1, choice2, choice3, choice4, choice5, content, correct, create_date, filepath, modify_date, score, subject, teacher_id, time, view) values (?, ?, ?, ?, ?, ?, ?, ?, ?, ?, ?, ?, ?, ?, ?, ?)
make question 1597
Hibernate: insert into question (answer, choice1, choice2, choice3, choice4, choice5, content, correct, create_date, filepath, modify_date, score, subject, teacher_id, time, view) values (?, ?, ?, ?, ?, ?, ?, ?, ?, ?, ?, ?, ?, ?, ?, ?)
make question 1598
Hibernate: insert into question (answer, choice1, choice2, choice3, choice4, choice5, content, correct, create_date, filepath, modify_date, score, subject, teacher_id, time, view) values (?, ?, ?, ?, ?, ?, ?, ?, ?, ?, ?, ?, ?, ?, ?, ?)
make question 1599
Hibernate: insert into question (answer, choice1, choice2, choice3, choice4, choice5, content, correct, create_date, filepath, modify_date, score, subject, teacher_id, time, view) values (?, ?, ?, ?, ?, ?, ?, ?, ?, ?, ?, ?, ?, ?, ?, ?)
make question 1600
Hibernate: insert into question (answer, choice1, choice2, choice3, choice4, choice5, content, correct, create_date, filepath, modify_date, score, subject, teacher_id, time, view) values (?, ?, ?, ?, ?, ?, ?, ?, ?, ?, ?, ?, ?, ?, ?, ?)
make question 1601
Hibernate: insert into question (answer, choice1, choice2, choice3, choice4, choice5, content, correct, create_date, filepath, modify_date, score, subject, teacher_id, time, view) values (?, ?, ?, ?, ?, ?, ?, ?, ?, ?, ?, ?, ?, ?, ?, ?)
make question 1602
Hibernate: insert into question (answer, choice1, choice2, choice3, choice4, choice5, content, correct, create_date, filepath, modify_date, score, subject, teacher_id, time, view) values (?, ?, ?, ?, ?, ?, ?, ?, ?, ?, ?, ?, ?, ?, ?, ?)
make question 1603
Hibernate: insert into question (answer, choice1, choice2, choice3, choice4, choice5, content, correct, create_date, filepath, modify_date, score, subject, teacher_id, time, view) values (?, ?, ?, ?, ?, ?, ?, ?, ?, ?, ?, ?, ?, ?, ?, ?)
make question 1604
Hibernate: insert into question (answer, choice1, choice2, choice3, choice4, choice5, content, correct, create_date, filepath, modify_date, score, subject, teacher_id, time, view) values (?, ?, ?, ?, ?, ?, ?, ?, ?, ?, ?, ?, ?, ?, ?, ?)
make question 1605
Hibernate: insert into question (answer, choice1, choice2, choice3, choice4, choice5, content, correct, create_date, filepath, modify_date, score, subject, teacher_id, time, view) values (?, ?, ?, ?, ?, ?, ?, ?, ?, ?, ?, ?, ?, ?, ?, ?)
make question 1606
Hibernate: insert into question (answer, choice1, choice2, choice3, choice4, choice5, content, correct, create_date, filepath, modify_date, score, subject, teacher_id, time, view) values (?, ?, ?, ?, ?, ?, ?, ?, ?, ?, ?, ?, ?, ?, ?, ?)
make question 1607
Hibernate: insert into question (answer, choice1, choice2, choice3, choice4, choice5, content, correct, create_date, filepath, modify_date, score, subject, teacher_id, time, view) values (?, ?, ?, ?, ?, ?, ?, ?, ?, ?, ?, ?, ?, ?, ?, ?)
make question 1608
Hibernate: insert into question (answer, choice1, choice2, choice3, choice4, choice5, content, correct, create_date, filepath, modify_date, score, subject, teacher_id, time, view) values (?, ?, ?, ?, ?, ?, ?, ?, ?, ?, ?, ?, ?, ?, ?, ?)
make question 1609
Hibernate: insert into question (answer, choice1, choice2, choice3, choice4, choice5, content, correct, create_date, filepath, modify_date, score, subject, teacher_id, time, view) values (?, ?, ?, ?, ?, ?, ?, ?, ?, ?, ?, ?, ?, ?, ?, ?)
make question 1610
Hibernate: insert into question (answer, choice1, choice2, choice3, choice4, choice5, content, correct, create_date, filepath, modify_date, score, subject, teacher_id, time, view) values (?, ?, ?, ?, ?, ?, ?, ?, ?, ?, ?, ?, ?, ?, ?, ?)
make question 1611
Hibernate: insert into question (answer, choice1, choice2, choice3, choice4, choice5, content, correct, create_date, filepath, modify_date, score, subject, teacher_id, time, view) values (?, ?, ?, ?, ?, ?, ?, ?, ?, ?, ?, ?, ?, ?, ?, ?)
make question 1612
Hibernate: insert into question (answer, choice1, choice2, choice3, choice4, choice5, content, correct, create_date, filepath, modify_date, score, subject, teacher_id, time, view) values (?, ?, ?, ?, ?, ?, ?, ?, ?, ?, ?, ?, ?, ?, ?, ?)
make question 1613
Hibernate: insert into question (answer, choice1, choice2, choice3, choice4, choice5, content, correct, create_date, filepath, modify_date, score, subject, teacher_id, time, view) values (?, ?, ?, ?, ?, ?, ?, ?, ?, ?, ?, ?, ?, ?, ?, ?)
make question 1614
Hibernate: insert into question (answer, choice1, choice2, choice3, choice4, choice5, content, correct, create_date, filepath, modify_date, score, subject, teacher_id, time, view) values (?, ?, ?, ?, ?, ?, ?, ?, ?, ?, ?, ?, ?, ?, ?, ?)
make question 1615
Hibernate: insert into question (answer, choice1, choice2, choice3, choice4, choice5, content, correct, create_date, filepath, modify_date, score, subject, teacher_id, time, view) values (?, ?, ?, ?, ?, ?, ?, ?, ?, ?, ?, ?, ?, ?, ?, ?)
make question 1616
Hibernate: insert into question (answer, choice1, choice2, choice3, choice4, choice5, content, correct, create_date, filepath, modify_date, score, subject, teacher_id, time, view) values (?, ?, ?, ?, ?, ?, ?, ?, ?, ?, ?, ?, ?, ?, ?, ?)
make question 1617
Hibernate: insert into question (answer, choice1, choice2, choice3, choice4, choice5, content, correct, create_date, filepath, modify_date, score, subject, teacher_id, time, view) values (?, ?, ?, ?, ?, ?, ?, ?, ?, ?, ?, ?, ?, ?, ?, ?)
make question 1618
Hibernate: insert into question (answer, choice1, choice2, choice3, choice4, choice5, content, correct, create_date, filepath, modify_date, score, subject, teacher_id, time, view) values (?, ?, ?, ?, ?, ?, ?, ?, ?, ?, ?, ?, ?, ?, ?, ?)
make question 1619
Hibernate: insert into question (answer, choice1, choice2, choice3, choice4, choice5, content, correct, create_date, filepath, modify_date, score, subject, teacher_id, time, view) values (?, ?, ?, ?, ?, ?, ?, ?, ?, ?, ?, ?, ?, ?, ?, ?)
make question 1620
Hibernate: insert into question (answer, choice1, choice2, choice3, choice4, choice5, content, correct, create_date, filepath, modify_date, score, subject, teacher_id, time, view) values (?, ?, ?, ?, ?, ?, ?, ?, ?, ?, ?, ?, ?, ?, ?, ?)
make question 1621
Hibernate: insert into question (answer, choice1, choice2, choice3, choice4, choice5, content, correct, create_date, filepath, modify_date, score, subject, teacher_id, time, view) values (?, ?, ?, ?, ?, ?, ?, ?, ?, ?, ?, ?, ?, ?, ?, ?)
make question 1622
Hibernate: insert into question (answer, choice1, choice2, choice3, choice4, choice5, content, correct, create_date, filepath, modify_date, score, subject, teacher_id, time, view) values (?, ?, ?, ?, ?, ?, ?, ?, ?, ?, ?, ?, ?, ?, ?, ?)
make question 1623
Hibernate: insert into question (answer, choice1, choice2, choice3, choice4, choice5, content, correct, create_date, filepath, modify_date, score, subject, teacher_id, time, view) values (?, ?, ?, ?, ?, ?, ?, ?, ?, ?, ?, ?, ?, ?, ?, ?)
make question 1624
Hibernate: insert into question (answer, choice1, choice2, choice3, choice4, choice5, content, correct, create_date, filepath, modify_date, score, subject, teacher_id, time, view) values (?, ?, ?, ?, ?, ?, ?, ?, ?, ?, ?, ?, ?, ?, ?, ?)
make question 1625
Hibernate: insert into question (answer, choice1, choice2, choice3, choice4, choice5, content, correct, create_date, filepath, modify_date, score, subject, teacher_id, time, view) values (?, ?, ?, ?, ?, ?, ?, ?, ?, ?, ?, ?, ?, ?, ?, ?)
make question 1626
Hibernate: insert into question (answer, choice1, choice2, choice3, choice4, choice5, content, correct, create_date, filepath, modify_date, score, subject, teacher_id, time, view) values (?, ?, ?, ?, ?, ?, ?, ?, ?, ?, ?, ?, ?, ?, ?, ?)
make question 1627
Hibernate: insert into question (answer, choice1, choice2, choice3, choice4, choice5, content, correct, create_date, filepath, modify_date, score, subject, teacher_id, time, view) values (?, ?, ?, ?, ?, ?, ?, ?, ?, ?, ?, ?, ?, ?, ?, ?)
make question 1628
Hibernate: insert into question (answer, choice1, choice2, choice3, choice4, choice5, content, correct, create_date, filepath, modify_date, score, subject, teacher_id, time, view) values (?, ?, ?, ?, ?, ?, ?, ?, ?, ?, ?, ?, ?, ?, ?, ?)
make question 1629
Hibernate: insert into question (answer, choice1, choice2, choice3, choice4, choice5, content, correct, create_date, filepath, modify_date, score, subject, teacher_id, time, view) values (?, ?, ?, ?, ?, ?, ?, ?, ?, ?, ?, ?, ?, ?, ?, ?)
make question 1630
Hibernate: insert into question (answer, choice1, choice2, choice3, choice4, choice5, content, correct, create_date, filepath, modify_date, score, subject, teacher_id, time, view) values (?, ?, ?, ?, ?, ?, ?, ?, ?, ?, ?, ?, ?, ?, ?, ?)
make question 1631
Hibernate: insert into question (answer, choice1, choice2, choice3, choice4, choice5, content, correct, create_date, filepath, modify_date, score, subject, teacher_id, time, view) values (?, ?, ?, ?, ?, ?, ?, ?, ?, ?, ?, ?, ?, ?, ?, ?)
make question 1632
Hibernate: insert into question (answer, choice1, choice2, choice3, choice4, choice5, content, correct, create_date, filepath, modify_date, score, subject, teacher_id, time, view) values (?, ?, ?, ?, ?, ?, ?, ?, ?, ?, ?, ?, ?, ?, ?, ?)
make question 1633
Hibernate: insert into question (answer, choice1, choice2, choice3, choice4, choice5, content, correct, create_date, filepath, modify_date, score, subject, teacher_id, time, view) values (?, ?, ?, ?, ?, ?, ?, ?, ?, ?, ?, ?, ?, ?, ?, ?)
make question 1634
Hibernate: insert into question (answer, choice1, choice2, choice3, choice4, choice5, content, correct, create_date, filepath, modify_date, score, subject, teacher_id, time, view) values (?, ?, ?, ?, ?, ?, ?, ?, ?, ?, ?, ?, ?, ?, ?, ?)
make question 1635
Hibernate: insert into question (answer, choice1, choice2, choice3, choice4, choice5, content, correct, create_date, filepath, modify_date, score, subject, teacher_id, time, view) values (?, ?, ?, ?, ?, ?, ?, ?, ?, ?, ?, ?, ?, ?, ?, ?)
make question 1636
Hibernate: insert into question (answer, choice1, choice2, choice3, choice4, choice5, content, correct, create_date, filepath, modify_date, score, subject, teacher_id, time, view) values (?, ?, ?, ?, ?, ?, ?, ?, ?, ?, ?, ?, ?, ?, ?, ?)
make question 1637
Hibernate: insert into question (answer, choice1, choice2, choice3, choice4, choice5, content, correct, create_date, filepath, modify_date, score, subject, teacher_id, time, view) values (?, ?, ?, ?, ?, ?, ?, ?, ?, ?, ?, ?, ?, ?, ?, ?)
make question 1638
Hibernate: insert into question (answer, choice1, choice2, choice3, choice4, choice5, content, correct, create_date, filepath, modify_date, score, subject, teacher_id, time, view) values (?, ?, ?, ?, ?, ?, ?, ?, ?, ?, ?, ?, ?, ?, ?, ?)
make question 1639
Hibernate: insert into question (answer, choice1, choice2, choice3, choice4, choice5, content, correct, create_date, filepath, modify_date, score, subject, teacher_id, time, view) values (?, ?, ?, ?, ?, ?, ?, ?, ?, ?, ?, ?, ?, ?, ?, ?)
make question 1640
Hibernate: insert into question (answer, choice1, choice2, choice3, choice4, choice5, content, correct, create_date, filepath, modify_date, score, subject, teacher_id, time, view) values (?, ?, ?, ?, ?, ?, ?, ?, ?, ?, ?, ?, ?, ?, ?, ?)
make question 1641
Hibernate: insert into question (answer, choice1, choice2, choice3, choice4, choice5, content, correct, create_date, filepath, modify_date, score, subject, teacher_id, time, view) values (?, ?, ?, ?, ?, ?, ?, ?, ?, ?, ?, ?, ?, ?, ?, ?)
make question 1642
Hibernate: insert into question (answer, choice1, choice2, choice3, choice4, choice5, content, correct, create_date, filepath, modify_date, score, subject, teacher_id, time, view) values (?, ?, ?, ?, ?, ?, ?, ?, ?, ?, ?, ?, ?, ?, ?, ?)
make question 1643
Hibernate: insert into question (answer, choice1, choice2, choice3, choice4, choice5, content, correct, create_date, filepath, modify_date, score, subject, teacher_id, time, view) values (?, ?, ?, ?, ?, ?, ?, ?, ?, ?, ?, ?, ?, ?, ?, ?)
make question 1644
Hibernate: insert into question (answer, choice1, choice2, choice3, choice4, choice5, content, correct, create_date, filepath, modify_date, score, subject, teacher_id, time, view) values (?, ?, ?, ?, ?, ?, ?, ?, ?, ?, ?, ?, ?, ?, ?, ?)
make question 1645
Hibernate: insert into question (answer, choice1, choice2, choice3, choice4, choice5, content, correct, create_date, filepath, modify_date, score, subject, teacher_id, time, view) values (?, ?, ?, ?, ?, ?, ?, ?, ?, ?, ?, ?, ?, ?, ?, ?)
make question 1646
Hibernate: insert into question (answer, choice1, choice2, choice3, choice4, choice5, content, correct, create_date, filepath, modify_date, score, subject, teacher_id, time, view) values (?, ?, ?, ?, ?, ?, ?, ?, ?, ?, ?, ?, ?, ?, ?, ?)
make question 1647
Hibernate: insert into question (answer, choice1, choice2, choice3, choice4, choice5, content, correct, create_date, filepath, modify_date, score, subject, teacher_id, time, view) values (?, ?, ?, ?, ?, ?, ?, ?, ?, ?, ?, ?, ?, ?, ?, ?)
make question 1648
Hibernate: insert into question (answer, choice1, choice2, choice3, choice4, choice5, content, correct, create_date, filepath, modify_date, score, subject, teacher_id, time, view) values (?, ?, ?, ?, ?, ?, ?, ?, ?, ?, ?, ?, ?, ?, ?, ?)
make question 1649
Hibernate: insert into question (answer, choice1, choice2, choice3, choice4, choice5, content, correct, create_date, filepath, modify_date, score, subject, teacher_id, time, view) values (?, ?, ?, ?, ?, ?, ?, ?, ?, ?, ?, ?, ?, ?, ?, ?)
make question 1650
Hibernate: insert into question (answer, choice1, choice2, choice3, choice4, choice5, content, correct, create_date, filepath, modify_date, score, subject, teacher_id, time, view) values (?, ?, ?, ?, ?, ?, ?, ?, ?, ?, ?, ?, ?, ?, ?, ?)
make question 1651
Hibernate: insert into question (answer, choice1, choice2, choice3, choice4, choice5, content, correct, create_date, filepath, modify_date, score, subject, teacher_id, time, view) values (?, ?, ?, ?, ?, ?, ?, ?, ?, ?, ?, ?, ?, ?, ?, ?)
make question 1652
Hibernate: insert into question (answer, choice1, choice2, choice3, choice4, choice5, content, correct, create_date, filepath, modify_date, score, subject, teacher_id, time, view) values (?, ?, ?, ?, ?, ?, ?, ?, ?, ?, ?, ?, ?, ?, ?, ?)
make question 1653
Hibernate: insert into question (answer, choice1, choice2, choice3, choice4, choice5, content, correct, create_date, filepath, modify_date, score, subject, teacher_id, time, view) values (?, ?, ?, ?, ?, ?, ?, ?, ?, ?, ?, ?, ?, ?, ?, ?)
make question 1654
Hibernate: insert into question (answer, choice1, choice2, choice3, choice4, choice5, content, correct, create_date, filepath, modify_date, score, subject, teacher_id, time, view) values (?, ?, ?, ?, ?, ?, ?, ?, ?, ?, ?, ?, ?, ?, ?, ?)
make question 1655
Hibernate: insert into question (answer, choice1, choice2, choice3, choice4, choice5, content, correct, create_date, filepath, modify_date, score, subject, teacher_id, time, view) values (?, ?, ?, ?, ?, ?, ?, ?, ?, ?, ?, ?, ?, ?, ?, ?)
make question 1656
Hibernate: insert into question (answer, choice1, choice2, choice3, choice4, choice5, content, correct, create_date, filepath, modify_date, score, subject, teacher_id, time, view) values (?, ?, ?, ?, ?, ?, ?, ?, ?, ?, ?, ?, ?, ?, ?, ?)
make question 1657
Hibernate: insert into question (answer, choice1, choice2, choice3, choice4, choice5, content, correct, create_date, filepath, modify_date, score, subject, teacher_id, time, view) values (?, ?, ?, ?, ?, ?, ?, ?, ?, ?, ?, ?, ?, ?, ?, ?)
make question 1658
Hibernate: insert into question (answer, choice1, choice2, choice3, choice4, choice5, content, correct, create_date, filepath, modify_date, score, subject, teacher_id, time, view) values (?, ?, ?, ?, ?, ?, ?, ?, ?, ?, ?, ?, ?, ?, ?, ?)
make question 1659
Hibernate: insert into question (answer, choice1, choice2, choice3, choice4, choice5, content, correct, create_date, filepath, modify_date, score, subject, teacher_id, time, view) values (?, ?, ?, ?, ?, ?, ?, ?, ?, ?, ?, ?, ?, ?, ?, ?)
make question 1660
Hibernate: insert into question (answer, choice1, choice2, choice3, choice4, choice5, content, correct, create_date, filepath, modify_date, score, subject, teacher_id, time, view) values (?, ?, ?, ?, ?, ?, ?, ?, ?, ?, ?, ?, ?, ?, ?, ?)
make question 1661
Hibernate: insert into question (answer, choice1, choice2, choice3, choice4, choice5, content, correct, create_date, filepath, modify_date, score, subject, teacher_id, time, view) values (?, ?, ?, ?, ?, ?, ?, ?, ?, ?, ?, ?, ?, ?, ?, ?)
make question 1662
Hibernate: insert into question (answer, choice1, choice2, choice3, choice4, choice5, content, correct, create_date, filepath, modify_date, score, subject, teacher_id, time, view) values (?, ?, ?, ?, ?, ?, ?, ?, ?, ?, ?, ?, ?, ?, ?, ?)
make question 1663
Hibernate: insert into question (answer, choice1, choice2, choice3, choice4, choice5, content, correct, create_date, filepath, modify_date, score, subject, teacher_id, time, view) values (?, ?, ?, ?, ?, ?, ?, ?, ?, ?, ?, ?, ?, ?, ?, ?)
make question 1664
Hibernate: insert into question (answer, choice1, choice2, choice3, choice4, choice5, content, correct, create_date, filepath, modify_date, score, subject, teacher_id, time, view) values (?, ?, ?, ?, ?, ?, ?, ?, ?, ?, ?, ?, ?, ?, ?, ?)
make question 1665
Hibernate: insert into question (answer, choice1, choice2, choice3, choice4, choice5, content, correct, create_date, filepath, modify_date, score, subject, teacher_id, time, view) values (?, ?, ?, ?, ?, ?, ?, ?, ?, ?, ?, ?, ?, ?, ?, ?)
make question 1666
Hibernate: insert into question (answer, choice1, choice2, choice3, choice4, choice5, content, correct, create_date, filepath, modify_date, score, subject, teacher_id, time, view) values (?, ?, ?, ?, ?, ?, ?, ?, ?, ?, ?, ?, ?, ?, ?, ?)
make question 1667
Hibernate: insert into question (answer, choice1, choice2, choice3, choice4, choice5, content, correct, create_date, filepath, modify_date, score, subject, teacher_id, time, view) values (?, ?, ?, ?, ?, ?, ?, ?, ?, ?, ?, ?, ?, ?, ?, ?)
make question 1668
Hibernate: insert into question (answer, choice1, choice2, choice3, choice4, choice5, content, correct, create_date, filepath, modify_date, score, subject, teacher_id, time, view) values (?, ?, ?, ?, ?, ?, ?, ?, ?, ?, ?, ?, ?, ?, ?, ?)
make question 1669
Hibernate: insert into question (answer, choice1, choice2, choice3, choice4, choice5, content, correct, create_date, filepath, modify_date, score, subject, teacher_id, time, view) values (?, ?, ?, ?, ?, ?, ?, ?, ?, ?, ?, ?, ?, ?, ?, ?)
make question 1670
Hibernate: insert into question (answer, choice1, choice2, choice3, choice4, choice5, content, correct, create_date, filepath, modify_date, score, subject, teacher_id, time, view) values (?, ?, ?, ?, ?, ?, ?, ?, ?, ?, ?, ?, ?, ?, ?, ?)
make question 1671
Hibernate: insert into question (answer, choice1, choice2, choice3, choice4, choice5, content, correct, create_date, filepath, modify_date, score, subject, teacher_id, time, view) values (?, ?, ?, ?, ?, ?, ?, ?, ?, ?, ?, ?, ?, ?, ?, ?)
make question 1672
Hibernate: insert into question (answer, choice1, choice2, choice3, choice4, choice5, content, correct, create_date, filepath, modify_date, score, subject, teacher_id, time, view) values (?, ?, ?, ?, ?, ?, ?, ?, ?, ?, ?, ?, ?, ?, ?, ?)
make question 1673
Hibernate: insert into question (answer, choice1, choice2, choice3, choice4, choice5, content, correct, create_date, filepath, modify_date, score, subject, teacher_id, time, view) values (?, ?, ?, ?, ?, ?, ?, ?, ?, ?, ?, ?, ?, ?, ?, ?)
make question 1674
Hibernate: insert into question (answer, choice1, choice2, choice3, choice4, choice5, content, correct, create_date, filepath, modify_date, score, subject, teacher_id, time, view) values (?, ?, ?, ?, ?, ?, ?, ?, ?, ?, ?, ?, ?, ?, ?, ?)
make question 1675
Hibernate: insert into question (answer, choice1, choice2, choice3, choice4, choice5, content, correct, create_date, filepath, modify_date, score, subject, teacher_id, time, view) values (?, ?, ?, ?, ?, ?, ?, ?, ?, ?, ?, ?, ?, ?, ?, ?)
make question 1676
Hibernate: insert into question (answer, choice1, choice2, choice3, choice4, choice5, content, correct, create_date, filepath, modify_date, score, subject, teacher_id, time, view) values (?, ?, ?, ?, ?, ?, ?, ?, ?, ?, ?, ?, ?, ?, ?, ?)
make question 1677
Hibernate: insert into question (answer, choice1, choice2, choice3, choice4, choice5, content, correct, create_date, filepath, modify_date, score, subject, teacher_id, time, view) values (?, ?, ?, ?, ?, ?, ?, ?, ?, ?, ?, ?, ?, ?, ?, ?)
make question 1678
Hibernate: insert into question (answer, choice1, choice2, choice3, choice4, choice5, content, correct, create_date, filepath, modify_date, score, subject, teacher_id, time, view) values (?, ?, ?, ?, ?, ?, ?, ?, ?, ?, ?, ?, ?, ?, ?, ?)
make question 1679
Hibernate: insert into question (answer, choice1, choice2, choice3, choice4, choice5, content, correct, create_date, filepath, modify_date, score, subject, teacher_id, time, view) values (?, ?, ?, ?, ?, ?, ?, ?, ?, ?, ?, ?, ?, ?, ?, ?)
make question 1680
Hibernate: insert into question (answer, choice1, choice2, choice3, choice4, choice5, content, correct, create_date, filepath, modify_date, score, subject, teacher_id, time, view) values (?, ?, ?, ?, ?, ?, ?, ?, ?, ?, ?, ?, ?, ?, ?, ?)
make question 1681
Hibernate: insert into question (answer, choice1, choice2, choice3, choice4, choice5, content, correct, create_date, filepath, modify_date, score, subject, teacher_id, time, view) values (?, ?, ?, ?, ?, ?, ?, ?, ?, ?, ?, ?, ?, ?, ?, ?)
make question 1682
Hibernate: insert into question (answer, choice1, choice2, choice3, choice4, choice5, content, correct, create_date, filepath, modify_date, score, subject, teacher_id, time, view) values (?, ?, ?, ?, ?, ?, ?, ?, ?, ?, ?, ?, ?, ?, ?, ?)
make question 1683
Hibernate: insert into question (answer, choice1, choice2, choice3, choice4, choice5, content, correct, create_date, filepath, modify_date, score, subject, teacher_id, time, view) values (?, ?, ?, ?, ?, ?, ?, ?, ?, ?, ?, ?, ?, ?, ?, ?)
make question 1684
Hibernate: insert into question (answer, choice1, choice2, choice3, choice4, choice5, content, correct, create_date, filepath, modify_date, score, subject, teacher_id, time, view) values (?, ?, ?, ?, ?, ?, ?, ?, ?, ?, ?, ?, ?, ?, ?, ?)
make question 1685
Hibernate: insert into question (answer, choice1, choice2, choice3, choice4, choice5, content, correct, create_date, filepath, modify_date, score, subject, teacher_id, time, view) values (?, ?, ?, ?, ?, ?, ?, ?, ?, ?, ?, ?, ?, ?, ?, ?)
make question 1686
Hibernate: insert into question (answer, choice1, choice2, choice3, choice4, choice5, content, correct, create_date, filepath, modify_date, score, subject, teacher_id, time, view) values (?, ?, ?, ?, ?, ?, ?, ?, ?, ?, ?, ?, ?, ?, ?, ?)
make question 1687
Hibernate: insert into question (answer, choice1, choice2, choice3, choice4, choice5, content, correct, create_date, filepath, modify_date, score, subject, teacher_id, time, view) values (?, ?, ?, ?, ?, ?, ?, ?, ?, ?, ?, ?, ?, ?, ?, ?)
make question 1688
Hibernate: insert into question (answer, choice1, choice2, choice3, choice4, choice5, content, correct, create_date, filepath, modify_date, score, subject, teacher_id, time, view) values (?, ?, ?, ?, ?, ?, ?, ?, ?, ?, ?, ?, ?, ?, ?, ?)
make question 1689
Hibernate: insert into question (answer, choice1, choice2, choice3, choice4, choice5, content, correct, create_date, filepath, modify_date, score, subject, teacher_id, time, view) values (?, ?, ?, ?, ?, ?, ?, ?, ?, ?, ?, ?, ?, ?, ?, ?)
make question 1690
Hibernate: insert into question (answer, choice1, choice2, choice3, choice4, choice5, content, correct, create_date, filepath, modify_date, score, subject, teacher_id, time, view) values (?, ?, ?, ?, ?, ?, ?, ?, ?, ?, ?, ?, ?, ?, ?, ?)
make question 1691
Hibernate: insert into question (answer, choice1, choice2, choice3, choice4, choice5, content, correct, create_date, filepath, modify_date, score, subject, teacher_id, time, view) values (?, ?, ?, ?, ?, ?, ?, ?, ?, ?, ?, ?, ?, ?, ?, ?)
make question 1692
Hibernate: insert into question (answer, choice1, choice2, choice3, choice4, choice5, content, correct, create_date, filepath, modify_date, score, subject, teacher_id, time, view) values (?, ?, ?, ?, ?, ?, ?, ?, ?, ?, ?, ?, ?, ?, ?, ?)
make question 1693
Hibernate: insert into question (answer, choice1, choice2, choice3, choice4, choice5, content, correct, create_date, filepath, modify_date, score, subject, teacher_id, time, view) values (?, ?, ?, ?, ?, ?, ?, ?, ?, ?, ?, ?, ?, ?, ?, ?)
make question 1694
Hibernate: insert into question (answer, choice1, choice2, choice3, choice4, choice5, content, correct, create_date, filepath, modify_date, score, subject, teacher_id, time, view) values (?, ?, ?, ?, ?, ?, ?, ?, ?, ?, ?, ?, ?, ?, ?, ?)
make question 1695
Hibernate: insert into question (answer, choice1, choice2, choice3, choice4, choice5, content, correct, create_date, filepath, modify_date, score, subject, teacher_id, time, view) values (?, ?, ?, ?, ?, ?, ?, ?, ?, ?, ?, ?, ?, ?, ?, ?)
make question 1696
Hibernate: insert into question (answer, choice1, choice2, choice3, choice4, choice5, content, correct, create_date, filepath, modify_date, score, subject, teacher_id, time, view) values (?, ?, ?, ?, ?, ?, ?, ?, ?, ?, ?, ?, ?, ?, ?, ?)
make question 1697
Hibernate: insert into question (answer, choice1, choice2, choice3, choice4, choice5, content, correct, create_date, filepath, modify_date, score, subject, teacher_id, time, view) values (?, ?, ?, ?, ?, ?, ?, ?, ?, ?, ?, ?, ?, ?, ?, ?)
make question 1698
Hibernate: insert into question (answer, choice1, choice2, choice3, choice4, choice5, content, correct, create_date, filepath, modify_date, score, subject, teacher_id, time, view) values (?, ?, ?, ?, ?, ?, ?, ?, ?, ?, ?, ?, ?, ?, ?, ?)
make question 1699
Hibernate: insert into question (answer, choice1, choice2, choice3, choice4, choice5, content, correct, create_date, filepath, modify_date, score, subject, teacher_id, time, view) values (?, ?, ?, ?, ?, ?, ?, ?, ?, ?, ?, ?, ?, ?, ?, ?)
make question 1700
Hibernate: insert into question (answer, choice1, choice2, choice3, choice4, choice5, content, correct, create_date, filepath, modify_date, score, subject, teacher_id, time, view) values (?, ?, ?, ?, ?, ?, ?, ?, ?, ?, ?, ?, ?, ?, ?, ?)
make question 1701
Hibernate: insert into question (answer, choice1, choice2, choice3, choice4, choice5, content, correct, create_date, filepath, modify_date, score, subject, teacher_id, time, view) values (?, ?, ?, ?, ?, ?, ?, ?, ?, ?, ?, ?, ?, ?, ?, ?)
make question 1702
Hibernate: insert into question (answer, choice1, choice2, choice3, choice4, choice5, content, correct, create_date, filepath, modify_date, score, subject, teacher_id, time, view) values (?, ?, ?, ?, ?, ?, ?, ?, ?, ?, ?, ?, ?, ?, ?, ?)
make question 1703
Hibernate: insert into question (answer, choice1, choice2, choice3, choice4, choice5, content, correct, create_date, filepath, modify_date, score, subject, teacher_id, time, view) values (?, ?, ?, ?, ?, ?, ?, ?, ?, ?, ?, ?, ?, ?, ?, ?)
make question 1704
Hibernate: insert into question (answer, choice1, choice2, choice3, choice4, choice5, content, correct, create_date, filepath, modify_date, score, subject, teacher_id, time, view) values (?, ?, ?, ?, ?, ?, ?, ?, ?, ?, ?, ?, ?, ?, ?, ?)
make question 1705
Hibernate: insert into question (answer, choice1, choice2, choice3, choice4, choice5, content, correct, create_date, filepath, modify_date, score, subject, teacher_id, time, view) values (?, ?, ?, ?, ?, ?, ?, ?, ?, ?, ?, ?, ?, ?, ?, ?)
make question 1706
Hibernate: insert into question (answer, choice1, choice2, choice3, choice4, choice5, content, correct, create_date, filepath, modify_date, score, subject, teacher_id, time, view) values (?, ?, ?, ?, ?, ?, ?, ?, ?, ?, ?, ?, ?, ?, ?, ?)
make question 1707
Hibernate: insert into question (answer, choice1, choice2, choice3, choice4, choice5, content, correct, create_date, filepath, modify_date, score, subject, teacher_id, time, view) values (?, ?, ?, ?, ?, ?, ?, ?, ?, ?, ?, ?, ?, ?, ?, ?)
make question 1708
Hibernate: insert into question (answer, choice1, choice2, choice3, choice4, choice5, content, correct, create_date, filepath, modify_date, score, subject, teacher_id, time, view) values (?, ?, ?, ?, ?, ?, ?, ?, ?, ?, ?, ?, ?, ?, ?, ?)
make question 1709
Hibernate: insert into question (answer, choice1, choice2, choice3, choice4, choice5, content, correct, create_date, filepath, modify_date, score, subject, teacher_id, time, view) values (?, ?, ?, ?, ?, ?, ?, ?, ?, ?, ?, ?, ?, ?, ?, ?)
make question 1710
Hibernate: insert into question (answer, choice1, choice2, choice3, choice4, choice5, content, correct, create_date, filepath, modify_date, score, subject, teacher_id, time, view) values (?, ?, ?, ?, ?, ?, ?, ?, ?, ?, ?, ?, ?, ?, ?, ?)
make question 1711
Hibernate: insert into question (answer, choice1, choice2, choice3, choice4, choice5, content, correct, create_date, filepath, modify_date, score, subject, teacher_id, time, view) values (?, ?, ?, ?, ?, ?, ?, ?, ?, ?, ?, ?, ?, ?, ?, ?)
make question 1712
Hibernate: insert into question (answer, choice1, choice2, choice3, choice4, choice5, content, correct, create_date, filepath, modify_date, score, subject, teacher_id, time, view) values (?, ?, ?, ?, ?, ?, ?, ?, ?, ?, ?, ?, ?, ?, ?, ?)
make question 1713
Hibernate: insert into question (answer, choice1, choice2, choice3, choice4, choice5, content, correct, create_date, filepath, modify_date, score, subject, teacher_id, time, view) values (?, ?, ?, ?, ?, ?, ?, ?, ?, ?, ?, ?, ?, ?, ?, ?)
make question 1714
Hibernate: insert into question (answer, choice1, choice2, choice3, choice4, choice5, content, correct, create_date, filepath, modify_date, score, subject, teacher_id, time, view) values (?, ?, ?, ?, ?, ?, ?, ?, ?, ?, ?, ?, ?, ?, ?, ?)
make question 1715
Hibernate: insert into question (answer, choice1, choice2, choice3, choice4, choice5, content, correct, create_date, filepath, modify_date, score, subject, teacher_id, time, view) values (?, ?, ?, ?, ?, ?, ?, ?, ?, ?, ?, ?, ?, ?, ?, ?)
make question 1716
Hibernate: insert into question (answer, choice1, choice2, choice3, choice4, choice5, content, correct, create_date, filepath, modify_date, score, subject, teacher_id, time, view) values (?, ?, ?, ?, ?, ?, ?, ?, ?, ?, ?, ?, ?, ?, ?, ?)
make question 1717
Hibernate: insert into question (answer, choice1, choice2, choice3, choice4, choice5, content, correct, create_date, filepath, modify_date, score, subject, teacher_id, time, view) values (?, ?, ?, ?, ?, ?, ?, ?, ?, ?, ?, ?, ?, ?, ?, ?)
make question 1718
Hibernate: insert into question (answer, choice1, choice2, choice3, choice4, choice5, content, correct, create_date, filepath, modify_date, score, subject, teacher_id, time, view) values (?, ?, ?, ?, ?, ?, ?, ?, ?, ?, ?, ?, ?, ?, ?, ?)
make question 1719
Hibernate: insert into question (answer, choice1, choice2, choice3, choice4, choice5, content, correct, create_date, filepath, modify_date, score, subject, teacher_id, time, view) values (?, ?, ?, ?, ?, ?, ?, ?, ?, ?, ?, ?, ?, ?, ?, ?)
make question 1720
Hibernate: insert into question (answer, choice1, choice2, choice3, choice4, choice5, content, correct, create_date, filepath, modify_date, score, subject, teacher_id, time, view) values (?, ?, ?, ?, ?, ?, ?, ?, ?, ?, ?, ?, ?, ?, ?, ?)
make question 1721
Hibernate: insert into question (answer, choice1, choice2, choice3, choice4, choice5, content, correct, create_date, filepath, modify_date, score, subject, teacher_id, time, view) values (?, ?, ?, ?, ?, ?, ?, ?, ?, ?, ?, ?, ?, ?, ?, ?)
make question 1722
Hibernate: insert into question (answer, choice1, choice2, choice3, choice4, choice5, content, correct, create_date, filepath, modify_date, score, subject, teacher_id, time, view) values (?, ?, ?, ?, ?, ?, ?, ?, ?, ?, ?, ?, ?, ?, ?, ?)
make question 1723
Hibernate: insert into question (answer, choice1, choice2, choice3, choice4, choice5, content, correct, create_date, filepath, modify_date, score, subject, teacher_id, time, view) values (?, ?, ?, ?, ?, ?, ?, ?, ?, ?, ?, ?, ?, ?, ?, ?)
make question 1724
Hibernate: insert into question (answer, choice1, choice2, choice3, choice4, choice5, content, correct, create_date, filepath, modify_date, score, subject, teacher_id, time, view) values (?, ?, ?, ?, ?, ?, ?, ?, ?, ?, ?, ?, ?, ?, ?, ?)
make question 1725
Hibernate: insert into question (answer, choice1, choice2, choice3, choice4, choice5, content, correct, create_date, filepath, modify_date, score, subject, teacher_id, time, view) values (?, ?, ?, ?, ?, ?, ?, ?, ?, ?, ?, ?, ?, ?, ?, ?)
make question 1726
Hibernate: insert into question (answer, choice1, choice2, choice3, choice4, choice5, content, correct, create_date, filepath, modify_date, score, subject, teacher_id, time, view) values (?, ?, ?, ?, ?, ?, ?, ?, ?, ?, ?, ?, ?, ?, ?, ?)
make question 1727
Hibernate: insert into question (answer, choice1, choice2, choice3, choice4, choice5, content, correct, create_date, filepath, modify_date, score, subject, teacher_id, time, view) values (?, ?, ?, ?, ?, ?, ?, ?, ?, ?, ?, ?, ?, ?, ?, ?)
make question 1728
Hibernate: insert into question (answer, choice1, choice2, choice3, choice4, choice5, content, correct, create_date, filepath, modify_date, score, subject, teacher_id, time, view) values (?, ?, ?, ?, ?, ?, ?, ?, ?, ?, ?, ?, ?, ?, ?, ?)
make question 1729
Hibernate: insert into question (answer, choice1, choice2, choice3, choice4, choice5, content, correct, create_date, filepath, modify_date, score, subject, teacher_id, time, view) values (?, ?, ?, ?, ?, ?, ?, ?, ?, ?, ?, ?, ?, ?, ?, ?)
make question 1730
Hibernate: insert into question (answer, choice1, choice2, choice3, choice4, choice5, content, correct, create_date, filepath, modify_date, score, subject, teacher_id, time, view) values (?, ?, ?, ?, ?, ?, ?, ?, ?, ?, ?, ?, ?, ?, ?, ?)
make question 1731
Hibernate: insert into question (answer, choice1, choice2, choice3, choice4, choice5, content, correct, create_date, filepath, modify_date, score, subject, teacher_id, time, view) values (?, ?, ?, ?, ?, ?, ?, ?, ?, ?, ?, ?, ?, ?, ?, ?)
make question 1732
Hibernate: insert into question (answer, choice1, choice2, choice3, choice4, choice5, content, correct, create_date, filepath, modify_date, score, subject, teacher_id, time, view) values (?, ?, ?, ?, ?, ?, ?, ?, ?, ?, ?, ?, ?, ?, ?, ?)
make question 1733
Hibernate: insert into question (answer, choice1, choice2, choice3, choice4, choice5, content, correct, create_date, filepath, modify_date, score, subject, teacher_id, time, view) values (?, ?, ?, ?, ?, ?, ?, ?, ?, ?, ?, ?, ?, ?, ?, ?)
make question 1734
Hibernate: insert into question (answer, choice1, choice2, choice3, choice4, choice5, content, correct, create_date, filepath, modify_date, score, subject, teacher_id, time, view) values (?, ?, ?, ?, ?, ?, ?, ?, ?, ?, ?, ?, ?, ?, ?, ?)
make question 1735
Hibernate: insert into question (answer, choice1, choice2, choice3, choice4, choice5, content, correct, create_date, filepath, modify_date, score, subject, teacher_id, time, view) values (?, ?, ?, ?, ?, ?, ?, ?, ?, ?, ?, ?, ?, ?, ?, ?)
make question 1736
Hibernate: insert into question (answer, choice1, choice2, choice3, choice4, choice5, content, correct, create_date, filepath, modify_date, score, subject, teacher_id, time, view) values (?, ?, ?, ?, ?, ?, ?, ?, ?, ?, ?, ?, ?, ?, ?, ?)
make question 1737
Hibernate: insert into question (answer, choice1, choice2, choice3, choice4, choice5, content, correct, create_date, filepath, modify_date, score, subject, teacher_id, time, view) values (?, ?, ?, ?, ?, ?, ?, ?, ?, ?, ?, ?, ?, ?, ?, ?)
make question 1738
Hibernate: insert into question (answer, choice1, choice2, choice3, choice4, choice5, content, correct, create_date, filepath, modify_date, score, subject, teacher_id, time, view) values (?, ?, ?, ?, ?, ?, ?, ?, ?, ?, ?, ?, ?, ?, ?, ?)
make question 1739
Hibernate: insert into question (answer, choice1, choice2, choice3, choice4, choice5, content, correct, create_date, filepath, modify_date, score, subject, teacher_id, time, view) values (?, ?, ?, ?, ?, ?, ?, ?, ?, ?, ?, ?, ?, ?, ?, ?)
make question 1740
Hibernate: insert into question (answer, choice1, choice2, choice3, choice4, choice5, content, correct, create_date, filepath, modify_date, score, subject, teacher_id, time, view) values (?, ?, ?, ?, ?, ?, ?, ?, ?, ?, ?, ?, ?, ?, ?, ?)
make question 1741
Hibernate: insert into question (answer, choice1, choice2, choice3, choice4, choice5, content, correct, create_date, filepath, modify_date, score, subject, teacher_id, time, view) values (?, ?, ?, ?, ?, ?, ?, ?, ?, ?, ?, ?, ?, ?, ?, ?)
make question 1742
Hibernate: insert into question (answer, choice1, choice2, choice3, choice4, choice5, content, correct, create_date, filepath, modify_date, score, subject, teacher_id, time, view) values (?, ?, ?, ?, ?, ?, ?, ?, ?, ?, ?, ?, ?, ?, ?, ?)
make question 1743
Hibernate: insert into question (answer, choice1, choice2, choice3, choice4, choice5, content, correct, create_date, filepath, modify_date, score, subject, teacher_id, time, view) values (?, ?, ?, ?, ?, ?, ?, ?, ?, ?, ?, ?, ?, ?, ?, ?)
make question 1744
Hibernate: insert into question (answer, choice1, choice2, choice3, choice4, choice5, content, correct, create_date, filepath, modify_date, score, subject, teacher_id, time, view) values (?, ?, ?, ?, ?, ?, ?, ?, ?, ?, ?, ?, ?, ?, ?, ?)
make question 1745
Hibernate: insert into question (answer, choice1, choice2, choice3, choice4, choice5, content, correct, create_date, filepath, modify_date, score, subject, teacher_id, time, view) values (?, ?, ?, ?, ?, ?, ?, ?, ?, ?, ?, ?, ?, ?, ?, ?)
make question 1746
Hibernate: insert into question (answer, choice1, choice2, choice3, choice4, choice5, content, correct, create_date, filepath, modify_date, score, subject, teacher_id, time, view) values (?, ?, ?, ?, ?, ?, ?, ?, ?, ?, ?, ?, ?, ?, ?, ?)
make question 1747
Hibernate: insert into question (answer, choice1, choice2, choice3, choice4, choice5, content, correct, create_date, filepath, modify_date, score, subject, teacher_id, time, view) values (?, ?, ?, ?, ?, ?, ?, ?, ?, ?, ?, ?, ?, ?, ?, ?)
make question 1748
Hibernate: insert into question (answer, choice1, choice2, choice3, choice4, choice5, content, correct, create_date, filepath, modify_date, score, subject, teacher_id, time, view) values (?, ?, ?, ?, ?, ?, ?, ?, ?, ?, ?, ?, ?, ?, ?, ?)
make question 1749
Hibernate: insert into question (answer, choice1, choice2, choice3, choice4, choice5, content, correct, create_date, filepath, modify_date, score, subject, teacher_id, time, view) values (?, ?, ?, ?, ?, ?, ?, ?, ?, ?, ?, ?, ?, ?, ?, ?)
make question 1750
Hibernate: insert into question (answer, choice1, choice2, choice3, choice4, choice5, content, correct, create_date, filepath, modify_date, score, subject, teacher_id, time, view) values (?, ?, ?, ?, ?, ?, ?, ?, ?, ?, ?, ?, ?, ?, ?, ?)
make question 1751
Hibernate: insert into question (answer, choice1, choice2, choice3, choice4, choice5, content, correct, create_date, filepath, modify_date, score, subject, teacher_id, time, view) values (?, ?, ?, ?, ?, ?, ?, ?, ?, ?, ?, ?, ?, ?, ?, ?)
make question 1752
Hibernate: insert into question (answer, choice1, choice2, choice3, choice4, choice5, content, correct, create_date, filepath, modify_date, score, subject, teacher_id, time, view) values (?, ?, ?, ?, ?, ?, ?, ?, ?, ?, ?, ?, ?, ?, ?, ?)
make question 1753
Hibernate: insert into question (answer, choice1, choice2, choice3, choice4, choice5, content, correct, create_date, filepath, modify_date, score, subject, teacher_id, time, view) values (?, ?, ?, ?, ?, ?, ?, ?, ?, ?, ?, ?, ?, ?, ?, ?)
make question 1754
Hibernate: insert into question (answer, choice1, choice2, choice3, choice4, choice5, content, correct, create_date, filepath, modify_date, score, subject, teacher_id, time, view) values (?, ?, ?, ?, ?, ?, ?, ?, ?, ?, ?, ?, ?, ?, ?, ?)
make question 1755
Hibernate: insert into question (answer, choice1, choice2, choice3, choice4, choice5, content, correct, create_date, filepath, modify_date, score, subject, teacher_id, time, view) values (?, ?, ?, ?, ?, ?, ?, ?, ?, ?, ?, ?, ?, ?, ?, ?)
make question 1756
Hibernate: insert into question (answer, choice1, choice2, choice3, choice4, choice5, content, correct, create_date, filepath, modify_date, score, subject, teacher_id, time, view) values (?, ?, ?, ?, ?, ?, ?, ?, ?, ?, ?, ?, ?, ?, ?, ?)
make question 1757
Hibernate: insert into question (answer, choice1, choice2, choice3, choice4, choice5, content, correct, create_date, filepath, modify_date, score, subject, teacher_id, time, view) values (?, ?, ?, ?, ?, ?, ?, ?, ?, ?, ?, ?, ?, ?, ?, ?)
make question 1758
Hibernate: insert into question (answer, choice1, choice2, choice3, choice4, choice5, content, correct, create_date, filepath, modify_date, score, subject, teacher_id, time, view) values (?, ?, ?, ?, ?, ?, ?, ?, ?, ?, ?, ?, ?, ?, ?, ?)
make question 1759
Hibernate: insert into question (answer, choice1, choice2, choice3, choice4, choice5, content, correct, create_date, filepath, modify_date, score, subject, teacher_id, time, view) values (?, ?, ?, ?, ?, ?, ?, ?, ?, ?, ?, ?, ?, ?, ?, ?)
make question 1760
Hibernate: insert into question (answer, choice1, choice2, choice3, choice4, choice5, content, correct, create_date, filepath, modify_date, score, subject, teacher_id, time, view) values (?, ?, ?, ?, ?, ?, ?, ?, ?, ?, ?, ?, ?, ?, ?, ?)
make question 1761
Hibernate: insert into question (answer, choice1, choice2, choice3, choice4, choice5, content, correct, create_date, filepath, modify_date, score, subject, teacher_id, time, view) values (?, ?, ?, ?, ?, ?, ?, ?, ?, ?, ?, ?, ?, ?, ?, ?)
make question 1762
Hibernate: insert into question (answer, choice1, choice2, choice3, choice4, choice5, content, correct, create_date, filepath, modify_date, score, subject, teacher_id, time, view) values (?, ?, ?, ?, ?, ?, ?, ?, ?, ?, ?, ?, ?, ?, ?, ?)
make question 1763
Hibernate: insert into question (answer, choice1, choice2, choice3, choice4, choice5, content, correct, create_date, filepath, modify_date, score, subject, teacher_id, time, view) values (?, ?, ?, ?, ?, ?, ?, ?, ?, ?, ?, ?, ?, ?, ?, ?)
make question 1764
Hibernate: insert into question (answer, choice1, choice2, choice3, choice4, choice5, content, correct, create_date, filepath, modify_date, score, subject, teacher_id, time, view) values (?, ?, ?, ?, ?, ?, ?, ?, ?, ?, ?, ?, ?, ?, ?, ?)
make question 1765
Hibernate: insert into question (answer, choice1, choice2, choice3, choice4, choice5, content, correct, create_date, filepath, modify_date, score, subject, teacher_id, time, view) values (?, ?, ?, ?, ?, ?, ?, ?, ?, ?, ?, ?, ?, ?, ?, ?)
make question 1766
Hibernate: insert into question (answer, choice1, choice2, choice3, choice4, choice5, content, correct, create_date, filepath, modify_date, score, subject, teacher_id, time, view) values (?, ?, ?, ?, ?, ?, ?, ?, ?, ?, ?, ?, ?, ?, ?, ?)
make question 1767
Hibernate: insert into question (answer, choice1, choice2, choice3, choice4, choice5, content, correct, create_date, filepath, modify_date, score, subject, teacher_id, time, view) values (?, ?, ?, ?, ?, ?, ?, ?, ?, ?, ?, ?, ?, ?, ?, ?)
make question 1768
Hibernate: insert into question (answer, choice1, choice2, choice3, choice4, choice5, content, correct, create_date, filepath, modify_date, score, subject, teacher_id, time, view) values (?, ?, ?, ?, ?, ?, ?, ?, ?, ?, ?, ?, ?, ?, ?, ?)
make question 1769
Hibernate: insert into question (answer, choice1, choice2, choice3, choice4, choice5, content, correct, create_date, filepath, modify_date, score, subject, teacher_id, time, view) values (?, ?, ?, ?, ?, ?, ?, ?, ?, ?, ?, ?, ?, ?, ?, ?)
make question 1770
Hibernate: insert into question (answer, choice1, choice2, choice3, choice4, choice5, content, correct, create_date, filepath, modify_date, score, subject, teacher_id, time, view) values (?, ?, ?, ?, ?, ?, ?, ?, ?, ?, ?, ?, ?, ?, ?, ?)
make question 1771
Hibernate: insert into question (answer, choice1, choice2, choice3, choice4, choice5, content, correct, create_date, filepath, modify_date, score, subject, teacher_id, time, view) values (?, ?, ?, ?, ?, ?, ?, ?, ?, ?, ?, ?, ?, ?, ?, ?)
make question 1772
Hibernate: insert into question (answer, choice1, choice2, choice3, choice4, choice5, content, correct, create_date, filepath, modify_date, score, subject, teacher_id, time, view) values (?, ?, ?, ?, ?, ?, ?, ?, ?, ?, ?, ?, ?, ?, ?, ?)
make question 1773
Hibernate: insert into question (answer, choice1, choice2, choice3, choice4, choice5, content, correct, create_date, filepath, modify_date, score, subject, teacher_id, time, view) values (?, ?, ?, ?, ?, ?, ?, ?, ?, ?, ?, ?, ?, ?, ?, ?)
make question 1774
Hibernate: insert into question (answer, choice1, choice2, choice3, choice4, choice5, content, correct, create_date, filepath, modify_date, score, subject, teacher_id, time, view) values (?, ?, ?, ?, ?, ?, ?, ?, ?, ?, ?, ?, ?, ?, ?, ?)
make question 1775
Hibernate: insert into question (answer, choice1, choice2, choice3, choice4, choice5, content, correct, create_date, filepath, modify_date, score, subject, teacher_id, time, view) values (?, ?, ?, ?, ?, ?, ?, ?, ?, ?, ?, ?, ?, ?, ?, ?)
make question 1776
Hibernate: insert into question (answer, choice1, choice2, choice3, choice4, choice5, content, correct, create_date, filepath, modify_date, score, subject, teacher_id, time, view) values (?, ?, ?, ?, ?, ?, ?, ?, ?, ?, ?, ?, ?, ?, ?, ?)
make question 1777
Hibernate: insert into question (answer, choice1, choice2, choice3, choice4, choice5, content, correct, create_date, filepath, modify_date, score, subject, teacher_id, time, view) values (?, ?, ?, ?, ?, ?, ?, ?, ?, ?, ?, ?, ?, ?, ?, ?)
make question 1778
Hibernate: insert into question (answer, choice1, choice2, choice3, choice4, choice5, content, correct, create_date, filepath, modify_date, score, subject, teacher_id, time, view) values (?, ?, ?, ?, ?, ?, ?, ?, ?, ?, ?, ?, ?, ?, ?, ?)
make question 1779
Hibernate: insert into question (answer, choice1, choice2, choice3, choice4, choice5, content, correct, create_date, filepath, modify_date, score, subject, teacher_id, time, view) values (?, ?, ?, ?, ?, ?, ?, ?, ?, ?, ?, ?, ?, ?, ?, ?)
make question 1780
Hibernate: insert into question (answer, choice1, choice2, choice3, choice4, choice5, content, correct, create_date, filepath, modify_date, score, subject, teacher_id, time, view) values (?, ?, ?, ?, ?, ?, ?, ?, ?, ?, ?, ?, ?, ?, ?, ?)
make question 1781
Hibernate: insert into question (answer, choice1, choice2, choice3, choice4, choice5, content, correct, create_date, filepath, modify_date, score, subject, teacher_id, time, view) values (?, ?, ?, ?, ?, ?, ?, ?, ?, ?, ?, ?, ?, ?, ?, ?)
make question 1782
Hibernate: insert into question (answer, choice1, choice2, choice3, choice4, choice5, content, correct, create_date, filepath, modify_date, score, subject, teacher_id, time, view) values (?, ?, ?, ?, ?, ?, ?, ?, ?, ?, ?, ?, ?, ?, ?, ?)
make question 1783
Hibernate: insert into question (answer, choice1, choice2, choice3, choice4, choice5, content, correct, create_date, filepath, modify_date, score, subject, teacher_id, time, view) values (?, ?, ?, ?, ?, ?, ?, ?, ?, ?, ?, ?, ?, ?, ?, ?)
make question 1784
Hibernate: insert into question (answer, choice1, choice2, choice3, choice4, choice5, content, correct, create_date, filepath, modify_date, score, subject, teacher_id, time, view) values (?, ?, ?, ?, ?, ?, ?, ?, ?, ?, ?, ?, ?, ?, ?, ?)
make question 1785
Hibernate: insert into question (answer, choice1, choice2, choice3, choice4, choice5, content, correct, create_date, filepath, modify_date, score, subject, teacher_id, time, view) values (?, ?, ?, ?, ?, ?, ?, ?, ?, ?, ?, ?, ?, ?, ?, ?)
make question 1786
Hibernate: insert into question (answer, choice1, choice2, choice3, choice4, choice5, content, correct, create_date, filepath, modify_date, score, subject, teacher_id, time, view) values (?, ?, ?, ?, ?, ?, ?, ?, ?, ?, ?, ?, ?, ?, ?, ?)
make question 1787
Hibernate: insert into question (answer, choice1, choice2, choice3, choice4, choice5, content, correct, create_date, filepath, modify_date, score, subject, teacher_id, time, view) values (?, ?, ?, ?, ?, ?, ?, ?, ?, ?, ?, ?, ?, ?, ?, ?)
make question 1788
Hibernate: insert into question (answer, choice1, choice2, choice3, choice4, choice5, content, correct, create_date, filepath, modify_date, score, subject, teacher_id, time, view) values (?, ?, ?, ?, ?, ?, ?, ?, ?, ?, ?, ?, ?, ?, ?, ?)
make question 1789
Hibernate: insert into question (answer, choice1, choice2, choice3, choice4, choice5, content, correct, create_date, filepath, modify_date, score, subject, teacher_id, time, view) values (?, ?, ?, ?, ?, ?, ?, ?, ?, ?, ?, ?, ?, ?, ?, ?)
make question 1790
Hibernate: insert into question (answer, choice1, choice2, choice3, choice4, choice5, content, correct, create_date, filepath, modify_date, score, subject, teacher_id, time, view) values (?, ?, ?, ?, ?, ?, ?, ?, ?, ?, ?, ?, ?, ?, ?, ?)
make question 1791
Hibernate: insert into question (answer, choice1, choice2, choice3, choice4, choice5, content, correct, create_date, filepath, modify_date, score, subject, teacher_id, time, view) values (?, ?, ?, ?, ?, ?, ?, ?, ?, ?, ?, ?, ?, ?, ?, ?)
make question 1792
Hibernate: insert into question (answer, choice1, choice2, choice3, choice4, choice5, content, correct, create_date, filepath, modify_date, score, subject, teacher_id, time, view) values (?, ?, ?, ?, ?, ?, ?, ?, ?, ?, ?, ?, ?, ?, ?, ?)
make question 1793
Hibernate: insert into question (answer, choice1, choice2, choice3, choice4, choice5, content, correct, create_date, filepath, modify_date, score, subject, teacher_id, time, view) values (?, ?, ?, ?, ?, ?, ?, ?, ?, ?, ?, ?, ?, ?, ?, ?)
make question 1794
Hibernate: insert into question (answer, choice1, choice2, choice3, choice4, choice5, content, correct, create_date, filepath, modify_date, score, subject, teacher_id, time, view) values (?, ?, ?, ?, ?, ?, ?, ?, ?, ?, ?, ?, ?, ?, ?, ?)
make question 1795
Hibernate: insert into question (answer, choice1, choice2, choice3, choice4, choice5, content, correct, create_date, filepath, modify_date, score, subject, teacher_id, time, view) values (?, ?, ?, ?, ?, ?, ?, ?, ?, ?, ?, ?, ?, ?, ?, ?)
make question 1796
Hibernate: insert into question (answer, choice1, choice2, choice3, choice4, choice5, content, correct, create_date, filepath, modify_date, score, subject, teacher_id, time, view) values (?, ?, ?, ?, ?, ?, ?, ?, ?, ?, ?, ?, ?, ?, ?, ?)
make question 1797
Hibernate: insert into question (answer, choice1, choice2, choice3, choice4, choice5, content, correct, create_date, filepath, modify_date, score, subject, teacher_id, time, view) values (?, ?, ?, ?, ?, ?, ?, ?, ?, ?, ?, ?, ?, ?, ?, ?)
make question 1798
Hibernate: insert into question (answer, choice1, choice2, choice3, choice4, choice5, content, correct, create_date, filepath, modify_date, score, subject, teacher_id, time, view) values (?, ?, ?, ?, ?, ?, ?, ?, ?, ?, ?, ?, ?, ?, ?, ?)
make question 1799
Hibernate: insert into question (answer, choice1, choice2, choice3, choice4, choice5, content, correct, create_date, filepath, modify_date, score, subject, teacher_id, time, view) values (?, ?, ?, ?, ?, ?, ?, ?, ?, ?, ?, ?, ?, ?, ?, ?)
make question 1800
Hibernate: insert into question (answer, choice1, choice2, choice3, choice4, choice5, content, correct, create_date, filepath, modify_date, score, subject, teacher_id, time, view) values (?, ?, ?, ?, ?, ?, ?, ?, ?, ?, ?, ?, ?, ?, ?, ?)
make question 1801
Hibernate: insert into question (answer, choice1, choice2, choice3, choice4, choice5, content, correct, create_date, filepath, modify_date, score, subject, teacher_id, time, view) values (?, ?, ?, ?, ?, ?, ?, ?, ?, ?, ?, ?, ?, ?, ?, ?)
make question 1802
Hibernate: insert into question (answer, choice1, choice2, choice3, choice4, choice5, content, correct, create_date, filepath, modify_date, score, subject, teacher_id, time, view) values (?, ?, ?, ?, ?, ?, ?, ?, ?, ?, ?, ?, ?, ?, ?, ?)
make question 1803
Hibernate: insert into question (answer, choice1, choice2, choice3, choice4, choice5, content, correct, create_date, filepath, modify_date, score, subject, teacher_id, time, view) values (?, ?, ?, ?, ?, ?, ?, ?, ?, ?, ?, ?, ?, ?, ?, ?)
make question 1804
Hibernate: insert into question (answer, choice1, choice2, choice3, choice4, choice5, content, correct, create_date, filepath, modify_date, score, subject, teacher_id, time, view) values (?, ?, ?, ?, ?, ?, ?, ?, ?, ?, ?, ?, ?, ?, ?, ?)
make question 1805
Hibernate: insert into question (answer, choice1, choice2, choice3, choice4, choice5, content, correct, create_date, filepath, modify_date, score, subject, teacher_id, time, view) values (?, ?, ?, ?, ?, ?, ?, ?, ?, ?, ?, ?, ?, ?, ?, ?)
make question 1806
Hibernate: insert into question (answer, choice1, choice2, choice3, choice4, choice5, content, correct, create_date, filepath, modify_date, score, subject, teacher_id, time, view) values (?, ?, ?, ?, ?, ?, ?, ?, ?, ?, ?, ?, ?, ?, ?, ?)
make question 1807
Hibernate: insert into question (answer, choice1, choice2, choice3, choice4, choice5, content, correct, create_date, filepath, modify_date, score, subject, teacher_id, time, view) values (?, ?, ?, ?, ?, ?, ?, ?, ?, ?, ?, ?, ?, ?, ?, ?)
make question 1808
Hibernate: insert into question (answer, choice1, choice2, choice3, choice4, choice5, content, correct, create_date, filepath, modify_date, score, subject, teacher_id, time, view) values (?, ?, ?, ?, ?, ?, ?, ?, ?, ?, ?, ?, ?, ?, ?, ?)
make question 1809
Hibernate: insert into question (answer, choice1, choice2, choice3, choice4, choice5, content, correct, create_date, filepath, modify_date, score, subject, teacher_id, time, view) values (?, ?, ?, ?, ?, ?, ?, ?, ?, ?, ?, ?, ?, ?, ?, ?)
make question 1810
Hibernate: insert into question (answer, choice1, choice2, choice3, choice4, choice5, content, correct, create_date, filepath, modify_date, score, subject, teacher_id, time, view) values (?, ?, ?, ?, ?, ?, ?, ?, ?, ?, ?, ?, ?, ?, ?, ?)
make question 1811
Hibernate: insert into question (answer, choice1, choice2, choice3, choice4, choice5, content, correct, create_date, filepath, modify_date, score, subject, teacher_id, time, view) values (?, ?, ?, ?, ?, ?, ?, ?, ?, ?, ?, ?, ?, ?, ?, ?)
make question 1812
Hibernate: insert into question (answer, choice1, choice2, choice3, choice4, choice5, content, correct, create_date, filepath, modify_date, score, subject, teacher_id, time, view) values (?, ?, ?, ?, ?, ?, ?, ?, ?, ?, ?, ?, ?, ?, ?, ?)
make question 1813
Hibernate: insert into question (answer, choice1, choice2, choice3, choice4, choice5, content, correct, create_date, filepath, modify_date, score, subject, teacher_id, time, view) values (?, ?, ?, ?, ?, ?, ?, ?, ?, ?, ?, ?, ?, ?, ?, ?)
make question 1814
Hibernate: insert into question (answer, choice1, choice2, choice3, choice4, choice5, content, correct, create_date, filepath, modify_date, score, subject, teacher_id, time, view) values (?, ?, ?, ?, ?, ?, ?, ?, ?, ?, ?, ?, ?, ?, ?, ?)
make question 1815
Hibernate: insert into question (answer, choice1, choice2, choice3, choice4, choice5, content, correct, create_date, filepath, modify_date, score, subject, teacher_id, time, view) values (?, ?, ?, ?, ?, ?, ?, ?, ?, ?, ?, ?, ?, ?, ?, ?)
make question 1816
Hibernate: insert into question (answer, choice1, choice2, choice3, choice4, choice5, content, correct, create_date, filepath, modify_date, score, subject, teacher_id, time, view) values (?, ?, ?, ?, ?, ?, ?, ?, ?, ?, ?, ?, ?, ?, ?, ?)
make question 1817
Hibernate: insert into question (answer, choice1, choice2, choice3, choice4, choice5, content, correct, create_date, filepath, modify_date, score, subject, teacher_id, time, view) values (?, ?, ?, ?, ?, ?, ?, ?, ?, ?, ?, ?, ?, ?, ?, ?)
make question 1818
Hibernate: insert into question (answer, choice1, choice2, choice3, choice4, choice5, content, correct, create_date, filepath, modify_date, score, subject, teacher_id, time, view) values (?, ?, ?, ?, ?, ?, ?, ?, ?, ?, ?, ?, ?, ?, ?, ?)
make question 1819
Hibernate: insert into question (answer, choice1, choice2, choice3, choice4, choice5, content, correct, create_date, filepath, modify_date, score, subject, teacher_id, time, view) values (?, ?, ?, ?, ?, ?, ?, ?, ?, ?, ?, ?, ?, ?, ?, ?)
make question 1820
Hibernate: insert into question (answer, choice1, choice2, choice3, choice4, choice5, content, correct, create_date, filepath, modify_date, score, subject, teacher_id, time, view) values (?, ?, ?, ?, ?, ?, ?, ?, ?, ?, ?, ?, ?, ?, ?, ?)
make question 1821
Hibernate: insert into question (answer, choice1, choice2, choice3, choice4, choice5, content, correct, create_date, filepath, modify_date, score, subject, teacher_id, time, view) values (?, ?, ?, ?, ?, ?, ?, ?, ?, ?, ?, ?, ?, ?, ?, ?)
make question 1822
Hibernate: insert into question (answer, choice1, choice2, choice3, choice4, choice5, content, correct, create_date, filepath, modify_date, score, subject, teacher_id, time, view) values (?, ?, ?, ?, ?, ?, ?, ?, ?, ?, ?, ?, ?, ?, ?, ?)
make question 1823
Hibernate: insert into question (answer, choice1, choice2, choice3, choice4, choice5, content, correct, create_date, filepath, modify_date, score, subject, teacher_id, time, view) values (?, ?, ?, ?, ?, ?, ?, ?, ?, ?, ?, ?, ?, ?, ?, ?)
make question 1824
Hibernate: insert into question (answer, choice1, choice2, choice3, choice4, choice5, content, correct, create_date, filepath, modify_date, score, subject, teacher_id, time, view) values (?, ?, ?, ?, ?, ?, ?, ?, ?, ?, ?, ?, ?, ?, ?, ?)
make question 1825
Hibernate: insert into question (answer, choice1, choice2, choice3, choice4, choice5, content, correct, create_date, filepath, modify_date, score, subject, teacher_id, time, view) values (?, ?, ?, ?, ?, ?, ?, ?, ?, ?, ?, ?, ?, ?, ?, ?)
make question 1826
Hibernate: insert into question (answer, choice1, choice2, choice3, choice4, choice5, content, correct, create_date, filepath, modify_date, score, subject, teacher_id, time, view) values (?, ?, ?, ?, ?, ?, ?, ?, ?, ?, ?, ?, ?, ?, ?, ?)
make question 1827
Hibernate: insert into question (answer, choice1, choice2, choice3, choice4, choice5, content, correct, create_date, filepath, modify_date, score, subject, teacher_id, time, view) values (?, ?, ?, ?, ?, ?, ?, ?, ?, ?, ?, ?, ?, ?, ?, ?)
make question 1828
Hibernate: insert into question (answer, choice1, choice2, choice3, choice4, choice5, content, correct, create_date, filepath, modify_date, score, subject, teacher_id, time, view) values (?, ?, ?, ?, ?, ?, ?, ?, ?, ?, ?, ?, ?, ?, ?, ?)
make question 1829
Hibernate: insert into question (answer, choice1, choice2, choice3, choice4, choice5, content, correct, create_date, filepath, modify_date, score, subject, teacher_id, time, view) values (?, ?, ?, ?, ?, ?, ?, ?, ?, ?, ?, ?, ?, ?, ?, ?)
make question 1830
Hibernate: insert into question (answer, choice1, choice2, choice3, choice4, choice5, content, correct, create_date, filepath, modify_date, score, subject, teacher_id, time, view) values (?, ?, ?, ?, ?, ?, ?, ?, ?, ?, ?, ?, ?, ?, ?, ?)
make question 1831
Hibernate: insert into question (answer, choice1, choice2, choice3, choice4, choice5, content, correct, create_date, filepath, modify_date, score, subject, teacher_id, time, view) values (?, ?, ?, ?, ?, ?, ?, ?, ?, ?, ?, ?, ?, ?, ?, ?)
make question 1832
Hibernate: insert into question (answer, choice1, choice2, choice3, choice4, choice5, content, correct, create_date, filepath, modify_date, score, subject, teacher_id, time, view) values (?, ?, ?, ?, ?, ?, ?, ?, ?, ?, ?, ?, ?, ?, ?, ?)
make question 1833
Hibernate: insert into question (answer, choice1, choice2, choice3, choice4, choice5, content, correct, create_date, filepath, modify_date, score, subject, teacher_id, time, view) values (?, ?, ?, ?, ?, ?, ?, ?, ?, ?, ?, ?, ?, ?, ?, ?)
make question 1834
Hibernate: insert into question (answer, choice1, choice2, choice3, choice4, choice5, content, correct, create_date, filepath, modify_date, score, subject, teacher_id, time, view) values (?, ?, ?, ?, ?, ?, ?, ?, ?, ?, ?, ?, ?, ?, ?, ?)
make question 1835
Hibernate: insert into question (answer, choice1, choice2, choice3, choice4, choice5, content, correct, create_date, filepath, modify_date, score, subject, teacher_id, time, view) values (?, ?, ?, ?, ?, ?, ?, ?, ?, ?, ?, ?, ?, ?, ?, ?)
make question 1836
Hibernate: insert into question (answer, choice1, choice2, choice3, choice4, choice5, content, correct, create_date, filepath, modify_date, score, subject, teacher_id, time, view) values (?, ?, ?, ?, ?, ?, ?, ?, ?, ?, ?, ?, ?, ?, ?, ?)
make question 1837
Hibernate: insert into question (answer, choice1, choice2, choice3, choice4, choice5, content, correct, create_date, filepath, modify_date, score, subject, teacher_id, time, view) values (?, ?, ?, ?, ?, ?, ?, ?, ?, ?, ?, ?, ?, ?, ?, ?)
make question 1838
Hibernate: insert into question (answer, choice1, choice2, choice3, choice4, choice5, content, correct, create_date, filepath, modify_date, score, subject, teacher_id, time, view) values (?, ?, ?, ?, ?, ?, ?, ?, ?, ?, ?, ?, ?, ?, ?, ?)
make question 1839
Hibernate: insert into question (answer, choice1, choice2, choice3, choice4, choice5, content, correct, create_date, filepath, modify_date, score, subject, teacher_id, time, view) values (?, ?, ?, ?, ?, ?, ?, ?, ?, ?, ?, ?, ?, ?, ?, ?)
make question 1840
Hibernate: insert into question (answer, choice1, choice2, choice3, choice4, choice5, content, correct, create_date, filepath, modify_date, score, subject, teacher_id, time, view) values (?, ?, ?, ?, ?, ?, ?, ?, ?, ?, ?, ?, ?, ?, ?, ?)
make question 1841
Hibernate: insert into question (answer, choice1, choice2, choice3, choice4, choice5, content, correct, create_date, filepath, modify_date, score, subject, teacher_id, time, view) values (?, ?, ?, ?, ?, ?, ?, ?, ?, ?, ?, ?, ?, ?, ?, ?)
make question 1842
Hibernate: insert into question (answer, choice1, choice2, choice3, choice4, choice5, content, correct, create_date, filepath, modify_date, score, subject, teacher_id, time, view) values (?, ?, ?, ?, ?, ?, ?, ?, ?, ?, ?, ?, ?, ?, ?, ?)
make question 1843
Hibernate: insert into question (answer, choice1, choice2, choice3, choice4, choice5, content, correct, create_date, filepath, modify_date, score, subject, teacher_id, time, view) values (?, ?, ?, ?, ?, ?, ?, ?, ?, ?, ?, ?, ?, ?, ?, ?)
make question 1844
Hibernate: insert into question (answer, choice1, choice2, choice3, choice4, choice5, content, correct, create_date, filepath, modify_date, score, subject, teacher_id, time, view) values (?, ?, ?, ?, ?, ?, ?, ?, ?, ?, ?, ?, ?, ?, ?, ?)
make question 1845
Hibernate: insert into question (answer, choice1, choice2, choice3, choice4, choice5, content, correct, create_date, filepath, modify_date, score, subject, teacher_id, time, view) values (?, ?, ?, ?, ?, ?, ?, ?, ?, ?, ?, ?, ?, ?, ?, ?)
make question 1846
Hibernate: insert into question (answer, choice1, choice2, choice3, choice4, choice5, content, correct, create_date, filepath, modify_date, score, subject, teacher_id, time, view) values (?, ?, ?, ?, ?, ?, ?, ?, ?, ?, ?, ?, ?, ?, ?, ?)
make question 1847
Hibernate: insert into question (answer, choice1, choice2, choice3, choice4, choice5, content, correct, create_date, filepath, modify_date, score, subject, teacher_id, time, view) values (?, ?, ?, ?, ?, ?, ?, ?, ?, ?, ?, ?, ?, ?, ?, ?)
make question 1848
Hibernate: insert into question (answer, choice1, choice2, choice3, choice4, choice5, content, correct, create_date, filepath, modify_date, score, subject, teacher_id, time, view) values (?, ?, ?, ?, ?, ?, ?, ?, ?, ?, ?, ?, ?, ?, ?, ?)
make question 1849
Hibernate: insert into question (answer, choice1, choice2, choice3, choice4, choice5, content, correct, create_date, filepath, modify_date, score, subject, teacher_id, time, view) values (?, ?, ?, ?, ?, ?, ?, ?, ?, ?, ?, ?, ?, ?, ?, ?)
make question 1850
Hibernate: insert into question (answer, choice1, choice2, choice3, choice4, choice5, content, correct, create_date, filepath, modify_date, score, subject, teacher_id, time, view) values (?, ?, ?, ?, ?, ?, ?, ?, ?, ?, ?, ?, ?, ?, ?, ?)
make question 1851
Hibernate: insert into question (answer, choice1, choice2, choice3, choice4, choice5, content, correct, create_date, filepath, modify_date, score, subject, teacher_id, time, view) values (?, ?, ?, ?, ?, ?, ?, ?, ?, ?, ?, ?, ?, ?, ?, ?)
make question 1852
Hibernate: insert into question (answer, choice1, choice2, choice3, choice4, choice5, content, correct, create_date, filepath, modify_date, score, subject, teacher_id, time, view) values (?, ?, ?, ?, ?, ?, ?, ?, ?, ?, ?, ?, ?, ?, ?, ?)
make question 1853
Hibernate: insert into question (answer, choice1, choice2, choice3, choice4, choice5, content, correct, create_date, filepath, modify_date, score, subject, teacher_id, time, view) values (?, ?, ?, ?, ?, ?, ?, ?, ?, ?, ?, ?, ?, ?, ?, ?)
make question 1854
Hibernate: insert into question (answer, choice1, choice2, choice3, choice4, choice5, content, correct, create_date, filepath, modify_date, score, subject, teacher_id, time, view) values (?, ?, ?, ?, ?, ?, ?, ?, ?, ?, ?, ?, ?, ?, ?, ?)
make question 1855
Hibernate: insert into question (answer, choice1, choice2, choice3, choice4, choice5, content, correct, create_date, filepath, modify_date, score, subject, teacher_id, time, view) values (?, ?, ?, ?, ?, ?, ?, ?, ?, ?, ?, ?, ?, ?, ?, ?)
make question 1856
Hibernate: insert into question (answer, choice1, choice2, choice3, choice4, choice5, content, correct, create_date, filepath, modify_date, score, subject, teacher_id, time, view) values (?, ?, ?, ?, ?, ?, ?, ?, ?, ?, ?, ?, ?, ?, ?, ?)
make question 1857
Hibernate: insert into question (answer, choice1, choice2, choice3, choice4, choice5, content, correct, create_date, filepath, modify_date, score, subject, teacher_id, time, view) values (?, ?, ?, ?, ?, ?, ?, ?, ?, ?, ?, ?, ?, ?, ?, ?)
make question 1858
Hibernate: insert into question (answer, choice1, choice2, choice3, choice4, choice5, content, correct, create_date, filepath, modify_date, score, subject, teacher_id, time, view) values (?, ?, ?, ?, ?, ?, ?, ?, ?, ?, ?, ?, ?, ?, ?, ?)
make question 1859
Hibernate: insert into question (answer, choice1, choice2, choice3, choice4, choice5, content, correct, create_date, filepath, modify_date, score, subject, teacher_id, time, view) values (?, ?, ?, ?, ?, ?, ?, ?, ?, ?, ?, ?, ?, ?, ?, ?)
make question 1860
Hibernate: insert into question (answer, choice1, choice2, choice3, choice4, choice5, content, correct, create_date, filepath, modify_date, score, subject, teacher_id, time, view) values (?, ?, ?, ?, ?, ?, ?, ?, ?, ?, ?, ?, ?, ?, ?, ?)
make question 1861
Hibernate: insert into question (answer, choice1, choice2, choice3, choice4, choice5, content, correct, create_date, filepath, modify_date, score, subject, teacher_id, time, view) values (?, ?, ?, ?, ?, ?, ?, ?, ?, ?, ?, ?, ?, ?, ?, ?)
make question 1862
Hibernate: insert into question (answer, choice1, choice2, choice3, choice4, choice5, content, correct, create_date, filepath, modify_date, score, subject, teacher_id, time, view) values (?, ?, ?, ?, ?, ?, ?, ?, ?, ?, ?, ?, ?, ?, ?, ?)
make question 1863
Hibernate: insert into question (answer, choice1, choice2, choice3, choice4, choice5, content, correct, create_date, filepath, modify_date, score, subject, teacher_id, time, view) values (?, ?, ?, ?, ?, ?, ?, ?, ?, ?, ?, ?, ?, ?, ?, ?)
make question 1864
Hibernate: insert into question (answer, choice1, choice2, choice3, choice4, choice5, content, correct, create_date, filepath, modify_date, score, subject, teacher_id, time, view) values (?, ?, ?, ?, ?, ?, ?, ?, ?, ?, ?, ?, ?, ?, ?, ?)
make question 1865
Hibernate: insert into question (answer, choice1, choice2, choice3, choice4, choice5, content, correct, create_date, filepath, modify_date, score, subject, teacher_id, time, view) values (?, ?, ?, ?, ?, ?, ?, ?, ?, ?, ?, ?, ?, ?, ?, ?)
make question 1866
Hibernate: insert into question (answer, choice1, choice2, choice3, choice4, choice5, content, correct, create_date, filepath, modify_date, score, subject, teacher_id, time, view) values (?, ?, ?, ?, ?, ?, ?, ?, ?, ?, ?, ?, ?, ?, ?, ?)
make question 1867
Hibernate: insert into question (answer, choice1, choice2, choice3, choice4, choice5, content, correct, create_date, filepath, modify_date, score, subject, teacher_id, time, view) values (?, ?, ?, ?, ?, ?, ?, ?, ?, ?, ?, ?, ?, ?, ?, ?)
make question 1868
Hibernate: insert into question (answer, choice1, choice2, choice3, choice4, choice5, content, correct, create_date, filepath, modify_date, score, subject, teacher_id, time, view) values (?, ?, ?, ?, ?, ?, ?, ?, ?, ?, ?, ?, ?, ?, ?, ?)
make question 1869
Hibernate: insert into question (answer, choice1, choice2, choice3, choice4, choice5, content, correct, create_date, filepath, modify_date, score, subject, teacher_id, time, view) values (?, ?, ?, ?, ?, ?, ?, ?, ?, ?, ?, ?, ?, ?, ?, ?)
make question 1870
Hibernate: insert into question (answer, choice1, choice2, choice3, choice4, choice5, content, correct, create_date, filepath, modify_date, score, subject, teacher_id, time, view) values (?, ?, ?, ?, ?, ?, ?, ?, ?, ?, ?, ?, ?, ?, ?, ?)
make question 1871
Hibernate: insert into question (answer, choice1, choice2, choice3, choice4, choice5, content, correct, create_date, filepath, modify_date, score, subject, teacher_id, time, view) values (?, ?, ?, ?, ?, ?, ?, ?, ?, ?, ?, ?, ?, ?, ?, ?)
make question 1872
Hibernate: insert into question (answer, choice1, choice2, choice3, choice4, choice5, content, correct, create_date, filepath, modify_date, score, subject, teacher_id, time, view) values (?, ?, ?, ?, ?, ?, ?, ?, ?, ?, ?, ?, ?, ?, ?, ?)
make question 1873
Hibernate: insert into question (answer, choice1, choice2, choice3, choice4, choice5, content, correct, create_date, filepath, modify_date, score, subject, teacher_id, time, view) values (?, ?, ?, ?, ?, ?, ?, ?, ?, ?, ?, ?, ?, ?, ?, ?)
make question 1874
Hibernate: insert into question (answer, choice1, choice2, choice3, choice4, choice5, content, correct, create_date, filepath, modify_date, score, subject, teacher_id, time, view) values (?, ?, ?, ?, ?, ?, ?, ?, ?, ?, ?, ?, ?, ?, ?, ?)
make question 1875
Hibernate: insert into question (answer, choice1, choice2, choice3, choice4, choice5, content, correct, create_date, filepath, modify_date, score, subject, teacher_id, time, view) values (?, ?, ?, ?, ?, ?, ?, ?, ?, ?, ?, ?, ?, ?, ?, ?)
make question 1876
Hibernate: insert into question (answer, choice1, choice2, choice3, choice4, choice5, content, correct, create_date, filepath, modify_date, score, subject, teacher_id, time, view) values (?, ?, ?, ?, ?, ?, ?, ?, ?, ?, ?, ?, ?, ?, ?, ?)
make question 1877
Hibernate: insert into question (answer, choice1, choice2, choice3, choice4, choice5, content, correct, create_date, filepath, modify_date, score, subject, teacher_id, time, view) values (?, ?, ?, ?, ?, ?, ?, ?, ?, ?, ?, ?, ?, ?, ?, ?)
make question 1878
Hibernate: insert into question (answer, choice1, choice2, choice3, choice4, choice5, content, correct, create_date, filepath, modify_date, score, subject, teacher_id, time, view) values (?, ?, ?, ?, ?, ?, ?, ?, ?, ?, ?, ?, ?, ?, ?, ?)
make question 1879
Hibernate: insert into question (answer, choice1, choice2, choice3, choice4, choice5, content, correct, create_date, filepath, modify_date, score, subject, teacher_id, time, view) values (?, ?, ?, ?, ?, ?, ?, ?, ?, ?, ?, ?, ?, ?, ?, ?)
make question 1880
Hibernate: insert into question (answer, choice1, choice2, choice3, choice4, choice5, content, correct, create_date, filepath, modify_date, score, subject, teacher_id, time, view) values (?, ?, ?, ?, ?, ?, ?, ?, ?, ?, ?, ?, ?, ?, ?, ?)
make question 1881
Hibernate: insert into question (answer, choice1, choice2, choice3, choice4, choice5, content, correct, create_date, filepath, modify_date, score, subject, teacher_id, time, view) values (?, ?, ?, ?, ?, ?, ?, ?, ?, ?, ?, ?, ?, ?, ?, ?)
make question 1882
Hibernate: insert into question (answer, choice1, choice2, choice3, choice4, choice5, content, correct, create_date, filepath, modify_date, score, subject, teacher_id, time, view) values (?, ?, ?, ?, ?, ?, ?, ?, ?, ?, ?, ?, ?, ?, ?, ?)
make question 1883
Hibernate: insert into question (answer, choice1, choice2, choice3, choice4, choice5, content, correct, create_date, filepath, modify_date, score, subject, teacher_id, time, view) values (?, ?, ?, ?, ?, ?, ?, ?, ?, ?, ?, ?, ?, ?, ?, ?)
make question 1884
Hibernate: insert into question (answer, choice1, choice2, choice3, choice4, choice5, content, correct, create_date, filepath, modify_date, score, subject, teacher_id, time, view) values (?, ?, ?, ?, ?, ?, ?, ?, ?, ?, ?, ?, ?, ?, ?, ?)
make question 1885
Hibernate: insert into question (answer, choice1, choice2, choice3, choice4, choice5, content, correct, create_date, filepath, modify_date, score, subject, teacher_id, time, view) values (?, ?, ?, ?, ?, ?, ?, ?, ?, ?, ?, ?, ?, ?, ?, ?)
make question 1886
Hibernate: insert into question (answer, choice1, choice2, choice3, choice4, choice5, content, correct, create_date, filepath, modify_date, score, subject, teacher_id, time, view) values (?, ?, ?, ?, ?, ?, ?, ?, ?, ?, ?, ?, ?, ?, ?, ?)
make question 1887
Hibernate: insert into question (answer, choice1, choice2, choice3, choice4, choice5, content, correct, create_date, filepath, modify_date, score, subject, teacher_id, time, view) values (?, ?, ?, ?, ?, ?, ?, ?, ?, ?, ?, ?, ?, ?, ?, ?)
make question 1888
Hibernate: insert into question (answer, choice1, choice2, choice3, choice4, choice5, content, correct, create_date, filepath, modify_date, score, subject, teacher_id, time, view) values (?, ?, ?, ?, ?, ?, ?, ?, ?, ?, ?, ?, ?, ?, ?, ?)
make question 1889
Hibernate: insert into question (answer, choice1, choice2, choice3, choice4, choice5, content, correct, create_date, filepath, modify_date, score, subject, teacher_id, time, view) values (?, ?, ?, ?, ?, ?, ?, ?, ?, ?, ?, ?, ?, ?, ?, ?)
make question 1890
Hibernate: insert into question (answer, choice1, choice2, choice3, choice4, choice5, content, correct, create_date, filepath, modify_date, score, subject, teacher_id, time, view) values (?, ?, ?, ?, ?, ?, ?, ?, ?, ?, ?, ?, ?, ?, ?, ?)
make question 1891
Hibernate: insert into question (answer, choice1, choice2, choice3, choice4, choice5, content, correct, create_date, filepath, modify_date, score, subject, teacher_id, time, view) values (?, ?, ?, ?, ?, ?, ?, ?, ?, ?, ?, ?, ?, ?, ?, ?)
make question 1892
Hibernate: insert into question (answer, choice1, choice2, choice3, choice4, choice5, content, correct, create_date, filepath, modify_date, score, subject, teacher_id, time, view) values (?, ?, ?, ?, ?, ?, ?, ?, ?, ?, ?, ?, ?, ?, ?, ?)
make question 1893
Hibernate: insert into question (answer, choice1, choice2, choice3, choice4, choice5, content, correct, create_date, filepath, modify_date, score, subject, teacher_id, time, view) values (?, ?, ?, ?, ?, ?, ?, ?, ?, ?, ?, ?, ?, ?, ?, ?)
make question 1894
Hibernate: insert into question (answer, choice1, choice2, choice3, choice4, choice5, content, correct, create_date, filepath, modify_date, score, subject, teacher_id, time, view) values (?, ?, ?, ?, ?, ?, ?, ?, ?, ?, ?, ?, ?, ?, ?, ?)
make question 1895
Hibernate: insert into question (answer, choice1, choice2, choice3, choice4, choice5, content, correct, create_date, filepath, modify_date, score, subject, teacher_id, time, view) values (?, ?, ?, ?, ?, ?, ?, ?, ?, ?, ?, ?, ?, ?, ?, ?)
make question 1896
Hibernate: insert into question (answer, choice1, choice2, choice3, choice4, choice5, content, correct, create_date, filepath, modify_date, score, subject, teacher_id, time, view) values (?, ?, ?, ?, ?, ?, ?, ?, ?, ?, ?, ?, ?, ?, ?, ?)
make question 1897
Hibernate: insert into question (answer, choice1, choice2, choice3, choice4, choice5, content, correct, create_date, filepath, modify_date, score, subject, teacher_id, time, view) values (?, ?, ?, ?, ?, ?, ?, ?, ?, ?, ?, ?, ?, ?, ?, ?)
make question 1898
Hibernate: insert into question (answer, choice1, choice2, choice3, choice4, choice5, content, correct, create_date, filepath, modify_date, score, subject, teacher_id, time, view) values (?, ?, ?, ?, ?, ?, ?, ?, ?, ?, ?, ?, ?, ?, ?, ?)
make question 1899
Hibernate: insert into question (answer, choice1, choice2, choice3, choice4, choice5, content, correct, create_date, filepath, modify_date, score, subject, teacher_id, time, view) values (?, ?, ?, ?, ?, ?, ?, ?, ?, ?, ?, ?, ?, ?, ?, ?)
make question 1900
Hibernate: insert into question (answer, choice1, choice2, choice3, choice4, choice5, content, correct, create_date, filepath, modify_date, score, subject, teacher_id, time, view) values (?, ?, ?, ?, ?, ?, ?, ?, ?, ?, ?, ?, ?, ?, ?, ?)
make question 1901
Hibernate: insert into question (answer, choice1, choice2, choice3, choice4, choice5, content, correct, create_date, filepath, modify_date, score, subject, teacher_id, time, view) values (?, ?, ?, ?, ?, ?, ?, ?, ?, ?, ?, ?, ?, ?, ?, ?)
make question 1902
Hibernate: insert into question (answer, choice1, choice2, choice3, choice4, choice5, content, correct, create_date, filepath, modify_date, score, subject, teacher_id, time, view) values (?, ?, ?, ?, ?, ?, ?, ?, ?, ?, ?, ?, ?, ?, ?, ?)
make question 1903
Hibernate: insert into question (answer, choice1, choice2, choice3, choice4, choice5, content, correct, create_date, filepath, modify_date, score, subject, teacher_id, time, view) values (?, ?, ?, ?, ?, ?, ?, ?, ?, ?, ?, ?, ?, ?, ?, ?)
make question 1904
Hibernate: insert into question (answer, choice1, choice2, choice3, choice4, choice5, content, correct, create_date, filepath, modify_date, score, subject, teacher_id, time, view) values (?, ?, ?, ?, ?, ?, ?, ?, ?, ?, ?, ?, ?, ?, ?, ?)
make question 1905
Hibernate: insert into question (answer, choice1, choice2, choice3, choice4, choice5, content, correct, create_date, filepath, modify_date, score, subject, teacher_id, time, view) values (?, ?, ?, ?, ?, ?, ?, ?, ?, ?, ?, ?, ?, ?, ?, ?)
make question 1906
Hibernate: insert into question (answer, choice1, choice2, choice3, choice4, choice5, content, correct, create_date, filepath, modify_date, score, subject, teacher_id, time, view) values (?, ?, ?, ?, ?, ?, ?, ?, ?, ?, ?, ?, ?, ?, ?, ?)
make question 1907
Hibernate: insert into question (answer, choice1, choice2, choice3, choice4, choice5, content, correct, create_date, filepath, modify_date, score, subject, teacher_id, time, view) values (?, ?, ?, ?, ?, ?, ?, ?, ?, ?, ?, ?, ?, ?, ?, ?)
make question 1908
Hibernate: insert into question (answer, choice1, choice2, choice3, choice4, choice5, content, correct, create_date, filepath, modify_date, score, subject, teacher_id, time, view) values (?, ?, ?, ?, ?, ?, ?, ?, ?, ?, ?, ?, ?, ?, ?, ?)
make question 1909
Hibernate: insert into question (answer, choice1, choice2, choice3, choice4, choice5, content, correct, create_date, filepath, modify_date, score, subject, teacher_id, time, view) values (?, ?, ?, ?, ?, ?, ?, ?, ?, ?, ?, ?, ?, ?, ?, ?)
make question 1910
Hibernate: insert into question (answer, choice1, choice2, choice3, choice4, choice5, content, correct, create_date, filepath, modify_date, score, subject, teacher_id, time, view) values (?, ?, ?, ?, ?, ?, ?, ?, ?, ?, ?, ?, ?, ?, ?, ?)
make question 1911
Hibernate: insert into question (answer, choice1, choice2, choice3, choice4, choice5, content, correct, create_date, filepath, modify_date, score, subject, teacher_id, time, view) values (?, ?, ?, ?, ?, ?, ?, ?, ?, ?, ?, ?, ?, ?, ?, ?)
make question 1912
Hibernate: insert into question (answer, choice1, choice2, choice3, choice4, choice5, content, correct, create_date, filepath, modify_date, score, subject, teacher_id, time, view) values (?, ?, ?, ?, ?, ?, ?, ?, ?, ?, ?, ?, ?, ?, ?, ?)
make question 1913
Hibernate: insert into question (answer, choice1, choice2, choice3, choice4, choice5, content, correct, create_date, filepath, modify_date, score, subject, teacher_id, time, view) values (?, ?, ?, ?, ?, ?, ?, ?, ?, ?, ?, ?, ?, ?, ?, ?)
make question 1914
Hibernate: insert into question (answer, choice1, choice2, choice3, choice4, choice5, content, correct, create_date, filepath, modify_date, score, subject, teacher_id, time, view) values (?, ?, ?, ?, ?, ?, ?, ?, ?, ?, ?, ?, ?, ?, ?, ?)
make question 1915
Hibernate: insert into question (answer, choice1, choice2, choice3, choice4, choice5, content, correct, create_date, filepath, modify_date, score, subject, teacher_id, time, view) values (?, ?, ?, ?, ?, ?, ?, ?, ?, ?, ?, ?, ?, ?, ?, ?)
make question 1916
Hibernate: insert into question (answer, choice1, choice2, choice3, choice4, choice5, content, correct, create_date, filepath, modify_date, score, subject, teacher_id, time, view) values (?, ?, ?, ?, ?, ?, ?, ?, ?, ?, ?, ?, ?, ?, ?, ?)
make question 1917
Hibernate: insert into question (answer, choice1, choice2, choice3, choice4, choice5, content, correct, create_date, filepath, modify_date, score, subject, teacher_id, time, view) values (?, ?, ?, ?, ?, ?, ?, ?, ?, ?, ?, ?, ?, ?, ?, ?)
make question 1918
Hibernate: insert into question (answer, choice1, choice2, choice3, choice4, choice5, content, correct, create_date, filepath, modify_date, score, subject, teacher_id, time, view) values (?, ?, ?, ?, ?, ?, ?, ?, ?, ?, ?, ?, ?, ?, ?, ?)
make question 1919
Hibernate: insert into question (answer, choice1, choice2, choice3, choice4, choice5, content, correct, create_date, filepath, modify_date, score, subject, teacher_id, time, view) values (?, ?, ?, ?, ?, ?, ?, ?, ?, ?, ?, ?, ?, ?, ?, ?)
make question 1920
Hibernate: insert into question (answer, choice1, choice2, choice3, choice4, choice5, content, correct, create_date, filepath, modify_date, score, subject, teacher_id, time, view) values (?, ?, ?, ?, ?, ?, ?, ?, ?, ?, ?, ?, ?, ?, ?, ?)
make question 1921
Hibernate: insert into question (answer, choice1, choice2, choice3, choice4, choice5, content, correct, create_date, filepath, modify_date, score, subject, teacher_id, time, view) values (?, ?, ?, ?, ?, ?, ?, ?, ?, ?, ?, ?, ?, ?, ?, ?)
make question 1922
Hibernate: insert into question (answer, choice1, choice2, choice3, choice4, choice5, content, correct, create_date, filepath, modify_date, score, subject, teacher_id, time, view) values (?, ?, ?, ?, ?, ?, ?, ?, ?, ?, ?, ?, ?, ?, ?, ?)
make question 1923
Hibernate: insert into question (answer, choice1, choice2, choice3, choice4, choice5, content, correct, create_date, filepath, modify_date, score, subject, teacher_id, time, view) values (?, ?, ?, ?, ?, ?, ?, ?, ?, ?, ?, ?, ?, ?, ?, ?)
make question 1924
Hibernate: insert into question (answer, choice1, choice2, choice3, choice4, choice5, content, correct, create_date, filepath, modify_date, score, subject, teacher_id, time, view) values (?, ?, ?, ?, ?, ?, ?, ?, ?, ?, ?, ?, ?, ?, ?, ?)
make question 1925
Hibernate: insert into question (answer, choice1, choice2, choice3, choice4, choice5, content, correct, create_date, filepath, modify_date, score, subject, teacher_id, time, view) values (?, ?, ?, ?, ?, ?, ?, ?, ?, ?, ?, ?, ?, ?, ?, ?)
make question 1926
Hibernate: insert into question (answer, choice1, choice2, choice3, choice4, choice5, content, correct, create_date, filepath, modify_date, score, subject, teacher_id, time, view) values (?, ?, ?, ?, ?, ?, ?, ?, ?, ?, ?, ?, ?, ?, ?, ?)
make question 1927
Hibernate: insert into question (answer, choice1, choice2, choice3, choice4, choice5, content, correct, create_date, filepath, modify_date, score, subject, teacher_id, time, view) values (?, ?, ?, ?, ?, ?, ?, ?, ?, ?, ?, ?, ?, ?, ?, ?)
make question 1928
Hibernate: insert into question (answer, choice1, choice2, choice3, choice4, choice5, content, correct, create_date, filepath, modify_date, score, subject, teacher_id, time, view) values (?, ?, ?, ?, ?, ?, ?, ?, ?, ?, ?, ?, ?, ?, ?, ?)
make question 1929
Hibernate: insert into question (answer, choice1, choice2, choice3, choice4, choice5, content, correct, create_date, filepath, modify_date, score, subject, teacher_id, time, view) values (?, ?, ?, ?, ?, ?, ?, ?, ?, ?, ?, ?, ?, ?, ?, ?)
make question 1930
Hibernate: insert into question (answer, choice1, choice2, choice3, choice4, choice5, content, correct, create_date, filepath, modify_date, score, subject, teacher_id, time, view) values (?, ?, ?, ?, ?, ?, ?, ?, ?, ?, ?, ?, ?, ?, ?, ?)
make question 1931
Hibernate: insert into question (answer, choice1, choice2, choice3, choice4, choice5, content, correct, create_date, filepath, modify_date, score, subject, teacher_id, time, view) values (?, ?, ?, ?, ?, ?, ?, ?, ?, ?, ?, ?, ?, ?, ?, ?)
make question 1932
Hibernate: insert into question (answer, choice1, choice2, choice3, choice4, choice5, content, correct, create_date, filepath, modify_date, score, subject, teacher_id, time, view) values (?, ?, ?, ?, ?, ?, ?, ?, ?, ?, ?, ?, ?, ?, ?, ?)
make question 1933
Hibernate: insert into question (answer, choice1, choice2, choice3, choice4, choice5, content, correct, create_date, filepath, modify_date, score, subject, teacher_id, time, view) values (?, ?, ?, ?, ?, ?, ?, ?, ?, ?, ?, ?, ?, ?, ?, ?)
make question 1934
Hibernate: insert into question (answer, choice1, choice2, choice3, choice4, choice5, content, correct, create_date, filepath, modify_date, score, subject, teacher_id, time, view) values (?, ?, ?, ?, ?, ?, ?, ?, ?, ?, ?, ?, ?, ?, ?, ?)
make question 1935
Hibernate: insert into question (answer, choice1, choice2, choice3, choice4, choice5, content, correct, create_date, filepath, modify_date, score, subject, teacher_id, time, view) values (?, ?, ?, ?, ?, ?, ?, ?, ?, ?, ?, ?, ?, ?, ?, ?)
make question 1936
Hibernate: insert into question (answer, choice1, choice2, choice3, choice4, choice5, content, correct, create_date, filepath, modify_date, score, subject, teacher_id, time, view) values (?, ?, ?, ?, ?, ?, ?, ?, ?, ?, ?, ?, ?, ?, ?, ?)
make question 1937
Hibernate: insert into question (answer, choice1, choice2, choice3, choice4, choice5, content, correct, create_date, filepath, modify_date, score, subject, teacher_id, time, view) values (?, ?, ?, ?, ?, ?, ?, ?, ?, ?, ?, ?, ?, ?, ?, ?)
make question 1938
Hibernate: insert into question (answer, choice1, choice2, choice3, choice4, choice5, content, correct, create_date, filepath, modify_date, score, subject, teacher_id, time, view) values (?, ?, ?, ?, ?, ?, ?, ?, ?, ?, ?, ?, ?, ?, ?, ?)
make question 1939
Hibernate: insert into question (answer, choice1, choice2, choice3, choice4, choice5, content, correct, create_date, filepath, modify_date, score, subject, teacher_id, time, view) values (?, ?, ?, ?, ?, ?, ?, ?, ?, ?, ?, ?, ?, ?, ?, ?)
make question 1940
Hibernate: insert into question (answer, choice1, choice2, choice3, choice4, choice5, content, correct, create_date, filepath, modify_date, score, subject, teacher_id, time, view) values (?, ?, ?, ?, ?, ?, ?, ?, ?, ?, ?, ?, ?, ?, ?, ?)
make question 1941
Hibernate: insert into question (answer, choice1, choice2, choice3, choice4, choice5, content, correct, create_date, filepath, modify_date, score, subject, teacher_id, time, view) values (?, ?, ?, ?, ?, ?, ?, ?, ?, ?, ?, ?, ?, ?, ?, ?)
make question 1942
Hibernate: insert into question (answer, choice1, choice2, choice3, choice4, choice5, content, correct, create_date, filepath, modify_date, score, subject, teacher_id, time, view) values (?, ?, ?, ?, ?, ?, ?, ?, ?, ?, ?, ?, ?, ?, ?, ?)
make question 1943
Hibernate: insert into question (answer, choice1, choice2, choice3, choice4, choice5, content, correct, create_date, filepath, modify_date, score, subject, teacher_id, time, view) values (?, ?, ?, ?, ?, ?, ?, ?, ?, ?, ?, ?, ?, ?, ?, ?)
make question 1944
Hibernate: insert into question (answer, choice1, choice2, choice3, choice4, choice5, content, correct, create_date, filepath, modify_date, score, subject, teacher_id, time, view) values (?, ?, ?, ?, ?, ?, ?, ?, ?, ?, ?, ?, ?, ?, ?, ?)
make question 1945
Hibernate: insert into question (answer, choice1, choice2, choice3, choice4, choice5, content, correct, create_date, filepath, modify_date, score, subject, teacher_id, time, view) values (?, ?, ?, ?, ?, ?, ?, ?, ?, ?, ?, ?, ?, ?, ?, ?)
make question 1946
Hibernate: insert into question (answer, choice1, choice2, choice3, choice4, choice5, content, correct, create_date, filepath, modify_date, score, subject, teacher_id, time, view) values (?, ?, ?, ?, ?, ?, ?, ?, ?, ?, ?, ?, ?, ?, ?, ?)
make question 1947
Hibernate: insert into question (answer, choice1, choice2, choice3, choice4, choice5, content, correct, create_date, filepath, modify_date, score, subject, teacher_id, time, view) values (?, ?, ?, ?, ?, ?, ?, ?, ?, ?, ?, ?, ?, ?, ?, ?)
make question 1948
Hibernate: insert into question (answer, choice1, choice2, choice3, choice4, choice5, content, correct, create_date, filepath, modify_date, score, subject, teacher_id, time, view) values (?, ?, ?, ?, ?, ?, ?, ?, ?, ?, ?, ?, ?, ?, ?, ?)
make question 1949
Hibernate: insert into question (answer, choice1, choice2, choice3, choice4, choice5, content, correct, create_date, filepath, modify_date, score, subject, teacher_id, time, view) values (?, ?, ?, ?, ?, ?, ?, ?, ?, ?, ?, ?, ?, ?, ?, ?)
make question 1950
Hibernate: insert into question (answer, choice1, choice2, choice3, choice4, choice5, content, correct, create_date, filepath, modify_date, score, subject, teacher_id, time, view) values (?, ?, ?, ?, ?, ?, ?, ?, ?, ?, ?, ?, ?, ?, ?, ?)
make question 1951
Hibernate: insert into question (answer, choice1, choice2, choice3, choice4, choice5, content, correct, create_date, filepath, modify_date, score, subject, teacher_id, time, view) values (?, ?, ?, ?, ?, ?, ?, ?, ?, ?, ?, ?, ?, ?, ?, ?)
make question 1952
Hibernate: insert into question (answer, choice1, choice2, choice3, choice4, choice5, content, correct, create_date, filepath, modify_date, score, subject, teacher_id, time, view) values (?, ?, ?, ?, ?, ?, ?, ?, ?, ?, ?, ?, ?, ?, ?, ?)
make question 1953
Hibernate: insert into question (answer, choice1, choice2, choice3, choice4, choice5, content, correct, create_date, filepath, modify_date, score, subject, teacher_id, time, view) values (?, ?, ?, ?, ?, ?, ?, ?, ?, ?, ?, ?, ?, ?, ?, ?)
make question 1954
Hibernate: insert into question (answer, choice1, choice2, choice3, choice4, choice5, content, correct, create_date, filepath, modify_date, score, subject, teacher_id, time, view) values (?, ?, ?, ?, ?, ?, ?, ?, ?, ?, ?, ?, ?, ?, ?, ?)
make question 1955
Hibernate: insert into question (answer, choice1, choice2, choice3, choice4, choice5, content, correct, create_date, filepath, modify_date, score, subject, teacher_id, time, view) values (?, ?, ?, ?, ?, ?, ?, ?, ?, ?, ?, ?, ?, ?, ?, ?)
make question 1956
Hibernate: insert into question (answer, choice1, choice2, choice3, choice4, choice5, content, correct, create_date, filepath, modify_date, score, subject, teacher_id, time, view) values (?, ?, ?, ?, ?, ?, ?, ?, ?, ?, ?, ?, ?, ?, ?, ?)
make question 1957
Hibernate: insert into question (answer, choice1, choice2, choice3, choice4, choice5, content, correct, create_date, filepath, modify_date, score, subject, teacher_id, time, view) values (?, ?, ?, ?, ?, ?, ?, ?, ?, ?, ?, ?, ?, ?, ?, ?)
make question 1958
Hibernate: insert into question (answer, choice1, choice2, choice3, choice4, choice5, content, correct, create_date, filepath, modify_date, score, subject, teacher_id, time, view) values (?, ?, ?, ?, ?, ?, ?, ?, ?, ?, ?, ?, ?, ?, ?, ?)
make question 1959
Hibernate: insert into question (answer, choice1, choice2, choice3, choice4, choice5, content, correct, create_date, filepath, modify_date, score, subject, teacher_id, time, view) values (?, ?, ?, ?, ?, ?, ?, ?, ?, ?, ?, ?, ?, ?, ?, ?)
make question 1960
Hibernate: insert into question (answer, choice1, choice2, choice3, choice4, choice5, content, correct, create_date, filepath, modify_date, score, subject, teacher_id, time, view) values (?, ?, ?, ?, ?, ?, ?, ?, ?, ?, ?, ?, ?, ?, ?, ?)
make question 1961
Hibernate: insert into question (answer, choice1, choice2, choice3, choice4, choice5, content, correct, create_date, filepath, modify_date, score, subject, teacher_id, time, view) values (?, ?, ?, ?, ?, ?, ?, ?, ?, ?, ?, ?, ?, ?, ?, ?)
make question 1962
Hibernate: insert into question (answer, choice1, choice2, choice3, choice4, choice5, content, correct, create_date, filepath, modify_date, score, subject, teacher_id, time, view) values (?, ?, ?, ?, ?, ?, ?, ?, ?, ?, ?, ?, ?, ?, ?, ?)
make question 1963
Hibernate: insert into question (answer, choice1, choice2, choice3, choice4, choice5, content, correct, create_date, filepath, modify_date, score, subject, teacher_id, time, view) values (?, ?, ?, ?, ?, ?, ?, ?, ?, ?, ?, ?, ?, ?, ?, ?)
make question 1964
Hibernate: insert into question (answer, choice1, choice2, choice3, choice4, choice5, content, correct, create_date, filepath, modify_date, score, subject, teacher_id, time, view) values (?, ?, ?, ?, ?, ?, ?, ?, ?, ?, ?, ?, ?, ?, ?, ?)
make question 1965
Hibernate: insert into question (answer, choice1, choice2, choice3, choice4, choice5, content, correct, create_date, filepath, modify_date, score, subject, teacher_id, time, view) values (?, ?, ?, ?, ?, ?, ?, ?, ?, ?, ?, ?, ?, ?, ?, ?)
make question 1966
Hibernate: insert into question (answer, choice1, choice2, choice3, choice4, choice5, content, correct, create_date, filepath, modify_date, score, subject, teacher_id, time, view) values (?, ?, ?, ?, ?, ?, ?, ?, ?, ?, ?, ?, ?, ?, ?, ?)
make question 1967
Hibernate: insert into question (answer, choice1, choice2, choice3, choice4, choice5, content, correct, create_date, filepath, modify_date, score, subject, teacher_id, time, view) values (?, ?, ?, ?, ?, ?, ?, ?, ?, ?, ?, ?, ?, ?, ?, ?)
make question 1968
Hibernate: insert into question (answer, choice1, choice2, choice3, choice4, choice5, content, correct, create_date, filepath, modify_date, score, subject, teacher_id, time, view) values (?, ?, ?, ?, ?, ?, ?, ?, ?, ?, ?, ?, ?, ?, ?, ?)
make question 1969
Hibernate: insert into question (answer, choice1, choice2, choice3, choice4, choice5, content, correct, create_date, filepath, modify_date, score, subject, teacher_id, time, view) values (?, ?, ?, ?, ?, ?, ?, ?, ?, ?, ?, ?, ?, ?, ?, ?)
make question 1970
Hibernate: insert into question (answer, choice1, choice2, choice3, choice4, choice5, content, correct, create_date, filepath, modify_date, score, subject, teacher_id, time, view) values (?, ?, ?, ?, ?, ?, ?, ?, ?, ?, ?, ?, ?, ?, ?, ?)
make question 1971
Hibernate: insert into question (answer, choice1, choice2, choice3, choice4, choice5, content, correct, create_date, filepath, modify_date, score, subject, teacher_id, time, view) values (?, ?, ?, ?, ?, ?, ?, ?, ?, ?, ?, ?, ?, ?, ?, ?)
make question 1972
Hibernate: insert into question (answer, choice1, choice2, choice3, choice4, choice5, content, correct, create_date, filepath, modify_date, score, subject, teacher_id, time, view) values (?, ?, ?, ?, ?, ?, ?, ?, ?, ?, ?, ?, ?, ?, ?, ?)
make question 1973
Hibernate: insert into question (answer, choice1, choice2, choice3, choice4, choice5, content, correct, create_date, filepath, modify_date, score, subject, teacher_id, time, view) values (?, ?, ?, ?, ?, ?, ?, ?, ?, ?, ?, ?, ?, ?, ?, ?)
make question 1974
Hibernate: insert into question (answer, choice1, choice2, choice3, choice4, choice5, content, correct, create_date, filepath, modify_date, score, subject, teacher_id, time, view) values (?, ?, ?, ?, ?, ?, ?, ?, ?, ?, ?, ?, ?, ?, ?, ?)
make question 1975
Hibernate: insert into question (answer, choice1, choice2, choice3, choice4, choice5, content, correct, create_date, filepath, modify_date, score, subject, teacher_id, time, view) values (?, ?, ?, ?, ?, ?, ?, ?, ?, ?, ?, ?, ?, ?, ?, ?)
make question 1976
Hibernate: insert into question (answer, choice1, choice2, choice3, choice4, choice5, content, correct, create_date, filepath, modify_date, score, subject, teacher_id, time, view) values (?, ?, ?, ?, ?, ?, ?, ?, ?, ?, ?, ?, ?, ?, ?, ?)
make question 1977
Hibernate: insert into question (answer, choice1, choice2, choice3, choice4, choice5, content, correct, create_date, filepath, modify_date, score, subject, teacher_id, time, view) values (?, ?, ?, ?, ?, ?, ?, ?, ?, ?, ?, ?, ?, ?, ?, ?)
make question 1978
Hibernate: insert into question (answer, choice1, choice2, choice3, choice4, choice5, content, correct, create_date, filepath, modify_date, score, subject, teacher_id, time, view) values (?, ?, ?, ?, ?, ?, ?, ?, ?, ?, ?, ?, ?, ?, ?, ?)
make question 1979
Hibernate: insert into question (answer, choice1, choice2, choice3, choice4, choice5, content, correct, create_date, filepath, modify_date, score, subject, teacher_id, time, view) values (?, ?, ?, ?, ?, ?, ?, ?, ?, ?, ?, ?, ?, ?, ?, ?)
make question 1980
Hibernate: insert into question (answer, choice1, choice2, choice3, choice4, choice5, content, correct, create_date, filepath, modify_date, score, subject, teacher_id, time, view) values (?, ?, ?, ?, ?, ?, ?, ?, ?, ?, ?, ?, ?, ?, ?, ?)
make question 1981
Hibernate: insert into question (answer, choice1, choice2, choice3, choice4, choice5, content, correct, create_date, filepath, modify_date, score, subject, teacher_id, time, view) values (?, ?, ?, ?, ?, ?, ?, ?, ?, ?, ?, ?, ?, ?, ?, ?)
make question 1982
Hibernate: insert into question (answer, choice1, choice2, choice3, choice4, choice5, content, correct, create_date, filepath, modify_date, score, subject, teacher_id, time, view) values (?, ?, ?, ?, ?, ?, ?, ?, ?, ?, ?, ?, ?, ?, ?, ?)
make question 1983
Hibernate: insert into question (answer, choice1, choice2, choice3, choice4, choice5, content, correct, create_date, filepath, modify_date, score, subject, teacher_id, time, view) values (?, ?, ?, ?, ?, ?, ?, ?, ?, ?, ?, ?, ?, ?, ?, ?)
make question 1984
Hibernate: insert into question (answer, choice1, choice2, choice3, choice4, choice5, content, correct, create_date, filepath, modify_date, score, subject, teacher_id, time, view) values (?, ?, ?, ?, ?, ?, ?, ?, ?, ?, ?, ?, ?, ?, ?, ?)
make question 1985
Hibernate: insert into question (answer, choice1, choice2, choice3, choice4, choice5, content, correct, create_date, filepath, modify_date, score, subject, teacher_id, time, view) values (?, ?, ?, ?, ?, ?, ?, ?, ?, ?, ?, ?, ?, ?, ?, ?)
make question 1986
Hibernate: insert into question (answer, choice1, choice2, choice3, choice4, choice5, content, correct, create_date, filepath, modify_date, score, subject, teacher_id, time, view) values (?, ?, ?, ?, ?, ?, ?, ?, ?, ?, ?, ?, ?, ?, ?, ?)
make question 1987
Hibernate: insert into question (answer, choice1, choice2, choice3, choice4, choice5, content, correct, create_date, filepath, modify_date, score, subject, teacher_id, time, view) values (?, ?, ?, ?, ?, ?, ?, ?, ?, ?, ?, ?, ?, ?, ?, ?)
make question 1988
Hibernate: insert into question (answer, choice1, choice2, choice3, choice4, choice5, content, correct, create_date, filepath, modify_date, score, subject, teacher_id, time, view) values (?, ?, ?, ?, ?, ?, ?, ?, ?, ?, ?, ?, ?, ?, ?, ?)
make question 1989
Hibernate: insert into question (answer, choice1, choice2, choice3, choice4, choice5, content, correct, create_date, filepath, modify_date, score, subject, teacher_id, time, view) values (?, ?, ?, ?, ?, ?, ?, ?, ?, ?, ?, ?, ?, ?, ?, ?)
make question 1990
Hibernate: insert into question (answer, choice1, choice2, choice3, choice4, choice5, content, correct, create_date, filepath, modify_date, score, subject, teacher_id, time, view) values (?, ?, ?, ?, ?, ?, ?, ?, ?, ?, ?, ?, ?, ?, ?, ?)
make question 1991
Hibernate: insert into question (answer, choice1, choice2, choice3, choice4, choice5, content, correct, create_date, filepath, modify_date, score, subject, teacher_id, time, view) values (?, ?, ?, ?, ?, ?, ?, ?, ?, ?, ?, ?, ?, ?, ?, ?)
make question 1992
Hibernate: insert into question (answer, choice1, choice2, choice3, choice4, choice5, content, correct, create_date, filepath, modify_date, score, subject, teacher_id, time, view) values (?, ?, ?, ?, ?, ?, ?, ?, ?, ?, ?, ?, ?, ?, ?, ?)
make question 1993
Hibernate: insert into question (answer, choice1, choice2, choice3, choice4, choice5, content, correct, create_date, filepath, modify_date, score, subject, teacher_id, time, view) values (?, ?, ?, ?, ?, ?, ?, ?, ?, ?, ?, ?, ?, ?, ?, ?)
make question 1994
Hibernate: insert into question (answer, choice1, choice2, choice3, choice4, choice5, content, correct, create_date, filepath, modify_date, score, subject, teacher_id, time, view) values (?, ?, ?, ?, ?, ?, ?, ?, ?, ?, ?, ?, ?, ?, ?, ?)
make question 1995
Hibernate: insert into question (answer, choice1, choice2, choice3, choice4, choice5, content, correct, create_date, filepath, modify_date, score, subject, teacher_id, time, view) values (?, ?, ?, ?, ?, ?, ?, ?, ?, ?, ?, ?, ?, ?, ?, ?)
make question 1996
Hibernate: insert into question (answer, choice1, choice2, choice3, choice4, choice5, content, correct, create_date, filepath, modify_date, score, subject, teacher_id, time, view) values (?, ?, ?, ?, ?, ?, ?, ?, ?, ?, ?, ?, ?, ?, ?, ?)
make question 1997
Hibernate: insert into question (answer, choice1, choice2, choice3, choice4, choice5, content, correct, create_date, filepath, modify_date, score, subject, teacher_id, time, view) values (?, ?, ?, ?, ?, ?, ?, ?, ?, ?, ?, ?, ?, ?, ?, ?)
make question 1998
Hibernate: insert into question (answer, choice1, choice2, choice3, choice4, choice5, content, correct, create_date, filepath, modify_date, score, subject, teacher_id, time, view) values (?, ?, ?, ?, ?, ?, ?, ?, ?, ?, ?, ?, ?, ?, ?, ?)
make question 1999
Hibernate: insert into question (answer, choice1, choice2, choice3, choice4, choice5, content, correct, create_date, filepath, modify_date, score, subject, teacher_id, time, view) values (?, ?, ?, ?, ?, ?, ?, ?, ?, ?, ?, ?, ?, ?, ?, ?)
make question 2000
Hibernate: insert into question (answer, choice1, choice2, choice3, choice4, choice5, content, correct, create_date, filepath, modify_date, score, subject, teacher_id, time, view) values (?, ?, ?, ?, ?, ?, ?, ?, ?, ?, ?, ?, ?, ?, ?, ?)
make question 2001
Hibernate: insert into question (answer, choice1, choice2, choice3, choice4, choice5, content, correct, create_date, filepath, modify_date, score, subject, teacher_id, time, view) values (?, ?, ?, ?, ?, ?, ?, ?, ?, ?, ?, ?, ?, ?, ?, ?)
make question 2002
Hibernate: insert into question (answer, choice1, choice2, choice3, choice4, choice5, content, correct, create_date, filepath, modify_date, score, subject, teacher_id, time, view) values (?, ?, ?, ?, ?, ?, ?, ?, ?, ?, ?, ?, ?, ?, ?, ?)
make question 2003
Hibernate: insert into question (answer, choice1, choice2, choice3, choice4, choice5, content, correct, create_date, filepath, modify_date, score, subject, teacher_id, time, view) values (?, ?, ?, ?, ?, ?, ?, ?, ?, ?, ?, ?, ?, ?, ?, ?)
make question 2004
Hibernate: insert into question (answer, choice1, choice2, choice3, choice4, choice5, content, correct, create_date, filepath, modify_date, score, subject, teacher_id, time, view) values (?, ?, ?, ?, ?, ?, ?, ?, ?, ?, ?, ?, ?, ?, ?, ?)
make question 2005
Hibernate: insert into question (answer, choice1, choice2, choice3, choice4, choice5, content, correct, create_date, filepath, modify_date, score, subject, teacher_id, time, view) values (?, ?, ?, ?, ?, ?, ?, ?, ?, ?, ?, ?, ?, ?, ?, ?)
make question 2006
Hibernate: insert into question (answer, choice1, choice2, choice3, choice4, choice5, content, correct, create_date, filepath, modify_date, score, subject, teacher_id, time, view) values (?, ?, ?, ?, ?, ?, ?, ?, ?, ?, ?, ?, ?, ?, ?, ?)
make question 2007
Hibernate: insert into question (answer, choice1, choice2, choice3, choice4, choice5, content, correct, create_date, filepath, modify_date, score, subject, teacher_id, time, view) values (?, ?, ?, ?, ?, ?, ?, ?, ?, ?, ?, ?, ?, ?, ?, ?)
make question 2008
Hibernate: insert into question (answer, choice1, choice2, choice3, choice4, choice5, content, correct, create_date, filepath, modify_date, score, subject, teacher_id, time, view) values (?, ?, ?, ?, ?, ?, ?, ?, ?, ?, ?, ?, ?, ?, ?, ?)
make question 2009
Hibernate: insert into question (answer, choice1, choice2, choice3, choice4, choice5, content, correct, create_date, filepath, modify_date, score, subject, teacher_id, time, view) values (?, ?, ?, ?, ?, ?, ?, ?, ?, ?, ?, ?, ?, ?, ?, ?)
make question 2010
Hibernate: insert into question (answer, choice1, choice2, choice3, choice4, choice5, content, correct, create_date, filepath, modify_date, score, subject, teacher_id, time, view) values (?, ?, ?, ?, ?, ?, ?, ?, ?, ?, ?, ?, ?, ?, ?, ?)
make question 2011
Hibernate: insert into question (answer, choice1, choice2, choice3, choice4, choice5, content, correct, create_date, filepath, modify_date, score, subject, teacher_id, time, view) values (?, ?, ?, ?, ?, ?, ?, ?, ?, ?, ?, ?, ?, ?, ?, ?)
make question 2012
Hibernate: insert into question (answer, choice1, choice2, choice3, choice4, choice5, content, correct, create_date, filepath, modify_date, score, subject, teacher_id, time, view) values (?, ?, ?, ?, ?, ?, ?, ?, ?, ?, ?, ?, ?, ?, ?, ?)
make question 2013
Hibernate: insert into question (answer, choice1, choice2, choice3, choice4, choice5, content, correct, create_date, filepath, modify_date, score, subject, teacher_id, time, view) values (?, ?, ?, ?, ?, ?, ?, ?, ?, ?, ?, ?, ?, ?, ?, ?)
make question 2014
Hibernate: insert into question (answer, choice1, choice2, choice3, choice4, choice5, content, correct, create_date, filepath, modify_date, score, subject, teacher_id, time, view) values (?, ?, ?, ?, ?, ?, ?, ?, ?, ?, ?, ?, ?, ?, ?, ?)
make question 2015
Hibernate: insert into question (answer, choice1, choice2, choice3, choice4, choice5, content, correct, create_date, filepath, modify_date, score, subject, teacher_id, time, view) values (?, ?, ?, ?, ?, ?, ?, ?, ?, ?, ?, ?, ?, ?, ?, ?)
make question 2016
Hibernate: insert into question (answer, choice1, choice2, choice3, choice4, choice5, content, correct, create_date, filepath, modify_date, score, subject, teacher_id, time, view) values (?, ?, ?, ?, ?, ?, ?, ?, ?, ?, ?, ?, ?, ?, ?, ?)
make question 2017
Hibernate: insert into question (answer, choice1, choice2, choice3, choice4, choice5, content, correct, create_date, filepath, modify_date, score, subject, teacher_id, time, view) values (?, ?, ?, ?, ?, ?, ?, ?, ?, ?, ?, ?, ?, ?, ?, ?)
make question 2018
Hibernate: insert into question (answer, choice1, choice2, choice3, choice4, choice5, content, correct, create_date, filepath, modify_date, score, subject, teacher_id, time, view) values (?, ?, ?, ?, ?, ?, ?, ?, ?, ?, ?, ?, ?, ?, ?, ?)
make question 2019
Hibernate: insert into question (answer, choice1, choice2, choice3, choice4, choice5, content, correct, create_date, filepath, modify_date, score, subject, teacher_id, time, view) values (?, ?, ?, ?, ?, ?, ?, ?, ?, ?, ?, ?, ?, ?, ?, ?)
make question 2020
Hibernate: insert into question (answer, choice1, choice2, choice3, choice4, choice5, content, correct, create_date, filepath, modify_date, score, subject, teacher_id, time, view) values (?, ?, ?, ?, ?, ?, ?, ?, ?, ?, ?, ?, ?, ?, ?, ?)
make question 2021
Hibernate: insert into question (answer, choice1, choice2, choice3, choice4, choice5, content, correct, create_date, filepath, modify_date, score, subject, teacher_id, time, view) values (?, ?, ?, ?, ?, ?, ?, ?, ?, ?, ?, ?, ?, ?, ?, ?)
make question 2022
Hibernate: insert into question (answer, choice1, choice2, choice3, choice4, choice5, content, correct, create_date, filepath, modify_date, score, subject, teacher_id, time, view) values (?, ?, ?, ?, ?, ?, ?, ?, ?, ?, ?, ?, ?, ?, ?, ?)
make question 2023
Hibernate: insert into question (answer, choice1, choice2, choice3, choice4, choice5, content, correct, create_date, filepath, modify_date, score, subject, teacher_id, time, view) values (?, ?, ?, ?, ?, ?, ?, ?, ?, ?, ?, ?, ?, ?, ?, ?)
make question 2024
Hibernate: insert into question (answer, choice1, choice2, choice3, choice4, choice5, content, correct, create_date, filepath, modify_date, score, subject, teacher_id, time, view) values (?, ?, ?, ?, ?, ?, ?, ?, ?, ?, ?, ?, ?, ?, ?, ?)
make question 2025
Hibernate: insert into question (answer, choice1, choice2, choice3, choice4, choice5, content, correct, create_date, filepath, modify_date, score, subject, teacher_id, time, view) values (?, ?, ?, ?, ?, ?, ?, ?, ?, ?, ?, ?, ?, ?, ?, ?)
make question 2026
Hibernate: insert into question (answer, choice1, choice2, choice3, choice4, choice5, content, correct, create_date, filepath, modify_date, score, subject, teacher_id, time, view) values (?, ?, ?, ?, ?, ?, ?, ?, ?, ?, ?, ?, ?, ?, ?, ?)
make question 2027
Hibernate: insert into question (answer, choice1, choice2, choice3, choice4, choice5, content, correct, create_date, filepath, modify_date, score, subject, teacher_id, time, view) values (?, ?, ?, ?, ?, ?, ?, ?, ?, ?, ?, ?, ?, ?, ?, ?)
make question 2028
Hibernate: insert into question (answer, choice1, choice2, choice3, choice4, choice5, content, correct, create_date, filepath, modify_date, score, subject, teacher_id, time, view) values (?, ?, ?, ?, ?, ?, ?, ?, ?, ?, ?, ?, ?, ?, ?, ?)
make question 2029
Hibernate: insert into question (answer, choice1, choice2, choice3, choice4, choice5, content, correct, create_date, filepath, modify_date, score, subject, teacher_id, time, view) values (?, ?, ?, ?, ?, ?, ?, ?, ?, ?, ?, ?, ?, ?, ?, ?)
make question 2030
Hibernate: insert into question (answer, choice1, choice2, choice3, choice4, choice5, content, correct, create_date, filepath, modify_date, score, subject, teacher_id, time, view) values (?, ?, ?, ?, ?, ?, ?, ?, ?, ?, ?, ?, ?, ?, ?, ?)
make question 2031
Hibernate: insert into question (answer, choice1, choice2, choice3, choice4, choice5, content, correct, create_date, filepath, modify_date, score, subject, teacher_id, time, view) values (?, ?, ?, ?, ?, ?, ?, ?, ?, ?, ?, ?, ?, ?, ?, ?)
make question 2032
Hibernate: insert into question (answer, choice1, choice2, choice3, choice4, choice5, content, correct, create_date, filepath, modify_date, score, subject, teacher_id, time, view) values (?, ?, ?, ?, ?, ?, ?, ?, ?, ?, ?, ?, ?, ?, ?, ?)
make question 2033
Hibernate: insert into question (answer, choice1, choice2, choice3, choice4, choice5, content, correct, create_date, filepath, modify_date, score, subject, teacher_id, time, view) values (?, ?, ?, ?, ?, ?, ?, ?, ?, ?, ?, ?, ?, ?, ?, ?)
make question 2034
Hibernate: insert into question (answer, choice1, choice2, choice3, choice4, choice5, content, correct, create_date, filepath, modify_date, score, subject, teacher_id, time, view) values (?, ?, ?, ?, ?, ?, ?, ?, ?, ?, ?, ?, ?, ?, ?, ?)
make question 2035
Hibernate: insert into question (answer, choice1, choice2, choice3, choice4, choice5, content, correct, create_date, filepath, modify_date, score, subject, teacher_id, time, view) values (?, ?, ?, ?, ?, ?, ?, ?, ?, ?, ?, ?, ?, ?, ?, ?)
make question 2036
Hibernate: insert into question (answer, choice1, choice2, choice3, choice4, choice5, content, correct, create_date, filepath, modify_date, score, subject, teacher_id, time, view) values (?, ?, ?, ?, ?, ?, ?, ?, ?, ?, ?, ?, ?, ?, ?, ?)
make question 2037
Hibernate: insert into question (answer, choice1, choice2, choice3, choice4, choice5, content, correct, create_date, filepath, modify_date, score, subject, teacher_id, time, view) values (?, ?, ?, ?, ?, ?, ?, ?, ?, ?, ?, ?, ?, ?, ?, ?)
make question 2038
Hibernate: insert into question (answer, choice1, choice2, choice3, choice4, choice5, content, correct, create_date, filepath, modify_date, score, subject, teacher_id, time, view) values (?, ?, ?, ?, ?, ?, ?, ?, ?, ?, ?, ?, ?, ?, ?, ?)
make question 2039
Hibernate: insert into question (answer, choice1, choice2, choice3, choice4, choice5, content, correct, create_date, filepath, modify_date, score, subject, teacher_id, time, view) values (?, ?, ?, ?, ?, ?, ?, ?, ?, ?, ?, ?, ?, ?, ?, ?)
make question 2040
Hibernate: insert into question (answer, choice1, choice2, choice3, choice4, choice5, content, correct, create_date, filepath, modify_date, score, subject, teacher_id, time, view) values (?, ?, ?, ?, ?, ?, ?, ?, ?, ?, ?, ?, ?, ?, ?, ?)
make question 2041
Hibernate: insert into question (answer, choice1, choice2, choice3, choice4, choice5, content, correct, create_date, filepath, modify_date, score, subject, teacher_id, time, view) values (?, ?, ?, ?, ?, ?, ?, ?, ?, ?, ?, ?, ?, ?, ?, ?)
make question 2042
Hibernate: insert into question (answer, choice1, choice2, choice3, choice4, choice5, content, correct, create_date, filepath, modify_date, score, subject, teacher_id, time, view) values (?, ?, ?, ?, ?, ?, ?, ?, ?, ?, ?, ?, ?, ?, ?, ?)
make question 2043
Hibernate: insert into question (answer, choice1, choice2, choice3, choice4, choice5, content, correct, create_date, filepath, modify_date, score, subject, teacher_id, time, view) values (?, ?, ?, ?, ?, ?, ?, ?, ?, ?, ?, ?, ?, ?, ?, ?)
make question 2044
Hibernate: insert into question (answer, choice1, choice2, choice3, choice4, choice5, content, correct, create_date, filepath, modify_date, score, subject, teacher_id, time, view) values (?, ?, ?, ?, ?, ?, ?, ?, ?, ?, ?, ?, ?, ?, ?, ?)
make question 2045
Hibernate: insert into question (answer, choice1, choice2, choice3, choice4, choice5, content, correct, create_date, filepath, modify_date, score, subject, teacher_id, time, view) values (?, ?, ?, ?, ?, ?, ?, ?, ?, ?, ?, ?, ?, ?, ?, ?)
make question 2046
Hibernate: insert into question (answer, choice1, choice2, choice3, choice4, choice5, content, correct, create_date, filepath, modify_date, score, subject, teacher_id, time, view) values (?, ?, ?, ?, ?, ?, ?, ?, ?, ?, ?, ?, ?, ?, ?, ?)
make question 2047
Hibernate: insert into question (answer, choice1, choice2, choice3, choice4, choice5, content, correct, create_date, filepath, modify_date, score, subject, teacher_id, time, view) values (?, ?, ?, ?, ?, ?, ?, ?, ?, ?, ?, ?, ?, ?, ?, ?)
make question 2048
Hibernate: insert into question (answer, choice1, choice2, choice3, choice4, choice5, content, correct, create_date, filepath, modify_date, score, subject, teacher_id, time, view) values (?, ?, ?, ?, ?, ?, ?, ?, ?, ?, ?, ?, ?, ?, ?, ?)
make question 2049
Hibernate: insert into question (answer, choice1, choice2, choice3, choice4, choice5, content, correct, create_date, filepath, modify_date, score, subject, teacher_id, time, view) values (?, ?, ?, ?, ?, ?, ?, ?, ?, ?, ?, ?, ?, ?, ?, ?)
make question 2050
Hibernate: insert into question (answer, choice1, choice2, choice3, choice4, choice5, content, correct, create_date, filepath, modify_date, score, subject, teacher_id, time, view) values (?, ?, ?, ?, ?, ?, ?, ?, ?, ?, ?, ?, ?, ?, ?, ?)
make question 2051
Hibernate: insert into question (answer, choice1, choice2, choice3, choice4, choice5, content, correct, create_date, filepath, modify_date, score, subject, teacher_id, time, view) values (?, ?, ?, ?, ?, ?, ?, ?, ?, ?, ?, ?, ?, ?, ?, ?)
make question 2052
Hibernate: insert into question (answer, choice1, choice2, choice3, choice4, choice5, content, correct, create_date, filepath, modify_date, score, subject, teacher_id, time, view) values (?, ?, ?, ?, ?, ?, ?, ?, ?, ?, ?, ?, ?, ?, ?, ?)
make question 2053
Hibernate: insert into question (answer, choice1, choice2, choice3, choice4, choice5, content, correct, create_date, filepath, modify_date, score, subject, teacher_id, time, view) values (?, ?, ?, ?, ?, ?, ?, ?, ?, ?, ?, ?, ?, ?, ?, ?)
make question 2054
Hibernate: insert into question (answer, choice1, choice2, choice3, choice4, choice5, content, correct, create_date, filepath, modify_date, score, subject, teacher_id, time, view) values (?, ?, ?, ?, ?, ?, ?, ?, ?, ?, ?, ?, ?, ?, ?, ?)
make question 2055
Hibernate: insert into question (answer, choice1, choice2, choice3, choice4, choice5, content, correct, create_date, filepath, modify_date, score, subject, teacher_id, time, view) values (?, ?, ?, ?, ?, ?, ?, ?, ?, ?, ?, ?, ?, ?, ?, ?)
make question 2056
Hibernate: insert into question (answer, choice1, choice2, choice3, choice4, choice5, content, correct, create_date, filepath, modify_date, score, subject, teacher_id, time, view) values (?, ?, ?, ?, ?, ?, ?, ?, ?, ?, ?, ?, ?, ?, ?, ?)
make question 2057
Hibernate: insert into question (answer, choice1, choice2, choice3, choice4, choice5, content, correct, create_date, filepath, modify_date, score, subject, teacher_id, time, view) values (?, ?, ?, ?, ?, ?, ?, ?, ?, ?, ?, ?, ?, ?, ?, ?)
make question 2058
Hibernate: insert into question (answer, choice1, choice2, choice3, choice4, choice5, content, correct, create_date, filepath, modify_date, score, subject, teacher_id, time, view) values (?, ?, ?, ?, ?, ?, ?, ?, ?, ?, ?, ?, ?, ?, ?, ?)
make question 2059
Hibernate: insert into question (answer, choice1, choice2, choice3, choice4, choice5, content, correct, create_date, filepath, modify_date, score, subject, teacher_id, time, view) values (?, ?, ?, ?, ?, ?, ?, ?, ?, ?, ?, ?, ?, ?, ?, ?)
make question 2060
Hibernate: insert into question (answer, choice1, choice2, choice3, choice4, choice5, content, correct, create_date, filepath, modify_date, score, subject, teacher_id, time, view) values (?, ?, ?, ?, ?, ?, ?, ?, ?, ?, ?, ?, ?, ?, ?, ?)
make question 2061
Hibernate: insert into question (answer, choice1, choice2, choice3, choice4, choice5, content, correct, create_date, filepath, modify_date, score, subject, teacher_id, time, view) values (?, ?, ?, ?, ?, ?, ?, ?, ?, ?, ?, ?, ?, ?, ?, ?)
make question 2062
Hibernate: insert into question (answer, choice1, choice2, choice3, choice4, choice5, content, correct, create_date, filepath, modify_date, score, subject, teacher_id, time, view) values (?, ?, ?, ?, ?, ?, ?, ?, ?, ?, ?, ?, ?, ?, ?, ?)
make question 2063
Hibernate: insert into question (answer, choice1, choice2, choice3, choice4, choice5, content, correct, create_date, filepath, modify_date, score, subject, teacher_id, time, view) values (?, ?, ?, ?, ?, ?, ?, ?, ?, ?, ?, ?, ?, ?, ?, ?)
make question 2064
Hibernate: insert into question (answer, choice1, choice2, choice3, choice4, choice5, content, correct, create_date, filepath, modify_date, score, subject, teacher_id, time, view) values (?, ?, ?, ?, ?, ?, ?, ?, ?, ?, ?, ?, ?, ?, ?, ?)
make question 2065
Hibernate: insert into question (answer, choice1, choice2, choice3, choice4, choice5, content, correct, create_date, filepath, modify_date, score, subject, teacher_id, time, view) values (?, ?, ?, ?, ?, ?, ?, ?, ?, ?, ?, ?, ?, ?, ?, ?)
make question 2066
Hibernate: insert into question (answer, choice1, choice2, choice3, choice4, choice5, content, correct, create_date, filepath, modify_date, score, subject, teacher_id, time, view) values (?, ?, ?, ?, ?, ?, ?, ?, ?, ?, ?, ?, ?, ?, ?, ?)
make question 2067
Hibernate: insert into question (answer, choice1, choice2, choice3, choice4, choice5, content, correct, create_date, filepath, modify_date, score, subject, teacher_id, time, view) values (?, ?, ?, ?, ?, ?, ?, ?, ?, ?, ?, ?, ?, ?, ?, ?)
make question 2068
Hibernate: insert into question (answer, choice1, choice2, choice3, choice4, choice5, content, correct, create_date, filepath, modify_date, score, subject, teacher_id, time, view) values (?, ?, ?, ?, ?, ?, ?, ?, ?, ?, ?, ?, ?, ?, ?, ?)
make question 2069
Hibernate: insert into question (answer, choice1, choice2, choice3, choice4, choice5, content, correct, create_date, filepath, modify_date, score, subject, teacher_id, time, view) values (?, ?, ?, ?, ?, ?, ?, ?, ?, ?, ?, ?, ?, ?, ?, ?)
make question 2070
Hibernate: insert into question (answer, choice1, choice2, choice3, choice4, choice5, content, correct, create_date, filepath, modify_date, score, subject, teacher_id, time, view) values (?, ?, ?, ?, ?, ?, ?, ?, ?, ?, ?, ?, ?, ?, ?, ?)
make question 2071
Hibernate: insert into question (answer, choice1, choice2, choice3, choice4, choice5, content, correct, create_date, filepath, modify_date, score, subject, teacher_id, time, view) values (?, ?, ?, ?, ?, ?, ?, ?, ?, ?, ?, ?, ?, ?, ?, ?)
make question 2072
Hibernate: insert into question (answer, choice1, choice2, choice3, choice4, choice5, content, correct, create_date, filepath, modify_date, score, subject, teacher_id, time, view) values (?, ?, ?, ?, ?, ?, ?, ?, ?, ?, ?, ?, ?, ?, ?, ?)
make question 2073
Hibernate: insert into question (answer, choice1, choice2, choice3, choice4, choice5, content, correct, create_date, filepath, modify_date, score, subject, teacher_id, time, view) values (?, ?, ?, ?, ?, ?, ?, ?, ?, ?, ?, ?, ?, ?, ?, ?)
make question 2074
Hibernate: insert into question (answer, choice1, choice2, choice3, choice4, choice5, content, correct, create_date, filepath, modify_date, score, subject, teacher_id, time, view) values (?, ?, ?, ?, ?, ?, ?, ?, ?, ?, ?, ?, ?, ?, ?, ?)
make question 2075
Hibernate: insert into question (answer, choice1, choice2, choice3, choice4, choice5, content, correct, create_date, filepath, modify_date, score, subject, teacher_id, time, view) values (?, ?, ?, ?, ?, ?, ?, ?, ?, ?, ?, ?, ?, ?, ?, ?)
make question 2076
Hibernate: insert into question (answer, choice1, choice2, choice3, choice4, choice5, content, correct, create_date, filepath, modify_date, score, subject, teacher_id, time, view) values (?, ?, ?, ?, ?, ?, ?, ?, ?, ?, ?, ?, ?, ?, ?, ?)
make question 2077
Hibernate: insert into question (answer, choice1, choice2, choice3, choice4, choice5, content, correct, create_date, filepath, modify_date, score, subject, teacher_id, time, view) values (?, ?, ?, ?, ?, ?, ?, ?, ?, ?, ?, ?, ?, ?, ?, ?)
make question 2078
Hibernate: insert into question (answer, choice1, choice2, choice3, choice4, choice5, content, correct, create_date, filepath, modify_date, score, subject, teacher_id, time, view) values (?, ?, ?, ?, ?, ?, ?, ?, ?, ?, ?, ?, ?, ?, ?, ?)
make question 2079
Hibernate: insert into question (answer, choice1, choice2, choice3, choice4, choice5, content, correct, create_date, filepath, modify_date, score, subject, teacher_id, time, view) values (?, ?, ?, ?, ?, ?, ?, ?, ?, ?, ?, ?, ?, ?, ?, ?)
make question 2080
Hibernate: insert into question (answer, choice1, choice2, choice3, choice4, choice5, content, correct, create_date, filepath, modify_date, score, subject, teacher_id, time, view) values (?, ?, ?, ?, ?, ?, ?, ?, ?, ?, ?, ?, ?, ?, ?, ?)
make question 2081
Hibernate: insert into question (answer, choice1, choice2, choice3, choice4, choice5, content, correct, create_date, filepath, modify_date, score, subject, teacher_id, time, view) values (?, ?, ?, ?, ?, ?, ?, ?, ?, ?, ?, ?, ?, ?, ?, ?)
make question 2082
Hibernate: insert into question (answer, choice1, choice2, choice3, choice4, choice5, content, correct, create_date, filepath, modify_date, score, subject, teacher_id, time, view) values (?, ?, ?, ?, ?, ?, ?, ?, ?, ?, ?, ?, ?, ?, ?, ?)
make question 2083
Hibernate: insert into question (answer, choice1, choice2, choice3, choice4, choice5, content, correct, create_date, filepath, modify_date, score, subject, teacher_id, time, view) values (?, ?, ?, ?, ?, ?, ?, ?, ?, ?, ?, ?, ?, ?, ?, ?)
make question 2084
Hibernate: insert into question (answer, choice1, choice2, choice3, choice4, choice5, content, correct, create_date, filepath, modify_date, score, subject, teacher_id, time, view) values (?, ?, ?, ?, ?, ?, ?, ?, ?, ?, ?, ?, ?, ?, ?, ?)
make question 2085
Hibernate: insert into question (answer, choice1, choice2, choice3, choice4, choice5, content, correct, create_date, filepath, modify_date, score, subject, teacher_id, time, view) values (?, ?, ?, ?, ?, ?, ?, ?, ?, ?, ?, ?, ?, ?, ?, ?)
make question 2086
Hibernate: insert into question (answer, choice1, choice2, choice3, choice4, choice5, content, correct, create_date, filepath, modify_date, score, subject, teacher_id, time, view) values (?, ?, ?, ?, ?, ?, ?, ?, ?, ?, ?, ?, ?, ?, ?, ?)
make question 2087
Hibernate: insert into question (answer, choice1, choice2, choice3, choice4, choice5, content, correct, create_date, filepath, modify_date, score, subject, teacher_id, time, view) values (?, ?, ?, ?, ?, ?, ?, ?, ?, ?, ?, ?, ?, ?, ?, ?)
make question 2088
Hibernate: insert into question (answer, choice1, choice2, choice3, choice4, choice5, content, correct, create_date, filepath, modify_date, score, subject, teacher_id, time, view) values (?, ?, ?, ?, ?, ?, ?, ?, ?, ?, ?, ?, ?, ?, ?, ?)
make question 2089
Hibernate: insert into question (answer, choice1, choice2, choice3, choice4, choice5, content, correct, create_date, filepath, modify_date, score, subject, teacher_id, time, view) values (?, ?, ?, ?, ?, ?, ?, ?, ?, ?, ?, ?, ?, ?, ?, ?)
make question 2090
Hibernate: insert into question (answer, choice1, choice2, choice3, choice4, choice5, content, correct, create_date, filepath, modify_date, score, subject, teacher_id, time, view) values (?, ?, ?, ?, ?, ?, ?, ?, ?, ?, ?, ?, ?, ?, ?, ?)
make question 2091
Hibernate: insert into question (answer, choice1, choice2, choice3, choice4, choice5, content, correct, create_date, filepath, modify_date, score, subject, teacher_id, time, view) values (?, ?, ?, ?, ?, ?, ?, ?, ?, ?, ?, ?, ?, ?, ?, ?)
make question 2092
Hibernate: insert into question (answer, choice1, choice2, choice3, choice4, choice5, content, correct, create_date, filepath, modify_date, score, subject, teacher_id, time, view) values (?, ?, ?, ?, ?, ?, ?, ?, ?, ?, ?, ?, ?, ?, ?, ?)
make question 2093
Hibernate: insert into question (answer, choice1, choice2, choice3, choice4, choice5, content, correct, create_date, filepath, modify_date, score, subject, teacher_id, time, view) values (?, ?, ?, ?, ?, ?, ?, ?, ?, ?, ?, ?, ?, ?, ?, ?)
make question 2094
Hibernate: insert into question (answer, choice1, choice2, choice3, choice4, choice5, content, correct, create_date, filepath, modify_date, score, subject, teacher_id, time, view) values (?, ?, ?, ?, ?, ?, ?, ?, ?, ?, ?, ?, ?, ?, ?, ?)
make question 2095
Hibernate: insert into question (answer, choice1, choice2, choice3, choice4, choice5, content, correct, create_date, filepath, modify_date, score, subject, teacher_id, time, view) values (?, ?, ?, ?, ?, ?, ?, ?, ?, ?, ?, ?, ?, ?, ?, ?)
make question 2096
Hibernate: insert into question (answer, choice1, choice2, choice3, choice4, choice5, content, correct, create_date, filepath, modify_date, score, subject, teacher_id, time, view) values (?, ?, ?, ?, ?, ?, ?, ?, ?, ?, ?, ?, ?, ?, ?, ?)
make question 2097
Hibernate: insert into question (answer, choice1, choice2, choice3, choice4, choice5, content, correct, create_date, filepath, modify_date, score, subject, teacher_id, time, view) values (?, ?, ?, ?, ?, ?, ?, ?, ?, ?, ?, ?, ?, ?, ?, ?)
make question 2098
Hibernate: insert into question (answer, choice1, choice2, choice3, choice4, choice5, content, correct, create_date, filepath, modify_date, score, subject, teacher_id, time, view) values (?, ?, ?, ?, ?, ?, ?, ?, ?, ?, ?, ?, ?, ?, ?, ?)
make question 2099
Hibernate: insert into question (answer, choice1, choice2, choice3, choice4, choice5, content, correct, create_date, filepath, modify_date, score, subject, teacher_id, time, view) values (?, ?, ?, ?, ?, ?, ?, ?, ?, ?, ?, ?, ?, ?, ?, ?)
make question 2100
Hibernate: insert into question (answer, choice1, choice2, choice3, choice4, choice5, content, correct, create_date, filepath, modify_date, score, subject, teacher_id, time, view) values (?, ?, ?, ?, ?, ?, ?, ?, ?, ?, ?, ?, ?, ?, ?, ?)
make question 2101
Hibernate: insert into question (answer, choice1, choice2, choice3, choice4, choice5, content, correct, create_date, filepath, modify_date, score, subject, teacher_id, time, view) values (?, ?, ?, ?, ?, ?, ?, ?, ?, ?, ?, ?, ?, ?, ?, ?)
make question 2102
Hibernate: insert into question (answer, choice1, choice2, choice3, choice4, choice5, content, correct, create_date, filepath, modify_date, score, subject, teacher_id, time, view) values (?, ?, ?, ?, ?, ?, ?, ?, ?, ?, ?, ?, ?, ?, ?, ?)
make question 2103
Hibernate: insert into question (answer, choice1, choice2, choice3, choice4, choice5, content, correct, create_date, filepath, modify_date, score, subject, teacher_id, time, view) values (?, ?, ?, ?, ?, ?, ?, ?, ?, ?, ?, ?, ?, ?, ?, ?)
make question 2104
Hibernate: insert into question (answer, choice1, choice2, choice3, choice4, choice5, content, correct, create_date, filepath, modify_date, score, subject, teacher_id, time, view) values (?, ?, ?, ?, ?, ?, ?, ?, ?, ?, ?, ?, ?, ?, ?, ?)
make question 2105
Hibernate: insert into question (answer, choice1, choice2, choice3, choice4, choice5, content, correct, create_date, filepath, modify_date, score, subject, teacher_id, time, view) values (?, ?, ?, ?, ?, ?, ?, ?, ?, ?, ?, ?, ?, ?, ?, ?)
make question 2106
Hibernate: insert into question (answer, choice1, choice2, choice3, choice4, choice5, content, correct, create_date, filepath, modify_date, score, subject, teacher_id, time, view) values (?, ?, ?, ?, ?, ?, ?, ?, ?, ?, ?, ?, ?, ?, ?, ?)
make question 2107
Hibernate: insert into question (answer, choice1, choice2, choice3, choice4, choice5, content, correct, create_date, filepath, modify_date, score, subject, teacher_id, time, view) values (?, ?, ?, ?, ?, ?, ?, ?, ?, ?, ?, ?, ?, ?, ?, ?)
make question 2108
Hibernate: insert into question (answer, choice1, choice2, choice3, choice4, choice5, content, correct, create_date, filepath, modify_date, score, subject, teacher_id, time, view) values (?, ?, ?, ?, ?, ?, ?, ?, ?, ?, ?, ?, ?, ?, ?, ?)
make question 2109
Hibernate: insert into question (answer, choice1, choice2, choice3, choice4, choice5, content, correct, create_date, filepath, modify_date, score, subject, teacher_id, time, view) values (?, ?, ?, ?, ?, ?, ?, ?, ?, ?, ?, ?, ?, ?, ?, ?)
make question 2110
Hibernate: insert into question (answer, choice1, choice2, choice3, choice4, choice5, content, correct, create_date, filepath, modify_date, score, subject, teacher_id, time, view) values (?, ?, ?, ?, ?, ?, ?, ?, ?, ?, ?, ?, ?, ?, ?, ?)
make question 2111
Hibernate: insert into question (answer, choice1, choice2, choice3, choice4, choice5, content, correct, create_date, filepath, modify_date, score, subject, teacher_id, time, view) values (?, ?, ?, ?, ?, ?, ?, ?, ?, ?, ?, ?, ?, ?, ?, ?)
make question 2112
Hibernate: insert into question (answer, choice1, choice2, choice3, choice4, choice5, content, correct, create_date, filepath, modify_date, score, subject, teacher_id, time, view) values (?, ?, ?, ?, ?, ?, ?, ?, ?, ?, ?, ?, ?, ?, ?, ?)
make question 2113
Hibernate: insert into question (answer, choice1, choice2, choice3, choice4, choice5, content, correct, create_date, filepath, modify_date, score, subject, teacher_id, time, view) values (?, ?, ?, ?, ?, ?, ?, ?, ?, ?, ?, ?, ?, ?, ?, ?)
make question 2114
Hibernate: insert into question (answer, choice1, choice2, choice3, choice4, choice5, content, correct, create_date, filepath, modify_date, score, subject, teacher_id, time, view) values (?, ?, ?, ?, ?, ?, ?, ?, ?, ?, ?, ?, ?, ?, ?, ?)
make question 2115
Hibernate: insert into question (answer, choice1, choice2, choice3, choice4, choice5, content, correct, create_date, filepath, modify_date, score, subject, teacher_id, time, view) values (?, ?, ?, ?, ?, ?, ?, ?, ?, ?, ?, ?, ?, ?, ?, ?)
make question 2116
Hibernate: insert into question (answer, choice1, choice2, choice3, choice4, choice5, content, correct, create_date, filepath, modify_date, score, subject, teacher_id, time, view) values (?, ?, ?, ?, ?, ?, ?, ?, ?, ?, ?, ?, ?, ?, ?, ?)
make question 2117
Hibernate: insert into question (answer, choice1, choice2, choice3, choice4, choice5, content, correct, create_date, filepath, modify_date, score, subject, teacher_id, time, view) values (?, ?, ?, ?, ?, ?, ?, ?, ?, ?, ?, ?, ?, ?, ?, ?)
make question 2118
Hibernate: insert into question (answer, choice1, choice2, choice3, choice4, choice5, content, correct, create_date, filepath, modify_date, score, subject, teacher_id, time, view) values (?, ?, ?, ?, ?, ?, ?, ?, ?, ?, ?, ?, ?, ?, ?, ?)
make question 2119
Hibernate: insert into question (answer, choice1, choice2, choice3, choice4, choice5, content, correct, create_date, filepath, modify_date, score, subject, teacher_id, time, view) values (?, ?, ?, ?, ?, ?, ?, ?, ?, ?, ?, ?, ?, ?, ?, ?)
make question 2120
Hibernate: insert into question (answer, choice1, choice2, choice3, choice4, choice5, content, correct, create_date, filepath, modify_date, score, subject, teacher_id, time, view) values (?, ?, ?, ?, ?, ?, ?, ?, ?, ?, ?, ?, ?, ?, ?, ?)
make question 2121
Hibernate: insert into question (answer, choice1, choice2, choice3, choice4, choice5, content, correct, create_date, filepath, modify_date, score, subject, teacher_id, time, view) values (?, ?, ?, ?, ?, ?, ?, ?, ?, ?, ?, ?, ?, ?, ?, ?)
make question 2122
Hibernate: insert into question (answer, choice1, choice2, choice3, choice4, choice5, content, correct, create_date, filepath, modify_date, score, subject, teacher_id, time, view) values (?, ?, ?, ?, ?, ?, ?, ?, ?, ?, ?, ?, ?, ?, ?, ?)
make question 2123
Hibernate: insert into question (answer, choice1, choice2, choice3, choice4, choice5, content, correct, create_date, filepath, modify_date, score, subject, teacher_id, time, view) values (?, ?, ?, ?, ?, ?, ?, ?, ?, ?, ?, ?, ?, ?, ?, ?)
make question 2124
Hibernate: insert into question (answer, choice1, choice2, choice3, choice4, choice5, content, correct, create_date, filepath, modify_date, score, subject, teacher_id, time, view) values (?, ?, ?, ?, ?, ?, ?, ?, ?, ?, ?, ?, ?, ?, ?, ?)
make question 2125
Hibernate: insert into question (answer, choice1, choice2, choice3, choice4, choice5, content, correct, create_date, filepath, modify_date, score, subject, teacher_id, time, view) values (?, ?, ?, ?, ?, ?, ?, ?, ?, ?, ?, ?, ?, ?, ?, ?)
make question 2126
Hibernate: insert into question (answer, choice1, choice2, choice3, choice4, choice5, content, correct, create_date, filepath, modify_date, score, subject, teacher_id, time, view) values (?, ?, ?, ?, ?, ?, ?, ?, ?, ?, ?, ?, ?, ?, ?, ?)
make question 2127
Hibernate: insert into question (answer, choice1, choice2, choice3, choice4, choice5, content, correct, create_date, filepath, modify_date, score, subject, teacher_id, time, view) values (?, ?, ?, ?, ?, ?, ?, ?, ?, ?, ?, ?, ?, ?, ?, ?)
make question 2128
Hibernate: insert into question (answer, choice1, choice2, choice3, choice4, choice5, content, correct, create_date, filepath, modify_date, score, subject, teacher_id, time, view) values (?, ?, ?, ?, ?, ?, ?, ?, ?, ?, ?, ?, ?, ?, ?, ?)
make question 2129
Hibernate: insert into question (answer, choice1, choice2, choice3, choice4, choice5, content, correct, create_date, filepath, modify_date, score, subject, teacher_id, time, view) values (?, ?, ?, ?, ?, ?, ?, ?, ?, ?, ?, ?, ?, ?, ?, ?)
make question 2130
Hibernate: insert into question (answer, choice1, choice2, choice3, choice4, choice5, content, correct, create_date, filepath, modify_date, score, subject, teacher_id, time, view) values (?, ?, ?, ?, ?, ?, ?, ?, ?, ?, ?, ?, ?, ?, ?, ?)
make question 2131
Hibernate: insert into question (answer, choice1, choice2, choice3, choice4, choice5, content, correct, create_date, filepath, modify_date, score, subject, teacher_id, time, view) values (?, ?, ?, ?, ?, ?, ?, ?, ?, ?, ?, ?, ?, ?, ?, ?)
make question 2132
Hibernate: insert into question (answer, choice1, choice2, choice3, choice4, choice5, content, correct, create_date, filepath, modify_date, score, subject, teacher_id, time, view) values (?, ?, ?, ?, ?, ?, ?, ?, ?, ?, ?, ?, ?, ?, ?, ?)
make question 2133
Hibernate: insert into question (answer, choice1, choice2, choice3, choice4, choice5, content, correct, create_date, filepath, modify_date, score, subject, teacher_id, time, view) values (?, ?, ?, ?, ?, ?, ?, ?, ?, ?, ?, ?, ?, ?, ?, ?)
make question 2134
Hibernate: insert into question (answer, choice1, choice2, choice3, choice4, choice5, content, correct, create_date, filepath, modify_date, score, subject, teacher_id, time, view) values (?, ?, ?, ?, ?, ?, ?, ?, ?, ?, ?, ?, ?, ?, ?, ?)
make question 2135
Hibernate: insert into question (answer, choice1, choice2, choice3, choice4, choice5, content, correct, create_date, filepath, modify_date, score, subject, teacher_id, time, view) values (?, ?, ?, ?, ?, ?, ?, ?, ?, ?, ?, ?, ?, ?, ?, ?)
make question 2136
Hibernate: insert into question (answer, choice1, choice2, choice3, choice4, choice5, content, correct, create_date, filepath, modify_date, score, subject, teacher_id, time, view) values (?, ?, ?, ?, ?, ?, ?, ?, ?, ?, ?, ?, ?, ?, ?, ?)
make question 2137
Hibernate: insert into question (answer, choice1, choice2, choice3, choice4, choice5, content, correct, create_date, filepath, modify_date, score, subject, teacher_id, time, view) values (?, ?, ?, ?, ?, ?, ?, ?, ?, ?, ?, ?, ?, ?, ?, ?)
make question 2138
Hibernate: insert into question (answer, choice1, choice2, choice3, choice4, choice5, content, correct, create_date, filepath, modify_date, score, subject, teacher_id, time, view) values (?, ?, ?, ?, ?, ?, ?, ?, ?, ?, ?, ?, ?, ?, ?, ?)
make question 2139
Hibernate: insert into question (answer, choice1, choice2, choice3, choice4, choice5, content, correct, create_date, filepath, modify_date, score, subject, teacher_id, time, view) values (?, ?, ?, ?, ?, ?, ?, ?, ?, ?, ?, ?, ?, ?, ?, ?)
make question 2140
Hibernate: insert into question (answer, choice1, choice2, choice3, choice4, choice5, content, correct, create_date, filepath, modify_date, score, subject, teacher_id, time, view) values (?, ?, ?, ?, ?, ?, ?, ?, ?, ?, ?, ?, ?, ?, ?, ?)
make question 2141
Hibernate: insert into question (answer, choice1, choice2, choice3, choice4, choice5, content, correct, create_date, filepath, modify_date, score, subject, teacher_id, time, view) values (?, ?, ?, ?, ?, ?, ?, ?, ?, ?, ?, ?, ?, ?, ?, ?)
make question 2142
Hibernate: insert into question (answer, choice1, choice2, choice3, choice4, choice5, content, correct, create_date, filepath, modify_date, score, subject, teacher_id, time, view) values (?, ?, ?, ?, ?, ?, ?, ?, ?, ?, ?, ?, ?, ?, ?, ?)
make question 2143
Hibernate: insert into question (answer, choice1, choice2, choice3, choice4, choice5, content, correct, create_date, filepath, modify_date, score, subject, teacher_id, time, view) values (?, ?, ?, ?, ?, ?, ?, ?, ?, ?, ?, ?, ?, ?, ?, ?)
make question 2144
Hibernate: insert into question (answer, choice1, choice2, choice3, choice4, choice5, content, correct, create_date, filepath, modify_date, score, subject, teacher_id, time, view) values (?, ?, ?, ?, ?, ?, ?, ?, ?, ?, ?, ?, ?, ?, ?, ?)
make question 2145
Hibernate: insert into question (answer, choice1, choice2, choice3, choice4, choice5, content, correct, create_date, filepath, modify_date, score, subject, teacher_id, time, view) values (?, ?, ?, ?, ?, ?, ?, ?, ?, ?, ?, ?, ?, ?, ?, ?)
make question 2146
Hibernate: insert into question (answer, choice1, choice2, choice3, choice4, choice5, content, correct, create_date, filepath, modify_date, score, subject, teacher_id, time, view) values (?, ?, ?, ?, ?, ?, ?, ?, ?, ?, ?, ?, ?, ?, ?, ?)
make question 2147
Hibernate: insert into question (answer, choice1, choice2, choice3, choice4, choice5, content, correct, create_date, filepath, modify_date, score, subject, teacher_id, time, view) values (?, ?, ?, ?, ?, ?, ?, ?, ?, ?, ?, ?, ?, ?, ?, ?)
make question 2148
Hibernate: insert into question (answer, choice1, choice2, choice3, choice4, choice5, content, correct, create_date, filepath, modify_date, score, subject, teacher_id, time, view) values (?, ?, ?, ?, ?, ?, ?, ?, ?, ?, ?, ?, ?, ?, ?, ?)
make question 2149
Hibernate: insert into question (answer, choice1, choice2, choice3, choice4, choice5, content, correct, create_date, filepath, modify_date, score, subject, teacher_id, time, view) values (?, ?, ?, ?, ?, ?, ?, ?, ?, ?, ?, ?, ?, ?, ?, ?)
make question 2150
Hibernate: insert into question (answer, choice1, choice2, choice3, choice4, choice5, content, correct, create_date, filepath, modify_date, score, subject, teacher_id, time, view) values (?, ?, ?, ?, ?, ?, ?, ?, ?, ?, ?, ?, ?, ?, ?, ?)
make question 2151
Hibernate: insert into question (answer, choice1, choice2, choice3, choice4, choice5, content, correct, create_date, filepath, modify_date, score, subject, teacher_id, time, view) values (?, ?, ?, ?, ?, ?, ?, ?, ?, ?, ?, ?, ?, ?, ?, ?)
make question 2152
Hibernate: insert into question (answer, choice1, choice2, choice3, choice4, choice5, content, correct, create_date, filepath, modify_date, score, subject, teacher_id, time, view) values (?, ?, ?, ?, ?, ?, ?, ?, ?, ?, ?, ?, ?, ?, ?, ?)
make question 2153
Hibernate: insert into question (answer, choice1, choice2, choice3, choice4, choice5, content, correct, create_date, filepath, modify_date, score, subject, teacher_id, time, view) values (?, ?, ?, ?, ?, ?, ?, ?, ?, ?, ?, ?, ?, ?, ?, ?)
make question 2154
Hibernate: insert into question (answer, choice1, choice2, choice3, choice4, choice5, content, correct, create_date, filepath, modify_date, score, subject, teacher_id, time, view) values (?, ?, ?, ?, ?, ?, ?, ?, ?, ?, ?, ?, ?, ?, ?, ?)
make question 2155
Hibernate: insert into question (answer, choice1, choice2, choice3, choice4, choice5, content, correct, create_date, filepath, modify_date, score, subject, teacher_id, time, view) values (?, ?, ?, ?, ?, ?, ?, ?, ?, ?, ?, ?, ?, ?, ?, ?)
make question 2156
Hibernate: insert into question (answer, choice1, choice2, choice3, choice4, choice5, content, correct, create_date, filepath, modify_date, score, subject, teacher_id, time, view) values (?, ?, ?, ?, ?, ?, ?, ?, ?, ?, ?, ?, ?, ?, ?, ?)
make question 2157
Hibernate: insert into question (answer, choice1, choice2, choice3, choice4, choice5, content, correct, create_date, filepath, modify_date, score, subject, teacher_id, time, view) values (?, ?, ?, ?, ?, ?, ?, ?, ?, ?, ?, ?, ?, ?, ?, ?)
make question 2158
Hibernate: insert into question (answer, choice1, choice2, choice3, choice4, choice5, content, correct, create_date, filepath, modify_date, score, subject, teacher_id, time, view) values (?, ?, ?, ?, ?, ?, ?, ?, ?, ?, ?, ?, ?, ?, ?, ?)
make question 2159
Hibernate: insert into question (answer, choice1, choice2, choice3, choice4, choice5, content, correct, create_date, filepath, modify_date, score, subject, teacher_id, time, view) values (?, ?, ?, ?, ?, ?, ?, ?, ?, ?, ?, ?, ?, ?, ?, ?)
make question 2160
Hibernate: insert into question (answer, choice1, choice2, choice3, choice4, choice5, content, correct, create_date, filepath, modify_date, score, subject, teacher_id, time, view) values (?, ?, ?, ?, ?, ?, ?, ?, ?, ?, ?, ?, ?, ?, ?, ?)
make question 2161
Hibernate: insert into question (answer, choice1, choice2, choice3, choice4, choice5, content, correct, create_date, filepath, modify_date, score, subject, teacher_id, time, view) values (?, ?, ?, ?, ?, ?, ?, ?, ?, ?, ?, ?, ?, ?, ?, ?)
make question 2162
Hibernate: insert into question (answer, choice1, choice2, choice3, choice4, choice5, content, correct, create_date, filepath, modify_date, score, subject, teacher_id, time, view) values (?, ?, ?, ?, ?, ?, ?, ?, ?, ?, ?, ?, ?, ?, ?, ?)
make question 2163
Hibernate: insert into question (answer, choice1, choice2, choice3, choice4, choice5, content, correct, create_date, filepath, modify_date, score, subject, teacher_id, time, view) values (?, ?, ?, ?, ?, ?, ?, ?, ?, ?, ?, ?, ?, ?, ?, ?)
make question 2164
Hibernate: insert into question (answer, choice1, choice2, choice3, choice4, choice5, content, correct, create_date, filepath, modify_date, score, subject, teacher_id, time, view) values (?, ?, ?, ?, ?, ?, ?, ?, ?, ?, ?, ?, ?, ?, ?, ?)
make question 2165
Hibernate: insert into question (answer, choice1, choice2, choice3, choice4, choice5, content, correct, create_date, filepath, modify_date, score, subject, teacher_id, time, view) values (?, ?, ?, ?, ?, ?, ?, ?, ?, ?, ?, ?, ?, ?, ?, ?)
make question 2166
Hibernate: insert into question (answer, choice1, choice2, choice3, choice4, choice5, content, correct, create_date, filepath, modify_date, score, subject, teacher_id, time, view) values (?, ?, ?, ?, ?, ?, ?, ?, ?, ?, ?, ?, ?, ?, ?, ?)
make question 2167
Hibernate: insert into question (answer, choice1, choice2, choice3, choice4, choice5, content, correct, create_date, filepath, modify_date, score, subject, teacher_id, time, view) values (?, ?, ?, ?, ?, ?, ?, ?, ?, ?, ?, ?, ?, ?, ?, ?)
make question 2168
Hibernate: insert into question (answer, choice1, choice2, choice3, choice4, choice5, content, correct, create_date, filepath, modify_date, score, subject, teacher_id, time, view) values (?, ?, ?, ?, ?, ?, ?, ?, ?, ?, ?, ?, ?, ?, ?, ?)
make question 2169
Hibernate: insert into question (answer, choice1, choice2, choice3, choice4, choice5, content, correct, create_date, filepath, modify_date, score, subject, teacher_id, time, view) values (?, ?, ?, ?, ?, ?, ?, ?, ?, ?, ?, ?, ?, ?, ?, ?)
make question 2170
Hibernate: insert into question (answer, choice1, choice2, choice3, choice4, choice5, content, correct, create_date, filepath, modify_date, score, subject, teacher_id, time, view) values (?, ?, ?, ?, ?, ?, ?, ?, ?, ?, ?, ?, ?, ?, ?, ?)
make question 2171
Hibernate: insert into question (answer, choice1, choice2, choice3, choice4, choice5, content, correct, create_date, filepath, modify_date, score, subject, teacher_id, time, view) values (?, ?, ?, ?, ?, ?, ?, ?, ?, ?, ?, ?, ?, ?, ?, ?)
make question 2172
Hibernate: insert into question (answer, choice1, choice2, choice3, choice4, choice5, content, correct, create_date, filepath, modify_date, score, subject, teacher_id, time, view) values (?, ?, ?, ?, ?, ?, ?, ?, ?, ?, ?, ?, ?, ?, ?, ?)
make question 2173
Hibernate: insert into question (answer, choice1, choice2, choice3, choice4, choice5, content, correct, create_date, filepath, modify_date, score, subject, teacher_id, time, view) values (?, ?, ?, ?, ?, ?, ?, ?, ?, ?, ?, ?, ?, ?, ?, ?)
make question 2174
Hibernate: insert into question (answer, choice1, choice2, choice3, choice4, choice5, content, correct, create_date, filepath, modify_date, score, subject, teacher_id, time, view) values (?, ?, ?, ?, ?, ?, ?, ?, ?, ?, ?, ?, ?, ?, ?, ?)
make question 2175
Hibernate: insert into question (answer, choice1, choice2, choice3, choice4, choice5, content, correct, create_date, filepath, modify_date, score, subject, teacher_id, time, view) values (?, ?, ?, ?, ?, ?, ?, ?, ?, ?, ?, ?, ?, ?, ?, ?)
make question 2176
Hibernate: insert into question (answer, choice1, choice2, choice3, choice4, choice5, content, correct, create_date, filepath, modify_date, score, subject, teacher_id, time, view) values (?, ?, ?, ?, ?, ?, ?, ?, ?, ?, ?, ?, ?, ?, ?, ?)
make question 2177
Hibernate: insert into question (answer, choice1, choice2, choice3, choice4, choice5, content, correct, create_date, filepath, modify_date, score, subject, teacher_id, time, view) values (?, ?, ?, ?, ?, ?, ?, ?, ?, ?, ?, ?, ?, ?, ?, ?)
make question 2178
Hibernate: insert into question (answer, choice1, choice2, choice3, choice4, choice5, content, correct, create_date, filepath, modify_date, score, subject, teacher_id, time, view) values (?, ?, ?, ?, ?, ?, ?, ?, ?, ?, ?, ?, ?, ?, ?, ?)
make question 2179
Hibernate: insert into question (answer, choice1, choice2, choice3, choice4, choice5, content, correct, create_date, filepath, modify_date, score, subject, teacher_id, time, view) values (?, ?, ?, ?, ?, ?, ?, ?, ?, ?, ?, ?, ?, ?, ?, ?)
make question 2180
Hibernate: insert into question (answer, choice1, choice2, choice3, choice4, choice5, content, correct, create_date, filepath, modify_date, score, subject, teacher_id, time, view) values (?, ?, ?, ?, ?, ?, ?, ?, ?, ?, ?, ?, ?, ?, ?, ?)
make question 2181
Hibernate: insert into question (answer, choice1, choice2, choice3, choice4, choice5, content, correct, create_date, filepath, modify_date, score, subject, teacher_id, time, view) values (?, ?, ?, ?, ?, ?, ?, ?, ?, ?, ?, ?, ?, ?, ?, ?)
make question 2182
Hibernate: insert into question (answer, choice1, choice2, choice3, choice4, choice5, content, correct, create_date, filepath, modify_date, score, subject, teacher_id, time, view) values (?, ?, ?, ?, ?, ?, ?, ?, ?, ?, ?, ?, ?, ?, ?, ?)
make question 2183
Hibernate: insert into question (answer, choice1, choice2, choice3, choice4, choice5, content, correct, create_date, filepath, modify_date, score, subject, teacher_id, time, view) values (?, ?, ?, ?, ?, ?, ?, ?, ?, ?, ?, ?, ?, ?, ?, ?)
make question 2184
Hibernate: insert into question (answer, choice1, choice2, choice3, choice4, choice5, content, correct, create_date, filepath, modify_date, score, subject, teacher_id, time, view) values (?, ?, ?, ?, ?, ?, ?, ?, ?, ?, ?, ?, ?, ?, ?, ?)
make question 2185
Hibernate: insert into question (answer, choice1, choice2, choice3, choice4, choice5, content, correct, create_date, filepath, modify_date, score, subject, teacher_id, time, view) values (?, ?, ?, ?, ?, ?, ?, ?, ?, ?, ?, ?, ?, ?, ?, ?)
make question 2186
Hibernate: insert into question (answer, choice1, choice2, choice3, choice4, choice5, content, correct, create_date, filepath, modify_date, score, subject, teacher_id, time, view) values (?, ?, ?, ?, ?, ?, ?, ?, ?, ?, ?, ?, ?, ?, ?, ?)
make question 2187
Hibernate: insert into question (answer, choice1, choice2, choice3, choice4, choice5, content, correct, create_date, filepath, modify_date, score, subject, teacher_id, time, view) values (?, ?, ?, ?, ?, ?, ?, ?, ?, ?, ?, ?, ?, ?, ?, ?)
make question 2188
Hibernate: insert into question (answer, choice1, choice2, choice3, choice4, choice5, content, correct, create_date, filepath, modify_date, score, subject, teacher_id, time, view) values (?, ?, ?, ?, ?, ?, ?, ?, ?, ?, ?, ?, ?, ?, ?, ?)
make question 2189
Hibernate: insert into question (answer, choice1, choice2, choice3, choice4, choice5, content, correct, create_date, filepath, modify_date, score, subject, teacher_id, time, view) values (?, ?, ?, ?, ?, ?, ?, ?, ?, ?, ?, ?, ?, ?, ?, ?)
make question 2190
Hibernate: insert into question (answer, choice1, choice2, choice3, choice4, choice5, content, correct, create_date, filepath, modify_date, score, subject, teacher_id, time, view) values (?, ?, ?, ?, ?, ?, ?, ?, ?, ?, ?, ?, ?, ?, ?, ?)
make question 2191
Hibernate: insert into question (answer, choice1, choice2, choice3, choice4, choice5, content, correct, create_date, filepath, modify_date, score, subject, teacher_id, time, view) values (?, ?, ?, ?, ?, ?, ?, ?, ?, ?, ?, ?, ?, ?, ?, ?)
make question 2192
Hibernate: insert into question (answer, choice1, choice2, choice3, choice4, choice5, content, correct, create_date, filepath, modify_date, score, subject, teacher_id, time, view) values (?, ?, ?, ?, ?, ?, ?, ?, ?, ?, ?, ?, ?, ?, ?, ?)
make question 2193
Hibernate: insert into question (answer, choice1, choice2, choice3, choice4, choice5, content, correct, create_date, filepath, modify_date, score, subject, teacher_id, time, view) values (?, ?, ?, ?, ?, ?, ?, ?, ?, ?, ?, ?, ?, ?, ?, ?)
make question 2194
Hibernate: insert into question (answer, choice1, choice2, choice3, choice4, choice5, content, correct, create_date, filepath, modify_date, score, subject, teacher_id, time, view) values (?, ?, ?, ?, ?, ?, ?, ?, ?, ?, ?, ?, ?, ?, ?, ?)
make question 2195
Hibernate: insert into question (answer, choice1, choice2, choice3, choice4, choice5, content, correct, create_date, filepath, modify_date, score, subject, teacher_id, time, view) values (?, ?, ?, ?, ?, ?, ?, ?, ?, ?, ?, ?, ?, ?, ?, ?)
make question 2196
Hibernate: insert into question (answer, choice1, choice2, choice3, choice4, choice5, content, correct, create_date, filepath, modify_date, score, subject, teacher_id, time, view) values (?, ?, ?, ?, ?, ?, ?, ?, ?, ?, ?, ?, ?, ?, ?, ?)
make question 2197
Hibernate: insert into question (answer, choice1, choice2, choice3, choice4, choice5, content, correct, create_date, filepath, modify_date, score, subject, teacher_id, time, view) values (?, ?, ?, ?, ?, ?, ?, ?, ?, ?, ?, ?, ?, ?, ?, ?)
make question 2198
Hibernate: insert into question (answer, choice1, choice2, choice3, choice4, choice5, content, correct, create_date, filepath, modify_date, score, subject, teacher_id, time, view) values (?, ?, ?, ?, ?, ?, ?, ?, ?, ?, ?, ?, ?, ?, ?, ?)
make question 2199
Hibernate: insert into question (answer, choice1, choice2, choice3, choice4, choice5, content, correct, create_date, filepath, modify_date, score, subject, teacher_id, time, view) values (?, ?, ?, ?, ?, ?, ?, ?, ?, ?, ?, ?, ?, ?, ?, ?)
make question 2200
Hibernate: insert into question (answer, choice1, choice2, choice3, choice4, choice5, content, correct, create_date, filepath, modify_date, score, subject, teacher_id, time, view) values (?, ?, ?, ?, ?, ?, ?, ?, ?, ?, ?, ?, ?, ?, ?, ?)
make question 2201
Hibernate: insert into question (answer, choice1, choice2, choice3, choice4, choice5, content, correct, create_date, filepath, modify_date, score, subject, teacher_id, time, view) values (?, ?, ?, ?, ?, ?, ?, ?, ?, ?, ?, ?, ?, ?, ?, ?)
make question 2202
Hibernate: insert into question (answer, choice1, choice2, choice3, choice4, choice5, content, correct, create_date, filepath, modify_date, score, subject, teacher_id, time, view) values (?, ?, ?, ?, ?, ?, ?, ?, ?, ?, ?, ?, ?, ?, ?, ?)
make question 2203
Hibernate: insert into question (answer, choice1, choice2, choice3, choice4, choice5, content, correct, create_date, filepath, modify_date, score, subject, teacher_id, time, view) values (?, ?, ?, ?, ?, ?, ?, ?, ?, ?, ?, ?, ?, ?, ?, ?)
make question 2204
Hibernate: insert into question (answer, choice1, choice2, choice3, choice4, choice5, content, correct, create_date, filepath, modify_date, score, subject, teacher_id, time, view) values (?, ?, ?, ?, ?, ?, ?, ?, ?, ?, ?, ?, ?, ?, ?, ?)
make question 2205
Hibernate: insert into question (answer, choice1, choice2, choice3, choice4, choice5, content, correct, create_date, filepath, modify_date, score, subject, teacher_id, time, view) values (?, ?, ?, ?, ?, ?, ?, ?, ?, ?, ?, ?, ?, ?, ?, ?)
make question 2206
Hibernate: insert into question (answer, choice1, choice2, choice3, choice4, choice5, content, correct, create_date, filepath, modify_date, score, subject, teacher_id, time, view) values (?, ?, ?, ?, ?, ?, ?, ?, ?, ?, ?, ?, ?, ?, ?, ?)
make question 2207
Hibernate: insert into question (answer, choice1, choice2, choice3, choice4, choice5, content, correct, create_date, filepath, modify_date, score, subject, teacher_id, time, view) values (?, ?, ?, ?, ?, ?, ?, ?, ?, ?, ?, ?, ?, ?, ?, ?)
make question 2208
Hibernate: insert into question (answer, choice1, choice2, choice3, choice4, choice5, content, correct, create_date, filepath, modify_date, score, subject, teacher_id, time, view) values (?, ?, ?, ?, ?, ?, ?, ?, ?, ?, ?, ?, ?, ?, ?, ?)
make question 2209
Hibernate: insert into question (answer, choice1, choice2, choice3, choice4, choice5, content, correct, create_date, filepath, modify_date, score, subject, teacher_id, time, view) values (?, ?, ?, ?, ?, ?, ?, ?, ?, ?, ?, ?, ?, ?, ?, ?)
make question 2210
Hibernate: insert into question (answer, choice1, choice2, choice3, choice4, choice5, content, correct, create_date, filepath, modify_date, score, subject, teacher_id, time, view) values (?, ?, ?, ?, ?, ?, ?, ?, ?, ?, ?, ?, ?, ?, ?, ?)
make question 2211
Hibernate: insert into question (answer, choice1, choice2, choice3, choice4, choice5, content, correct, create_date, filepath, modify_date, score, subject, teacher_id, time, view) values (?, ?, ?, ?, ?, ?, ?, ?, ?, ?, ?, ?, ?, ?, ?, ?)
make question 2212
Hibernate: insert into question (answer, choice1, choice2, choice3, choice4, choice5, content, correct, create_date, filepath, modify_date, score, subject, teacher_id, time, view) values (?, ?, ?, ?, ?, ?, ?, ?, ?, ?, ?, ?, ?, ?, ?, ?)
make question 2213
Hibernate: insert into question (answer, choice1, choice2, choice3, choice4, choice5, content, correct, create_date, filepath, modify_date, score, subject, teacher_id, time, view) values (?, ?, ?, ?, ?, ?, ?, ?, ?, ?, ?, ?, ?, ?, ?, ?)
make question 2214
Hibernate: insert into question (answer, choice1, choice2, choice3, choice4, choice5, content, correct, create_date, filepath, modify_date, score, subject, teacher_id, time, view) values (?, ?, ?, ?, ?, ?, ?, ?, ?, ?, ?, ?, ?, ?, ?, ?)
make question 2215
Hibernate: insert into question (answer, choice1, choice2, choice3, choice4, choice5, content, correct, create_date, filepath, modify_date, score, subject, teacher_id, time, view) values (?, ?, ?, ?, ?, ?, ?, ?, ?, ?, ?, ?, ?, ?, ?, ?)
make question 2216
Hibernate: insert into question (answer, choice1, choice2, choice3, choice4, choice5, content, correct, create_date, filepath, modify_date, score, subject, teacher_id, time, view) values (?, ?, ?, ?, ?, ?, ?, ?, ?, ?, ?, ?, ?, ?, ?, ?)
make question 2217
Hibernate: insert into question (answer, choice1, choice2, choice3, choice4, choice5, content, correct, create_date, filepath, modify_date, score, subject, teacher_id, time, view) values (?, ?, ?, ?, ?, ?, ?, ?, ?, ?, ?, ?, ?, ?, ?, ?)
make question 2218
Hibernate: insert into question (answer, choice1, choice2, choice3, choice4, choice5, content, correct, create_date, filepath, modify_date, score, subject, teacher_id, time, view) values (?, ?, ?, ?, ?, ?, ?, ?, ?, ?, ?, ?, ?, ?, ?, ?)
make question 2219
Hibernate: insert into question (answer, choice1, choice2, choice3, choice4, choice5, content, correct, create_date, filepath, modify_date, score, subject, teacher_id, time, view) values (?, ?, ?, ?, ?, ?, ?, ?, ?, ?, ?, ?, ?, ?, ?, ?)
make question 2220
Hibernate: insert into question (answer, choice1, choice2, choice3, choice4, choice5, content, correct, create_date, filepath, modify_date, score, subject, teacher_id, time, view) values (?, ?, ?, ?, ?, ?, ?, ?, ?, ?, ?, ?, ?, ?, ?, ?)
make question 2221
Hibernate: insert into question (answer, choice1, choice2, choice3, choice4, choice5, content, correct, create_date, filepath, modify_date, score, subject, teacher_id, time, view) values (?, ?, ?, ?, ?, ?, ?, ?, ?, ?, ?, ?, ?, ?, ?, ?)
make question 2222
Hibernate: insert into question (answer, choice1, choice2, choice3, choice4, choice5, content, correct, create_date, filepath, modify_date, score, subject, teacher_id, time, view) values (?, ?, ?, ?, ?, ?, ?, ?, ?, ?, ?, ?, ?, ?, ?, ?)
make question 2223
Hibernate: insert into question (answer, choice1, choice2, choice3, choice4, choice5, content, correct, create_date, filepath, modify_date, score, subject, teacher_id, time, view) values (?, ?, ?, ?, ?, ?, ?, ?, ?, ?, ?, ?, ?, ?, ?, ?)
make question 2224
Hibernate: insert into question (answer, choice1, choice2, choice3, choice4, choice5, content, correct, create_date, filepath, modify_date, score, subject, teacher_id, time, view) values (?, ?, ?, ?, ?, ?, ?, ?, ?, ?, ?, ?, ?, ?, ?, ?)
make question 2225
Hibernate: insert into question (answer, choice1, choice2, choice3, choice4, choice5, content, correct, create_date, filepath, modify_date, score, subject, teacher_id, time, view) values (?, ?, ?, ?, ?, ?, ?, ?, ?, ?, ?, ?, ?, ?, ?, ?)
make question 2226
Hibernate: insert into question (answer, choice1, choice2, choice3, choice4, choice5, content, correct, create_date, filepath, modify_date, score, subject, teacher_id, time, view) values (?, ?, ?, ?, ?, ?, ?, ?, ?, ?, ?, ?, ?, ?, ?, ?)
make question 2227
Hibernate: insert into question (answer, choice1, choice2, choice3, choice4, choice5, content, correct, create_date, filepath, modify_date, score, subject, teacher_id, time, view) values (?, ?, ?, ?, ?, ?, ?, ?, ?, ?, ?, ?, ?, ?, ?, ?)
make question 2228
Hibernate: insert into question (answer, choice1, choice2, choice3, choice4, choice5, content, correct, create_date, filepath, modify_date, score, subject, teacher_id, time, view) values (?, ?, ?, ?, ?, ?, ?, ?, ?, ?, ?, ?, ?, ?, ?, ?)
make question 2229
Hibernate: insert into question (answer, choice1, choice2, choice3, choice4, choice5, content, correct, create_date, filepath, modify_date, score, subject, teacher_id, time, view) values (?, ?, ?, ?, ?, ?, ?, ?, ?, ?, ?, ?, ?, ?, ?, ?)
make question 2230
Hibernate: insert into question (answer, choice1, choice2, choice3, choice4, choice5, content, correct, create_date, filepath, modify_date, score, subject, teacher_id, time, view) values (?, ?, ?, ?, ?, ?, ?, ?, ?, ?, ?, ?, ?, ?, ?, ?)
make question 2231
Hibernate: insert into question (answer, choice1, choice2, choice3, choice4, choice5, content, correct, create_date, filepath, modify_date, score, subject, teacher_id, time, view) values (?, ?, ?, ?, ?, ?, ?, ?, ?, ?, ?, ?, ?, ?, ?, ?)
make question 2232
Hibernate: insert into question (answer, choice1, choice2, choice3, choice4, choice5, content, correct, create_date, filepath, modify_date, score, subject, teacher_id, time, view) values (?, ?, ?, ?, ?, ?, ?, ?, ?, ?, ?, ?, ?, ?, ?, ?)
make question 2233
Hibernate: insert into question (answer, choice1, choice2, choice3, choice4, choice5, content, correct, create_date, filepath, modify_date, score, subject, teacher_id, time, view) values (?, ?, ?, ?, ?, ?, ?, ?, ?, ?, ?, ?, ?, ?, ?, ?)
make question 2234
Hibernate: insert into question (answer, choice1, choice2, choice3, choice4, choice5, content, correct, create_date, filepath, modify_date, score, subject, teacher_id, time, view) values (?, ?, ?, ?, ?, ?, ?, ?, ?, ?, ?, ?, ?, ?, ?, ?)
make question 2235
Hibernate: insert into question (answer, choice1, choice2, choice3, choice4, choice5, content, correct, create_date, filepath, modify_date, score, subject, teacher_id, time, view) values (?, ?, ?, ?, ?, ?, ?, ?, ?, ?, ?, ?, ?, ?, ?, ?)
make question 2236
Hibernate: insert into question (answer, choice1, choice2, choice3, choice4, choice5, content, correct, create_date, filepath, modify_date, score, subject, teacher_id, time, view) values (?, ?, ?, ?, ?, ?, ?, ?, ?, ?, ?, ?, ?, ?, ?, ?)
make question 2237
Hibernate: insert into question (answer, choice1, choice2, choice3, choice4, choice5, content, correct, create_date, filepath, modify_date, score, subject, teacher_id, time, view) values (?, ?, ?, ?, ?, ?, ?, ?, ?, ?, ?, ?, ?, ?, ?, ?)
make question 2238
Hibernate: insert into question (answer, choice1, choice2, choice3, choice4, choice5, content, correct, create_date, filepath, modify_date, score, subject, teacher_id, time, view) values (?, ?, ?, ?, ?, ?, ?, ?, ?, ?, ?, ?, ?, ?, ?, ?)
make question 2239
Hibernate: insert into question (answer, choice1, choice2, choice3, choice4, choice5, content, correct, create_date, filepath, modify_date, score, subject, teacher_id, time, view) values (?, ?, ?, ?, ?, ?, ?, ?, ?, ?, ?, ?, ?, ?, ?, ?)
make question 2240
Hibernate: insert into question (answer, choice1, choice2, choice3, choice4, choice5, content, correct, create_date, filepath, modify_date, score, subject, teacher_id, time, view) values (?, ?, ?, ?, ?, ?, ?, ?, ?, ?, ?, ?, ?, ?, ?, ?)
make question 2241
Hibernate: insert into question (answer, choice1, choice2, choice3, choice4, choice5, content, correct, create_date, filepath, modify_date, score, subject, teacher_id, time, view) values (?, ?, ?, ?, ?, ?, ?, ?, ?, ?, ?, ?, ?, ?, ?, ?)
make question 2242
Hibernate: insert into question (answer, choice1, choice2, choice3, choice4, choice5, content, correct, create_date, filepath, modify_date, score, subject, teacher_id, time, view) values (?, ?, ?, ?, ?, ?, ?, ?, ?, ?, ?, ?, ?, ?, ?, ?)
make question 2243
Hibernate: insert into question (answer, choice1, choice2, choice3, choice4, choice5, content, correct, create_date, filepath, modify_date, score, subject, teacher_id, time, view) values (?, ?, ?, ?, ?, ?, ?, ?, ?, ?, ?, ?, ?, ?, ?, ?)
make question 2244
Hibernate: insert into question (answer, choice1, choice2, choice3, choice4, choice5, content, correct, create_date, filepath, modify_date, score, subject, teacher_id, time, view) values (?, ?, ?, ?, ?, ?, ?, ?, ?, ?, ?, ?, ?, ?, ?, ?)
make question 2245
Hibernate: insert into question (answer, choice1, choice2, choice3, choice4, choice5, content, correct, create_date, filepath, modify_date, score, subject, teacher_id, time, view) values (?, ?, ?, ?, ?, ?, ?, ?, ?, ?, ?, ?, ?, ?, ?, ?)
make question 2246
Hibernate: insert into question (answer, choice1, choice2, choice3, choice4, choice5, content, correct, create_date, filepath, modify_date, score, subject, teacher_id, time, view) values (?, ?, ?, ?, ?, ?, ?, ?, ?, ?, ?, ?, ?, ?, ?, ?)
make question 2247
Hibernate: insert into question (answer, choice1, choice2, choice3, choice4, choice5, content, correct, create_date, filepath, modify_date, score, subject, teacher_id, time, view) values (?, ?, ?, ?, ?, ?, ?, ?, ?, ?, ?, ?, ?, ?, ?, ?)
make question 2248
Hibernate: insert into question (answer, choice1, choice2, choice3, choice4, choice5, content, correct, create_date, filepath, modify_date, score, subject, teacher_id, time, view) values (?, ?, ?, ?, ?, ?, ?, ?, ?, ?, ?, ?, ?, ?, ?, ?)
make question 2249
Hibernate: insert into question (answer, choice1, choice2, choice3, choice4, choice5, content, correct, create_date, filepath, modify_date, score, subject, teacher_id, time, view) values (?, ?, ?, ?, ?, ?, ?, ?, ?, ?, ?, ?, ?, ?, ?, ?)
make question 2250
Hibernate: insert into question (answer, choice1, choice2, choice3, choice4, choice5, content, correct, create_date, filepath, modify_date, score, subject, teacher_id, time, view) values (?, ?, ?, ?, ?, ?, ?, ?, ?, ?, ?, ?, ?, ?, ?, ?)
make question 2251
Hibernate: insert into question (answer, choice1, choice2, choice3, choice4, choice5, content, correct, create_date, filepath, modify_date, score, subject, teacher_id, time, view) values (?, ?, ?, ?, ?, ?, ?, ?, ?, ?, ?, ?, ?, ?, ?, ?)
make question 2252
Hibernate: insert into question (answer, choice1, choice2, choice3, choice4, choice5, content, correct, create_date, filepath, modify_date, score, subject, teacher_id, time, view) values (?, ?, ?, ?, ?, ?, ?, ?, ?, ?, ?, ?, ?, ?, ?, ?)
make question 2253
Hibernate: insert into question (answer, choice1, choice2, choice3, choice4, choice5, content, correct, create_date, filepath, modify_date, score, subject, teacher_id, time, view) values (?, ?, ?, ?, ?, ?, ?, ?, ?, ?, ?, ?, ?, ?, ?, ?)
make question 2254
Hibernate: insert into question (answer, choice1, choice2, choice3, choice4, choice5, content, correct, create_date, filepath, modify_date, score, subject, teacher_id, time, view) values (?, ?, ?, ?, ?, ?, ?, ?, ?, ?, ?, ?, ?, ?, ?, ?)
make question 2255
Hibernate: insert into question (answer, choice1, choice2, choice3, choice4, choice5, content, correct, create_date, filepath, modify_date, score, subject, teacher_id, time, view) values (?, ?, ?, ?, ?, ?, ?, ?, ?, ?, ?, ?, ?, ?, ?, ?)
make question 2256
Hibernate: insert into question (answer, choice1, choice2, choice3, choice4, choice5, content, correct, create_date, filepath, modify_date, score, subject, teacher_id, time, view) values (?, ?, ?, ?, ?, ?, ?, ?, ?, ?, ?, ?, ?, ?, ?, ?)
make question 2257
Hibernate: insert into question (answer, choice1, choice2, choice3, choice4, choice5, content, correct, create_date, filepath, modify_date, score, subject, teacher_id, time, view) values (?, ?, ?, ?, ?, ?, ?, ?, ?, ?, ?, ?, ?, ?, ?, ?)
make question 2258
Hibernate: insert into question (answer, choice1, choice2, choice3, choice4, choice5, content, correct, create_date, filepath, modify_date, score, subject, teacher_id, time, view) values (?, ?, ?, ?, ?, ?, ?, ?, ?, ?, ?, ?, ?, ?, ?, ?)
make question 2259
Hibernate: insert into question (answer, choice1, choice2, choice3, choice4, choice5, content, correct, create_date, filepath, modify_date, score, subject, teacher_id, time, view) values (?, ?, ?, ?, ?, ?, ?, ?, ?, ?, ?, ?, ?, ?, ?, ?)
make question 2260
Hibernate: insert into question (answer, choice1, choice2, choice3, choice4, choice5, content, correct, create_date, filepath, modify_date, score, subject, teacher_id, time, view) values (?, ?, ?, ?, ?, ?, ?, ?, ?, ?, ?, ?, ?, ?, ?, ?)
make question 2261
Hibernate: insert into question (answer, choice1, choice2, choice3, choice4, choice5, content, correct, create_date, filepath, modify_date, score, subject, teacher_id, time, view) values (?, ?, ?, ?, ?, ?, ?, ?, ?, ?, ?, ?, ?, ?, ?, ?)
make question 2262
Hibernate: insert into question (answer, choice1, choice2, choice3, choice4, choice5, content, correct, create_date, filepath, modify_date, score, subject, teacher_id, time, view) values (?, ?, ?, ?, ?, ?, ?, ?, ?, ?, ?, ?, ?, ?, ?, ?)
make question 2263
Hibernate: insert into question (answer, choice1, choice2, choice3, choice4, choice5, content, correct, create_date, filepath, modify_date, score, subject, teacher_id, time, view) values (?, ?, ?, ?, ?, ?, ?, ?, ?, ?, ?, ?, ?, ?, ?, ?)
make question 2264
Hibernate: insert into question (answer, choice1, choice2, choice3, choice4, choice5, content, correct, create_date, filepath, modify_date, score, subject, teacher_id, time, view) values (?, ?, ?, ?, ?, ?, ?, ?, ?, ?, ?, ?, ?, ?, ?, ?)
make question 2265
Hibernate: insert into question (answer, choice1, choice2, choice3, choice4, choice5, content, correct, create_date, filepath, modify_date, score, subject, teacher_id, time, view) values (?, ?, ?, ?, ?, ?, ?, ?, ?, ?, ?, ?, ?, ?, ?, ?)
make question 2266
Hibernate: insert into question (answer, choice1, choice2, choice3, choice4, choice5, content, correct, create_date, filepath, modify_date, score, subject, teacher_id, time, view) values (?, ?, ?, ?, ?, ?, ?, ?, ?, ?, ?, ?, ?, ?, ?, ?)
make question 2267
Hibernate: insert into question (answer, choice1, choice2, choice3, choice4, choice5, content, correct, create_date, filepath, modify_date, score, subject, teacher_id, time, view) values (?, ?, ?, ?, ?, ?, ?, ?, ?, ?, ?, ?, ?, ?, ?, ?)
make question 2268
Hibernate: insert into question (answer, choice1, choice2, choice3, choice4, choice5, content, correct, create_date, filepath, modify_date, score, subject, teacher_id, time, view) values (?, ?, ?, ?, ?, ?, ?, ?, ?, ?, ?, ?, ?, ?, ?, ?)
make question 2269
Hibernate: insert into question (answer, choice1, choice2, choice3, choice4, choice5, content, correct, create_date, filepath, modify_date, score, subject, teacher_id, time, view) values (?, ?, ?, ?, ?, ?, ?, ?, ?, ?, ?, ?, ?, ?, ?, ?)
make question 2270
Hibernate: insert into question (answer, choice1, choice2, choice3, choice4, choice5, content, correct, create_date, filepath, modify_date, score, subject, teacher_id, time, view) values (?, ?, ?, ?, ?, ?, ?, ?, ?, ?, ?, ?, ?, ?, ?, ?)
make question 2271
Hibernate: insert into question (answer, choice1, choice2, choice3, choice4, choice5, content, correct, create_date, filepath, modify_date, score, subject, teacher_id, time, view) values (?, ?, ?, ?, ?, ?, ?, ?, ?, ?, ?, ?, ?, ?, ?, ?)
make question 2272
Hibernate: insert into question (answer, choice1, choice2, choice3, choice4, choice5, content, correct, create_date, filepath, modify_date, score, subject, teacher_id, time, view) values (?, ?, ?, ?, ?, ?, ?, ?, ?, ?, ?, ?, ?, ?, ?, ?)
make question 2273
Hibernate: insert into question (answer, choice1, choice2, choice3, choice4, choice5, content, correct, create_date, filepath, modify_date, score, subject, teacher_id, time, view) values (?, ?, ?, ?, ?, ?, ?, ?, ?, ?, ?, ?, ?, ?, ?, ?)
make question 2274
Hibernate: insert into question (answer, choice1, choice2, choice3, choice4, choice5, content, correct, create_date, filepath, modify_date, score, subject, teacher_id, time, view) values (?, ?, ?, ?, ?, ?, ?, ?, ?, ?, ?, ?, ?, ?, ?, ?)
make question 2275
Hibernate: insert into question (answer, choice1, choice2, choice3, choice4, choice5, content, correct, create_date, filepath, modify_date, score, subject, teacher_id, time, view) values (?, ?, ?, ?, ?, ?, ?, ?, ?, ?, ?, ?, ?, ?, ?, ?)
make question 2276
Hibernate: insert into question (answer, choice1, choice2, choice3, choice4, choice5, content, correct, create_date, filepath, modify_date, score, subject, teacher_id, time, view) values (?, ?, ?, ?, ?, ?, ?, ?, ?, ?, ?, ?, ?, ?, ?, ?)
make question 2277
Hibernate: insert into question (answer, choice1, choice2, choice3, choice4, choice5, content, correct, create_date, filepath, modify_date, score, subject, teacher_id, time, view) values (?, ?, ?, ?, ?, ?, ?, ?, ?, ?, ?, ?, ?, ?, ?, ?)
make question 2278
Hibernate: insert into question (answer, choice1, choice2, choice3, choice4, choice5, content, correct, create_date, filepath, modify_date, score, subject, teacher_id, time, view) values (?, ?, ?, ?, ?, ?, ?, ?, ?, ?, ?, ?, ?, ?, ?, ?)
make question 2279
Hibernate: insert into question (answer, choice1, choice2, choice3, choice4, choice5, content, correct, create_date, filepath, modify_date, score, subject, teacher_id, time, view) values (?, ?, ?, ?, ?, ?, ?, ?, ?, ?, ?, ?, ?, ?, ?, ?)
make question 2280
Hibernate: insert into question (answer, choice1, choice2, choice3, choice4, choice5, content, correct, create_date, filepath, modify_date, score, subject, teacher_id, time, view) values (?, ?, ?, ?, ?, ?, ?, ?, ?, ?, ?, ?, ?, ?, ?, ?)
make question 2281
Hibernate: insert into question (answer, choice1, choice2, choice3, choice4, choice5, content, correct, create_date, filepath, modify_date, score, subject, teacher_id, time, view) values (?, ?, ?, ?, ?, ?, ?, ?, ?, ?, ?, ?, ?, ?, ?, ?)
make question 2282
Hibernate: insert into question (answer, choice1, choice2, choice3, choice4, choice5, content, correct, create_date, filepath, modify_date, score, subject, teacher_id, time, view) values (?, ?, ?, ?, ?, ?, ?, ?, ?, ?, ?, ?, ?, ?, ?, ?)
make question 2283
Hibernate: insert into question (answer, choice1, choice2, choice3, choice4, choice5, content, correct, create_date, filepath, modify_date, score, subject, teacher_id, time, view) values (?, ?, ?, ?, ?, ?, ?, ?, ?, ?, ?, ?, ?, ?, ?, ?)
make question 2284
Hibernate: insert into question (answer, choice1, choice2, choice3, choice4, choice5, content, correct, create_date, filepath, modify_date, score, subject, teacher_id, time, view) values (?, ?, ?, ?, ?, ?, ?, ?, ?, ?, ?, ?, ?, ?, ?, ?)
make question 2285
Hibernate: insert into question (answer, choice1, choice2, choice3, choice4, choice5, content, correct, create_date, filepath, modify_date, score, subject, teacher_id, time, view) values (?, ?, ?, ?, ?, ?, ?, ?, ?, ?, ?, ?, ?, ?, ?, ?)
make question 2286
Hibernate: insert into question (answer, choice1, choice2, choice3, choice4, choice5, content, correct, create_date, filepath, modify_date, score, subject, teacher_id, time, view) values (?, ?, ?, ?, ?, ?, ?, ?, ?, ?, ?, ?, ?, ?, ?, ?)
make question 2287
Hibernate: insert into question (answer, choice1, choice2, choice3, choice4, choice5, content, correct, create_date, filepath, modify_date, score, subject, teacher_id, time, view) values (?, ?, ?, ?, ?, ?, ?, ?, ?, ?, ?, ?, ?, ?, ?, ?)
make question 2288
Hibernate: insert into question (answer, choice1, choice2, choice3, choice4, choice5, content, correct, create_date, filepath, modify_date, score, subject, teacher_id, time, view) values (?, ?, ?, ?, ?, ?, ?, ?, ?, ?, ?, ?, ?, ?, ?, ?)
make question 2289
Hibernate: insert into question (answer, choice1, choice2, choice3, choice4, choice5, content, correct, create_date, filepath, modify_date, score, subject, teacher_id, time, view) values (?, ?, ?, ?, ?, ?, ?, ?, ?, ?, ?, ?, ?, ?, ?, ?)
make question 2290
Hibernate: insert into question (answer, choice1, choice2, choice3, choice4, choice5, content, correct, create_date, filepath, modify_date, score, subject, teacher_id, time, view) values (?, ?, ?, ?, ?, ?, ?, ?, ?, ?, ?, ?, ?, ?, ?, ?)
make question 2291
Hibernate: insert into question (answer, choice1, choice2, choice3, choice4, choice5, content, correct, create_date, filepath, modify_date, score, subject, teacher_id, time, view) values (?, ?, ?, ?, ?, ?, ?, ?, ?, ?, ?, ?, ?, ?, ?, ?)
make question 2292
Hibernate: insert into question (answer, choice1, choice2, choice3, choice4, choice5, content, correct, create_date, filepath, modify_date, score, subject, teacher_id, time, view) values (?, ?, ?, ?, ?, ?, ?, ?, ?, ?, ?, ?, ?, ?, ?, ?)
make question 2293
Hibernate: insert into question (answer, choice1, choice2, choice3, choice4, choice5, content, correct, create_date, filepath, modify_date, score, subject, teacher_id, time, view) values (?, ?, ?, ?, ?, ?, ?, ?, ?, ?, ?, ?, ?, ?, ?, ?)
make question 2294
Hibernate: insert into question (answer, choice1, choice2, choice3, choice4, choice5, content, correct, create_date, filepath, modify_date, score, subject, teacher_id, time, view) values (?, ?, ?, ?, ?, ?, ?, ?, ?, ?, ?, ?, ?, ?, ?, ?)
make question 2295
Hibernate: insert into question (answer, choice1, choice2, choice3, choice4, choice5, content, correct, create_date, filepath, modify_date, score, subject, teacher_id, time, view) values (?, ?, ?, ?, ?, ?, ?, ?, ?, ?, ?, ?, ?, ?, ?, ?)
make question 2296
Hibernate: insert into question (answer, choice1, choice2, choice3, choice4, choice5, content, correct, create_date, filepath, modify_date, score, subject, teacher_id, time, view) values (?, ?, ?, ?, ?, ?, ?, ?, ?, ?, ?, ?, ?, ?, ?, ?)
make question 2297
Hibernate: insert into question (answer, choice1, choice2, choice3, choice4, choice5, content, correct, create_date, filepath, modify_date, score, subject, teacher_id, time, view) values (?, ?, ?, ?, ?, ?, ?, ?, ?, ?, ?, ?, ?, ?, ?, ?)
make question 2298
Hibernate: insert into question (answer, choice1, choice2, choice3, choice4, choice5, content, correct, create_date, filepath, modify_date, score, subject, teacher_id, time, view) values (?, ?, ?, ?, ?, ?, ?, ?, ?, ?, ?, ?, ?, ?, ?, ?)
make question 2299
Hibernate: insert into question (answer, choice1, choice2, choice3, choice4, choice5, content, correct, create_date, filepath, modify_date, score, subject, teacher_id, time, view) values (?, ?, ?, ?, ?, ?, ?, ?, ?, ?, ?, ?, ?, ?, ?, ?)
make question 2300
Hibernate: insert into question (answer, choice1, choice2, choice3, choice4, choice5, content, correct, create_date, filepath, modify_date, score, subject, teacher_id, time, view) values (?, ?, ?, ?, ?, ?, ?, ?, ?, ?, ?, ?, ?, ?, ?, ?)
make question 2301
Hibernate: insert into question (answer, choice1, choice2, choice3, choice4, choice5, content, correct, create_date, filepath, modify_date, score, subject, teacher_id, time, view) values (?, ?, ?, ?, ?, ?, ?, ?, ?, ?, ?, ?, ?, ?, ?, ?)
make question 2302
Hibernate: insert into question (answer, choice1, choice2, choice3, choice4, choice5, content, correct, create_date, filepath, modify_date, score, subject, teacher_id, time, view) values (?, ?, ?, ?, ?, ?, ?, ?, ?, ?, ?, ?, ?, ?, ?, ?)
make question 2303
Hibernate: insert into question (answer, choice1, choice2, choice3, choice4, choice5, content, correct, create_date, filepath, modify_date, score, subject, teacher_id, time, view) values (?, ?, ?, ?, ?, ?, ?, ?, ?, ?, ?, ?, ?, ?, ?, ?)
make question 2304
Hibernate: insert into question (answer, choice1, choice2, choice3, choice4, choice5, content, correct, create_date, filepath, modify_date, score, subject, teacher_id, time, view) values (?, ?, ?, ?, ?, ?, ?, ?, ?, ?, ?, ?, ?, ?, ?, ?)
make question 2305
Hibernate: insert into question (answer, choice1, choice2, choice3, choice4, choice5, content, correct, create_date, filepath, modify_date, score, subject, teacher_id, time, view) values (?, ?, ?, ?, ?, ?, ?, ?, ?, ?, ?, ?, ?, ?, ?, ?)
make question 2306
Hibernate: insert into question (answer, choice1, choice2, choice3, choice4, choice5, content, correct, create_date, filepath, modify_date, score, subject, teacher_id, time, view) values (?, ?, ?, ?, ?, ?, ?, ?, ?, ?, ?, ?, ?, ?, ?, ?)
make question 2307
Hibernate: insert into question (answer, choice1, choice2, choice3, choice4, choice5, content, correct, create_date, filepath, modify_date, score, subject, teacher_id, time, view) values (?, ?, ?, ?, ?, ?, ?, ?, ?, ?, ?, ?, ?, ?, ?, ?)
make question 2308
Hibernate: insert into question (answer, choice1, choice2, choice3, choice4, choice5, content, correct, create_date, filepath, modify_date, score, subject, teacher_id, time, view) values (?, ?, ?, ?, ?, ?, ?, ?, ?, ?, ?, ?, ?, ?, ?, ?)
make question 2309
Hibernate: insert into question (answer, choice1, choice2, choice3, choice4, choice5, content, correct, create_date, filepath, modify_date, score, subject, teacher_id, time, view) values (?, ?, ?, ?, ?, ?, ?, ?, ?, ?, ?, ?, ?, ?, ?, ?)
make question 2310
Hibernate: insert into question (answer, choice1, choice2, choice3, choice4, choice5, content, correct, create_date, filepath, modify_date, score, subject, teacher_id, time, view) values (?, ?, ?, ?, ?, ?, ?, ?, ?, ?, ?, ?, ?, ?, ?, ?)
make question 2311
Hibernate: insert into question (answer, choice1, choice2, choice3, choice4, choice5, content, correct, create_date, filepath, modify_date, score, subject, teacher_id, time, view) values (?, ?, ?, ?, ?, ?, ?, ?, ?, ?, ?, ?, ?, ?, ?, ?)
make question 2312
Hibernate: insert into question (answer, choice1, choice2, choice3, choice4, choice5, content, correct, create_date, filepath, modify_date, score, subject, teacher_id, time, view) values (?, ?, ?, ?, ?, ?, ?, ?, ?, ?, ?, ?, ?, ?, ?, ?)
make question 2313
Hibernate: insert into question (answer, choice1, choice2, choice3, choice4, choice5, content, correct, create_date, filepath, modify_date, score, subject, teacher_id, time, view) values (?, ?, ?, ?, ?, ?, ?, ?, ?, ?, ?, ?, ?, ?, ?, ?)
make question 2314
Hibernate: insert into question (answer, choice1, choice2, choice3, choice4, choice5, content, correct, create_date, filepath, modify_date, score, subject, teacher_id, time, view) values (?, ?, ?, ?, ?, ?, ?, ?, ?, ?, ?, ?, ?, ?, ?, ?)
make question 2315
Hibernate: insert into question (answer, choice1, choice2, choice3, choice4, choice5, content, correct, create_date, filepath, modify_date, score, subject, teacher_id, time, view) values (?, ?, ?, ?, ?, ?, ?, ?, ?, ?, ?, ?, ?, ?, ?, ?)
make question 2316
Hibernate: insert into question (answer, choice1, choice2, choice3, choice4, choice5, content, correct, create_date, filepath, modify_date, score, subject, teacher_id, time, view) values (?, ?, ?, ?, ?, ?, ?, ?, ?, ?, ?, ?, ?, ?, ?, ?)
make question 2317
Hibernate: insert into question (answer, choice1, choice2, choice3, choice4, choice5, content, correct, create_date, filepath, modify_date, score, subject, teacher_id, time, view) values (?, ?, ?, ?, ?, ?, ?, ?, ?, ?, ?, ?, ?, ?, ?, ?)
make question 2318
Hibernate: insert into question (answer, choice1, choice2, choice3, choice4, choice5, content, correct, create_date, filepath, modify_date, score, subject, teacher_id, time, view) values (?, ?, ?, ?, ?, ?, ?, ?, ?, ?, ?, ?, ?, ?, ?, ?)
make question 2319
Hibernate: insert into question (answer, choice1, choice2, choice3, choice4, choice5, content, correct, create_date, filepath, modify_date, score, subject, teacher_id, time, view) values (?, ?, ?, ?, ?, ?, ?, ?, ?, ?, ?, ?, ?, ?, ?, ?)
make question 2320
Hibernate: insert into question (answer, choice1, choice2, choice3, choice4, choice5, content, correct, create_date, filepath, modify_date, score, subject, teacher_id, time, view) values (?, ?, ?, ?, ?, ?, ?, ?, ?, ?, ?, ?, ?, ?, ?, ?)
make question 2321
Hibernate: insert into question (answer, choice1, choice2, choice3, choice4, choice5, content, correct, create_date, filepath, modify_date, score, subject, teacher_id, time, view) values (?, ?, ?, ?, ?, ?, ?, ?, ?, ?, ?, ?, ?, ?, ?, ?)
make question 2322
Hibernate: insert into question (answer, choice1, choice2, choice3, choice4, choice5, content, correct, create_date, filepath, modify_date, score, subject, teacher_id, time, view) values (?, ?, ?, ?, ?, ?, ?, ?, ?, ?, ?, ?, ?, ?, ?, ?)
make question 2323
Hibernate: insert into question (answer, choice1, choice2, choice3, choice4, choice5, content, correct, create_date, filepath, modify_date, score, subject, teacher_id, time, view) values (?, ?, ?, ?, ?, ?, ?, ?, ?, ?, ?, ?, ?, ?, ?, ?)
make question 2324
Hibernate: insert into question (answer, choice1, choice2, choice3, choice4, choice5, content, correct, create_date, filepath, modify_date, score, subject, teacher_id, time, view) values (?, ?, ?, ?, ?, ?, ?, ?, ?, ?, ?, ?, ?, ?, ?, ?)
make question 2325
Hibernate: insert into question (answer, choice1, choice2, choice3, choice4, choice5, content, correct, create_date, filepath, modify_date, score, subject, teacher_id, time, view) values (?, ?, ?, ?, ?, ?, ?, ?, ?, ?, ?, ?, ?, ?, ?, ?)
make question 2326
Hibernate: insert into question (answer, choice1, choice2, choice3, choice4, choice5, content, correct, create_date, filepath, modify_date, score, subject, teacher_id, time, view) values (?, ?, ?, ?, ?, ?, ?, ?, ?, ?, ?, ?, ?, ?, ?, ?)
make question 2327
Hibernate: insert into question (answer, choice1, choice2, choice3, choice4, choice5, content, correct, create_date, filepath, modify_date, score, subject, teacher_id, time, view) values (?, ?, ?, ?, ?, ?, ?, ?, ?, ?, ?, ?, ?, ?, ?, ?)
make question 2328
Hibernate: insert into question (answer, choice1, choice2, choice3, choice4, choice5, content, correct, create_date, filepath, modify_date, score, subject, teacher_id, time, view) values (?, ?, ?, ?, ?, ?, ?, ?, ?, ?, ?, ?, ?, ?, ?, ?)
make question 2329
Hibernate: insert into question (answer, choice1, choice2, choice3, choice4, choice5, content, correct, create_date, filepath, modify_date, score, subject, teacher_id, time, view) values (?, ?, ?, ?, ?, ?, ?, ?, ?, ?, ?, ?, ?, ?, ?, ?)
make question 2330
Hibernate: insert into question (answer, choice1, choice2, choice3, choice4, choice5, content, correct, create_date, filepath, modify_date, score, subject, teacher_id, time, view) values (?, ?, ?, ?, ?, ?, ?, ?, ?, ?, ?, ?, ?, ?, ?, ?)
make question 2331
Hibernate: insert into question (answer, choice1, choice2, choice3, choice4, choice5, content, correct, create_date, filepath, modify_date, score, subject, teacher_id, time, view) values (?, ?, ?, ?, ?, ?, ?, ?, ?, ?, ?, ?, ?, ?, ?, ?)
make question 2332
Hibernate: insert into question (answer, choice1, choice2, choice3, choice4, choice5, content, correct, create_date, filepath, modify_date, score, subject, teacher_id, time, view) values (?, ?, ?, ?, ?, ?, ?, ?, ?, ?, ?, ?, ?, ?, ?, ?)
make question 2333
Hibernate: insert into question (answer, choice1, choice2, choice3, choice4, choice5, content, correct, create_date, filepath, modify_date, score, subject, teacher_id, time, view) values (?, ?, ?, ?, ?, ?, ?, ?, ?, ?, ?, ?, ?, ?, ?, ?)
make question 2334
Hibernate: insert into question (answer, choice1, choice2, choice3, choice4, choice5, content, correct, create_date, filepath, modify_date, score, subject, teacher_id, time, view) values (?, ?, ?, ?, ?, ?, ?, ?, ?, ?, ?, ?, ?, ?, ?, ?)
make question 2335
Hibernate: insert into question (answer, choice1, choice2, choice3, choice4, choice5, content, correct, create_date, filepath, modify_date, score, subject, teacher_id, time, view) values (?, ?, ?, ?, ?, ?, ?, ?, ?, ?, ?, ?, ?, ?, ?, ?)
make question 2336
Hibernate: insert into question (answer, choice1, choice2, choice3, choice4, choice5, content, correct, create_date, filepath, modify_date, score, subject, teacher_id, time, view) values (?, ?, ?, ?, ?, ?, ?, ?, ?, ?, ?, ?, ?, ?, ?, ?)
make question 2337
Hibernate: insert into question (answer, choice1, choice2, choice3, choice4, choice5, content, correct, create_date, filepath, modify_date, score, subject, teacher_id, time, view) values (?, ?, ?, ?, ?, ?, ?, ?, ?, ?, ?, ?, ?, ?, ?, ?)
make question 2338
Hibernate: insert into question (answer, choice1, choice2, choice3, choice4, choice5, content, correct, create_date, filepath, modify_date, score, subject, teacher_id, time, view) values (?, ?, ?, ?, ?, ?, ?, ?, ?, ?, ?, ?, ?, ?, ?, ?)
make question 2339
Hibernate: insert into question (answer, choice1, choice2, choice3, choice4, choice5, content, correct, create_date, filepath, modify_date, score, subject, teacher_id, time, view) values (?, ?, ?, ?, ?, ?, ?, ?, ?, ?, ?, ?, ?, ?, ?, ?)
make question 2340
Hibernate: insert into question (answer, choice1, choice2, choice3, choice4, choice5, content, correct, create_date, filepath, modify_date, score, subject, teacher_id, time, view) values (?, ?, ?, ?, ?, ?, ?, ?, ?, ?, ?, ?, ?, ?, ?, ?)
make question 2341
Hibernate: insert into question (answer, choice1, choice2, choice3, choice4, choice5, content, correct, create_date, filepath, modify_date, score, subject, teacher_id, time, view) values (?, ?, ?, ?, ?, ?, ?, ?, ?, ?, ?, ?, ?, ?, ?, ?)
make question 2342
Hibernate: insert into question (answer, choice1, choice2, choice3, choice4, choice5, content, correct, create_date, filepath, modify_date, score, subject, teacher_id, time, view) values (?, ?, ?, ?, ?, ?, ?, ?, ?, ?, ?, ?, ?, ?, ?, ?)
make question 2343
Hibernate: insert into question (answer, choice1, choice2, choice3, choice4, choice5, content, correct, create_date, filepath, modify_date, score, subject, teacher_id, time, view) values (?, ?, ?, ?, ?, ?, ?, ?, ?, ?, ?, ?, ?, ?, ?, ?)
make question 2344
Hibernate: insert into question (answer, choice1, choice2, choice3, choice4, choice5, content, correct, create_date, filepath, modify_date, score, subject, teacher_id, time, view) values (?, ?, ?, ?, ?, ?, ?, ?, ?, ?, ?, ?, ?, ?, ?, ?)
make question 2345
Hibernate: insert into question (answer, choice1, choice2, choice3, choice4, choice5, content, correct, create_date, filepath, modify_date, score, subject, teacher_id, time, view) values (?, ?, ?, ?, ?, ?, ?, ?, ?, ?, ?, ?, ?, ?, ?, ?)
make question 2346
Hibernate: insert into question (answer, choice1, choice2, choice3, choice4, choice5, content, correct, create_date, filepath, modify_date, score, subject, teacher_id, time, view) values (?, ?, ?, ?, ?, ?, ?, ?, ?, ?, ?, ?, ?, ?, ?, ?)
make question 2347
Hibernate: insert into question (answer, choice1, choice2, choice3, choice4, choice5, content, correct, create_date, filepath, modify_date, score, subject, teacher_id, time, view) values (?, ?, ?, ?, ?, ?, ?, ?, ?, ?, ?, ?, ?, ?, ?, ?)
make question 2348
Hibernate: insert into question (answer, choice1, choice2, choice3, choice4, choice5, content, correct, create_date, filepath, modify_date, score, subject, teacher_id, time, view) values (?, ?, ?, ?, ?, ?, ?, ?, ?, ?, ?, ?, ?, ?, ?, ?)
make question 2349
Hibernate: insert into question (answer, choice1, choice2, choice3, choice4, choice5, content, correct, create_date, filepath, modify_date, score, subject, teacher_id, time, view) values (?, ?, ?, ?, ?, ?, ?, ?, ?, ?, ?, ?, ?, ?, ?, ?)
make question 2350
Hibernate: insert into question (answer, choice1, choice2, choice3, choice4, choice5, content, correct, create_date, filepath, modify_date, score, subject, teacher_id, time, view) values (?, ?, ?, ?, ?, ?, ?, ?, ?, ?, ?, ?, ?, ?, ?, ?)
make question 2351
Hibernate: insert into question (answer, choice1, choice2, choice3, choice4, choice5, content, correct, create_date, filepath, modify_date, score, subject, teacher_id, time, view) values (?, ?, ?, ?, ?, ?, ?, ?, ?, ?, ?, ?, ?, ?, ?, ?)
make question 2352
Hibernate: insert into question (answer, choice1, choice2, choice3, choice4, choice5, content, correct, create_date, filepath, modify_date, score, subject, teacher_id, time, view) values (?, ?, ?, ?, ?, ?, ?, ?, ?, ?, ?, ?, ?, ?, ?, ?)
make question 2353
Hibernate: insert into question (answer, choice1, choice2, choice3, choice4, choice5, content, correct, create_date, filepath, modify_date, score, subject, teacher_id, time, view) values (?, ?, ?, ?, ?, ?, ?, ?, ?, ?, ?, ?, ?, ?, ?, ?)
make question 2354
Hibernate: insert into question (answer, choice1, choice2, choice3, choice4, choice5, content, correct, create_date, filepath, modify_date, score, subject, teacher_id, time, view) values (?, ?, ?, ?, ?, ?, ?, ?, ?, ?, ?, ?, ?, ?, ?, ?)
make question 2355
Hibernate: insert into question (answer, choice1, choice2, choice3, choice4, choice5, content, correct, create_date, filepath, modify_date, score, subject, teacher_id, time, view) values (?, ?, ?, ?, ?, ?, ?, ?, ?, ?, ?, ?, ?, ?, ?, ?)
make question 2356
Hibernate: insert into question (answer, choice1, choice2, choice3, choice4, choice5, content, correct, create_date, filepath, modify_date, score, subject, teacher_id, time, view) values (?, ?, ?, ?, ?, ?, ?, ?, ?, ?, ?, ?, ?, ?, ?, ?)
make question 2357
Hibernate: insert into question (answer, choice1, choice2, choice3, choice4, choice5, content, correct, create_date, filepath, modify_date, score, subject, teacher_id, time, view) values (?, ?, ?, ?, ?, ?, ?, ?, ?, ?, ?, ?, ?, ?, ?, ?)
make question 2358
Hibernate: insert into question (answer, choice1, choice2, choice3, choice4, choice5, content, correct, create_date, filepath, modify_date, score, subject, teacher_id, time, view) values (?, ?, ?, ?, ?, ?, ?, ?, ?, ?, ?, ?, ?, ?, ?, ?)
make question 2359
Hibernate: insert into question (answer, choice1, choice2, choice3, choice4, choice5, content, correct, create_date, filepath, modify_date, score, subject, teacher_id, time, view) values (?, ?, ?, ?, ?, ?, ?, ?, ?, ?, ?, ?, ?, ?, ?, ?)
make question 2360
Hibernate: insert into question (answer, choice1, choice2, choice3, choice4, choice5, content, correct, create_date, filepath, modify_date, score, subject, teacher_id, time, view) values (?, ?, ?, ?, ?, ?, ?, ?, ?, ?, ?, ?, ?, ?, ?, ?)
make question 2361
Hibernate: insert into question (answer, choice1, choice2, choice3, choice4, choice5, content, correct, create_date, filepath, modify_date, score, subject, teacher_id, time, view) values (?, ?, ?, ?, ?, ?, ?, ?, ?, ?, ?, ?, ?, ?, ?, ?)
make question 2362
Hibernate: insert into question (answer, choice1, choice2, choice3, choice4, choice5, content, correct, create_date, filepath, modify_date, score, subject, teacher_id, time, view) values (?, ?, ?, ?, ?, ?, ?, ?, ?, ?, ?, ?, ?, ?, ?, ?)
make question 2363
Hibernate: insert into question (answer, choice1, choice2, choice3, choice4, choice5, content, correct, create_date, filepath, modify_date, score, subject, teacher_id, time, view) values (?, ?, ?, ?, ?, ?, ?, ?, ?, ?, ?, ?, ?, ?, ?, ?)
make question 2364
Hibernate: insert into question (answer, choice1, choice2, choice3, choice4, choice5, content, correct, create_date, filepath, modify_date, score, subject, teacher_id, time, view) values (?, ?, ?, ?, ?, ?, ?, ?, ?, ?, ?, ?, ?, ?, ?, ?)
make question 2365
Hibernate: insert into question (answer, choice1, choice2, choice3, choice4, choice5, content, correct, create_date, filepath, modify_date, score, subject, teacher_id, time, view) values (?, ?, ?, ?, ?, ?, ?, ?, ?, ?, ?, ?, ?, ?, ?, ?)
make question 2366
Hibernate: insert into question (answer, choice1, choice2, choice3, choice4, choice5, content, correct, create_date, filepath, modify_date, score, subject, teacher_id, time, view) values (?, ?, ?, ?, ?, ?, ?, ?, ?, ?, ?, ?, ?, ?, ?, ?)
make question 2367
Hibernate: insert into question (answer, choice1, choice2, choice3, choice4, choice5, content, correct, create_date, filepath, modify_date, score, subject, teacher_id, time, view) values (?, ?, ?, ?, ?, ?, ?, ?, ?, ?, ?, ?, ?, ?, ?, ?)
make question 2368
Hibernate: insert into question (answer, choice1, choice2, choice3, choice4, choice5, content, correct, create_date, filepath, modify_date, score, subject, teacher_id, time, view) values (?, ?, ?, ?, ?, ?, ?, ?, ?, ?, ?, ?, ?, ?, ?, ?)
make question 2369
Hibernate: insert into question (answer, choice1, choice2, choice3, choice4, choice5, content, correct, create_date, filepath, modify_date, score, subject, teacher_id, time, view) values (?, ?, ?, ?, ?, ?, ?, ?, ?, ?, ?, ?, ?, ?, ?, ?)
make question 2370
Hibernate: insert into question (answer, choice1, choice2, choice3, choice4, choice5, content, correct, create_date, filepath, modify_date, score, subject, teacher_id, time, view) values (?, ?, ?, ?, ?, ?, ?, ?, ?, ?, ?, ?, ?, ?, ?, ?)
make question 2371
Hibernate: insert into question (answer, choice1, choice2, choice3, choice4, choice5, content, correct, create_date, filepath, modify_date, score, subject, teacher_id, time, view) values (?, ?, ?, ?, ?, ?, ?, ?, ?, ?, ?, ?, ?, ?, ?, ?)
make question 2372
Hibernate: insert into question (answer, choice1, choice2, choice3, choice4, choice5, content, correct, create_date, filepath, modify_date, score, subject, teacher_id, time, view) values (?, ?, ?, ?, ?, ?, ?, ?, ?, ?, ?, ?, ?, ?, ?, ?)
make question 2373
Hibernate: insert into question (answer, choice1, choice2, choice3, choice4, choice5, content, correct, create_date, filepath, modify_date, score, subject, teacher_id, time, view) values (?, ?, ?, ?, ?, ?, ?, ?, ?, ?, ?, ?, ?, ?, ?, ?)
make question 2374
Hibernate: insert into question (answer, choice1, choice2, choice3, choice4, choice5, content, correct, create_date, filepath, modify_date, score, subject, teacher_id, time, view) values (?, ?, ?, ?, ?, ?, ?, ?, ?, ?, ?, ?, ?, ?, ?, ?)
make question 2375
Hibernate: insert into question (answer, choice1, choice2, choice3, choice4, choice5, content, correct, create_date, filepath, modify_date, score, subject, teacher_id, time, view) values (?, ?, ?, ?, ?, ?, ?, ?, ?, ?, ?, ?, ?, ?, ?, ?)
make question 2376
Hibernate: insert into question (answer, choice1, choice2, choice3, choice4, choice5, content, correct, create_date, filepath, modify_date, score, subject, teacher_id, time, view) values (?, ?, ?, ?, ?, ?, ?, ?, ?, ?, ?, ?, ?, ?, ?, ?)
make question 2377
Hibernate: insert into question (answer, choice1, choice2, choice3, choice4, choice5, content, correct, create_date, filepath, modify_date, score, subject, teacher_id, time, view) values (?, ?, ?, ?, ?, ?, ?, ?, ?, ?, ?, ?, ?, ?, ?, ?)
make question 2378
Hibernate: insert into question (answer, choice1, choice2, choice3, choice4, choice5, content, correct, create_date, filepath, modify_date, score, subject, teacher_id, time, view) values (?, ?, ?, ?, ?, ?, ?, ?, ?, ?, ?, ?, ?, ?, ?, ?)
make question 2379
Hibernate: insert into question (answer, choice1, choice2, choice3, choice4, choice5, content, correct, create_date, filepath, modify_date, score, subject, teacher_id, time, view) values (?, ?, ?, ?, ?, ?, ?, ?, ?, ?, ?, ?, ?, ?, ?, ?)
make question 2380
Hibernate: insert into question (answer, choice1, choice2, choice3, choice4, choice5, content, correct, create_date, filepath, modify_date, score, subject, teacher_id, time, view) values (?, ?, ?, ?, ?, ?, ?, ?, ?, ?, ?, ?, ?, ?, ?, ?)
make question 2381
Hibernate: insert into question (answer, choice1, choice2, choice3, choice4, choice5, content, correct, create_date, filepath, modify_date, score, subject, teacher_id, time, view) values (?, ?, ?, ?, ?, ?, ?, ?, ?, ?, ?, ?, ?, ?, ?, ?)
make question 2382
Hibernate: insert into question (answer, choice1, choice2, choice3, choice4, choice5, content, correct, create_date, filepath, modify_date, score, subject, teacher_id, time, view) values (?, ?, ?, ?, ?, ?, ?, ?, ?, ?, ?, ?, ?, ?, ?, ?)
make question 2383
Hibernate: insert into question (answer, choice1, choice2, choice3, choice4, choice5, content, correct, create_date, filepath, modify_date, score, subject, teacher_id, time, view) values (?, ?, ?, ?, ?, ?, ?, ?, ?, ?, ?, ?, ?, ?, ?, ?)
make question 2384
Hibernate: insert into question (answer, choice1, choice2, choice3, choice4, choice5, content, correct, create_date, filepath, modify_date, score, subject, teacher_id, time, view) values (?, ?, ?, ?, ?, ?, ?, ?, ?, ?, ?, ?, ?, ?, ?, ?)
make question 2385
Hibernate: insert into question (answer, choice1, choice2, choice3, choice4, choice5, content, correct, create_date, filepath, modify_date, score, subject, teacher_id, time, view) values (?, ?, ?, ?, ?, ?, ?, ?, ?, ?, ?, ?, ?, ?, ?, ?)
make question 2386
Hibernate: insert into question (answer, choice1, choice2, choice3, choice4, choice5, content, correct, create_date, filepath, modify_date, score, subject, teacher_id, time, view) values (?, ?, ?, ?, ?, ?, ?, ?, ?, ?, ?, ?, ?, ?, ?, ?)
make question 2387
Hibernate: insert into question (answer, choice1, choice2, choice3, choice4, choice5, content, correct, create_date, filepath, modify_date, score, subject, teacher_id, time, view) values (?, ?, ?, ?, ?, ?, ?, ?, ?, ?, ?, ?, ?, ?, ?, ?)
make question 2388
Hibernate: insert into question (answer, choice1, choice2, choice3, choice4, choice5, content, correct, create_date, filepath, modify_date, score, subject, teacher_id, time, view) values (?, ?, ?, ?, ?, ?, ?, ?, ?, ?, ?, ?, ?, ?, ?, ?)
make question 2389
Hibernate: insert into question (answer, choice1, choice2, choice3, choice4, choice5, content, correct, create_date, filepath, modify_date, score, subject, teacher_id, time, view) values (?, ?, ?, ?, ?, ?, ?, ?, ?, ?, ?, ?, ?, ?, ?, ?)
make question 2390
Hibernate: insert into question (answer, choice1, choice2, choice3, choice4, choice5, content, correct, create_date, filepath, modify_date, score, subject, teacher_id, time, view) values (?, ?, ?, ?, ?, ?, ?, ?, ?, ?, ?, ?, ?, ?, ?, ?)
make question 2391
Hibernate: insert into question (answer, choice1, choice2, choice3, choice4, choice5, content, correct, create_date, filepath, modify_date, score, subject, teacher_id, time, view) values (?, ?, ?, ?, ?, ?, ?, ?, ?, ?, ?, ?, ?, ?, ?, ?)
make question 2392
Hibernate: insert into question (answer, choice1, choice2, choice3, choice4, choice5, content, correct, create_date, filepath, modify_date, score, subject, teacher_id, time, view) values (?, ?, ?, ?, ?, ?, ?, ?, ?, ?, ?, ?, ?, ?, ?, ?)
make question 2393
Hibernate: insert into question (answer, choice1, choice2, choice3, choice4, choice5, content, correct, create_date, filepath, modify_date, score, subject, teacher_id, time, view) values (?, ?, ?, ?, ?, ?, ?, ?, ?, ?, ?, ?, ?, ?, ?, ?)
make question 2394
Hibernate: insert into question (answer, choice1, choice2, choice3, choice4, choice5, content, correct, create_date, filepath, modify_date, score, subject, teacher_id, time, view) values (?, ?, ?, ?, ?, ?, ?, ?, ?, ?, ?, ?, ?, ?, ?, ?)
make question 2395
Hibernate: insert into question (answer, choice1, choice2, choice3, choice4, choice5, content, correct, create_date, filepath, modify_date, score, subject, teacher_id, time, view) values (?, ?, ?, ?, ?, ?, ?, ?, ?, ?, ?, ?, ?, ?, ?, ?)
make question 2396
Hibernate: insert into question (answer, choice1, choice2, choice3, choice4, choice5, content, correct, create_date, filepath, modify_date, score, subject, teacher_id, time, view) values (?, ?, ?, ?, ?, ?, ?, ?, ?, ?, ?, ?, ?, ?, ?, ?)
make question 2397
Hibernate: insert into question (answer, choice1, choice2, choice3, choice4, choice5, content, correct, create_date, filepath, modify_date, score, subject, teacher_id, time, view) values (?, ?, ?, ?, ?, ?, ?, ?, ?, ?, ?, ?, ?, ?, ?, ?)
make question 2398
Hibernate: insert into question (answer, choice1, choice2, choice3, choice4, choice5, content, correct, create_date, filepath, modify_date, score, subject, teacher_id, time, view) values (?, ?, ?, ?, ?, ?, ?, ?, ?, ?, ?, ?, ?, ?, ?, ?)
make question 2399
Hibernate: insert into question (answer, choice1, choice2, choice3, choice4, choice5, content, correct, create_date, filepath, modify_date, score, subject, teacher_id, time, view) values (?, ?, ?, ?, ?, ?, ?, ?, ?, ?, ?, ?, ?, ?, ?, ?)
make question 2400
Hibernate: insert into question (answer, choice1, choice2, choice3, choice4, choice5, content, correct, create_date, filepath, modify_date, score, subject, teacher_id, time, view) values (?, ?, ?, ?, ?, ?, ?, ?, ?, ?, ?, ?, ?, ?, ?, ?)
make question 2401
Hibernate: insert into question (answer, choice1, choice2, choice3, choice4, choice5, content, correct, create_date, filepath, modify_date, score, subject, teacher_id, time, view) values (?, ?, ?, ?, ?, ?, ?, ?, ?, ?, ?, ?, ?, ?, ?, ?)
make question 2402
Hibernate: insert into question (answer, choice1, choice2, choice3, choice4, choice5, content, correct, create_date, filepath, modify_date, score, subject, teacher_id, time, view) values (?, ?, ?, ?, ?, ?, ?, ?, ?, ?, ?, ?, ?, ?, ?, ?)
make question 2403
Hibernate: insert into question (answer, choice1, choice2, choice3, choice4, choice5, content, correct, create_date, filepath, modify_date, score, subject, teacher_id, time, view) values (?, ?, ?, ?, ?, ?, ?, ?, ?, ?, ?, ?, ?, ?, ?, ?)
make question 2404
Hibernate: insert into question (answer, choice1, choice2, choice3, choice4, choice5, content, correct, create_date, filepath, modify_date, score, subject, teacher_id, time, view) values (?, ?, ?, ?, ?, ?, ?, ?, ?, ?, ?, ?, ?, ?, ?, ?)
make question 2405
Hibernate: insert into question (answer, choice1, choice2, choice3, choice4, choice5, content, correct, create_date, filepath, modify_date, score, subject, teacher_id, time, view) values (?, ?, ?, ?, ?, ?, ?, ?, ?, ?, ?, ?, ?, ?, ?, ?)
make question 2406
Hibernate: insert into question (answer, choice1, choice2, choice3, choice4, choice5, content, correct, create_date, filepath, modify_date, score, subject, teacher_id, time, view) values (?, ?, ?, ?, ?, ?, ?, ?, ?, ?, ?, ?, ?, ?, ?, ?)
make question 2407
Hibernate: insert into question (answer, choice1, choice2, choice3, choice4, choice5, content, correct, create_date, filepath, modify_date, score, subject, teacher_id, time, view) values (?, ?, ?, ?, ?, ?, ?, ?, ?, ?, ?, ?, ?, ?, ?, ?)
make question 2408
Hibernate: insert into question (answer, choice1, choice2, choice3, choice4, choice5, content, correct, create_date, filepath, modify_date, score, subject, teacher_id, time, view) values (?, ?, ?, ?, ?, ?, ?, ?, ?, ?, ?, ?, ?, ?, ?, ?)
make question 2409
Hibernate: insert into question (answer, choice1, choice2, choice3, choice4, choice5, content, correct, create_date, filepath, modify_date, score, subject, teacher_id, time, view) values (?, ?, ?, ?, ?, ?, ?, ?, ?, ?, ?, ?, ?, ?, ?, ?)
make question 2410
Hibernate: insert into question (answer, choice1, choice2, choice3, choice4, choice5, content, correct, create_date, filepath, modify_date, score, subject, teacher_id, time, view) values (?, ?, ?, ?, ?, ?, ?, ?, ?, ?, ?, ?, ?, ?, ?, ?)
make question 2411
Hibernate: insert into question (answer, choice1, choice2, choice3, choice4, choice5, content, correct, create_date, filepath, modify_date, score, subject, teacher_id, time, view) values (?, ?, ?, ?, ?, ?, ?, ?, ?, ?, ?, ?, ?, ?, ?, ?)
make question 2412
Hibernate: insert into question (answer, choice1, choice2, choice3, choice4, choice5, content, correct, create_date, filepath, modify_date, score, subject, teacher_id, time, view) values (?, ?, ?, ?, ?, ?, ?, ?, ?, ?, ?, ?, ?, ?, ?, ?)
make question 2413
Hibernate: insert into question (answer, choice1, choice2, choice3, choice4, choice5, content, correct, create_date, filepath, modify_date, score, subject, teacher_id, time, view) values (?, ?, ?, ?, ?, ?, ?, ?, ?, ?, ?, ?, ?, ?, ?, ?)
make question 2414
Hibernate: insert into question (answer, choice1, choice2, choice3, choice4, choice5, content, correct, create_date, filepath, modify_date, score, subject, teacher_id, time, view) values (?, ?, ?, ?, ?, ?, ?, ?, ?, ?, ?, ?, ?, ?, ?, ?)
make question 2415
Hibernate: insert into question (answer, choice1, choice2, choice3, choice4, choice5, content, correct, create_date, filepath, modify_date, score, subject, teacher_id, time, view) values (?, ?, ?, ?, ?, ?, ?, ?, ?, ?, ?, ?, ?, ?, ?, ?)
make question 2416
Hibernate: insert into question (answer, choice1, choice2, choice3, choice4, choice5, content, correct, create_date, filepath, modify_date, score, subject, teacher_id, time, view) values (?, ?, ?, ?, ?, ?, ?, ?, ?, ?, ?, ?, ?, ?, ?, ?)
make question 2417
Hibernate: insert into question (answer, choice1, choice2, choice3, choice4, choice5, content, correct, create_date, filepath, modify_date, score, subject, teacher_id, time, view) values (?, ?, ?, ?, ?, ?, ?, ?, ?, ?, ?, ?, ?, ?, ?, ?)
make question 2418
Hibernate: insert into question (answer, choice1, choice2, choice3, choice4, choice5, content, correct, create_date, filepath, modify_date, score, subject, teacher_id, time, view) values (?, ?, ?, ?, ?, ?, ?, ?, ?, ?, ?, ?, ?, ?, ?, ?)
make question 2419
Hibernate: insert into question (answer, choice1, choice2, choice3, choice4, choice5, content, correct, create_date, filepath, modify_date, score, subject, teacher_id, time, view) values (?, ?, ?, ?, ?, ?, ?, ?, ?, ?, ?, ?, ?, ?, ?, ?)
make question 2420
Hibernate: insert into question (answer, choice1, choice2, choice3, choice4, choice5, content, correct, create_date, filepath, modify_date, score, subject, teacher_id, time, view) values (?, ?, ?, ?, ?, ?, ?, ?, ?, ?, ?, ?, ?, ?, ?, ?)
make question 2421
Hibernate: insert into question (answer, choice1, choice2, choice3, choice4, choice5, content, correct, create_date, filepath, modify_date, score, subject, teacher_id, time, view) values (?, ?, ?, ?, ?, ?, ?, ?, ?, ?, ?, ?, ?, ?, ?, ?)
make question 2422
Hibernate: insert into question (answer, choice1, choice2, choice3, choice4, choice5, content, correct, create_date, filepath, modify_date, score, subject, teacher_id, time, view) values (?, ?, ?, ?, ?, ?, ?, ?, ?, ?, ?, ?, ?, ?, ?, ?)
make question 2423
Hibernate: insert into question (answer, choice1, choice2, choice3, choice4, choice5, content, correct, create_date, filepath, modify_date, score, subject, teacher_id, time, view) values (?, ?, ?, ?, ?, ?, ?, ?, ?, ?, ?, ?, ?, ?, ?, ?)
make question 2424
Hibernate: insert into question (answer, choice1, choice2, choice3, choice4, choice5, content, correct, create_date, filepath, modify_date, score, subject, teacher_id, time, view) values (?, ?, ?, ?, ?, ?, ?, ?, ?, ?, ?, ?, ?, ?, ?, ?)
make question 2425
Hibernate: insert into question (answer, choice1, choice2, choice3, choice4, choice5, content, correct, create_date, filepath, modify_date, score, subject, teacher_id, time, view) values (?, ?, ?, ?, ?, ?, ?, ?, ?, ?, ?, ?, ?, ?, ?, ?)
make question 2426
Hibernate: insert into question (answer, choice1, choice2, choice3, choice4, choice5, content, correct, create_date, filepath, modify_date, score, subject, teacher_id, time, view) values (?, ?, ?, ?, ?, ?, ?, ?, ?, ?, ?, ?, ?, ?, ?, ?)
make question 2427
Hibernate: insert into question (answer, choice1, choice2, choice3, choice4, choice5, content, correct, create_date, filepath, modify_date, score, subject, teacher_id, time, view) values (?, ?, ?, ?, ?, ?, ?, ?, ?, ?, ?, ?, ?, ?, ?, ?)
make question 2428
Hibernate: insert into question (answer, choice1, choice2, choice3, choice4, choice5, content, correct, create_date, filepath, modify_date, score, subject, teacher_id, time, view) values (?, ?, ?, ?, ?, ?, ?, ?, ?, ?, ?, ?, ?, ?, ?, ?)
make question 2429
Hibernate: insert into question (answer, choice1, choice2, choice3, choice4, choice5, content, correct, create_date, filepath, modify_date, score, subject, teacher_id, time, view) values (?, ?, ?, ?, ?, ?, ?, ?, ?, ?, ?, ?, ?, ?, ?, ?)
make question 2430
Hibernate: insert into question (answer, choice1, choice2, choice3, choice4, choice5, content, correct, create_date, filepath, modify_date, score, subject, teacher_id, time, view) values (?, ?, ?, ?, ?, ?, ?, ?, ?, ?, ?, ?, ?, ?, ?, ?)
make question 2431
Hibernate: insert into question (answer, choice1, choice2, choice3, choice4, choice5, content, correct, create_date, filepath, modify_date, score, subject, teacher_id, time, view) values (?, ?, ?, ?, ?, ?, ?, ?, ?, ?, ?, ?, ?, ?, ?, ?)
make question 2432
Hibernate: insert into question (answer, choice1, choice2, choice3, choice4, choice5, content, correct, create_date, filepath, modify_date, score, subject, teacher_id, time, view) values (?, ?, ?, ?, ?, ?, ?, ?, ?, ?, ?, ?, ?, ?, ?, ?)
make question 2433
Hibernate: insert into question (answer, choice1, choice2, choice3, choice4, choice5, content, correct, create_date, filepath, modify_date, score, subject, teacher_id, time, view) values (?, ?, ?, ?, ?, ?, ?, ?, ?, ?, ?, ?, ?, ?, ?, ?)
make question 2434
Hibernate: insert into question (answer, choice1, choice2, choice3, choice4, choice5, content, correct, create_date, filepath, modify_date, score, subject, teacher_id, time, view) values (?, ?, ?, ?, ?, ?, ?, ?, ?, ?, ?, ?, ?, ?, ?, ?)
make question 2435
Hibernate: insert into question (answer, choice1, choice2, choice3, choice4, choice5, content, correct, create_date, filepath, modify_date, score, subject, teacher_id, time, view) values (?, ?, ?, ?, ?, ?, ?, ?, ?, ?, ?, ?, ?, ?, ?, ?)
make question 2436
Hibernate: insert into question (answer, choice1, choice2, choice3, choice4, choice5, content, correct, create_date, filepath, modify_date, score, subject, teacher_id, time, view) values (?, ?, ?, ?, ?, ?, ?, ?, ?, ?, ?, ?, ?, ?, ?, ?)
make question 2437
Hibernate: insert into question (answer, choice1, choice2, choice3, choice4, choice5, content, correct, create_date, filepath, modify_date, score, subject, teacher_id, time, view) values (?, ?, ?, ?, ?, ?, ?, ?, ?, ?, ?, ?, ?, ?, ?, ?)
make question 2438
Hibernate: insert into question (answer, choice1, choice2, choice3, choice4, choice5, content, correct, create_date, filepath, modify_date, score, subject, teacher_id, time, view) values (?, ?, ?, ?, ?, ?, ?, ?, ?, ?, ?, ?, ?, ?, ?, ?)
make question 2439
Hibernate: insert into question (answer, choice1, choice2, choice3, choice4, choice5, content, correct, create_date, filepath, modify_date, score, subject, teacher_id, time, view) values (?, ?, ?, ?, ?, ?, ?, ?, ?, ?, ?, ?, ?, ?, ?, ?)
make question 2440
Hibernate: insert into question (answer, choice1, choice2, choice3, choice4, choice5, content, correct, create_date, filepath, modify_date, score, subject, teacher_id, time, view) values (?, ?, ?, ?, ?, ?, ?, ?, ?, ?, ?, ?, ?, ?, ?, ?)
make question 2441
Hibernate: insert into question (answer, choice1, choice2, choice3, choice4, choice5, content, correct, create_date, filepath, modify_date, score, subject, teacher_id, time, view) values (?, ?, ?, ?, ?, ?, ?, ?, ?, ?, ?, ?, ?, ?, ?, ?)
make question 2442
Hibernate: insert into question (answer, choice1, choice2, choice3, choice4, choice5, content, correct, create_date, filepath, modify_date, score, subject, teacher_id, time, view) values (?, ?, ?, ?, ?, ?, ?, ?, ?, ?, ?, ?, ?, ?, ?, ?)
make question 2443
Hibernate: insert into question (answer, choice1, choice2, choice3, choice4, choice5, content, correct, create_date, filepath, modify_date, score, subject, teacher_id, time, view) values (?, ?, ?, ?, ?, ?, ?, ?, ?, ?, ?, ?, ?, ?, ?, ?)
make question 2444
Hibernate: insert into question (answer, choice1, choice2, choice3, choice4, choice5, content, correct, create_date, filepath, modify_date, score, subject, teacher_id, time, view) values (?, ?, ?, ?, ?, ?, ?, ?, ?, ?, ?, ?, ?, ?, ?, ?)
make question 2445
Hibernate: insert into question (answer, choice1, choice2, choice3, choice4, choice5, content, correct, create_date, filepath, modify_date, score, subject, teacher_id, time, view) values (?, ?, ?, ?, ?, ?, ?, ?, ?, ?, ?, ?, ?, ?, ?, ?)
make question 2446
Hibernate: insert into question (answer, choice1, choice2, choice3, choice4, choice5, content, correct, create_date, filepath, modify_date, score, subject, teacher_id, time, view) values (?, ?, ?, ?, ?, ?, ?, ?, ?, ?, ?, ?, ?, ?, ?, ?)
make question 2447
Hibernate: insert into question (answer, choice1, choice2, choice3, choice4, choice5, content, correct, create_date, filepath, modify_date, score, subject, teacher_id, time, view) values (?, ?, ?, ?, ?, ?, ?, ?, ?, ?, ?, ?, ?, ?, ?, ?)
make question 2448
Hibernate: insert into question (answer, choice1, choice2, choice3, choice4, choice5, content, correct, create_date, filepath, modify_date, score, subject, teacher_id, time, view) values (?, ?, ?, ?, ?, ?, ?, ?, ?, ?, ?, ?, ?, ?, ?, ?)
make question 2449
Hibernate: insert into question (answer, choice1, choice2, choice3, choice4, choice5, content, correct, create_date, filepath, modify_date, score, subject, teacher_id, time, view) values (?, ?, ?, ?, ?, ?, ?, ?, ?, ?, ?, ?, ?, ?, ?, ?)
make question 2450
Hibernate: insert into question (answer, choice1, choice2, choice3, choice4, choice5, content, correct, create_date, filepath, modify_date, score, subject, teacher_id, time, view) values (?, ?, ?, ?, ?, ?, ?, ?, ?, ?, ?, ?, ?, ?, ?, ?)
make question 2451
Hibernate: insert into question (answer, choice1, choice2, choice3, choice4, choice5, content, correct, create_date, filepath, modify_date, score, subject, teacher_id, time, view) values (?, ?, ?, ?, ?, ?, ?, ?, ?, ?, ?, ?, ?, ?, ?, ?)
make question 2452
Hibernate: insert into question (answer, choice1, choice2, choice3, choice4, choice5, content, correct, create_date, filepath, modify_date, score, subject, teacher_id, time, view) values (?, ?, ?, ?, ?, ?, ?, ?, ?, ?, ?, ?, ?, ?, ?, ?)
make question 2453
Hibernate: insert into question (answer, choice1, choice2, choice3, choice4, choice5, content, correct, create_date, filepath, modify_date, score, subject, teacher_id, time, view) values (?, ?, ?, ?, ?, ?, ?, ?, ?, ?, ?, ?, ?, ?, ?, ?)
make question 2454
Hibernate: insert into question (answer, choice1, choice2, choice3, choice4, choice5, content, correct, create_date, filepath, modify_date, score, subject, teacher_id, time, view) values (?, ?, ?, ?, ?, ?, ?, ?, ?, ?, ?, ?, ?, ?, ?, ?)
make question 2455
Hibernate: insert into question (answer, choice1, choice2, choice3, choice4, choice5, content, correct, create_date, filepath, modify_date, score, subject, teacher_id, time, view) values (?, ?, ?, ?, ?, ?, ?, ?, ?, ?, ?, ?, ?, ?, ?, ?)
make question 2456
Hibernate: insert into question (answer, choice1, choice2, choice3, choice4, choice5, content, correct, create_date, filepath, modify_date, score, subject, teacher_id, time, view) values (?, ?, ?, ?, ?, ?, ?, ?, ?, ?, ?, ?, ?, ?, ?, ?)
make question 2457
Hibernate: insert into question (answer, choice1, choice2, choice3, choice4, choice5, content, correct, create_date, filepath, modify_date, score, subject, teacher_id, time, view) values (?, ?, ?, ?, ?, ?, ?, ?, ?, ?, ?, ?, ?, ?, ?, ?)
make question 2458
Hibernate: insert into question (answer, choice1, choice2, choice3, choice4, choice5, content, correct, create_date, filepath, modify_date, score, subject, teacher_id, time, view) values (?, ?, ?, ?, ?, ?, ?, ?, ?, ?, ?, ?, ?, ?, ?, ?)
make question 2459
Hibernate: insert into question (answer, choice1, choice2, choice3, choice4, choice5, content, correct, create_date, filepath, modify_date, score, subject, teacher_id, time, view) values (?, ?, ?, ?, ?, ?, ?, ?, ?, ?, ?, ?, ?, ?, ?, ?)
make question 2460
Hibernate: insert into question (answer, choice1, choice2, choice3, choice4, choice5, content, correct, create_date, filepath, modify_date, score, subject, teacher_id, time, view) values (?, ?, ?, ?, ?, ?, ?, ?, ?, ?, ?, ?, ?, ?, ?, ?)
make question 2461
Hibernate: insert into question (answer, choice1, choice2, choice3, choice4, choice5, content, correct, create_date, filepath, modify_date, score, subject, teacher_id, time, view) values (?, ?, ?, ?, ?, ?, ?, ?, ?, ?, ?, ?, ?, ?, ?, ?)
make question 2462
Hibernate: insert into question (answer, choice1, choice2, choice3, choice4, choice5, content, correct, create_date, filepath, modify_date, score, subject, teacher_id, time, view) values (?, ?, ?, ?, ?, ?, ?, ?, ?, ?, ?, ?, ?, ?, ?, ?)
make question 2463
Hibernate: insert into question (answer, choice1, choice2, choice3, choice4, choice5, content, correct, create_date, filepath, modify_date, score, subject, teacher_id, time, view) values (?, ?, ?, ?, ?, ?, ?, ?, ?, ?, ?, ?, ?, ?, ?, ?)
make question 2464
Hibernate: insert into question (answer, choice1, choice2, choice3, choice4, choice5, content, correct, create_date, filepath, modify_date, score, subject, teacher_id, time, view) values (?, ?, ?, ?, ?, ?, ?, ?, ?, ?, ?, ?, ?, ?, ?, ?)
make question 2465
Hibernate: insert into question (answer, choice1, choice2, choice3, choice4, choice5, content, correct, create_date, filepath, modify_date, score, subject, teacher_id, time, view) values (?, ?, ?, ?, ?, ?, ?, ?, ?, ?, ?, ?, ?, ?, ?, ?)
make question 2466
Hibernate: insert into question (answer, choice1, choice2, choice3, choice4, choice5, content, correct, create_date, filepath, modify_date, score, subject, teacher_id, time, view) values (?, ?, ?, ?, ?, ?, ?, ?, ?, ?, ?, ?, ?, ?, ?, ?)
make question 2467
Hibernate: insert into question (answer, choice1, choice2, choice3, choice4, choice5, content, correct, create_date, filepath, modify_date, score, subject, teacher_id, time, view) values (?, ?, ?, ?, ?, ?, ?, ?, ?, ?, ?, ?, ?, ?, ?, ?)
make question 2468
Hibernate: insert into question (answer, choice1, choice2, choice3, choice4, choice5, content, correct, create_date, filepath, modify_date, score, subject, teacher_id, time, view) values (?, ?, ?, ?, ?, ?, ?, ?, ?, ?, ?, ?, ?, ?, ?, ?)
make question 2469
Hibernate: insert into question (answer, choice1, choice2, choice3, choice4, choice5, content, correct, create_date, filepath, modify_date, score, subject, teacher_id, time, view) values (?, ?, ?, ?, ?, ?, ?, ?, ?, ?, ?, ?, ?, ?, ?, ?)
make question 2470
Hibernate: insert into question (answer, choice1, choice2, choice3, choice4, choice5, content, correct, create_date, filepath, modify_date, score, subject, teacher_id, time, view) values (?, ?, ?, ?, ?, ?, ?, ?, ?, ?, ?, ?, ?, ?, ?, ?)
make question 2471
Hibernate: insert into question (answer, choice1, choice2, choice3, choice4, choice5, content, correct, create_date, filepath, modify_date, score, subject, teacher_id, time, view) values (?, ?, ?, ?, ?, ?, ?, ?, ?, ?, ?, ?, ?, ?, ?, ?)
make question 2472
Hibernate: insert into question (answer, choice1, choice2, choice3, choice4, choice5, content, correct, create_date, filepath, modify_date, score, subject, teacher_id, time, view) values (?, ?, ?, ?, ?, ?, ?, ?, ?, ?, ?, ?, ?, ?, ?, ?)
make question 2473
Hibernate: insert into question (answer, choice1, choice2, choice3, choice4, choice5, content, correct, create_date, filepath, modify_date, score, subject, teacher_id, time, view) values (?, ?, ?, ?, ?, ?, ?, ?, ?, ?, ?, ?, ?, ?, ?, ?)
make question 2474
Hibernate: insert into question (answer, choice1, choice2, choice3, choice4, choice5, content, correct, create_date, filepath, modify_date, score, subject, teacher_id, time, view) values (?, ?, ?, ?, ?, ?, ?, ?, ?, ?, ?, ?, ?, ?, ?, ?)
make question 2475
Hibernate: insert into question (answer, choice1, choice2, choice3, choice4, choice5, content, correct, create_date, filepath, modify_date, score, subject, teacher_id, time, view) values (?, ?, ?, ?, ?, ?, ?, ?, ?, ?, ?, ?, ?, ?, ?, ?)
make question 2476
Hibernate: insert into question (answer, choice1, choice2, choice3, choice4, choice5, content, correct, create_date, filepath, modify_date, score, subject, teacher_id, time, view) values (?, ?, ?, ?, ?, ?, ?, ?, ?, ?, ?, ?, ?, ?, ?, ?)
make question 2477
Hibernate: insert into question (answer, choice1, choice2, choice3, choice4, choice5, content, correct, create_date, filepath, modify_date, score, subject, teacher_id, time, view) values (?, ?, ?, ?, ?, ?, ?, ?, ?, ?, ?, ?, ?, ?, ?, ?)
make question 2478
Hibernate: insert into question (answer, choice1, choice2, choice3, choice4, choice5, content, correct, create_date, filepath, modify_date, score, subject, teacher_id, time, view) values (?, ?, ?, ?, ?, ?, ?, ?, ?, ?, ?, ?, ?, ?, ?, ?)
make question 2479
Hibernate: insert into question (answer, choice1, choice2, choice3, choice4, choice5, content, correct, create_date, filepath, modify_date, score, subject, teacher_id, time, view) values (?, ?, ?, ?, ?, ?, ?, ?, ?, ?, ?, ?, ?, ?, ?, ?)
make question 2480
Hibernate: insert into question (answer, choice1, choice2, choice3, choice4, choice5, content, correct, create_date, filepath, modify_date, score, subject, teacher_id, time, view) values (?, ?, ?, ?, ?, ?, ?, ?, ?, ?, ?, ?, ?, ?, ?, ?)
make question 2481
Hibernate: insert into question (answer, choice1, choice2, choice3, choice4, choice5, content, correct, create_date, filepath, modify_date, score, subject, teacher_id, time, view) values (?, ?, ?, ?, ?, ?, ?, ?, ?, ?, ?, ?, ?, ?, ?, ?)
make question 2482
Hibernate: insert into question (answer, choice1, choice2, choice3, choice4, choice5, content, correct, create_date, filepath, modify_date, score, subject, teacher_id, time, view) values (?, ?, ?, ?, ?, ?, ?, ?, ?, ?, ?, ?, ?, ?, ?, ?)
make question 2483
Hibernate: insert into question (answer, choice1, choice2, choice3, choice4, choice5, content, correct, create_date, filepath, modify_date, score, subject, teacher_id, time, view) values (?, ?, ?, ?, ?, ?, ?, ?, ?, ?, ?, ?, ?, ?, ?, ?)
make question 2484
Hibernate: insert into question (answer, choice1, choice2, choice3, choice4, choice5, content, correct, create_date, filepath, modify_date, score, subject, teacher_id, time, view) values (?, ?, ?, ?, ?, ?, ?, ?, ?, ?, ?, ?, ?, ?, ?, ?)
make question 2485
Hibernate: insert into question (answer, choice1, choice2, choice3, choice4, choice5, content, correct, create_date, filepath, modify_date, score, subject, teacher_id, time, view) values (?, ?, ?, ?, ?, ?, ?, ?, ?, ?, ?, ?, ?, ?, ?, ?)
make question 2486
Hibernate: insert into question (answer, choice1, choice2, choice3, choice4, choice5, content, correct, create_date, filepath, modify_date, score, subject, teacher_id, time, view) values (?, ?, ?, ?, ?, ?, ?, ?, ?, ?, ?, ?, ?, ?, ?, ?)
make question 2487
Hibernate: insert into question (answer, choice1, choice2, choice3, choice4, choice5, content, correct, create_date, filepath, modify_date, score, subject, teacher_id, time, view) values (?, ?, ?, ?, ?, ?, ?, ?, ?, ?, ?, ?, ?, ?, ?, ?)
make question 2488
Hibernate: insert into question (answer, choice1, choice2, choice3, choice4, choice5, content, correct, create_date, filepath, modify_date, score, subject, teacher_id, time, view) values (?, ?, ?, ?, ?, ?, ?, ?, ?, ?, ?, ?, ?, ?, ?, ?)
make question 2489
Hibernate: insert into question (answer, choice1, choice2, choice3, choice4, choice5, content, correct, create_date, filepath, modify_date, score, subject, teacher_id, time, view) values (?, ?, ?, ?, ?, ?, ?, ?, ?, ?, ?, ?, ?, ?, ?, ?)
make question 2490
Hibernate: insert into question (answer, choice1, choice2, choice3, choice4, choice5, content, correct, create_date, filepath, modify_date, score, subject, teacher_id, time, view) values (?, ?, ?, ?, ?, ?, ?, ?, ?, ?, ?, ?, ?, ?, ?, ?)
make question 2491
Hibernate: insert into question (answer, choice1, choice2, choice3, choice4, choice5, content, correct, create_date, filepath, modify_date, score, subject, teacher_id, time, view) values (?, ?, ?, ?, ?, ?, ?, ?, ?, ?, ?, ?, ?, ?, ?, ?)
make question 2492
Hibernate: insert into question (answer, choice1, choice2, choice3, choice4, choice5, content, correct, create_date, filepath, modify_date, score, subject, teacher_id, time, view) values (?, ?, ?, ?, ?, ?, ?, ?, ?, ?, ?, ?, ?, ?, ?, ?)
make question 2493
Hibernate: insert into question (answer, choice1, choice2, choice3, choice4, choice5, content, correct, create_date, filepath, modify_date, score, subject, teacher_id, time, view) values (?, ?, ?, ?, ?, ?, ?, ?, ?, ?, ?, ?, ?, ?, ?, ?)
make question 2494
Hibernate: insert into question (answer, choice1, choice2, choice3, choice4, choice5, content, correct, create_date, filepath, modify_date, score, subject, teacher_id, time, view) values (?, ?, ?, ?, ?, ?, ?, ?, ?, ?, ?, ?, ?, ?, ?, ?)
make question 2495
Hibernate: insert into question (answer, choice1, choice2, choice3, choice4, choice5, content, correct, create_date, filepath, modify_date, score, subject, teacher_id, time, view) values (?, ?, ?, ?, ?, ?, ?, ?, ?, ?, ?, ?, ?, ?, ?, ?)
make question 2496
Hibernate: insert into question (answer, choice1, choice2, choice3, choice4, choice5, content, correct, create_date, filepath, modify_date, score, subject, teacher_id, time, view) values (?, ?, ?, ?, ?, ?, ?, ?, ?, ?, ?, ?, ?, ?, ?, ?)
make question 2497
Hibernate: insert into question (answer, choice1, choice2, choice3, choice4, choice5, content, correct, create_date, filepath, modify_date, score, subject, teacher_id, time, view) values (?, ?, ?, ?, ?, ?, ?, ?, ?, ?, ?, ?, ?, ?, ?, ?)
make question 2498
Hibernate: insert into question (answer, choice1, choice2, choice3, choice4, choice5, content, correct, create_date, filepath, modify_date, score, subject, teacher_id, time, view) values (?, ?, ?, ?, ?, ?, ?, ?, ?, ?, ?, ?, ?, ?, ?, ?)
make question 2499
Hibernate: insert into question (answer, choice1, choice2, choice3, choice4, choice5, content, correct, create_date, filepath, modify_date, score, subject, teacher_id, time, view) values (?, ?, ?, ?, ?, ?, ?, ?, ?, ?, ?, ?, ?, ?, ?, ?)
make question 2500
Hibernate: insert into question (answer, choice1, choice2, choice3, choice4, choice5, content, correct, create_date, filepath, modify_date, score, subject, teacher_id, time, view) values (?, ?, ?, ?, ?, ?, ?, ?, ?, ?, ?, ?, ?, ?, ?, ?)
make question 2501
Hibernate: insert into question (answer, choice1, choice2, choice3, choice4, choice5, content, correct, create_date, filepath, modify_date, score, subject, teacher_id, time, view) values (?, ?, ?, ?, ?, ?, ?, ?, ?, ?, ?, ?, ?, ?, ?, ?)
make question 2502
Hibernate: insert into question (answer, choice1, choice2, choice3, choice4, choice5, content, correct, create_date, filepath, modify_date, score, subject, teacher_id, time, view) values (?, ?, ?, ?, ?, ?, ?, ?, ?, ?, ?, ?, ?, ?, ?, ?)
make question 2503
Hibernate: insert into question (answer, choice1, choice2, choice3, choice4, choice5, content, correct, create_date, filepath, modify_date, score, subject, teacher_id, time, view) values (?, ?, ?, ?, ?, ?, ?, ?, ?, ?, ?, ?, ?, ?, ?, ?)
make question 2504
Hibernate: insert into question (answer, choice1, choice2, choice3, choice4, choice5, content, correct, create_date, filepath, modify_date, score, subject, teacher_id, time, view) values (?, ?, ?, ?, ?, ?, ?, ?, ?, ?, ?, ?, ?, ?, ?, ?)
make question 2505
Hibernate: insert into question (answer, choice1, choice2, choice3, choice4, choice5, content, correct, create_date, filepath, modify_date, score, subject, teacher_id, time, view) values (?, ?, ?, ?, ?, ?, ?, ?, ?, ?, ?, ?, ?, ?, ?, ?)
make question 2506
Hibernate: insert into question (answer, choice1, choice2, choice3, choice4, choice5, content, correct, create_date, filepath, modify_date, score, subject, teacher_id, time, view) values (?, ?, ?, ?, ?, ?, ?, ?, ?, ?, ?, ?, ?, ?, ?, ?)
make question 2507
Hibernate: insert into question (answer, choice1, choice2, choice3, choice4, choice5, content, correct, create_date, filepath, modify_date, score, subject, teacher_id, time, view) values (?, ?, ?, ?, ?, ?, ?, ?, ?, ?, ?, ?, ?, ?, ?, ?)
make question 2508
Hibernate: insert into question (answer, choice1, choice2, choice3, choice4, choice5, content, correct, create_date, filepath, modify_date, score, subject, teacher_id, time, view) values (?, ?, ?, ?, ?, ?, ?, ?, ?, ?, ?, ?, ?, ?, ?, ?)
make question 2509
Hibernate: insert into question (answer, choice1, choice2, choice3, choice4, choice5, content, correct, create_date, filepath, modify_date, score, subject, teacher_id, time, view) values (?, ?, ?, ?, ?, ?, ?, ?, ?, ?, ?, ?, ?, ?, ?, ?)
make question 2510
Hibernate: insert into question (answer, choice1, choice2, choice3, choice4, choice5, content, correct, create_date, filepath, modify_date, score, subject, teacher_id, time, view) values (?, ?, ?, ?, ?, ?, ?, ?, ?, ?, ?, ?, ?, ?, ?, ?)
make question 2511
Hibernate: insert into question (answer, choice1, choice2, choice3, choice4, choice5, content, correct, create_date, filepath, modify_date, score, subject, teacher_id, time, view) values (?, ?, ?, ?, ?, ?, ?, ?, ?, ?, ?, ?, ?, ?, ?, ?)
make question 2512
Hibernate: insert into question (answer, choice1, choice2, choice3, choice4, choice5, content, correct, create_date, filepath, modify_date, score, subject, teacher_id, time, view) values (?, ?, ?, ?, ?, ?, ?, ?, ?, ?, ?, ?, ?, ?, ?, ?)
make question 2513
Hibernate: insert into question (answer, choice1, choice2, choice3, choice4, choice5, content, correct, create_date, filepath, modify_date, score, subject, teacher_id, time, view) values (?, ?, ?, ?, ?, ?, ?, ?, ?, ?, ?, ?, ?, ?, ?, ?)
make question 2514
Hibernate: insert into question (answer, choice1, choice2, choice3, choice4, choice5, content, correct, create_date, filepath, modify_date, score, subject, teacher_id, time, view) values (?, ?, ?, ?, ?, ?, ?, ?, ?, ?, ?, ?, ?, ?, ?, ?)
make question 2515
Hibernate: insert into question (answer, choice1, choice2, choice3, choice4, choice5, content, correct, create_date, filepath, modify_date, score, subject, teacher_id, time, view) values (?, ?, ?, ?, ?, ?, ?, ?, ?, ?, ?, ?, ?, ?, ?, ?)
make question 2516
Hibernate: insert into question (answer, choice1, choice2, choice3, choice4, choice5, content, correct, create_date, filepath, modify_date, score, subject, teacher_id, time, view) values (?, ?, ?, ?, ?, ?, ?, ?, ?, ?, ?, ?, ?, ?, ?, ?)
make question 2517
Hibernate: insert into question (answer, choice1, choice2, choice3, choice4, choice5, content, correct, create_date, filepath, modify_date, score, subject, teacher_id, time, view) values (?, ?, ?, ?, ?, ?, ?, ?, ?, ?, ?, ?, ?, ?, ?, ?)
make question 2518
Hibernate: insert into question (answer, choice1, choice2, choice3, choice4, choice5, content, correct, create_date, filepath, modify_date, score, subject, teacher_id, time, view) values (?, ?, ?, ?, ?, ?, ?, ?, ?, ?, ?, ?, ?, ?, ?, ?)
make question 2519
Hibernate: insert into question (answer, choice1, choice2, choice3, choice4, choice5, content, correct, create_date, filepath, modify_date, score, subject, teacher_id, time, view) values (?, ?, ?, ?, ?, ?, ?, ?, ?, ?, ?, ?, ?, ?, ?, ?)
make question 2520
Hibernate: insert into question (answer, choice1, choice2, choice3, choice4, choice5, content, correct, create_date, filepath, modify_date, score, subject, teacher_id, time, view) values (?, ?, ?, ?, ?, ?, ?, ?, ?, ?, ?, ?, ?, ?, ?, ?)
make question 2521
Hibernate: insert into question (answer, choice1, choice2, choice3, choice4, choice5, content, correct, create_date, filepath, modify_date, score, subject, teacher_id, time, view) values (?, ?, ?, ?, ?, ?, ?, ?, ?, ?, ?, ?, ?, ?, ?, ?)
make question 2522
Hibernate: insert into question (answer, choice1, choice2, choice3, choice4, choice5, content, correct, create_date, filepath, modify_date, score, subject, teacher_id, time, view) values (?, ?, ?, ?, ?, ?, ?, ?, ?, ?, ?, ?, ?, ?, ?, ?)
make question 2523
Hibernate: insert into question (answer, choice1, choice2, choice3, choice4, choice5, content, correct, create_date, filepath, modify_date, score, subject, teacher_id, time, view) values (?, ?, ?, ?, ?, ?, ?, ?, ?, ?, ?, ?, ?, ?, ?, ?)
make question 2524
Hibernate: insert into question (answer, choice1, choice2, choice3, choice4, choice5, content, correct, create_date, filepath, modify_date, score, subject, teacher_id, time, view) values (?, ?, ?, ?, ?, ?, ?, ?, ?, ?, ?, ?, ?, ?, ?, ?)
make question 2525
Hibernate: insert into question (answer, choice1, choice2, choice3, choice4, choice5, content, correct, create_date, filepath, modify_date, score, subject, teacher_id, time, view) values (?, ?, ?, ?, ?, ?, ?, ?, ?, ?, ?, ?, ?, ?, ?, ?)
make question 2526
Hibernate: insert into question (answer, choice1, choice2, choice3, choice4, choice5, content, correct, create_date, filepath, modify_date, score, subject, teacher_id, time, view) values (?, ?, ?, ?, ?, ?, ?, ?, ?, ?, ?, ?, ?, ?, ?, ?)
make question 2527
Hibernate: insert into question (answer, choice1, choice2, choice3, choice4, choice5, content, correct, create_date, filepath, modify_date, score, subject, teacher_id, time, view) values (?, ?, ?, ?, ?, ?, ?, ?, ?, ?, ?, ?, ?, ?, ?, ?)
make question 2528
Hibernate: insert into question (answer, choice1, choice2, choice3, choice4, choice5, content, correct, create_date, filepath, modify_date, score, subject, teacher_id, time, view) values (?, ?, ?, ?, ?, ?, ?, ?, ?, ?, ?, ?, ?, ?, ?, ?)
make question 2529
Hibernate: insert into question (answer, choice1, choice2, choice3, choice4, choice5, content, correct, create_date, filepath, modify_date, score, subject, teacher_id, time, view) values (?, ?, ?, ?, ?, ?, ?, ?, ?, ?, ?, ?, ?, ?, ?, ?)
make question 2530
Hibernate: insert into question (answer, choice1, choice2, choice3, choice4, choice5, content, correct, create_date, filepath, modify_date, score, subject, teacher_id, time, view) values (?, ?, ?, ?, ?, ?, ?, ?, ?, ?, ?, ?, ?, ?, ?, ?)
make question 2531
Hibernate: insert into question (answer, choice1, choice2, choice3, choice4, choice5, content, correct, create_date, filepath, modify_date, score, subject, teacher_id, time, view) values (?, ?, ?, ?, ?, ?, ?, ?, ?, ?, ?, ?, ?, ?, ?, ?)
make question 2532
Hibernate: insert into question (answer, choice1, choice2, choice3, choice4, choice5, content, correct, create_date, filepath, modify_date, score, subject, teacher_id, time, view) values (?, ?, ?, ?, ?, ?, ?, ?, ?, ?, ?, ?, ?, ?, ?, ?)
make question 2533
Hibernate: insert into question (answer, choice1, choice2, choice3, choice4, choice5, content, correct, create_date, filepath, modify_date, score, subject, teacher_id, time, view) values (?, ?, ?, ?, ?, ?, ?, ?, ?, ?, ?, ?, ?, ?, ?, ?)
make question 2534
Hibernate: insert into question (answer, choice1, choice2, choice3, choice4, choice5, content, correct, create_date, filepath, modify_date, score, subject, teacher_id, time, view) values (?, ?, ?, ?, ?, ?, ?, ?, ?, ?, ?, ?, ?, ?, ?, ?)
make question 2535
Hibernate: insert into question (answer, choice1, choice2, choice3, choice4, choice5, content, correct, create_date, filepath, modify_date, score, subject, teacher_id, time, view) values (?, ?, ?, ?, ?, ?, ?, ?, ?, ?, ?, ?, ?, ?, ?, ?)
make question 2536
Hibernate: insert into question (answer, choice1, choice2, choice3, choice4, choice5, content, correct, create_date, filepath, modify_date, score, subject, teacher_id, time, view) values (?, ?, ?, ?, ?, ?, ?, ?, ?, ?, ?, ?, ?, ?, ?, ?)
make question 2537
Hibernate: insert into question (answer, choice1, choice2, choice3, choice4, choice5, content, correct, create_date, filepath, modify_date, score, subject, teacher_id, time, view) values (?, ?, ?, ?, ?, ?, ?, ?, ?, ?, ?, ?, ?, ?, ?, ?)
make question 2538
Hibernate: insert into question (answer, choice1, choice2, choice3, choice4, choice5, content, correct, create_date, filepath, modify_date, score, subject, teacher_id, time, view) values (?, ?, ?, ?, ?, ?, ?, ?, ?, ?, ?, ?, ?, ?, ?, ?)
make question 2539
Hibernate: insert into question (answer, choice1, choice2, choice3, choice4, choice5, content, correct, create_date, filepath, modify_date, score, subject, teacher_id, time, view) values (?, ?, ?, ?, ?, ?, ?, ?, ?, ?, ?, ?, ?, ?, ?, ?)
make question 2540
Hibernate: insert into question (answer, choice1, choice2, choice3, choice4, choice5, content, correct, create_date, filepath, modify_date, score, subject, teacher_id, time, view) values (?, ?, ?, ?, ?, ?, ?, ?, ?, ?, ?, ?, ?, ?, ?, ?)
make question 2541
Hibernate: insert into question (answer, choice1, choice2, choice3, choice4, choice5, content, correct, create_date, filepath, modify_date, score, subject, teacher_id, time, view) values (?, ?, ?, ?, ?, ?, ?, ?, ?, ?, ?, ?, ?, ?, ?, ?)
make question 2542
Hibernate: insert into question (answer, choice1, choice2, choice3, choice4, choice5, content, correct, create_date, filepath, modify_date, score, subject, teacher_id, time, view) values (?, ?, ?, ?, ?, ?, ?, ?, ?, ?, ?, ?, ?, ?, ?, ?)
make question 2543
Hibernate: insert into question (answer, choice1, choice2, choice3, choice4, choice5, content, correct, create_date, filepath, modify_date, score, subject, teacher_id, time, view) values (?, ?, ?, ?, ?, ?, ?, ?, ?, ?, ?, ?, ?, ?, ?, ?)
make question 2544
Hibernate: insert into question (answer, choice1, choice2, choice3, choice4, choice5, content, correct, create_date, filepath, modify_date, score, subject, teacher_id, time, view) values (?, ?, ?, ?, ?, ?, ?, ?, ?, ?, ?, ?, ?, ?, ?, ?)
make question 2545
Hibernate: insert into question (answer, choice1, choice2, choice3, choice4, choice5, content, correct, create_date, filepath, modify_date, score, subject, teacher_id, time, view) values (?, ?, ?, ?, ?, ?, ?, ?, ?, ?, ?, ?, ?, ?, ?, ?)
make question 2546
Hibernate: insert into question (answer, choice1, choice2, choice3, choice4, choice5, content, correct, create_date, filepath, modify_date, score, subject, teacher_id, time, view) values (?, ?, ?, ?, ?, ?, ?, ?, ?, ?, ?, ?, ?, ?, ?, ?)
make question 2547
Hibernate: insert into question (answer, choice1, choice2, choice3, choice4, choice5, content, correct, create_date, filepath, modify_date, score, subject, teacher_id, time, view) values (?, ?, ?, ?, ?, ?, ?, ?, ?, ?, ?, ?, ?, ?, ?, ?)
make question 2548
Hibernate: insert into question (answer, choice1, choice2, choice3, choice4, choice5, content, correct, create_date, filepath, modify_date, score, subject, teacher_id, time, view) values (?, ?, ?, ?, ?, ?, ?, ?, ?, ?, ?, ?, ?, ?, ?, ?)
make question 2549
Hibernate: insert into question (answer, choice1, choice2, choice3, choice4, choice5, content, correct, create_date, filepath, modify_date, score, subject, teacher_id, time, view) values (?, ?, ?, ?, ?, ?, ?, ?, ?, ?, ?, ?, ?, ?, ?, ?)
make question 2550
Hibernate: insert into question (answer, choice1, choice2, choice3, choice4, choice5, content, correct, create_date, filepath, modify_date, score, subject, teacher_id, time, view) values (?, ?, ?, ?, ?, ?, ?, ?, ?, ?, ?, ?, ?, ?, ?, ?)
make question 2551
Hibernate: insert into question (answer, choice1, choice2, choice3, choice4, choice5, content, correct, create_date, filepath, modify_date, score, subject, teacher_id, time, view) values (?, ?, ?, ?, ?, ?, ?, ?, ?, ?, ?, ?, ?, ?, ?, ?)
make question 2552
Hibernate: insert into question (answer, choice1, choice2, choice3, choice4, choice5, content, correct, create_date, filepath, modify_date, score, subject, teacher_id, time, view) values (?, ?, ?, ?, ?, ?, ?, ?, ?, ?, ?, ?, ?, ?, ?, ?)
make question 2553
Hibernate: insert into question (answer, choice1, choice2, choice3, choice4, choice5, content, correct, create_date, filepath, modify_date, score, subject, teacher_id, time, view) values (?, ?, ?, ?, ?, ?, ?, ?, ?, ?, ?, ?, ?, ?, ?, ?)
make question 2554
Hibernate: insert into question (answer, choice1, choice2, choice3, choice4, choice5, content, correct, create_date, filepath, modify_date, score, subject, teacher_id, time, view) values (?, ?, ?, ?, ?, ?, ?, ?, ?, ?, ?, ?, ?, ?, ?, ?)
make question 2555
Hibernate: insert into question (answer, choice1, choice2, choice3, choice4, choice5, content, correct, create_date, filepath, modify_date, score, subject, teacher_id, time, view) values (?, ?, ?, ?, ?, ?, ?, ?, ?, ?, ?, ?, ?, ?, ?, ?)
make question 2556
Hibernate: insert into question (answer, choice1, choice2, choice3, choice4, choice5, content, correct, create_date, filepath, modify_date, score, subject, teacher_id, time, view) values (?, ?, ?, ?, ?, ?, ?, ?, ?, ?, ?, ?, ?, ?, ?, ?)
make question 2557
Hibernate: insert into question (answer, choice1, choice2, choice3, choice4, choice5, content, correct, create_date, filepath, modify_date, score, subject, teacher_id, time, view) values (?, ?, ?, ?, ?, ?, ?, ?, ?, ?, ?, ?, ?, ?, ?, ?)
make question 2558
Hibernate: insert into question (answer, choice1, choice2, choice3, choice4, choice5, content, correct, create_date, filepath, modify_date, score, subject, teacher_id, time, view) values (?, ?, ?, ?, ?, ?, ?, ?, ?, ?, ?, ?, ?, ?, ?, ?)
make question 2559
Hibernate: insert into question (answer, choice1, choice2, choice3, choice4, choice5, content, correct, create_date, filepath, modify_date, score, subject, teacher_id, time, view) values (?, ?, ?, ?, ?, ?, ?, ?, ?, ?, ?, ?, ?, ?, ?, ?)
make question 2560
Hibernate: insert into question (answer, choice1, choice2, choice3, choice4, choice5, content, correct, create_date, filepath, modify_date, score, subject, teacher_id, time, view) values (?, ?, ?, ?, ?, ?, ?, ?, ?, ?, ?, ?, ?, ?, ?, ?)
make question 2561
Hibernate: insert into question (answer, choice1, choice2, choice3, choice4, choice5, content, correct, create_date, filepath, modify_date, score, subject, teacher_id, time, view) values (?, ?, ?, ?, ?, ?, ?, ?, ?, ?, ?, ?, ?, ?, ?, ?)
make question 2562
Hibernate: insert into question (answer, choice1, choice2, choice3, choice4, choice5, content, correct, create_date, filepath, modify_date, score, subject, teacher_id, time, view) values (?, ?, ?, ?, ?, ?, ?, ?, ?, ?, ?, ?, ?, ?, ?, ?)
make question 2563
Hibernate: insert into question (answer, choice1, choice2, choice3, choice4, choice5, content, correct, create_date, filepath, modify_date, score, subject, teacher_id, time, view) values (?, ?, ?, ?, ?, ?, ?, ?, ?, ?, ?, ?, ?, ?, ?, ?)
make question 2564
Hibernate: insert into question (answer, choice1, choice2, choice3, choice4, choice5, content, correct, create_date, filepath, modify_date, score, subject, teacher_id, time, view) values (?, ?, ?, ?, ?, ?, ?, ?, ?, ?, ?, ?, ?, ?, ?, ?)
make question 2565
Hibernate: insert into question (answer, choice1, choice2, choice3, choice4, choice5, content, correct, create_date, filepath, modify_date, score, subject, teacher_id, time, view) values (?, ?, ?, ?, ?, ?, ?, ?, ?, ?, ?, ?, ?, ?, ?, ?)
make question 2566
Hibernate: insert into question (answer, choice1, choice2, choice3, choice4, choice5, content, correct, create_date, filepath, modify_date, score, subject, teacher_id, time, view) values (?, ?, ?, ?, ?, ?, ?, ?, ?, ?, ?, ?, ?, ?, ?, ?)
make question 2567
Hibernate: insert into question (answer, choice1, choice2, choice3, choice4, choice5, content, correct, create_date, filepath, modify_date, score, subject, teacher_id, time, view) values (?, ?, ?, ?, ?, ?, ?, ?, ?, ?, ?, ?, ?, ?, ?, ?)
make question 2568
Hibernate: insert into question (answer, choice1, choice2, choice3, choice4, choice5, content, correct, create_date, filepath, modify_date, score, subject, teacher_id, time, view) values (?, ?, ?, ?, ?, ?, ?, ?, ?, ?, ?, ?, ?, ?, ?, ?)
make question 2569
Hibernate: insert into question (answer, choice1, choice2, choice3, choice4, choice5, content, correct, create_date, filepath, modify_date, score, subject, teacher_id, time, view) values (?, ?, ?, ?, ?, ?, ?, ?, ?, ?, ?, ?, ?, ?, ?, ?)
make question 2570
Hibernate: insert into question (answer, choice1, choice2, choice3, choice4, choice5, content, correct, create_date, filepath, modify_date, score, subject, teacher_id, time, view) values (?, ?, ?, ?, ?, ?, ?, ?, ?, ?, ?, ?, ?, ?, ?, ?)
make question 2571
Hibernate: insert into question (answer, choice1, choice2, choice3, choice4, choice5, content, correct, create_date, filepath, modify_date, score, subject, teacher_id, time, view) values (?, ?, ?, ?, ?, ?, ?, ?, ?, ?, ?, ?, ?, ?, ?, ?)
make question 2572
Hibernate: insert into question (answer, choice1, choice2, choice3, choice4, choice5, content, correct, create_date, filepath, modify_date, score, subject, teacher_id, time, view) values (?, ?, ?, ?, ?, ?, ?, ?, ?, ?, ?, ?, ?, ?, ?, ?)
make question 2573
Hibernate: insert into question (answer, choice1, choice2, choice3, choice4, choice5, content, correct, create_date, filepath, modify_date, score, subject, teacher_id, time, view) values (?, ?, ?, ?, ?, ?, ?, ?, ?, ?, ?, ?, ?, ?, ?, ?)
make question 2574
Hibernate: insert into question (answer, choice1, choice2, choice3, choice4, choice5, content, correct, create_date, filepath, modify_date, score, subject, teacher_id, time, view) values (?, ?, ?, ?, ?, ?, ?, ?, ?, ?, ?, ?, ?, ?, ?, ?)
make question 2575
Hibernate: insert into question (answer, choice1, choice2, choice3, choice4, choice5, content, correct, create_date, filepath, modify_date, score, subject, teacher_id, time, view) values (?, ?, ?, ?, ?, ?, ?, ?, ?, ?, ?, ?, ?, ?, ?, ?)
make question 2576
Hibernate: insert into question (answer, choice1, choice2, choice3, choice4, choice5, content, correct, create_date, filepath, modify_date, score, subject, teacher_id, time, view) values (?, ?, ?, ?, ?, ?, ?, ?, ?, ?, ?, ?, ?, ?, ?, ?)
make question 2577
Hibernate: insert into question (answer, choice1, choice2, choice3, choice4, choice5, content, correct, create_date, filepath, modify_date, score, subject, teacher_id, time, view) values (?, ?, ?, ?, ?, ?, ?, ?, ?, ?, ?, ?, ?, ?, ?, ?)
make question 2578
Hibernate: insert into question (answer, choice1, choice2, choice3, choice4, choice5, content, correct, create_date, filepath, modify_date, score, subject, teacher_id, time, view) values (?, ?, ?, ?, ?, ?, ?, ?, ?, ?, ?, ?, ?, ?, ?, ?)
make question 2579
Hibernate: insert into question (answer, choice1, choice2, choice3, choice4, choice5, content, correct, create_date, filepath, modify_date, score, subject, teacher_id, time, view) values (?, ?, ?, ?, ?, ?, ?, ?, ?, ?, ?, ?, ?, ?, ?, ?)
make question 2580
Hibernate: insert into question (answer, choice1, choice2, choice3, choice4, choice5, content, correct, create_date, filepath, modify_date, score, subject, teacher_id, time, view) values (?, ?, ?, ?, ?, ?, ?, ?, ?, ?, ?, ?, ?, ?, ?, ?)
make question 2581
Hibernate: insert into question (answer, choice1, choice2, choice3, choice4, choice5, content, correct, create_date, filepath, modify_date, score, subject, teacher_id, time, view) values (?, ?, ?, ?, ?, ?, ?, ?, ?, ?, ?, ?, ?, ?, ?, ?)
make question 2582
Hibernate: insert into question (answer, choice1, choice2, choice3, choice4, choice5, content, correct, create_date, filepath, modify_date, score, subject, teacher_id, time, view) values (?, ?, ?, ?, ?, ?, ?, ?, ?, ?, ?, ?, ?, ?, ?, ?)
make question 2583
Hibernate: insert into question (answer, choice1, choice2, choice3, choice4, choice5, content, correct, create_date, filepath, modify_date, score, subject, teacher_id, time, view) values (?, ?, ?, ?, ?, ?, ?, ?, ?, ?, ?, ?, ?, ?, ?, ?)
make question 2584
Hibernate: insert into question (answer, choice1, choice2, choice3, choice4, choice5, content, correct, create_date, filepath, modify_date, score, subject, teacher_id, time, view) values (?, ?, ?, ?, ?, ?, ?, ?, ?, ?, ?, ?, ?, ?, ?, ?)
make question 2585
Hibernate: insert into question (answer, choice1, choice2, choice3, choice4, choice5, content, correct, create_date, filepath, modify_date, score, subject, teacher_id, time, view) values (?, ?, ?, ?, ?, ?, ?, ?, ?, ?, ?, ?, ?, ?, ?, ?)
make question 2586
Hibernate: insert into question (answer, choice1, choice2, choice3, choice4, choice5, content, correct, create_date, filepath, modify_date, score, subject, teacher_id, time, view) values (?, ?, ?, ?, ?, ?, ?, ?, ?, ?, ?, ?, ?, ?, ?, ?)
make question 2587
Hibernate: insert into question (answer, choice1, choice2, choice3, choice4, choice5, content, correct, create_date, filepath, modify_date, score, subject, teacher_id, time, view) values (?, ?, ?, ?, ?, ?, ?, ?, ?, ?, ?, ?, ?, ?, ?, ?)
make question 2588
Hibernate: insert into question (answer, choice1, choice2, choice3, choice4, choice5, content, correct, create_date, filepath, modify_date, score, subject, teacher_id, time, view) values (?, ?, ?, ?, ?, ?, ?, ?, ?, ?, ?, ?, ?, ?, ?, ?)
make question 2589
Hibernate: insert into question (answer, choice1, choice2, choice3, choice4, choice5, content, correct, create_date, filepath, modify_date, score, subject, teacher_id, time, view) values (?, ?, ?, ?, ?, ?, ?, ?, ?, ?, ?, ?, ?, ?, ?, ?)
make question 2590
Hibernate: insert into question (answer, choice1, choice2, choice3, choice4, choice5, content, correct, create_date, filepath, modify_date, score, subject, teacher_id, time, view) values (?, ?, ?, ?, ?, ?, ?, ?, ?, ?, ?, ?, ?, ?, ?, ?)
make question 2591
Hibernate: insert into question (answer, choice1, choice2, choice3, choice4, choice5, content, correct, create_date, filepath, modify_date, score, subject, teacher_id, time, view) values (?, ?, ?, ?, ?, ?, ?, ?, ?, ?, ?, ?, ?, ?, ?, ?)
make question 2592
Hibernate: insert into question (answer, choice1, choice2, choice3, choice4, choice5, content, correct, create_date, filepath, modify_date, score, subject, teacher_id, time, view) values (?, ?, ?, ?, ?, ?, ?, ?, ?, ?, ?, ?, ?, ?, ?, ?)
make question 2593
Hibernate: insert into question (answer, choice1, choice2, choice3, choice4, choice5, content, correct, create_date, filepath, modify_date, score, subject, teacher_id, time, view) values (?, ?, ?, ?, ?, ?, ?, ?, ?, ?, ?, ?, ?, ?, ?, ?)
make question 2594
Hibernate: insert into question (answer, choice1, choice2, choice3, choice4, choice5, content, correct, create_date, filepath, modify_date, score, subject, teacher_id, time, view) values (?, ?, ?, ?, ?, ?, ?, ?, ?, ?, ?, ?, ?, ?, ?, ?)
make question 2595
Hibernate: insert into question (answer, choice1, choice2, choice3, choice4, choice5, content, correct, create_date, filepath, modify_date, score, subject, teacher_id, time, view) values (?, ?, ?, ?, ?, ?, ?, ?, ?, ?, ?, ?, ?, ?, ?, ?)
make question 2596
Hibernate: insert into question (answer, choice1, choice2, choice3, choice4, choice5, content, correct, create_date, filepath, modify_date, score, subject, teacher_id, time, view) values (?, ?, ?, ?, ?, ?, ?, ?, ?, ?, ?, ?, ?, ?, ?, ?)
make question 2597
Hibernate: insert into question (answer, choice1, choice2, choice3, choice4, choice5, content, correct, create_date, filepath, modify_date, score, subject, teacher_id, time, view) values (?, ?, ?, ?, ?, ?, ?, ?, ?, ?, ?, ?, ?, ?, ?, ?)
make question 2598
Hibernate: insert into question (answer, choice1, choice2, choice3, choice4, choice5, content, correct, create_date, filepath, modify_date, score, subject, teacher_id, time, view) values (?, ?, ?, ?, ?, ?, ?, ?, ?, ?, ?, ?, ?, ?, ?, ?)
make question 2599
Hibernate: insert into question (answer, choice1, choice2, choice3, choice4, choice5, content, correct, create_date, filepath, modify_date, score, subject, teacher_id, time, view) values (?, ?, ?, ?, ?, ?, ?, ?, ?, ?, ?, ?, ?, ?, ?, ?)
make question 2600
Hibernate: insert into question (answer, choice1, choice2, choice3, choice4, choice5, content, correct, create_date, filepath, modify_date, score, subject, teacher_id, time, view) values (?, ?, ?, ?, ?, ?, ?, ?, ?, ?, ?, ?, ?, ?, ?, ?)
make question 2601
Hibernate: insert into question (answer, choice1, choice2, choice3, choice4, choice5, content, correct, create_date, filepath, modify_date, score, subject, teacher_id, time, view) values (?, ?, ?, ?, ?, ?, ?, ?, ?, ?, ?, ?, ?, ?, ?, ?)
make question 2602
Hibernate: insert into question (answer, choice1, choice2, choice3, choice4, choice5, content, correct, create_date, filepath, modify_date, score, subject, teacher_id, time, view) values (?, ?, ?, ?, ?, ?, ?, ?, ?, ?, ?, ?, ?, ?, ?, ?)
make question 2603
Hibernate: insert into question (answer, choice1, choice2, choice3, choice4, choice5, content, correct, create_date, filepath, modify_date, score, subject, teacher_id, time, view) values (?, ?, ?, ?, ?, ?, ?, ?, ?, ?, ?, ?, ?, ?, ?, ?)
make question 2604
Hibernate: insert into question (answer, choice1, choice2, choice3, choice4, choice5, content, correct, create_date, filepath, modify_date, score, subject, teacher_id, time, view) values (?, ?, ?, ?, ?, ?, ?, ?, ?, ?, ?, ?, ?, ?, ?, ?)
make question 2605
Hibernate: insert into question (answer, choice1, choice2, choice3, choice4, choice5, content, correct, create_date, filepath, modify_date, score, subject, teacher_id, time, view) values (?, ?, ?, ?, ?, ?, ?, ?, ?, ?, ?, ?, ?, ?, ?, ?)
make question 2606
Hibernate: insert into question (answer, choice1, choice2, choice3, choice4, choice5, content, correct, create_date, filepath, modify_date, score, subject, teacher_id, time, view) values (?, ?, ?, ?, ?, ?, ?, ?, ?, ?, ?, ?, ?, ?, ?, ?)
make question 2607
Hibernate: insert into question (answer, choice1, choice2, choice3, choice4, choice5, content, correct, create_date, filepath, modify_date, score, subject, teacher_id, time, view) values (?, ?, ?, ?, ?, ?, ?, ?, ?, ?, ?, ?, ?, ?, ?, ?)
make question 2608
Hibernate: insert into question (answer, choice1, choice2, choice3, choice4, choice5, content, correct, create_date, filepath, modify_date, score, subject, teacher_id, time, view) values (?, ?, ?, ?, ?, ?, ?, ?, ?, ?, ?, ?, ?, ?, ?, ?)
make question 2609
Hibernate: insert into question (answer, choice1, choice2, choice3, choice4, choice5, content, correct, create_date, filepath, modify_date, score, subject, teacher_id, time, view) values (?, ?, ?, ?, ?, ?, ?, ?, ?, ?, ?, ?, ?, ?, ?, ?)
make question 2610
Hibernate: insert into question (answer, choice1, choice2, choice3, choice4, choice5, content, correct, create_date, filepath, modify_date, score, subject, teacher_id, time, view) values (?, ?, ?, ?, ?, ?, ?, ?, ?, ?, ?, ?, ?, ?, ?, ?)
make question 2611
Hibernate: insert into question (answer, choice1, choice2, choice3, choice4, choice5, content, correct, create_date, filepath, modify_date, score, subject, teacher_id, time, view) values (?, ?, ?, ?, ?, ?, ?, ?, ?, ?, ?, ?, ?, ?, ?, ?)
make question 2612
Hibernate: insert into question (answer, choice1, choice2, choice3, choice4, choice5, content, correct, create_date, filepath, modify_date, score, subject, teacher_id, time, view) values (?, ?, ?, ?, ?, ?, ?, ?, ?, ?, ?, ?, ?, ?, ?, ?)
make question 2613
Hibernate: insert into question (answer, choice1, choice2, choice3, choice4, choice5, content, correct, create_date, filepath, modify_date, score, subject, teacher_id, time, view) values (?, ?, ?, ?, ?, ?, ?, ?, ?, ?, ?, ?, ?, ?, ?, ?)
make question 2614
Hibernate: insert into question (answer, choice1, choice2, choice3, choice4, choice5, content, correct, create_date, filepath, modify_date, score, subject, teacher_id, time, view) values (?, ?, ?, ?, ?, ?, ?, ?, ?, ?, ?, ?, ?, ?, ?, ?)
make question 2615
Hibernate: insert into question (answer, choice1, choice2, choice3, choice4, choice5, content, correct, create_date, filepath, modify_date, score, subject, teacher_id, time, view) values (?, ?, ?, ?, ?, ?, ?, ?, ?, ?, ?, ?, ?, ?, ?, ?)
make question 2616
Hibernate: insert into question (answer, choice1, choice2, choice3, choice4, choice5, content, correct, create_date, filepath, modify_date, score, subject, teacher_id, time, view) values (?, ?, ?, ?, ?, ?, ?, ?, ?, ?, ?, ?, ?, ?, ?, ?)
make question 2617
Hibernate: insert into question (answer, choice1, choice2, choice3, choice4, choice5, content, correct, create_date, filepath, modify_date, score, subject, teacher_id, time, view) values (?, ?, ?, ?, ?, ?, ?, ?, ?, ?, ?, ?, ?, ?, ?, ?)
make question 2618
Hibernate: insert into question (answer, choice1, choice2, choice3, choice4, choice5, content, correct, create_date, filepath, modify_date, score, subject, teacher_id, time, view) values (?, ?, ?, ?, ?, ?, ?, ?, ?, ?, ?, ?, ?, ?, ?, ?)
make question 2619
Hibernate: insert into question (answer, choice1, choice2, choice3, choice4, choice5, content, correct, create_date, filepath, modify_date, score, subject, teacher_id, time, view) values (?, ?, ?, ?, ?, ?, ?, ?, ?, ?, ?, ?, ?, ?, ?, ?)
make question 2620
Hibernate: insert into question (answer, choice1, choice2, choice3, choice4, choice5, content, correct, create_date, filepath, modify_date, score, subject, teacher_id, time, view) values (?, ?, ?, ?, ?, ?, ?, ?, ?, ?, ?, ?, ?, ?, ?, ?)
make question 2621
Hibernate: insert into question (answer, choice1, choice2, choice3, choice4, choice5, content, correct, create_date, filepath, modify_date, score, subject, teacher_id, time, view) values (?, ?, ?, ?, ?, ?, ?, ?, ?, ?, ?, ?, ?, ?, ?, ?)
make question 2622
Hibernate: insert into question (answer, choice1, choice2, choice3, choice4, choice5, content, correct, create_date, filepath, modify_date, score, subject, teacher_id, time, view) values (?, ?, ?, ?, ?, ?, ?, ?, ?, ?, ?, ?, ?, ?, ?, ?)
make question 2623
Hibernate: insert into question (answer, choice1, choice2, choice3, choice4, choice5, content, correct, create_date, filepath, modify_date, score, subject, teacher_id, time, view) values (?, ?, ?, ?, ?, ?, ?, ?, ?, ?, ?, ?, ?, ?, ?, ?)
make question 2624
Hibernate: insert into question (answer, choice1, choice2, choice3, choice4, choice5, content, correct, create_date, filepath, modify_date, score, subject, teacher_id, time, view) values (?, ?, ?, ?, ?, ?, ?, ?, ?, ?, ?, ?, ?, ?, ?, ?)
make question 2625
Hibernate: insert into question (answer, choice1, choice2, choice3, choice4, choice5, content, correct, create_date, filepath, modify_date, score, subject, teacher_id, time, view) values (?, ?, ?, ?, ?, ?, ?, ?, ?, ?, ?, ?, ?, ?, ?, ?)
make question 2626
Hibernate: insert into question (answer, choice1, choice2, choice3, choice4, choice5, content, correct, create_date, filepath, modify_date, score, subject, teacher_id, time, view) values (?, ?, ?, ?, ?, ?, ?, ?, ?, ?, ?, ?, ?, ?, ?, ?)
make question 2627
Hibernate: insert into question (answer, choice1, choice2, choice3, choice4, choice5, content, correct, create_date, filepath, modify_date, score, subject, teacher_id, time, view) values (?, ?, ?, ?, ?, ?, ?, ?, ?, ?, ?, ?, ?, ?, ?, ?)
make question 2628
Hibernate: insert into question (answer, choice1, choice2, choice3, choice4, choice5, content, correct, create_date, filepath, modify_date, score, subject, teacher_id, time, view) values (?, ?, ?, ?, ?, ?, ?, ?, ?, ?, ?, ?, ?, ?, ?, ?)
make question 2629
Hibernate: insert into question (answer, choice1, choice2, choice3, choice4, choice5, content, correct, create_date, filepath, modify_date, score, subject, teacher_id, time, view) values (?, ?, ?, ?, ?, ?, ?, ?, ?, ?, ?, ?, ?, ?, ?, ?)
make question 2630
Hibernate: insert into question (answer, choice1, choice2, choice3, choice4, choice5, content, correct, create_date, filepath, modify_date, score, subject, teacher_id, time, view) values (?, ?, ?, ?, ?, ?, ?, ?, ?, ?, ?, ?, ?, ?, ?, ?)
make question 2631
Hibernate: insert into question (answer, choice1, choice2, choice3, choice4, choice5, content, correct, create_date, filepath, modify_date, score, subject, teacher_id, time, view) values (?, ?, ?, ?, ?, ?, ?, ?, ?, ?, ?, ?, ?, ?, ?, ?)
make question 2632
Hibernate: insert into question (answer, choice1, choice2, choice3, choice4, choice5, content, correct, create_date, filepath, modify_date, score, subject, teacher_id, time, view) values (?, ?, ?, ?, ?, ?, ?, ?, ?, ?, ?, ?, ?, ?, ?, ?)
make question 2633
Hibernate: insert into question (answer, choice1, choice2, choice3, choice4, choice5, content, correct, create_date, filepath, modify_date, score, subject, teacher_id, time, view) values (?, ?, ?, ?, ?, ?, ?, ?, ?, ?, ?, ?, ?, ?, ?, ?)
make question 2634
Hibernate: insert into question (answer, choice1, choice2, choice3, choice4, choice5, content, correct, create_date, filepath, modify_date, score, subject, teacher_id, time, view) values (?, ?, ?, ?, ?, ?, ?, ?, ?, ?, ?, ?, ?, ?, ?, ?)
make question 2635
Hibernate: insert into question (answer, choice1, choice2, choice3, choice4, choice5, content, correct, create_date, filepath, modify_date, score, subject, teacher_id, time, view) values (?, ?, ?, ?, ?, ?, ?, ?, ?, ?, ?, ?, ?, ?, ?, ?)
make question 2636
Hibernate: insert into question (answer, choice1, choice2, choice3, choice4, choice5, content, correct, create_date, filepath, modify_date, score, subject, teacher_id, time, view) values (?, ?, ?, ?, ?, ?, ?, ?, ?, ?, ?, ?, ?, ?, ?, ?)
make question 2637
Hibernate: insert into question (answer, choice1, choice2, choice3, choice4, choice5, content, correct, create_date, filepath, modify_date, score, subject, teacher_id, time, view) values (?, ?, ?, ?, ?, ?, ?, ?, ?, ?, ?, ?, ?, ?, ?, ?)
make question 2638
Hibernate: insert into question (answer, choice1, choice2, choice3, choice4, choice5, content, correct, create_date, filepath, modify_date, score, subject, teacher_id, time, view) values (?, ?, ?, ?, ?, ?, ?, ?, ?, ?, ?, ?, ?, ?, ?, ?)
make question 2639
Hibernate: insert into question (answer, choice1, choice2, choice3, choice4, choice5, content, correct, create_date, filepath, modify_date, score, subject, teacher_id, time, view) values (?, ?, ?, ?, ?, ?, ?, ?, ?, ?, ?, ?, ?, ?, ?, ?)
make question 2640
Hibernate: insert into question (answer, choice1, choice2, choice3, choice4, choice5, content, correct, create_date, filepath, modify_date, score, subject, teacher_id, time, view) values (?, ?, ?, ?, ?, ?, ?, ?, ?, ?, ?, ?, ?, ?, ?, ?)
make question 2641
Hibernate: insert into question (answer, choice1, choice2, choice3, choice4, choice5, content, correct, create_date, filepath, modify_date, score, subject, teacher_id, time, view) values (?, ?, ?, ?, ?, ?, ?, ?, ?, ?, ?, ?, ?, ?, ?, ?)
make question 2642
Hibernate: insert into question (answer, choice1, choice2, choice3, choice4, choice5, content, correct, create_date, filepath, modify_date, score, subject, teacher_id, time, view) values (?, ?, ?, ?, ?, ?, ?, ?, ?, ?, ?, ?, ?, ?, ?, ?)
make question 2643
Hibernate: insert into question (answer, choice1, choice2, choice3, choice4, choice5, content, correct, create_date, filepath, modify_date, score, subject, teacher_id, time, view) values (?, ?, ?, ?, ?, ?, ?, ?, ?, ?, ?, ?, ?, ?, ?, ?)
make question 2644
Hibernate: insert into question (answer, choice1, choice2, choice3, choice4, choice5, content, correct, create_date, filepath, modify_date, score, subject, teacher_id, time, view) values (?, ?, ?, ?, ?, ?, ?, ?, ?, ?, ?, ?, ?, ?, ?, ?)
make question 2645
Hibernate: insert into question (answer, choice1, choice2, choice3, choice4, choice5, content, correct, create_date, filepath, modify_date, score, subject, teacher_id, time, view) values (?, ?, ?, ?, ?, ?, ?, ?, ?, ?, ?, ?, ?, ?, ?, ?)
make question 2646
Hibernate: insert into question (answer, choice1, choice2, choice3, choice4, choice5, content, correct, create_date, filepath, modify_date, score, subject, teacher_id, time, view) values (?, ?, ?, ?, ?, ?, ?, ?, ?, ?, ?, ?, ?, ?, ?, ?)
make question 2647
Hibernate: insert into question (answer, choice1, choice2, choice3, choice4, choice5, content, correct, create_date, filepath, modify_date, score, subject, teacher_id, time, view) values (?, ?, ?, ?, ?, ?, ?, ?, ?, ?, ?, ?, ?, ?, ?, ?)
make question 2648
Hibernate: insert into question (answer, choice1, choice2, choice3, choice4, choice5, content, correct, create_date, filepath, modify_date, score, subject, teacher_id, time, view) values (?, ?, ?, ?, ?, ?, ?, ?, ?, ?, ?, ?, ?, ?, ?, ?)
make question 2649
Hibernate: insert into question (answer, choice1, choice2, choice3, choice4, choice5, content, correct, create_date, filepath, modify_date, score, subject, teacher_id, time, view) values (?, ?, ?, ?, ?, ?, ?, ?, ?, ?, ?, ?, ?, ?, ?, ?)
make question 2650
Hibernate: insert into question (answer, choice1, choice2, choice3, choice4, choice5, content, correct, create_date, filepath, modify_date, score, subject, teacher_id, time, view) values (?, ?, ?, ?, ?, ?, ?, ?, ?, ?, ?, ?, ?, ?, ?, ?)
make question 2651
Hibernate: insert into question (answer, choice1, choice2, choice3, choice4, choice5, content, correct, create_date, filepath, modify_date, score, subject, teacher_id, time, view) values (?, ?, ?, ?, ?, ?, ?, ?, ?, ?, ?, ?, ?, ?, ?, ?)
make question 2652
Hibernate: insert into question (answer, choice1, choice2, choice3, choice4, choice5, content, correct, create_date, filepath, modify_date, score, subject, teacher_id, time, view) values (?, ?, ?, ?, ?, ?, ?, ?, ?, ?, ?, ?, ?, ?, ?, ?)
make question 2653
Hibernate: insert into question (answer, choice1, choice2, choice3, choice4, choice5, content, correct, create_date, filepath, modify_date, score, subject, teacher_id, time, view) values (?, ?, ?, ?, ?, ?, ?, ?, ?, ?, ?, ?, ?, ?, ?, ?)
make question 2654
Hibernate: insert into question (answer, choice1, choice2, choice3, choice4, choice5, content, correct, create_date, filepath, modify_date, score, subject, teacher_id, time, view) values (?, ?, ?, ?, ?, ?, ?, ?, ?, ?, ?, ?, ?, ?, ?, ?)
make question 2655
Hibernate: insert into question (answer, choice1, choice2, choice3, choice4, choice5, content, correct, create_date, filepath, modify_date, score, subject, teacher_id, time, view) values (?, ?, ?, ?, ?, ?, ?, ?, ?, ?, ?, ?, ?, ?, ?, ?)
make question 2656
Hibernate: insert into question (answer, choice1, choice2, choice3, choice4, choice5, content, correct, create_date, filepath, modify_date, score, subject, teacher_id, time, view) values (?, ?, ?, ?, ?, ?, ?, ?, ?, ?, ?, ?, ?, ?, ?, ?)
make question 2657
Hibernate: insert into question (answer, choice1, choice2, choice3, choice4, choice5, content, correct, create_date, filepath, modify_date, score, subject, teacher_id, time, view) values (?, ?, ?, ?, ?, ?, ?, ?, ?, ?, ?, ?, ?, ?, ?, ?)
make question 2658
Hibernate: insert into question (answer, choice1, choice2, choice3, choice4, choice5, content, correct, create_date, filepath, modify_date, score, subject, teacher_id, time, view) values (?, ?, ?, ?, ?, ?, ?, ?, ?, ?, ?, ?, ?, ?, ?, ?)
make question 2659
Hibernate: insert into question (answer, choice1, choice2, choice3, choice4, choice5, content, correct, create_date, filepath, modify_date, score, subject, teacher_id, time, view) values (?, ?, ?, ?, ?, ?, ?, ?, ?, ?, ?, ?, ?, ?, ?, ?)
make question 2660
Hibernate: insert into question (answer, choice1, choice2, choice3, choice4, choice5, content, correct, create_date, filepath, modify_date, score, subject, teacher_id, time, view) values (?, ?, ?, ?, ?, ?, ?, ?, ?, ?, ?, ?, ?, ?, ?, ?)
make question 2661
Hibernate: insert into question (answer, choice1, choice2, choice3, choice4, choice5, content, correct, create_date, filepath, modify_date, score, subject, teacher_id, time, view) values (?, ?, ?, ?, ?, ?, ?, ?, ?, ?, ?, ?, ?, ?, ?, ?)
make question 2662
Hibernate: insert into question (answer, choice1, choice2, choice3, choice4, choice5, content, correct, create_date, filepath, modify_date, score, subject, teacher_id, time, view) values (?, ?, ?, ?, ?, ?, ?, ?, ?, ?, ?, ?, ?, ?, ?, ?)
make question 2663
Hibernate: insert into question (answer, choice1, choice2, choice3, choice4, choice5, content, correct, create_date, filepath, modify_date, score, subject, teacher_id, time, view) values (?, ?, ?, ?, ?, ?, ?, ?, ?, ?, ?, ?, ?, ?, ?, ?)
make question 2664
Hibernate: insert into question (answer, choice1, choice2, choice3, choice4, choice5, content, correct, create_date, filepath, modify_date, score, subject, teacher_id, time, view) values (?, ?, ?, ?, ?, ?, ?, ?, ?, ?, ?, ?, ?, ?, ?, ?)
make question 2665
Hibernate: insert into question (answer, choice1, choice2, choice3, choice4, choice5, content, correct, create_date, filepath, modify_date, score, subject, teacher_id, time, view) values (?, ?, ?, ?, ?, ?, ?, ?, ?, ?, ?, ?, ?, ?, ?, ?)
make question 2666
Hibernate: insert into question (answer, choice1, choice2, choice3, choice4, choice5, content, correct, create_date, filepath, modify_date, score, subject, teacher_id, time, view) values (?, ?, ?, ?, ?, ?, ?, ?, ?, ?, ?, ?, ?, ?, ?, ?)
make question 2667
Hibernate: insert into question (answer, choice1, choice2, choice3, choice4, choice5, content, correct, create_date, filepath, modify_date, score, subject, teacher_id, time, view) values (?, ?, ?, ?, ?, ?, ?, ?, ?, ?, ?, ?, ?, ?, ?, ?)
make question 2668
Hibernate: insert into question (answer, choice1, choice2, choice3, choice4, choice5, content, correct, create_date, filepath, modify_date, score, subject, teacher_id, time, view) values (?, ?, ?, ?, ?, ?, ?, ?, ?, ?, ?, ?, ?, ?, ?, ?)
make question 2669
Hibernate: insert into question (answer, choice1, choice2, choice3, choice4, choice5, content, correct, create_date, filepath, modify_date, score, subject, teacher_id, time, view) values (?, ?, ?, ?, ?, ?, ?, ?, ?, ?, ?, ?, ?, ?, ?, ?)
make question 2670
Hibernate: insert into question (answer, choice1, choice2, choice3, choice4, choice5, content, correct, create_date, filepath, modify_date, score, subject, teacher_id, time, view) values (?, ?, ?, ?, ?, ?, ?, ?, ?, ?, ?, ?, ?, ?, ?, ?)
make question 2671
Hibernate: insert into question (answer, choice1, choice2, choice3, choice4, choice5, content, correct, create_date, filepath, modify_date, score, subject, teacher_id, time, view) values (?, ?, ?, ?, ?, ?, ?, ?, ?, ?, ?, ?, ?, ?, ?, ?)
make question 2672
Hibernate: insert into question (answer, choice1, choice2, choice3, choice4, choice5, content, correct, create_date, filepath, modify_date, score, subject, teacher_id, time, view) values (?, ?, ?, ?, ?, ?, ?, ?, ?, ?, ?, ?, ?, ?, ?, ?)
make question 2673
Hibernate: insert into question (answer, choice1, choice2, choice3, choice4, choice5, content, correct, create_date, filepath, modify_date, score, subject, teacher_id, time, view) values (?, ?, ?, ?, ?, ?, ?, ?, ?, ?, ?, ?, ?, ?, ?, ?)
make question 2674
Hibernate: insert into question (answer, choice1, choice2, choice3, choice4, choice5, content, correct, create_date, filepath, modify_date, score, subject, teacher_id, time, view) values (?, ?, ?, ?, ?, ?, ?, ?, ?, ?, ?, ?, ?, ?, ?, ?)
make question 2675
Hibernate: insert into question (answer, choice1, choice2, choice3, choice4, choice5, content, correct, create_date, filepath, modify_date, score, subject, teacher_id, time, view) values (?, ?, ?, ?, ?, ?, ?, ?, ?, ?, ?, ?, ?, ?, ?, ?)
make question 2676
Hibernate: insert into question (answer, choice1, choice2, choice3, choice4, choice5, content, correct, create_date, filepath, modify_date, score, subject, teacher_id, time, view) values (?, ?, ?, ?, ?, ?, ?, ?, ?, ?, ?, ?, ?, ?, ?, ?)
make question 2677
Hibernate: insert into question (answer, choice1, choice2, choice3, choice4, choice5, content, correct, create_date, filepath, modify_date, score, subject, teacher_id, time, view) values (?, ?, ?, ?, ?, ?, ?, ?, ?, ?, ?, ?, ?, ?, ?, ?)
make question 2678
Hibernate: insert into question (answer, choice1, choice2, choice3, choice4, choice5, content, correct, create_date, filepath, modify_date, score, subject, teacher_id, time, view) values (?, ?, ?, ?, ?, ?, ?, ?, ?, ?, ?, ?, ?, ?, ?, ?)
make question 2679
Hibernate: insert into question (answer, choice1, choice2, choice3, choice4, choice5, content, correct, create_date, filepath, modify_date, score, subject, teacher_id, time, view) values (?, ?, ?, ?, ?, ?, ?, ?, ?, ?, ?, ?, ?, ?, ?, ?)
make question 2680
Hibernate: insert into question (answer, choice1, choice2, choice3, choice4, choice5, content, correct, create_date, filepath, modify_date, score, subject, teacher_id, time, view) values (?, ?, ?, ?, ?, ?, ?, ?, ?, ?, ?, ?, ?, ?, ?, ?)
make question 2681
Hibernate: insert into question (answer, choice1, choice2, choice3, choice4, choice5, content, correct, create_date, filepath, modify_date, score, subject, teacher_id, time, view) values (?, ?, ?, ?, ?, ?, ?, ?, ?, ?, ?, ?, ?, ?, ?, ?)
make question 2682
Hibernate: insert into question (answer, choice1, choice2, choice3, choice4, choice5, content, correct, create_date, filepath, modify_date, score, subject, teacher_id, time, view) values (?, ?, ?, ?, ?, ?, ?, ?, ?, ?, ?, ?, ?, ?, ?, ?)
make question 2683
Hibernate: insert into question (answer, choice1, choice2, choice3, choice4, choice5, content, correct, create_date, filepath, modify_date, score, subject, teacher_id, time, view) values (?, ?, ?, ?, ?, ?, ?, ?, ?, ?, ?, ?, ?, ?, ?, ?)
make question 2684
Hibernate: insert into question (answer, choice1, choice2, choice3, choice4, choice5, content, correct, create_date, filepath, modify_date, score, subject, teacher_id, time, view) values (?, ?, ?, ?, ?, ?, ?, ?, ?, ?, ?, ?, ?, ?, ?, ?)
make question 2685
Hibernate: insert into question (answer, choice1, choice2, choice3, choice4, choice5, content, correct, create_date, filepath, modify_date, score, subject, teacher_id, time, view) values (?, ?, ?, ?, ?, ?, ?, ?, ?, ?, ?, ?, ?, ?, ?, ?)
make question 2686
Hibernate: insert into question (answer, choice1, choice2, choice3, choice4, choice5, content, correct, create_date, filepath, modify_date, score, subject, teacher_id, time, view) values (?, ?, ?, ?, ?, ?, ?, ?, ?, ?, ?, ?, ?, ?, ?, ?)
make question 2687
Hibernate: insert into question (answer, choice1, choice2, choice3, choice4, choice5, content, correct, create_date, filepath, modify_date, score, subject, teacher_id, time, view) values (?, ?, ?, ?, ?, ?, ?, ?, ?, ?, ?, ?, ?, ?, ?, ?)
make question 2688
Hibernate: insert into question (answer, choice1, choice2, choice3, choice4, choice5, content, correct, create_date, filepath, modify_date, score, subject, teacher_id, time, view) values (?, ?, ?, ?, ?, ?, ?, ?, ?, ?, ?, ?, ?, ?, ?, ?)
make question 2689
Hibernate: insert into question (answer, choice1, choice2, choice3, choice4, choice5, content, correct, create_date, filepath, modify_date, score, subject, teacher_id, time, view) values (?, ?, ?, ?, ?, ?, ?, ?, ?, ?, ?, ?, ?, ?, ?, ?)
make question 2690
Hibernate: insert into question (answer, choice1, choice2, choice3, choice4, choice5, content, correct, create_date, filepath, modify_date, score, subject, teacher_id, time, view) values (?, ?, ?, ?, ?, ?, ?, ?, ?, ?, ?, ?, ?, ?, ?, ?)
make question 2691
Hibernate: insert into question (answer, choice1, choice2, choice3, choice4, choice5, content, correct, create_date, filepath, modify_date, score, subject, teacher_id, time, view) values (?, ?, ?, ?, ?, ?, ?, ?, ?, ?, ?, ?, ?, ?, ?, ?)
make question 2692
Hibernate: insert into question (answer, choice1, choice2, choice3, choice4, choice5, content, correct, create_date, filepath, modify_date, score, subject, teacher_id, time, view) values (?, ?, ?, ?, ?, ?, ?, ?, ?, ?, ?, ?, ?, ?, ?, ?)
make question 2693
Hibernate: insert into question (answer, choice1, choice2, choice3, choice4, choice5, content, correct, create_date, filepath, modify_date, score, subject, teacher_id, time, view) values (?, ?, ?, ?, ?, ?, ?, ?, ?, ?, ?, ?, ?, ?, ?, ?)
make question 2694
Hibernate: insert into question (answer, choice1, choice2, choice3, choice4, choice5, content, correct, create_date, filepath, modify_date, score, subject, teacher_id, time, view) values (?, ?, ?, ?, ?, ?, ?, ?, ?, ?, ?, ?, ?, ?, ?, ?)
make question 2695
Hibernate: insert into question (answer, choice1, choice2, choice3, choice4, choice5, content, correct, create_date, filepath, modify_date, score, subject, teacher_id, time, view) values (?, ?, ?, ?, ?, ?, ?, ?, ?, ?, ?, ?, ?, ?, ?, ?)
make question 2696
Hibernate: insert into question (answer, choice1, choice2, choice3, choice4, choice5, content, correct, create_date, filepath, modify_date, score, subject, teacher_id, time, view) values (?, ?, ?, ?, ?, ?, ?, ?, ?, ?, ?, ?, ?, ?, ?, ?)
make question 2697
Hibernate: insert into question (answer, choice1, choice2, choice3, choice4, choice5, content, correct, create_date, filepath, modify_date, score, subject, teacher_id, time, view) values (?, ?, ?, ?, ?, ?, ?, ?, ?, ?, ?, ?, ?, ?, ?, ?)
make question 2698
Hibernate: insert into question (answer, choice1, choice2, choice3, choice4, choice5, content, correct, create_date, filepath, modify_date, score, subject, teacher_id, time, view) values (?, ?, ?, ?, ?, ?, ?, ?, ?, ?, ?, ?, ?, ?, ?, ?)
make question 2699
Hibernate: insert into question (answer, choice1, choice2, choice3, choice4, choice5, content, correct, create_date, filepath, modify_date, score, subject, teacher_id, time, view) values (?, ?, ?, ?, ?, ?, ?, ?, ?, ?, ?, ?, ?, ?, ?, ?)
make question 2700
Hibernate: insert into question (answer, choice1, choice2, choice3, choice4, choice5, content, correct, create_date, filepath, modify_date, score, subject, teacher_id, time, view) values (?, ?, ?, ?, ?, ?, ?, ?, ?, ?, ?, ?, ?, ?, ?, ?)
make question 2701
Hibernate: insert into question (answer, choice1, choice2, choice3, choice4, choice5, content, correct, create_date, filepath, modify_date, score, subject, teacher_id, time, view) values (?, ?, ?, ?, ?, ?, ?, ?, ?, ?, ?, ?, ?, ?, ?, ?)
make question 2702
Hibernate: insert into question (answer, choice1, choice2, choice3, choice4, choice5, content, correct, create_date, filepath, modify_date, score, subject, teacher_id, time, view) values (?, ?, ?, ?, ?, ?, ?, ?, ?, ?, ?, ?, ?, ?, ?, ?)
make question 2703
Hibernate: insert into question (answer, choice1, choice2, choice3, choice4, choice5, content, correct, create_date, filepath, modify_date, score, subject, teacher_id, time, view) values (?, ?, ?, ?, ?, ?, ?, ?, ?, ?, ?, ?, ?, ?, ?, ?)
make question 2704
Hibernate: insert into question (answer, choice1, choice2, choice3, choice4, choice5, content, correct, create_date, filepath, modify_date, score, subject, teacher_id, time, view) values (?, ?, ?, ?, ?, ?, ?, ?, ?, ?, ?, ?, ?, ?, ?, ?)
make question 2705
Hibernate: insert into question (answer, choice1, choice2, choice3, choice4, choice5, content, correct, create_date, filepath, modify_date, score, subject, teacher_id, time, view) values (?, ?, ?, ?, ?, ?, ?, ?, ?, ?, ?, ?, ?, ?, ?, ?)
make question 2706
Hibernate: insert into question (answer, choice1, choice2, choice3, choice4, choice5, content, correct, create_date, filepath, modify_date, score, subject, teacher_id, time, view) values (?, ?, ?, ?, ?, ?, ?, ?, ?, ?, ?, ?, ?, ?, ?, ?)
make question 2707
Hibernate: insert into question (answer, choice1, choice2, choice3, choice4, choice5, content, correct, create_date, filepath, modify_date, score, subject, teacher_id, time, view) values (?, ?, ?, ?, ?, ?, ?, ?, ?, ?, ?, ?, ?, ?, ?, ?)
make question 2708
Hibernate: insert into question (answer, choice1, choice2, choice3, choice4, choice5, content, correct, create_date, filepath, modify_date, score, subject, teacher_id, time, view) values (?, ?, ?, ?, ?, ?, ?, ?, ?, ?, ?, ?, ?, ?, ?, ?)
make question 2709
Hibernate: insert into question (answer, choice1, choice2, choice3, choice4, choice5, content, correct, create_date, filepath, modify_date, score, subject, teacher_id, time, view) values (?, ?, ?, ?, ?, ?, ?, ?, ?, ?, ?, ?, ?, ?, ?, ?)
make question 2710
Hibernate: insert into question (answer, choice1, choice2, choice3, choice4, choice5, content, correct, create_date, filepath, modify_date, score, subject, teacher_id, time, view) values (?, ?, ?, ?, ?, ?, ?, ?, ?, ?, ?, ?, ?, ?, ?, ?)
make question 2711
Hibernate: insert into question (answer, choice1, choice2, choice3, choice4, choice5, content, correct, create_date, filepath, modify_date, score, subject, teacher_id, time, view) values (?, ?, ?, ?, ?, ?, ?, ?, ?, ?, ?, ?, ?, ?, ?, ?)
make question 2712
Hibernate: insert into question (answer, choice1, choice2, choice3, choice4, choice5, content, correct, create_date, filepath, modify_date, score, subject, teacher_id, time, view) values (?, ?, ?, ?, ?, ?, ?, ?, ?, ?, ?, ?, ?, ?, ?, ?)
make question 2713
Hibernate: insert into question (answer, choice1, choice2, choice3, choice4, choice5, content, correct, create_date, filepath, modify_date, score, subject, teacher_id, time, view) values (?, ?, ?, ?, ?, ?, ?, ?, ?, ?, ?, ?, ?, ?, ?, ?)
make question 2714
Hibernate: insert into question (answer, choice1, choice2, choice3, choice4, choice5, content, correct, create_date, filepath, modify_date, score, subject, teacher_id, time, view) values (?, ?, ?, ?, ?, ?, ?, ?, ?, ?, ?, ?, ?, ?, ?, ?)
make question 2715
Hibernate: insert into question (answer, choice1, choice2, choice3, choice4, choice5, content, correct, create_date, filepath, modify_date, score, subject, teacher_id, time, view) values (?, ?, ?, ?, ?, ?, ?, ?, ?, ?, ?, ?, ?, ?, ?, ?)
make question 2716
Hibernate: insert into question (answer, choice1, choice2, choice3, choice4, choice5, content, correct, create_date, filepath, modify_date, score, subject, teacher_id, time, view) values (?, ?, ?, ?, ?, ?, ?, ?, ?, ?, ?, ?, ?, ?, ?, ?)
make question 2717
Hibernate: insert into question (answer, choice1, choice2, choice3, choice4, choice5, content, correct, create_date, filepath, modify_date, score, subject, teacher_id, time, view) values (?, ?, ?, ?, ?, ?, ?, ?, ?, ?, ?, ?, ?, ?, ?, ?)
make question 2718
Hibernate: insert into question (answer, choice1, choice2, choice3, choice4, choice5, content, correct, create_date, filepath, modify_date, score, subject, teacher_id, time, view) values (?, ?, ?, ?, ?, ?, ?, ?, ?, ?, ?, ?, ?, ?, ?, ?)
make question 2719
Hibernate: insert into question (answer, choice1, choice2, choice3, choice4, choice5, content, correct, create_date, filepath, modify_date, score, subject, teacher_id, time, view) values (?, ?, ?, ?, ?, ?, ?, ?, ?, ?, ?, ?, ?, ?, ?, ?)
make question 2720
Hibernate: insert into question (answer, choice1, choice2, choice3, choice4, choice5, content, correct, create_date, filepath, modify_date, score, subject, teacher_id, time, view) values (?, ?, ?, ?, ?, ?, ?, ?, ?, ?, ?, ?, ?, ?, ?, ?)
make question 2721
Hibernate: insert into question (answer, choice1, choice2, choice3, choice4, choice5, content, correct, create_date, filepath, modify_date, score, subject, teacher_id, time, view) values (?, ?, ?, ?, ?, ?, ?, ?, ?, ?, ?, ?, ?, ?, ?, ?)
make question 2722
Hibernate: insert into question (answer, choice1, choice2, choice3, choice4, choice5, content, correct, create_date, filepath, modify_date, score, subject, teacher_id, time, view) values (?, ?, ?, ?, ?, ?, ?, ?, ?, ?, ?, ?, ?, ?, ?, ?)
make question 2723
Hibernate: insert into question (answer, choice1, choice2, choice3, choice4, choice5, content, correct, create_date, filepath, modify_date, score, subject, teacher_id, time, view) values (?, ?, ?, ?, ?, ?, ?, ?, ?, ?, ?, ?, ?, ?, ?, ?)
make question 2724
Hibernate: insert into question (answer, choice1, choice2, choice3, choice4, choice5, content, correct, create_date, filepath, modify_date, score, subject, teacher_id, time, view) values (?, ?, ?, ?, ?, ?, ?, ?, ?, ?, ?, ?, ?, ?, ?, ?)
make question 2725
Hibernate: insert into question (answer, choice1, choice2, choice3, choice4, choice5, content, correct, create_date, filepath, modify_date, score, subject, teacher_id, time, view) values (?, ?, ?, ?, ?, ?, ?, ?, ?, ?, ?, ?, ?, ?, ?, ?)
make question 2726
Hibernate: insert into question (answer, choice1, choice2, choice3, choice4, choice5, content, correct, create_date, filepath, modify_date, score, subject, teacher_id, time, view) values (?, ?, ?, ?, ?, ?, ?, ?, ?, ?, ?, ?, ?, ?, ?, ?)
make question 2727
Hibernate: insert into question (answer, choice1, choice2, choice3, choice4, choice5, content, correct, create_date, filepath, modify_date, score, subject, teacher_id, time, view) values (?, ?, ?, ?, ?, ?, ?, ?, ?, ?, ?, ?, ?, ?, ?, ?)
make question 2728
Hibernate: insert into question (answer, choice1, choice2, choice3, choice4, choice5, content, correct, create_date, filepath, modify_date, score, subject, teacher_id, time, view) values (?, ?, ?, ?, ?, ?, ?, ?, ?, ?, ?, ?, ?, ?, ?, ?)
make question 2729
Hibernate: insert into question (answer, choice1, choice2, choice3, choice4, choice5, content, correct, create_date, filepath, modify_date, score, subject, teacher_id, time, view) values (?, ?, ?, ?, ?, ?, ?, ?, ?, ?, ?, ?, ?, ?, ?, ?)
make question 2730
Hibernate: insert into question (answer, choice1, choice2, choice3, choice4, choice5, content, correct, create_date, filepath, modify_date, score, subject, teacher_id, time, view) values (?, ?, ?, ?, ?, ?, ?, ?, ?, ?, ?, ?, ?, ?, ?, ?)
make question 2731
Hibernate: insert into question (answer, choice1, choice2, choice3, choice4, choice5, content, correct, create_date, filepath, modify_date, score, subject, teacher_id, time, view) values (?, ?, ?, ?, ?, ?, ?, ?, ?, ?, ?, ?, ?, ?, ?, ?)
make question 2732
Hibernate: insert into question (answer, choice1, choice2, choice3, choice4, choice5, content, correct, create_date, filepath, modify_date, score, subject, teacher_id, time, view) values (?, ?, ?, ?, ?, ?, ?, ?, ?, ?, ?, ?, ?, ?, ?, ?)
make question 2733
Hibernate: insert into question (answer, choice1, choice2, choice3, choice4, choice5, content, correct, create_date, filepath, modify_date, score, subject, teacher_id, time, view) values (?, ?, ?, ?, ?, ?, ?, ?, ?, ?, ?, ?, ?, ?, ?, ?)
make question 2734
Hibernate: insert into question (answer, choice1, choice2, choice3, choice4, choice5, content, correct, create_date, filepath, modify_date, score, subject, teacher_id, time, view) values (?, ?, ?, ?, ?, ?, ?, ?, ?, ?, ?, ?, ?, ?, ?, ?)
make question 2735
Hibernate: insert into question (answer, choice1, choice2, choice3, choice4, choice5, content, correct, create_date, filepath, modify_date, score, subject, teacher_id, time, view) values (?, ?, ?, ?, ?, ?, ?, ?, ?, ?, ?, ?, ?, ?, ?, ?)
make question 2736
Hibernate: insert into question (answer, choice1, choice2, choice3, choice4, choice5, content, correct, create_date, filepath, modify_date, score, subject, teacher_id, time, view) values (?, ?, ?, ?, ?, ?, ?, ?, ?, ?, ?, ?, ?, ?, ?, ?)
make question 2737
Hibernate: insert into question (answer, choice1, choice2, choice3, choice4, choice5, content, correct, create_date, filepath, modify_date, score, subject, teacher_id, time, view) values (?, ?, ?, ?, ?, ?, ?, ?, ?, ?, ?, ?, ?, ?, ?, ?)
make question 2738
Hibernate: insert into question (answer, choice1, choice2, choice3, choice4, choice5, content, correct, create_date, filepath, modify_date, score, subject, teacher_id, time, view) values (?, ?, ?, ?, ?, ?, ?, ?, ?, ?, ?, ?, ?, ?, ?, ?)
make question 2739
Hibernate: insert into question (answer, choice1, choice2, choice3, choice4, choice5, content, correct, create_date, filepath, modify_date, score, subject, teacher_id, time, view) values (?, ?, ?, ?, ?, ?, ?, ?, ?, ?, ?, ?, ?, ?, ?, ?)
make question 2740
Hibernate: insert into question (answer, choice1, choice2, choice3, choice4, choice5, content, correct, create_date, filepath, modify_date, score, subject, teacher_id, time, view) values (?, ?, ?, ?, ?, ?, ?, ?, ?, ?, ?, ?, ?, ?, ?, ?)
make question 2741
Hibernate: insert into question (answer, choice1, choice2, choice3, choice4, choice5, content, correct, create_date, filepath, modify_date, score, subject, teacher_id, time, view) values (?, ?, ?, ?, ?, ?, ?, ?, ?, ?, ?, ?, ?, ?, ?, ?)
make question 2742
Hibernate: insert into question (answer, choice1, choice2, choice3, choice4, choice5, content, correct, create_date, filepath, modify_date, score, subject, teacher_id, time, view) values (?, ?, ?, ?, ?, ?, ?, ?, ?, ?, ?, ?, ?, ?, ?, ?)
make question 2743
Hibernate: insert into question (answer, choice1, choice2, choice3, choice4, choice5, content, correct, create_date, filepath, modify_date, score, subject, teacher_id, time, view) values (?, ?, ?, ?, ?, ?, ?, ?, ?, ?, ?, ?, ?, ?, ?, ?)
make question 2744
Hibernate: insert into question (answer, choice1, choice2, choice3, choice4, choice5, content, correct, create_date, filepath, modify_date, score, subject, teacher_id, time, view) values (?, ?, ?, ?, ?, ?, ?, ?, ?, ?, ?, ?, ?, ?, ?, ?)
make question 2745
Hibernate: insert into question (answer, choice1, choice2, choice3, choice4, choice5, content, correct, create_date, filepath, modify_date, score, subject, teacher_id, time, view) values (?, ?, ?, ?, ?, ?, ?, ?, ?, ?, ?, ?, ?, ?, ?, ?)
make question 2746
Hibernate: insert into question (answer, choice1, choice2, choice3, choice4, choice5, content, correct, create_date, filepath, modify_date, score, subject, teacher_id, time, view) values (?, ?, ?, ?, ?, ?, ?, ?, ?, ?, ?, ?, ?, ?, ?, ?)
make question 2747
Hibernate: insert into question (answer, choice1, choice2, choice3, choice4, choice5, content, correct, create_date, filepath, modify_date, score, subject, teacher_id, time, view) values (?, ?, ?, ?, ?, ?, ?, ?, ?, ?, ?, ?, ?, ?, ?, ?)
make question 2748
Hibernate: insert into question (answer, choice1, choice2, choice3, choice4, choice5, content, correct, create_date, filepath, modify_date, score, subject, teacher_id, time, view) values (?, ?, ?, ?, ?, ?, ?, ?, ?, ?, ?, ?, ?, ?, ?, ?)
make question 2749
Hibernate: insert into question (answer, choice1, choice2, choice3, choice4, choice5, content, correct, create_date, filepath, modify_date, score, subject, teacher_id, time, view) values (?, ?, ?, ?, ?, ?, ?, ?, ?, ?, ?, ?, ?, ?, ?, ?)
make question 2750
Hibernate: insert into question (answer, choice1, choice2, choice3, choice4, choice5, content, correct, create_date, filepath, modify_date, score, subject, teacher_id, time, view) values (?, ?, ?, ?, ?, ?, ?, ?, ?, ?, ?, ?, ?, ?, ?, ?)
make question 2751
Hibernate: insert into question (answer, choice1, choice2, choice3, choice4, choice5, content, correct, create_date, filepath, modify_date, score, subject, teacher_id, time, view) values (?, ?, ?, ?, ?, ?, ?, ?, ?, ?, ?, ?, ?, ?, ?, ?)
make question 2752
Hibernate: insert into question (answer, choice1, choice2, choice3, choice4, choice5, content, correct, create_date, filepath, modify_date, score, subject, teacher_id, time, view) values (?, ?, ?, ?, ?, ?, ?, ?, ?, ?, ?, ?, ?, ?, ?, ?)
make question 2753
Hibernate: insert into question (answer, choice1, choice2, choice3, choice4, choice5, content, correct, create_date, filepath, modify_date, score, subject, teacher_id, time, view) values (?, ?, ?, ?, ?, ?, ?, ?, ?, ?, ?, ?, ?, ?, ?, ?)
make question 2754
Hibernate: insert into question (answer, choice1, choice2, choice3, choice4, choice5, content, correct, create_date, filepath, modify_date, score, subject, teacher_id, time, view) values (?, ?, ?, ?, ?, ?, ?, ?, ?, ?, ?, ?, ?, ?, ?, ?)
make question 2755
Hibernate: insert into question (answer, choice1, choice2, choice3, choice4, choice5, content, correct, create_date, filepath, modify_date, score, subject, teacher_id, time, view) values (?, ?, ?, ?, ?, ?, ?, ?, ?, ?, ?, ?, ?, ?, ?, ?)
make question 2756
Hibernate: insert into question (answer, choice1, choice2, choice3, choice4, choice5, content, correct, create_date, filepath, modify_date, score, subject, teacher_id, time, view) values (?, ?, ?, ?, ?, ?, ?, ?, ?, ?, ?, ?, ?, ?, ?, ?)
make question 2757
Hibernate: insert into question (answer, choice1, choice2, choice3, choice4, choice5, content, correct, create_date, filepath, modify_date, score, subject, teacher_id, time, view) values (?, ?, ?, ?, ?, ?, ?, ?, ?, ?, ?, ?, ?, ?, ?, ?)
make question 2758
Hibernate: insert into question (answer, choice1, choice2, choice3, choice4, choice5, content, correct, create_date, filepath, modify_date, score, subject, teacher_id, time, view) values (?, ?, ?, ?, ?, ?, ?, ?, ?, ?, ?, ?, ?, ?, ?, ?)
make question 2759
Hibernate: insert into question (answer, choice1, choice2, choice3, choice4, choice5, content, correct, create_date, filepath, modify_date, score, subject, teacher_id, time, view) values (?, ?, ?, ?, ?, ?, ?, ?, ?, ?, ?, ?, ?, ?, ?, ?)
make question 2760
Hibernate: insert into question (answer, choice1, choice2, choice3, choice4, choice5, content, correct, create_date, filepath, modify_date, score, subject, teacher_id, time, view) values (?, ?, ?, ?, ?, ?, ?, ?, ?, ?, ?, ?, ?, ?, ?, ?)
make question 2761
Hibernate: insert into question (answer, choice1, choice2, choice3, choice4, choice5, content, correct, create_date, filepath, modify_date, score, subject, teacher_id, time, view) values (?, ?, ?, ?, ?, ?, ?, ?, ?, ?, ?, ?, ?, ?, ?, ?)
make question 2762
Hibernate: insert into question (answer, choice1, choice2, choice3, choice4, choice5, content, correct, create_date, filepath, modify_date, score, subject, teacher_id, time, view) values (?, ?, ?, ?, ?, ?, ?, ?, ?, ?, ?, ?, ?, ?, ?, ?)
make question 2763
Hibernate: insert into question (answer, choice1, choice2, choice3, choice4, choice5, content, correct, create_date, filepath, modify_date, score, subject, teacher_id, time, view) values (?, ?, ?, ?, ?, ?, ?, ?, ?, ?, ?, ?, ?, ?, ?, ?)
make question 2764
Hibernate: insert into question (answer, choice1, choice2, choice3, choice4, choice5, content, correct, create_date, filepath, modify_date, score, subject, teacher_id, time, view) values (?, ?, ?, ?, ?, ?, ?, ?, ?, ?, ?, ?, ?, ?, ?, ?)
make question 2765
Hibernate: insert into question (answer, choice1, choice2, choice3, choice4, choice5, content, correct, create_date, filepath, modify_date, score, subject, teacher_id, time, view) values (?, ?, ?, ?, ?, ?, ?, ?, ?, ?, ?, ?, ?, ?, ?, ?)
make question 2766
Hibernate: insert into question (answer, choice1, choice2, choice3, choice4, choice5, content, correct, create_date, filepath, modify_date, score, subject, teacher_id, time, view) values (?, ?, ?, ?, ?, ?, ?, ?, ?, ?, ?, ?, ?, ?, ?, ?)
make question 2767
Hibernate: insert into question (answer, choice1, choice2, choice3, choice4, choice5, content, correct, create_date, filepath, modify_date, score, subject, teacher_id, time, view) values (?, ?, ?, ?, ?, ?, ?, ?, ?, ?, ?, ?, ?, ?, ?, ?)
make question 2768
Hibernate: insert into question (answer, choice1, choice2, choice3, choice4, choice5, content, correct, create_date, filepath, modify_date, score, subject, teacher_id, time, view) values (?, ?, ?, ?, ?, ?, ?, ?, ?, ?, ?, ?, ?, ?, ?, ?)
make question 2769
Hibernate: insert into question (answer, choice1, choice2, choice3, choice4, choice5, content, correct, create_date, filepath, modify_date, score, subject, teacher_id, time, view) values (?, ?, ?, ?, ?, ?, ?, ?, ?, ?, ?, ?, ?, ?, ?, ?)
make question 2770
Hibernate: insert into question (answer, choice1, choice2, choice3, choice4, choice5, content, correct, create_date, filepath, modify_date, score, subject, teacher_id, time, view) values (?, ?, ?, ?, ?, ?, ?, ?, ?, ?, ?, ?, ?, ?, ?, ?)
make question 2771
Hibernate: insert into question (answer, choice1, choice2, choice3, choice4, choice5, content, correct, create_date, filepath, modify_date, score, subject, teacher_id, time, view) values (?, ?, ?, ?, ?, ?, ?, ?, ?, ?, ?, ?, ?, ?, ?, ?)
make question 2772
Hibernate: insert into question (answer, choice1, choice2, choice3, choice4, choice5, content, correct, create_date, filepath, modify_date, score, subject, teacher_id, time, view) values (?, ?, ?, ?, ?, ?, ?, ?, ?, ?, ?, ?, ?, ?, ?, ?)
make question 2773
Hibernate: insert into question (answer, choice1, choice2, choice3, choice4, choice5, content, correct, create_date, filepath, modify_date, score, subject, teacher_id, time, view) values (?, ?, ?, ?, ?, ?, ?, ?, ?, ?, ?, ?, ?, ?, ?, ?)
make question 2774
Hibernate: insert into question (answer, choice1, choice2, choice3, choice4, choice5, content, correct, create_date, filepath, modify_date, score, subject, teacher_id, time, view) values (?, ?, ?, ?, ?, ?, ?, ?, ?, ?, ?, ?, ?, ?, ?, ?)
make question 2775
Hibernate: insert into question (answer, choice1, choice2, choice3, choice4, choice5, content, correct, create_date, filepath, modify_date, score, subject, teacher_id, time, view) values (?, ?, ?, ?, ?, ?, ?, ?, ?, ?, ?, ?, ?, ?, ?, ?)
make question 2776
Hibernate: insert into question (answer, choice1, choice2, choice3, choice4, choice5, content, correct, create_date, filepath, modify_date, score, subject, teacher_id, time, view) values (?, ?, ?, ?, ?, ?, ?, ?, ?, ?, ?, ?, ?, ?, ?, ?)
make question 2777
Hibernate: insert into question (answer, choice1, choice2, choice3, choice4, choice5, content, correct, create_date, filepath, modify_date, score, subject, teacher_id, time, view) values (?, ?, ?, ?, ?, ?, ?, ?, ?, ?, ?, ?, ?, ?, ?, ?)
make question 2778
Hibernate: insert into question (answer, choice1, choice2, choice3, choice4, choice5, content, correct, create_date, filepath, modify_date, score, subject, teacher_id, time, view) values (?, ?, ?, ?, ?, ?, ?, ?, ?, ?, ?, ?, ?, ?, ?, ?)
make question 2779
Hibernate: insert into question (answer, choice1, choice2, choice3, choice4, choice5, content, correct, create_date, filepath, modify_date, score, subject, teacher_id, time, view) values (?, ?, ?, ?, ?, ?, ?, ?, ?, ?, ?, ?, ?, ?, ?, ?)
make question 2780
Hibernate: insert into question (answer, choice1, choice2, choice3, choice4, choice5, content, correct, create_date, filepath, modify_date, score, subject, teacher_id, time, view) values (?, ?, ?, ?, ?, ?, ?, ?, ?, ?, ?, ?, ?, ?, ?, ?)
make question 2781
Hibernate: insert into question (answer, choice1, choice2, choice3, choice4, choice5, content, correct, create_date, filepath, modify_date, score, subject, teacher_id, time, view) values (?, ?, ?, ?, ?, ?, ?, ?, ?, ?, ?, ?, ?, ?, ?, ?)
make question 2782
Hibernate: insert into question (answer, choice1, choice2, choice3, choice4, choice5, content, correct, create_date, filepath, modify_date, score, subject, teacher_id, time, view) values (?, ?, ?, ?, ?, ?, ?, ?, ?, ?, ?, ?, ?, ?, ?, ?)
make question 2783
Hibernate: insert into question (answer, choice1, choice2, choice3, choice4, choice5, content, correct, create_date, filepath, modify_date, score, subject, teacher_id, time, view) values (?, ?, ?, ?, ?, ?, ?, ?, ?, ?, ?, ?, ?, ?, ?, ?)
make question 2784
Hibernate: insert into question (answer, choice1, choice2, choice3, choice4, choice5, content, correct, create_date, filepath, modify_date, score, subject, teacher_id, time, view) values (?, ?, ?, ?, ?, ?, ?, ?, ?, ?, ?, ?, ?, ?, ?, ?)
make question 2785
Hibernate: insert into question (answer, choice1, choice2, choice3, choice4, choice5, content, correct, create_date, filepath, modify_date, score, subject, teacher_id, time, view) values (?, ?, ?, ?, ?, ?, ?, ?, ?, ?, ?, ?, ?, ?, ?, ?)
make question 2786
Hibernate: insert into question (answer, choice1, choice2, choice3, choice4, choice5, content, correct, create_date, filepath, modify_date, score, subject, teacher_id, time, view) values (?, ?, ?, ?, ?, ?, ?, ?, ?, ?, ?, ?, ?, ?, ?, ?)
make question 2787
Hibernate: insert into question (answer, choice1, choice2, choice3, choice4, choice5, content, correct, create_date, filepath, modify_date, score, subject, teacher_id, time, view) values (?, ?, ?, ?, ?, ?, ?, ?, ?, ?, ?, ?, ?, ?, ?, ?)
make question 2788
Hibernate: insert into question (answer, choice1, choice2, choice3, choice4, choice5, content, correct, create_date, filepath, modify_date, score, subject, teacher_id, time, view) values (?, ?, ?, ?, ?, ?, ?, ?, ?, ?, ?, ?, ?, ?, ?, ?)
make question 2789
Hibernate: insert into question (answer, choice1, choice2, choice3, choice4, choice5, content, correct, create_date, filepath, modify_date, score, subject, teacher_id, time, view) values (?, ?, ?, ?, ?, ?, ?, ?, ?, ?, ?, ?, ?, ?, ?, ?)
make question 2790
Hibernate: insert into question (answer, choice1, choice2, choice3, choice4, choice5, content, correct, create_date, filepath, modify_date, score, subject, teacher_id, time, view) values (?, ?, ?, ?, ?, ?, ?, ?, ?, ?, ?, ?, ?, ?, ?, ?)
make question 2791
Hibernate: insert into question (answer, choice1, choice2, choice3, choice4, choice5, content, correct, create_date, filepath, modify_date, score, subject, teacher_id, time, view) values (?, ?, ?, ?, ?, ?, ?, ?, ?, ?, ?, ?, ?, ?, ?, ?)
make question 2792
Hibernate: insert into question (answer, choice1, choice2, choice3, choice4, choice5, content, correct, create_date, filepath, modify_date, score, subject, teacher_id, time, view) values (?, ?, ?, ?, ?, ?, ?, ?, ?, ?, ?, ?, ?, ?, ?, ?)
make question 2793
Hibernate: insert into question (answer, choice1, choice2, choice3, choice4, choice5, content, correct, create_date, filepath, modify_date, score, subject, teacher_id, time, view) values (?, ?, ?, ?, ?, ?, ?, ?, ?, ?, ?, ?, ?, ?, ?, ?)
make question 2794
Hibernate: insert into question (answer, choice1, choice2, choice3, choice4, choice5, content, correct, create_date, filepath, modify_date, score, subject, teacher_id, time, view) values (?, ?, ?, ?, ?, ?, ?, ?, ?, ?, ?, ?, ?, ?, ?, ?)
make question 2795
Hibernate: insert into question (answer, choice1, choice2, choice3, choice4, choice5, content, correct, create_date, filepath, modify_date, score, subject, teacher_id, time, view) values (?, ?, ?, ?, ?, ?, ?, ?, ?, ?, ?, ?, ?, ?, ?, ?)
make question 2796
Hibernate: insert into question (answer, choice1, choice2, choice3, choice4, choice5, content, correct, create_date, filepath, modify_date, score, subject, teacher_id, time, view) values (?, ?, ?, ?, ?, ?, ?, ?, ?, ?, ?, ?, ?, ?, ?, ?)
make question 2797
Hibernate: insert into question (answer, choice1, choice2, choice3, choice4, choice5, content, correct, create_date, filepath, modify_date, score, subject, teacher_id, time, view) values (?, ?, ?, ?, ?, ?, ?, ?, ?, ?, ?, ?, ?, ?, ?, ?)
make question 2798
Hibernate: insert into question (answer, choice1, choice2, choice3, choice4, choice5, content, correct, create_date, filepath, modify_date, score, subject, teacher_id, time, view) values (?, ?, ?, ?, ?, ?, ?, ?, ?, ?, ?, ?, ?, ?, ?, ?)
make question 2799
Hibernate: insert into question (answer, choice1, choice2, choice3, choice4, choice5, content, correct, create_date, filepath, modify_date, score, subject, teacher_id, time, view) values (?, ?, ?, ?, ?, ?, ?, ?, ?, ?, ?, ?, ?, ?, ?, ?)
make question 2800
Hibernate: insert into question (answer, choice1, choice2, choice3, choice4, choice5, content, correct, create_date, filepath, modify_date, score, subject, teacher_id, time, view) values (?, ?, ?, ?, ?, ?, ?, ?, ?, ?, ?, ?, ?, ?, ?, ?)
make question 2801
Hibernate: insert into question (answer, choice1, choice2, choice3, choice4, choice5, content, correct, create_date, filepath, modify_date, score, subject, teacher_id, time, view) values (?, ?, ?, ?, ?, ?, ?, ?, ?, ?, ?, ?, ?, ?, ?, ?)
make question 2802
Hibernate: insert into question (answer, choice1, choice2, choice3, choice4, choice5, content, correct, create_date, filepath, modify_date, score, subject, teacher_id, time, view) values (?, ?, ?, ?, ?, ?, ?, ?, ?, ?, ?, ?, ?, ?, ?, ?)
make question 2803
Hibernate: insert into question (answer, choice1, choice2, choice3, choice4, choice5, content, correct, create_date, filepath, modify_date, score, subject, teacher_id, time, view) values (?, ?, ?, ?, ?, ?, ?, ?, ?, ?, ?, ?, ?, ?, ?, ?)
make question 2804
Hibernate: insert into question (answer, choice1, choice2, choice3, choice4, choice5, content, correct, create_date, filepath, modify_date, score, subject, teacher_id, time, view) values (?, ?, ?, ?, ?, ?, ?, ?, ?, ?, ?, ?, ?, ?, ?, ?)
make question 2805
Hibernate: insert into question (answer, choice1, choice2, choice3, choice4, choice5, content, correct, create_date, filepath, modify_date, score, subject, teacher_id, time, view) values (?, ?, ?, ?, ?, ?, ?, ?, ?, ?, ?, ?, ?, ?, ?, ?)
make question 2806
Hibernate: insert into question (answer, choice1, choice2, choice3, choice4, choice5, content, correct, create_date, filepath, modify_date, score, subject, teacher_id, time, view) values (?, ?, ?, ?, ?, ?, ?, ?, ?, ?, ?, ?, ?, ?, ?, ?)
make question 2807
Hibernate: insert into question (answer, choice1, choice2, choice3, choice4, choice5, content, correct, create_date, filepath, modify_date, score, subject, teacher_id, time, view) values (?, ?, ?, ?, ?, ?, ?, ?, ?, ?, ?, ?, ?, ?, ?, ?)
make question 2808
Hibernate: insert into question (answer, choice1, choice2, choice3, choice4, choice5, content, correct, create_date, filepath, modify_date, score, subject, teacher_id, time, view) values (?, ?, ?, ?, ?, ?, ?, ?, ?, ?, ?, ?, ?, ?, ?, ?)
make question 2809
Hibernate: insert into question (answer, choice1, choice2, choice3, choice4, choice5, content, correct, create_date, filepath, modify_date, score, subject, teacher_id, time, view) values (?, ?, ?, ?, ?, ?, ?, ?, ?, ?, ?, ?, ?, ?, ?, ?)
make question 2810
Hibernate: insert into question (answer, choice1, choice2, choice3, choice4, choice5, content, correct, create_date, filepath, modify_date, score, subject, teacher_id, time, view) values (?, ?, ?, ?, ?, ?, ?, ?, ?, ?, ?, ?, ?, ?, ?, ?)
make question 2811
Hibernate: insert into question (answer, choice1, choice2, choice3, choice4, choice5, content, correct, create_date, filepath, modify_date, score, subject, teacher_id, time, view) values (?, ?, ?, ?, ?, ?, ?, ?, ?, ?, ?, ?, ?, ?, ?, ?)
make question 2812
Hibernate: insert into question (answer, choice1, choice2, choice3, choice4, choice5, content, correct, create_date, filepath, modify_date, score, subject, teacher_id, time, view) values (?, ?, ?, ?, ?, ?, ?, ?, ?, ?, ?, ?, ?, ?, ?, ?)
make question 2813
Hibernate: insert into question (answer, choice1, choice2, choice3, choice4, choice5, content, correct, create_date, filepath, modify_date, score, subject, teacher_id, time, view) values (?, ?, ?, ?, ?, ?, ?, ?, ?, ?, ?, ?, ?, ?, ?, ?)
make question 2814
Hibernate: insert into question (answer, choice1, choice2, choice3, choice4, choice5, content, correct, create_date, filepath, modify_date, score, subject, teacher_id, time, view) values (?, ?, ?, ?, ?, ?, ?, ?, ?, ?, ?, ?, ?, ?, ?, ?)
make question 2815
Hibernate: insert into question (answer, choice1, choice2, choice3, choice4, choice5, content, correct, create_date, filepath, modify_date, score, subject, teacher_id, time, view) values (?, ?, ?, ?, ?, ?, ?, ?, ?, ?, ?, ?, ?, ?, ?, ?)
make question 2816
Hibernate: insert into question (answer, choice1, choice2, choice3, choice4, choice5, content, correct, create_date, filepath, modify_date, score, subject, teacher_id, time, view) values (?, ?, ?, ?, ?, ?, ?, ?, ?, ?, ?, ?, ?, ?, ?, ?)
make question 2817
Hibernate: insert into question (answer, choice1, choice2, choice3, choice4, choice5, content, correct, create_date, filepath, modify_date, score, subject, teacher_id, time, view) values (?, ?, ?, ?, ?, ?, ?, ?, ?, ?, ?, ?, ?, ?, ?, ?)
make question 2818
Hibernate: insert into question (answer, choice1, choice2, choice3, choice4, choice5, content, correct, create_date, filepath, modify_date, score, subject, teacher_id, time, view) values (?, ?, ?, ?, ?, ?, ?, ?, ?, ?, ?, ?, ?, ?, ?, ?)
make question 2819
Hibernate: insert into question (answer, choice1, choice2, choice3, choice4, choice5, content, correct, create_date, filepath, modify_date, score, subject, teacher_id, time, view) values (?, ?, ?, ?, ?, ?, ?, ?, ?, ?, ?, ?, ?, ?, ?, ?)
make question 2820
Hibernate: insert into question (answer, choice1, choice2, choice3, choice4, choice5, content, correct, create_date, filepath, modify_date, score, subject, teacher_id, time, view) values (?, ?, ?, ?, ?, ?, ?, ?, ?, ?, ?, ?, ?, ?, ?, ?)
make question 2821
Hibernate: insert into question (answer, choice1, choice2, choice3, choice4, choice5, content, correct, create_date, filepath, modify_date, score, subject, teacher_id, time, view) values (?, ?, ?, ?, ?, ?, ?, ?, ?, ?, ?, ?, ?, ?, ?, ?)
make question 2822
Hibernate: insert into question (answer, choice1, choice2, choice3, choice4, choice5, content, correct, create_date, filepath, modify_date, score, subject, teacher_id, time, view) values (?, ?, ?, ?, ?, ?, ?, ?, ?, ?, ?, ?, ?, ?, ?, ?)
make question 2823
Hibernate: insert into question (answer, choice1, choice2, choice3, choice4, choice5, content, correct, create_date, filepath, modify_date, score, subject, teacher_id, time, view) values (?, ?, ?, ?, ?, ?, ?, ?, ?, ?, ?, ?, ?, ?, ?, ?)
make question 2824
Hibernate: insert into question (answer, choice1, choice2, choice3, choice4, choice5, content, correct, create_date, filepath, modify_date, score, subject, teacher_id, time, view) values (?, ?, ?, ?, ?, ?, ?, ?, ?, ?, ?, ?, ?, ?, ?, ?)
make question 2825
Hibernate: insert into question (answer, choice1, choice2, choice3, choice4, choice5, content, correct, create_date, filepath, modify_date, score, subject, teacher_id, time, view) values (?, ?, ?, ?, ?, ?, ?, ?, ?, ?, ?, ?, ?, ?, ?, ?)
make question 2826
Hibernate: insert into question (answer, choice1, choice2, choice3, choice4, choice5, content, correct, create_date, filepath, modify_date, score, subject, teacher_id, time, view) values (?, ?, ?, ?, ?, ?, ?, ?, ?, ?, ?, ?, ?, ?, ?, ?)
make question 2827
Hibernate: insert into question (answer, choice1, choice2, choice3, choice4, choice5, content, correct, create_date, filepath, modify_date, score, subject, teacher_id, time, view) values (?, ?, ?, ?, ?, ?, ?, ?, ?, ?, ?, ?, ?, ?, ?, ?)
make question 2828
Hibernate: insert into question (answer, choice1, choice2, choice3, choice4, choice5, content, correct, create_date, filepath, modify_date, score, subject, teacher_id, time, view) values (?, ?, ?, ?, ?, ?, ?, ?, ?, ?, ?, ?, ?, ?, ?, ?)
make question 2829
Hibernate: insert into question (answer, choice1, choice2, choice3, choice4, choice5, content, correct, create_date, filepath, modify_date, score, subject, teacher_id, time, view) values (?, ?, ?, ?, ?, ?, ?, ?, ?, ?, ?, ?, ?, ?, ?, ?)
make question 2830
Hibernate: insert into question (answer, choice1, choice2, choice3, choice4, choice5, content, correct, create_date, filepath, modify_date, score, subject, teacher_id, time, view) values (?, ?, ?, ?, ?, ?, ?, ?, ?, ?, ?, ?, ?, ?, ?, ?)
make question 2831
Hibernate: insert into question (answer, choice1, choice2, choice3, choice4, choice5, content, correct, create_date, filepath, modify_date, score, subject, teacher_id, time, view) values (?, ?, ?, ?, ?, ?, ?, ?, ?, ?, ?, ?, ?, ?, ?, ?)
make question 2832
Hibernate: insert into question (answer, choice1, choice2, choice3, choice4, choice5, content, correct, create_date, filepath, modify_date, score, subject, teacher_id, time, view) values (?, ?, ?, ?, ?, ?, ?, ?, ?, ?, ?, ?, ?, ?, ?, ?)
make question 2833
Hibernate: insert into question (answer, choice1, choice2, choice3, choice4, choice5, content, correct, create_date, filepath, modify_date, score, subject, teacher_id, time, view) values (?, ?, ?, ?, ?, ?, ?, ?, ?, ?, ?, ?, ?, ?, ?, ?)
make question 2834
Hibernate: insert into question (answer, choice1, choice2, choice3, choice4, choice5, content, correct, create_date, filepath, modify_date, score, subject, teacher_id, time, view) values (?, ?, ?, ?, ?, ?, ?, ?, ?, ?, ?, ?, ?, ?, ?, ?)
make question 2835
Hibernate: insert into question (answer, choice1, choice2, choice3, choice4, choice5, content, correct, create_date, filepath, modify_date, score, subject, teacher_id, time, view) values (?, ?, ?, ?, ?, ?, ?, ?, ?, ?, ?, ?, ?, ?, ?, ?)
make question 2836
Hibernate: insert into question (answer, choice1, choice2, choice3, choice4, choice5, content, correct, create_date, filepath, modify_date, score, subject, teacher_id, time, view) values (?, ?, ?, ?, ?, ?, ?, ?, ?, ?, ?, ?, ?, ?, ?, ?)
make question 2837
Hibernate: insert into question (answer, choice1, choice2, choice3, choice4, choice5, content, correct, create_date, filepath, modify_date, score, subject, teacher_id, time, view) values (?, ?, ?, ?, ?, ?, ?, ?, ?, ?, ?, ?, ?, ?, ?, ?)
make question 2838
Hibernate: insert into question (answer, choice1, choice2, choice3, choice4, choice5, content, correct, create_date, filepath, modify_date, score, subject, teacher_id, time, view) values (?, ?, ?, ?, ?, ?, ?, ?, ?, ?, ?, ?, ?, ?, ?, ?)
make question 2839
Hibernate: insert into question (answer, choice1, choice2, choice3, choice4, choice5, content, correct, create_date, filepath, modify_date, score, subject, teacher_id, time, view) values (?, ?, ?, ?, ?, ?, ?, ?, ?, ?, ?, ?, ?, ?, ?, ?)
make question 2840
Hibernate: insert into question (answer, choice1, choice2, choice3, choice4, choice5, content, correct, create_date, filepath, modify_date, score, subject, teacher_id, time, view) values (?, ?, ?, ?, ?, ?, ?, ?, ?, ?, ?, ?, ?, ?, ?, ?)
make question 2841
Hibernate: insert into question (answer, choice1, choice2, choice3, choice4, choice5, content, correct, create_date, filepath, modify_date, score, subject, teacher_id, time, view) values (?, ?, ?, ?, ?, ?, ?, ?, ?, ?, ?, ?, ?, ?, ?, ?)
make question 2842
Hibernate: insert into question (answer, choice1, choice2, choice3, choice4, choice5, content, correct, create_date, filepath, modify_date, score, subject, teacher_id, time, view) values (?, ?, ?, ?, ?, ?, ?, ?, ?, ?, ?, ?, ?, ?, ?, ?)
make question 2843
Hibernate: insert into question (answer, choice1, choice2, choice3, choice4, choice5, content, correct, create_date, filepath, modify_date, score, subject, teacher_id, time, view) values (?, ?, ?, ?, ?, ?, ?, ?, ?, ?, ?, ?, ?, ?, ?, ?)
make question 2844
Hibernate: insert into question (answer, choice1, choice2, choice3, choice4, choice5, content, correct, create_date, filepath, modify_date, score, subject, teacher_id, time, view) values (?, ?, ?, ?, ?, ?, ?, ?, ?, ?, ?, ?, ?, ?, ?, ?)
make question 2845
Hibernate: insert into question (answer, choice1, choice2, choice3, choice4, choice5, content, correct, create_date, filepath, modify_date, score, subject, teacher_id, time, view) values (?, ?, ?, ?, ?, ?, ?, ?, ?, ?, ?, ?, ?, ?, ?, ?)
make question 2846
Hibernate: insert into question (answer, choice1, choice2, choice3, choice4, choice5, content, correct, create_date, filepath, modify_date, score, subject, teacher_id, time, view) values (?, ?, ?, ?, ?, ?, ?, ?, ?, ?, ?, ?, ?, ?, ?, ?)
make question 2847
Hibernate: insert into question (answer, choice1, choice2, choice3, choice4, choice5, content, correct, create_date, filepath, modify_date, score, subject, teacher_id, time, view) values (?, ?, ?, ?, ?, ?, ?, ?, ?, ?, ?, ?, ?, ?, ?, ?)
make question 2848
Hibernate: insert into question (answer, choice1, choice2, choice3, choice4, choice5, content, correct, create_date, filepath, modify_date, score, subject, teacher_id, time, view) values (?, ?, ?, ?, ?, ?, ?, ?, ?, ?, ?, ?, ?, ?, ?, ?)
make question 2849
Hibernate: insert into question (answer, choice1, choice2, choice3, choice4, choice5, content, correct, create_date, filepath, modify_date, score, subject, teacher_id, time, view) values (?, ?, ?, ?, ?, ?, ?, ?, ?, ?, ?, ?, ?, ?, ?, ?)
make question 2850
Hibernate: insert into question (answer, choice1, choice2, choice3, choice4, choice5, content, correct, create_date, filepath, modify_date, score, subject, teacher_id, time, view) values (?, ?, ?, ?, ?, ?, ?, ?, ?, ?, ?, ?, ?, ?, ?, ?)
make question 2851
Hibernate: insert into question (answer, choice1, choice2, choice3, choice4, choice5, content, correct, create_date, filepath, modify_date, score, subject, teacher_id, time, view) values (?, ?, ?, ?, ?, ?, ?, ?, ?, ?, ?, ?, ?, ?, ?, ?)
make question 2852
Hibernate: insert into question (answer, choice1, choice2, choice3, choice4, choice5, content, correct, create_date, filepath, modify_date, score, subject, teacher_id, time, view) values (?, ?, ?, ?, ?, ?, ?, ?, ?, ?, ?, ?, ?, ?, ?, ?)
make question 2853
Hibernate: insert into question (answer, choice1, choice2, choice3, choice4, choice5, content, correct, create_date, filepath, modify_date, score, subject, teacher_id, time, view) values (?, ?, ?, ?, ?, ?, ?, ?, ?, ?, ?, ?, ?, ?, ?, ?)
make question 2854
Hibernate: insert into question (answer, choice1, choice2, choice3, choice4, choice5, content, correct, create_date, filepath, modify_date, score, subject, teacher_id, time, view) values (?, ?, ?, ?, ?, ?, ?, ?, ?, ?, ?, ?, ?, ?, ?, ?)
make question 2855
Hibernate: insert into question (answer, choice1, choice2, choice3, choice4, choice5, content, correct, create_date, filepath, modify_date, score, subject, teacher_id, time, view) values (?, ?, ?, ?, ?, ?, ?, ?, ?, ?, ?, ?, ?, ?, ?, ?)
make question 2856
Hibernate: insert into question (answer, choice1, choice2, choice3, choice4, choice5, content, correct, create_date, filepath, modify_date, score, subject, teacher_id, time, view) values (?, ?, ?, ?, ?, ?, ?, ?, ?, ?, ?, ?, ?, ?, ?, ?)
make question 2857
Hibernate: insert into question (answer, choice1, choice2, choice3, choice4, choice5, content, correct, create_date, filepath, modify_date, score, subject, teacher_id, time, view) values (?, ?, ?, ?, ?, ?, ?, ?, ?, ?, ?, ?, ?, ?, ?, ?)
make question 2858
Hibernate: insert into question (answer, choice1, choice2, choice3, choice4, choice5, content, correct, create_date, filepath, modify_date, score, subject, teacher_id, time, view) values (?, ?, ?, ?, ?, ?, ?, ?, ?, ?, ?, ?, ?, ?, ?, ?)
make question 2859
Hibernate: insert into question (answer, choice1, choice2, choice3, choice4, choice5, content, correct, create_date, filepath, modify_date, score, subject, teacher_id, time, view) values (?, ?, ?, ?, ?, ?, ?, ?, ?, ?, ?, ?, ?, ?, ?, ?)
make question 2860
Hibernate: insert into question (answer, choice1, choice2, choice3, choice4, choice5, content, correct, create_date, filepath, modify_date, score, subject, teacher_id, time, view) values (?, ?, ?, ?, ?, ?, ?, ?, ?, ?, ?, ?, ?, ?, ?, ?)
make question 2861
Hibernate: insert into question (answer, choice1, choice2, choice3, choice4, choice5, content, correct, create_date, filepath, modify_date, score, subject, teacher_id, time, view) values (?, ?, ?, ?, ?, ?, ?, ?, ?, ?, ?, ?, ?, ?, ?, ?)
make question 2862
Hibernate: insert into question (answer, choice1, choice2, choice3, choice4, choice5, content, correct, create_date, filepath, modify_date, score, subject, teacher_id, time, view) values (?, ?, ?, ?, ?, ?, ?, ?, ?, ?, ?, ?, ?, ?, ?, ?)
make question 2863
Hibernate: insert into question (answer, choice1, choice2, choice3, choice4, choice5, content, correct, create_date, filepath, modify_date, score, subject, teacher_id, time, view) values (?, ?, ?, ?, ?, ?, ?, ?, ?, ?, ?, ?, ?, ?, ?, ?)
make question 2864
Hibernate: insert into question (answer, choice1, choice2, choice3, choice4, choice5, content, correct, create_date, filepath, modify_date, score, subject, teacher_id, time, view) values (?, ?, ?, ?, ?, ?, ?, ?, ?, ?, ?, ?, ?, ?, ?, ?)
make question 2865
Hibernate: insert into question (answer, choice1, choice2, choice3, choice4, choice5, content, correct, create_date, filepath, modify_date, score, subject, teacher_id, time, view) values (?, ?, ?, ?, ?, ?, ?, ?, ?, ?, ?, ?, ?, ?, ?, ?)
make question 2866
Hibernate: insert into question (answer, choice1, choice2, choice3, choice4, choice5, content, correct, create_date, filepath, modify_date, score, subject, teacher_id, time, view) values (?, ?, ?, ?, ?, ?, ?, ?, ?, ?, ?, ?, ?, ?, ?, ?)
make question 2867
Hibernate: insert into question (answer, choice1, choice2, choice3, choice4, choice5, content, correct, create_date, filepath, modify_date, score, subject, teacher_id, time, view) values (?, ?, ?, ?, ?, ?, ?, ?, ?, ?, ?, ?, ?, ?, ?, ?)
make question 2868
Hibernate: insert into question (answer, choice1, choice2, choice3, choice4, choice5, content, correct, create_date, filepath, modify_date, score, subject, teacher_id, time, view) values (?, ?, ?, ?, ?, ?, ?, ?, ?, ?, ?, ?, ?, ?, ?, ?)
make question 2869
Hibernate: insert into question (answer, choice1, choice2, choice3, choice4, choice5, content, correct, create_date, filepath, modify_date, score, subject, teacher_id, time, view) values (?, ?, ?, ?, ?, ?, ?, ?, ?, ?, ?, ?, ?, ?, ?, ?)
make question 2870
Hibernate: insert into question (answer, choice1, choice2, choice3, choice4, choice5, content, correct, create_date, filepath, modify_date, score, subject, teacher_id, time, view) values (?, ?, ?, ?, ?, ?, ?, ?, ?, ?, ?, ?, ?, ?, ?, ?)
make question 2871
Hibernate: insert into question (answer, choice1, choice2, choice3, choice4, choice5, content, correct, create_date, filepath, modify_date, score, subject, teacher_id, time, view) values (?, ?, ?, ?, ?, ?, ?, ?, ?, ?, ?, ?, ?, ?, ?, ?)
make question 2872
Hibernate: insert into question (answer, choice1, choice2, choice3, choice4, choice5, content, correct, create_date, filepath, modify_date, score, subject, teacher_id, time, view) values (?, ?, ?, ?, ?, ?, ?, ?, ?, ?, ?, ?, ?, ?, ?, ?)
make question 2873
Hibernate: insert into question (answer, choice1, choice2, choice3, choice4, choice5, content, correct, create_date, filepath, modify_date, score, subject, teacher_id, time, view) values (?, ?, ?, ?, ?, ?, ?, ?, ?, ?, ?, ?, ?, ?, ?, ?)
make question 2874
Hibernate: insert into question (answer, choice1, choice2, choice3, choice4, choice5, content, correct, create_date, filepath, modify_date, score, subject, teacher_id, time, view) values (?, ?, ?, ?, ?, ?, ?, ?, ?, ?, ?, ?, ?, ?, ?, ?)
make question 2875
Hibernate: insert into question (answer, choice1, choice2, choice3, choice4, choice5, content, correct, create_date, filepath, modify_date, score, subject, teacher_id, time, view) values (?, ?, ?, ?, ?, ?, ?, ?, ?, ?, ?, ?, ?, ?, ?, ?)
make question 2876
Hibernate: insert into question (answer, choice1, choice2, choice3, choice4, choice5, content, correct, create_date, filepath, modify_date, score, subject, teacher_id, time, view) values (?, ?, ?, ?, ?, ?, ?, ?, ?, ?, ?, ?, ?, ?, ?, ?)
make question 2877
Hibernate: insert into question (answer, choice1, choice2, choice3, choice4, choice5, content, correct, create_date, filepath, modify_date, score, subject, teacher_id, time, view) values (?, ?, ?, ?, ?, ?, ?, ?, ?, ?, ?, ?, ?, ?, ?, ?)
make question 2878
Hibernate: insert into question (answer, choice1, choice2, choice3, choice4, choice5, content, correct, create_date, filepath, modify_date, score, subject, teacher_id, time, view) values (?, ?, ?, ?, ?, ?, ?, ?, ?, ?, ?, ?, ?, ?, ?, ?)
make question 2879
Hibernate: insert into question (answer, choice1, choice2, choice3, choice4, choice5, content, correct, create_date, filepath, modify_date, score, subject, teacher_id, time, view) values (?, ?, ?, ?, ?, ?, ?, ?, ?, ?, ?, ?, ?, ?, ?, ?)
make question 2880
Hibernate: insert into question (answer, choice1, choice2, choice3, choice4, choice5, content, correct, create_date, filepath, modify_date, score, subject, teacher_id, time, view) values (?, ?, ?, ?, ?, ?, ?, ?, ?, ?, ?, ?, ?, ?, ?, ?)
make question 2881
Hibernate: insert into question (answer, choice1, choice2, choice3, choice4, choice5, content, correct, create_date, filepath, modify_date, score, subject, teacher_id, time, view) values (?, ?, ?, ?, ?, ?, ?, ?, ?, ?, ?, ?, ?, ?, ?, ?)
make question 2882
Hibernate: insert into question (answer, choice1, choice2, choice3, choice4, choice5, content, correct, create_date, filepath, modify_date, score, subject, teacher_id, time, view) values (?, ?, ?, ?, ?, ?, ?, ?, ?, ?, ?, ?, ?, ?, ?, ?)
make question 2883
Hibernate: insert into question (answer, choice1, choice2, choice3, choice4, choice5, content, correct, create_date, filepath, modify_date, score, subject, teacher_id, time, view) values (?, ?, ?, ?, ?, ?, ?, ?, ?, ?, ?, ?, ?, ?, ?, ?)
make question 2884
Hibernate: insert into question (answer, choice1, choice2, choice3, choice4, choice5, content, correct, create_date, filepath, modify_date, score, subject, teacher_id, time, view) values (?, ?, ?, ?, ?, ?, ?, ?, ?, ?, ?, ?, ?, ?, ?, ?)
make question 2885
Hibernate: insert into question (answer, choice1, choice2, choice3, choice4, choice5, content, correct, create_date, filepath, modify_date, score, subject, teacher_id, time, view) values (?, ?, ?, ?, ?, ?, ?, ?, ?, ?, ?, ?, ?, ?, ?, ?)
make question 2886
Hibernate: insert into question (answer, choice1, choice2, choice3, choice4, choice5, content, correct, create_date, filepath, modify_date, score, subject, teacher_id, time, view) values (?, ?, ?, ?, ?, ?, ?, ?, ?, ?, ?, ?, ?, ?, ?, ?)
make question 2887
Hibernate: insert into question (answer, choice1, choice2, choice3, choice4, choice5, content, correct, create_date, filepath, modify_date, score, subject, teacher_id, time, view) values (?, ?, ?, ?, ?, ?, ?, ?, ?, ?, ?, ?, ?, ?, ?, ?)
make question 2888
Hibernate: insert into question (answer, choice1, choice2, choice3, choice4, choice5, content, correct, create_date, filepath, modify_date, score, subject, teacher_id, time, view) values (?, ?, ?, ?, ?, ?, ?, ?, ?, ?, ?, ?, ?, ?, ?, ?)
make question 2889
Hibernate: insert into question (answer, choice1, choice2, choice3, choice4, choice5, content, correct, create_date, filepath, modify_date, score, subject, teacher_id, time, view) values (?, ?, ?, ?, ?, ?, ?, ?, ?, ?, ?, ?, ?, ?, ?, ?)
make question 2890
Hibernate: insert into question (answer, choice1, choice2, choice3, choice4, choice5, content, correct, create_date, filepath, modify_date, score, subject, teacher_id, time, view) values (?, ?, ?, ?, ?, ?, ?, ?, ?, ?, ?, ?, ?, ?, ?, ?)
make question 2891
Hibernate: insert into question (answer, choice1, choice2, choice3, choice4, choice5, content, correct, create_date, filepath, modify_date, score, subject, teacher_id, time, view) values (?, ?, ?, ?, ?, ?, ?, ?, ?, ?, ?, ?, ?, ?, ?, ?)
make question 2892
Hibernate: insert into question (answer, choice1, choice2, choice3, choice4, choice5, content, correct, create_date, filepath, modify_date, score, subject, teacher_id, time, view) values (?, ?, ?, ?, ?, ?, ?, ?, ?, ?, ?, ?, ?, ?, ?, ?)
make question 2893
Hibernate: insert into question (answer, choice1, choice2, choice3, choice4, choice5, content, correct, create_date, filepath, modify_date, score, subject, teacher_id, time, view) values (?, ?, ?, ?, ?, ?, ?, ?, ?, ?, ?, ?, ?, ?, ?, ?)
make question 2894
Hibernate: insert into question (answer, choice1, choice2, choice3, choice4, choice5, content, correct, create_date, filepath, modify_date, score, subject, teacher_id, time, view) values (?, ?, ?, ?, ?, ?, ?, ?, ?, ?, ?, ?, ?, ?, ?, ?)
make question 2895
Hibernate: insert into question (answer, choice1, choice2, choice3, choice4, choice5, content, correct, create_date, filepath, modify_date, score, subject, teacher_id, time, view) values (?, ?, ?, ?, ?, ?, ?, ?, ?, ?, ?, ?, ?, ?, ?, ?)
make question 2896
Hibernate: insert into question (answer, choice1, choice2, choice3, choice4, choice5, content, correct, create_date, filepath, modify_date, score, subject, teacher_id, time, view) values (?, ?, ?, ?, ?, ?, ?, ?, ?, ?, ?, ?, ?, ?, ?, ?)
make question 2897
Hibernate: insert into question (answer, choice1, choice2, choice3, choice4, choice5, content, correct, create_date, filepath, modify_date, score, subject, teacher_id, time, view) values (?, ?, ?, ?, ?, ?, ?, ?, ?, ?, ?, ?, ?, ?, ?, ?)
make question 2898
Hibernate: insert into question (answer, choice1, choice2, choice3, choice4, choice5, content, correct, create_date, filepath, modify_date, score, subject, teacher_id, time, view) values (?, ?, ?, ?, ?, ?, ?, ?, ?, ?, ?, ?, ?, ?, ?, ?)
make question 2899
Hibernate: insert into question (answer, choice1, choice2, choice3, choice4, choice5, content, correct, create_date, filepath, modify_date, score, subject, teacher_id, time, view) values (?, ?, ?, ?, ?, ?, ?, ?, ?, ?, ?, ?, ?, ?, ?, ?)
make question 2900
Hibernate: insert into question (answer, choice1, choice2, choice3, choice4, choice5, content, correct, create_date, filepath, modify_date, score, subject, teacher_id, time, view) values (?, ?, ?, ?, ?, ?, ?, ?, ?, ?, ?, ?, ?, ?, ?, ?)
make question 2901
Hibernate: insert into question (answer, choice1, choice2, choice3, choice4, choice5, content, correct, create_date, filepath, modify_date, score, subject, teacher_id, time, view) values (?, ?, ?, ?, ?, ?, ?, ?, ?, ?, ?, ?, ?, ?, ?, ?)
make question 2902
Hibernate: insert into question (answer, choice1, choice2, choice3, choice4, choice5, content, correct, create_date, filepath, modify_date, score, subject, teacher_id, time, view) values (?, ?, ?, ?, ?, ?, ?, ?, ?, ?, ?, ?, ?, ?, ?, ?)
make question 2903
Hibernate: insert into question (answer, choice1, choice2, choice3, choice4, choice5, content, correct, create_date, filepath, modify_date, score, subject, teacher_id, time, view) values (?, ?, ?, ?, ?, ?, ?, ?, ?, ?, ?, ?, ?, ?, ?, ?)
make question 2904
Hibernate: insert into question (answer, choice1, choice2, choice3, choice4, choice5, content, correct, create_date, filepath, modify_date, score, subject, teacher_id, time, view) values (?, ?, ?, ?, ?, ?, ?, ?, ?, ?, ?, ?, ?, ?, ?, ?)
make question 2905
Hibernate: insert into question (answer, choice1, choice2, choice3, choice4, choice5, content, correct, create_date, filepath, modify_date, score, subject, teacher_id, time, view) values (?, ?, ?, ?, ?, ?, ?, ?, ?, ?, ?, ?, ?, ?, ?, ?)
make question 2906
Hibernate: insert into question (answer, choice1, choice2, choice3, choice4, choice5, content, correct, create_date, filepath, modify_date, score, subject, teacher_id, time, view) values (?, ?, ?, ?, ?, ?, ?, ?, ?, ?, ?, ?, ?, ?, ?, ?)
make question 2907
Hibernate: insert into question (answer, choice1, choice2, choice3, choice4, choice5, content, correct, create_date, filepath, modify_date, score, subject, teacher_id, time, view) values (?, ?, ?, ?, ?, ?, ?, ?, ?, ?, ?, ?, ?, ?, ?, ?)
make question 2908
Hibernate: insert into question (answer, choice1, choice2, choice3, choice4, choice5, content, correct, create_date, filepath, modify_date, score, subject, teacher_id, time, view) values (?, ?, ?, ?, ?, ?, ?, ?, ?, ?, ?, ?, ?, ?, ?, ?)
make question 2909
Hibernate: insert into question (answer, choice1, choice2, choice3, choice4, choice5, content, correct, create_date, filepath, modify_date, score, subject, teacher_id, time, view) values (?, ?, ?, ?, ?, ?, ?, ?, ?, ?, ?, ?, ?, ?, ?, ?)
make question 2910
Hibernate: insert into question (answer, choice1, choice2, choice3, choice4, choice5, content, correct, create_date, filepath, modify_date, score, subject, teacher_id, time, view) values (?, ?, ?, ?, ?, ?, ?, ?, ?, ?, ?, ?, ?, ?, ?, ?)
make question 2911
Hibernate: insert into question (answer, choice1, choice2, choice3, choice4, choice5, content, correct, create_date, filepath, modify_date, score, subject, teacher_id, time, view) values (?, ?, ?, ?, ?, ?, ?, ?, ?, ?, ?, ?, ?, ?, ?, ?)
make question 2912
Hibernate: insert into question (answer, choice1, choice2, choice3, choice4, choice5, content, correct, create_date, filepath, modify_date, score, subject, teacher_id, time, view) values (?, ?, ?, ?, ?, ?, ?, ?, ?, ?, ?, ?, ?, ?, ?, ?)
make question 2913
Hibernate: insert into question (answer, choice1, choice2, choice3, choice4, choice5, content, correct, create_date, filepath, modify_date, score, subject, teacher_id, time, view) values (?, ?, ?, ?, ?, ?, ?, ?, ?, ?, ?, ?, ?, ?, ?, ?)
make question 2914
Hibernate: insert into question (answer, choice1, choice2, choice3, choice4, choice5, content, correct, create_date, filepath, modify_date, score, subject, teacher_id, time, view) values (?, ?, ?, ?, ?, ?, ?, ?, ?, ?, ?, ?, ?, ?, ?, ?)
make question 2915
Hibernate: insert into question (answer, choice1, choice2, choice3, choice4, choice5, content, correct, create_date, filepath, modify_date, score, subject, teacher_id, time, view) values (?, ?, ?, ?, ?, ?, ?, ?, ?, ?, ?, ?, ?, ?, ?, ?)
make question 2916
Hibernate: insert into question (answer, choice1, choice2, choice3, choice4, choice5, content, correct, create_date, filepath, modify_date, score, subject, teacher_id, time, view) values (?, ?, ?, ?, ?, ?, ?, ?, ?, ?, ?, ?, ?, ?, ?, ?)
make question 2917
Hibernate: insert into question (answer, choice1, choice2, choice3, choice4, choice5, content, correct, create_date, filepath, modify_date, score, subject, teacher_id, time, view) values (?, ?, ?, ?, ?, ?, ?, ?, ?, ?, ?, ?, ?, ?, ?, ?)
make question 2918
Hibernate: insert into question (answer, choice1, choice2, choice3, choice4, choice5, content, correct, create_date, filepath, modify_date, score, subject, teacher_id, time, view) values (?, ?, ?, ?, ?, ?, ?, ?, ?, ?, ?, ?, ?, ?, ?, ?)
make question 2919
Hibernate: insert into question (answer, choice1, choice2, choice3, choice4, choice5, content, correct, create_date, filepath, modify_date, score, subject, teacher_id, time, view) values (?, ?, ?, ?, ?, ?, ?, ?, ?, ?, ?, ?, ?, ?, ?, ?)
make question 2920
Hibernate: insert into question (answer, choice1, choice2, choice3, choice4, choice5, content, correct, create_date, filepath, modify_date, score, subject, teacher_id, time, view) values (?, ?, ?, ?, ?, ?, ?, ?, ?, ?, ?, ?, ?, ?, ?, ?)
make question 2921
Hibernate: insert into question (answer, choice1, choice2, choice3, choice4, choice5, content, correct, create_date, filepath, modify_date, score, subject, teacher_id, time, view) values (?, ?, ?, ?, ?, ?, ?, ?, ?, ?, ?, ?, ?, ?, ?, ?)
make question 2922
Hibernate: insert into question (answer, choice1, choice2, choice3, choice4, choice5, content, correct, create_date, filepath, modify_date, score, subject, teacher_id, time, view) values (?, ?, ?, ?, ?, ?, ?, ?, ?, ?, ?, ?, ?, ?, ?, ?)
make question 2923
Hibernate: insert into question (answer, choice1, choice2, choice3, choice4, choice5, content, correct, create_date, filepath, modify_date, score, subject, teacher_id, time, view) values (?, ?, ?, ?, ?, ?, ?, ?, ?, ?, ?, ?, ?, ?, ?, ?)
make question 2924
Hibernate: insert into question (answer, choice1, choice2, choice3, choice4, choice5, content, correct, create_date, filepath, modify_date, score, subject, teacher_id, time, view) values (?, ?, ?, ?, ?, ?, ?, ?, ?, ?, ?, ?, ?, ?, ?, ?)
make question 2925
Hibernate: insert into question (answer, choice1, choice2, choice3, choice4, choice5, content, correct, create_date, filepath, modify_date, score, subject, teacher_id, time, view) values (?, ?, ?, ?, ?, ?, ?, ?, ?, ?, ?, ?, ?, ?, ?, ?)
make question 2926
Hibernate: insert into question (answer, choice1, choice2, choice3, choice4, choice5, content, correct, create_date, filepath, modify_date, score, subject, teacher_id, time, view) values (?, ?, ?, ?, ?, ?, ?, ?, ?, ?, ?, ?, ?, ?, ?, ?)
make question 2927
Hibernate: insert into question (answer, choice1, choice2, choice3, choice4, choice5, content, correct, create_date, filepath, modify_date, score, subject, teacher_id, time, view) values (?, ?, ?, ?, ?, ?, ?, ?, ?, ?, ?, ?, ?, ?, ?, ?)
make question 2928
Hibernate: insert into question (answer, choice1, choice2, choice3, choice4, choice5, content, correct, create_date, filepath, modify_date, score, subject, teacher_id, time, view) values (?, ?, ?, ?, ?, ?, ?, ?, ?, ?, ?, ?, ?, ?, ?, ?)
make question 2929
Hibernate: insert into question (answer, choice1, choice2, choice3, choice4, choice5, content, correct, create_date, filepath, modify_date, score, subject, teacher_id, time, view) values (?, ?, ?, ?, ?, ?, ?, ?, ?, ?, ?, ?, ?, ?, ?, ?)
make question 2930
Hibernate: insert into question (answer, choice1, choice2, choice3, choice4, choice5, content, correct, create_date, filepath, modify_date, score, subject, teacher_id, time, view) values (?, ?, ?, ?, ?, ?, ?, ?, ?, ?, ?, ?, ?, ?, ?, ?)
make question 2931
Hibernate: insert into question (answer, choice1, choice2, choice3, choice4, choice5, content, correct, create_date, filepath, modify_date, score, subject, teacher_id, time, view) values (?, ?, ?, ?, ?, ?, ?, ?, ?, ?, ?, ?, ?, ?, ?, ?)
make question 2932
Hibernate: insert into question (answer, choice1, choice2, choice3, choice4, choice5, content, correct, create_date, filepath, modify_date, score, subject, teacher_id, time, view) values (?, ?, ?, ?, ?, ?, ?, ?, ?, ?, ?, ?, ?, ?, ?, ?)
make question 2933
Hibernate: insert into question (answer, choice1, choice2, choice3, choice4, choice5, content, correct, create_date, filepath, modify_date, score, subject, teacher_id, time, view) values (?, ?, ?, ?, ?, ?, ?, ?, ?, ?, ?, ?, ?, ?, ?, ?)
make question 2934
Hibernate: insert into question (answer, choice1, choice2, choice3, choice4, choice5, content, correct, create_date, filepath, modify_date, score, subject, teacher_id, time, view) values (?, ?, ?, ?, ?, ?, ?, ?, ?, ?, ?, ?, ?, ?, ?, ?)
make question 2935
Hibernate: insert into question (answer, choice1, choice2, choice3, choice4, choice5, content, correct, create_date, filepath, modify_date, score, subject, teacher_id, time, view) values (?, ?, ?, ?, ?, ?, ?, ?, ?, ?, ?, ?, ?, ?, ?, ?)
make question 2936
Hibernate: insert into question (answer, choice1, choice2, choice3, choice4, choice5, content, correct, create_date, filepath, modify_date, score, subject, teacher_id, time, view) values (?, ?, ?, ?, ?, ?, ?, ?, ?, ?, ?, ?, ?, ?, ?, ?)
make question 2937
Hibernate: insert into question (answer, choice1, choice2, choice3, choice4, choice5, content, correct, create_date, filepath, modify_date, score, subject, teacher_id, time, view) values (?, ?, ?, ?, ?, ?, ?, ?, ?, ?, ?, ?, ?, ?, ?, ?)
make question 2938
Hibernate: insert into question (answer, choice1, choice2, choice3, choice4, choice5, content, correct, create_date, filepath, modify_date, score, subject, teacher_id, time, view) values (?, ?, ?, ?, ?, ?, ?, ?, ?, ?, ?, ?, ?, ?, ?, ?)
make question 2939
Hibernate: insert into question (answer, choice1, choice2, choice3, choice4, choice5, content, correct, create_date, filepath, modify_date, score, subject, teacher_id, time, view) values (?, ?, ?, ?, ?, ?, ?, ?, ?, ?, ?, ?, ?, ?, ?, ?)
make question 2940
Hibernate: insert into question (answer, choice1, choice2, choice3, choice4, choice5, content, correct, create_date, filepath, modify_date, score, subject, teacher_id, time, view) values (?, ?, ?, ?, ?, ?, ?, ?, ?, ?, ?, ?, ?, ?, ?, ?)
make question 2941
Hibernate: insert into question (answer, choice1, choice2, choice3, choice4, choice5, content, correct, create_date, filepath, modify_date, score, subject, teacher_id, time, view) values (?, ?, ?, ?, ?, ?, ?, ?, ?, ?, ?, ?, ?, ?, ?, ?)
make question 2942
Hibernate: insert into question (answer, choice1, choice2, choice3, choice4, choice5, content, correct, create_date, filepath, modify_date, score, subject, teacher_id, time, view) values (?, ?, ?, ?, ?, ?, ?, ?, ?, ?, ?, ?, ?, ?, ?, ?)
make question 2943
Hibernate: insert into question (answer, choice1, choice2, choice3, choice4, choice5, content, correct, create_date, filepath, modify_date, score, subject, teacher_id, time, view) values (?, ?, ?, ?, ?, ?, ?, ?, ?, ?, ?, ?, ?, ?, ?, ?)
make question 2944
Hibernate: insert into question (answer, choice1, choice2, choice3, choice4, choice5, content, correct, create_date, filepath, modify_date, score, subject, teacher_id, time, view) values (?, ?, ?, ?, ?, ?, ?, ?, ?, ?, ?, ?, ?, ?, ?, ?)
make question 2945
Hibernate: insert into question (answer, choice1, choice2, choice3, choice4, choice5, content, correct, create_date, filepath, modify_date, score, subject, teacher_id, time, view) values (?, ?, ?, ?, ?, ?, ?, ?, ?, ?, ?, ?, ?, ?, ?, ?)
make question 2946
Hibernate: insert into question (answer, choice1, choice2, choice3, choice4, choice5, content, correct, create_date, filepath, modify_date, score, subject, teacher_id, time, view) values (?, ?, ?, ?, ?, ?, ?, ?, ?, ?, ?, ?, ?, ?, ?, ?)
make question 2947
Hibernate: insert into question (answer, choice1, choice2, choice3, choice4, choice5, content, correct, create_date, filepath, modify_date, score, subject, teacher_id, time, view) values (?, ?, ?, ?, ?, ?, ?, ?, ?, ?, ?, ?, ?, ?, ?, ?)
make question 2948
Hibernate: insert into question (answer, choice1, choice2, choice3, choice4, choice5, content, correct, create_date, filepath, modify_date, score, subject, teacher_id, time, view) values (?, ?, ?, ?, ?, ?, ?, ?, ?, ?, ?, ?, ?, ?, ?, ?)
make question 2949
Hibernate: insert into question (answer, choice1, choice2, choice3, choice4, choice5, content, correct, create_date, filepath, modify_date, score, subject, teacher_id, time, view) values (?, ?, ?, ?, ?, ?, ?, ?, ?, ?, ?, ?, ?, ?, ?, ?)
make question 2950
Hibernate: insert into question (answer, choice1, choice2, choice3, choice4, choice5, content, correct, create_date, filepath, modify_date, score, subject, teacher_id, time, view) values (?, ?, ?, ?, ?, ?, ?, ?, ?, ?, ?, ?, ?, ?, ?, ?)
make question 2951
Hibernate: insert into question (answer, choice1, choice2, choice3, choice4, choice5, content, correct, create_date, filepath, modify_date, score, subject, teacher_id, time, view) values (?, ?, ?, ?, ?, ?, ?, ?, ?, ?, ?, ?, ?, ?, ?, ?)
make question 2952
Hibernate: insert into question (answer, choice1, choice2, choice3, choice4, choice5, content, correct, create_date, filepath, modify_date, score, subject, teacher_id, time, view) values (?, ?, ?, ?, ?, ?, ?, ?, ?, ?, ?, ?, ?, ?, ?, ?)
make question 2953
Hibernate: insert into question (answer, choice1, choice2, choice3, choice4, choice5, content, correct, create_date, filepath, modify_date, score, subject, teacher_id, time, view) values (?, ?, ?, ?, ?, ?, ?, ?, ?, ?, ?, ?, ?, ?, ?, ?)
make question 2954
Hibernate: insert into question (answer, choice1, choice2, choice3, choice4, choice5, content, correct, create_date, filepath, modify_date, score, subject, teacher_id, time, view) values (?, ?, ?, ?, ?, ?, ?, ?, ?, ?, ?, ?, ?, ?, ?, ?)
make question 2955
Hibernate: insert into question (answer, choice1, choice2, choice3, choice4, choice5, content, correct, create_date, filepath, modify_date, score, subject, teacher_id, time, view) values (?, ?, ?, ?, ?, ?, ?, ?, ?, ?, ?, ?, ?, ?, ?, ?)
make question 2956
Hibernate: insert into question (answer, choice1, choice2, choice3, choice4, choice5, content, correct, create_date, filepath, modify_date, score, subject, teacher_id, time, view) values (?, ?, ?, ?, ?, ?, ?, ?, ?, ?, ?, ?, ?, ?, ?, ?)
make question 2957
Hibernate: insert into question (answer, choice1, choice2, choice3, choice4, choice5, content, correct, create_date, filepath, modify_date, score, subject, teacher_id, time, view) values (?, ?, ?, ?, ?, ?, ?, ?, ?, ?, ?, ?, ?, ?, ?, ?)
make question 2958
Hibernate: insert into question (answer, choice1, choice2, choice3, choice4, choice5, content, correct, create_date, filepath, modify_date, score, subject, teacher_id, time, view) values (?, ?, ?, ?, ?, ?, ?, ?, ?, ?, ?, ?, ?, ?, ?, ?)
make question 2959
Hibernate: insert into question (answer, choice1, choice2, choice3, choice4, choice5, content, correct, create_date, filepath, modify_date, score, subject, teacher_id, time, view) values (?, ?, ?, ?, ?, ?, ?, ?, ?, ?, ?, ?, ?, ?, ?, ?)
make question 2960
Hibernate: insert into question (answer, choice1, choice2, choice3, choice4, choice5, content, correct, create_date, filepath, modify_date, score, subject, teacher_id, time, view) values (?, ?, ?, ?, ?, ?, ?, ?, ?, ?, ?, ?, ?, ?, ?, ?)
make question 2961
Hibernate: insert into question (answer, choice1, choice2, choice3, choice4, choice5, content, correct, create_date, filepath, modify_date, score, subject, teacher_id, time, view) values (?, ?, ?, ?, ?, ?, ?, ?, ?, ?, ?, ?, ?, ?, ?, ?)
make question 2962
Hibernate: insert into question (answer, choice1, choice2, choice3, choice4, choice5, content, correct, create_date, filepath, modify_date, score, subject, teacher_id, time, view) values (?, ?, ?, ?, ?, ?, ?, ?, ?, ?, ?, ?, ?, ?, ?, ?)
make question 2963
Hibernate: insert into question (answer, choice1, choice2, choice3, choice4, choice5, content, correct, create_date, filepath, modify_date, score, subject, teacher_id, time, view) values (?, ?, ?, ?, ?, ?, ?, ?, ?, ?, ?, ?, ?, ?, ?, ?)
make question 2964
Hibernate: insert into question (answer, choice1, choice2, choice3, choice4, choice5, content, correct, create_date, filepath, modify_date, score, subject, teacher_id, time, view) values (?, ?, ?, ?, ?, ?, ?, ?, ?, ?, ?, ?, ?, ?, ?, ?)
make question 2965
Hibernate: insert into question (answer, choice1, choice2, choice3, choice4, choice5, content, correct, create_date, filepath, modify_date, score, subject, teacher_id, time, view) values (?, ?, ?, ?, ?, ?, ?, ?, ?, ?, ?, ?, ?, ?, ?, ?)
make question 2966
Hibernate: insert into question (answer, choice1, choice2, choice3, choice4, choice5, content, correct, create_date, filepath, modify_date, score, subject, teacher_id, time, view) values (?, ?, ?, ?, ?, ?, ?, ?, ?, ?, ?, ?, ?, ?, ?, ?)
make question 2967
Hibernate: insert into question (answer, choice1, choice2, choice3, choice4, choice5, content, correct, create_date, filepath, modify_date, score, subject, teacher_id, time, view) values (?, ?, ?, ?, ?, ?, ?, ?, ?, ?, ?, ?, ?, ?, ?, ?)
make question 2968
Hibernate: insert into question (answer, choice1, choice2, choice3, choice4, choice5, content, correct, create_date, filepath, modify_date, score, subject, teacher_id, time, view) values (?, ?, ?, ?, ?, ?, ?, ?, ?, ?, ?, ?, ?, ?, ?, ?)
make question 2969
Hibernate: insert into question (answer, choice1, choice2, choice3, choice4, choice5, content, correct, create_date, filepath, modify_date, score, subject, teacher_id, time, view) values (?, ?, ?, ?, ?, ?, ?, ?, ?, ?, ?, ?, ?, ?, ?, ?)
make question 2970
Hibernate: insert into question (answer, choice1, choice2, choice3, choice4, choice5, content, correct, create_date, filepath, modify_date, score, subject, teacher_id, time, view) values (?, ?, ?, ?, ?, ?, ?, ?, ?, ?, ?, ?, ?, ?, ?, ?)
make question 2971
Hibernate: insert into question (answer, choice1, choice2, choice3, choice4, choice5, content, correct, create_date, filepath, modify_date, score, subject, teacher_id, time, view) values (?, ?, ?, ?, ?, ?, ?, ?, ?, ?, ?, ?, ?, ?, ?, ?)
make question 2972
Hibernate: insert into question (answer, choice1, choice2, choice3, choice4, choice5, content, correct, create_date, filepath, modify_date, score, subject, teacher_id, time, view) values (?, ?, ?, ?, ?, ?, ?, ?, ?, ?, ?, ?, ?, ?, ?, ?)
make question 2973
Hibernate: insert into question (answer, choice1, choice2, choice3, choice4, choice5, content, correct, create_date, filepath, modify_date, score, subject, teacher_id, time, view) values (?, ?, ?, ?, ?, ?, ?, ?, ?, ?, ?, ?, ?, ?, ?, ?)
make question 2974
Hibernate: insert into question (answer, choice1, choice2, choice3, choice4, choice5, content, correct, create_date, filepath, modify_date, score, subject, teacher_id, time, view) values (?, ?, ?, ?, ?, ?, ?, ?, ?, ?, ?, ?, ?, ?, ?, ?)
make question 2975
Hibernate: insert into question (answer, choice1, choice2, choice3, choice4, choice5, content, correct, create_date, filepath, modify_date, score, subject, teacher_id, time, view) values (?, ?, ?, ?, ?, ?, ?, ?, ?, ?, ?, ?, ?, ?, ?, ?)
make question 2976
Hibernate: insert into question (answer, choice1, choice2, choice3, choice4, choice5, content, correct, create_date, filepath, modify_date, score, subject, teacher_id, time, view) values (?, ?, ?, ?, ?, ?, ?, ?, ?, ?, ?, ?, ?, ?, ?, ?)
make question 2977
Hibernate: insert into question (answer, choice1, choice2, choice3, choice4, choice5, content, correct, create_date, filepath, modify_date, score, subject, teacher_id, time, view) values (?, ?, ?, ?, ?, ?, ?, ?, ?, ?, ?, ?, ?, ?, ?, ?)
make question 2978
Hibernate: insert into question (answer, choice1, choice2, choice3, choice4, choice5, content, correct, create_date, filepath, modify_date, score, subject, teacher_id, time, view) values (?, ?, ?, ?, ?, ?, ?, ?, ?, ?, ?, ?, ?, ?, ?, ?)
make question 2979
Hibernate: insert into question (answer, choice1, choice2, choice3, choice4, choice5, content, correct, create_date, filepath, modify_date, score, subject, teacher_id, time, view) values (?, ?, ?, ?, ?, ?, ?, ?, ?, ?, ?, ?, ?, ?, ?, ?)
make question 2980
Hibernate: insert into question (answer, choice1, choice2, choice3, choice4, choice5, content, correct, create_date, filepath, modify_date, score, subject, teacher_id, time, view) values (?, ?, ?, ?, ?, ?, ?, ?, ?, ?, ?, ?, ?, ?, ?, ?)
make question 2981
Hibernate: insert into question (answer, choice1, choice2, choice3, choice4, choice5, content, correct, create_date, filepath, modify_date, score, subject, teacher_id, time, view) values (?, ?, ?, ?, ?, ?, ?, ?, ?, ?, ?, ?, ?, ?, ?, ?)
make question 2982
Hibernate: insert into question (answer, choice1, choice2, choice3, choice4, choice5, content, correct, create_date, filepath, modify_date, score, subject, teacher_id, time, view) values (?, ?, ?, ?, ?, ?, ?, ?, ?, ?, ?, ?, ?, ?, ?, ?)
make question 2983
Hibernate: insert into question (answer, choice1, choice2, choice3, choice4, choice5, content, correct, create_date, filepath, modify_date, score, subject, teacher_id, time, view) values (?, ?, ?, ?, ?, ?, ?, ?, ?, ?, ?, ?, ?, ?, ?, ?)
make question 2984
Hibernate: insert into question (answer, choice1, choice2, choice3, choice4, choice5, content, correct, create_date, filepath, modify_date, score, subject, teacher_id, time, view) values (?, ?, ?, ?, ?, ?, ?, ?, ?, ?, ?, ?, ?, ?, ?, ?)
make question 2985
Hibernate: insert into question (answer, choice1, choice2, choice3, choice4, choice5, content, correct, create_date, filepath, modify_date, score, subject, teacher_id, time, view) values (?, ?, ?, ?, ?, ?, ?, ?, ?, ?, ?, ?, ?, ?, ?, ?)
make question 2986
Hibernate: insert into question (answer, choice1, choice2, choice3, choice4, choice5, content, correct, create_date, filepath, modify_date, score, subject, teacher_id, time, view) values (?, ?, ?, ?, ?, ?, ?, ?, ?, ?, ?, ?, ?, ?, ?, ?)
make question 2987
Hibernate: insert into question (answer, choice1, choice2, choice3, choice4, choice5, content, correct, create_date, filepath, modify_date, score, subject, teacher_id, time, view) values (?, ?, ?, ?, ?, ?, ?, ?, ?, ?, ?, ?, ?, ?, ?, ?)
make question 2988
Hibernate: insert into question (answer, choice1, choice2, choice3, choice4, choice5, content, correct, create_date, filepath, modify_date, score, subject, teacher_id, time, view) values (?, ?, ?, ?, ?, ?, ?, ?, ?, ?, ?, ?, ?, ?, ?, ?)
make question 2989
Hibernate: insert into question (answer, choice1, choice2, choice3, choice4, choice5, content, correct, create_date, filepath, modify_date, score, subject, teacher_id, time, view) values (?, ?, ?, ?, ?, ?, ?, ?, ?, ?, ?, ?, ?, ?, ?, ?)
make question 2990
Hibernate: insert into question (answer, choice1, choice2, choice3, choice4, choice5, content, correct, create_date, filepath, modify_date, score, subject, teacher_id, time, view) values (?, ?, ?, ?, ?, ?, ?, ?, ?, ?, ?, ?, ?, ?, ?, ?)
make question 2991
Hibernate: insert into question (answer, choice1, choice2, choice3, choice4, choice5, content, correct, create_date, filepath, modify_date, score, subject, teacher_id, time, view) values (?, ?, ?, ?, ?, ?, ?, ?, ?, ?, ?, ?, ?, ?, ?, ?)
make question 2992
Hibernate: insert into question (answer, choice1, choice2, choice3, choice4, choice5, content, correct, create_date, filepath, modify_date, score, subject, teacher_id, time, view) values (?, ?, ?, ?, ?, ?, ?, ?, ?, ?, ?, ?, ?, ?, ?, ?)
make question 2993
Hibernate: insert into question (answer, choice1, choice2, choice3, choice4, choice5, content, correct, create_date, filepath, modify_date, score, subject, teacher_id, time, view) values (?, ?, ?, ?, ?, ?, ?, ?, ?, ?, ?, ?, ?, ?, ?, ?)
make question 2994
Hibernate: insert into question (answer, choice1, choice2, choice3, choice4, choice5, content, correct, create_date, filepath, modify_date, score, subject, teacher_id, time, view) values (?, ?, ?, ?, ?, ?, ?, ?, ?, ?, ?, ?, ?, ?, ?, ?)
make question 2995
Hibernate: insert into question (answer, choice1, choice2, choice3, choice4, choice5, content, correct, create_date, filepath, modify_date, score, subject, teacher_id, time, view) values (?, ?, ?, ?, ?, ?, ?, ?, ?, ?, ?, ?, ?, ?, ?, ?)
make question 2996
Hibernate: insert into question (answer, choice1, choice2, choice3, choice4, choice5, content, correct, create_date, filepath, modify_date, score, subject, teacher_id, time, view) values (?, ?, ?, ?, ?, ?, ?, ?, ?, ?, ?, ?, ?, ?, ?, ?)
make question 2997
Hibernate: insert into question (answer, choice1, choice2, choice3, choice4, choice5, content, correct, create_date, filepath, modify_date, score, subject, teacher_id, time, view) values (?, ?, ?, ?, ?, ?, ?, ?, ?, ?, ?, ?, ?, ?, ?, ?)
make question 2998
Hibernate: insert into question (answer, choice1, choice2, choice3, choice4, choice5, content, correct, create_date, filepath, modify_date, score, subject, teacher_id, time, view) values (?, ?, ?, ?, ?, ?, ?, ?, ?, ?, ?, ?, ?, ?, ?, ?)
make question 2999
Hibernate: insert into question (answer, choice1, choice2, choice3, choice4, choice5, content, correct, create_date, filepath, modify_date, score, subject, teacher_id, time, view) values (?, ?, ?, ?, ?, ?, ?, ?, ?, ?, ?, ?, ?, ?, ?, ?)
make question 3000
Hibernate: insert into question (answer, choice1, choice2, choice3, choice4, choice5, content, correct, create_date, filepath, modify_date, score, subject, teacher_id, time, view) values (?, ?, ?, ?, ?, ?, ?, ?, ?, ?, ?, ?, ?, ?, ?, ?)
make question 3001
Hibernate: insert into question (answer, choice1, choice2, choice3, choice4, choice5, content, correct, create_date, filepath, modify_date, score, subject, teacher_id, time, view) values (?, ?, ?, ?, ?, ?, ?, ?, ?, ?, ?, ?, ?, ?, ?, ?)
make question 3002
Hibernate: insert into question (answer, choice1, choice2, choice3, choice4, choice5, content, correct, create_date, filepath, modify_date, score, subject, teacher_id, time, view) values (?, ?, ?, ?, ?, ?, ?, ?, ?, ?, ?, ?, ?, ?, ?, ?)
make question 3003
Hibernate: insert into question (answer, choice1, choice2, choice3, choice4, choice5, content, correct, create_date, filepath, modify_date, score, subject, teacher_id, time, view) values (?, ?, ?, ?, ?, ?, ?, ?, ?, ?, ?, ?, ?, ?, ?, ?)
make question 3004
Hibernate: insert into question (answer, choice1, choice2, choice3, choice4, choice5, content, correct, create_date, filepath, modify_date, score, subject, teacher_id, time, view) values (?, ?, ?, ?, ?, ?, ?, ?, ?, ?, ?, ?, ?, ?, ?, ?)
make question 3005
Hibernate: insert into question (answer, choice1, choice2, choice3, choice4, choice5, content, correct, create_date, filepath, modify_date, score, subject, teacher_id, time, view) values (?, ?, ?, ?, ?, ?, ?, ?, ?, ?, ?, ?, ?, ?, ?, ?)
make question 3006
Hibernate: insert into question (answer, choice1, choice2, choice3, choice4, choice5, content, correct, create_date, filepath, modify_date, score, subject, teacher_id, time, view) values (?, ?, ?, ?, ?, ?, ?, ?, ?, ?, ?, ?, ?, ?, ?, ?)
make question 3007
Hibernate: insert into question (answer, choice1, choice2, choice3, choice4, choice5, content, correct, create_date, filepath, modify_date, score, subject, teacher_id, time, view) values (?, ?, ?, ?, ?, ?, ?, ?, ?, ?, ?, ?, ?, ?, ?, ?)
make question 3008
Hibernate: insert into question (answer, choice1, choice2, choice3, choice4, choice5, content, correct, create_date, filepath, modify_date, score, subject, teacher_id, time, view) values (?, ?, ?, ?, ?, ?, ?, ?, ?, ?, ?, ?, ?, ?, ?, ?)
make question 3009
Hibernate: insert into question (answer, choice1, choice2, choice3, choice4, choice5, content, correct, create_date, filepath, modify_date, score, subject, teacher_id, time, view) values (?, ?, ?, ?, ?, ?, ?, ?, ?, ?, ?, ?, ?, ?, ?, ?)
make question 3010
Hibernate: insert into question (answer, choice1, choice2, choice3, choice4, choice5, content, correct, create_date, filepath, modify_date, score, subject, teacher_id, time, view) values (?, ?, ?, ?, ?, ?, ?, ?, ?, ?, ?, ?, ?, ?, ?, ?)
make question 3011
Hibernate: insert into question (answer, choice1, choice2, choice3, choice4, choice5, content, correct, create_date, filepath, modify_date, score, subject, teacher_id, time, view) values (?, ?, ?, ?, ?, ?, ?, ?, ?, ?, ?, ?, ?, ?, ?, ?)
make question 3012
Hibernate: insert into question (answer, choice1, choice2, choice3, choice4, choice5, content, correct, create_date, filepath, modify_date, score, subject, teacher_id, time, view) values (?, ?, ?, ?, ?, ?, ?, ?, ?, ?, ?, ?, ?, ?, ?, ?)
make question 3013
Hibernate: insert into question (answer, choice1, choice2, choice3, choice4, choice5, content, correct, create_date, filepath, modify_date, score, subject, teacher_id, time, view) values (?, ?, ?, ?, ?, ?, ?, ?, ?, ?, ?, ?, ?, ?, ?, ?)
make question 3014
Hibernate: insert into question (answer, choice1, choice2, choice3, choice4, choice5, content, correct, create_date, filepath, modify_date, score, subject, teacher_id, time, view) values (?, ?, ?, ?, ?, ?, ?, ?, ?, ?, ?, ?, ?, ?, ?, ?)
make question 3015
Hibernate: insert into question (answer, choice1, choice2, choice3, choice4, choice5, content, correct, create_date, filepath, modify_date, score, subject, teacher_id, time, view) values (?, ?, ?, ?, ?, ?, ?, ?, ?, ?, ?, ?, ?, ?, ?, ?)
make question 3016
Hibernate: insert into question (answer, choice1, choice2, choice3, choice4, choice5, content, correct, create_date, filepath, modify_date, score, subject, teacher_id, time, view) values (?, ?, ?, ?, ?, ?, ?, ?, ?, ?, ?, ?, ?, ?, ?, ?)
make question 3017
Hibernate: insert into question (answer, choice1, choice2, choice3, choice4, choice5, content, correct, create_date, filepath, modify_date, score, subject, teacher_id, time, view) values (?, ?, ?, ?, ?, ?, ?, ?, ?, ?, ?, ?, ?, ?, ?, ?)
make question 3018
Hibernate: insert into question (answer, choice1, choice2, choice3, choice4, choice5, content, correct, create_date, filepath, modify_date, score, subject, teacher_id, time, view) values (?, ?, ?, ?, ?, ?, ?, ?, ?, ?, ?, ?, ?, ?, ?, ?)
make question 3019
Hibernate: insert into question (answer, choice1, choice2, choice3, choice4, choice5, content, correct, create_date, filepath, modify_date, score, subject, teacher_id, time, view) values (?, ?, ?, ?, ?, ?, ?, ?, ?, ?, ?, ?, ?, ?, ?, ?)
make question 3020
Hibernate: insert into question (answer, choice1, choice2, choice3, choice4, choice5, content, correct, create_date, filepath, modify_date, score, subject, teacher_id, time, view) values (?, ?, ?, ?, ?, ?, ?, ?, ?, ?, ?, ?, ?, ?, ?, ?)
make question 3021
Hibernate: insert into question (answer, choice1, choice2, choice3, choice4, choice5, content, correct, create_date, filepath, modify_date, score, subject, teacher_id, time, view) values (?, ?, ?, ?, ?, ?, ?, ?, ?, ?, ?, ?, ?, ?, ?, ?)
make question 3022
Hibernate: insert into question (answer, choice1, choice2, choice3, choice4, choice5, content, correct, create_date, filepath, modify_date, score, subject, teacher_id, time, view) values (?, ?, ?, ?, ?, ?, ?, ?, ?, ?, ?, ?, ?, ?, ?, ?)
make question 3023
Hibernate: insert into question (answer, choice1, choice2, choice3, choice4, choice5, content, correct, create_date, filepath, modify_date, score, subject, teacher_id, time, view) values (?, ?, ?, ?, ?, ?, ?, ?, ?, ?, ?, ?, ?, ?, ?, ?)
make question 3024
Hibernate: insert into question (answer, choice1, choice2, choice3, choice4, choice5, content, correct, create_date, filepath, modify_date, score, subject, teacher_id, time, view) values (?, ?, ?, ?, ?, ?, ?, ?, ?, ?, ?, ?, ?, ?, ?, ?)
make question 3025
Hibernate: insert into question (answer, choice1, choice2, choice3, choice4, choice5, content, correct, create_date, filepath, modify_date, score, subject, teacher_id, time, view) values (?, ?, ?, ?, ?, ?, ?, ?, ?, ?, ?, ?, ?, ?, ?, ?)
make question 3026
Hibernate: insert into question (answer, choice1, choice2, choice3, choice4, choice5, content, correct, create_date, filepath, modify_date, score, subject, teacher_id, time, view) values (?, ?, ?, ?, ?, ?, ?, ?, ?, ?, ?, ?, ?, ?, ?, ?)
make question 3027
Hibernate: insert into question (answer, choice1, choice2, choice3, choice4, choice5, content, correct, create_date, filepath, modify_date, score, subject, teacher_id, time, view) values (?, ?, ?, ?, ?, ?, ?, ?, ?, ?, ?, ?, ?, ?, ?, ?)
make question 3028
Hibernate: insert into question (answer, choice1, choice2, choice3, choice4, choice5, content, correct, create_date, filepath, modify_date, score, subject, teacher_id, time, view) values (?, ?, ?, ?, ?, ?, ?, ?, ?, ?, ?, ?, ?, ?, ?, ?)
make question 3029
Hibernate: insert into question (answer, choice1, choice2, choice3, choice4, choice5, content, correct, create_date, filepath, modify_date, score, subject, teacher_id, time, view) values (?, ?, ?, ?, ?, ?, ?, ?, ?, ?, ?, ?, ?, ?, ?, ?)
make question 3030
Hibernate: insert into question (answer, choice1, choice2, choice3, choice4, choice5, content, correct, create_date, filepath, modify_date, score, subject, teacher_id, time, view) values (?, ?, ?, ?, ?, ?, ?, ?, ?, ?, ?, ?, ?, ?, ?, ?)
make question 3031
Hibernate: insert into question (answer, choice1, choice2, choice3, choice4, choice5, content, correct, create_date, filepath, modify_date, score, subject, teacher_id, time, view) values (?, ?, ?, ?, ?, ?, ?, ?, ?, ?, ?, ?, ?, ?, ?, ?)
make question 3032
Hibernate: insert into question (answer, choice1, choice2, choice3, choice4, choice5, content, correct, create_date, filepath, modify_date, score, subject, teacher_id, time, view) values (?, ?, ?, ?, ?, ?, ?, ?, ?, ?, ?, ?, ?, ?, ?, ?)
make question 3033
Hibernate: insert into question (answer, choice1, choice2, choice3, choice4, choice5, content, correct, create_date, filepath, modify_date, score, subject, teacher_id, time, view) values (?, ?, ?, ?, ?, ?, ?, ?, ?, ?, ?, ?, ?, ?, ?, ?)
make question 3034
Hibernate: insert into question (answer, choice1, choice2, choice3, choice4, choice5, content, correct, create_date, filepath, modify_date, score, subject, teacher_id, time, view) values (?, ?, ?, ?, ?, ?, ?, ?, ?, ?, ?, ?, ?, ?, ?, ?)
make question 3035
Hibernate: insert into question (answer, choice1, choice2, choice3, choice4, choice5, content, correct, create_date, filepath, modify_date, score, subject, teacher_id, time, view) values (?, ?, ?, ?, ?, ?, ?, ?, ?, ?, ?, ?, ?, ?, ?, ?)
make question 3036
Hibernate: insert into question (answer, choice1, choice2, choice3, choice4, choice5, content, correct, create_date, filepath, modify_date, score, subject, teacher_id, time, view) values (?, ?, ?, ?, ?, ?, ?, ?, ?, ?, ?, ?, ?, ?, ?, ?)
make question 3037
Hibernate: insert into question (answer, choice1, choice2, choice3, choice4, choice5, content, correct, create_date, filepath, modify_date, score, subject, teacher_id, time, view) values (?, ?, ?, ?, ?, ?, ?, ?, ?, ?, ?, ?, ?, ?, ?, ?)
make question 3038
Hibernate: insert into question (answer, choice1, choice2, choice3, choice4, choice5, content, correct, create_date, filepath, modify_date, score, subject, teacher_id, time, view) values (?, ?, ?, ?, ?, ?, ?, ?, ?, ?, ?, ?, ?, ?, ?, ?)
make question 3039
Hibernate: insert into question (answer, choice1, choice2, choice3, choice4, choice5, content, correct, create_date, filepath, modify_date, score, subject, teacher_id, time, view) values (?, ?, ?, ?, ?, ?, ?, ?, ?, ?, ?, ?, ?, ?, ?, ?)
make question 3040
Hibernate: insert into question (answer, choice1, choice2, choice3, choice4, choice5, content, correct, create_date, filepath, modify_date, score, subject, teacher_id, time, view) values (?, ?, ?, ?, ?, ?, ?, ?, ?, ?, ?, ?, ?, ?, ?, ?)
make question 3041
Hibernate: insert into question (answer, choice1, choice2, choice3, choice4, choice5, content, correct, create_date, filepath, modify_date, score, subject, teacher_id, time, view) values (?, ?, ?, ?, ?, ?, ?, ?, ?, ?, ?, ?, ?, ?, ?, ?)
make question 3042
Hibernate: insert into question (answer, choice1, choice2, choice3, choice4, choice5, content, correct, create_date, filepath, modify_date, score, subject, teacher_id, time, view) values (?, ?, ?, ?, ?, ?, ?, ?, ?, ?, ?, ?, ?, ?, ?, ?)
make question 3043
Hibernate: insert into question (answer, choice1, choice2, choice3, choice4, choice5, content, correct, create_date, filepath, modify_date, score, subject, teacher_id, time, view) values (?, ?, ?, ?, ?, ?, ?, ?, ?, ?, ?, ?, ?, ?, ?, ?)
make question 3044
Hibernate: insert into question (answer, choice1, choice2, choice3, choice4, choice5, content, correct, create_date, filepath, modify_date, score, subject, teacher_id, time, view) values (?, ?, ?, ?, ?, ?, ?, ?, ?, ?, ?, ?, ?, ?, ?, ?)
make question 3045
Hibernate: insert into question (answer, choice1, choice2, choice3, choice4, choice5, content, correct, create_date, filepath, modify_date, score, subject, teacher_id, time, view) values (?, ?, ?, ?, ?, ?, ?, ?, ?, ?, ?, ?, ?, ?, ?, ?)
make question 3046
Hibernate: insert into question (answer, choice1, choice2, choice3, choice4, choice5, content, correct, create_date, filepath, modify_date, score, subject, teacher_id, time, view) values (?, ?, ?, ?, ?, ?, ?, ?, ?, ?, ?, ?, ?, ?, ?, ?)
make question 3047
Hibernate: insert into question (answer, choice1, choice2, choice3, choice4, choice5, content, correct, create_date, filepath, modify_date, score, subject, teacher_id, time, view) values (?, ?, ?, ?, ?, ?, ?, ?, ?, ?, ?, ?, ?, ?, ?, ?)
make question 3048
Hibernate: insert into question (answer, choice1, choice2, choice3, choice4, choice5, content, correct, create_date, filepath, modify_date, score, subject, teacher_id, time, view) values (?, ?, ?, ?, ?, ?, ?, ?, ?, ?, ?, ?, ?, ?, ?, ?)
make question 3049
Hibernate: insert into question (answer, choice1, choice2, choice3, choice4, choice5, content, correct, create_date, filepath, modify_date, score, subject, teacher_id, time, view) values (?, ?, ?, ?, ?, ?, ?, ?, ?, ?, ?, ?, ?, ?, ?, ?)
make question 3050
Hibernate: insert into question (answer, choice1, choice2, choice3, choice4, choice5, content, correct, create_date, filepath, modify_date, score, subject, teacher_id, time, view) values (?, ?, ?, ?, ?, ?, ?, ?, ?, ?, ?, ?, ?, ?, ?, ?)
make question 3051
Hibernate: insert into question (answer, choice1, choice2, choice3, choice4, choice5, content, correct, create_date, filepath, modify_date, score, subject, teacher_id, time, view) values (?, ?, ?, ?, ?, ?, ?, ?, ?, ?, ?, ?, ?, ?, ?, ?)
make question 3052
Hibernate: insert into question (answer, choice1, choice2, choice3, choice4, choice5, content, correct, create_date, filepath, modify_date, score, subject, teacher_id, time, view) values (?, ?, ?, ?, ?, ?, ?, ?, ?, ?, ?, ?, ?, ?, ?, ?)
make question 3053
Hibernate: insert into question (answer, choice1, choice2, choice3, choice4, choice5, content, correct, create_date, filepath, modify_date, score, subject, teacher_id, time, view) values (?, ?, ?, ?, ?, ?, ?, ?, ?, ?, ?, ?, ?, ?, ?, ?)
make question 3054
Hibernate: insert into question (answer, choice1, choice2, choice3, choice4, choice5, content, correct, create_date, filepath, modify_date, score, subject, teacher_id, time, view) values (?, ?, ?, ?, ?, ?, ?, ?, ?, ?, ?, ?, ?, ?, ?, ?)
make question 3055
Hibernate: insert into question (answer, choice1, choice2, choice3, choice4, choice5, content, correct, create_date, filepath, modify_date, score, subject, teacher_id, time, view) values (?, ?, ?, ?, ?, ?, ?, ?, ?, ?, ?, ?, ?, ?, ?, ?)
make question 3056
Hibernate: insert into question (answer, choice1, choice2, choice3, choice4, choice5, content, correct, create_date, filepath, modify_date, score, subject, teacher_id, time, view) values (?, ?, ?, ?, ?, ?, ?, ?, ?, ?, ?, ?, ?, ?, ?, ?)
make question 3057
Hibernate: insert into question (answer, choice1, choice2, choice3, choice4, choice5, content, correct, create_date, filepath, modify_date, score, subject, teacher_id, time, view) values (?, ?, ?, ?, ?, ?, ?, ?, ?, ?, ?, ?, ?, ?, ?, ?)
make question 3058
Hibernate: insert into question (answer, choice1, choice2, choice3, choice4, choice5, content, correct, create_date, filepath, modify_date, score, subject, teacher_id, time, view) values (?, ?, ?, ?, ?, ?, ?, ?, ?, ?, ?, ?, ?, ?, ?, ?)
make question 3059
Hibernate: insert into question (answer, choice1, choice2, choice3, choice4, choice5, content, correct, create_date, filepath, modify_date, score, subject, teacher_id, time, view) values (?, ?, ?, ?, ?, ?, ?, ?, ?, ?, ?, ?, ?, ?, ?, ?)
make question 3060
Hibernate: insert into question (answer, choice1, choice2, choice3, choice4, choice5, content, correct, create_date, filepath, modify_date, score, subject, teacher_id, time, view) values (?, ?, ?, ?, ?, ?, ?, ?, ?, ?, ?, ?, ?, ?, ?, ?)
make question 3061
Hibernate: insert into question (answer, choice1, choice2, choice3, choice4, choice5, content, correct, create_date, filepath, modify_date, score, subject, teacher_id, time, view) values (?, ?, ?, ?, ?, ?, ?, ?, ?, ?, ?, ?, ?, ?, ?, ?)
make question 3062
Hibernate: insert into question (answer, choice1, choice2, choice3, choice4, choice5, content, correct, create_date, filepath, modify_date, score, subject, teacher_id, time, view) values (?, ?, ?, ?, ?, ?, ?, ?, ?, ?, ?, ?, ?, ?, ?, ?)
make question 3063
Hibernate: insert into question (answer, choice1, choice2, choice3, choice4, choice5, content, correct, create_date, filepath, modify_date, score, subject, teacher_id, time, view) values (?, ?, ?, ?, ?, ?, ?, ?, ?, ?, ?, ?, ?, ?, ?, ?)
make question 3064
Hibernate: insert into question (answer, choice1, choice2, choice3, choice4, choice5, content, correct, create_date, filepath, modify_date, score, subject, teacher_id, time, view) values (?, ?, ?, ?, ?, ?, ?, ?, ?, ?, ?, ?, ?, ?, ?, ?)
make question 3065
Hibernate: insert into question (answer, choice1, choice2, choice3, choice4, choice5, content, correct, create_date, filepath, modify_date, score, subject, teacher_id, time, view) values (?, ?, ?, ?, ?, ?, ?, ?, ?, ?, ?, ?, ?, ?, ?, ?)
make question 3066
Hibernate: insert into question (answer, choice1, choice2, choice3, choice4, choice5, content, correct, create_date, filepath, modify_date, score, subject, teacher_id, time, view) values (?, ?, ?, ?, ?, ?, ?, ?, ?, ?, ?, ?, ?, ?, ?, ?)
make question 3067
Hibernate: insert into question (answer, choice1, choice2, choice3, choice4, choice5, content, correct, create_date, filepath, modify_date, score, subject, teacher_id, time, view) values (?, ?, ?, ?, ?, ?, ?, ?, ?, ?, ?, ?, ?, ?, ?, ?)
make question 3068
Hibernate: insert into question (answer, choice1, choice2, choice3, choice4, choice5, content, correct, create_date, filepath, modify_date, score, subject, teacher_id, time, view) values (?, ?, ?, ?, ?, ?, ?, ?, ?, ?, ?, ?, ?, ?, ?, ?)
make question 3069
Hibernate: insert into question (answer, choice1, choice2, choice3, choice4, choice5, content, correct, create_date, filepath, modify_date, score, subject, teacher_id, time, view) values (?, ?, ?, ?, ?, ?, ?, ?, ?, ?, ?, ?, ?, ?, ?, ?)
make question 3070
Hibernate: insert into question (answer, choice1, choice2, choice3, choice4, choice5, content, correct, create_date, filepath, modify_date, score, subject, teacher_id, time, view) values (?, ?, ?, ?, ?, ?, ?, ?, ?, ?, ?, ?, ?, ?, ?, ?)
make question 3071
Hibernate: insert into question (answer, choice1, choice2, choice3, choice4, choice5, content, correct, create_date, filepath, modify_date, score, subject, teacher_id, time, view) values (?, ?, ?, ?, ?, ?, ?, ?, ?, ?, ?, ?, ?, ?, ?, ?)
make question 3072
Hibernate: insert into question (answer, choice1, choice2, choice3, choice4, choice5, content, correct, create_date, filepath, modify_date, score, subject, teacher_id, time, view) values (?, ?, ?, ?, ?, ?, ?, ?, ?, ?, ?, ?, ?, ?, ?, ?)
make question 3073
Hibernate: insert into question (answer, choice1, choice2, choice3, choice4, choice5, content, correct, create_date, filepath, modify_date, score, subject, teacher_id, time, view) values (?, ?, ?, ?, ?, ?, ?, ?, ?, ?, ?, ?, ?, ?, ?, ?)
make question 3074
Hibernate: insert into question (answer, choice1, choice2, choice3, choice4, choice5, content, correct, create_date, filepath, modify_date, score, subject, teacher_id, time, view) values (?, ?, ?, ?, ?, ?, ?, ?, ?, ?, ?, ?, ?, ?, ?, ?)
make question 3075
Hibernate: insert into question (answer, choice1, choice2, choice3, choice4, choice5, content, correct, create_date, filepath, modify_date, score, subject, teacher_id, time, view) values (?, ?, ?, ?, ?, ?, ?, ?, ?, ?, ?, ?, ?, ?, ?, ?)
make question 3076
Hibernate: insert into question (answer, choice1, choice2, choice3, choice4, choice5, content, correct, create_date, filepath, modify_date, score, subject, teacher_id, time, view) values (?, ?, ?, ?, ?, ?, ?, ?, ?, ?, ?, ?, ?, ?, ?, ?)
make question 3077
Hibernate: insert into question (answer, choice1, choice2, choice3, choice4, choice5, content, correct, create_date, filepath, modify_date, score, subject, teacher_id, time, view) values (?, ?, ?, ?, ?, ?, ?, ?, ?, ?, ?, ?, ?, ?, ?, ?)
make question 3078
Hibernate: insert into question (answer, choice1, choice2, choice3, choice4, choice5, content, correct, create_date, filepath, modify_date, score, subject, teacher_id, time, view) values (?, ?, ?, ?, ?, ?, ?, ?, ?, ?, ?, ?, ?, ?, ?, ?)
make question 3079
Hibernate: insert into question (answer, choice1, choice2, choice3, choice4, choice5, content, correct, create_date, filepath, modify_date, score, subject, teacher_id, time, view) values (?, ?, ?, ?, ?, ?, ?, ?, ?, ?, ?, ?, ?, ?, ?, ?)
make question 3080
Hibernate: insert into question (answer, choice1, choice2, choice3, choice4, choice5, content, correct, create_date, filepath, modify_date, score, subject, teacher_id, time, view) values (?, ?, ?, ?, ?, ?, ?, ?, ?, ?, ?, ?, ?, ?, ?, ?)
make question 3081
Hibernate: insert into question (answer, choice1, choice2, choice3, choice4, choice5, content, correct, create_date, filepath, modify_date, score, subject, teacher_id, time, view) values (?, ?, ?, ?, ?, ?, ?, ?, ?, ?, ?, ?, ?, ?, ?, ?)
make question 3082
Hibernate: insert into question (answer, choice1, choice2, choice3, choice4, choice5, content, correct, create_date, filepath, modify_date, score, subject, teacher_id, time, view) values (?, ?, ?, ?, ?, ?, ?, ?, ?, ?, ?, ?, ?, ?, ?, ?)
make question 3083
Hibernate: insert into question (answer, choice1, choice2, choice3, choice4, choice5, content, correct, create_date, filepath, modify_date, score, subject, teacher_id, time, view) values (?, ?, ?, ?, ?, ?, ?, ?, ?, ?, ?, ?, ?, ?, ?, ?)
make question 3084
Hibernate: insert into question (answer, choice1, choice2, choice3, choice4, choice5, content, correct, create_date, filepath, modify_date, score, subject, teacher_id, time, view) values (?, ?, ?, ?, ?, ?, ?, ?, ?, ?, ?, ?, ?, ?, ?, ?)
make question 3085
Hibernate: insert into question (answer, choice1, choice2, choice3, choice4, choice5, content, correct, create_date, filepath, modify_date, score, subject, teacher_id, time, view) values (?, ?, ?, ?, ?, ?, ?, ?, ?, ?, ?, ?, ?, ?, ?, ?)
make question 3086
Hibernate: insert into question (answer, choice1, choice2, choice3, choice4, choice5, content, correct, create_date, filepath, modify_date, score, subject, teacher_id, time, view) values (?, ?, ?, ?, ?, ?, ?, ?, ?, ?, ?, ?, ?, ?, ?, ?)
make question 3087
Hibernate: insert into question (answer, choice1, choice2, choice3, choice4, choice5, content, correct, create_date, filepath, modify_date, score, subject, teacher_id, time, view) values (?, ?, ?, ?, ?, ?, ?, ?, ?, ?, ?, ?, ?, ?, ?, ?)
make question 3088
Hibernate: insert into question (answer, choice1, choice2, choice3, choice4, choice5, content, correct, create_date, filepath, modify_date, score, subject, teacher_id, time, view) values (?, ?, ?, ?, ?, ?, ?, ?, ?, ?, ?, ?, ?, ?, ?, ?)
make question 3089
Hibernate: insert into question (answer, choice1, choice2, choice3, choice4, choice5, content, correct, create_date, filepath, modify_date, score, subject, teacher_id, time, view) values (?, ?, ?, ?, ?, ?, ?, ?, ?, ?, ?, ?, ?, ?, ?, ?)
make question 3090
Hibernate: insert into question (answer, choice1, choice2, choice3, choice4, choice5, content, correct, create_date, filepath, modify_date, score, subject, teacher_id, time, view) values (?, ?, ?, ?, ?, ?, ?, ?, ?, ?, ?, ?, ?, ?, ?, ?)
make question 3091
Hibernate: insert into question (answer, choice1, choice2, choice3, choice4, choice5, content, correct, create_date, filepath, modify_date, score, subject, teacher_id, time, view) values (?, ?, ?, ?, ?, ?, ?, ?, ?, ?, ?, ?, ?, ?, ?, ?)
make question 3092
Hibernate: insert into question (answer, choice1, choice2, choice3, choice4, choice5, content, correct, create_date, filepath, modify_date, score, subject, teacher_id, time, view) values (?, ?, ?, ?, ?, ?, ?, ?, ?, ?, ?, ?, ?, ?, ?, ?)
make question 3093
Hibernate: insert into question (answer, choice1, choice2, choice3, choice4, choice5, content, correct, create_date, filepath, modify_date, score, subject, teacher_id, time, view) values (?, ?, ?, ?, ?, ?, ?, ?, ?, ?, ?, ?, ?, ?, ?, ?)
make question 3094
Hibernate: insert into question (answer, choice1, choice2, choice3, choice4, choice5, content, correct, create_date, filepath, modify_date, score, subject, teacher_id, time, view) values (?, ?, ?, ?, ?, ?, ?, ?, ?, ?, ?, ?, ?, ?, ?, ?)
make question 3095
Hibernate: insert into question (answer, choice1, choice2, choice3, choice4, choice5, content, correct, create_date, filepath, modify_date, score, subject, teacher_id, time, view) values (?, ?, ?, ?, ?, ?, ?, ?, ?, ?, ?, ?, ?, ?, ?, ?)
make question 3096
Hibernate: insert into question (answer, choice1, choice2, choice3, choice4, choice5, content, correct, create_date, filepath, modify_date, score, subject, teacher_id, time, view) values (?, ?, ?, ?, ?, ?, ?, ?, ?, ?, ?, ?, ?, ?, ?, ?)
make question 3097
Hibernate: insert into question (answer, choice1, choice2, choice3, choice4, choice5, content, correct, create_date, filepath, modify_date, score, subject, teacher_id, time, view) values (?, ?, ?, ?, ?, ?, ?, ?, ?, ?, ?, ?, ?, ?, ?, ?)
make question 3098
Hibernate: insert into question (answer, choice1, choice2, choice3, choice4, choice5, content, correct, create_date, filepath, modify_date, score, subject, teacher_id, time, view) values (?, ?, ?, ?, ?, ?, ?, ?, ?, ?, ?, ?, ?, ?, ?, ?)
make question 3099
Hibernate: insert into question (answer, choice1, choice2, choice3, choice4, choice5, content, correct, create_date, filepath, modify_date, score, subject, teacher_id, time, view) values (?, ?, ?, ?, ?, ?, ?, ?, ?, ?, ?, ?, ?, ?, ?, ?)
make question 3100
Hibernate: insert into question (answer, choice1, choice2, choice3, choice4, choice5, content, correct, create_date, filepath, modify_date, score, subject, teacher_id, time, view) values (?, ?, ?, ?, ?, ?, ?, ?, ?, ?, ?, ?, ?, ?, ?, ?)
make question 3101
Hibernate: insert into question (answer, choice1, choice2, choice3, choice4, choice5, content, correct, create_date, filepath, modify_date, score, subject, teacher_id, time, view) values (?, ?, ?, ?, ?, ?, ?, ?, ?, ?, ?, ?, ?, ?, ?, ?)
make question 3102
Hibernate: insert into question (answer, choice1, choice2, choice3, choice4, choice5, content, correct, create_date, filepath, modify_date, score, subject, teacher_id, time, view) values (?, ?, ?, ?, ?, ?, ?, ?, ?, ?, ?, ?, ?, ?, ?, ?)
make question 3103
Hibernate: insert into question (answer, choice1, choice2, choice3, choice4, choice5, content, correct, create_date, filepath, modify_date, score, subject, teacher_id, time, view) values (?, ?, ?, ?, ?, ?, ?, ?, ?, ?, ?, ?, ?, ?, ?, ?)
make question 3104
Hibernate: insert into question (answer, choice1, choice2, choice3, choice4, choice5, content, correct, create_date, filepath, modify_date, score, subject, teacher_id, time, view) values (?, ?, ?, ?, ?, ?, ?, ?, ?, ?, ?, ?, ?, ?, ?, ?)
make question 3105
Hibernate: insert into question (answer, choice1, choice2, choice3, choice4, choice5, content, correct, create_date, filepath, modify_date, score, subject, teacher_id, time, view) values (?, ?, ?, ?, ?, ?, ?, ?, ?, ?, ?, ?, ?, ?, ?, ?)
make question 3106
Hibernate: insert into question (answer, choice1, choice2, choice3, choice4, choice5, content, correct, create_date, filepath, modify_date, score, subject, teacher_id, time, view) values (?, ?, ?, ?, ?, ?, ?, ?, ?, ?, ?, ?, ?, ?, ?, ?)
make question 3107
Hibernate: insert into question (answer, choice1, choice2, choice3, choice4, choice5, content, correct, create_date, filepath, modify_date, score, subject, teacher_id, time, view) values (?, ?, ?, ?, ?, ?, ?, ?, ?, ?, ?, ?, ?, ?, ?, ?)
make question 3108
Hibernate: insert into question (answer, choice1, choice2, choice3, choice4, choice5, content, correct, create_date, filepath, modify_date, score, subject, teacher_id, time, view) values (?, ?, ?, ?, ?, ?, ?, ?, ?, ?, ?, ?, ?, ?, ?, ?)
make question 3109
Hibernate: insert into question (answer, choice1, choice2, choice3, choice4, choice5, content, correct, create_date, filepath, modify_date, score, subject, teacher_id, time, view) values (?, ?, ?, ?, ?, ?, ?, ?, ?, ?, ?, ?, ?, ?, ?, ?)
make question 3110
Hibernate: insert into question (answer, choice1, choice2, choice3, choice4, choice5, content, correct, create_date, filepath, modify_date, score, subject, teacher_id, time, view) values (?, ?, ?, ?, ?, ?, ?, ?, ?, ?, ?, ?, ?, ?, ?, ?)
make question 3111
Hibernate: insert into question (answer, choice1, choice2, choice3, choice4, choice5, content, correct, create_date, filepath, modify_date, score, subject, teacher_id, time, view) values (?, ?, ?, ?, ?, ?, ?, ?, ?, ?, ?, ?, ?, ?, ?, ?)
make question 3112
Hibernate: insert into question (answer, choice1, choice2, choice3, choice4, choice5, content, correct, create_date, filepath, modify_date, score, subject, teacher_id, time, view) values (?, ?, ?, ?, ?, ?, ?, ?, ?, ?, ?, ?, ?, ?, ?, ?)
make question 3113
Hibernate: insert into question (answer, choice1, choice2, choice3, choice4, choice5, content, correct, create_date, filepath, modify_date, score, subject, teacher_id, time, view) values (?, ?, ?, ?, ?, ?, ?, ?, ?, ?, ?, ?, ?, ?, ?, ?)
make question 3114
Hibernate: insert into question (answer, choice1, choice2, choice3, choice4, choice5, content, correct, create_date, filepath, modify_date, score, subject, teacher_id, time, view) values (?, ?, ?, ?, ?, ?, ?, ?, ?, ?, ?, ?, ?, ?, ?, ?)
make question 3115
Hibernate: insert into question (answer, choice1, choice2, choice3, choice4, choice5, content, correct, create_date, filepath, modify_date, score, subject, teacher_id, time, view) values (?, ?, ?, ?, ?, ?, ?, ?, ?, ?, ?, ?, ?, ?, ?, ?)
make question 3116
Hibernate: insert into question (answer, choice1, choice2, choice3, choice4, choice5, content, correct, create_date, filepath, modify_date, score, subject, teacher_id, time, view) values (?, ?, ?, ?, ?, ?, ?, ?, ?, ?, ?, ?, ?, ?, ?, ?)
make question 3117
Hibernate: insert into question (answer, choice1, choice2, choice3, choice4, choice5, content, correct, create_date, filepath, modify_date, score, subject, teacher_id, time, view) values (?, ?, ?, ?, ?, ?, ?, ?, ?, ?, ?, ?, ?, ?, ?, ?)
make question 3118
Hibernate: insert into question (answer, choice1, choice2, choice3, choice4, choice5, content, correct, create_date, filepath, modify_date, score, subject, teacher_id, time, view) values (?, ?, ?, ?, ?, ?, ?, ?, ?, ?, ?, ?, ?, ?, ?, ?)
make question 3119
Hibernate: insert into question (answer, choice1, choice2, choice3, choice4, choice5, content, correct, create_date, filepath, modify_date, score, subject, teacher_id, time, view) values (?, ?, ?, ?, ?, ?, ?, ?, ?, ?, ?, ?, ?, ?, ?, ?)
make question 3120
Hibernate: insert into question (answer, choice1, choice2, choice3, choice4, choice5, content, correct, create_date, filepath, modify_date, score, subject, teacher_id, time, view) values (?, ?, ?, ?, ?, ?, ?, ?, ?, ?, ?, ?, ?, ?, ?, ?)
make question 3121
Hibernate: insert into question (answer, choice1, choice2, choice3, choice4, choice5, content, correct, create_date, filepath, modify_date, score, subject, teacher_id, time, view) values (?, ?, ?, ?, ?, ?, ?, ?, ?, ?, ?, ?, ?, ?, ?, ?)
make question 3122
Hibernate: insert into question (answer, choice1, choice2, choice3, choice4, choice5, content, correct, create_date, filepath, modify_date, score, subject, teacher_id, time, view) values (?, ?, ?, ?, ?, ?, ?, ?, ?, ?, ?, ?, ?, ?, ?, ?)
make question 3123
Hibernate: insert into question (answer, choice1, choice2, choice3, choice4, choice5, content, correct, create_date, filepath, modify_date, score, subject, teacher_id, time, view) values (?, ?, ?, ?, ?, ?, ?, ?, ?, ?, ?, ?, ?, ?, ?, ?)
make question 3124
Hibernate: insert into question (answer, choice1, choice2, choice3, choice4, choice5, content, correct, create_date, filepath, modify_date, score, subject, teacher_id, time, view) values (?, ?, ?, ?, ?, ?, ?, ?, ?, ?, ?, ?, ?, ?, ?, ?)
make question 3125
Hibernate: insert into question (answer, choice1, choice2, choice3, choice4, choice5, content, correct, create_date, filepath, modify_date, score, subject, teacher_id, time, view) values (?, ?, ?, ?, ?, ?, ?, ?, ?, ?, ?, ?, ?, ?, ?, ?)
make question 3126
Hibernate: insert into question (answer, choice1, choice2, choice3, choice4, choice5, content, correct, create_date, filepath, modify_date, score, subject, teacher_id, time, view) values (?, ?, ?, ?, ?, ?, ?, ?, ?, ?, ?, ?, ?, ?, ?, ?)
make question 3127
Hibernate: insert into question (answer, choice1, choice2, choice3, choice4, choice5, content, correct, create_date, filepath, modify_date, score, subject, teacher_id, time, view) values (?, ?, ?, ?, ?, ?, ?, ?, ?, ?, ?, ?, ?, ?, ?, ?)
make question 3128
Hibernate: insert into question (answer, choice1, choice2, choice3, choice4, choice5, content, correct, create_date, filepath, modify_date, score, subject, teacher_id, time, view) values (?, ?, ?, ?, ?, ?, ?, ?, ?, ?, ?, ?, ?, ?, ?, ?)
make question 3129
Hibernate: insert into question (answer, choice1, choice2, choice3, choice4, choice5, content, correct, create_date, filepath, modify_date, score, subject, teacher_id, time, view) values (?, ?, ?, ?, ?, ?, ?, ?, ?, ?, ?, ?, ?, ?, ?, ?)
make question 3130
Hibernate: insert into question (answer, choice1, choice2, choice3, choice4, choice5, content, correct, create_date, filepath, modify_date, score, subject, teacher_id, time, view) values (?, ?, ?, ?, ?, ?, ?, ?, ?, ?, ?, ?, ?, ?, ?, ?)
make question 3131
Hibernate: insert into question (answer, choice1, choice2, choice3, choice4, choice5, content, correct, create_date, filepath, modify_date, score, subject, teacher_id, time, view) values (?, ?, ?, ?, ?, ?, ?, ?, ?, ?, ?, ?, ?, ?, ?, ?)
make question 3132
Hibernate: insert into question (answer, choice1, choice2, choice3, choice4, choice5, content, correct, create_date, filepath, modify_date, score, subject, teacher_id, time, view) values (?, ?, ?, ?, ?, ?, ?, ?, ?, ?, ?, ?, ?, ?, ?, ?)
make question 3133
Hibernate: insert into question (answer, choice1, choice2, choice3, choice4, choice5, content, correct, create_date, filepath, modify_date, score, subject, teacher_id, time, view) values (?, ?, ?, ?, ?, ?, ?, ?, ?, ?, ?, ?, ?, ?, ?, ?)
make question 3134
Hibernate: insert into question (answer, choice1, choice2, choice3, choice4, choice5, content, correct, create_date, filepath, modify_date, score, subject, teacher_id, time, view) values (?, ?, ?, ?, ?, ?, ?, ?, ?, ?, ?, ?, ?, ?, ?, ?)
make question 3135
Hibernate: insert into question (answer, choice1, choice2, choice3, choice4, choice5, content, correct, create_date, filepath, modify_date, score, subject, teacher_id, time, view) values (?, ?, ?, ?, ?, ?, ?, ?, ?, ?, ?, ?, ?, ?, ?, ?)
make question 3136
Hibernate: insert into question (answer, choice1, choice2, choice3, choice4, choice5, content, correct, create_date, filepath, modify_date, score, subject, teacher_id, time, view) values (?, ?, ?, ?, ?, ?, ?, ?, ?, ?, ?, ?, ?, ?, ?, ?)
make question 3137
Hibernate: insert into question (answer, choice1, choice2, choice3, choice4, choice5, content, correct, create_date, filepath, modify_date, score, subject, teacher_id, time, view) values (?, ?, ?, ?, ?, ?, ?, ?, ?, ?, ?, ?, ?, ?, ?, ?)
make question 3138
Hibernate: insert into question (answer, choice1, choice2, choice3, choice4, choice5, content, correct, create_date, filepath, modify_date, score, subject, teacher_id, time, view) values (?, ?, ?, ?, ?, ?, ?, ?, ?, ?, ?, ?, ?, ?, ?, ?)
make question 3139
Hibernate: insert into question (answer, choice1, choice2, choice3, choice4, choice5, content, correct, create_date, filepath, modify_date, score, subject, teacher_id, time, view) values (?, ?, ?, ?, ?, ?, ?, ?, ?, ?, ?, ?, ?, ?, ?, ?)
make question 3140
Hibernate: insert into question (answer, choice1, choice2, choice3, choice4, choice5, content, correct, create_date, filepath, modify_date, score, subject, teacher_id, time, view) values (?, ?, ?, ?, ?, ?, ?, ?, ?, ?, ?, ?, ?, ?, ?, ?)
make question 3141
Hibernate: insert into question (answer, choice1, choice2, choice3, choice4, choice5, content, correct, create_date, filepath, modify_date, score, subject, teacher_id, time, view) values (?, ?, ?, ?, ?, ?, ?, ?, ?, ?, ?, ?, ?, ?, ?, ?)
make question 3142
Hibernate: insert into question (answer, choice1, choice2, choice3, choice4, choice5, content, correct, create_date, filepath, modify_date, score, subject, teacher_id, time, view) values (?, ?, ?, ?, ?, ?, ?, ?, ?, ?, ?, ?, ?, ?, ?, ?)
make question 3143
Hibernate: insert into question (answer, choice1, choice2, choice3, choice4, choice5, content, correct, create_date, filepath, modify_date, score, subject, teacher_id, time, view) values (?, ?, ?, ?, ?, ?, ?, ?, ?, ?, ?, ?, ?, ?, ?, ?)
make question 3144
Hibernate: insert into question (answer, choice1, choice2, choice3, choice4, choice5, content, correct, create_date, filepath, modify_date, score, subject, teacher_id, time, view) values (?, ?, ?, ?, ?, ?, ?, ?, ?, ?, ?, ?, ?, ?, ?, ?)
make question 3145
Hibernate: insert into question (answer, choice1, choice2, choice3, choice4, choice5, content, correct, create_date, filepath, modify_date, score, subject, teacher_id, time, view) values (?, ?, ?, ?, ?, ?, ?, ?, ?, ?, ?, ?, ?, ?, ?, ?)
make question 3146
Hibernate: insert into question (answer, choice1, choice2, choice3, choice4, choice5, content, correct, create_date, filepath, modify_date, score, subject, teacher_id, time, view) values (?, ?, ?, ?, ?, ?, ?, ?, ?, ?, ?, ?, ?, ?, ?, ?)
make question 3147
Hibernate: insert into question (answer, choice1, choice2, choice3, choice4, choice5, content, correct, create_date, filepath, modify_date, score, subject, teacher_id, time, view) values (?, ?, ?, ?, ?, ?, ?, ?, ?, ?, ?, ?, ?, ?, ?, ?)
make question 3148
Hibernate: insert into question (answer, choice1, choice2, choice3, choice4, choice5, content, correct, create_date, filepath, modify_date, score, subject, teacher_id, time, view) values (?, ?, ?, ?, ?, ?, ?, ?, ?, ?, ?, ?, ?, ?, ?, ?)
make question 3149
Hibernate: insert into question (answer, choice1, choice2, choice3, choice4, choice5, content, correct, create_date, filepath, modify_date, score, subject, teacher_id, time, view) values (?, ?, ?, ?, ?, ?, ?, ?, ?, ?, ?, ?, ?, ?, ?, ?)
make question 3150
Hibernate: insert into question (answer, choice1, choice2, choice3, choice4, choice5, content, correct, create_date, filepath, modify_date, score, subject, teacher_id, time, view) values (?, ?, ?, ?, ?, ?, ?, ?, ?, ?, ?, ?, ?, ?, ?, ?)
make question 3151
Hibernate: insert into question (answer, choice1, choice2, choice3, choice4, choice5, content, correct, create_date, filepath, modify_date, score, subject, teacher_id, time, view) values (?, ?, ?, ?, ?, ?, ?, ?, ?, ?, ?, ?, ?, ?, ?, ?)
make question 3152
Hibernate: insert into question (answer, choice1, choice2, choice3, choice4, choice5, content, correct, create_date, filepath, modify_date, score, subject, teacher_id, time, view) values (?, ?, ?, ?, ?, ?, ?, ?, ?, ?, ?, ?, ?, ?, ?, ?)
make question 3153
Hibernate: insert into question (answer, choice1, choice2, choice3, choice4, choice5, content, correct, create_date, filepath, modify_date, score, subject, teacher_id, time, view) values (?, ?, ?, ?, ?, ?, ?, ?, ?, ?, ?, ?, ?, ?, ?, ?)
make question 3154
Hibernate: insert into question (answer, choice1, choice2, choice3, choice4, choice5, content, correct, create_date, filepath, modify_date, score, subject, teacher_id, time, view) values (?, ?, ?, ?, ?, ?, ?, ?, ?, ?, ?, ?, ?, ?, ?, ?)
make question 3155
Hibernate: insert into question (answer, choice1, choice2, choice3, choice4, choice5, content, correct, create_date, filepath, modify_date, score, subject, teacher_id, time, view) values (?, ?, ?, ?, ?, ?, ?, ?, ?, ?, ?, ?, ?, ?, ?, ?)
make question 3156
Hibernate: insert into question (answer, choice1, choice2, choice3, choice4, choice5, content, correct, create_date, filepath, modify_date, score, subject, teacher_id, time, view) values (?, ?, ?, ?, ?, ?, ?, ?, ?, ?, ?, ?, ?, ?, ?, ?)
make question 3157
Hibernate: insert into question (answer, choice1, choice2, choice3, choice4, choice5, content, correct, create_date, filepath, modify_date, score, subject, teacher_id, time, view) values (?, ?, ?, ?, ?, ?, ?, ?, ?, ?, ?, ?, ?, ?, ?, ?)
make question 3158
Hibernate: insert into question (answer, choice1, choice2, choice3, choice4, choice5, content, correct, create_date, filepath, modify_date, score, subject, teacher_id, time, view) values (?, ?, ?, ?, ?, ?, ?, ?, ?, ?, ?, ?, ?, ?, ?, ?)
make question 3159
Hibernate: insert into question (answer, choice1, choice2, choice3, choice4, choice5, content, correct, create_date, filepath, modify_date, score, subject, teacher_id, time, view) values (?, ?, ?, ?, ?, ?, ?, ?, ?, ?, ?, ?, ?, ?, ?, ?)
make question 3160
Hibernate: insert into question (answer, choice1, choice2, choice3, choice4, choice5, content, correct, create_date, filepath, modify_date, score, subject, teacher_id, time, view) values (?, ?, ?, ?, ?, ?, ?, ?, ?, ?, ?, ?, ?, ?, ?, ?)
make question 3161
Hibernate: insert into question (answer, choice1, choice2, choice3, choice4, choice5, content, correct, create_date, filepath, modify_date, score, subject, teacher_id, time, view) values (?, ?, ?, ?, ?, ?, ?, ?, ?, ?, ?, ?, ?, ?, ?, ?)
make question 3162
Hibernate: insert into question (answer, choice1, choice2, choice3, choice4, choice5, content, correct, create_date, filepath, modify_date, score, subject, teacher_id, time, view) values (?, ?, ?, ?, ?, ?, ?, ?, ?, ?, ?, ?, ?, ?, ?, ?)
make question 3163
Hibernate: insert into question (answer, choice1, choice2, choice3, choice4, choice5, content, correct, create_date, filepath, modify_date, score, subject, teacher_id, time, view) values (?, ?, ?, ?, ?, ?, ?, ?, ?, ?, ?, ?, ?, ?, ?, ?)
make question 3164
Hibernate: insert into question (answer, choice1, choice2, choice3, choice4, choice5, content, correct, create_date, filepath, modify_date, score, subject, teacher_id, time, view) values (?, ?, ?, ?, ?, ?, ?, ?, ?, ?, ?, ?, ?, ?, ?, ?)
make question 3165
Hibernate: insert into question (answer, choice1, choice2, choice3, choice4, choice5, content, correct, create_date, filepath, modify_date, score, subject, teacher_id, time, view) values (?, ?, ?, ?, ?, ?, ?, ?, ?, ?, ?, ?, ?, ?, ?, ?)
make question 3166
Hibernate: insert into question (answer, choice1, choice2, choice3, choice4, choice5, content, correct, create_date, filepath, modify_date, score, subject, teacher_id, time, view) values (?, ?, ?, ?, ?, ?, ?, ?, ?, ?, ?, ?, ?, ?, ?, ?)
make question 3167
Hibernate: insert into question (answer, choice1, choice2, choice3, choice4, choice5, content, correct, create_date, filepath, modify_date, score, subject, teacher_id, time, view) values (?, ?, ?, ?, ?, ?, ?, ?, ?, ?, ?, ?, ?, ?, ?, ?)
make question 3168
Hibernate: insert into question (answer, choice1, choice2, choice3, choice4, choice5, content, correct, create_date, filepath, modify_date, score, subject, teacher_id, time, view) values (?, ?, ?, ?, ?, ?, ?, ?, ?, ?, ?, ?, ?, ?, ?, ?)
make question 3169
Hibernate: insert into question (answer, choice1, choice2, choice3, choice4, choice5, content, correct, create_date, filepath, modify_date, score, subject, teacher_id, time, view) values (?, ?, ?, ?, ?, ?, ?, ?, ?, ?, ?, ?, ?, ?, ?, ?)
make question 3170
Hibernate: insert into question (answer, choice1, choice2, choice3, choice4, choice5, content, correct, create_date, filepath, modify_date, score, subject, teacher_id, time, view) values (?, ?, ?, ?, ?, ?, ?, ?, ?, ?, ?, ?, ?, ?, ?, ?)
make question 3171
Hibernate: insert into question (answer, choice1, choice2, choice3, choice4, choice5, content, correct, create_date, filepath, modify_date, score, subject, teacher_id, time, view) values (?, ?, ?, ?, ?, ?, ?, ?, ?, ?, ?, ?, ?, ?, ?, ?)
make question 3172
Hibernate: insert into question (answer, choice1, choice2, choice3, choice4, choice5, content, correct, create_date, filepath, modify_date, score, subject, teacher_id, time, view) values (?, ?, ?, ?, ?, ?, ?, ?, ?, ?, ?, ?, ?, ?, ?, ?)
make question 3173
Hibernate: insert into question (answer, choice1, choice2, choice3, choice4, choice5, content, correct, create_date, filepath, modify_date, score, subject, teacher_id, time, view) values (?, ?, ?, ?, ?, ?, ?, ?, ?, ?, ?, ?, ?, ?, ?, ?)
make question 3174
Hibernate: insert into question (answer, choice1, choice2, choice3, choice4, choice5, content, correct, create_date, filepath, modify_date, score, subject, teacher_id, time, view) values (?, ?, ?, ?, ?, ?, ?, ?, ?, ?, ?, ?, ?, ?, ?, ?)
make question 3175
Hibernate: insert into question (answer, choice1, choice2, choice3, choice4, choice5, content, correct, create_date, filepath, modify_date, score, subject, teacher_id, time, view) values (?, ?, ?, ?, ?, ?, ?, ?, ?, ?, ?, ?, ?, ?, ?, ?)
make question 3176
Hibernate: insert into question (answer, choice1, choice2, choice3, choice4, choice5, content, correct, create_date, filepath, modify_date, score, subject, teacher_id, time, view) values (?, ?, ?, ?, ?, ?, ?, ?, ?, ?, ?, ?, ?, ?, ?, ?)
make question 3177
Hibernate: insert into question (answer, choice1, choice2, choice3, choice4, choice5, content, correct, create_date, filepath, modify_date, score, subject, teacher_id, time, view) values (?, ?, ?, ?, ?, ?, ?, ?, ?, ?, ?, ?, ?, ?, ?, ?)
make question 3178
Hibernate: insert into question (answer, choice1, choice2, choice3, choice4, choice5, content, correct, create_date, filepath, modify_date, score, subject, teacher_id, time, view) values (?, ?, ?, ?, ?, ?, ?, ?, ?, ?, ?, ?, ?, ?, ?, ?)
make question 3179
Hibernate: insert into question (answer, choice1, choice2, choice3, choice4, choice5, content, correct, create_date, filepath, modify_date, score, subject, teacher_id, time, view) values (?, ?, ?, ?, ?, ?, ?, ?, ?, ?, ?, ?, ?, ?, ?, ?)
make question 3180
Hibernate: insert into question (answer, choice1, choice2, choice3, choice4, choice5, content, correct, create_date, filepath, modify_date, score, subject, teacher_id, time, view) values (?, ?, ?, ?, ?, ?, ?, ?, ?, ?, ?, ?, ?, ?, ?, ?)
make question 3181
Hibernate: insert into question (answer, choice1, choice2, choice3, choice4, choice5, content, correct, create_date, filepath, modify_date, score, subject, teacher_id, time, view) values (?, ?, ?, ?, ?, ?, ?, ?, ?, ?, ?, ?, ?, ?, ?, ?)
make question 3182
Hibernate: insert into question (answer, choice1, choice2, choice3, choice4, choice5, content, correct, create_date, filepath, modify_date, score, subject, teacher_id, time, view) values (?, ?, ?, ?, ?, ?, ?, ?, ?, ?, ?, ?, ?, ?, ?, ?)
make question 3183
Hibernate: insert into question (answer, choice1, choice2, choice3, choice4, choice5, content, correct, create_date, filepath, modify_date, score, subject, teacher_id, time, view) values (?, ?, ?, ?, ?, ?, ?, ?, ?, ?, ?, ?, ?, ?, ?, ?)
make question 3184
Hibernate: insert into question (answer, choice1, choice2, choice3, choice4, choice5, content, correct, create_date, filepath, modify_date, score, subject, teacher_id, time, view) values (?, ?, ?, ?, ?, ?, ?, ?, ?, ?, ?, ?, ?, ?, ?, ?)
make question 3185
Hibernate: insert into question (answer, choice1, choice2, choice3, choice4, choice5, content, correct, create_date, filepath, modify_date, score, subject, teacher_id, time, view) values (?, ?, ?, ?, ?, ?, ?, ?, ?, ?, ?, ?, ?, ?, ?, ?)
make question 3186
Hibernate: insert into question (answer, choice1, choice2, choice3, choice4, choice5, content, correct, create_date, filepath, modify_date, score, subject, teacher_id, time, view) values (?, ?, ?, ?, ?, ?, ?, ?, ?, ?, ?, ?, ?, ?, ?, ?)
make question 3187
Hibernate: insert into question (answer, choice1, choice2, choice3, choice4, choice5, content, correct, create_date, filepath, modify_date, score, subject, teacher_id, time, view) values (?, ?, ?, ?, ?, ?, ?, ?, ?, ?, ?, ?, ?, ?, ?, ?)
make question 3188
Hibernate: insert into question (answer, choice1, choice2, choice3, choice4, choice5, content, correct, create_date, filepath, modify_date, score, subject, teacher_id, time, view) values (?, ?, ?, ?, ?, ?, ?, ?, ?, ?, ?, ?, ?, ?, ?, ?)
make question 3189
Hibernate: insert into question (answer, choice1, choice2, choice3, choice4, choice5, content, correct, create_date, filepath, modify_date, score, subject, teacher_id, time, view) values (?, ?, ?, ?, ?, ?, ?, ?, ?, ?, ?, ?, ?, ?, ?, ?)
make question 3190
Hibernate: insert into question (answer, choice1, choice2, choice3, choice4, choice5, content, correct, create_date, filepath, modify_date, score, subject, teacher_id, time, view) values (?, ?, ?, ?, ?, ?, ?, ?, ?, ?, ?, ?, ?, ?, ?, ?)
make question 3191
Hibernate: insert into question (answer, choice1, choice2, choice3, choice4, choice5, content, correct, create_date, filepath, modify_date, score, subject, teacher_id, time, view) values (?, ?, ?, ?, ?, ?, ?, ?, ?, ?, ?, ?, ?, ?, ?, ?)
make question 3192
Hibernate: insert into question (answer, choice1, choice2, choice3, choice4, choice5, content, correct, create_date, filepath, modify_date, score, subject, teacher_id, time, view) values (?, ?, ?, ?, ?, ?, ?, ?, ?, ?, ?, ?, ?, ?, ?, ?)
make question 3193
Hibernate: insert into question (answer, choice1, choice2, choice3, choice4, choice5, content, correct, create_date, filepath, modify_date, score, subject, teacher_id, time, view) values (?, ?, ?, ?, ?, ?, ?, ?, ?, ?, ?, ?, ?, ?, ?, ?)
make question 3194
Hibernate: insert into question (answer, choice1, choice2, choice3, choice4, choice5, content, correct, create_date, filepath, modify_date, score, subject, teacher_id, time, view) values (?, ?, ?, ?, ?, ?, ?, ?, ?, ?, ?, ?, ?, ?, ?, ?)
make question 3195
Hibernate: insert into question (answer, choice1, choice2, choice3, choice4, choice5, content, correct, create_date, filepath, modify_date, score, subject, teacher_id, time, view) values (?, ?, ?, ?, ?, ?, ?, ?, ?, ?, ?, ?, ?, ?, ?, ?)
make question 3196
Hibernate: insert into question (answer, choice1, choice2, choice3, choice4, choice5, content, correct, create_date, filepath, modify_date, score, subject, teacher_id, time, view) values (?, ?, ?, ?, ?, ?, ?, ?, ?, ?, ?, ?, ?, ?, ?, ?)
make question 3197
Hibernate: insert into question (answer, choice1, choice2, choice3, choice4, choice5, content, correct, create_date, filepath, modify_date, score, subject, teacher_id, time, view) values (?, ?, ?, ?, ?, ?, ?, ?, ?, ?, ?, ?, ?, ?, ?, ?)
make question 3198
Hibernate: insert into question (answer, choice1, choice2, choice3, choice4, choice5, content, correct, create_date, filepath, modify_date, score, subject, teacher_id, time, view) values (?, ?, ?, ?, ?, ?, ?, ?, ?, ?, ?, ?, ?, ?, ?, ?)
make question 3199
Hibernate: insert into question (answer, choice1, choice2, choice3, choice4, choice5, content, correct, create_date, filepath, modify_date, score, subject, teacher_id, time, view) values (?, ?, ?, ?, ?, ?, ?, ?, ?, ?, ?, ?, ?, ?, ?, ?)
make question 3200
Hibernate: insert into question (answer, choice1, choice2, choice3, choice4, choice5, content, correct, create_date, filepath, modify_date, score, subject, teacher_id, time, view) values (?, ?, ?, ?, ?, ?, ?, ?, ?, ?, ?, ?, ?, ?, ?, ?)
make question 3201
Hibernate: insert into question (answer, choice1, choice2, choice3, choice4, choice5, content, correct, create_date, filepath, modify_date, score, subject, teacher_id, time, view) values (?, ?, ?, ?, ?, ?, ?, ?, ?, ?, ?, ?, ?, ?, ?, ?)
make question 3202
Hibernate: insert into question (answer, choice1, choice2, choice3, choice4, choice5, content, correct, create_date, filepath, modify_date, score, subject, teacher_id, time, view) values (?, ?, ?, ?, ?, ?, ?, ?, ?, ?, ?, ?, ?, ?, ?, ?)
make question 3203
Hibernate: insert into question (answer, choice1, choice2, choice3, choice4, choice5, content, correct, create_date, filepath, modify_date, score, subject, teacher_id, time, view) values (?, ?, ?, ?, ?, ?, ?, ?, ?, ?, ?, ?, ?, ?, ?, ?)
make question 3204
Hibernate: insert into question (answer, choice1, choice2, choice3, choice4, choice5, content, correct, create_date, filepath, modify_date, score, subject, teacher_id, time, view) values (?, ?, ?, ?, ?, ?, ?, ?, ?, ?, ?, ?, ?, ?, ?, ?)
make question 3205
Hibernate: insert into question (answer, choice1, choice2, choice3, choice4, choice5, content, correct, create_date, filepath, modify_date, score, subject, teacher_id, time, view) values (?, ?, ?, ?, ?, ?, ?, ?, ?, ?, ?, ?, ?, ?, ?, ?)
make question 3206
Hibernate: insert into question (answer, choice1, choice2, choice3, choice4, choice5, content, correct, create_date, filepath, modify_date, score, subject, teacher_id, time, view) values (?, ?, ?, ?, ?, ?, ?, ?, ?, ?, ?, ?, ?, ?, ?, ?)
make question 3207
Hibernate: insert into question (answer, choice1, choice2, choice3, choice4, choice5, content, correct, create_date, filepath, modify_date, score, subject, teacher_id, time, view) values (?, ?, ?, ?, ?, ?, ?, ?, ?, ?, ?, ?, ?, ?, ?, ?)
make question 3208
Hibernate: insert into question (answer, choice1, choice2, choice3, choice4, choice5, content, correct, create_date, filepath, modify_date, score, subject, teacher_id, time, view) values (?, ?, ?, ?, ?, ?, ?, ?, ?, ?, ?, ?, ?, ?, ?, ?)
make question 3209
Hibernate: insert into question (answer, choice1, choice2, choice3, choice4, choice5, content, correct, create_date, filepath, modify_date, score, subject, teacher_id, time, view) values (?, ?, ?, ?, ?, ?, ?, ?, ?, ?, ?, ?, ?, ?, ?, ?)
make question 3210
Hibernate: insert into question (answer, choice1, choice2, choice3, choice4, choice5, content, correct, create_date, filepath, modify_date, score, subject, teacher_id, time, view) values (?, ?, ?, ?, ?, ?, ?, ?, ?, ?, ?, ?, ?, ?, ?, ?)
make question 3211
Hibernate: insert into question (answer, choice1, choice2, choice3, choice4, choice5, content, correct, create_date, filepath, modify_date, score, subject, teacher_id, time, view) values (?, ?, ?, ?, ?, ?, ?, ?, ?, ?, ?, ?, ?, ?, ?, ?)
make question 3212
Hibernate: insert into question (answer, choice1, choice2, choice3, choice4, choice5, content, correct, create_date, filepath, modify_date, score, subject, teacher_id, time, view) values (?, ?, ?, ?, ?, ?, ?, ?, ?, ?, ?, ?, ?, ?, ?, ?)
make question 3213
Hibernate: insert into question (answer, choice1, choice2, choice3, choice4, choice5, content, correct, create_date, filepath, modify_date, score, subject, teacher_id, time, view) values (?, ?, ?, ?, ?, ?, ?, ?, ?, ?, ?, ?, ?, ?, ?, ?)
make question 3214
Hibernate: insert into question (answer, choice1, choice2, choice3, choice4, choice5, content, correct, create_date, filepath, modify_date, score, subject, teacher_id, time, view) values (?, ?, ?, ?, ?, ?, ?, ?, ?, ?, ?, ?, ?, ?, ?, ?)
make question 3215
Hibernate: insert into question (answer, choice1, choice2, choice3, choice4, choice5, content, correct, create_date, filepath, modify_date, score, subject, teacher_id, time, view) values (?, ?, ?, ?, ?, ?, ?, ?, ?, ?, ?, ?, ?, ?, ?, ?)
make question 3216
Hibernate: insert into question (answer, choice1, choice2, choice3, choice4, choice5, content, correct, create_date, filepath, modify_date, score, subject, teacher_id, time, view) values (?, ?, ?, ?, ?, ?, ?, ?, ?, ?, ?, ?, ?, ?, ?, ?)
make question 3217
Hibernate: insert into question (answer, choice1, choice2, choice3, choice4, choice5, content, correct, create_date, filepath, modify_date, score, subject, teacher_id, time, view) values (?, ?, ?, ?, ?, ?, ?, ?, ?, ?, ?, ?, ?, ?, ?, ?)
make question 3218
Hibernate: insert into question (answer, choice1, choice2, choice3, choice4, choice5, content, correct, create_date, filepath, modify_date, score, subject, teacher_id, time, view) values (?, ?, ?, ?, ?, ?, ?, ?, ?, ?, ?, ?, ?, ?, ?, ?)
make question 3219
Hibernate: insert into question (answer, choice1, choice2, choice3, choice4, choice5, content, correct, create_date, filepath, modify_date, score, subject, teacher_id, time, view) values (?, ?, ?, ?, ?, ?, ?, ?, ?, ?, ?, ?, ?, ?, ?, ?)
make question 3220
Hibernate: insert into question (answer, choice1, choice2, choice3, choice4, choice5, content, correct, create_date, filepath, modify_date, score, subject, teacher_id, time, view) values (?, ?, ?, ?, ?, ?, ?, ?, ?, ?, ?, ?, ?, ?, ?, ?)
make question 3221
Hibernate: insert into question (answer, choice1, choice2, choice3, choice4, choice5, content, correct, create_date, filepath, modify_date, score, subject, teacher_id, time, view) values (?, ?, ?, ?, ?, ?, ?, ?, ?, ?, ?, ?, ?, ?, ?, ?)
make question 3222
Hibernate: insert into question (answer, choice1, choice2, choice3, choice4, choice5, content, correct, create_date, filepath, modify_date, score, subject, teacher_id, time, view) values (?, ?, ?, ?, ?, ?, ?, ?, ?, ?, ?, ?, ?, ?, ?, ?)
make question 3223
Hibernate: insert into question (answer, choice1, choice2, choice3, choice4, choice5, content, correct, create_date, filepath, modify_date, score, subject, teacher_id, time, view) values (?, ?, ?, ?, ?, ?, ?, ?, ?, ?, ?, ?, ?, ?, ?, ?)
make question 3224
Hibernate: insert into question (answer, choice1, choice2, choice3, choice4, choice5, content, correct, create_date, filepath, modify_date, score, subject, teacher_id, time, view) values (?, ?, ?, ?, ?, ?, ?, ?, ?, ?, ?, ?, ?, ?, ?, ?)
make question 3225
Hibernate: insert into question (answer, choice1, choice2, choice3, choice4, choice5, content, correct, create_date, filepath, modify_date, score, subject, teacher_id, time, view) values (?, ?, ?, ?, ?, ?, ?, ?, ?, ?, ?, ?, ?, ?, ?, ?)
make question 3226
Hibernate: insert into question (answer, choice1, choice2, choice3, choice4, choice5, content, correct, create_date, filepath, modify_date, score, subject, teacher_id, time, view) values (?, ?, ?, ?, ?, ?, ?, ?, ?, ?, ?, ?, ?, ?, ?, ?)
make question 3227
Hibernate: insert into question (answer, choice1, choice2, choice3, choice4, choice5, content, correct, create_date, filepath, modify_date, score, subject, teacher_id, time, view) values (?, ?, ?, ?, ?, ?, ?, ?, ?, ?, ?, ?, ?, ?, ?, ?)
make question 3228
Hibernate: insert into question (answer, choice1, choice2, choice3, choice4, choice5, content, correct, create_date, filepath, modify_date, score, subject, teacher_id, time, view) values (?, ?, ?, ?, ?, ?, ?, ?, ?, ?, ?, ?, ?, ?, ?, ?)
make question 3229
Hibernate: insert into question (answer, choice1, choice2, choice3, choice4, choice5, content, correct, create_date, filepath, modify_date, score, subject, teacher_id, time, view) values (?, ?, ?, ?, ?, ?, ?, ?, ?, ?, ?, ?, ?, ?, ?, ?)
make question 3230
Hibernate: insert into question (answer, choice1, choice2, choice3, choice4, choice5, content, correct, create_date, filepath, modify_date, score, subject, teacher_id, time, view) values (?, ?, ?, ?, ?, ?, ?, ?, ?, ?, ?, ?, ?, ?, ?, ?)
make question 3231
Hibernate: insert into question (answer, choice1, choice2, choice3, choice4, choice5, content, correct, create_date, filepath, modify_date, score, subject, teacher_id, time, view) values (?, ?, ?, ?, ?, ?, ?, ?, ?, ?, ?, ?, ?, ?, ?, ?)
make question 3232
Hibernate: insert into question (answer, choice1, choice2, choice3, choice4, choice5, content, correct, create_date, filepath, modify_date, score, subject, teacher_id, time, view) values (?, ?, ?, ?, ?, ?, ?, ?, ?, ?, ?, ?, ?, ?, ?, ?)
make question 3233
Hibernate: insert into question (answer, choice1, choice2, choice3, choice4, choice5, content, correct, create_date, filepath, modify_date, score, subject, teacher_id, time, view) values (?, ?, ?, ?, ?, ?, ?, ?, ?, ?, ?, ?, ?, ?, ?, ?)
make question 3234
Hibernate: insert into question (answer, choice1, choice2, choice3, choice4, choice5, content, correct, create_date, filepath, modify_date, score, subject, teacher_id, time, view) values (?, ?, ?, ?, ?, ?, ?, ?, ?, ?, ?, ?, ?, ?, ?, ?)
make question 3235
Hibernate: insert into question (answer, choice1, choice2, choice3, choice4, choice5, content, correct, create_date, filepath, modify_date, score, subject, teacher_id, time, view) values (?, ?, ?, ?, ?, ?, ?, ?, ?, ?, ?, ?, ?, ?, ?, ?)
make question 3236
Hibernate: insert into question (answer, choice1, choice2, choice3, choice4, choice5, content, correct, create_date, filepath, modify_date, score, subject, teacher_id, time, view) values (?, ?, ?, ?, ?, ?, ?, ?, ?, ?, ?, ?, ?, ?, ?, ?)
make question 3237
Hibernate: insert into question (answer, choice1, choice2, choice3, choice4, choice5, content, correct, create_date, filepath, modify_date, score, subject, teacher_id, time, view) values (?, ?, ?, ?, ?, ?, ?, ?, ?, ?, ?, ?, ?, ?, ?, ?)
make question 3238
Hibernate: insert into question (answer, choice1, choice2, choice3, choice4, choice5, content, correct, create_date, filepath, modify_date, score, subject, teacher_id, time, view) values (?, ?, ?, ?, ?, ?, ?, ?, ?, ?, ?, ?, ?, ?, ?, ?)
make question 3239
Hibernate: insert into question (answer, choice1, choice2, choice3, choice4, choice5, content, correct, create_date, filepath, modify_date, score, subject, teacher_id, time, view) values (?, ?, ?, ?, ?, ?, ?, ?, ?, ?, ?, ?, ?, ?, ?, ?)
make question 3240
Hibernate: insert into question (answer, choice1, choice2, choice3, choice4, choice5, content, correct, create_date, filepath, modify_date, score, subject, teacher_id, time, view) values (?, ?, ?, ?, ?, ?, ?, ?, ?, ?, ?, ?, ?, ?, ?, ?)
make question 3241
Hibernate: insert into question (answer, choice1, choice2, choice3, choice4, choice5, content, correct, create_date, filepath, modify_date, score, subject, teacher_id, time, view) values (?, ?, ?, ?, ?, ?, ?, ?, ?, ?, ?, ?, ?, ?, ?, ?)
make question 3242
Hibernate: insert into question (answer, choice1, choice2, choice3, choice4, choice5, content, correct, create_date, filepath, modify_date, score, subject, teacher_id, time, view) values (?, ?, ?, ?, ?, ?, ?, ?, ?, ?, ?, ?, ?, ?, ?, ?)
make question 3243
Hibernate: insert into question (answer, choice1, choice2, choice3, choice4, choice5, content, correct, create_date, filepath, modify_date, score, subject, teacher_id, time, view) values (?, ?, ?, ?, ?, ?, ?, ?, ?, ?, ?, ?, ?, ?, ?, ?)
make question 3244
Hibernate: insert into question (answer, choice1, choice2, choice3, choice4, choice5, content, correct, create_date, filepath, modify_date, score, subject, teacher_id, time, view) values (?, ?, ?, ?, ?, ?, ?, ?, ?, ?, ?, ?, ?, ?, ?, ?)
make question 3245
Hibernate: insert into question (answer, choice1, choice2, choice3, choice4, choice5, content, correct, create_date, filepath, modify_date, score, subject, teacher_id, time, view) values (?, ?, ?, ?, ?, ?, ?, ?, ?, ?, ?, ?, ?, ?, ?, ?)
make question 3246
Hibernate: insert into question (answer, choice1, choice2, choice3, choice4, choice5, content, correct, create_date, filepath, modify_date, score, subject, teacher_id, time, view) values (?, ?, ?, ?, ?, ?, ?, ?, ?, ?, ?, ?, ?, ?, ?, ?)
make question 3247
Hibernate: insert into question (answer, choice1, choice2, choice3, choice4, choice5, content, correct, create_date, filepath, modify_date, score, subject, teacher_id, time, view) values (?, ?, ?, ?, ?, ?, ?, ?, ?, ?, ?, ?, ?, ?, ?, ?)
make question 3248
Hibernate: insert into question (answer, choice1, choice2, choice3, choice4, choice5, content, correct, create_date, filepath, modify_date, score, subject, teacher_id, time, view) values (?, ?, ?, ?, ?, ?, ?, ?, ?, ?, ?, ?, ?, ?, ?, ?)
make question 3249
Hibernate: insert into question (answer, choice1, choice2, choice3, choice4, choice5, content, correct, create_date, filepath, modify_date, score, subject, teacher_id, time, view) values (?, ?, ?, ?, ?, ?, ?, ?, ?, ?, ?, ?, ?, ?, ?, ?)
make question 3250
Hibernate: insert into question (answer, choice1, choice2, choice3, choice4, choice5, content, correct, create_date, filepath, modify_date, score, subject, teacher_id, time, view) values (?, ?, ?, ?, ?, ?, ?, ?, ?, ?, ?, ?, ?, ?, ?, ?)
make question 3251
Hibernate: insert into question (answer, choice1, choice2, choice3, choice4, choice5, content, correct, create_date, filepath, modify_date, score, subject, teacher_id, time, view) values (?, ?, ?, ?, ?, ?, ?, ?, ?, ?, ?, ?, ?, ?, ?, ?)
make question 3252
Hibernate: insert into question (answer, choice1, choice2, choice3, choice4, choice5, content, correct, create_date, filepath, modify_date, score, subject, teacher_id, time, view) values (?, ?, ?, ?, ?, ?, ?, ?, ?, ?, ?, ?, ?, ?, ?, ?)
make question 3253
Hibernate: insert into question (answer, choice1, choice2, choice3, choice4, choice5, content, correct, create_date, filepath, modify_date, score, subject, teacher_id, time, view) values (?, ?, ?, ?, ?, ?, ?, ?, ?, ?, ?, ?, ?, ?, ?, ?)
make question 3254
Hibernate: insert into question (answer, choice1, choice2, choice3, choice4, choice5, content, correct, create_date, filepath, modify_date, score, subject, teacher_id, time, view) values (?, ?, ?, ?, ?, ?, ?, ?, ?, ?, ?, ?, ?, ?, ?, ?)
make question 3255
Hibernate: insert into question (answer, choice1, choice2, choice3, choice4, choice5, content, correct, create_date, filepath, modify_date, score, subject, teacher_id, time, view) values (?, ?, ?, ?, ?, ?, ?, ?, ?, ?, ?, ?, ?, ?, ?, ?)
make question 3256
Hibernate: insert into question (answer, choice1, choice2, choice3, choice4, choice5, content, correct, create_date, filepath, modify_date, score, subject, teacher_id, time, view) values (?, ?, ?, ?, ?, ?, ?, ?, ?, ?, ?, ?, ?, ?, ?, ?)
make question 3257
Hibernate: insert into question (answer, choice1, choice2, choice3, choice4, choice5, content, correct, create_date, filepath, modify_date, score, subject, teacher_id, time, view) values (?, ?, ?, ?, ?, ?, ?, ?, ?, ?, ?, ?, ?, ?, ?, ?)
make question 3258
Hibernate: insert into question (answer, choice1, choice2, choice3, choice4, choice5, content, correct, create_date, filepath, modify_date, score, subject, teacher_id, time, view) values (?, ?, ?, ?, ?, ?, ?, ?, ?, ?, ?, ?, ?, ?, ?, ?)
make question 3259
Hibernate: insert into question (answer, choice1, choice2, choice3, choice4, choice5, content, correct, create_date, filepath, modify_date, score, subject, teacher_id, time, view) values (?, ?, ?, ?, ?, ?, ?, ?, ?, ?, ?, ?, ?, ?, ?, ?)
make question 3260
Hibernate: insert into question (answer, choice1, choice2, choice3, choice4, choice5, content, correct, create_date, filepath, modify_date, score, subject, teacher_id, time, view) values (?, ?, ?, ?, ?, ?, ?, ?, ?, ?, ?, ?, ?, ?, ?, ?)
make question 3261
Hibernate: insert into question (answer, choice1, choice2, choice3, choice4, choice5, content, correct, create_date, filepath, modify_date, score, subject, teacher_id, time, view) values (?, ?, ?, ?, ?, ?, ?, ?, ?, ?, ?, ?, ?, ?, ?, ?)
make question 3262
Hibernate: insert into question (answer, choice1, choice2, choice3, choice4, choice5, content, correct, create_date, filepath, modify_date, score, subject, teacher_id, time, view) values (?, ?, ?, ?, ?, ?, ?, ?, ?, ?, ?, ?, ?, ?, ?, ?)
make question 3263
Hibernate: insert into question (answer, choice1, choice2, choice3, choice4, choice5, content, correct, create_date, filepath, modify_date, score, subject, teacher_id, time, view) values (?, ?, ?, ?, ?, ?, ?, ?, ?, ?, ?, ?, ?, ?, ?, ?)
make question 3264
Hibernate: insert into question (answer, choice1, choice2, choice3, choice4, choice5, content, correct, create_date, filepath, modify_date, score, subject, teacher_id, time, view) values (?, ?, ?, ?, ?, ?, ?, ?, ?, ?, ?, ?, ?, ?, ?, ?)
make question 3265
Hibernate: insert into question (answer, choice1, choice2, choice3, choice4, choice5, content, correct, create_date, filepath, modify_date, score, subject, teacher_id, time, view) values (?, ?, ?, ?, ?, ?, ?, ?, ?, ?, ?, ?, ?, ?, ?, ?)
make question 3266
Hibernate: insert into question (answer, choice1, choice2, choice3, choice4, choice5, content, correct, create_date, filepath, modify_date, score, subject, teacher_id, time, view) values (?, ?, ?, ?, ?, ?, ?, ?, ?, ?, ?, ?, ?, ?, ?, ?)
make question 3267
Hibernate: insert into question (answer, choice1, choice2, choice3, choice4, choice5, content, correct, create_date, filepath, modify_date, score, subject, teacher_id, time, view) values (?, ?, ?, ?, ?, ?, ?, ?, ?, ?, ?, ?, ?, ?, ?, ?)
make question 3268
Hibernate: insert into question (answer, choice1, choice2, choice3, choice4, choice5, content, correct, create_date, filepath, modify_date, score, subject, teacher_id, time, view) values (?, ?, ?, ?, ?, ?, ?, ?, ?, ?, ?, ?, ?, ?, ?, ?)
make question 3269
Hibernate: insert into question (answer, choice1, choice2, choice3, choice4, choice5, content, correct, create_date, filepath, modify_date, score, subject, teacher_id, time, view) values (?, ?, ?, ?, ?, ?, ?, ?, ?, ?, ?, ?, ?, ?, ?, ?)
make question 3270
Hibernate: insert into question (answer, choice1, choice2, choice3, choice4, choice5, content, correct, create_date, filepath, modify_date, score, subject, teacher_id, time, view) values (?, ?, ?, ?, ?, ?, ?, ?, ?, ?, ?, ?, ?, ?, ?, ?)
make question 3271
Hibernate: insert into question (answer, choice1, choice2, choice3, choice4, choice5, content, correct, create_date, filepath, modify_date, score, subject, teacher_id, time, view) values (?, ?, ?, ?, ?, ?, ?, ?, ?, ?, ?, ?, ?, ?, ?, ?)
make question 3272
Hibernate: insert into question (answer, choice1, choice2, choice3, choice4, choice5, content, correct, create_date, filepath, modify_date, score, subject, teacher_id, time, view) values (?, ?, ?, ?, ?, ?, ?, ?, ?, ?, ?, ?, ?, ?, ?, ?)
make question 3273
Hibernate: insert into question (answer, choice1, choice2, choice3, choice4, choice5, content, correct, create_date, filepath, modify_date, score, subject, teacher_id, time, view) values (?, ?, ?, ?, ?, ?, ?, ?, ?, ?, ?, ?, ?, ?, ?, ?)
make question 3274
Hibernate: insert into question (answer, choice1, choice2, choice3, choice4, choice5, content, correct, create_date, filepath, modify_date, score, subject, teacher_id, time, view) values (?, ?, ?, ?, ?, ?, ?, ?, ?, ?, ?, ?, ?, ?, ?, ?)
make question 3275
Hibernate: insert into question (answer, choice1, choice2, choice3, choice4, choice5, content, correct, create_date, filepath, modify_date, score, subject, teacher_id, time, view) values (?, ?, ?, ?, ?, ?, ?, ?, ?, ?, ?, ?, ?, ?, ?, ?)
make question 3276
Hibernate: insert into question (answer, choice1, choice2, choice3, choice4, choice5, content, correct, create_date, filepath, modify_date, score, subject, teacher_id, time, view) values (?, ?, ?, ?, ?, ?, ?, ?, ?, ?, ?, ?, ?, ?, ?, ?)
make question 3277
Hibernate: insert into question (answer, choice1, choice2, choice3, choice4, choice5, content, correct, create_date, filepath, modify_date, score, subject, teacher_id, time, view) values (?, ?, ?, ?, ?, ?, ?, ?, ?, ?, ?, ?, ?, ?, ?, ?)
make question 3278
Hibernate: insert into question (answer, choice1, choice2, choice3, choice4, choice5, content, correct, create_date, filepath, modify_date, score, subject, teacher_id, time, view) values (?, ?, ?, ?, ?, ?, ?, ?, ?, ?, ?, ?, ?, ?, ?, ?)
make question 3279
Hibernate: insert into question (answer, choice1, choice2, choice3, choice4, choice5, content, correct, create_date, filepath, modify_date, score, subject, teacher_id, time, view) values (?, ?, ?, ?, ?, ?, ?, ?, ?, ?, ?, ?, ?, ?, ?, ?)
make question 3280
Hibernate: insert into question (answer, choice1, choice2, choice3, choice4, choice5, content, correct, create_date, filepath, modify_date, score, subject, teacher_id, time, view) values (?, ?, ?, ?, ?, ?, ?, ?, ?, ?, ?, ?, ?, ?, ?, ?)
make question 3281
Hibernate: insert into question (answer, choice1, choice2, choice3, choice4, choice5, content, correct, create_date, filepath, modify_date, score, subject, teacher_id, time, view) values (?, ?, ?, ?, ?, ?, ?, ?, ?, ?, ?, ?, ?, ?, ?, ?)
make question 3282
Hibernate: insert into question (answer, choice1, choice2, choice3, choice4, choice5, content, correct, create_date, filepath, modify_date, score, subject, teacher_id, time, view) values (?, ?, ?, ?, ?, ?, ?, ?, ?, ?, ?, ?, ?, ?, ?, ?)
make question 3283
Hibernate: insert into question (answer, choice1, choice2, choice3, choice4, choice5, content, correct, create_date, filepath, modify_date, score, subject, teacher_id, time, view) values (?, ?, ?, ?, ?, ?, ?, ?, ?, ?, ?, ?, ?, ?, ?, ?)
make question 3284
Hibernate: insert into question (answer, choice1, choice2, choice3, choice4, choice5, content, correct, create_date, filepath, modify_date, score, subject, teacher_id, time, view) values (?, ?, ?, ?, ?, ?, ?, ?, ?, ?, ?, ?, ?, ?, ?, ?)
make question 3285
Hibernate: insert into question (answer, choice1, choice2, choice3, choice4, choice5, content, correct, create_date, filepath, modify_date, score, subject, teacher_id, time, view) values (?, ?, ?, ?, ?, ?, ?, ?, ?, ?, ?, ?, ?, ?, ?, ?)
make question 3286
Hibernate: insert into question (answer, choice1, choice2, choice3, choice4, choice5, content, correct, create_date, filepath, modify_date, score, subject, teacher_id, time, view) values (?, ?, ?, ?, ?, ?, ?, ?, ?, ?, ?, ?, ?, ?, ?, ?)
make question 3287
Hibernate: insert into question (answer, choice1, choice2, choice3, choice4, choice5, content, correct, create_date, filepath, modify_date, score, subject, teacher_id, time, view) values (?, ?, ?, ?, ?, ?, ?, ?, ?, ?, ?, ?, ?, ?, ?, ?)
make question 3288
Hibernate: insert into question (answer, choice1, choice2, choice3, choice4, choice5, content, correct, create_date, filepath, modify_date, score, subject, teacher_id, time, view) values (?, ?, ?, ?, ?, ?, ?, ?, ?, ?, ?, ?, ?, ?, ?, ?)
make question 3289
Hibernate: insert into question (answer, choice1, choice2, choice3, choice4, choice5, content, correct, create_date, filepath, modify_date, score, subject, teacher_id, time, view) values (?, ?, ?, ?, ?, ?, ?, ?, ?, ?, ?, ?, ?, ?, ?, ?)
make question 3290
Hibernate: insert into question (answer, choice1, choice2, choice3, choice4, choice5, content, correct, create_date, filepath, modify_date, score, subject, teacher_id, time, view) values (?, ?, ?, ?, ?, ?, ?, ?, ?, ?, ?, ?, ?, ?, ?, ?)
make question 3291
Hibernate: insert into question (answer, choice1, choice2, choice3, choice4, choice5, content, correct, create_date, filepath, modify_date, score, subject, teacher_id, time, view) values (?, ?, ?, ?, ?, ?, ?, ?, ?, ?, ?, ?, ?, ?, ?, ?)
make question 3292
Hibernate: insert into question (answer, choice1, choice2, choice3, choice4, choice5, content, correct, create_date, filepath, modify_date, score, subject, teacher_id, time, view) values (?, ?, ?, ?, ?, ?, ?, ?, ?, ?, ?, ?, ?, ?, ?, ?)
make question 3293
Hibernate: insert into question (answer, choice1, choice2, choice3, choice4, choice5, content, correct, create_date, filepath, modify_date, score, subject, teacher_id, time, view) values (?, ?, ?, ?, ?, ?, ?, ?, ?, ?, ?, ?, ?, ?, ?, ?)
make question 3294
Hibernate: insert into question (answer, choice1, choice2, choice3, choice4, choice5, content, correct, create_date, filepath, modify_date, score, subject, teacher_id, time, view) values (?, ?, ?, ?, ?, ?, ?, ?, ?, ?, ?, ?, ?, ?, ?, ?)
make question 3295
Hibernate: insert into question (answer, choice1, choice2, choice3, choice4, choice5, content, correct, create_date, filepath, modify_date, score, subject, teacher_id, time, view) values (?, ?, ?, ?, ?, ?, ?, ?, ?, ?, ?, ?, ?, ?, ?, ?)
make question 3296
Hibernate: insert into question (answer, choice1, choice2, choice3, choice4, choice5, content, correct, create_date, filepath, modify_date, score, subject, teacher_id, time, view) values (?, ?, ?, ?, ?, ?, ?, ?, ?, ?, ?, ?, ?, ?, ?, ?)
make question 3297
Hibernate: insert into question (answer, choice1, choice2, choice3, choice4, choice5, content, correct, create_date, filepath, modify_date, score, subject, teacher_id, time, view) values (?, ?, ?, ?, ?, ?, ?, ?, ?, ?, ?, ?, ?, ?, ?, ?)
make question 3298
Hibernate: insert into question (answer, choice1, choice2, choice3, choice4, choice5, content, correct, create_date, filepath, modify_date, score, subject, teacher_id, time, view) values (?, ?, ?, ?, ?, ?, ?, ?, ?, ?, ?, ?, ?, ?, ?, ?)
make question 3299
Hibernate: insert into question (answer, choice1, choice2, choice3, choice4, choice5, content, correct, create_date, filepath, modify_date, score, subject, teacher_id, time, view) values (?, ?, ?, ?, ?, ?, ?, ?, ?, ?, ?, ?, ?, ?, ?, ?)
make question 3300
Hibernate: insert into question (answer, choice1, choice2, choice3, choice4, choice5, content, correct, create_date, filepath, modify_date, score, subject, teacher_id, time, view) values (?, ?, ?, ?, ?, ?, ?, ?, ?, ?, ?, ?, ?, ?, ?, ?)
make question 3301
Hibernate: insert into question (answer, choice1, choice2, choice3, choice4, choice5, content, correct, create_date, filepath, modify_date, score, subject, teacher_id, time, view) values (?, ?, ?, ?, ?, ?, ?, ?, ?, ?, ?, ?, ?, ?, ?, ?)
make question 3302
Hibernate: insert into question (answer, choice1, choice2, choice3, choice4, choice5, content, correct, create_date, filepath, modify_date, score, subject, teacher_id, time, view) values (?, ?, ?, ?, ?, ?, ?, ?, ?, ?, ?, ?, ?, ?, ?, ?)
make question 3303
Hibernate: insert into question (answer, choice1, choice2, choice3, choice4, choice5, content, correct, create_date, filepath, modify_date, score, subject, teacher_id, time, view) values (?, ?, ?, ?, ?, ?, ?, ?, ?, ?, ?, ?, ?, ?, ?, ?)
make question 3304
Hibernate: insert into question (answer, choice1, choice2, choice3, choice4, choice5, content, correct, create_date, filepath, modify_date, score, subject, teacher_id, time, view) values (?, ?, ?, ?, ?, ?, ?, ?, ?, ?, ?, ?, ?, ?, ?, ?)
make question 3305
Hibernate: insert into question (answer, choice1, choice2, choice3, choice4, choice5, content, correct, create_date, filepath, modify_date, score, subject, teacher_id, time, view) values (?, ?, ?, ?, ?, ?, ?, ?, ?, ?, ?, ?, ?, ?, ?, ?)
make question 3306
Hibernate: insert into question (answer, choice1, choice2, choice3, choice4, choice5, content, correct, create_date, filepath, modify_date, score, subject, teacher_id, time, view) values (?, ?, ?, ?, ?, ?, ?, ?, ?, ?, ?, ?, ?, ?, ?, ?)
make question 3307
Hibernate: insert into question (answer, choice1, choice2, choice3, choice4, choice5, content, correct, create_date, filepath, modify_date, score, subject, teacher_id, time, view) values (?, ?, ?, ?, ?, ?, ?, ?, ?, ?, ?, ?, ?, ?, ?, ?)
make question 3308
Hibernate: insert into question (answer, choice1, choice2, choice3, choice4, choice5, content, correct, create_date, filepath, modify_date, score, subject, teacher_id, time, view) values (?, ?, ?, ?, ?, ?, ?, ?, ?, ?, ?, ?, ?, ?, ?, ?)
make question 3309
Hibernate: insert into question (answer, choice1, choice2, choice3, choice4, choice5, content, correct, create_date, filepath, modify_date, score, subject, teacher_id, time, view) values (?, ?, ?, ?, ?, ?, ?, ?, ?, ?, ?, ?, ?, ?, ?, ?)
make question 3310
Hibernate: insert into question (answer, choice1, choice2, choice3, choice4, choice5, content, correct, create_date, filepath, modify_date, score, subject, teacher_id, time, view) values (?, ?, ?, ?, ?, ?, ?, ?, ?, ?, ?, ?, ?, ?, ?, ?)
make question 3311
Hibernate: insert into question (answer, choice1, choice2, choice3, choice4, choice5, content, correct, create_date, filepath, modify_date, score, subject, teacher_id, time, view) values (?, ?, ?, ?, ?, ?, ?, ?, ?, ?, ?, ?, ?, ?, ?, ?)
make question 3312
Hibernate: insert into question (answer, choice1, choice2, choice3, choice4, choice5, content, correct, create_date, filepath, modify_date, score, subject, teacher_id, time, view) values (?, ?, ?, ?, ?, ?, ?, ?, ?, ?, ?, ?, ?, ?, ?, ?)
make question 3313
Hibernate: insert into question (answer, choice1, choice2, choice3, choice4, choice5, content, correct, create_date, filepath, modify_date, score, subject, teacher_id, time, view) values (?, ?, ?, ?, ?, ?, ?, ?, ?, ?, ?, ?, ?, ?, ?, ?)
make question 3314
Hibernate: insert into question (answer, choice1, choice2, choice3, choice4, choice5, content, correct, create_date, filepath, modify_date, score, subject, teacher_id, time, view) values (?, ?, ?, ?, ?, ?, ?, ?, ?, ?, ?, ?, ?, ?, ?, ?)
make question 3315
Hibernate: insert into question (answer, choice1, choice2, choice3, choice4, choice5, content, correct, create_date, filepath, modify_date, score, subject, teacher_id, time, view) values (?, ?, ?, ?, ?, ?, ?, ?, ?, ?, ?, ?, ?, ?, ?, ?)
make question 3316
Hibernate: insert into question (answer, choice1, choice2, choice3, choice4, choice5, content, correct, create_date, filepath, modify_date, score, subject, teacher_id, time, view) values (?, ?, ?, ?, ?, ?, ?, ?, ?, ?, ?, ?, ?, ?, ?, ?)
make question 3317
Hibernate: insert into question (answer, choice1, choice2, choice3, choice4, choice5, content, correct, create_date, filepath, modify_date, score, subject, teacher_id, time, view) values (?, ?, ?, ?, ?, ?, ?, ?, ?, ?, ?, ?, ?, ?, ?, ?)
make question 3318
Hibernate: insert into question (answer, choice1, choice2, choice3, choice4, choice5, content, correct, create_date, filepath, modify_date, score, subject, teacher_id, time, view) values (?, ?, ?, ?, ?, ?, ?, ?, ?, ?, ?, ?, ?, ?, ?, ?)
make question 3319
Hibernate: insert into question (answer, choice1, choice2, choice3, choice4, choice5, content, correct, create_date, filepath, modify_date, score, subject, teacher_id, time, view) values (?, ?, ?, ?, ?, ?, ?, ?, ?, ?, ?, ?, ?, ?, ?, ?)
make question 3320
Hibernate: insert into question (answer, choice1, choice2, choice3, choice4, choice5, content, correct, create_date, filepath, modify_date, score, subject, teacher_id, time, view) values (?, ?, ?, ?, ?, ?, ?, ?, ?, ?, ?, ?, ?, ?, ?, ?)
make question 3321
Hibernate: insert into question (answer, choice1, choice2, choice3, choice4, choice5, content, correct, create_date, filepath, modify_date, score, subject, teacher_id, time, view) values (?, ?, ?, ?, ?, ?, ?, ?, ?, ?, ?, ?, ?, ?, ?, ?)
make question 3322
Hibernate: insert into question (answer, choice1, choice2, choice3, choice4, choice5, content, correct, create_date, filepath, modify_date, score, subject, teacher_id, time, view) values (?, ?, ?, ?, ?, ?, ?, ?, ?, ?, ?, ?, ?, ?, ?, ?)
make question 3323
Hibernate: insert into question (answer, choice1, choice2, choice3, choice4, choice5, content, correct, create_date, filepath, modify_date, score, subject, teacher_id, time, view) values (?, ?, ?, ?, ?, ?, ?, ?, ?, ?, ?, ?, ?, ?, ?, ?)
make question 3324
Hibernate: insert into question (answer, choice1, choice2, choice3, choice4, choice5, content, correct, create_date, filepath, modify_date, score, subject, teacher_id, time, view) values (?, ?, ?, ?, ?, ?, ?, ?, ?, ?, ?, ?, ?, ?, ?, ?)
make question 3325
Hibernate: insert into question (answer, choice1, choice2, choice3, choice4, choice5, content, correct, create_date, filepath, modify_date, score, subject, teacher_id, time, view) values (?, ?, ?, ?, ?, ?, ?, ?, ?, ?, ?, ?, ?, ?, ?, ?)
make question 3326
Hibernate: insert into question (answer, choice1, choice2, choice3, choice4, choice5, content, correct, create_date, filepath, modify_date, score, subject, teacher_id, time, view) values (?, ?, ?, ?, ?, ?, ?, ?, ?, ?, ?, ?, ?, ?, ?, ?)
make question 3327
Hibernate: insert into question (answer, choice1, choice2, choice3, choice4, choice5, content, correct, create_date, filepath, modify_date, score, subject, teacher_id, time, view) values (?, ?, ?, ?, ?, ?, ?, ?, ?, ?, ?, ?, ?, ?, ?, ?)
make question 3328
Hibernate: insert into question (answer, choice1, choice2, choice3, choice4, choice5, content, correct, create_date, filepath, modify_date, score, subject, teacher_id, time, view) values (?, ?, ?, ?, ?, ?, ?, ?, ?, ?, ?, ?, ?, ?, ?, ?)
make question 3329
Hibernate: insert into question (answer, choice1, choice2, choice3, choice4, choice5, content, correct, create_date, filepath, modify_date, score, subject, teacher_id, time, view) values (?, ?, ?, ?, ?, ?, ?, ?, ?, ?, ?, ?, ?, ?, ?, ?)
make question 3330
Hibernate: insert into question (answer, choice1, choice2, choice3, choice4, choice5, content, correct, create_date, filepath, modify_date, score, subject, teacher_id, time, view) values (?, ?, ?, ?, ?, ?, ?, ?, ?, ?, ?, ?, ?, ?, ?, ?)
make question 3331
Hibernate: insert into question (answer, choice1, choice2, choice3, choice4, choice5, content, correct, create_date, filepath, modify_date, score, subject, teacher_id, time, view) values (?, ?, ?, ?, ?, ?, ?, ?, ?, ?, ?, ?, ?, ?, ?, ?)
make question 3332
Hibernate: insert into question (answer, choice1, choice2, choice3, choice4, choice5, content, correct, create_date, filepath, modify_date, score, subject, teacher_id, time, view) values (?, ?, ?, ?, ?, ?, ?, ?, ?, ?, ?, ?, ?, ?, ?, ?)
make question 3333
Hibernate: insert into question (answer, choice1, choice2, choice3, choice4, choice5, content, correct, create_date, filepath, modify_date, score, subject, teacher_id, time, view) values (?, ?, ?, ?, ?, ?, ?, ?, ?, ?, ?, ?, ?, ?, ?, ?)
make question 3334
Hibernate: insert into question (answer, choice1, choice2, choice3, choice4, choice5, content, correct, create_date, filepath, modify_date, score, subject, teacher_id, time, view) values (?, ?, ?, ?, ?, ?, ?, ?, ?, ?, ?, ?, ?, ?, ?, ?)
make question 3335
Hibernate: insert into question (answer, choice1, choice2, choice3, choice4, choice5, content, correct, create_date, filepath, modify_date, score, subject, teacher_id, time, view) values (?, ?, ?, ?, ?, ?, ?, ?, ?, ?, ?, ?, ?, ?, ?, ?)
make question 3336
Hibernate: insert into question (answer, choice1, choice2, choice3, choice4, choice5, content, correct, create_date, filepath, modify_date, score, subject, teacher_id, time, view) values (?, ?, ?, ?, ?, ?, ?, ?, ?, ?, ?, ?, ?, ?, ?, ?)
make question 3337
Hibernate: insert into question (answer, choice1, choice2, choice3, choice4, choice5, content, correct, create_date, filepath, modify_date, score, subject, teacher_id, time, view) values (?, ?, ?, ?, ?, ?, ?, ?, ?, ?, ?, ?, ?, ?, ?, ?)
make question 3338
Hibernate: insert into question (answer, choice1, choice2, choice3, choice4, choice5, content, correct, create_date, filepath, modify_date, score, subject, teacher_id, time, view) values (?, ?, ?, ?, ?, ?, ?, ?, ?, ?, ?, ?, ?, ?, ?, ?)
make question 3339
Hibernate: insert into question (answer, choice1, choice2, choice3, choice4, choice5, content, correct, create_date, filepath, modify_date, score, subject, teacher_id, time, view) values (?, ?, ?, ?, ?, ?, ?, ?, ?, ?, ?, ?, ?, ?, ?, ?)
make question 3340
Hibernate: insert into question (answer, choice1, choice2, choice3, choice4, choice5, content, correct, create_date, filepath, modify_date, score, subject, teacher_id, time, view) values (?, ?, ?, ?, ?, ?, ?, ?, ?, ?, ?, ?, ?, ?, ?, ?)
make question 3341
Hibernate: insert into question (answer, choice1, choice2, choice3, choice4, choice5, content, correct, create_date, filepath, modify_date, score, subject, teacher_id, time, view) values (?, ?, ?, ?, ?, ?, ?, ?, ?, ?, ?, ?, ?, ?, ?, ?)
make question 3342
Hibernate: insert into question (answer, choice1, choice2, choice3, choice4, choice5, content, correct, create_date, filepath, modify_date, score, subject, teacher_id, time, view) values (?, ?, ?, ?, ?, ?, ?, ?, ?, ?, ?, ?, ?, ?, ?, ?)
make question 3343
Hibernate: insert into question (answer, choice1, choice2, choice3, choice4, choice5, content, correct, create_date, filepath, modify_date, score, subject, teacher_id, time, view) values (?, ?, ?, ?, ?, ?, ?, ?, ?, ?, ?, ?, ?, ?, ?, ?)
make question 3344
Hibernate: insert into question (answer, choice1, choice2, choice3, choice4, choice5, content, correct, create_date, filepath, modify_date, score, subject, teacher_id, time, view) values (?, ?, ?, ?, ?, ?, ?, ?, ?, ?, ?, ?, ?, ?, ?, ?)
make question 3345
Hibernate: insert into question (answer, choice1, choice2, choice3, choice4, choice5, content, correct, create_date, filepath, modify_date, score, subject, teacher_id, time, view) values (?, ?, ?, ?, ?, ?, ?, ?, ?, ?, ?, ?, ?, ?, ?, ?)
make question 3346
Hibernate: insert into question (answer, choice1, choice2, choice3, choice4, choice5, content, correct, create_date, filepath, modify_date, score, subject, teacher_id, time, view) values (?, ?, ?, ?, ?, ?, ?, ?, ?, ?, ?, ?, ?, ?, ?, ?)
make question 3347
Hibernate: insert into question (answer, choice1, choice2, choice3, choice4, choice5, content, correct, create_date, filepath, modify_date, score, subject, teacher_id, time, view) values (?, ?, ?, ?, ?, ?, ?, ?, ?, ?, ?, ?, ?, ?, ?, ?)
make question 3348
Hibernate: insert into question (answer, choice1, choice2, choice3, choice4, choice5, content, correct, create_date, filepath, modify_date, score, subject, teacher_id, time, view) values (?, ?, ?, ?, ?, ?, ?, ?, ?, ?, ?, ?, ?, ?, ?, ?)
make question 3349
Hibernate: insert into question (answer, choice1, choice2, choice3, choice4, choice5, content, correct, create_date, filepath, modify_date, score, subject, teacher_id, time, view) values (?, ?, ?, ?, ?, ?, ?, ?, ?, ?, ?, ?, ?, ?, ?, ?)
make question 3350
Hibernate: insert into question (answer, choice1, choice2, choice3, choice4, choice5, content, correct, create_date, filepath, modify_date, score, subject, teacher_id, time, view) values (?, ?, ?, ?, ?, ?, ?, ?, ?, ?, ?, ?, ?, ?, ?, ?)
make question 3351
Hibernate: insert into question (answer, choice1, choice2, choice3, choice4, choice5, content, correct, create_date, filepath, modify_date, score, subject, teacher_id, time, view) values (?, ?, ?, ?, ?, ?, ?, ?, ?, ?, ?, ?, ?, ?, ?, ?)
make question 3352
Hibernate: insert into question (answer, choice1, choice2, choice3, choice4, choice5, content, correct, create_date, filepath, modify_date, score, subject, teacher_id, time, view) values (?, ?, ?, ?, ?, ?, ?, ?, ?, ?, ?, ?, ?, ?, ?, ?)
make question 3353
Hibernate: insert into question (answer, choice1, choice2, choice3, choice4, choice5, content, correct, create_date, filepath, modify_date, score, subject, teacher_id, time, view) values (?, ?, ?, ?, ?, ?, ?, ?, ?, ?, ?, ?, ?, ?, ?, ?)
make question 3354
Hibernate: insert into question (answer, choice1, choice2, choice3, choice4, choice5, content, correct, create_date, filepath, modify_date, score, subject, teacher_id, time, view) values (?, ?, ?, ?, ?, ?, ?, ?, ?, ?, ?, ?, ?, ?, ?, ?)
make question 3355
Hibernate: insert into question (answer, choice1, choice2, choice3, choice4, choice5, content, correct, create_date, filepath, modify_date, score, subject, teacher_id, time, view) values (?, ?, ?, ?, ?, ?, ?, ?, ?, ?, ?, ?, ?, ?, ?, ?)
make question 3356
Hibernate: insert into question (answer, choice1, choice2, choice3, choice4, choice5, content, correct, create_date, filepath, modify_date, score, subject, teacher_id, time, view) values (?, ?, ?, ?, ?, ?, ?, ?, ?, ?, ?, ?, ?, ?, ?, ?)
make question 3357
Hibernate: insert into question (answer, choice1, choice2, choice3, choice4, choice5, content, correct, create_date, filepath, modify_date, score, subject, teacher_id, time, view) values (?, ?, ?, ?, ?, ?, ?, ?, ?, ?, ?, ?, ?, ?, ?, ?)
make question 3358
Hibernate: insert into question (answer, choice1, choice2, choice3, choice4, choice5, content, correct, create_date, filepath, modify_date, score, subject, teacher_id, time, view) values (?, ?, ?, ?, ?, ?, ?, ?, ?, ?, ?, ?, ?, ?, ?, ?)
make question 3359
Hibernate: insert into question (answer, choice1, choice2, choice3, choice4, choice5, content, correct, create_date, filepath, modify_date, score, subject, teacher_id, time, view) values (?, ?, ?, ?, ?, ?, ?, ?, ?, ?, ?, ?, ?, ?, ?, ?)
make question 3360
Hibernate: insert into question (answer, choice1, choice2, choice3, choice4, choice5, content, correct, create_date, filepath, modify_date, score, subject, teacher_id, time, view) values (?, ?, ?, ?, ?, ?, ?, ?, ?, ?, ?, ?, ?, ?, ?, ?)
make question 3361
Hibernate: insert into question (answer, choice1, choice2, choice3, choice4, choice5, content, correct, create_date, filepath, modify_date, score, subject, teacher_id, time, view) values (?, ?, ?, ?, ?, ?, ?, ?, ?, ?, ?, ?, ?, ?, ?, ?)
make question 3362
Hibernate: insert into question (answer, choice1, choice2, choice3, choice4, choice5, content, correct, create_date, filepath, modify_date, score, subject, teacher_id, time, view) values (?, ?, ?, ?, ?, ?, ?, ?, ?, ?, ?, ?, ?, ?, ?, ?)
make question 3363
Hibernate: insert into question (answer, choice1, choice2, choice3, choice4, choice5, content, correct, create_date, filepath, modify_date, score, subject, teacher_id, time, view) values (?, ?, ?, ?, ?, ?, ?, ?, ?, ?, ?, ?, ?, ?, ?, ?)
make question 3364
Hibernate: insert into question (answer, choice1, choice2, choice3, choice4, choice5, content, correct, create_date, filepath, modify_date, score, subject, teacher_id, time, view) values (?, ?, ?, ?, ?, ?, ?, ?, ?, ?, ?, ?, ?, ?, ?, ?)
make question 3365
Hibernate: insert into question (answer, choice1, choice2, choice3, choice4, choice5, content, correct, create_date, filepath, modify_date, score, subject, teacher_id, time, view) values (?, ?, ?, ?, ?, ?, ?, ?, ?, ?, ?, ?, ?, ?, ?, ?)
make question 3366
Hibernate: insert into question (answer, choice1, choice2, choice3, choice4, choice5, content, correct, create_date, filepath, modify_date, score, subject, teacher_id, time, view) values (?, ?, ?, ?, ?, ?, ?, ?, ?, ?, ?, ?, ?, ?, ?, ?)
make question 3367
Hibernate: insert into question (answer, choice1, choice2, choice3, choice4, choice5, content, correct, create_date, filepath, modify_date, score, subject, teacher_id, time, view) values (?, ?, ?, ?, ?, ?, ?, ?, ?, ?, ?, ?, ?, ?, ?, ?)
make question 3368
Hibernate: insert into question (answer, choice1, choice2, choice3, choice4, choice5, content, correct, create_date, filepath, modify_date, score, subject, teacher_id, time, view) values (?, ?, ?, ?, ?, ?, ?, ?, ?, ?, ?, ?, ?, ?, ?, ?)
make question 3369
Hibernate: insert into question (answer, choice1, choice2, choice3, choice4, choice5, content, correct, create_date, filepath, modify_date, score, subject, teacher_id, time, view) values (?, ?, ?, ?, ?, ?, ?, ?, ?, ?, ?, ?, ?, ?, ?, ?)
make question 3370
Hibernate: insert into question (answer, choice1, choice2, choice3, choice4, choice5, content, correct, create_date, filepath, modify_date, score, subject, teacher_id, time, view) values (?, ?, ?, ?, ?, ?, ?, ?, ?, ?, ?, ?, ?, ?, ?, ?)
make question 3371
Hibernate: insert into question (answer, choice1, choice2, choice3, choice4, choice5, content, correct, create_date, filepath, modify_date, score, subject, teacher_id, time, view) values (?, ?, ?, ?, ?, ?, ?, ?, ?, ?, ?, ?, ?, ?, ?, ?)
make question 3372
Hibernate: insert into question (answer, choice1, choice2, choice3, choice4, choice5, content, correct, create_date, filepath, modify_date, score, subject, teacher_id, time, view) values (?, ?, ?, ?, ?, ?, ?, ?, ?, ?, ?, ?, ?, ?, ?, ?)
make question 3373
Hibernate: insert into question (answer, choice1, choice2, choice3, choice4, choice5, content, correct, create_date, filepath, modify_date, score, subject, teacher_id, time, view) values (?, ?, ?, ?, ?, ?, ?, ?, ?, ?, ?, ?, ?, ?, ?, ?)
make question 3374
Hibernate: insert into question (answer, choice1, choice2, choice3, choice4, choice5, content, correct, create_date, filepath, modify_date, score, subject, teacher_id, time, view) values (?, ?, ?, ?, ?, ?, ?, ?, ?, ?, ?, ?, ?, ?, ?, ?)
make question 3375
Hibernate: insert into question (answer, choice1, choice2, choice3, choice4, choice5, content, correct, create_date, filepath, modify_date, score, subject, teacher_id, time, view) values (?, ?, ?, ?, ?, ?, ?, ?, ?, ?, ?, ?, ?, ?, ?, ?)
make question 3376
Hibernate: insert into question (answer, choice1, choice2, choice3, choice4, choice5, content, correct, create_date, filepath, modify_date, score, subject, teacher_id, time, view) values (?, ?, ?, ?, ?, ?, ?, ?, ?, ?, ?, ?, ?, ?, ?, ?)
make question 3377
Hibernate: insert into question (answer, choice1, choice2, choice3, choice4, choice5, content, correct, create_date, filepath, modify_date, score, subject, teacher_id, time, view) values (?, ?, ?, ?, ?, ?, ?, ?, ?, ?, ?, ?, ?, ?, ?, ?)
make question 3378
Hibernate: insert into question (answer, choice1, choice2, choice3, choice4, choice5, content, correct, create_date, filepath, modify_date, score, subject, teacher_id, time, view) values (?, ?, ?, ?, ?, ?, ?, ?, ?, ?, ?, ?, ?, ?, ?, ?)
make question 3379
Hibernate: insert into question (answer, choice1, choice2, choice3, choice4, choice5, content, correct, create_date, filepath, modify_date, score, subject, teacher_id, time, view) values (?, ?, ?, ?, ?, ?, ?, ?, ?, ?, ?, ?, ?, ?, ?, ?)
make question 3380
Hibernate: insert into question (answer, choice1, choice2, choice3, choice4, choice5, content, correct, create_date, filepath, modify_date, score, subject, teacher_id, time, view) values (?, ?, ?, ?, ?, ?, ?, ?, ?, ?, ?, ?, ?, ?, ?, ?)
make question 3381
Hibernate: insert into question (answer, choice1, choice2, choice3, choice4, choice5, content, correct, create_date, filepath, modify_date, score, subject, teacher_id, time, view) values (?, ?, ?, ?, ?, ?, ?, ?, ?, ?, ?, ?, ?, ?, ?, ?)
make question 3382
Hibernate: insert into question (answer, choice1, choice2, choice3, choice4, choice5, content, correct, create_date, filepath, modify_date, score, subject, teacher_id, time, view) values (?, ?, ?, ?, ?, ?, ?, ?, ?, ?, ?, ?, ?, ?, ?, ?)
make question 3383
Hibernate: insert into question (answer, choice1, choice2, choice3, choice4, choice5, content, correct, create_date, filepath, modify_date, score, subject, teacher_id, time, view) values (?, ?, ?, ?, ?, ?, ?, ?, ?, ?, ?, ?, ?, ?, ?, ?)
make question 3384
Hibernate: insert into question (answer, choice1, choice2, choice3, choice4, choice5, content, correct, create_date, filepath, modify_date, score, subject, teacher_id, time, view) values (?, ?, ?, ?, ?, ?, ?, ?, ?, ?, ?, ?, ?, ?, ?, ?)
make question 3385
Hibernate: insert into question (answer, choice1, choice2, choice3, choice4, choice5, content, correct, create_date, filepath, modify_date, score, subject, teacher_id, time, view) values (?, ?, ?, ?, ?, ?, ?, ?, ?, ?, ?, ?, ?, ?, ?, ?)
make question 3386
Hibernate: insert into question (answer, choice1, choice2, choice3, choice4, choice5, content, correct, create_date, filepath, modify_date, score, subject, teacher_id, time, view) values (?, ?, ?, ?, ?, ?, ?, ?, ?, ?, ?, ?, ?, ?, ?, ?)
make question 3387
Hibernate: insert into question (answer, choice1, choice2, choice3, choice4, choice5, content, correct, create_date, filepath, modify_date, score, subject, teacher_id, time, view) values (?, ?, ?, ?, ?, ?, ?, ?, ?, ?, ?, ?, ?, ?, ?, ?)
make question 3388
Hibernate: insert into question (answer, choice1, choice2, choice3, choice4, choice5, content, correct, create_date, filepath, modify_date, score, subject, teacher_id, time, view) values (?, ?, ?, ?, ?, ?, ?, ?, ?, ?, ?, ?, ?, ?, ?, ?)
make question 3389
Hibernate: insert into question (answer, choice1, choice2, choice3, choice4, choice5, content, correct, create_date, filepath, modify_date, score, subject, teacher_id, time, view) values (?, ?, ?, ?, ?, ?, ?, ?, ?, ?, ?, ?, ?, ?, ?, ?)
make question 3390
Hibernate: insert into question (answer, choice1, choice2, choice3, choice4, choice5, content, correct, create_date, filepath, modify_date, score, subject, teacher_id, time, view) values (?, ?, ?, ?, ?, ?, ?, ?, ?, ?, ?, ?, ?, ?, ?, ?)
make question 3391
Hibernate: insert into question (answer, choice1, choice2, choice3, choice4, choice5, content, correct, create_date, filepath, modify_date, score, subject, teacher_id, time, view) values (?, ?, ?, ?, ?, ?, ?, ?, ?, ?, ?, ?, ?, ?, ?, ?)
make question 3392
Hibernate: insert into question (answer, choice1, choice2, choice3, choice4, choice5, content, correct, create_date, filepath, modify_date, score, subject, teacher_id, time, view) values (?, ?, ?, ?, ?, ?, ?, ?, ?, ?, ?, ?, ?, ?, ?, ?)
make question 3393
Hibernate: insert into question (answer, choice1, choice2, choice3, choice4, choice5, content, correct, create_date, filepath, modify_date, score, subject, teacher_id, time, view) values (?, ?, ?, ?, ?, ?, ?, ?, ?, ?, ?, ?, ?, ?, ?, ?)
make question 3394
Hibernate: insert into question (answer, choice1, choice2, choice3, choice4, choice5, content, correct, create_date, filepath, modify_date, score, subject, teacher_id, time, view) values (?, ?, ?, ?, ?, ?, ?, ?, ?, ?, ?, ?, ?, ?, ?, ?)
make question 3395
Hibernate: insert into question (answer, choice1, choice2, choice3, choice4, choice5, content, correct, create_date, filepath, modify_date, score, subject, teacher_id, time, view) values (?, ?, ?, ?, ?, ?, ?, ?, ?, ?, ?, ?, ?, ?, ?, ?)
make question 3396
Hibernate: insert into question (answer, choice1, choice2, choice3, choice4, choice5, content, correct, create_date, filepath, modify_date, score, subject, teacher_id, time, view) values (?, ?, ?, ?, ?, ?, ?, ?, ?, ?, ?, ?, ?, ?, ?, ?)
make question 3397
Hibernate: insert into question (answer, choice1, choice2, choice3, choice4, choice5, content, correct, create_date, filepath, modify_date, score, subject, teacher_id, time, view) values (?, ?, ?, ?, ?, ?, ?, ?, ?, ?, ?, ?, ?, ?, ?, ?)
make question 3398
Hibernate: insert into question (answer, choice1, choice2, choice3, choice4, choice5, content, correct, create_date, filepath, modify_date, score, subject, teacher_id, time, view) values (?, ?, ?, ?, ?, ?, ?, ?, ?, ?, ?, ?, ?, ?, ?, ?)
make question 3399
Hibernate: insert into question (answer, choice1, choice2, choice3, choice4, choice5, content, correct, create_date, filepath, modify_date, score, subject, teacher_id, time, view) values (?, ?, ?, ?, ?, ?, ?, ?, ?, ?, ?, ?, ?, ?, ?, ?)
make question 3400
Hibernate: insert into question (answer, choice1, choice2, choice3, choice4, choice5, content, correct, create_date, filepath, modify_date, score, subject, teacher_id, time, view) values (?, ?, ?, ?, ?, ?, ?, ?, ?, ?, ?, ?, ?, ?, ?, ?)
make question 3401
Hibernate: insert into question (answer, choice1, choice2, choice3, choice4, choice5, content, correct, create_date, filepath, modify_date, score, subject, teacher_id, time, view) values (?, ?, ?, ?, ?, ?, ?, ?, ?, ?, ?, ?, ?, ?, ?, ?)
make question 3402
Hibernate: insert into question (answer, choice1, choice2, choice3, choice4, choice5, content, correct, create_date, filepath, modify_date, score, subject, teacher_id, time, view) values (?, ?, ?, ?, ?, ?, ?, ?, ?, ?, ?, ?, ?, ?, ?, ?)
make question 3403
Hibernate: insert into question (answer, choice1, choice2, choice3, choice4, choice5, content, correct, create_date, filepath, modify_date, score, subject, teacher_id, time, view) values (?, ?, ?, ?, ?, ?, ?, ?, ?, ?, ?, ?, ?, ?, ?, ?)
make question 3404
Hibernate: insert into question (answer, choice1, choice2, choice3, choice4, choice5, content, correct, create_date, filepath, modify_date, score, subject, teacher_id, time, view) values (?, ?, ?, ?, ?, ?, ?, ?, ?, ?, ?, ?, ?, ?, ?, ?)
make question 3405
Hibernate: insert into question (answer, choice1, choice2, choice3, choice4, choice5, content, correct, create_date, filepath, modify_date, score, subject, teacher_id, time, view) values (?, ?, ?, ?, ?, ?, ?, ?, ?, ?, ?, ?, ?, ?, ?, ?)
make question 3406
Hibernate: insert into question (answer, choice1, choice2, choice3, choice4, choice5, content, correct, create_date, filepath, modify_date, score, subject, teacher_id, time, view) values (?, ?, ?, ?, ?, ?, ?, ?, ?, ?, ?, ?, ?, ?, ?, ?)
make question 3407
Hibernate: insert into question (answer, choice1, choice2, choice3, choice4, choice5, content, correct, create_date, filepath, modify_date, score, subject, teacher_id, time, view) values (?, ?, ?, ?, ?, ?, ?, ?, ?, ?, ?, ?, ?, ?, ?, ?)
make question 3408
Hibernate: insert into question (answer, choice1, choice2, choice3, choice4, choice5, content, correct, create_date, filepath, modify_date, score, subject, teacher_id, time, view) values (?, ?, ?, ?, ?, ?, ?, ?, ?, ?, ?, ?, ?, ?, ?, ?)
make question 3409
Hibernate: insert into question (answer, choice1, choice2, choice3, choice4, choice5, content, correct, create_date, filepath, modify_date, score, subject, teacher_id, time, view) values (?, ?, ?, ?, ?, ?, ?, ?, ?, ?, ?, ?, ?, ?, ?, ?)
make question 3410
Hibernate: insert into question (answer, choice1, choice2, choice3, choice4, choice5, content, correct, create_date, filepath, modify_date, score, subject, teacher_id, time, view) values (?, ?, ?, ?, ?, ?, ?, ?, ?, ?, ?, ?, ?, ?, ?, ?)
make question 3411
Hibernate: insert into question (answer, choice1, choice2, choice3, choice4, choice5, content, correct, create_date, filepath, modify_date, score, subject, teacher_id, time, view) values (?, ?, ?, ?, ?, ?, ?, ?, ?, ?, ?, ?, ?, ?, ?, ?)
make question 3412
Hibernate: insert into question (answer, choice1, choice2, choice3, choice4, choice5, content, correct, create_date, filepath, modify_date, score, subject, teacher_id, time, view) values (?, ?, ?, ?, ?, ?, ?, ?, ?, ?, ?, ?, ?, ?, ?, ?)
make question 3413
Hibernate: insert into question (answer, choice1, choice2, choice3, choice4, choice5, content, correct, create_date, filepath, modify_date, score, subject, teacher_id, time, view) values (?, ?, ?, ?, ?, ?, ?, ?, ?, ?, ?, ?, ?, ?, ?, ?)
make question 3414
Hibernate: insert into question (answer, choice1, choice2, choice3, choice4, choice5, content, correct, create_date, filepath, modify_date, score, subject, teacher_id, time, view) values (?, ?, ?, ?, ?, ?, ?, ?, ?, ?, ?, ?, ?, ?, ?, ?)
make question 3415
Hibernate: insert into question (answer, choice1, choice2, choice3, choice4, choice5, content, correct, create_date, filepath, modify_date, score, subject, teacher_id, time, view) values (?, ?, ?, ?, ?, ?, ?, ?, ?, ?, ?, ?, ?, ?, ?, ?)
make question 3416
Hibernate: insert into question (answer, choice1, choice2, choice3, choice4, choice5, content, correct, create_date, filepath, modify_date, score, subject, teacher_id, time, view) values (?, ?, ?, ?, ?, ?, ?, ?, ?, ?, ?, ?, ?, ?, ?, ?)
make question 3417
Hibernate: insert into question (answer, choice1, choice2, choice3, choice4, choice5, content, correct, create_date, filepath, modify_date, score, subject, teacher_id, time, view) values (?, ?, ?, ?, ?, ?, ?, ?, ?, ?, ?, ?, ?, ?, ?, ?)
make question 3418
Hibernate: insert into question (answer, choice1, choice2, choice3, choice4, choice5, content, correct, create_date, filepath, modify_date, score, subject, teacher_id, time, view) values (?, ?, ?, ?, ?, ?, ?, ?, ?, ?, ?, ?, ?, ?, ?, ?)
make question 3419
Hibernate: insert into question (answer, choice1, choice2, choice3, choice4, choice5, content, correct, create_date, filepath, modify_date, score, subject, teacher_id, time, view) values (?, ?, ?, ?, ?, ?, ?, ?, ?, ?, ?, ?, ?, ?, ?, ?)
make question 3420
Hibernate: insert into question (answer, choice1, choice2, choice3, choice4, choice5, content, correct, create_date, filepath, modify_date, score, subject, teacher_id, time, view) values (?, ?, ?, ?, ?, ?, ?, ?, ?, ?, ?, ?, ?, ?, ?, ?)
make question 3421
Hibernate: insert into question (answer, choice1, choice2, choice3, choice4, choice5, content, correct, create_date, filepath, modify_date, score, subject, teacher_id, time, view) values (?, ?, ?, ?, ?, ?, ?, ?, ?, ?, ?, ?, ?, ?, ?, ?)
make question 3422
Hibernate: insert into question (answer, choice1, choice2, choice3, choice4, choice5, content, correct, create_date, filepath, modify_date, score, subject, teacher_id, time, view) values (?, ?, ?, ?, ?, ?, ?, ?, ?, ?, ?, ?, ?, ?, ?, ?)
make question 3423
Hibernate: insert into question (answer, choice1, choice2, choice3, choice4, choice5, content, correct, create_date, filepath, modify_date, score, subject, teacher_id, time, view) values (?, ?, ?, ?, ?, ?, ?, ?, ?, ?, ?, ?, ?, ?, ?, ?)
make question 3424
Hibernate: insert into question (answer, choice1, choice2, choice3, choice4, choice5, content, correct, create_date, filepath, modify_date, score, subject, teacher_id, time, view) values (?, ?, ?, ?, ?, ?, ?, ?, ?, ?, ?, ?, ?, ?, ?, ?)
make question 3425
Hibernate: insert into question (answer, choice1, choice2, choice3, choice4, choice5, content, correct, create_date, filepath, modify_date, score, subject, teacher_id, time, view) values (?, ?, ?, ?, ?, ?, ?, ?, ?, ?, ?, ?, ?, ?, ?, ?)
make question 3426
Hibernate: insert into question (answer, choice1, choice2, choice3, choice4, choice5, content, correct, create_date, filepath, modify_date, score, subject, teacher_id, time, view) values (?, ?, ?, ?, ?, ?, ?, ?, ?, ?, ?, ?, ?, ?, ?, ?)
make question 3427
Hibernate: insert into question (answer, choice1, choice2, choice3, choice4, choice5, content, correct, create_date, filepath, modify_date, score, subject, teacher_id, time, view) values (?, ?, ?, ?, ?, ?, ?, ?, ?, ?, ?, ?, ?, ?, ?, ?)
make question 3428
Hibernate: insert into question (answer, choice1, choice2, choice3, choice4, choice5, content, correct, create_date, filepath, modify_date, score, subject, teacher_id, time, view) values (?, ?, ?, ?, ?, ?, ?, ?, ?, ?, ?, ?, ?, ?, ?, ?)
make question 3429
Hibernate: insert into question (answer, choice1, choice2, choice3, choice4, choice5, content, correct, create_date, filepath, modify_date, score, subject, teacher_id, time, view) values (?, ?, ?, ?, ?, ?, ?, ?, ?, ?, ?, ?, ?, ?, ?, ?)
make question 3430
Hibernate: insert into question (answer, choice1, choice2, choice3, choice4, choice5, content, correct, create_date, filepath, modify_date, score, subject, teacher_id, time, view) values (?, ?, ?, ?, ?, ?, ?, ?, ?, ?, ?, ?, ?, ?, ?, ?)
make question 3431
Hibernate: insert into question (answer, choice1, choice2, choice3, choice4, choice5, content, correct, create_date, filepath, modify_date, score, subject, teacher_id, time, view) values (?, ?, ?, ?, ?, ?, ?, ?, ?, ?, ?, ?, ?, ?, ?, ?)
make question 3432
Hibernate: insert into question (answer, choice1, choice2, choice3, choice4, choice5, content, correct, create_date, filepath, modify_date, score, subject, teacher_id, time, view) values (?, ?, ?, ?, ?, ?, ?, ?, ?, ?, ?, ?, ?, ?, ?, ?)
make question 3433
Hibernate: insert into question (answer, choice1, choice2, choice3, choice4, choice5, content, correct, create_date, filepath, modify_date, score, subject, teacher_id, time, view) values (?, ?, ?, ?, ?, ?, ?, ?, ?, ?, ?, ?, ?, ?, ?, ?)
make question 3434
Hibernate: insert into question (answer, choice1, choice2, choice3, choice4, choice5, content, correct, create_date, filepath, modify_date, score, subject, teacher_id, time, view) values (?, ?, ?, ?, ?, ?, ?, ?, ?, ?, ?, ?, ?, ?, ?, ?)
make question 3435
Hibernate: insert into question (answer, choice1, choice2, choice3, choice4, choice5, content, correct, create_date, filepath, modify_date, score, subject, teacher_id, time, view) values (?, ?, ?, ?, ?, ?, ?, ?, ?, ?, ?, ?, ?, ?, ?, ?)
make question 3436
Hibernate: insert into question (answer, choice1, choice2, choice3, choice4, choice5, content, correct, create_date, filepath, modify_date, score, subject, teacher_id, time, view) values (?, ?, ?, ?, ?, ?, ?, ?, ?, ?, ?, ?, ?, ?, ?, ?)
make question 3437
Hibernate: insert into question (answer, choice1, choice2, choice3, choice4, choice5, content, correct, create_date, filepath, modify_date, score, subject, teacher_id, time, view) values (?, ?, ?, ?, ?, ?, ?, ?, ?, ?, ?, ?, ?, ?, ?, ?)
make question 3438
Hibernate: insert into question (answer, choice1, choice2, choice3, choice4, choice5, content, correct, create_date, filepath, modify_date, score, subject, teacher_id, time, view) values (?, ?, ?, ?, ?, ?, ?, ?, ?, ?, ?, ?, ?, ?, ?, ?)
make question 3439
Hibernate: insert into question (answer, choice1, choice2, choice3, choice4, choice5, content, correct, create_date, filepath, modify_date, score, subject, teacher_id, time, view) values (?, ?, ?, ?, ?, ?, ?, ?, ?, ?, ?, ?, ?, ?, ?, ?)
make question 3440
Hibernate: insert into question (answer, choice1, choice2, choice3, choice4, choice5, content, correct, create_date, filepath, modify_date, score, subject, teacher_id, time, view) values (?, ?, ?, ?, ?, ?, ?, ?, ?, ?, ?, ?, ?, ?, ?, ?)
make question 3441
Hibernate: insert into question (answer, choice1, choice2, choice3, choice4, choice5, content, correct, create_date, filepath, modify_date, score, subject, teacher_id, time, view) values (?, ?, ?, ?, ?, ?, ?, ?, ?, ?, ?, ?, ?, ?, ?, ?)
make question 3442
Hibernate: insert into question (answer, choice1, choice2, choice3, choice4, choice5, content, correct, create_date, filepath, modify_date, score, subject, teacher_id, time, view) values (?, ?, ?, ?, ?, ?, ?, ?, ?, ?, ?, ?, ?, ?, ?, ?)
make question 3443
Hibernate: insert into question (answer, choice1, choice2, choice3, choice4, choice5, content, correct, create_date, filepath, modify_date, score, subject, teacher_id, time, view) values (?, ?, ?, ?, ?, ?, ?, ?, ?, ?, ?, ?, ?, ?, ?, ?)
make question 3444
Hibernate: insert into question (answer, choice1, choice2, choice3, choice4, choice5, content, correct, create_date, filepath, modify_date, score, subject, teacher_id, time, view) values (?, ?, ?, ?, ?, ?, ?, ?, ?, ?, ?, ?, ?, ?, ?, ?)
make question 3445
Hibernate: insert into question (answer, choice1, choice2, choice3, choice4, choice5, content, correct, create_date, filepath, modify_date, score, subject, teacher_id, time, view) values (?, ?, ?, ?, ?, ?, ?, ?, ?, ?, ?, ?, ?, ?, ?, ?)
make question 3446
Hibernate: insert into question (answer, choice1, choice2, choice3, choice4, choice5, content, correct, create_date, filepath, modify_date, score, subject, teacher_id, time, view) values (?, ?, ?, ?, ?, ?, ?, ?, ?, ?, ?, ?, ?, ?, ?, ?)
make question 3447
Hibernate: insert into question (answer, choice1, choice2, choice3, choice4, choice5, content, correct, create_date, filepath, modify_date, score, subject, teacher_id, time, view) values (?, ?, ?, ?, ?, ?, ?, ?, ?, ?, ?, ?, ?, ?, ?, ?)
make question 3448
Hibernate: insert into question (answer, choice1, choice2, choice3, choice4, choice5, content, correct, create_date, filepath, modify_date, score, subject, teacher_id, time, view) values (?, ?, ?, ?, ?, ?, ?, ?, ?, ?, ?, ?, ?, ?, ?, ?)
make question 3449
Hibernate: insert into question (answer, choice1, choice2, choice3, choice4, choice5, content, correct, create_date, filepath, modify_date, score, subject, teacher_id, time, view) values (?, ?, ?, ?, ?, ?, ?, ?, ?, ?, ?, ?, ?, ?, ?, ?)
make question 3450
Hibernate: insert into question (answer, choice1, choice2, choice3, choice4, choice5, content, correct, create_date, filepath, modify_date, score, subject, teacher_id, time, view) values (?, ?, ?, ?, ?, ?, ?, ?, ?, ?, ?, ?, ?, ?, ?, ?)
make question 3451
Hibernate: insert into question (answer, choice1, choice2, choice3, choice4, choice5, content, correct, create_date, filepath, modify_date, score, subject, teacher_id, time, view) values (?, ?, ?, ?, ?, ?, ?, ?, ?, ?, ?, ?, ?, ?, ?, ?)
make question 3452
Hibernate: insert into question (answer, choice1, choice2, choice3, choice4, choice5, content, correct, create_date, filepath, modify_date, score, subject, teacher_id, time, view) values (?, ?, ?, ?, ?, ?, ?, ?, ?, ?, ?, ?, ?, ?, ?, ?)
make question 3453
Hibernate: insert into question (answer, choice1, choice2, choice3, choice4, choice5, content, correct, create_date, filepath, modify_date, score, subject, teacher_id, time, view) values (?, ?, ?, ?, ?, ?, ?, ?, ?, ?, ?, ?, ?, ?, ?, ?)
make question 3454
Hibernate: insert into question (answer, choice1, choice2, choice3, choice4, choice5, content, correct, create_date, filepath, modify_date, score, subject, teacher_id, time, view) values (?, ?, ?, ?, ?, ?, ?, ?, ?, ?, ?, ?, ?, ?, ?, ?)
make question 3455
Hibernate: insert into question (answer, choice1, choice2, choice3, choice4, choice5, content, correct, create_date, filepath, modify_date, score, subject, teacher_id, time, view) values (?, ?, ?, ?, ?, ?, ?, ?, ?, ?, ?, ?, ?, ?, ?, ?)
make question 3456
Hibernate: insert into question (answer, choice1, choice2, choice3, choice4, choice5, content, correct, create_date, filepath, modify_date, score, subject, teacher_id, time, view) values (?, ?, ?, ?, ?, ?, ?, ?, ?, ?, ?, ?, ?, ?, ?, ?)
make question 3457
Hibernate: insert into question (answer, choice1, choice2, choice3, choice4, choice5, content, correct, create_date, filepath, modify_date, score, subject, teacher_id, time, view) values (?, ?, ?, ?, ?, ?, ?, ?, ?, ?, ?, ?, ?, ?, ?, ?)
make question 3458
Hibernate: insert into question (answer, choice1, choice2, choice3, choice4, choice5, content, correct, create_date, filepath, modify_date, score, subject, teacher_id, time, view) values (?, ?, ?, ?, ?, ?, ?, ?, ?, ?, ?, ?, ?, ?, ?, ?)
make question 3459
Hibernate: insert into question (answer, choice1, choice2, choice3, choice4, choice5, content, correct, create_date, filepath, modify_date, score, subject, teacher_id, time, view) values (?, ?, ?, ?, ?, ?, ?, ?, ?, ?, ?, ?, ?, ?, ?, ?)
make question 3460
Hibernate: insert into question (answer, choice1, choice2, choice3, choice4, choice5, content, correct, create_date, filepath, modify_date, score, subject, teacher_id, time, view) values (?, ?, ?, ?, ?, ?, ?, ?, ?, ?, ?, ?, ?, ?, ?, ?)
make question 3461
Hibernate: insert into question (answer, choice1, choice2, choice3, choice4, choice5, content, correct, create_date, filepath, modify_date, score, subject, teacher_id, time, view) values (?, ?, ?, ?, ?, ?, ?, ?, ?, ?, ?, ?, ?, ?, ?, ?)
make question 3462
Hibernate: insert into question (answer, choice1, choice2, choice3, choice4, choice5, content, correct, create_date, filepath, modify_date, score, subject, teacher_id, time, view) values (?, ?, ?, ?, ?, ?, ?, ?, ?, ?, ?, ?, ?, ?, ?, ?)
make question 3463
Hibernate: insert into question (answer, choice1, choice2, choice3, choice4, choice5, content, correct, create_date, filepath, modify_date, score, subject, teacher_id, time, view) values (?, ?, ?, ?, ?, ?, ?, ?, ?, ?, ?, ?, ?, ?, ?, ?)
make question 3464
Hibernate: insert into question (answer, choice1, choice2, choice3, choice4, choice5, content, correct, create_date, filepath, modify_date, score, subject, teacher_id, time, view) values (?, ?, ?, ?, ?, ?, ?, ?, ?, ?, ?, ?, ?, ?, ?, ?)
make question 3465
Hibernate: insert into question (answer, choice1, choice2, choice3, choice4, choice5, content, correct, create_date, filepath, modify_date, score, subject, teacher_id, time, view) values (?, ?, ?, ?, ?, ?, ?, ?, ?, ?, ?, ?, ?, ?, ?, ?)
make question 3466
Hibernate: insert into question (answer, choice1, choice2, choice3, choice4, choice5, content, correct, create_date, filepath, modify_date, score, subject, teacher_id, time, view) values (?, ?, ?, ?, ?, ?, ?, ?, ?, ?, ?, ?, ?, ?, ?, ?)
make question 3467
Hibernate: insert into question (answer, choice1, choice2, choice3, choice4, choice5, content, correct, create_date, filepath, modify_date, score, subject, teacher_id, time, view) values (?, ?, ?, ?, ?, ?, ?, ?, ?, ?, ?, ?, ?, ?, ?, ?)
make question 3468
Hibernate: insert into question (answer, choice1, choice2, choice3, choice4, choice5, content, correct, create_date, filepath, modify_date, score, subject, teacher_id, time, view) values (?, ?, ?, ?, ?, ?, ?, ?, ?, ?, ?, ?, ?, ?, ?, ?)
make question 3469
Hibernate: insert into question (answer, choice1, choice2, choice3, choice4, choice5, content, correct, create_date, filepath, modify_date, score, subject, teacher_id, time, view) values (?, ?, ?, ?, ?, ?, ?, ?, ?, ?, ?, ?, ?, ?, ?, ?)
make question 3470
Hibernate: insert into question (answer, choice1, choice2, choice3, choice4, choice5, content, correct, create_date, filepath, modify_date, score, subject, teacher_id, time, view) values (?, ?, ?, ?, ?, ?, ?, ?, ?, ?, ?, ?, ?, ?, ?, ?)
make question 3471
Hibernate: insert into question (answer, choice1, choice2, choice3, choice4, choice5, content, correct, create_date, filepath, modify_date, score, subject, teacher_id, time, view) values (?, ?, ?, ?, ?, ?, ?, ?, ?, ?, ?, ?, ?, ?, ?, ?)
make question 3472
Hibernate: insert into question (answer, choice1, choice2, choice3, choice4, choice5, content, correct, create_date, filepath, modify_date, score, subject, teacher_id, time, view) values (?, ?, ?, ?, ?, ?, ?, ?, ?, ?, ?, ?, ?, ?, ?, ?)
make question 3473
Hibernate: insert into question (answer, choice1, choice2, choice3, choice4, choice5, content, correct, create_date, filepath, modify_date, score, subject, teacher_id, time, view) values (?, ?, ?, ?, ?, ?, ?, ?, ?, ?, ?, ?, ?, ?, ?, ?)
make question 3474
Hibernate: insert into question (answer, choice1, choice2, choice3, choice4, choice5, content, correct, create_date, filepath, modify_date, score, subject, teacher_id, time, view) values (?, ?, ?, ?, ?, ?, ?, ?, ?, ?, ?, ?, ?, ?, ?, ?)
make question 3475
Hibernate: insert into question (answer, choice1, choice2, choice3, choice4, choice5, content, correct, create_date, filepath, modify_date, score, subject, teacher_id, time, view) values (?, ?, ?, ?, ?, ?, ?, ?, ?, ?, ?, ?, ?, ?, ?, ?)
make question 3476
Hibernate: insert into question (answer, choice1, choice2, choice3, choice4, choice5, content, correct, create_date, filepath, modify_date, score, subject, teacher_id, time, view) values (?, ?, ?, ?, ?, ?, ?, ?, ?, ?, ?, ?, ?, ?, ?, ?)
make question 3477
Hibernate: insert into question (answer, choice1, choice2, choice3, choice4, choice5, content, correct, create_date, filepath, modify_date, score, subject, teacher_id, time, view) values (?, ?, ?, ?, ?, ?, ?, ?, ?, ?, ?, ?, ?, ?, ?, ?)
make question 3478
Hibernate: insert into question (answer, choice1, choice2, choice3, choice4, choice5, content, correct, create_date, filepath, modify_date, score, subject, teacher_id, time, view) values (?, ?, ?, ?, ?, ?, ?, ?, ?, ?, ?, ?, ?, ?, ?, ?)
make question 3479
Hibernate: insert into question (answer, choice1, choice2, choice3, choice4, choice5, content, correct, create_date, filepath, modify_date, score, subject, teacher_id, time, view) values (?, ?, ?, ?, ?, ?, ?, ?, ?, ?, ?, ?, ?, ?, ?, ?)
make question 3480
Hibernate: insert into question (answer, choice1, choice2, choice3, choice4, choice5, content, correct, create_date, filepath, modify_date, score, subject, teacher_id, time, view) values (?, ?, ?, ?, ?, ?, ?, ?, ?, ?, ?, ?, ?, ?, ?, ?)
make question 3481
Hibernate: insert into question (answer, choice1, choice2, choice3, choice4, choice5, content, correct, create_date, filepath, modify_date, score, subject, teacher_id, time, view) values (?, ?, ?, ?, ?, ?, ?, ?, ?, ?, ?, ?, ?, ?, ?, ?)
make question 3482
Hibernate: insert into question (answer, choice1, choice2, choice3, choice4, choice5, content, correct, create_date, filepath, modify_date, score, subject, teacher_id, time, view) values (?, ?, ?, ?, ?, ?, ?, ?, ?, ?, ?, ?, ?, ?, ?, ?)
make question 3483
Hibernate: insert into question (answer, choice1, choice2, choice3, choice4, choice5, content, correct, create_date, filepath, modify_date, score, subject, teacher_id, time, view) values (?, ?, ?, ?, ?, ?, ?, ?, ?, ?, ?, ?, ?, ?, ?, ?)
make question 3484
Hibernate: insert into question (answer, choice1, choice2, choice3, choice4, choice5, content, correct, create_date, filepath, modify_date, score, subject, teacher_id, time, view) values (?, ?, ?, ?, ?, ?, ?, ?, ?, ?, ?, ?, ?, ?, ?, ?)
make question 3485
Hibernate: insert into question (answer, choice1, choice2, choice3, choice4, choice5, content, correct, create_date, filepath, modify_date, score, subject, teacher_id, time, view) values (?, ?, ?, ?, ?, ?, ?, ?, ?, ?, ?, ?, ?, ?, ?, ?)
make question 3486
Hibernate: insert into question (answer, choice1, choice2, choice3, choice4, choice5, content, correct, create_date, filepath, modify_date, score, subject, teacher_id, time, view) values (?, ?, ?, ?, ?, ?, ?, ?, ?, ?, ?, ?, ?, ?, ?, ?)
make question 3487
Hibernate: insert into question (answer, choice1, choice2, choice3, choice4, choice5, content, correct, create_date, filepath, modify_date, score, subject, teacher_id, time, view) values (?, ?, ?, ?, ?, ?, ?, ?, ?, ?, ?, ?, ?, ?, ?, ?)
make question 3488
Hibernate: insert into question (answer, choice1, choice2, choice3, choice4, choice5, content, correct, create_date, filepath, modify_date, score, subject, teacher_id, time, view) values (?, ?, ?, ?, ?, ?, ?, ?, ?, ?, ?, ?, ?, ?, ?, ?)
make question 3489
Hibernate: insert into question (answer, choice1, choice2, choice3, choice4, choice5, content, correct, create_date, filepath, modify_date, score, subject, teacher_id, time, view) values (?, ?, ?, ?, ?, ?, ?, ?, ?, ?, ?, ?, ?, ?, ?, ?)
make question 3490
Hibernate: insert into question (answer, choice1, choice2, choice3, choice4, choice5, content, correct, create_date, filepath, modify_date, score, subject, teacher_id, time, view) values (?, ?, ?, ?, ?, ?, ?, ?, ?, ?, ?, ?, ?, ?, ?, ?)
make question 3491
Hibernate: insert into question (answer, choice1, choice2, choice3, choice4, choice5, content, correct, create_date, filepath, modify_date, score, subject, teacher_id, time, view) values (?, ?, ?, ?, ?, ?, ?, ?, ?, ?, ?, ?, ?, ?, ?, ?)
make question 3492
Hibernate: insert into question (answer, choice1, choice2, choice3, choice4, choice5, content, correct, create_date, filepath, modify_date, score, subject, teacher_id, time, view) values (?, ?, ?, ?, ?, ?, ?, ?, ?, ?, ?, ?, ?, ?, ?, ?)
make question 3493
Hibernate: insert into question (answer, choice1, choice2, choice3, choice4, choice5, content, correct, create_date, filepath, modify_date, score, subject, teacher_id, time, view) values (?, ?, ?, ?, ?, ?, ?, ?, ?, ?, ?, ?, ?, ?, ?, ?)
make question 3494
Hibernate: insert into question (answer, choice1, choice2, choice3, choice4, choice5, content, correct, create_date, filepath, modify_date, score, subject, teacher_id, time, view) values (?, ?, ?, ?, ?, ?, ?, ?, ?, ?, ?, ?, ?, ?, ?, ?)
make question 3495
Hibernate: insert into question (answer, choice1, choice2, choice3, choice4, choice5, content, correct, create_date, filepath, modify_date, score, subject, teacher_id, time, view) values (?, ?, ?, ?, ?, ?, ?, ?, ?, ?, ?, ?, ?, ?, ?, ?)
make question 3496
Hibernate: insert into question (answer, choice1, choice2, choice3, choice4, choice5, content, correct, create_date, filepath, modify_date, score, subject, teacher_id, time, view) values (?, ?, ?, ?, ?, ?, ?, ?, ?, ?, ?, ?, ?, ?, ?, ?)
make question 3497
Hibernate: insert into question (answer, choice1, choice2, choice3, choice4, choice5, content, correct, create_date, filepath, modify_date, score, subject, teacher_id, time, view) values (?, ?, ?, ?, ?, ?, ?, ?, ?, ?, ?, ?, ?, ?, ?, ?)
make question 3498
Hibernate: insert into question (answer, choice1, choice2, choice3, choice4, choice5, content, correct, create_date, filepath, modify_date, score, subject, teacher_id, time, view) values (?, ?, ?, ?, ?, ?, ?, ?, ?, ?, ?, ?, ?, ?, ?, ?)
make question 3499
Hibernate: insert into question (answer, choice1, choice2, choice3, choice4, choice5, content, correct, create_date, filepath, modify_date, score, subject, teacher_id, time, view) values (?, ?, ?, ?, ?, ?, ?, ?, ?, ?, ?, ?, ?, ?, ?, ?)
make question 3500
Hibernate: insert into question (answer, choice1, choice2, choice3, choice4, choice5, content, correct, create_date, filepath, modify_date, score, subject, teacher_id, time, view) values (?, ?, ?, ?, ?, ?, ?, ?, ?, ?, ?, ?, ?, ?, ?, ?)
make question 3501
Hibernate: insert into question (answer, choice1, choice2, choice3, choice4, choice5, content, correct, create_date, filepath, modify_date, score, subject, teacher_id, time, view) values (?, ?, ?, ?, ?, ?, ?, ?, ?, ?, ?, ?, ?, ?, ?, ?)
make question 3502
Hibernate: insert into question (answer, choice1, choice2, choice3, choice4, choice5, content, correct, create_date, filepath, modify_date, score, subject, teacher_id, time, view) values (?, ?, ?, ?, ?, ?, ?, ?, ?, ?, ?, ?, ?, ?, ?, ?)
make question 3503
Hibernate: insert into question (answer, choice1, choice2, choice3, choice4, choice5, content, correct, create_date, filepath, modify_date, score, subject, teacher_id, time, view) values (?, ?, ?, ?, ?, ?, ?, ?, ?, ?, ?, ?, ?, ?, ?, ?)
make question 3504
Hibernate: insert into question (answer, choice1, choice2, choice3, choice4, choice5, content, correct, create_date, filepath, modify_date, score, subject, teacher_id, time, view) values (?, ?, ?, ?, ?, ?, ?, ?, ?, ?, ?, ?, ?, ?, ?, ?)
make question 3505
Hibernate: insert into question (answer, choice1, choice2, choice3, choice4, choice5, content, correct, create_date, filepath, modify_date, score, subject, teacher_id, time, view) values (?, ?, ?, ?, ?, ?, ?, ?, ?, ?, ?, ?, ?, ?, ?, ?)
make question 3506
Hibernate: insert into question (answer, choice1, choice2, choice3, choice4, choice5, content, correct, create_date, filepath, modify_date, score, subject, teacher_id, time, view) values (?, ?, ?, ?, ?, ?, ?, ?, ?, ?, ?, ?, ?, ?, ?, ?)
make question 3507
Hibernate: insert into question (answer, choice1, choice2, choice3, choice4, choice5, content, correct, create_date, filepath, modify_date, score, subject, teacher_id, time, view) values (?, ?, ?, ?, ?, ?, ?, ?, ?, ?, ?, ?, ?, ?, ?, ?)
make question 3508
Hibernate: insert into question (answer, choice1, choice2, choice3, choice4, choice5, content, correct, create_date, filepath, modify_date, score, subject, teacher_id, time, view) values (?, ?, ?, ?, ?, ?, ?, ?, ?, ?, ?, ?, ?, ?, ?, ?)
make question 3509
Hibernate: insert into question (answer, choice1, choice2, choice3, choice4, choice5, content, correct, create_date, filepath, modify_date, score, subject, teacher_id, time, view) values (?, ?, ?, ?, ?, ?, ?, ?, ?, ?, ?, ?, ?, ?, ?, ?)
make question 3510
Hibernate: insert into question (answer, choice1, choice2, choice3, choice4, choice5, content, correct, create_date, filepath, modify_date, score, subject, teacher_id, time, view) values (?, ?, ?, ?, ?, ?, ?, ?, ?, ?, ?, ?, ?, ?, ?, ?)
make question 3511
Hibernate: insert into question (answer, choice1, choice2, choice3, choice4, choice5, content, correct, create_date, filepath, modify_date, score, subject, teacher_id, time, view) values (?, ?, ?, ?, ?, ?, ?, ?, ?, ?, ?, ?, ?, ?, ?, ?)
make question 3512
Hibernate: insert into question (answer, choice1, choice2, choice3, choice4, choice5, content, correct, create_date, filepath, modify_date, score, subject, teacher_id, time, view) values (?, ?, ?, ?, ?, ?, ?, ?, ?, ?, ?, ?, ?, ?, ?, ?)
make question 3513
Hibernate: insert into question (answer, choice1, choice2, choice3, choice4, choice5, content, correct, create_date, filepath, modify_date, score, subject, teacher_id, time, view) values (?, ?, ?, ?, ?, ?, ?, ?, ?, ?, ?, ?, ?, ?, ?, ?)
make question 3514
Hibernate: insert into question (answer, choice1, choice2, choice3, choice4, choice5, content, correct, create_date, filepath, modify_date, score, subject, teacher_id, time, view) values (?, ?, ?, ?, ?, ?, ?, ?, ?, ?, ?, ?, ?, ?, ?, ?)
make question 3515
Hibernate: insert into question (answer, choice1, choice2, choice3, choice4, choice5, content, correct, create_date, filepath, modify_date, score, subject, teacher_id, time, view) values (?, ?, ?, ?, ?, ?, ?, ?, ?, ?, ?, ?, ?, ?, ?, ?)
make question 3516
Hibernate: insert into question (answer, choice1, choice2, choice3, choice4, choice5, content, correct, create_date, filepath, modify_date, score, subject, teacher_id, time, view) values (?, ?, ?, ?, ?, ?, ?, ?, ?, ?, ?, ?, ?, ?, ?, ?)
make question 3517
Hibernate: insert into question (answer, choice1, choice2, choice3, choice4, choice5, content, correct, create_date, filepath, modify_date, score, subject, teacher_id, time, view) values (?, ?, ?, ?, ?, ?, ?, ?, ?, ?, ?, ?, ?, ?, ?, ?)
make question 3518
Hibernate: insert into question (answer, choice1, choice2, choice3, choice4, choice5, content, correct, create_date, filepath, modify_date, score, subject, teacher_id, time, view) values (?, ?, ?, ?, ?, ?, ?, ?, ?, ?, ?, ?, ?, ?, ?, ?)
make question 3519
Hibernate: insert into question (answer, choice1, choice2, choice3, choice4, choice5, content, correct, create_date, filepath, modify_date, score, subject, teacher_id, time, view) values (?, ?, ?, ?, ?, ?, ?, ?, ?, ?, ?, ?, ?, ?, ?, ?)
make question 3520
Hibernate: insert into question (answer, choice1, choice2, choice3, choice4, choice5, content, correct, create_date, filepath, modify_date, score, subject, teacher_id, time, view) values (?, ?, ?, ?, ?, ?, ?, ?, ?, ?, ?, ?, ?, ?, ?, ?)
make question 3521
Hibernate: insert into question (answer, choice1, choice2, choice3, choice4, choice5, content, correct, create_date, filepath, modify_date, score, subject, teacher_id, time, view) values (?, ?, ?, ?, ?, ?, ?, ?, ?, ?, ?, ?, ?, ?, ?, ?)
make question 3522
Hibernate: insert into question (answer, choice1, choice2, choice3, choice4, choice5, content, correct, create_date, filepath, modify_date, score, subject, teacher_id, time, view) values (?, ?, ?, ?, ?, ?, ?, ?, ?, ?, ?, ?, ?, ?, ?, ?)
make question 3523
Hibernate: insert into question (answer, choice1, choice2, choice3, choice4, choice5, content, correct, create_date, filepath, modify_date, score, subject, teacher_id, time, view) values (?, ?, ?, ?, ?, ?, ?, ?, ?, ?, ?, ?, ?, ?, ?, ?)
make question 3524
Hibernate: insert into question (answer, choice1, choice2, choice3, choice4, choice5, content, correct, create_date, filepath, modify_date, score, subject, teacher_id, time, view) values (?, ?, ?, ?, ?, ?, ?, ?, ?, ?, ?, ?, ?, ?, ?, ?)
make question 3525
Hibernate: insert into question (answer, choice1, choice2, choice3, choice4, choice5, content, correct, create_date, filepath, modify_date, score, subject, teacher_id, time, view) values (?, ?, ?, ?, ?, ?, ?, ?, ?, ?, ?, ?, ?, ?, ?, ?)
make question 3526
Hibernate: insert into question (answer, choice1, choice2, choice3, choice4, choice5, content, correct, create_date, filepath, modify_date, score, subject, teacher_id, time, view) values (?, ?, ?, ?, ?, ?, ?, ?, ?, ?, ?, ?, ?, ?, ?, ?)
make question 3527
Hibernate: insert into question (answer, choice1, choice2, choice3, choice4, choice5, content, correct, create_date, filepath, modify_date, score, subject, teacher_id, time, view) values (?, ?, ?, ?, ?, ?, ?, ?, ?, ?, ?, ?, ?, ?, ?, ?)
make question 3528
Hibernate: insert into question (answer, choice1, choice2, choice3, choice4, choice5, content, correct, create_date, filepath, modify_date, score, subject, teacher_id, time, view) values (?, ?, ?, ?, ?, ?, ?, ?, ?, ?, ?, ?, ?, ?, ?, ?)
make question 3529
Hibernate: insert into question (answer, choice1, choice2, choice3, choice4, choice5, content, correct, create_date, filepath, modify_date, score, subject, teacher_id, time, view) values (?, ?, ?, ?, ?, ?, ?, ?, ?, ?, ?, ?, ?, ?, ?, ?)
make question 3530
Hibernate: insert into question (answer, choice1, choice2, choice3, choice4, choice5, content, correct, create_date, filepath, modify_date, score, subject, teacher_id, time, view) values (?, ?, ?, ?, ?, ?, ?, ?, ?, ?, ?, ?, ?, ?, ?, ?)
make question 3531
Hibernate: insert into question (answer, choice1, choice2, choice3, choice4, choice5, content, correct, create_date, filepath, modify_date, score, subject, teacher_id, time, view) values (?, ?, ?, ?, ?, ?, ?, ?, ?, ?, ?, ?, ?, ?, ?, ?)
make question 3532
Hibernate: insert into question (answer, choice1, choice2, choice3, choice4, choice5, content, correct, create_date, filepath, modify_date, score, subject, teacher_id, time, view) values (?, ?, ?, ?, ?, ?, ?, ?, ?, ?, ?, ?, ?, ?, ?, ?)
make question 3533
Hibernate: insert into question (answer, choice1, choice2, choice3, choice4, choice5, content, correct, create_date, filepath, modify_date, score, subject, teacher_id, time, view) values (?, ?, ?, ?, ?, ?, ?, ?, ?, ?, ?, ?, ?, ?, ?, ?)
make question 3534
Hibernate: insert into question (answer, choice1, choice2, choice3, choice4, choice5, content, correct, create_date, filepath, modify_date, score, subject, teacher_id, time, view) values (?, ?, ?, ?, ?, ?, ?, ?, ?, ?, ?, ?, ?, ?, ?, ?)
make question 3535
Hibernate: insert into question (answer, choice1, choice2, choice3, choice4, choice5, content, correct, create_date, filepath, modify_date, score, subject, teacher_id, time, view) values (?, ?, ?, ?, ?, ?, ?, ?, ?, ?, ?, ?, ?, ?, ?, ?)
make question 3536
Hibernate: insert into question (answer, choice1, choice2, choice3, choice4, choice5, content, correct, create_date, filepath, modify_date, score, subject, teacher_id, time, view) values (?, ?, ?, ?, ?, ?, ?, ?, ?, ?, ?, ?, ?, ?, ?, ?)
make question 3537
Hibernate: insert into question (answer, choice1, choice2, choice3, choice4, choice5, content, correct, create_date, filepath, modify_date, score, subject, teacher_id, time, view) values (?, ?, ?, ?, ?, ?, ?, ?, ?, ?, ?, ?, ?, ?, ?, ?)
make question 3538
Hibernate: insert into question (answer, choice1, choice2, choice3, choice4, choice5, content, correct, create_date, filepath, modify_date, score, subject, teacher_id, time, view) values (?, ?, ?, ?, ?, ?, ?, ?, ?, ?, ?, ?, ?, ?, ?, ?)
make question 3539
Hibernate: insert into question (answer, choice1, choice2, choice3, choice4, choice5, content, correct, create_date, filepath, modify_date, score, subject, teacher_id, time, view) values (?, ?, ?, ?, ?, ?, ?, ?, ?, ?, ?, ?, ?, ?, ?, ?)
make question 3540
Hibernate: insert into question (answer, choice1, choice2, choice3, choice4, choice5, content, correct, create_date, filepath, modify_date, score, subject, teacher_id, time, view) values (?, ?, ?, ?, ?, ?, ?, ?, ?, ?, ?, ?, ?, ?, ?, ?)
make question 3541
Hibernate: insert into question (answer, choice1, choice2, choice3, choice4, choice5, content, correct, create_date, filepath, modify_date, score, subject, teacher_id, time, view) values (?, ?, ?, ?, ?, ?, ?, ?, ?, ?, ?, ?, ?, ?, ?, ?)
make question 3542
Hibernate: insert into question (answer, choice1, choice2, choice3, choice4, choice5, content, correct, create_date, filepath, modify_date, score, subject, teacher_id, time, view) values (?, ?, ?, ?, ?, ?, ?, ?, ?, ?, ?, ?, ?, ?, ?, ?)
make question 3543
Hibernate: insert into question (answer, choice1, choice2, choice3, choice4, choice5, content, correct, create_date, filepath, modify_date, score, subject, teacher_id, time, view) values (?, ?, ?, ?, ?, ?, ?, ?, ?, ?, ?, ?, ?, ?, ?, ?)
make question 3544
Hibernate: insert into question (answer, choice1, choice2, choice3, choice4, choice5, content, correct, create_date, filepath, modify_date, score, subject, teacher_id, time, view) values (?, ?, ?, ?, ?, ?, ?, ?, ?, ?, ?, ?, ?, ?, ?, ?)
make question 3545
Hibernate: insert into question (answer, choice1, choice2, choice3, choice4, choice5, content, correct, create_date, filepath, modify_date, score, subject, teacher_id, time, view) values (?, ?, ?, ?, ?, ?, ?, ?, ?, ?, ?, ?, ?, ?, ?, ?)
make question 3546
Hibernate: insert into question (answer, choice1, choice2, choice3, choice4, choice5, content, correct, create_date, filepath, modify_date, score, subject, teacher_id, time, view) values (?, ?, ?, ?, ?, ?, ?, ?, ?, ?, ?, ?, ?, ?, ?, ?)
make question 3547
Hibernate: insert into question (answer, choice1, choice2, choice3, choice4, choice5, content, correct, create_date, filepath, modify_date, score, subject, teacher_id, time, view) values (?, ?, ?, ?, ?, ?, ?, ?, ?, ?, ?, ?, ?, ?, ?, ?)
make question 3548
Hibernate: insert into question (answer, choice1, choice2, choice3, choice4, choice5, content, correct, create_date, filepath, modify_date, score, subject, teacher_id, time, view) values (?, ?, ?, ?, ?, ?, ?, ?, ?, ?, ?, ?, ?, ?, ?, ?)
make question 3549
Hibernate: insert into question (answer, choice1, choice2, choice3, choice4, choice5, content, correct, create_date, filepath, modify_date, score, subject, teacher_id, time, view) values (?, ?, ?, ?, ?, ?, ?, ?, ?, ?, ?, ?, ?, ?, ?, ?)
make question 3550
Hibernate: insert into question (answer, choice1, choice2, choice3, choice4, choice5, content, correct, create_date, filepath, modify_date, score, subject, teacher_id, time, view) values (?, ?, ?, ?, ?, ?, ?, ?, ?, ?, ?, ?, ?, ?, ?, ?)
make question 3551
Hibernate: insert into question (answer, choice1, choice2, choice3, choice4, choice5, content, correct, create_date, filepath, modify_date, score, subject, teacher_id, time, view) values (?, ?, ?, ?, ?, ?, ?, ?, ?, ?, ?, ?, ?, ?, ?, ?)
make question 3552
Hibernate: insert into question (answer, choice1, choice2, choice3, choice4, choice5, content, correct, create_date, filepath, modify_date, score, subject, teacher_id, time, view) values (?, ?, ?, ?, ?, ?, ?, ?, ?, ?, ?, ?, ?, ?, ?, ?)
make question 3553
Hibernate: insert into question (answer, choice1, choice2, choice3, choice4, choice5, content, correct, create_date, filepath, modify_date, score, subject, teacher_id, time, view) values (?, ?, ?, ?, ?, ?, ?, ?, ?, ?, ?, ?, ?, ?, ?, ?)
make question 3554
Hibernate: insert into question (answer, choice1, choice2, choice3, choice4, choice5, content, correct, create_date, filepath, modify_date, score, subject, teacher_id, time, view) values (?, ?, ?, ?, ?, ?, ?, ?, ?, ?, ?, ?, ?, ?, ?, ?)
make question 3555
Hibernate: insert into question (answer, choice1, choice2, choice3, choice4, choice5, content, correct, create_date, filepath, modify_date, score, subject, teacher_id, time, view) values (?, ?, ?, ?, ?, ?, ?, ?, ?, ?, ?, ?, ?, ?, ?, ?)
make question 3556
Hibernate: insert into question (answer, choice1, choice2, choice3, choice4, choice5, content, correct, create_date, filepath, modify_date, score, subject, teacher_id, time, view) values (?, ?, ?, ?, ?, ?, ?, ?, ?, ?, ?, ?, ?, ?, ?, ?)
make question 3557
Hibernate: insert into question (answer, choice1, choice2, choice3, choice4, choice5, content, correct, create_date, filepath, modify_date, score, subject, teacher_id, time, view) values (?, ?, ?, ?, ?, ?, ?, ?, ?, ?, ?, ?, ?, ?, ?, ?)
make question 3558
Hibernate: insert into question (answer, choice1, choice2, choice3, choice4, choice5, content, correct, create_date, filepath, modify_date, score, subject, teacher_id, time, view) values (?, ?, ?, ?, ?, ?, ?, ?, ?, ?, ?, ?, ?, ?, ?, ?)
make question 3559
Hibernate: insert into question (answer, choice1, choice2, choice3, choice4, choice5, content, correct, create_date, filepath, modify_date, score, subject, teacher_id, time, view) values (?, ?, ?, ?, ?, ?, ?, ?, ?, ?, ?, ?, ?, ?, ?, ?)
make question 3560
Hibernate: insert into question (answer, choice1, choice2, choice3, choice4, choice5, content, correct, create_date, filepath, modify_date, score, subject, teacher_id, time, view) values (?, ?, ?, ?, ?, ?, ?, ?, ?, ?, ?, ?, ?, ?, ?, ?)
make question 3561
Hibernate: insert into question (answer, choice1, choice2, choice3, choice4, choice5, content, correct, create_date, filepath, modify_date, score, subject, teacher_id, time, view) values (?, ?, ?, ?, ?, ?, ?, ?, ?, ?, ?, ?, ?, ?, ?, ?)
make question 3562
Hibernate: insert into question (answer, choice1, choice2, choice3, choice4, choice5, content, correct, create_date, filepath, modify_date, score, subject, teacher_id, time, view) values (?, ?, ?, ?, ?, ?, ?, ?, ?, ?, ?, ?, ?, ?, ?, ?)
make question 3563
Hibernate: insert into question (answer, choice1, choice2, choice3, choice4, choice5, content, correct, create_date, filepath, modify_date, score, subject, teacher_id, time, view) values (?, ?, ?, ?, ?, ?, ?, ?, ?, ?, ?, ?, ?, ?, ?, ?)
make question 3564
Hibernate: insert into question (answer, choice1, choice2, choice3, choice4, choice5, content, correct, create_date, filepath, modify_date, score, subject, teacher_id, time, view) values (?, ?, ?, ?, ?, ?, ?, ?, ?, ?, ?, ?, ?, ?, ?, ?)
make question 3565
Hibernate: insert into question (answer, choice1, choice2, choice3, choice4, choice5, content, correct, create_date, filepath, modify_date, score, subject, teacher_id, time, view) values (?, ?, ?, ?, ?, ?, ?, ?, ?, ?, ?, ?, ?, ?, ?, ?)
make question 3566
Hibernate: insert into question (answer, choice1, choice2, choice3, choice4, choice5, content, correct, create_date, filepath, modify_date, score, subject, teacher_id, time, view) values (?, ?, ?, ?, ?, ?, ?, ?, ?, ?, ?, ?, ?, ?, ?, ?)
make question 3567
Hibernate: insert into question (answer, choice1, choice2, choice3, choice4, choice5, content, correct, create_date, filepath, modify_date, score, subject, teacher_id, time, view) values (?, ?, ?, ?, ?, ?, ?, ?, ?, ?, ?, ?, ?, ?, ?, ?)
make question 3568
Hibernate: insert into question (answer, choice1, choice2, choice3, choice4, choice5, content, correct, create_date, filepath, modify_date, score, subject, teacher_id, time, view) values (?, ?, ?, ?, ?, ?, ?, ?, ?, ?, ?, ?, ?, ?, ?, ?)
make question 3569
Hibernate: insert into question (answer, choice1, choice2, choice3, choice4, choice5, content, correct, create_date, filepath, modify_date, score, subject, teacher_id, time, view) values (?, ?, ?, ?, ?, ?, ?, ?, ?, ?, ?, ?, ?, ?, ?, ?)
make question 3570
Hibernate: insert into question (answer, choice1, choice2, choice3, choice4, choice5, content, correct, create_date, filepath, modify_date, score, subject, teacher_id, time, view) values (?, ?, ?, ?, ?, ?, ?, ?, ?, ?, ?, ?, ?, ?, ?, ?)
make question 3571
Hibernate: insert into question (answer, choice1, choice2, choice3, choice4, choice5, content, correct, create_date, filepath, modify_date, score, subject, teacher_id, time, view) values (?, ?, ?, ?, ?, ?, ?, ?, ?, ?, ?, ?, ?, ?, ?, ?)
make question 3572
Hibernate: insert into question (answer, choice1, choice2, choice3, choice4, choice5, content, correct, create_date, filepath, modify_date, score, subject, teacher_id, time, view) values (?, ?, ?, ?, ?, ?, ?, ?, ?, ?, ?, ?, ?, ?, ?, ?)
make question 3573
Hibernate: insert into question (answer, choice1, choice2, choice3, choice4, choice5, content, correct, create_date, filepath, modify_date, score, subject, teacher_id, time, view) values (?, ?, ?, ?, ?, ?, ?, ?, ?, ?, ?, ?, ?, ?, ?, ?)
make question 3574
Hibernate: insert into question (answer, choice1, choice2, choice3, choice4, choice5, content, correct, create_date, filepath, modify_date, score, subject, teacher_id, time, view) values (?, ?, ?, ?, ?, ?, ?, ?, ?, ?, ?, ?, ?, ?, ?, ?)
make question 3575
Hibernate: insert into question (answer, choice1, choice2, choice3, choice4, choice5, content, correct, create_date, filepath, modify_date, score, subject, teacher_id, time, view) values (?, ?, ?, ?, ?, ?, ?, ?, ?, ?, ?, ?, ?, ?, ?, ?)
make question 3576
Hibernate: insert into question (answer, choice1, choice2, choice3, choice4, choice5, content, correct, create_date, filepath, modify_date, score, subject, teacher_id, time, view) values (?, ?, ?, ?, ?, ?, ?, ?, ?, ?, ?, ?, ?, ?, ?, ?)
make question 3577
Hibernate: insert into question (answer, choice1, choice2, choice3, choice4, choice5, content, correct, create_date, filepath, modify_date, score, subject, teacher_id, time, view) values (?, ?, ?, ?, ?, ?, ?, ?, ?, ?, ?, ?, ?, ?, ?, ?)
make question 3578
Hibernate: insert into question (answer, choice1, choice2, choice3, choice4, choice5, content, correct, create_date, filepath, modify_date, score, subject, teacher_id, time, view) values (?, ?, ?, ?, ?, ?, ?, ?, ?, ?, ?, ?, ?, ?, ?, ?)
make question 3579
Hibernate: insert into question (answer, choice1, choice2, choice3, choice4, choice5, content, correct, create_date, filepath, modify_date, score, subject, teacher_id, time, view) values (?, ?, ?, ?, ?, ?, ?, ?, ?, ?, ?, ?, ?, ?, ?, ?)
make question 3580
Hibernate: insert into question (answer, choice1, choice2, choice3, choice4, choice5, content, correct, create_date, filepath, modify_date, score, subject, teacher_id, time, view) values (?, ?, ?, ?, ?, ?, ?, ?, ?, ?, ?, ?, ?, ?, ?, ?)
make question 3581
Hibernate: insert into question (answer, choice1, choice2, choice3, choice4, choice5, content, correct, create_date, filepath, modify_date, score, subject, teacher_id, time, view) values (?, ?, ?, ?, ?, ?, ?, ?, ?, ?, ?, ?, ?, ?, ?, ?)
make question 3582
Hibernate: insert into question (answer, choice1, choice2, choice3, choice4, choice5, content, correct, create_date, filepath, modify_date, score, subject, teacher_id, time, view) values (?, ?, ?, ?, ?, ?, ?, ?, ?, ?, ?, ?, ?, ?, ?, ?)
make question 3583
Hibernate: insert into question (answer, choice1, choice2, choice3, choice4, choice5, content, correct, create_date, filepath, modify_date, score, subject, teacher_id, time, view) values (?, ?, ?, ?, ?, ?, ?, ?, ?, ?, ?, ?, ?, ?, ?, ?)
make question 3584
Hibernate: insert into question (answer, choice1, choice2, choice3, choice4, choice5, content, correct, create_date, filepath, modify_date, score, subject, teacher_id, time, view) values (?, ?, ?, ?, ?, ?, ?, ?, ?, ?, ?, ?, ?, ?, ?, ?)
make question 3585
Hibernate: insert into question (answer, choice1, choice2, choice3, choice4, choice5, content, correct, create_date, filepath, modify_date, score, subject, teacher_id, time, view) values (?, ?, ?, ?, ?, ?, ?, ?, ?, ?, ?, ?, ?, ?, ?, ?)
make question 3586
Hibernate: insert into question (answer, choice1, choice2, choice3, choice4, choice5, content, correct, create_date, filepath, modify_date, score, subject, teacher_id, time, view) values (?, ?, ?, ?, ?, ?, ?, ?, ?, ?, ?, ?, ?, ?, ?, ?)
make question 3587
Hibernate: insert into question (answer, choice1, choice2, choice3, choice4, choice5, content, correct, create_date, filepath, modify_date, score, subject, teacher_id, time, view) values (?, ?, ?, ?, ?, ?, ?, ?, ?, ?, ?, ?, ?, ?, ?, ?)
make question 3588
Hibernate: insert into question (answer, choice1, choice2, choice3, choice4, choice5, content, correct, create_date, filepath, modify_date, score, subject, teacher_id, time, view) values (?, ?, ?, ?, ?, ?, ?, ?, ?, ?, ?, ?, ?, ?, ?, ?)
make question 3589
Hibernate: insert into question (answer, choice1, choice2, choice3, choice4, choice5, content, correct, create_date, filepath, modify_date, score, subject, teacher_id, time, view) values (?, ?, ?, ?, ?, ?, ?, ?, ?, ?, ?, ?, ?, ?, ?, ?)
make question 3590
Hibernate: insert into question (answer, choice1, choice2, choice3, choice4, choice5, content, correct, create_date, filepath, modify_date, score, subject, teacher_id, time, view) values (?, ?, ?, ?, ?, ?, ?, ?, ?, ?, ?, ?, ?, ?, ?, ?)
make question 3591
Hibernate: insert into question (answer, choice1, choice2, choice3, choice4, choice5, content, correct, create_date, filepath, modify_date, score, subject, teacher_id, time, view) values (?, ?, ?, ?, ?, ?, ?, ?, ?, ?, ?, ?, ?, ?, ?, ?)
make question 3592
Hibernate: insert into question (answer, choice1, choice2, choice3, choice4, choice5, content, correct, create_date, filepath, modify_date, score, subject, teacher_id, time, view) values (?, ?, ?, ?, ?, ?, ?, ?, ?, ?, ?, ?, ?, ?, ?, ?)
make question 3593
Hibernate: insert into question (answer, choice1, choice2, choice3, choice4, choice5, content, correct, create_date, filepath, modify_date, score, subject, teacher_id, time, view) values (?, ?, ?, ?, ?, ?, ?, ?, ?, ?, ?, ?, ?, ?, ?, ?)
make question 3594
Hibernate: insert into question (answer, choice1, choice2, choice3, choice4, choice5, content, correct, create_date, filepath, modify_date, score, subject, teacher_id, time, view) values (?, ?, ?, ?, ?, ?, ?, ?, ?, ?, ?, ?, ?, ?, ?, ?)
make question 3595
Hibernate: insert into question (answer, choice1, choice2, choice3, choice4, choice5, content, correct, create_date, filepath, modify_date, score, subject, teacher_id, time, view) values (?, ?, ?, ?, ?, ?, ?, ?, ?, ?, ?, ?, ?, ?, ?, ?)
make question 3596
Hibernate: insert into question (answer, choice1, choice2, choice3, choice4, choice5, content, correct, create_date, filepath, modify_date, score, subject, teacher_id, time, view) values (?, ?, ?, ?, ?, ?, ?, ?, ?, ?, ?, ?, ?, ?, ?, ?)
make question 3597
Hibernate: insert into question (answer, choice1, choice2, choice3, choice4, choice5, content, correct, create_date, filepath, modify_date, score, subject, teacher_id, time, view) values (?, ?, ?, ?, ?, ?, ?, ?, ?, ?, ?, ?, ?, ?, ?, ?)
make question 3598
Hibernate: insert into question (answer, choice1, choice2, choice3, choice4, choice5, content, correct, create_date, filepath, modify_date, score, subject, teacher_id, time, view) values (?, ?, ?, ?, ?, ?, ?, ?, ?, ?, ?, ?, ?, ?, ?, ?)
make question 3599
Hibernate: insert into question (answer, choice1, choice2, choice3, choice4, choice5, content, correct, create_date, filepath, modify_date, score, subject, teacher_id, time, view) values (?, ?, ?, ?, ?, ?, ?, ?, ?, ?, ?, ?, ?, ?, ?, ?)
make question 3600
Hibernate: insert into question (answer, choice1, choice2, choice3, choice4, choice5, content, correct, create_date, filepath, modify_date, score, subject, teacher_id, time, view) values (?, ?, ?, ?, ?, ?, ?, ?, ?, ?, ?, ?, ?, ?, ?, ?)
make question 3601
Hibernate: insert into question (answer, choice1, choice2, choice3, choice4, choice5, content, correct, create_date, filepath, modify_date, score, subject, teacher_id, time, view) values (?, ?, ?, ?, ?, ?, ?, ?, ?, ?, ?, ?, ?, ?, ?, ?)
make question 3602
Hibernate: insert into question (answer, choice1, choice2, choice3, choice4, choice5, content, correct, create_date, filepath, modify_date, score, subject, teacher_id, time, view) values (?, ?, ?, ?, ?, ?, ?, ?, ?, ?, ?, ?, ?, ?, ?, ?)
make question 3603
Hibernate: insert into question (answer, choice1, choice2, choice3, choice4, choice5, content, correct, create_date, filepath, modify_date, score, subject, teacher_id, time, view) values (?, ?, ?, ?, ?, ?, ?, ?, ?, ?, ?, ?, ?, ?, ?, ?)
make question 3604
Hibernate: insert into question (answer, choice1, choice2, choice3, choice4, choice5, content, correct, create_date, filepath, modify_date, score, subject, teacher_id, time, view) values (?, ?, ?, ?, ?, ?, ?, ?, ?, ?, ?, ?, ?, ?, ?, ?)
make question 3605
Hibernate: insert into question (answer, choice1, choice2, choice3, choice4, choice5, content, correct, create_date, filepath, modify_date, score, subject, teacher_id, time, view) values (?, ?, ?, ?, ?, ?, ?, ?, ?, ?, ?, ?, ?, ?, ?, ?)
make question 3606
Hibernate: insert into question (answer, choice1, choice2, choice3, choice4, choice5, content, correct, create_date, filepath, modify_date, score, subject, teacher_id, time, view) values (?, ?, ?, ?, ?, ?, ?, ?, ?, ?, ?, ?, ?, ?, ?, ?)
make question 3607
Hibernate: insert into question (answer, choice1, choice2, choice3, choice4, choice5, content, correct, create_date, filepath, modify_date, score, subject, teacher_id, time, view) values (?, ?, ?, ?, ?, ?, ?, ?, ?, ?, ?, ?, ?, ?, ?, ?)
make question 3608
Hibernate: insert into question (answer, choice1, choice2, choice3, choice4, choice5, content, correct, create_date, filepath, modify_date, score, subject, teacher_id, time, view) values (?, ?, ?, ?, ?, ?, ?, ?, ?, ?, ?, ?, ?, ?, ?, ?)
make question 3609
Hibernate: insert into question (answer, choice1, choice2, choice3, choice4, choice5, content, correct, create_date, filepath, modify_date, score, subject, teacher_id, time, view) values (?, ?, ?, ?, ?, ?, ?, ?, ?, ?, ?, ?, ?, ?, ?, ?)
make question 3610
Hibernate: insert into question (answer, choice1, choice2, choice3, choice4, choice5, content, correct, create_date, filepath, modify_date, score, subject, teacher_id, time, view) values (?, ?, ?, ?, ?, ?, ?, ?, ?, ?, ?, ?, ?, ?, ?, ?)
make question 3611
Hibernate: insert into question (answer, choice1, choice2, choice3, choice4, choice5, content, correct, create_date, filepath, modify_date, score, subject, teacher_id, time, view) values (?, ?, ?, ?, ?, ?, ?, ?, ?, ?, ?, ?, ?, ?, ?, ?)
make question 3612
Hibernate: insert into question (answer, choice1, choice2, choice3, choice4, choice5, content, correct, create_date, filepath, modify_date, score, subject, teacher_id, time, view) values (?, ?, ?, ?, ?, ?, ?, ?, ?, ?, ?, ?, ?, ?, ?, ?)
make question 3613
Hibernate: insert into question (answer, choice1, choice2, choice3, choice4, choice5, content, correct, create_date, filepath, modify_date, score, subject, teacher_id, time, view) values (?, ?, ?, ?, ?, ?, ?, ?, ?, ?, ?, ?, ?, ?, ?, ?)
make question 3614
Hibernate: insert into question (answer, choice1, choice2, choice3, choice4, choice5, content, correct, create_date, filepath, modify_date, score, subject, teacher_id, time, view) values (?, ?, ?, ?, ?, ?, ?, ?, ?, ?, ?, ?, ?, ?, ?, ?)
make question 3615
Hibernate: insert into question (answer, choice1, choice2, choice3, choice4, choice5, content, correct, create_date, filepath, modify_date, score, subject, teacher_id, time, view) values (?, ?, ?, ?, ?, ?, ?, ?, ?, ?, ?, ?, ?, ?, ?, ?)
make question 3616
Hibernate: insert into question (answer, choice1, choice2, choice3, choice4, choice5, content, correct, create_date, filepath, modify_date, score, subject, teacher_id, time, view) values (?, ?, ?, ?, ?, ?, ?, ?, ?, ?, ?, ?, ?, ?, ?, ?)
make question 3617
Hibernate: insert into question (answer, choice1, choice2, choice3, choice4, choice5, content, correct, create_date, filepath, modify_date, score, subject, teacher_id, time, view) values (?, ?, ?, ?, ?, ?, ?, ?, ?, ?, ?, ?, ?, ?, ?, ?)
make question 3618
Hibernate: insert into question (answer, choice1, choice2, choice3, choice4, choice5, content, correct, create_date, filepath, modify_date, score, subject, teacher_id, time, view) values (?, ?, ?, ?, ?, ?, ?, ?, ?, ?, ?, ?, ?, ?, ?, ?)
make question 3619
Hibernate: insert into question (answer, choice1, choice2, choice3, choice4, choice5, content, correct, create_date, filepath, modify_date, score, subject, teacher_id, time, view) values (?, ?, ?, ?, ?, ?, ?, ?, ?, ?, ?, ?, ?, ?, ?, ?)
make question 3620
Hibernate: insert into question (answer, choice1, choice2, choice3, choice4, choice5, content, correct, create_date, filepath, modify_date, score, subject, teacher_id, time, view) values (?, ?, ?, ?, ?, ?, ?, ?, ?, ?, ?, ?, ?, ?, ?, ?)
make question 3621
Hibernate: insert into question (answer, choice1, choice2, choice3, choice4, choice5, content, correct, create_date, filepath, modify_date, score, subject, teacher_id, time, view) values (?, ?, ?, ?, ?, ?, ?, ?, ?, ?, ?, ?, ?, ?, ?, ?)
make question 3622
Hibernate: insert into question (answer, choice1, choice2, choice3, choice4, choice5, content, correct, create_date, filepath, modify_date, score, subject, teacher_id, time, view) values (?, ?, ?, ?, ?, ?, ?, ?, ?, ?, ?, ?, ?, ?, ?, ?)
make question 3623
Hibernate: insert into question (answer, choice1, choice2, choice3, choice4, choice5, content, correct, create_date, filepath, modify_date, score, subject, teacher_id, time, view) values (?, ?, ?, ?, ?, ?, ?, ?, ?, ?, ?, ?, ?, ?, ?, ?)
make question 3624
Hibernate: insert into question (answer, choice1, choice2, choice3, choice4, choice5, content, correct, create_date, filepath, modify_date, score, subject, teacher_id, time, view) values (?, ?, ?, ?, ?, ?, ?, ?, ?, ?, ?, ?, ?, ?, ?, ?)
make question 3625
Hibernate: insert into question (answer, choice1, choice2, choice3, choice4, choice5, content, correct, create_date, filepath, modify_date, score, subject, teacher_id, time, view) values (?, ?, ?, ?, ?, ?, ?, ?, ?, ?, ?, ?, ?, ?, ?, ?)
make question 3626
Hibernate: insert into question (answer, choice1, choice2, choice3, choice4, choice5, content, correct, create_date, filepath, modify_date, score, subject, teacher_id, time, view) values (?, ?, ?, ?, ?, ?, ?, ?, ?, ?, ?, ?, ?, ?, ?, ?)
make question 3627
Hibernate: insert into question (answer, choice1, choice2, choice3, choice4, choice5, content, correct, create_date, filepath, modify_date, score, subject, teacher_id, time, view) values (?, ?, ?, ?, ?, ?, ?, ?, ?, ?, ?, ?, ?, ?, ?, ?)
make question 3628
Hibernate: insert into question (answer, choice1, choice2, choice3, choice4, choice5, content, correct, create_date, filepath, modify_date, score, subject, teacher_id, time, view) values (?, ?, ?, ?, ?, ?, ?, ?, ?, ?, ?, ?, ?, ?, ?, ?)
make question 3629
Hibernate: insert into question (answer, choice1, choice2, choice3, choice4, choice5, content, correct, create_date, filepath, modify_date, score, subject, teacher_id, time, view) values (?, ?, ?, ?, ?, ?, ?, ?, ?, ?, ?, ?, ?, ?, ?, ?)
make question 3630
Hibernate: insert into question (answer, choice1, choice2, choice3, choice4, choice5, content, correct, create_date, filepath, modify_date, score, subject, teacher_id, time, view) values (?, ?, ?, ?, ?, ?, ?, ?, ?, ?, ?, ?, ?, ?, ?, ?)
make question 3631
Hibernate: insert into question (answer, choice1, choice2, choice3, choice4, choice5, content, correct, create_date, filepath, modify_date, score, subject, teacher_id, time, view) values (?, ?, ?, ?, ?, ?, ?, ?, ?, ?, ?, ?, ?, ?, ?, ?)
make question 3632
Hibernate: insert into question (answer, choice1, choice2, choice3, choice4, choice5, content, correct, create_date, filepath, modify_date, score, subject, teacher_id, time, view) values (?, ?, ?, ?, ?, ?, ?, ?, ?, ?, ?, ?, ?, ?, ?, ?)
make question 3633
Hibernate: insert into question (answer, choice1, choice2, choice3, choice4, choice5, content, correct, create_date, filepath, modify_date, score, subject, teacher_id, time, view) values (?, ?, ?, ?, ?, ?, ?, ?, ?, ?, ?, ?, ?, ?, ?, ?)
make question 3634
Hibernate: insert into question (answer, choice1, choice2, choice3, choice4, choice5, content, correct, create_date, filepath, modify_date, score, subject, teacher_id, time, view) values (?, ?, ?, ?, ?, ?, ?, ?, ?, ?, ?, ?, ?, ?, ?, ?)
make question 3635
Hibernate: insert into question (answer, choice1, choice2, choice3, choice4, choice5, content, correct, create_date, filepath, modify_date, score, subject, teacher_id, time, view) values (?, ?, ?, ?, ?, ?, ?, ?, ?, ?, ?, ?, ?, ?, ?, ?)
make question 3636
Hibernate: insert into question (answer, choice1, choice2, choice3, choice4, choice5, content, correct, create_date, filepath, modify_date, score, subject, teacher_id, time, view) values (?, ?, ?, ?, ?, ?, ?, ?, ?, ?, ?, ?, ?, ?, ?, ?)
make question 3637
Hibernate: insert into question (answer, choice1, choice2, choice3, choice4, choice5, content, correct, create_date, filepath, modify_date, score, subject, teacher_id, time, view) values (?, ?, ?, ?, ?, ?, ?, ?, ?, ?, ?, ?, ?, ?, ?, ?)
make question 3638
Hibernate: insert into question (answer, choice1, choice2, choice3, choice4, choice5, content, correct, create_date, filepath, modify_date, score, subject, teacher_id, time, view) values (?, ?, ?, ?, ?, ?, ?, ?, ?, ?, ?, ?, ?, ?, ?, ?)
make question 3639
Hibernate: insert into question (answer, choice1, choice2, choice3, choice4, choice5, content, correct, create_date, filepath, modify_date, score, subject, teacher_id, time, view) values (?, ?, ?, ?, ?, ?, ?, ?, ?, ?, ?, ?, ?, ?, ?, ?)
make question 3640
Hibernate: insert into question (answer, choice1, choice2, choice3, choice4, choice5, content, correct, create_date, filepath, modify_date, score, subject, teacher_id, time, view) values (?, ?, ?, ?, ?, ?, ?, ?, ?, ?, ?, ?, ?, ?, ?, ?)
make question 3641
Hibernate: insert into question (answer, choice1, choice2, choice3, choice4, choice5, content, correct, create_date, filepath, modify_date, score, subject, teacher_id, time, view) values (?, ?, ?, ?, ?, ?, ?, ?, ?, ?, ?, ?, ?, ?, ?, ?)
make question 3642
Hibernate: insert into question (answer, choice1, choice2, choice3, choice4, choice5, content, correct, create_date, filepath, modify_date, score, subject, teacher_id, time, view) values (?, ?, ?, ?, ?, ?, ?, ?, ?, ?, ?, ?, ?, ?, ?, ?)
make question 3643
Hibernate: insert into question (answer, choice1, choice2, choice3, choice4, choice5, content, correct, create_date, filepath, modify_date, score, subject, teacher_id, time, view) values (?, ?, ?, ?, ?, ?, ?, ?, ?, ?, ?, ?, ?, ?, ?, ?)
make question 3644
Hibernate: insert into question (answer, choice1, choice2, choice3, choice4, choice5, content, correct, create_date, filepath, modify_date, score, subject, teacher_id, time, view) values (?, ?, ?, ?, ?, ?, ?, ?, ?, ?, ?, ?, ?, ?, ?, ?)
make question 3645
Hibernate: insert into question (answer, choice1, choice2, choice3, choice4, choice5, content, correct, create_date, filepath, modify_date, score, subject, teacher_id, time, view) values (?, ?, ?, ?, ?, ?, ?, ?, ?, ?, ?, ?, ?, ?, ?, ?)
make question 3646
Hibernate: insert into question (answer, choice1, choice2, choice3, choice4, choice5, content, correct, create_date, filepath, modify_date, score, subject, teacher_id, time, view) values (?, ?, ?, ?, ?, ?, ?, ?, ?, ?, ?, ?, ?, ?, ?, ?)
make question 3647
Hibernate: insert into question (answer, choice1, choice2, choice3, choice4, choice5, content, correct, create_date, filepath, modify_date, score, subject, teacher_id, time, view) values (?, ?, ?, ?, ?, ?, ?, ?, ?, ?, ?, ?, ?, ?, ?, ?)
make question 3648
Hibernate: insert into question (answer, choice1, choice2, choice3, choice4, choice5, content, correct, create_date, filepath, modify_date, score, subject, teacher_id, time, view) values (?, ?, ?, ?, ?, ?, ?, ?, ?, ?, ?, ?, ?, ?, ?, ?)
make question 3649
Hibernate: insert into question (answer, choice1, choice2, choice3, choice4, choice5, content, correct, create_date, filepath, modify_date, score, subject, teacher_id, time, view) values (?, ?, ?, ?, ?, ?, ?, ?, ?, ?, ?, ?, ?, ?, ?, ?)
make question 3650
Hibernate: insert into question (answer, choice1, choice2, choice3, choice4, choice5, content, correct, create_date, filepath, modify_date, score, subject, teacher_id, time, view) values (?, ?, ?, ?, ?, ?, ?, ?, ?, ?, ?, ?, ?, ?, ?, ?)
make question 3651
Hibernate: insert into question (answer, choice1, choice2, choice3, choice4, choice5, content, correct, create_date, filepath, modify_date, score, subject, teacher_id, time, view) values (?, ?, ?, ?, ?, ?, ?, ?, ?, ?, ?, ?, ?, ?, ?, ?)
make question 3652
Hibernate: insert into question (answer, choice1, choice2, choice3, choice4, choice5, content, correct, create_date, filepath, modify_date, score, subject, teacher_id, time, view) values (?, ?, ?, ?, ?, ?, ?, ?, ?, ?, ?, ?, ?, ?, ?, ?)
make question 3653
Hibernate: insert into question (answer, choice1, choice2, choice3, choice4, choice5, content, correct, create_date, filepath, modify_date, score, subject, teacher_id, time, view) values (?, ?, ?, ?, ?, ?, ?, ?, ?, ?, ?, ?, ?, ?, ?, ?)
make question 3654
Hibernate: insert into question (answer, choice1, choice2, choice3, choice4, choice5, content, correct, create_date, filepath, modify_date, score, subject, teacher_id, time, view) values (?, ?, ?, ?, ?, ?, ?, ?, ?, ?, ?, ?, ?, ?, ?, ?)
make question 3655
Hibernate: insert into question (answer, choice1, choice2, choice3, choice4, choice5, content, correct, create_date, filepath, modify_date, score, subject, teacher_id, time, view) values (?, ?, ?, ?, ?, ?, ?, ?, ?, ?, ?, ?, ?, ?, ?, ?)
make question 3656
Hibernate: insert into question (answer, choice1, choice2, choice3, choice4, choice5, content, correct, create_date, filepath, modify_date, score, subject, teacher_id, time, view) values (?, ?, ?, ?, ?, ?, ?, ?, ?, ?, ?, ?, ?, ?, ?, ?)
make question 3657
Hibernate: insert into question (answer, choice1, choice2, choice3, choice4, choice5, content, correct, create_date, filepath, modify_date, score, subject, teacher_id, time, view) values (?, ?, ?, ?, ?, ?, ?, ?, ?, ?, ?, ?, ?, ?, ?, ?)
make question 3658
Hibernate: insert into question (answer, choice1, choice2, choice3, choice4, choice5, content, correct, create_date, filepath, modify_date, score, subject, teacher_id, time, view) values (?, ?, ?, ?, ?, ?, ?, ?, ?, ?, ?, ?, ?, ?, ?, ?)
make question 3659
Hibernate: insert into question (answer, choice1, choice2, choice3, choice4, choice5, content, correct, create_date, filepath, modify_date, score, subject, teacher_id, time, view) values (?, ?, ?, ?, ?, ?, ?, ?, ?, ?, ?, ?, ?, ?, ?, ?)
make question 3660
Hibernate: insert into question (answer, choice1, choice2, choice3, choice4, choice5, content, correct, create_date, filepath, modify_date, score, subject, teacher_id, time, view) values (?, ?, ?, ?, ?, ?, ?, ?, ?, ?, ?, ?, ?, ?, ?, ?)
make question 3661
Hibernate: insert into question (answer, choice1, choice2, choice3, choice4, choice5, content, correct, create_date, filepath, modify_date, score, subject, teacher_id, time, view) values (?, ?, ?, ?, ?, ?, ?, ?, ?, ?, ?, ?, ?, ?, ?, ?)
make question 3662
Hibernate: insert into question (answer, choice1, choice2, choice3, choice4, choice5, content, correct, create_date, filepath, modify_date, score, subject, teacher_id, time, view) values (?, ?, ?, ?, ?, ?, ?, ?, ?, ?, ?, ?, ?, ?, ?, ?)
make question 3663
Hibernate: insert into question (answer, choice1, choice2, choice3, choice4, choice5, content, correct, create_date, filepath, modify_date, score, subject, teacher_id, time, view) values (?, ?, ?, ?, ?, ?, ?, ?, ?, ?, ?, ?, ?, ?, ?, ?)
make question 3664
Hibernate: insert into question (answer, choice1, choice2, choice3, choice4, choice5, content, correct, create_date, filepath, modify_date, score, subject, teacher_id, time, view) values (?, ?, ?, ?, ?, ?, ?, ?, ?, ?, ?, ?, ?, ?, ?, ?)
make question 3665
Hibernate: insert into question (answer, choice1, choice2, choice3, choice4, choice5, content, correct, create_date, filepath, modify_date, score, subject, teacher_id, time, view) values (?, ?, ?, ?, ?, ?, ?, ?, ?, ?, ?, ?, ?, ?, ?, ?)
make question 3666
Hibernate: insert into question (answer, choice1, choice2, choice3, choice4, choice5, content, correct, create_date, filepath, modify_date, score, subject, teacher_id, time, view) values (?, ?, ?, ?, ?, ?, ?, ?, ?, ?, ?, ?, ?, ?, ?, ?)
make question 3667
Hibernate: insert into question (answer, choice1, choice2, choice3, choice4, choice5, content, correct, create_date, filepath, modify_date, score, subject, teacher_id, time, view) values (?, ?, ?, ?, ?, ?, ?, ?, ?, ?, ?, ?, ?, ?, ?, ?)
make question 3668
Hibernate: insert into question (answer, choice1, choice2, choice3, choice4, choice5, content, correct, create_date, filepath, modify_date, score, subject, teacher_id, time, view) values (?, ?, ?, ?, ?, ?, ?, ?, ?, ?, ?, ?, ?, ?, ?, ?)
make question 3669
Hibernate: insert into question (answer, choice1, choice2, choice3, choice4, choice5, content, correct, create_date, filepath, modify_date, score, subject, teacher_id, time, view) values (?, ?, ?, ?, ?, ?, ?, ?, ?, ?, ?, ?, ?, ?, ?, ?)
make question 3670
Hibernate: insert into question (answer, choice1, choice2, choice3, choice4, choice5, content, correct, create_date, filepath, modify_date, score, subject, teacher_id, time, view) values (?, ?, ?, ?, ?, ?, ?, ?, ?, ?, ?, ?, ?, ?, ?, ?)
make question 3671
Hibernate: insert into question (answer, choice1, choice2, choice3, choice4, choice5, content, correct, create_date, filepath, modify_date, score, subject, teacher_id, time, view) values (?, ?, ?, ?, ?, ?, ?, ?, ?, ?, ?, ?, ?, ?, ?, ?)
make question 3672
Hibernate: insert into question (answer, choice1, choice2, choice3, choice4, choice5, content, correct, create_date, filepath, modify_date, score, subject, teacher_id, time, view) values (?, ?, ?, ?, ?, ?, ?, ?, ?, ?, ?, ?, ?, ?, ?, ?)
make question 3673
Hibernate: insert into question (answer, choice1, choice2, choice3, choice4, choice5, content, correct, create_date, filepath, modify_date, score, subject, teacher_id, time, view) values (?, ?, ?, ?, ?, ?, ?, ?, ?, ?, ?, ?, ?, ?, ?, ?)
make question 3674
Hibernate: insert into question (answer, choice1, choice2, choice3, choice4, choice5, content, correct, create_date, filepath, modify_date, score, subject, teacher_id, time, view) values (?, ?, ?, ?, ?, ?, ?, ?, ?, ?, ?, ?, ?, ?, ?, ?)
make question 3675
Hibernate: insert into question (answer, choice1, choice2, choice3, choice4, choice5, content, correct, create_date, filepath, modify_date, score, subject, teacher_id, time, view) values (?, ?, ?, ?, ?, ?, ?, ?, ?, ?, ?, ?, ?, ?, ?, ?)
make question 3676
Hibernate: insert into question (answer, choice1, choice2, choice3, choice4, choice5, content, correct, create_date, filepath, modify_date, score, subject, teacher_id, time, view) values (?, ?, ?, ?, ?, ?, ?, ?, ?, ?, ?, ?, ?, ?, ?, ?)
make question 3677
Hibernate: insert into question (answer, choice1, choice2, choice3, choice4, choice5, content, correct, create_date, filepath, modify_date, score, subject, teacher_id, time, view) values (?, ?, ?, ?, ?, ?, ?, ?, ?, ?, ?, ?, ?, ?, ?, ?)
make question 3678
Hibernate: insert into question (answer, choice1, choice2, choice3, choice4, choice5, content, correct, create_date, filepath, modify_date, score, subject, teacher_id, time, view) values (?, ?, ?, ?, ?, ?, ?, ?, ?, ?, ?, ?, ?, ?, ?, ?)
make question 3679
Hibernate: insert into question (answer, choice1, choice2, choice3, choice4, choice5, content, correct, create_date, filepath, modify_date, score, subject, teacher_id, time, view) values (?, ?, ?, ?, ?, ?, ?, ?, ?, ?, ?, ?, ?, ?, ?, ?)
make question 3680
Hibernate: insert into question (answer, choice1, choice2, choice3, choice4, choice5, content, correct, create_date, filepath, modify_date, score, subject, teacher_id, time, view) values (?, ?, ?, ?, ?, ?, ?, ?, ?, ?, ?, ?, ?, ?, ?, ?)
make question 3681
Hibernate: insert into question (answer, choice1, choice2, choice3, choice4, choice5, content, correct, create_date, filepath, modify_date, score, subject, teacher_id, time, view) values (?, ?, ?, ?, ?, ?, ?, ?, ?, ?, ?, ?, ?, ?, ?, ?)
make question 3682
Hibernate: insert into question (answer, choice1, choice2, choice3, choice4, choice5, content, correct, create_date, filepath, modify_date, score, subject, teacher_id, time, view) values (?, ?, ?, ?, ?, ?, ?, ?, ?, ?, ?, ?, ?, ?, ?, ?)
make question 3683
Hibernate: insert into question (answer, choice1, choice2, choice3, choice4, choice5, content, correct, create_date, filepath, modify_date, score, subject, teacher_id, time, view) values (?, ?, ?, ?, ?, ?, ?, ?, ?, ?, ?, ?, ?, ?, ?, ?)
make question 3684
Hibernate: insert into question (answer, choice1, choice2, choice3, choice4, choice5, content, correct, create_date, filepath, modify_date, score, subject, teacher_id, time, view) values (?, ?, ?, ?, ?, ?, ?, ?, ?, ?, ?, ?, ?, ?, ?, ?)
make question 3685
Hibernate: insert into question (answer, choice1, choice2, choice3, choice4, choice5, content, correct, create_date, filepath, modify_date, score, subject, teacher_id, time, view) values (?, ?, ?, ?, ?, ?, ?, ?, ?, ?, ?, ?, ?, ?, ?, ?)
make question 3686
Hibernate: insert into question (answer, choice1, choice2, choice3, choice4, choice5, content, correct, create_date, filepath, modify_date, score, subject, teacher_id, time, view) values (?, ?, ?, ?, ?, ?, ?, ?, ?, ?, ?, ?, ?, ?, ?, ?)
make question 3687
Hibernate: insert into question (answer, choice1, choice2, choice3, choice4, choice5, content, correct, create_date, filepath, modify_date, score, subject, teacher_id, time, view) values (?, ?, ?, ?, ?, ?, ?, ?, ?, ?, ?, ?, ?, ?, ?, ?)
make question 3688
Hibernate: insert into question (answer, choice1, choice2, choice3, choice4, choice5, content, correct, create_date, filepath, modify_date, score, subject, teacher_id, time, view) values (?, ?, ?, ?, ?, ?, ?, ?, ?, ?, ?, ?, ?, ?, ?, ?)
make question 3689
Hibernate: insert into question (answer, choice1, choice2, choice3, choice4, choice5, content, correct, create_date, filepath, modify_date, score, subject, teacher_id, time, view) values (?, ?, ?, ?, ?, ?, ?, ?, ?, ?, ?, ?, ?, ?, ?, ?)
make question 3690
Hibernate: insert into question (answer, choice1, choice2, choice3, choice4, choice5, content, correct, create_date, filepath, modify_date, score, subject, teacher_id, time, view) values (?, ?, ?, ?, ?, ?, ?, ?, ?, ?, ?, ?, ?, ?, ?, ?)
make question 3691
Hibernate: insert into question (answer, choice1, choice2, choice3, choice4, choice5, content, correct, create_date, filepath, modify_date, score, subject, teacher_id, time, view) values (?, ?, ?, ?, ?, ?, ?, ?, ?, ?, ?, ?, ?, ?, ?, ?)
make question 3692
Hibernate: insert into question (answer, choice1, choice2, choice3, choice4, choice5, content, correct, create_date, filepath, modify_date, score, subject, teacher_id, time, view) values (?, ?, ?, ?, ?, ?, ?, ?, ?, ?, ?, ?, ?, ?, ?, ?)
make question 3693
Hibernate: insert into question (answer, choice1, choice2, choice3, choice4, choice5, content, correct, create_date, filepath, modify_date, score, subject, teacher_id, time, view) values (?, ?, ?, ?, ?, ?, ?, ?, ?, ?, ?, ?, ?, ?, ?, ?)
make question 3694
Hibernate: insert into question (answer, choice1, choice2, choice3, choice4, choice5, content, correct, create_date, filepath, modify_date, score, subject, teacher_id, time, view) values (?, ?, ?, ?, ?, ?, ?, ?, ?, ?, ?, ?, ?, ?, ?, ?)
make question 3695
Hibernate: insert into question (answer, choice1, choice2, choice3, choice4, choice5, content, correct, create_date, filepath, modify_date, score, subject, teacher_id, time, view) values (?, ?, ?, ?, ?, ?, ?, ?, ?, ?, ?, ?, ?, ?, ?, ?)
make question 3696
Hibernate: insert into question (answer, choice1, choice2, choice3, choice4, choice5, content, correct, create_date, filepath, modify_date, score, subject, teacher_id, time, view) values (?, ?, ?, ?, ?, ?, ?, ?, ?, ?, ?, ?, ?, ?, ?, ?)
make question 3697
Hibernate: insert into question (answer, choice1, choice2, choice3, choice4, choice5, content, correct, create_date, filepath, modify_date, score, subject, teacher_id, time, view) values (?, ?, ?, ?, ?, ?, ?, ?, ?, ?, ?, ?, ?, ?, ?, ?)
make question 3698
Hibernate: insert into question (answer, choice1, choice2, choice3, choice4, choice5, content, correct, create_date, filepath, modify_date, score, subject, teacher_id, time, view) values (?, ?, ?, ?, ?, ?, ?, ?, ?, ?, ?, ?, ?, ?, ?, ?)
make question 3699
Hibernate: insert into question (answer, choice1, choice2, choice3, choice4, choice5, content, correct, create_date, filepath, modify_date, score, subject, teacher_id, time, view) values (?, ?, ?, ?, ?, ?, ?, ?, ?, ?, ?, ?, ?, ?, ?, ?)
make question 3700
Hibernate: insert into question (answer, choice1, choice2, choice3, choice4, choice5, content, correct, create_date, filepath, modify_date, score, subject, teacher_id, time, view) values (?, ?, ?, ?, ?, ?, ?, ?, ?, ?, ?, ?, ?, ?, ?, ?)
make question 3701
Hibernate: insert into question (answer, choice1, choice2, choice3, choice4, choice5, content, correct, create_date, filepath, modify_date, score, subject, teacher_id, time, view) values (?, ?, ?, ?, ?, ?, ?, ?, ?, ?, ?, ?, ?, ?, ?, ?)
make question 3702
Hibernate: insert into question (answer, choice1, choice2, choice3, choice4, choice5, content, correct, create_date, filepath, modify_date, score, subject, teacher_id, time, view) values (?, ?, ?, ?, ?, ?, ?, ?, ?, ?, ?, ?, ?, ?, ?, ?)
make question 3703
Hibernate: insert into question (answer, choice1, choice2, choice3, choice4, choice5, content, correct, create_date, filepath, modify_date, score, subject, teacher_id, time, view) values (?, ?, ?, ?, ?, ?, ?, ?, ?, ?, ?, ?, ?, ?, ?, ?)
make question 3704
Hibernate: insert into question (answer, choice1, choice2, choice3, choice4, choice5, content, correct, create_date, filepath, modify_date, score, subject, teacher_id, time, view) values (?, ?, ?, ?, ?, ?, ?, ?, ?, ?, ?, ?, ?, ?, ?, ?)
make question 3705
Hibernate: insert into question (answer, choice1, choice2, choice3, choice4, choice5, content, correct, create_date, filepath, modify_date, score, subject, teacher_id, time, view) values (?, ?, ?, ?, ?, ?, ?, ?, ?, ?, ?, ?, ?, ?, ?, ?)
make question 3706
Hibernate: insert into question (answer, choice1, choice2, choice3, choice4, choice5, content, correct, create_date, filepath, modify_date, score, subject, teacher_id, time, view) values (?, ?, ?, ?, ?, ?, ?, ?, ?, ?, ?, ?, ?, ?, ?, ?)
make question 3707
Hibernate: insert into question (answer, choice1, choice2, choice3, choice4, choice5, content, correct, create_date, filepath, modify_date, score, subject, teacher_id, time, view) values (?, ?, ?, ?, ?, ?, ?, ?, ?, ?, ?, ?, ?, ?, ?, ?)
make question 3708
Hibernate: insert into question (answer, choice1, choice2, choice3, choice4, choice5, content, correct, create_date, filepath, modify_date, score, subject, teacher_id, time, view) values (?, ?, ?, ?, ?, ?, ?, ?, ?, ?, ?, ?, ?, ?, ?, ?)
make question 3709
Hibernate: insert into question (answer, choice1, choice2, choice3, choice4, choice5, content, correct, create_date, filepath, modify_date, score, subject, teacher_id, time, view) values (?, ?, ?, ?, ?, ?, ?, ?, ?, ?, ?, ?, ?, ?, ?, ?)
make question 3710
Hibernate: insert into question (answer, choice1, choice2, choice3, choice4, choice5, content, correct, create_date, filepath, modify_date, score, subject, teacher_id, time, view) values (?, ?, ?, ?, ?, ?, ?, ?, ?, ?, ?, ?, ?, ?, ?, ?)
make question 3711
Hibernate: insert into question (answer, choice1, choice2, choice3, choice4, choice5, content, correct, create_date, filepath, modify_date, score, subject, teacher_id, time, view) values (?, ?, ?, ?, ?, ?, ?, ?, ?, ?, ?, ?, ?, ?, ?, ?)
make question 3712
Hibernate: insert into question (answer, choice1, choice2, choice3, choice4, choice5, content, correct, create_date, filepath, modify_date, score, subject, teacher_id, time, view) values (?, ?, ?, ?, ?, ?, ?, ?, ?, ?, ?, ?, ?, ?, ?, ?)
make question 3713
Hibernate: insert into question (answer, choice1, choice2, choice3, choice4, choice5, content, correct, create_date, filepath, modify_date, score, subject, teacher_id, time, view) values (?, ?, ?, ?, ?, ?, ?, ?, ?, ?, ?, ?, ?, ?, ?, ?)
make question 3714
Hibernate: insert into question (answer, choice1, choice2, choice3, choice4, choice5, content, correct, create_date, filepath, modify_date, score, subject, teacher_id, time, view) values (?, ?, ?, ?, ?, ?, ?, ?, ?, ?, ?, ?, ?, ?, ?, ?)
make question 3715
Hibernate: insert into question (answer, choice1, choice2, choice3, choice4, choice5, content, correct, create_date, filepath, modify_date, score, subject, teacher_id, time, view) values (?, ?, ?, ?, ?, ?, ?, ?, ?, ?, ?, ?, ?, ?, ?, ?)
make question 3716
Hibernate: insert into question (answer, choice1, choice2, choice3, choice4, choice5, content, correct, create_date, filepath, modify_date, score, subject, teacher_id, time, view) values (?, ?, ?, ?, ?, ?, ?, ?, ?, ?, ?, ?, ?, ?, ?, ?)
make question 3717
Hibernate: insert into question (answer, choice1, choice2, choice3, choice4, choice5, content, correct, create_date, filepath, modify_date, score, subject, teacher_id, time, view) values (?, ?, ?, ?, ?, ?, ?, ?, ?, ?, ?, ?, ?, ?, ?, ?)
make question 3718
Hibernate: insert into question (answer, choice1, choice2, choice3, choice4, choice5, content, correct, create_date, filepath, modify_date, score, subject, teacher_id, time, view) values (?, ?, ?, ?, ?, ?, ?, ?, ?, ?, ?, ?, ?, ?, ?, ?)
make question 3719
Hibernate: insert into question (answer, choice1, choice2, choice3, choice4, choice5, content, correct, create_date, filepath, modify_date, score, subject, teacher_id, time, view) values (?, ?, ?, ?, ?, ?, ?, ?, ?, ?, ?, ?, ?, ?, ?, ?)
make question 3720
Hibernate: insert into question (answer, choice1, choice2, choice3, choice4, choice5, content, correct, create_date, filepath, modify_date, score, subject, teacher_id, time, view) values (?, ?, ?, ?, ?, ?, ?, ?, ?, ?, ?, ?, ?, ?, ?, ?)
make question 3721
Hibernate: insert into question (answer, choice1, choice2, choice3, choice4, choice5, content, correct, create_date, filepath, modify_date, score, subject, teacher_id, time, view) values (?, ?, ?, ?, ?, ?, ?, ?, ?, ?, ?, ?, ?, ?, ?, ?)
make question 3722
Hibernate: insert into question (answer, choice1, choice2, choice3, choice4, choice5, content, correct, create_date, filepath, modify_date, score, subject, teacher_id, time, view) values (?, ?, ?, ?, ?, ?, ?, ?, ?, ?, ?, ?, ?, ?, ?, ?)
make question 3723
Hibernate: insert into question (answer, choice1, choice2, choice3, choice4, choice5, content, correct, create_date, filepath, modify_date, score, subject, teacher_id, time, view) values (?, ?, ?, ?, ?, ?, ?, ?, ?, ?, ?, ?, ?, ?, ?, ?)
make question 3724
Hibernate: insert into question (answer, choice1, choice2, choice3, choice4, choice5, content, correct, create_date, filepath, modify_date, score, subject, teacher_id, time, view) values (?, ?, ?, ?, ?, ?, ?, ?, ?, ?, ?, ?, ?, ?, ?, ?)
make question 3725
Hibernate: insert into question (answer, choice1, choice2, choice3, choice4, choice5, content, correct, create_date, filepath, modify_date, score, subject, teacher_id, time, view) values (?, ?, ?, ?, ?, ?, ?, ?, ?, ?, ?, ?, ?, ?, ?, ?)
make question 3726
Hibernate: insert into question (answer, choice1, choice2, choice3, choice4, choice5, content, correct, create_date, filepath, modify_date, score, subject, teacher_id, time, view) values (?, ?, ?, ?, ?, ?, ?, ?, ?, ?, ?, ?, ?, ?, ?, ?)
make question 3727
Hibernate: insert into question (answer, choice1, choice2, choice3, choice4, choice5, content, correct, create_date, filepath, modify_date, score, subject, teacher_id, time, view) values (?, ?, ?, ?, ?, ?, ?, ?, ?, ?, ?, ?, ?, ?, ?, ?)
make question 3728
Hibernate: insert into question (answer, choice1, choice2, choice3, choice4, choice5, content, correct, create_date, filepath, modify_date, score, subject, teacher_id, time, view) values (?, ?, ?, ?, ?, ?, ?, ?, ?, ?, ?, ?, ?, ?, ?, ?)
make question 3729
Hibernate: insert into question (answer, choice1, choice2, choice3, choice4, choice5, content, correct, create_date, filepath, modify_date, score, subject, teacher_id, time, view) values (?, ?, ?, ?, ?, ?, ?, ?, ?, ?, ?, ?, ?, ?, ?, ?)
make question 3730
Hibernate: insert into question (answer, choice1, choice2, choice3, choice4, choice5, content, correct, create_date, filepath, modify_date, score, subject, teacher_id, time, view) values (?, ?, ?, ?, ?, ?, ?, ?, ?, ?, ?, ?, ?, ?, ?, ?)
make question 3731
Hibernate: insert into question (answer, choice1, choice2, choice3, choice4, choice5, content, correct, create_date, filepath, modify_date, score, subject, teacher_id, time, view) values (?, ?, ?, ?, ?, ?, ?, ?, ?, ?, ?, ?, ?, ?, ?, ?)
make question 3732
Hibernate: insert into question (answer, choice1, choice2, choice3, choice4, choice5, content, correct, create_date, filepath, modify_date, score, subject, teacher_id, time, view) values (?, ?, ?, ?, ?, ?, ?, ?, ?, ?, ?, ?, ?, ?, ?, ?)
make question 3733
Hibernate: insert into question (answer, choice1, choice2, choice3, choice4, choice5, content, correct, create_date, filepath, modify_date, score, subject, teacher_id, time, view) values (?, ?, ?, ?, ?, ?, ?, ?, ?, ?, ?, ?, ?, ?, ?, ?)
make question 3734
Hibernate: insert into question (answer, choice1, choice2, choice3, choice4, choice5, content, correct, create_date, filepath, modify_date, score, subject, teacher_id, time, view) values (?, ?, ?, ?, ?, ?, ?, ?, ?, ?, ?, ?, ?, ?, ?, ?)
make question 3735
Hibernate: insert into question (answer, choice1, choice2, choice3, choice4, choice5, content, correct, create_date, filepath, modify_date, score, subject, teacher_id, time, view) values (?, ?, ?, ?, ?, ?, ?, ?, ?, ?, ?, ?, ?, ?, ?, ?)
make question 3736
Hibernate: insert into question (answer, choice1, choice2, choice3, choice4, choice5, content, correct, create_date, filepath, modify_date, score, subject, teacher_id, time, view) values (?, ?, ?, ?, ?, ?, ?, ?, ?, ?, ?, ?, ?, ?, ?, ?)
make question 3737
Hibernate: insert into question (answer, choice1, choice2, choice3, choice4, choice5, content, correct, create_date, filepath, modify_date, score, subject, teacher_id, time, view) values (?, ?, ?, ?, ?, ?, ?, ?, ?, ?, ?, ?, ?, ?, ?, ?)
make question 3738
Hibernate: insert into question (answer, choice1, choice2, choice3, choice4, choice5, content, correct, create_date, filepath, modify_date, score, subject, teacher_id, time, view) values (?, ?, ?, ?, ?, ?, ?, ?, ?, ?, ?, ?, ?, ?, ?, ?)
make question 3739
Hibernate: insert into question (answer, choice1, choice2, choice3, choice4, choice5, content, correct, create_date, filepath, modify_date, score, subject, teacher_id, time, view) values (?, ?, ?, ?, ?, ?, ?, ?, ?, ?, ?, ?, ?, ?, ?, ?)
make question 3740
Hibernate: insert into question (answer, choice1, choice2, choice3, choice4, choice5, content, correct, create_date, filepath, modify_date, score, subject, teacher_id, time, view) values (?, ?, ?, ?, ?, ?, ?, ?, ?, ?, ?, ?, ?, ?, ?, ?)
make question 3741
Hibernate: insert into question (answer, choice1, choice2, choice3, choice4, choice5, content, correct, create_date, filepath, modify_date, score, subject, teacher_id, time, view) values (?, ?, ?, ?, ?, ?, ?, ?, ?, ?, ?, ?, ?, ?, ?, ?)
make question 3742
Hibernate: insert into question (answer, choice1, choice2, choice3, choice4, choice5, content, correct, create_date, filepath, modify_date, score, subject, teacher_id, time, view) values (?, ?, ?, ?, ?, ?, ?, ?, ?, ?, ?, ?, ?, ?, ?, ?)
make question 3743
Hibernate: insert into question (answer, choice1, choice2, choice3, choice4, choice5, content, correct, create_date, filepath, modify_date, score, subject, teacher_id, time, view) values (?, ?, ?, ?, ?, ?, ?, ?, ?, ?, ?, ?, ?, ?, ?, ?)
make question 3744
Hibernate: insert into question (answer, choice1, choice2, choice3, choice4, choice5, content, correct, create_date, filepath, modify_date, score, subject, teacher_id, time, view) values (?, ?, ?, ?, ?, ?, ?, ?, ?, ?, ?, ?, ?, ?, ?, ?)
make question 3745
Hibernate: insert into question (answer, choice1, choice2, choice3, choice4, choice5, content, correct, create_date, filepath, modify_date, score, subject, teacher_id, time, view) values (?, ?, ?, ?, ?, ?, ?, ?, ?, ?, ?, ?, ?, ?, ?, ?)
make question 3746
Hibernate: insert into question (answer, choice1, choice2, choice3, choice4, choice5, content, correct, create_date, filepath, modify_date, score, subject, teacher_id, time, view) values (?, ?, ?, ?, ?, ?, ?, ?, ?, ?, ?, ?, ?, ?, ?, ?)
make question 3747
Hibernate: insert into question (answer, choice1, choice2, choice3, choice4, choice5, content, correct, create_date, filepath, modify_date, score, subject, teacher_id, time, view) values (?, ?, ?, ?, ?, ?, ?, ?, ?, ?, ?, ?, ?, ?, ?, ?)
make question 3748
Hibernate: insert into question (answer, choice1, choice2, choice3, choice4, choice5, content, correct, create_date, filepath, modify_date, score, subject, teacher_id, time, view) values (?, ?, ?, ?, ?, ?, ?, ?, ?, ?, ?, ?, ?, ?, ?, ?)
make question 3749
Hibernate: insert into question (answer, choice1, choice2, choice3, choice4, choice5, content, correct, create_date, filepath, modify_date, score, subject, teacher_id, time, view) values (?, ?, ?, ?, ?, ?, ?, ?, ?, ?, ?, ?, ?, ?, ?, ?)
make question 3750
Hibernate: insert into question (answer, choice1, choice2, choice3, choice4, choice5, content, correct, create_date, filepath, modify_date, score, subject, teacher_id, time, view) values (?, ?, ?, ?, ?, ?, ?, ?, ?, ?, ?, ?, ?, ?, ?, ?)
make question 3751
Hibernate: insert into question (answer, choice1, choice2, choice3, choice4, choice5, content, correct, create_date, filepath, modify_date, score, subject, teacher_id, time, view) values (?, ?, ?, ?, ?, ?, ?, ?, ?, ?, ?, ?, ?, ?, ?, ?)
make question 3752
Hibernate: insert into question (answer, choice1, choice2, choice3, choice4, choice5, content, correct, create_date, filepath, modify_date, score, subject, teacher_id, time, view) values (?, ?, ?, ?, ?, ?, ?, ?, ?, ?, ?, ?, ?, ?, ?, ?)
make question 3753
Hibernate: insert into question (answer, choice1, choice2, choice3, choice4, choice5, content, correct, create_date, filepath, modify_date, score, subject, teacher_id, time, view) values (?, ?, ?, ?, ?, ?, ?, ?, ?, ?, ?, ?, ?, ?, ?, ?)
make question 3754
Hibernate: insert into question (answer, choice1, choice2, choice3, choice4, choice5, content, correct, create_date, filepath, modify_date, score, subject, teacher_id, time, view) values (?, ?, ?, ?, ?, ?, ?, ?, ?, ?, ?, ?, ?, ?, ?, ?)
make question 3755
Hibernate: insert into question (answer, choice1, choice2, choice3, choice4, choice5, content, correct, create_date, filepath, modify_date, score, subject, teacher_id, time, view) values (?, ?, ?, ?, ?, ?, ?, ?, ?, ?, ?, ?, ?, ?, ?, ?)
make question 3756
Hibernate: insert into question (answer, choice1, choice2, choice3, choice4, choice5, content, correct, create_date, filepath, modify_date, score, subject, teacher_id, time, view) values (?, ?, ?, ?, ?, ?, ?, ?, ?, ?, ?, ?, ?, ?, ?, ?)
make question 3757
Hibernate: insert into question (answer, choice1, choice2, choice3, choice4, choice5, content, correct, create_date, filepath, modify_date, score, subject, teacher_id, time, view) values (?, ?, ?, ?, ?, ?, ?, ?, ?, ?, ?, ?, ?, ?, ?, ?)
make question 3758
Hibernate: insert into question (answer, choice1, choice2, choice3, choice4, choice5, content, correct, create_date, filepath, modify_date, score, subject, teacher_id, time, view) values (?, ?, ?, ?, ?, ?, ?, ?, ?, ?, ?, ?, ?, ?, ?, ?)
make question 3759
Hibernate: insert into question (answer, choice1, choice2, choice3, choice4, choice5, content, correct, create_date, filepath, modify_date, score, subject, teacher_id, time, view) values (?, ?, ?, ?, ?, ?, ?, ?, ?, ?, ?, ?, ?, ?, ?, ?)
make question 3760
Hibernate: insert into question (answer, choice1, choice2, choice3, choice4, choice5, content, correct, create_date, filepath, modify_date, score, subject, teacher_id, time, view) values (?, ?, ?, ?, ?, ?, ?, ?, ?, ?, ?, ?, ?, ?, ?, ?)
make question 3761
Hibernate: insert into question (answer, choice1, choice2, choice3, choice4, choice5, content, correct, create_date, filepath, modify_date, score, subject, teacher_id, time, view) values (?, ?, ?, ?, ?, ?, ?, ?, ?, ?, ?, ?, ?, ?, ?, ?)
make question 3762
Hibernate: insert into question (answer, choice1, choice2, choice3, choice4, choice5, content, correct, create_date, filepath, modify_date, score, subject, teacher_id, time, view) values (?, ?, ?, ?, ?, ?, ?, ?, ?, ?, ?, ?, ?, ?, ?, ?)
make question 3763
Hibernate: insert into question (answer, choice1, choice2, choice3, choice4, choice5, content, correct, create_date, filepath, modify_date, score, subject, teacher_id, time, view) values (?, ?, ?, ?, ?, ?, ?, ?, ?, ?, ?, ?, ?, ?, ?, ?)
make question 3764
Hibernate: insert into question (answer, choice1, choice2, choice3, choice4, choice5, content, correct, create_date, filepath, modify_date, score, subject, teacher_id, time, view) values (?, ?, ?, ?, ?, ?, ?, ?, ?, ?, ?, ?, ?, ?, ?, ?)
make question 3765
Hibernate: insert into question (answer, choice1, choice2, choice3, choice4, choice5, content, correct, create_date, filepath, modify_date, score, subject, teacher_id, time, view) values (?, ?, ?, ?, ?, ?, ?, ?, ?, ?, ?, ?, ?, ?, ?, ?)
make question 3766
Hibernate: insert into question (answer, choice1, choice2, choice3, choice4, choice5, content, correct, create_date, filepath, modify_date, score, subject, teacher_id, time, view) values (?, ?, ?, ?, ?, ?, ?, ?, ?, ?, ?, ?, ?, ?, ?, ?)
make question 3767
Hibernate: insert into question (answer, choice1, choice2, choice3, choice4, choice5, content, correct, create_date, filepath, modify_date, score, subject, teacher_id, time, view) values (?, ?, ?, ?, ?, ?, ?, ?, ?, ?, ?, ?, ?, ?, ?, ?)
make question 3768
Hibernate: insert into question (answer, choice1, choice2, choice3, choice4, choice5, content, correct, create_date, filepath, modify_date, score, subject, teacher_id, time, view) values (?, ?, ?, ?, ?, ?, ?, ?, ?, ?, ?, ?, ?, ?, ?, ?)
make question 3769
Hibernate: insert into question (answer, choice1, choice2, choice3, choice4, choice5, content, correct, create_date, filepath, modify_date, score, subject, teacher_id, time, view) values (?, ?, ?, ?, ?, ?, ?, ?, ?, ?, ?, ?, ?, ?, ?, ?)
make question 3770
Hibernate: insert into question (answer, choice1, choice2, choice3, choice4, choice5, content, correct, create_date, filepath, modify_date, score, subject, teacher_id, time, view) values (?, ?, ?, ?, ?, ?, ?, ?, ?, ?, ?, ?, ?, ?, ?, ?)
make question 3771
Hibernate: insert into question (answer, choice1, choice2, choice3, choice4, choice5, content, correct, create_date, filepath, modify_date, score, subject, teacher_id, time, view) values (?, ?, ?, ?, ?, ?, ?, ?, ?, ?, ?, ?, ?, ?, ?, ?)
make question 3772
Hibernate: insert into question (answer, choice1, choice2, choice3, choice4, choice5, content, correct, create_date, filepath, modify_date, score, subject, teacher_id, time, view) values (?, ?, ?, ?, ?, ?, ?, ?, ?, ?, ?, ?, ?, ?, ?, ?)
make question 3773
Hibernate: insert into question (answer, choice1, choice2, choice3, choice4, choice5, content, correct, create_date, filepath, modify_date, score, subject, teacher_id, time, view) values (?, ?, ?, ?, ?, ?, ?, ?, ?, ?, ?, ?, ?, ?, ?, ?)
make question 3774
Hibernate: insert into question (answer, choice1, choice2, choice3, choice4, choice5, content, correct, create_date, filepath, modify_date, score, subject, teacher_id, time, view) values (?, ?, ?, ?, ?, ?, ?, ?, ?, ?, ?, ?, ?, ?, ?, ?)
make question 3775
Hibernate: insert into question (answer, choice1, choice2, choice3, choice4, choice5, content, correct, create_date, filepath, modify_date, score, subject, teacher_id, time, view) values (?, ?, ?, ?, ?, ?, ?, ?, ?, ?, ?, ?, ?, ?, ?, ?)
make question 3776
Hibernate: insert into question (answer, choice1, choice2, choice3, choice4, choice5, content, correct, create_date, filepath, modify_date, score, subject, teacher_id, time, view) values (?, ?, ?, ?, ?, ?, ?, ?, ?, ?, ?, ?, ?, ?, ?, ?)
make question 3777
Hibernate: insert into question (answer, choice1, choice2, choice3, choice4, choice5, content, correct, create_date, filepath, modify_date, score, subject, teacher_id, time, view) values (?, ?, ?, ?, ?, ?, ?, ?, ?, ?, ?, ?, ?, ?, ?, ?)
make question 3778
Hibernate: insert into question (answer, choice1, choice2, choice3, choice4, choice5, content, correct, create_date, filepath, modify_date, score, subject, teacher_id, time, view) values (?, ?, ?, ?, ?, ?, ?, ?, ?, ?, ?, ?, ?, ?, ?, ?)
make question 3779
Hibernate: insert into question (answer, choice1, choice2, choice3, choice4, choice5, content, correct, create_date, filepath, modify_date, score, subject, teacher_id, time, view) values (?, ?, ?, ?, ?, ?, ?, ?, ?, ?, ?, ?, ?, ?, ?, ?)
make question 3780
Hibernate: insert into question (answer, choice1, choice2, choice3, choice4, choice5, content, correct, create_date, filepath, modify_date, score, subject, teacher_id, time, view) values (?, ?, ?, ?, ?, ?, ?, ?, ?, ?, ?, ?, ?, ?, ?, ?)
make question 3781
Hibernate: insert into question (answer, choice1, choice2, choice3, choice4, choice5, content, correct, create_date, filepath, modify_date, score, subject, teacher_id, time, view) values (?, ?, ?, ?, ?, ?, ?, ?, ?, ?, ?, ?, ?, ?, ?, ?)
make question 3782
Hibernate: insert into question (answer, choice1, choice2, choice3, choice4, choice5, content, correct, create_date, filepath, modify_date, score, subject, teacher_id, time, view) values (?, ?, ?, ?, ?, ?, ?, ?, ?, ?, ?, ?, ?, ?, ?, ?)
make question 3783
Hibernate: insert into question (answer, choice1, choice2, choice3, choice4, choice5, content, correct, create_date, filepath, modify_date, score, subject, teacher_id, time, view) values (?, ?, ?, ?, ?, ?, ?, ?, ?, ?, ?, ?, ?, ?, ?, ?)
make question 3784
Hibernate: insert into question (answer, choice1, choice2, choice3, choice4, choice5, content, correct, create_date, filepath, modify_date, score, subject, teacher_id, time, view) values (?, ?, ?, ?, ?, ?, ?, ?, ?, ?, ?, ?, ?, ?, ?, ?)
make question 3785
Hibernate: insert into question (answer, choice1, choice2, choice3, choice4, choice5, content, correct, create_date, filepath, modify_date, score, subject, teacher_id, time, view) values (?, ?, ?, ?, ?, ?, ?, ?, ?, ?, ?, ?, ?, ?, ?, ?)
make question 3786
Hibernate: insert into question (answer, choice1, choice2, choice3, choice4, choice5, content, correct, create_date, filepath, modify_date, score, subject, teacher_id, time, view) values (?, ?, ?, ?, ?, ?, ?, ?, ?, ?, ?, ?, ?, ?, ?, ?)
make question 3787
Hibernate: insert into question (answer, choice1, choice2, choice3, choice4, choice5, content, correct, create_date, filepath, modify_date, score, subject, teacher_id, time, view) values (?, ?, ?, ?, ?, ?, ?, ?, ?, ?, ?, ?, ?, ?, ?, ?)
make question 3788
Hibernate: insert into question (answer, choice1, choice2, choice3, choice4, choice5, content, correct, create_date, filepath, modify_date, score, subject, teacher_id, time, view) values (?, ?, ?, ?, ?, ?, ?, ?, ?, ?, ?, ?, ?, ?, ?, ?)
make question 3789
Hibernate: insert into question (answer, choice1, choice2, choice3, choice4, choice5, content, correct, create_date, filepath, modify_date, score, subject, teacher_id, time, view) values (?, ?, ?, ?, ?, ?, ?, ?, ?, ?, ?, ?, ?, ?, ?, ?)
make question 3790
Hibernate: insert into question (answer, choice1, choice2, choice3, choice4, choice5, content, correct, create_date, filepath, modify_date, score, subject, teacher_id, time, view) values (?, ?, ?, ?, ?, ?, ?, ?, ?, ?, ?, ?, ?, ?, ?, ?)
make question 3791
Hibernate: insert into question (answer, choice1, choice2, choice3, choice4, choice5, content, correct, create_date, filepath, modify_date, score, subject, teacher_id, time, view) values (?, ?, ?, ?, ?, ?, ?, ?, ?, ?, ?, ?, ?, ?, ?, ?)
make question 3792
Hibernate: insert into question (answer, choice1, choice2, choice3, choice4, choice5, content, correct, create_date, filepath, modify_date, score, subject, teacher_id, time, view) values (?, ?, ?, ?, ?, ?, ?, ?, ?, ?, ?, ?, ?, ?, ?, ?)
make question 3793
Hibernate: insert into question (answer, choice1, choice2, choice3, choice4, choice5, content, correct, create_date, filepath, modify_date, score, subject, teacher_id, time, view) values (?, ?, ?, ?, ?, ?, ?, ?, ?, ?, ?, ?, ?, ?, ?, ?)
make question 3794
Hibernate: insert into question (answer, choice1, choice2, choice3, choice4, choice5, content, correct, create_date, filepath, modify_date, score, subject, teacher_id, time, view) values (?, ?, ?, ?, ?, ?, ?, ?, ?, ?, ?, ?, ?, ?, ?, ?)
make question 3795
Hibernate: insert into question (answer, choice1, choice2, choice3, choice4, choice5, content, correct, create_date, filepath, modify_date, score, subject, teacher_id, time, view) values (?, ?, ?, ?, ?, ?, ?, ?, ?, ?, ?, ?, ?, ?, ?, ?)
make question 3796
Hibernate: insert into question (answer, choice1, choice2, choice3, choice4, choice5, content, correct, create_date, filepath, modify_date, score, subject, teacher_id, time, view) values (?, ?, ?, ?, ?, ?, ?, ?, ?, ?, ?, ?, ?, ?, ?, ?)
make question 3797
Hibernate: insert into question (answer, choice1, choice2, choice3, choice4, choice5, content, correct, create_date, filepath, modify_date, score, subject, teacher_id, time, view) values (?, ?, ?, ?, ?, ?, ?, ?, ?, ?, ?, ?, ?, ?, ?, ?)
make question 3798
Hibernate: insert into question (answer, choice1, choice2, choice3, choice4, choice5, content, correct, create_date, filepath, modify_date, score, subject, teacher_id, time, view) values (?, ?, ?, ?, ?, ?, ?, ?, ?, ?, ?, ?, ?, ?, ?, ?)
make question 3799
Hibernate: insert into question (answer, choice1, choice2, choice3, choice4, choice5, content, correct, create_date, filepath, modify_date, score, subject, teacher_id, time, view) values (?, ?, ?, ?, ?, ?, ?, ?, ?, ?, ?, ?, ?, ?, ?, ?)
make question 3800
Hibernate: insert into question (answer, choice1, choice2, choice3, choice4, choice5, content, correct, create_date, filepath, modify_date, score, subject, teacher_id, time, view) values (?, ?, ?, ?, ?, ?, ?, ?, ?, ?, ?, ?, ?, ?, ?, ?)
make question 3801
Hibernate: insert into question (answer, choice1, choice2, choice3, choice4, choice5, content, correct, create_date, filepath, modify_date, score, subject, teacher_id, time, view) values (?, ?, ?, ?, ?, ?, ?, ?, ?, ?, ?, ?, ?, ?, ?, ?)
make question 3802
Hibernate: insert into question (answer, choice1, choice2, choice3, choice4, choice5, content, correct, create_date, filepath, modify_date, score, subject, teacher_id, time, view) values (?, ?, ?, ?, ?, ?, ?, ?, ?, ?, ?, ?, ?, ?, ?, ?)
make question 3803
Hibernate: insert into question (answer, choice1, choice2, choice3, choice4, choice5, content, correct, create_date, filepath, modify_date, score, subject, teacher_id, time, view) values (?, ?, ?, ?, ?, ?, ?, ?, ?, ?, ?, ?, ?, ?, ?, ?)
make question 3804
Hibernate: insert into question (answer, choice1, choice2, choice3, choice4, choice5, content, correct, create_date, filepath, modify_date, score, subject, teacher_id, time, view) values (?, ?, ?, ?, ?, ?, ?, ?, ?, ?, ?, ?, ?, ?, ?, ?)
make question 3805
Hibernate: insert into question (answer, choice1, choice2, choice3, choice4, choice5, content, correct, create_date, filepath, modify_date, score, subject, teacher_id, time, view) values (?, ?, ?, ?, ?, ?, ?, ?, ?, ?, ?, ?, ?, ?, ?, ?)
make question 3806
Hibernate: insert into question (answer, choice1, choice2, choice3, choice4, choice5, content, correct, create_date, filepath, modify_date, score, subject, teacher_id, time, view) values (?, ?, ?, ?, ?, ?, ?, ?, ?, ?, ?, ?, ?, ?, ?, ?)
make question 3807
Hibernate: insert into question (answer, choice1, choice2, choice3, choice4, choice5, content, correct, create_date, filepath, modify_date, score, subject, teacher_id, time, view) values (?, ?, ?, ?, ?, ?, ?, ?, ?, ?, ?, ?, ?, ?, ?, ?)
make question 3808
Hibernate: insert into question (answer, choice1, choice2, choice3, choice4, choice5, content, correct, create_date, filepath, modify_date, score, subject, teacher_id, time, view) values (?, ?, ?, ?, ?, ?, ?, ?, ?, ?, ?, ?, ?, ?, ?, ?)
make question 3809
Hibernate: insert into question (answer, choice1, choice2, choice3, choice4, choice5, content, correct, create_date, filepath, modify_date, score, subject, teacher_id, time, view) values (?, ?, ?, ?, ?, ?, ?, ?, ?, ?, ?, ?, ?, ?, ?, ?)
make question 3810
Hibernate: insert into question (answer, choice1, choice2, choice3, choice4, choice5, content, correct, create_date, filepath, modify_date, score, subject, teacher_id, time, view) values (?, ?, ?, ?, ?, ?, ?, ?, ?, ?, ?, ?, ?, ?, ?, ?)
make question 3811
Hibernate: insert into question (answer, choice1, choice2, choice3, choice4, choice5, content, correct, create_date, filepath, modify_date, score, subject, teacher_id, time, view) values (?, ?, ?, ?, ?, ?, ?, ?, ?, ?, ?, ?, ?, ?, ?, ?)
make question 3812
Hibernate: insert into question (answer, choice1, choice2, choice3, choice4, choice5, content, correct, create_date, filepath, modify_date, score, subject, teacher_id, time, view) values (?, ?, ?, ?, ?, ?, ?, ?, ?, ?, ?, ?, ?, ?, ?, ?)
make question 3813
Hibernate: insert into question (answer, choice1, choice2, choice3, choice4, choice5, content, correct, create_date, filepath, modify_date, score, subject, teacher_id, time, view) values (?, ?, ?, ?, ?, ?, ?, ?, ?, ?, ?, ?, ?, ?, ?, ?)
make question 3814
Hibernate: insert into question (answer, choice1, choice2, choice3, choice4, choice5, content, correct, create_date, filepath, modify_date, score, subject, teacher_id, time, view) values (?, ?, ?, ?, ?, ?, ?, ?, ?, ?, ?, ?, ?, ?, ?, ?)
make question 3815
Hibernate: insert into question (answer, choice1, choice2, choice3, choice4, choice5, content, correct, create_date, filepath, modify_date, score, subject, teacher_id, time, view) values (?, ?, ?, ?, ?, ?, ?, ?, ?, ?, ?, ?, ?, ?, ?, ?)
make question 3816
Hibernate: insert into question (answer, choice1, choice2, choice3, choice4, choice5, content, correct, create_date, filepath, modify_date, score, subject, teacher_id, time, view) values (?, ?, ?, ?, ?, ?, ?, ?, ?, ?, ?, ?, ?, ?, ?, ?)
make question 3817
Hibernate: insert into question (answer, choice1, choice2, choice3, choice4, choice5, content, correct, create_date, filepath, modify_date, score, subject, teacher_id, time, view) values (?, ?, ?, ?, ?, ?, ?, ?, ?, ?, ?, ?, ?, ?, ?, ?)
make question 3818
Hibernate: insert into question (answer, choice1, choice2, choice3, choice4, choice5, content, correct, create_date, filepath, modify_date, score, subject, teacher_id, time, view) values (?, ?, ?, ?, ?, ?, ?, ?, ?, ?, ?, ?, ?, ?, ?, ?)
make question 3819
Hibernate: insert into question (answer, choice1, choice2, choice3, choice4, choice5, content, correct, create_date, filepath, modify_date, score, subject, teacher_id, time, view) values (?, ?, ?, ?, ?, ?, ?, ?, ?, ?, ?, ?, ?, ?, ?, ?)
make question 3820
Hibernate: insert into question (answer, choice1, choice2, choice3, choice4, choice5, content, correct, create_date, filepath, modify_date, score, subject, teacher_id, time, view) values (?, ?, ?, ?, ?, ?, ?, ?, ?, ?, ?, ?, ?, ?, ?, ?)
make question 3821
Hibernate: insert into question (answer, choice1, choice2, choice3, choice4, choice5, content, correct, create_date, filepath, modify_date, score, subject, teacher_id, time, view) values (?, ?, ?, ?, ?, ?, ?, ?, ?, ?, ?, ?, ?, ?, ?, ?)
make question 3822
Hibernate: insert into question (answer, choice1, choice2, choice3, choice4, choice5, content, correct, create_date, filepath, modify_date, score, subject, teacher_id, time, view) values (?, ?, ?, ?, ?, ?, ?, ?, ?, ?, ?, ?, ?, ?, ?, ?)
make question 3823
Hibernate: insert into question (answer, choice1, choice2, choice3, choice4, choice5, content, correct, create_date, filepath, modify_date, score, subject, teacher_id, time, view) values (?, ?, ?, ?, ?, ?, ?, ?, ?, ?, ?, ?, ?, ?, ?, ?)
make question 3824
Hibernate: insert into question (answer, choice1, choice2, choice3, choice4, choice5, content, correct, create_date, filepath, modify_date, score, subject, teacher_id, time, view) values (?, ?, ?, ?, ?, ?, ?, ?, ?, ?, ?, ?, ?, ?, ?, ?)
make question 3825
Hibernate: insert into question (answer, choice1, choice2, choice3, choice4, choice5, content, correct, create_date, filepath, modify_date, score, subject, teacher_id, time, view) values (?, ?, ?, ?, ?, ?, ?, ?, ?, ?, ?, ?, ?, ?, ?, ?)
make question 3826
Hibernate: insert into question (answer, choice1, choice2, choice3, choice4, choice5, content, correct, create_date, filepath, modify_date, score, subject, teacher_id, time, view) values (?, ?, ?, ?, ?, ?, ?, ?, ?, ?, ?, ?, ?, ?, ?, ?)
make question 3827
Hibernate: insert into question (answer, choice1, choice2, choice3, choice4, choice5, content, correct, create_date, filepath, modify_date, score, subject, teacher_id, time, view) values (?, ?, ?, ?, ?, ?, ?, ?, ?, ?, ?, ?, ?, ?, ?, ?)
make question 3828
Hibernate: insert into question (answer, choice1, choice2, choice3, choice4, choice5, content, correct, create_date, filepath, modify_date, score, subject, teacher_id, time, view) values (?, ?, ?, ?, ?, ?, ?, ?, ?, ?, ?, ?, ?, ?, ?, ?)
make question 3829
Hibernate: insert into question (answer, choice1, choice2, choice3, choice4, choice5, content, correct, create_date, filepath, modify_date, score, subject, teacher_id, time, view) values (?, ?, ?, ?, ?, ?, ?, ?, ?, ?, ?, ?, ?, ?, ?, ?)
make question 3830
Hibernate: insert into question (answer, choice1, choice2, choice3, choice4, choice5, content, correct, create_date, filepath, modify_date, score, subject, teacher_id, time, view) values (?, ?, ?, ?, ?, ?, ?, ?, ?, ?, ?, ?, ?, ?, ?, ?)
make question 3831
Hibernate: insert into question (answer, choice1, choice2, choice3, choice4, choice5, content, correct, create_date, filepath, modify_date, score, subject, teacher_id, time, view) values (?, ?, ?, ?, ?, ?, ?, ?, ?, ?, ?, ?, ?, ?, ?, ?)
make question 3832
Hibernate: insert into question (answer, choice1, choice2, choice3, choice4, choice5, content, correct, create_date, filepath, modify_date, score, subject, teacher_id, time, view) values (?, ?, ?, ?, ?, ?, ?, ?, ?, ?, ?, ?, ?, ?, ?, ?)
make question 3833
Hibernate: insert into question (answer, choice1, choice2, choice3, choice4, choice5, content, correct, create_date, filepath, modify_date, score, subject, teacher_id, time, view) values (?, ?, ?, ?, ?, ?, ?, ?, ?, ?, ?, ?, ?, ?, ?, ?)
make question 3834
Hibernate: insert into question (answer, choice1, choice2, choice3, choice4, choice5, content, correct, create_date, filepath, modify_date, score, subject, teacher_id, time, view) values (?, ?, ?, ?, ?, ?, ?, ?, ?, ?, ?, ?, ?, ?, ?, ?)
make question 3835
Hibernate: insert into question (answer, choice1, choice2, choice3, choice4, choice5, content, correct, create_date, filepath, modify_date, score, subject, teacher_id, time, view) values (?, ?, ?, ?, ?, ?, ?, ?, ?, ?, ?, ?, ?, ?, ?, ?)
make question 3836
Hibernate: insert into question (answer, choice1, choice2, choice3, choice4, choice5, content, correct, create_date, filepath, modify_date, score, subject, teacher_id, time, view) values (?, ?, ?, ?, ?, ?, ?, ?, ?, ?, ?, ?, ?, ?, ?, ?)
make question 3837
Hibernate: insert into question (answer, choice1, choice2, choice3, choice4, choice5, content, correct, create_date, filepath, modify_date, score, subject, teacher_id, time, view) values (?, ?, ?, ?, ?, ?, ?, ?, ?, ?, ?, ?, ?, ?, ?, ?)
make question 3838
Hibernate: insert into question (answer, choice1, choice2, choice3, choice4, choice5, content, correct, create_date, filepath, modify_date, score, subject, teacher_id, time, view) values (?, ?, ?, ?, ?, ?, ?, ?, ?, ?, ?, ?, ?, ?, ?, ?)
make question 3839
Hibernate: insert into question (answer, choice1, choice2, choice3, choice4, choice5, content, correct, create_date, filepath, modify_date, score, subject, teacher_id, time, view) values (?, ?, ?, ?, ?, ?, ?, ?, ?, ?, ?, ?, ?, ?, ?, ?)
make question 3840
Hibernate: insert into question (answer, choice1, choice2, choice3, choice4, choice5, content, correct, create_date, filepath, modify_date, score, subject, teacher_id, time, view) values (?, ?, ?, ?, ?, ?, ?, ?, ?, ?, ?, ?, ?, ?, ?, ?)
make question 3841
Hibernate: insert into question (answer, choice1, choice2, choice3, choice4, choice5, content, correct, create_date, filepath, modify_date, score, subject, teacher_id, time, view) values (?, ?, ?, ?, ?, ?, ?, ?, ?, ?, ?, ?, ?, ?, ?, ?)
make question 3842
Hibernate: insert into question (answer, choice1, choice2, choice3, choice4, choice5, content, correct, create_date, filepath, modify_date, score, subject, teacher_id, time, view) values (?, ?, ?, ?, ?, ?, ?, ?, ?, ?, ?, ?, ?, ?, ?, ?)
make question 3843
Hibernate: insert into question (answer, choice1, choice2, choice3, choice4, choice5, content, correct, create_date, filepath, modify_date, score, subject, teacher_id, time, view) values (?, ?, ?, ?, ?, ?, ?, ?, ?, ?, ?, ?, ?, ?, ?, ?)
make question 3844
Hibernate: insert into question (answer, choice1, choice2, choice3, choice4, choice5, content, correct, create_date, filepath, modify_date, score, subject, teacher_id, time, view) values (?, ?, ?, ?, ?, ?, ?, ?, ?, ?, ?, ?, ?, ?, ?, ?)
make question 3845
Hibernate: insert into question (answer, choice1, choice2, choice3, choice4, choice5, content, correct, create_date, filepath, modify_date, score, subject, teacher_id, time, view) values (?, ?, ?, ?, ?, ?, ?, ?, ?, ?, ?, ?, ?, ?, ?, ?)
make question 3846
Hibernate: insert into question (answer, choice1, choice2, choice3, choice4, choice5, content, correct, create_date, filepath, modify_date, score, subject, teacher_id, time, view) values (?, ?, ?, ?, ?, ?, ?, ?, ?, ?, ?, ?, ?, ?, ?, ?)
make question 3847
Hibernate: insert into question (answer, choice1, choice2, choice3, choice4, choice5, content, correct, create_date, filepath, modify_date, score, subject, teacher_id, time, view) values (?, ?, ?, ?, ?, ?, ?, ?, ?, ?, ?, ?, ?, ?, ?, ?)
make question 3848
Hibernate: insert into question (answer, choice1, choice2, choice3, choice4, choice5, content, correct, create_date, filepath, modify_date, score, subject, teacher_id, time, view) values (?, ?, ?, ?, ?, ?, ?, ?, ?, ?, ?, ?, ?, ?, ?, ?)
make question 3849
Hibernate: insert into question (answer, choice1, choice2, choice3, choice4, choice5, content, correct, create_date, filepath, modify_date, score, subject, teacher_id, time, view) values (?, ?, ?, ?, ?, ?, ?, ?, ?, ?, ?, ?, ?, ?, ?, ?)
make question 3850
Hibernate: insert into question (answer, choice1, choice2, choice3, choice4, choice5, content, correct, create_date, filepath, modify_date, score, subject, teacher_id, time, view) values (?, ?, ?, ?, ?, ?, ?, ?, ?, ?, ?, ?, ?, ?, ?, ?)
make question 3851
Hibernate: insert into question (answer, choice1, choice2, choice3, choice4, choice5, content, correct, create_date, filepath, modify_date, score, subject, teacher_id, time, view) values (?, ?, ?, ?, ?, ?, ?, ?, ?, ?, ?, ?, ?, ?, ?, ?)
make question 3852
Hibernate: insert into question (answer, choice1, choice2, choice3, choice4, choice5, content, correct, create_date, filepath, modify_date, score, subject, teacher_id, time, view) values (?, ?, ?, ?, ?, ?, ?, ?, ?, ?, ?, ?, ?, ?, ?, ?)
make question 3853
Hibernate: insert into question (answer, choice1, choice2, choice3, choice4, choice5, content, correct, create_date, filepath, modify_date, score, subject, teacher_id, time, view) values (?, ?, ?, ?, ?, ?, ?, ?, ?, ?, ?, ?, ?, ?, ?, ?)
make question 3854
Hibernate: insert into question (answer, choice1, choice2, choice3, choice4, choice5, content, correct, create_date, filepath, modify_date, score, subject, teacher_id, time, view) values (?, ?, ?, ?, ?, ?, ?, ?, ?, ?, ?, ?, ?, ?, ?, ?)
make question 3855
Hibernate: insert into question (answer, choice1, choice2, choice3, choice4, choice5, content, correct, create_date, filepath, modify_date, score, subject, teacher_id, time, view) values (?, ?, ?, ?, ?, ?, ?, ?, ?, ?, ?, ?, ?, ?, ?, ?)
make question 3856
Hibernate: insert into question (answer, choice1, choice2, choice3, choice4, choice5, content, correct, create_date, filepath, modify_date, score, subject, teacher_id, time, view) values (?, ?, ?, ?, ?, ?, ?, ?, ?, ?, ?, ?, ?, ?, ?, ?)
make question 3857
Hibernate: insert into question (answer, choice1, choice2, choice3, choice4, choice5, content, correct, create_date, filepath, modify_date, score, subject, teacher_id, time, view) values (?, ?, ?, ?, ?, ?, ?, ?, ?, ?, ?, ?, ?, ?, ?, ?)
make question 3858
Hibernate: insert into question (answer, choice1, choice2, choice3, choice4, choice5, content, correct, create_date, filepath, modify_date, score, subject, teacher_id, time, view) values (?, ?, ?, ?, ?, ?, ?, ?, ?, ?, ?, ?, ?, ?, ?, ?)
make question 3859
Hibernate: insert into question (answer, choice1, choice2, choice3, choice4, choice5, content, correct, create_date, filepath, modify_date, score, subject, teacher_id, time, view) values (?, ?, ?, ?, ?, ?, ?, ?, ?, ?, ?, ?, ?, ?, ?, ?)
make question 3860
Hibernate: insert into question (answer, choice1, choice2, choice3, choice4, choice5, content, correct, create_date, filepath, modify_date, score, subject, teacher_id, time, view) values (?, ?, ?, ?, ?, ?, ?, ?, ?, ?, ?, ?, ?, ?, ?, ?)
make question 3861
Hibernate: insert into question (answer, choice1, choice2, choice3, choice4, choice5, content, correct, create_date, filepath, modify_date, score, subject, teacher_id, time, view) values (?, ?, ?, ?, ?, ?, ?, ?, ?, ?, ?, ?, ?, ?, ?, ?)
make question 3862
Hibernate: insert into question (answer, choice1, choice2, choice3, choice4, choice5, content, correct, create_date, filepath, modify_date, score, subject, teacher_id, time, view) values (?, ?, ?, ?, ?, ?, ?, ?, ?, ?, ?, ?, ?, ?, ?, ?)
make question 3863
Hibernate: insert into question (answer, choice1, choice2, choice3, choice4, choice5, content, correct, create_date, filepath, modify_date, score, subject, teacher_id, time, view) values (?, ?, ?, ?, ?, ?, ?, ?, ?, ?, ?, ?, ?, ?, ?, ?)
make question 3864
Hibernate: insert into question (answer, choice1, choice2, choice3, choice4, choice5, content, correct, create_date, filepath, modify_date, score, subject, teacher_id, time, view) values (?, ?, ?, ?, ?, ?, ?, ?, ?, ?, ?, ?, ?, ?, ?, ?)
make question 3865
Hibernate: insert into question (answer, choice1, choice2, choice3, choice4, choice5, content, correct, create_date, filepath, modify_date, score, subject, teacher_id, time, view) values (?, ?, ?, ?, ?, ?, ?, ?, ?, ?, ?, ?, ?, ?, ?, ?)
make question 3866
Hibernate: insert into question (answer, choice1, choice2, choice3, choice4, choice5, content, correct, create_date, filepath, modify_date, score, subject, teacher_id, time, view) values (?, ?, ?, ?, ?, ?, ?, ?, ?, ?, ?, ?, ?, ?, ?, ?)
make question 3867
Hibernate: insert into question (answer, choice1, choice2, choice3, choice4, choice5, content, correct, create_date, filepath, modify_date, score, subject, teacher_id, time, view) values (?, ?, ?, ?, ?, ?, ?, ?, ?, ?, ?, ?, ?, ?, ?, ?)
make question 3868
Hibernate: insert into question (answer, choice1, choice2, choice3, choice4, choice5, content, correct, create_date, filepath, modify_date, score, subject, teacher_id, time, view) values (?, ?, ?, ?, ?, ?, ?, ?, ?, ?, ?, ?, ?, ?, ?, ?)
make question 3869
Hibernate: insert into question (answer, choice1, choice2, choice3, choice4, choice5, content, correct, create_date, filepath, modify_date, score, subject, teacher_id, time, view) values (?, ?, ?, ?, ?, ?, ?, ?, ?, ?, ?, ?, ?, ?, ?, ?)
make question 3870
Hibernate: insert into question (answer, choice1, choice2, choice3, choice4, choice5, content, correct, create_date, filepath, modify_date, score, subject, teacher_id, time, view) values (?, ?, ?, ?, ?, ?, ?, ?, ?, ?, ?, ?, ?, ?, ?, ?)
make question 3871
Hibernate: insert into question (answer, choice1, choice2, choice3, choice4, choice5, content, correct, create_date, filepath, modify_date, score, subject, teacher_id, time, view) values (?, ?, ?, ?, ?, ?, ?, ?, ?, ?, ?, ?, ?, ?, ?, ?)
make question 3872
Hibernate: insert into question (answer, choice1, choice2, choice3, choice4, choice5, content, correct, create_date, filepath, modify_date, score, subject, teacher_id, time, view) values (?, ?, ?, ?, ?, ?, ?, ?, ?, ?, ?, ?, ?, ?, ?, ?)
make question 3873
Hibernate: insert into question (answer, choice1, choice2, choice3, choice4, choice5, content, correct, create_date, filepath, modify_date, score, subject, teacher_id, time, view) values (?, ?, ?, ?, ?, ?, ?, ?, ?, ?, ?, ?, ?, ?, ?, ?)
make question 3874
Hibernate: insert into question (answer, choice1, choice2, choice3, choice4, choice5, content, correct, create_date, filepath, modify_date, score, subject, teacher_id, time, view) values (?, ?, ?, ?, ?, ?, ?, ?, ?, ?, ?, ?, ?, ?, ?, ?)
make question 3875
Hibernate: insert into question (answer, choice1, choice2, choice3, choice4, choice5, content, correct, create_date, filepath, modify_date, score, subject, teacher_id, time, view) values (?, ?, ?, ?, ?, ?, ?, ?, ?, ?, ?, ?, ?, ?, ?, ?)
make question 3876
Hibernate: insert into question (answer, choice1, choice2, choice3, choice4, choice5, content, correct, create_date, filepath, modify_date, score, subject, teacher_id, time, view) values (?, ?, ?, ?, ?, ?, ?, ?, ?, ?, ?, ?, ?, ?, ?, ?)
make question 3877
Hibernate: insert into question (answer, choice1, choice2, choice3, choice4, choice5, content, correct, create_date, filepath, modify_date, score, subject, teacher_id, time, view) values (?, ?, ?, ?, ?, ?, ?, ?, ?, ?, ?, ?, ?, ?, ?, ?)
make question 3878
Hibernate: insert into question (answer, choice1, choice2, choice3, choice4, choice5, content, correct, create_date, filepath, modify_date, score, subject, teacher_id, time, view) values (?, ?, ?, ?, ?, ?, ?, ?, ?, ?, ?, ?, ?, ?, ?, ?)
make question 3879
Hibernate: insert into question (answer, choice1, choice2, choice3, choice4, choice5, content, correct, create_date, filepath, modify_date, score, subject, teacher_id, time, view) values (?, ?, ?, ?, ?, ?, ?, ?, ?, ?, ?, ?, ?, ?, ?, ?)
make question 3880
Hibernate: insert into question (answer, choice1, choice2, choice3, choice4, choice5, content, correct, create_date, filepath, modify_date, score, subject, teacher_id, time, view) values (?, ?, ?, ?, ?, ?, ?, ?, ?, ?, ?, ?, ?, ?, ?, ?)
make question 3881
Hibernate: insert into question (answer, choice1, choice2, choice3, choice4, choice5, content, correct, create_date, filepath, modify_date, score, subject, teacher_id, time, view) values (?, ?, ?, ?, ?, ?, ?, ?, ?, ?, ?, ?, ?, ?, ?, ?)
make question 3882
Hibernate: insert into question (answer, choice1, choice2, choice3, choice4, choice5, content, correct, create_date, filepath, modify_date, score, subject, teacher_id, time, view) values (?, ?, ?, ?, ?, ?, ?, ?, ?, ?, ?, ?, ?, ?, ?, ?)
make question 3883
Hibernate: insert into question (answer, choice1, choice2, choice3, choice4, choice5, content, correct, create_date, filepath, modify_date, score, subject, teacher_id, time, view) values (?, ?, ?, ?, ?, ?, ?, ?, ?, ?, ?, ?, ?, ?, ?, ?)
make question 3884
Hibernate: insert into question (answer, choice1, choice2, choice3, choice4, choice5, content, correct, create_date, filepath, modify_date, score, subject, teacher_id, time, view) values (?, ?, ?, ?, ?, ?, ?, ?, ?, ?, ?, ?, ?, ?, ?, ?)
make question 3885
Hibernate: insert into question (answer, choice1, choice2, choice3, choice4, choice5, content, correct, create_date, filepath, modify_date, score, subject, teacher_id, time, view) values (?, ?, ?, ?, ?, ?, ?, ?, ?, ?, ?, ?, ?, ?, ?, ?)
make question 3886
Hibernate: insert into question (answer, choice1, choice2, choice3, choice4, choice5, content, correct, create_date, filepath, modify_date, score, subject, teacher_id, time, view) values (?, ?, ?, ?, ?, ?, ?, ?, ?, ?, ?, ?, ?, ?, ?, ?)
make question 3887
Hibernate: insert into question (answer, choice1, choice2, choice3, choice4, choice5, content, correct, create_date, filepath, modify_date, score, subject, teacher_id, time, view) values (?, ?, ?, ?, ?, ?, ?, ?, ?, ?, ?, ?, ?, ?, ?, ?)
make question 3888
Hibernate: insert into question (answer, choice1, choice2, choice3, choice4, choice5, content, correct, create_date, filepath, modify_date, score, subject, teacher_id, time, view) values (?, ?, ?, ?, ?, ?, ?, ?, ?, ?, ?, ?, ?, ?, ?, ?)
make question 3889
Hibernate: insert into question (answer, choice1, choice2, choice3, choice4, choice5, content, correct, create_date, filepath, modify_date, score, subject, teacher_id, time, view) values (?, ?, ?, ?, ?, ?, ?, ?, ?, ?, ?, ?, ?, ?, ?, ?)
make question 3890
Hibernate: insert into question (answer, choice1, choice2, choice3, choice4, choice5, content, correct, create_date, filepath, modify_date, score, subject, teacher_id, time, view) values (?, ?, ?, ?, ?, ?, ?, ?, ?, ?, ?, ?, ?, ?, ?, ?)
make question 3891
Hibernate: insert into question (answer, choice1, choice2, choice3, choice4, choice5, content, correct, create_date, filepath, modify_date, score, subject, teacher_id, time, view) values (?, ?, ?, ?, ?, ?, ?, ?, ?, ?, ?, ?, ?, ?, ?, ?)
make question 3892
Hibernate: insert into question (answer, choice1, choice2, choice3, choice4, choice5, content, correct, create_date, filepath, modify_date, score, subject, teacher_id, time, view) values (?, ?, ?, ?, ?, ?, ?, ?, ?, ?, ?, ?, ?, ?, ?, ?)
make question 3893
Hibernate: insert into question (answer, choice1, choice2, choice3, choice4, choice5, content, correct, create_date, filepath, modify_date, score, subject, teacher_id, time, view) values (?, ?, ?, ?, ?, ?, ?, ?, ?, ?, ?, ?, ?, ?, ?, ?)
make question 3894
Hibernate: insert into question (answer, choice1, choice2, choice3, choice4, choice5, content, correct, create_date, filepath, modify_date, score, subject, teacher_id, time, view) values (?, ?, ?, ?, ?, ?, ?, ?, ?, ?, ?, ?, ?, ?, ?, ?)
make question 3895
Hibernate: insert into question (answer, choice1, choice2, choice3, choice4, choice5, content, correct, create_date, filepath, modify_date, score, subject, teacher_id, time, view) values (?, ?, ?, ?, ?, ?, ?, ?, ?, ?, ?, ?, ?, ?, ?, ?)
make question 3896
Hibernate: insert into question (answer, choice1, choice2, choice3, choice4, choice5, content, correct, create_date, filepath, modify_date, score, subject, teacher_id, time, view) values (?, ?, ?, ?, ?, ?, ?, ?, ?, ?, ?, ?, ?, ?, ?, ?)
make question 3897
Hibernate: insert into question (answer, choice1, choice2, choice3, choice4, choice5, content, correct, create_date, filepath, modify_date, score, subject, teacher_id, time, view) values (?, ?, ?, ?, ?, ?, ?, ?, ?, ?, ?, ?, ?, ?, ?, ?)
make question 3898
Hibernate: insert into question (answer, choice1, choice2, choice3, choice4, choice5, content, correct, create_date, filepath, modify_date, score, subject, teacher_id, time, view) values (?, ?, ?, ?, ?, ?, ?, ?, ?, ?, ?, ?, ?, ?, ?, ?)
make question 3899
Hibernate: insert into question (answer, choice1, choice2, choice3, choice4, choice5, content, correct, create_date, filepath, modify_date, score, subject, teacher_id, time, view) values (?, ?, ?, ?, ?, ?, ?, ?, ?, ?, ?, ?, ?, ?, ?, ?)
make question 3900
Hibernate: insert into question (answer, choice1, choice2, choice3, choice4, choice5, content, correct, create_date, filepath, modify_date, score, subject, teacher_id, time, view) values (?, ?, ?, ?, ?, ?, ?, ?, ?, ?, ?, ?, ?, ?, ?, ?)
make question 3901
Hibernate: insert into question (answer, choice1, choice2, choice3, choice4, choice5, content, correct, create_date, filepath, modify_date, score, subject, teacher_id, time, view) values (?, ?, ?, ?, ?, ?, ?, ?, ?, ?, ?, ?, ?, ?, ?, ?)
make question 3902
Hibernate: insert into question (answer, choice1, choice2, choice3, choice4, choice5, content, correct, create_date, filepath, modify_date, score, subject, teacher_id, time, view) values (?, ?, ?, ?, ?, ?, ?, ?, ?, ?, ?, ?, ?, ?, ?, ?)
make question 3903
Hibernate: insert into question (answer, choice1, choice2, choice3, choice4, choice5, content, correct, create_date, filepath, modify_date, score, subject, teacher_id, time, view) values (?, ?, ?, ?, ?, ?, ?, ?, ?, ?, ?, ?, ?, ?, ?, ?)
make question 3904
Hibernate: insert into question (answer, choice1, choice2, choice3, choice4, choice5, content, correct, create_date, filepath, modify_date, score, subject, teacher_id, time, view) values (?, ?, ?, ?, ?, ?, ?, ?, ?, ?, ?, ?, ?, ?, ?, ?)
make question 3905
Hibernate: insert into question (answer, choice1, choice2, choice3, choice4, choice5, content, correct, create_date, filepath, modify_date, score, subject, teacher_id, time, view) values (?, ?, ?, ?, ?, ?, ?, ?, ?, ?, ?, ?, ?, ?, ?, ?)
make question 3906
Hibernate: insert into question (answer, choice1, choice2, choice3, choice4, choice5, content, correct, create_date, filepath, modify_date, score, subject, teacher_id, time, view) values (?, ?, ?, ?, ?, ?, ?, ?, ?, ?, ?, ?, ?, ?, ?, ?)
make question 3907
Hibernate: insert into question (answer, choice1, choice2, choice3, choice4, choice5, content, correct, create_date, filepath, modify_date, score, subject, teacher_id, time, view) values (?, ?, ?, ?, ?, ?, ?, ?, ?, ?, ?, ?, ?, ?, ?, ?)
make question 3908
Hibernate: insert into question (answer, choice1, choice2, choice3, choice4, choice5, content, correct, create_date, filepath, modify_date, score, subject, teacher_id, time, view) values (?, ?, ?, ?, ?, ?, ?, ?, ?, ?, ?, ?, ?, ?, ?, ?)
make question 3909
Hibernate: insert into question (answer, choice1, choice2, choice3, choice4, choice5, content, correct, create_date, filepath, modify_date, score, subject, teacher_id, time, view) values (?, ?, ?, ?, ?, ?, ?, ?, ?, ?, ?, ?, ?, ?, ?, ?)
make question 3910
Hibernate: insert into question (answer, choice1, choice2, choice3, choice4, choice5, content, correct, create_date, filepath, modify_date, score, subject, teacher_id, time, view) values (?, ?, ?, ?, ?, ?, ?, ?, ?, ?, ?, ?, ?, ?, ?, ?)
make question 3911
Hibernate: insert into question (answer, choice1, choice2, choice3, choice4, choice5, content, correct, create_date, filepath, modify_date, score, subject, teacher_id, time, view) values (?, ?, ?, ?, ?, ?, ?, ?, ?, ?, ?, ?, ?, ?, ?, ?)
make question 3912
Hibernate: insert into question (answer, choice1, choice2, choice3, choice4, choice5, content, correct, create_date, filepath, modify_date, score, subject, teacher_id, time, view) values (?, ?, ?, ?, ?, ?, ?, ?, ?, ?, ?, ?, ?, ?, ?, ?)
make question 3913
Hibernate: insert into question (answer, choice1, choice2, choice3, choice4, choice5, content, correct, create_date, filepath, modify_date, score, subject, teacher_id, time, view) values (?, ?, ?, ?, ?, ?, ?, ?, ?, ?, ?, ?, ?, ?, ?, ?)
make question 3914
Hibernate: insert into question (answer, choice1, choice2, choice3, choice4, choice5, content, correct, create_date, filepath, modify_date, score, subject, teacher_id, time, view) values (?, ?, ?, ?, ?, ?, ?, ?, ?, ?, ?, ?, ?, ?, ?, ?)
make question 3915
Hibernate: insert into question (answer, choice1, choice2, choice3, choice4, choice5, content, correct, create_date, filepath, modify_date, score, subject, teacher_id, time, view) values (?, ?, ?, ?, ?, ?, ?, ?, ?, ?, ?, ?, ?, ?, ?, ?)
make question 3916
Hibernate: insert into question (answer, choice1, choice2, choice3, choice4, choice5, content, correct, create_date, filepath, modify_date, score, subject, teacher_id, time, view) values (?, ?, ?, ?, ?, ?, ?, ?, ?, ?, ?, ?, ?, ?, ?, ?)
make question 3917
Hibernate: insert into question (answer, choice1, choice2, choice3, choice4, choice5, content, correct, create_date, filepath, modify_date, score, subject, teacher_id, time, view) values (?, ?, ?, ?, ?, ?, ?, ?, ?, ?, ?, ?, ?, ?, ?, ?)
make question 3918
Hibernate: insert into question (answer, choice1, choice2, choice3, choice4, choice5, content, correct, create_date, filepath, modify_date, score, subject, teacher_id, time, view) values (?, ?, ?, ?, ?, ?, ?, ?, ?, ?, ?, ?, ?, ?, ?, ?)
make question 3919
Hibernate: insert into question (answer, choice1, choice2, choice3, choice4, choice5, content, correct, create_date, filepath, modify_date, score, subject, teacher_id, time, view) values (?, ?, ?, ?, ?, ?, ?, ?, ?, ?, ?, ?, ?, ?, ?, ?)
make question 3920
Hibernate: insert into question (answer, choice1, choice2, choice3, choice4, choice5, content, correct, create_date, filepath, modify_date, score, subject, teacher_id, time, view) values (?, ?, ?, ?, ?, ?, ?, ?, ?, ?, ?, ?, ?, ?, ?, ?)
make question 3921
Hibernate: insert into question (answer, choice1, choice2, choice3, choice4, choice5, content, correct, create_date, filepath, modify_date, score, subject, teacher_id, time, view) values (?, ?, ?, ?, ?, ?, ?, ?, ?, ?, ?, ?, ?, ?, ?, ?)
make question 3922
Hibernate: insert into question (answer, choice1, choice2, choice3, choice4, choice5, content, correct, create_date, filepath, modify_date, score, subject, teacher_id, time, view) values (?, ?, ?, ?, ?, ?, ?, ?, ?, ?, ?, ?, ?, ?, ?, ?)
make question 3923
Hibernate: insert into question (answer, choice1, choice2, choice3, choice4, choice5, content, correct, create_date, filepath, modify_date, score, subject, teacher_id, time, view) values (?, ?, ?, ?, ?, ?, ?, ?, ?, ?, ?, ?, ?, ?, ?, ?)
make question 3924
Hibernate: insert into question (answer, choice1, choice2, choice3, choice4, choice5, content, correct, create_date, filepath, modify_date, score, subject, teacher_id, time, view) values (?, ?, ?, ?, ?, ?, ?, ?, ?, ?, ?, ?, ?, ?, ?, ?)
make question 3925
Hibernate: insert into question (answer, choice1, choice2, choice3, choice4, choice5, content, correct, create_date, filepath, modify_date, score, subject, teacher_id, time, view) values (?, ?, ?, ?, ?, ?, ?, ?, ?, ?, ?, ?, ?, ?, ?, ?)
make question 3926
Hibernate: insert into question (answer, choice1, choice2, choice3, choice4, choice5, content, correct, create_date, filepath, modify_date, score, subject, teacher_id, time, view) values (?, ?, ?, ?, ?, ?, ?, ?, ?, ?, ?, ?, ?, ?, ?, ?)
make question 3927
Hibernate: insert into question (answer, choice1, choice2, choice3, choice4, choice5, content, correct, create_date, filepath, modify_date, score, subject, teacher_id, time, view) values (?, ?, ?, ?, ?, ?, ?, ?, ?, ?, ?, ?, ?, ?, ?, ?)
make question 3928
Hibernate: insert into question (answer, choice1, choice2, choice3, choice4, choice5, content, correct, create_date, filepath, modify_date, score, subject, teacher_id, time, view) values (?, ?, ?, ?, ?, ?, ?, ?, ?, ?, ?, ?, ?, ?, ?, ?)
make question 3929
Hibernate: insert into question (answer, choice1, choice2, choice3, choice4, choice5, content, correct, create_date, filepath, modify_date, score, subject, teacher_id, time, view) values (?, ?, ?, ?, ?, ?, ?, ?, ?, ?, ?, ?, ?, ?, ?, ?)
make question 3930
Hibernate: insert into question (answer, choice1, choice2, choice3, choice4, choice5, content, correct, create_date, filepath, modify_date, score, subject, teacher_id, time, view) values (?, ?, ?, ?, ?, ?, ?, ?, ?, ?, ?, ?, ?, ?, ?, ?)
make question 3931
Hibernate: insert into question (answer, choice1, choice2, choice3, choice4, choice5, content, correct, create_date, filepath, modify_date, score, subject, teacher_id, time, view) values (?, ?, ?, ?, ?, ?, ?, ?, ?, ?, ?, ?, ?, ?, ?, ?)
make question 3932
Hibernate: insert into question (answer, choice1, choice2, choice3, choice4, choice5, content, correct, create_date, filepath, modify_date, score, subject, teacher_id, time, view) values (?, ?, ?, ?, ?, ?, ?, ?, ?, ?, ?, ?, ?, ?, ?, ?)
make question 3933
Hibernate: insert into question (answer, choice1, choice2, choice3, choice4, choice5, content, correct, create_date, filepath, modify_date, score, subject, teacher_id, time, view) values (?, ?, ?, ?, ?, ?, ?, ?, ?, ?, ?, ?, ?, ?, ?, ?)
make question 3934
Hibernate: insert into question (answer, choice1, choice2, choice3, choice4, choice5, content, correct, create_date, filepath, modify_date, score, subject, teacher_id, time, view) values (?, ?, ?, ?, ?, ?, ?, ?, ?, ?, ?, ?, ?, ?, ?, ?)
make question 3935
Hibernate: insert into question (answer, choice1, choice2, choice3, choice4, choice5, content, correct, create_date, filepath, modify_date, score, subject, teacher_id, time, view) values (?, ?, ?, ?, ?, ?, ?, ?, ?, ?, ?, ?, ?, ?, ?, ?)
make question 3936
Hibernate: insert into question (answer, choice1, choice2, choice3, choice4, choice5, content, correct, create_date, filepath, modify_date, score, subject, teacher_id, time, view) values (?, ?, ?, ?, ?, ?, ?, ?, ?, ?, ?, ?, ?, ?, ?, ?)
make question 3937
Hibernate: insert into question (answer, choice1, choice2, choice3, choice4, choice5, content, correct, create_date, filepath, modify_date, score, subject, teacher_id, time, view) values (?, ?, ?, ?, ?, ?, ?, ?, ?, ?, ?, ?, ?, ?, ?, ?)
make question 3938
Hibernate: insert into question (answer, choice1, choice2, choice3, choice4, choice5, content, correct, create_date, filepath, modify_date, score, subject, teacher_id, time, view) values (?, ?, ?, ?, ?, ?, ?, ?, ?, ?, ?, ?, ?, ?, ?, ?)
make question 3939
Hibernate: insert into question (answer, choice1, choice2, choice3, choice4, choice5, content, correct, create_date, filepath, modify_date, score, subject, teacher_id, time, view) values (?, ?, ?, ?, ?, ?, ?, ?, ?, ?, ?, ?, ?, ?, ?, ?)
make question 3940
Hibernate: insert into question (answer, choice1, choice2, choice3, choice4, choice5, content, correct, create_date, filepath, modify_date, score, subject, teacher_id, time, view) values (?, ?, ?, ?, ?, ?, ?, ?, ?, ?, ?, ?, ?, ?, ?, ?)
make question 3941
Hibernate: insert into question (answer, choice1, choice2, choice3, choice4, choice5, content, correct, create_date, filepath, modify_date, score, subject, teacher_id, time, view) values (?, ?, ?, ?, ?, ?, ?, ?, ?, ?, ?, ?, ?, ?, ?, ?)
make question 3942
Hibernate: insert into question (answer, choice1, choice2, choice3, choice4, choice5, content, correct, create_date, filepath, modify_date, score, subject, teacher_id, time, view) values (?, ?, ?, ?, ?, ?, ?, ?, ?, ?, ?, ?, ?, ?, ?, ?)
make question 3943
Hibernate: insert into question (answer, choice1, choice2, choice3, choice4, choice5, content, correct, create_date, filepath, modify_date, score, subject, teacher_id, time, view) values (?, ?, ?, ?, ?, ?, ?, ?, ?, ?, ?, ?, ?, ?, ?, ?)
make question 3944
Hibernate: insert into question (answer, choice1, choice2, choice3, choice4, choice5, content, correct, create_date, filepath, modify_date, score, subject, teacher_id, time, view) values (?, ?, ?, ?, ?, ?, ?, ?, ?, ?, ?, ?, ?, ?, ?, ?)
make question 3945
Hibernate: insert into question (answer, choice1, choice2, choice3, choice4, choice5, content, correct, create_date, filepath, modify_date, score, subject, teacher_id, time, view) values (?, ?, ?, ?, ?, ?, ?, ?, ?, ?, ?, ?, ?, ?, ?, ?)
make question 3946
Hibernate: insert into question (answer, choice1, choice2, choice3, choice4, choice5, content, correct, create_date, filepath, modify_date, score, subject, teacher_id, time, view) values (?, ?, ?, ?, ?, ?, ?, ?, ?, ?, ?, ?, ?, ?, ?, ?)
make question 3947
Hibernate: insert into question (answer, choice1, choice2, choice3, choice4, choice5, content, correct, create_date, filepath, modify_date, score, subject, teacher_id, time, view) values (?, ?, ?, ?, ?, ?, ?, ?, ?, ?, ?, ?, ?, ?, ?, ?)
make question 3948
Hibernate: insert into question (answer, choice1, choice2, choice3, choice4, choice5, content, correct, create_date, filepath, modify_date, score, subject, teacher_id, time, view) values (?, ?, ?, ?, ?, ?, ?, ?, ?, ?, ?, ?, ?, ?, ?, ?)
make question 3949
Hibernate: insert into question (answer, choice1, choice2, choice3, choice4, choice5, content, correct, create_date, filepath, modify_date, score, subject, teacher_id, time, view) values (?, ?, ?, ?, ?, ?, ?, ?, ?, ?, ?, ?, ?, ?, ?, ?)
make question 3950
Hibernate: insert into question (answer, choice1, choice2, choice3, choice4, choice5, content, correct, create_date, filepath, modify_date, score, subject, teacher_id, time, view) values (?, ?, ?, ?, ?, ?, ?, ?, ?, ?, ?, ?, ?, ?, ?, ?)
make question 3951
Hibernate: insert into question (answer, choice1, choice2, choice3, choice4, choice5, content, correct, create_date, filepath, modify_date, score, subject, teacher_id, time, view) values (?, ?, ?, ?, ?, ?, ?, ?, ?, ?, ?, ?, ?, ?, ?, ?)
make question 3952
Hibernate: insert into question (answer, choice1, choice2, choice3, choice4, choice5, content, correct, create_date, filepath, modify_date, score, subject, teacher_id, time, view) values (?, ?, ?, ?, ?, ?, ?, ?, ?, ?, ?, ?, ?, ?, ?, ?)
make question 3953
Hibernate: insert into question (answer, choice1, choice2, choice3, choice4, choice5, content, correct, create_date, filepath, modify_date, score, subject, teacher_id, time, view) values (?, ?, ?, ?, ?, ?, ?, ?, ?, ?, ?, ?, ?, ?, ?, ?)
make question 3954
Hibernate: insert into question (answer, choice1, choice2, choice3, choice4, choice5, content, correct, create_date, filepath, modify_date, score, subject, teacher_id, time, view) values (?, ?, ?, ?, ?, ?, ?, ?, ?, ?, ?, ?, ?, ?, ?, ?)
make question 3955
Hibernate: insert into question (answer, choice1, choice2, choice3, choice4, choice5, content, correct, create_date, filepath, modify_date, score, subject, teacher_id, time, view) values (?, ?, ?, ?, ?, ?, ?, ?, ?, ?, ?, ?, ?, ?, ?, ?)
make question 3956
Hibernate: insert into question (answer, choice1, choice2, choice3, choice4, choice5, content, correct, create_date, filepath, modify_date, score, subject, teacher_id, time, view) values (?, ?, ?, ?, ?, ?, ?, ?, ?, ?, ?, ?, ?, ?, ?, ?)
make question 3957
Hibernate: insert into question (answer, choice1, choice2, choice3, choice4, choice5, content, correct, create_date, filepath, modify_date, score, subject, teacher_id, time, view) values (?, ?, ?, ?, ?, ?, ?, ?, ?, ?, ?, ?, ?, ?, ?, ?)
make question 3958
Hibernate: insert into question (answer, choice1, choice2, choice3, choice4, choice5, content, correct, create_date, filepath, modify_date, score, subject, teacher_id, time, view) values (?, ?, ?, ?, ?, ?, ?, ?, ?, ?, ?, ?, ?, ?, ?, ?)
make question 3959
Hibernate: insert into question (answer, choice1, choice2, choice3, choice4, choice5, content, correct, create_date, filepath, modify_date, score, subject, teacher_id, time, view) values (?, ?, ?, ?, ?, ?, ?, ?, ?, ?, ?, ?, ?, ?, ?, ?)
make question 3960
Hibernate: insert into question (answer, choice1, choice2, choice3, choice4, choice5, content, correct, create_date, filepath, modify_date, score, subject, teacher_id, time, view) values (?, ?, ?, ?, ?, ?, ?, ?, ?, ?, ?, ?, ?, ?, ?, ?)
make question 3961
Hibernate: insert into question (answer, choice1, choice2, choice3, choice4, choice5, content, correct, create_date, filepath, modify_date, score, subject, teacher_id, time, view) values (?, ?, ?, ?, ?, ?, ?, ?, ?, ?, ?, ?, ?, ?, ?, ?)
make question 3962
Hibernate: insert into question (answer, choice1, choice2, choice3, choice4, choice5, content, correct, create_date, filepath, modify_date, score, subject, teacher_id, time, view) values (?, ?, ?, ?, ?, ?, ?, ?, ?, ?, ?, ?, ?, ?, ?, ?)
make question 3963
Hibernate: insert into question (answer, choice1, choice2, choice3, choice4, choice5, content, correct, create_date, filepath, modify_date, score, subject, teacher_id, time, view) values (?, ?, ?, ?, ?, ?, ?, ?, ?, ?, ?, ?, ?, ?, ?, ?)
make question 3964
Hibernate: insert into question (answer, choice1, choice2, choice3, choice4, choice5, content, correct, create_date, filepath, modify_date, score, subject, teacher_id, time, view) values (?, ?, ?, ?, ?, ?, ?, ?, ?, ?, ?, ?, ?, ?, ?, ?)
make question 3965
Hibernate: insert into question (answer, choice1, choice2, choice3, choice4, choice5, content, correct, create_date, filepath, modify_date, score, subject, teacher_id, time, view) values (?, ?, ?, ?, ?, ?, ?, ?, ?, ?, ?, ?, ?, ?, ?, ?)
make question 3966
Hibernate: insert into question (answer, choice1, choice2, choice3, choice4, choice5, content, correct, create_date, filepath, modify_date, score, subject, teacher_id, time, view) values (?, ?, ?, ?, ?, ?, ?, ?, ?, ?, ?, ?, ?, ?, ?, ?)
make question 3967
Hibernate: insert into question (answer, choice1, choice2, choice3, choice4, choice5, content, correct, create_date, filepath, modify_date, score, subject, teacher_id, time, view) values (?, ?, ?, ?, ?, ?, ?, ?, ?, ?, ?, ?, ?, ?, ?, ?)
make question 3968
Hibernate: insert into question (answer, choice1, choice2, choice3, choice4, choice5, content, correct, create_date, filepath, modify_date, score, subject, teacher_id, time, view) values (?, ?, ?, ?, ?, ?, ?, ?, ?, ?, ?, ?, ?, ?, ?, ?)
make question 3969
Hibernate: insert into question (answer, choice1, choice2, choice3, choice4, choice5, content, correct, create_date, filepath, modify_date, score, subject, teacher_id, time, view) values (?, ?, ?, ?, ?, ?, ?, ?, ?, ?, ?, ?, ?, ?, ?, ?)
make question 3970
Hibernate: insert into question (answer, choice1, choice2, choice3, choice4, choice5, content, correct, create_date, filepath, modify_date, score, subject, teacher_id, time, view) values (?, ?, ?, ?, ?, ?, ?, ?, ?, ?, ?, ?, ?, ?, ?, ?)
make question 3971
Hibernate: insert into question (answer, choice1, choice2, choice3, choice4, choice5, content, correct, create_date, filepath, modify_date, score, subject, teacher_id, time, view) values (?, ?, ?, ?, ?, ?, ?, ?, ?, ?, ?, ?, ?, ?, ?, ?)
make question 3972
Hibernate: insert into question (answer, choice1, choice2, choice3, choice4, choice5, content, correct, create_date, filepath, modify_date, score, subject, teacher_id, time, view) values (?, ?, ?, ?, ?, ?, ?, ?, ?, ?, ?, ?, ?, ?, ?, ?)
make question 3973
Hibernate: insert into question (answer, choice1, choice2, choice3, choice4, choice5, content, correct, create_date, filepath, modify_date, score, subject, teacher_id, time, view) values (?, ?, ?, ?, ?, ?, ?, ?, ?, ?, ?, ?, ?, ?, ?, ?)
make question 3974
Hibernate: insert into question (answer, choice1, choice2, choice3, choice4, choice5, content, correct, create_date, filepath, modify_date, score, subject, teacher_id, time, view) values (?, ?, ?, ?, ?, ?, ?, ?, ?, ?, ?, ?, ?, ?, ?, ?)
make question 3975
Hibernate: insert into question (answer, choice1, choice2, choice3, choice4, choice5, content, correct, create_date, filepath, modify_date, score, subject, teacher_id, time, view) values (?, ?, ?, ?, ?, ?, ?, ?, ?, ?, ?, ?, ?, ?, ?, ?)
make question 3976
Hibernate: insert into question (answer, choice1, choice2, choice3, choice4, choice5, content, correct, create_date, filepath, modify_date, score, subject, teacher_id, time, view) values (?, ?, ?, ?, ?, ?, ?, ?, ?, ?, ?, ?, ?, ?, ?, ?)
make question 3977
Hibernate: insert into question (answer, choice1, choice2, choice3, choice4, choice5, content, correct, create_date, filepath, modify_date, score, subject, teacher_id, time, view) values (?, ?, ?, ?, ?, ?, ?, ?, ?, ?, ?, ?, ?, ?, ?, ?)
make question 3978
Hibernate: insert into question (answer, choice1, choice2, choice3, choice4, choice5, content, correct, create_date, filepath, modify_date, score, subject, teacher_id, time, view) values (?, ?, ?, ?, ?, ?, ?, ?, ?, ?, ?, ?, ?, ?, ?, ?)
make question 3979
Hibernate: insert into question (answer, choice1, choice2, choice3, choice4, choice5, content, correct, create_date, filepath, modify_date, score, subject, teacher_id, time, view) values (?, ?, ?, ?, ?, ?, ?, ?, ?, ?, ?, ?, ?, ?, ?, ?)
make question 3980
Hibernate: insert into question (answer, choice1, choice2, choice3, choice4, choice5, content, correct, create_date, filepath, modify_date, score, subject, teacher_id, time, view) values (?, ?, ?, ?, ?, ?, ?, ?, ?, ?, ?, ?, ?, ?, ?, ?)
make question 3981
Hibernate: insert into question (answer, choice1, choice2, choice3, choice4, choice5, content, correct, create_date, filepath, modify_date, score, subject, teacher_id, time, view) values (?, ?, ?, ?, ?, ?, ?, ?, ?, ?, ?, ?, ?, ?, ?, ?)
make question 3982
Hibernate: insert into question (answer, choice1, choice2, choice3, choice4, choice5, content, correct, create_date, filepath, modify_date, score, subject, teacher_id, time, view) values (?, ?, ?, ?, ?, ?, ?, ?, ?, ?, ?, ?, ?, ?, ?, ?)
make question 3983
Hibernate: insert into question (answer, choice1, choice2, choice3, choice4, choice5, content, correct, create_date, filepath, modify_date, score, subject, teacher_id, time, view) values (?, ?, ?, ?, ?, ?, ?, ?, ?, ?, ?, ?, ?, ?, ?, ?)
make question 3984
Hibernate: insert into question (answer, choice1, choice2, choice3, choice4, choice5, content, correct, create_date, filepath, modify_date, score, subject, teacher_id, time, view) values (?, ?, ?, ?, ?, ?, ?, ?, ?, ?, ?, ?, ?, ?, ?, ?)
make question 3985
Hibernate: insert into question (answer, choice1, choice2, choice3, choice4, choice5, content, correct, create_date, filepath, modify_date, score, subject, teacher_id, time, view) values (?, ?, ?, ?, ?, ?, ?, ?, ?, ?, ?, ?, ?, ?, ?, ?)
make question 3986
Hibernate: insert into question (answer, choice1, choice2, choice3, choice4, choice5, content, correct, create_date, filepath, modify_date, score, subject, teacher_id, time, view) values (?, ?, ?, ?, ?, ?, ?, ?, ?, ?, ?, ?, ?, ?, ?, ?)
make question 3987
Hibernate: insert into question (answer, choice1, choice2, choice3, choice4, choice5, content, correct, create_date, filepath, modify_date, score, subject, teacher_id, time, view) values (?, ?, ?, ?, ?, ?, ?, ?, ?, ?, ?, ?, ?, ?, ?, ?)
make question 3988
Hibernate: insert into question (answer, choice1, choice2, choice3, choice4, choice5, content, correct, create_date, filepath, modify_date, score, subject, teacher_id, time, view) values (?, ?, ?, ?, ?, ?, ?, ?, ?, ?, ?, ?, ?, ?, ?, ?)
make question 3989
Hibernate: insert into question (answer, choice1, choice2, choice3, choice4, choice5, content, correct, create_date, filepath, modify_date, score, subject, teacher_id, time, view) values (?, ?, ?, ?, ?, ?, ?, ?, ?, ?, ?, ?, ?, ?, ?, ?)
make question 3990
Hibernate: insert into question (answer, choice1, choice2, choice3, choice4, choice5, content, correct, create_date, filepath, modify_date, score, subject, teacher_id, time, view) values (?, ?, ?, ?, ?, ?, ?, ?, ?, ?, ?, ?, ?, ?, ?, ?)
make question 3991
Hibernate: insert into question (answer, choice1, choice2, choice3, choice4, choice5, content, correct, create_date, filepath, modify_date, score, subject, teacher_id, time, view) values (?, ?, ?, ?, ?, ?, ?, ?, ?, ?, ?, ?, ?, ?, ?, ?)
make question 3992
Hibernate: insert into question (answer, choice1, choice2, choice3, choice4, choice5, content, correct, create_date, filepath, modify_date, score, subject, teacher_id, time, view) values (?, ?, ?, ?, ?, ?, ?, ?, ?, ?, ?, ?, ?, ?, ?, ?)
make question 3993
Hibernate: insert into question (answer, choice1, choice2, choice3, choice4, choice5, content, correct, create_date, filepath, modify_date, score, subject, teacher_id, time, view) values (?, ?, ?, ?, ?, ?, ?, ?, ?, ?, ?, ?, ?, ?, ?, ?)
make question 3994
Hibernate: insert into question (answer, choice1, choice2, choice3, choice4, choice5, content, correct, create_date, filepath, modify_date, score, subject, teacher_id, time, view) values (?, ?, ?, ?, ?, ?, ?, ?, ?, ?, ?, ?, ?, ?, ?, ?)
make question 3995
Hibernate: insert into question (answer, choice1, choice2, choice3, choice4, choice5, content, correct, create_date, filepath, modify_date, score, subject, teacher_id, time, view) values (?, ?, ?, ?, ?, ?, ?, ?, ?, ?, ?, ?, ?, ?, ?, ?)
make question 3996
Hibernate: insert into question (answer, choice1, choice2, choice3, choice4, choice5, content, correct, create_date, filepath, modify_date, score, subject, teacher_id, time, view) values (?, ?, ?, ?, ?, ?, ?, ?, ?, ?, ?, ?, ?, ?, ?, ?)
make question 3997
Hibernate: insert into question (answer, choice1, choice2, choice3, choice4, choice5, content, correct, create_date, filepath, modify_date, score, subject, teacher_id, time, view) values (?, ?, ?, ?, ?, ?, ?, ?, ?, ?, ?, ?, ?, ?, ?, ?)
make question 3998
Hibernate: insert into question (answer, choice1, choice2, choice3, choice4, choice5, content, correct, create_date, filepath, modify_date, score, subject, teacher_id, time, view) values (?, ?, ?, ?, ?, ?, ?, ?, ?, ?, ?, ?, ?, ?, ?, ?)
make question 3999
Hibernate: insert into question (answer, choice1, choice2, choice3, choice4, choice5, content, correct, create_date, filepath, modify_date, score, subject, teacher_id, time, view) values (?, ?, ?, ?, ?, ?, ?, ?, ?, ?, ?, ?, ?, ?, ?, ?)
make question 4000
Hibernate: insert into question (answer, choice1, choice2, choice3, choice4, choice5, content, correct, create_date, filepath, modify_date, score, subject, teacher_id, time, view) values (?, ?, ?, ?, ?, ?, ?, ?, ?, ?, ?, ?, ?, ?, ?, ?)
make question 4001
Hibernate: insert into question (answer, choice1, choice2, choice3, choice4, choice5, content, correct, create_date, filepath, modify_date, score, subject, teacher_id, time, view) values (?, ?, ?, ?, ?, ?, ?, ?, ?, ?, ?, ?, ?, ?, ?, ?)
make question 4002
Hibernate: insert into question (answer, choice1, choice2, choice3, choice4, choice5, content, correct, create_date, filepath, modify_date, score, subject, teacher_id, time, view) values (?, ?, ?, ?, ?, ?, ?, ?, ?, ?, ?, ?, ?, ?, ?, ?)
make question 4003
Hibernate: insert into question (answer, choice1, choice2, choice3, choice4, choice5, content, correct, create_date, filepath, modify_date, score, subject, teacher_id, time, view) values (?, ?, ?, ?, ?, ?, ?, ?, ?, ?, ?, ?, ?, ?, ?, ?)
make question 4004
Hibernate: insert into question (answer, choice1, choice2, choice3, choice4, choice5, content, correct, create_date, filepath, modify_date, score, subject, teacher_id, time, view) values (?, ?, ?, ?, ?, ?, ?, ?, ?, ?, ?, ?, ?, ?, ?, ?)
make question 4005
Hibernate: insert into question (answer, choice1, choice2, choice3, choice4, choice5, content, correct, create_date, filepath, modify_date, score, subject, teacher_id, time, view) values (?, ?, ?, ?, ?, ?, ?, ?, ?, ?, ?, ?, ?, ?, ?, ?)
make question 4006
Hibernate: insert into question (answer, choice1, choice2, choice3, choice4, choice5, content, correct, create_date, filepath, modify_date, score, subject, teacher_id, time, view) values (?, ?, ?, ?, ?, ?, ?, ?, ?, ?, ?, ?, ?, ?, ?, ?)
make question 4007
Hibernate: insert into question (answer, choice1, choice2, choice3, choice4, choice5, content, correct, create_date, filepath, modify_date, score, subject, teacher_id, time, view) values (?, ?, ?, ?, ?, ?, ?, ?, ?, ?, ?, ?, ?, ?, ?, ?)
make question 4008
Hibernate: insert into question (answer, choice1, choice2, choice3, choice4, choice5, content, correct, create_date, filepath, modify_date, score, subject, teacher_id, time, view) values (?, ?, ?, ?, ?, ?, ?, ?, ?, ?, ?, ?, ?, ?, ?, ?)
make question 4009
Hibernate: insert into question (answer, choice1, choice2, choice3, choice4, choice5, content, correct, create_date, filepath, modify_date, score, subject, teacher_id, time, view) values (?, ?, ?, ?, ?, ?, ?, ?, ?, ?, ?, ?, ?, ?, ?, ?)
make question 4010
Hibernate: insert into question (answer, choice1, choice2, choice3, choice4, choice5, content, correct, create_date, filepath, modify_date, score, subject, teacher_id, time, view) values (?, ?, ?, ?, ?, ?, ?, ?, ?, ?, ?, ?, ?, ?, ?, ?)
make question 4011
Hibernate: insert into question (answer, choice1, choice2, choice3, choice4, choice5, content, correct, create_date, filepath, modify_date, score, subject, teacher_id, time, view) values (?, ?, ?, ?, ?, ?, ?, ?, ?, ?, ?, ?, ?, ?, ?, ?)
make question 4012
Hibernate: insert into question (answer, choice1, choice2, choice3, choice4, choice5, content, correct, create_date, filepath, modify_date, score, subject, teacher_id, time, view) values (?, ?, ?, ?, ?, ?, ?, ?, ?, ?, ?, ?, ?, ?, ?, ?)
make question 4013
Hibernate: insert into question (answer, choice1, choice2, choice3, choice4, choice5, content, correct, create_date, filepath, modify_date, score, subject, teacher_id, time, view) values (?, ?, ?, ?, ?, ?, ?, ?, ?, ?, ?, ?, ?, ?, ?, ?)
make question 4014
Hibernate: insert into question (answer, choice1, choice2, choice3, choice4, choice5, content, correct, create_date, filepath, modify_date, score, subject, teacher_id, time, view) values (?, ?, ?, ?, ?, ?, ?, ?, ?, ?, ?, ?, ?, ?, ?, ?)
make question 4015
Hibernate: insert into question (answer, choice1, choice2, choice3, choice4, choice5, content, correct, create_date, filepath, modify_date, score, subject, teacher_id, time, view) values (?, ?, ?, ?, ?, ?, ?, ?, ?, ?, ?, ?, ?, ?, ?, ?)
make question 4016
Hibernate: insert into question (answer, choice1, choice2, choice3, choice4, choice5, content, correct, create_date, filepath, modify_date, score, subject, teacher_id, time, view) values (?, ?, ?, ?, ?, ?, ?, ?, ?, ?, ?, ?, ?, ?, ?, ?)
make question 4017
Hibernate: insert into question (answer, choice1, choice2, choice3, choice4, choice5, content, correct, create_date, filepath, modify_date, score, subject, teacher_id, time, view) values (?, ?, ?, ?, ?, ?, ?, ?, ?, ?, ?, ?, ?, ?, ?, ?)
make question 4018
Hibernate: insert into question (answer, choice1, choice2, choice3, choice4, choice5, content, correct, create_date, filepath, modify_date, score, subject, teacher_id, time, view) values (?, ?, ?, ?, ?, ?, ?, ?, ?, ?, ?, ?, ?, ?, ?, ?)
make question 4019
Hibernate: insert into question (answer, choice1, choice2, choice3, choice4, choice5, content, correct, create_date, filepath, modify_date, score, subject, teacher_id, time, view) values (?, ?, ?, ?, ?, ?, ?, ?, ?, ?, ?, ?, ?, ?, ?, ?)
make question 4020
Hibernate: insert into question (answer, choice1, choice2, choice3, choice4, choice5, content, correct, create_date, filepath, modify_date, score, subject, teacher_id, time, view) values (?, ?, ?, ?, ?, ?, ?, ?, ?, ?, ?, ?, ?, ?, ?, ?)
make question 4021
Hibernate: insert into question (answer, choice1, choice2, choice3, choice4, choice5, content, correct, create_date, filepath, modify_date, score, subject, teacher_id, time, view) values (?, ?, ?, ?, ?, ?, ?, ?, ?, ?, ?, ?, ?, ?, ?, ?)
make question 4022
Hibernate: insert into question (answer, choice1, choice2, choice3, choice4, choice5, content, correct, create_date, filepath, modify_date, score, subject, teacher_id, time, view) values (?, ?, ?, ?, ?, ?, ?, ?, ?, ?, ?, ?, ?, ?, ?, ?)
make question 4023
Hibernate: insert into question (answer, choice1, choice2, choice3, choice4, choice5, content, correct, create_date, filepath, modify_date, score, subject, teacher_id, time, view) values (?, ?, ?, ?, ?, ?, ?, ?, ?, ?, ?, ?, ?, ?, ?, ?)
make question 4024
Hibernate: insert into question (answer, choice1, choice2, choice3, choice4, choice5, content, correct, create_date, filepath, modify_date, score, subject, teacher_id, time, view) values (?, ?, ?, ?, ?, ?, ?, ?, ?, ?, ?, ?, ?, ?, ?, ?)
make question 4025
Hibernate: insert into question (answer, choice1, choice2, choice3, choice4, choice5, content, correct, create_date, filepath, modify_date, score, subject, teacher_id, time, view) values (?, ?, ?, ?, ?, ?, ?, ?, ?, ?, ?, ?, ?, ?, ?, ?)
make question 4026
Hibernate: insert into question (answer, choice1, choice2, choice3, choice4, choice5, content, correct, create_date, filepath, modify_date, score, subject, teacher_id, time, view) values (?, ?, ?, ?, ?, ?, ?, ?, ?, ?, ?, ?, ?, ?, ?, ?)
make question 4027
Hibernate: insert into question (answer, choice1, choice2, choice3, choice4, choice5, content, correct, create_date, filepath, modify_date, score, subject, teacher_id, time, view) values (?, ?, ?, ?, ?, ?, ?, ?, ?, ?, ?, ?, ?, ?, ?, ?)
make question 4028
Hibernate: insert into question (answer, choice1, choice2, choice3, choice4, choice5, content, correct, create_date, filepath, modify_date, score, subject, teacher_id, time, view) values (?, ?, ?, ?, ?, ?, ?, ?, ?, ?, ?, ?, ?, ?, ?, ?)
make question 4029
Hibernate: insert into question (answer, choice1, choice2, choice3, choice4, choice5, content, correct, create_date, filepath, modify_date, score, subject, teacher_id, time, view) values (?, ?, ?, ?, ?, ?, ?, ?, ?, ?, ?, ?, ?, ?, ?, ?)
make question 4030
Hibernate: insert into question (answer, choice1, choice2, choice3, choice4, choice5, content, correct, create_date, filepath, modify_date, score, subject, teacher_id, time, view) values (?, ?, ?, ?, ?, ?, ?, ?, ?, ?, ?, ?, ?, ?, ?, ?)
make question 4031
Hibernate: insert into question (answer, choice1, choice2, choice3, choice4, choice5, content, correct, create_date, filepath, modify_date, score, subject, teacher_id, time, view) values (?, ?, ?, ?, ?, ?, ?, ?, ?, ?, ?, ?, ?, ?, ?, ?)
make question 4032
Hibernate: insert into question (answer, choice1, choice2, choice3, choice4, choice5, content, correct, create_date, filepath, modify_date, score, subject, teacher_id, time, view) values (?, ?, ?, ?, ?, ?, ?, ?, ?, ?, ?, ?, ?, ?, ?, ?)
make question 4033
Hibernate: insert into question (answer, choice1, choice2, choice3, choice4, choice5, content, correct, create_date, filepath, modify_date, score, subject, teacher_id, time, view) values (?, ?, ?, ?, ?, ?, ?, ?, ?, ?, ?, ?, ?, ?, ?, ?)
make question 4034
Hibernate: insert into question (answer, choice1, choice2, choice3, choice4, choice5, content, correct, create_date, filepath, modify_date, score, subject, teacher_id, time, view) values (?, ?, ?, ?, ?, ?, ?, ?, ?, ?, ?, ?, ?, ?, ?, ?)
make question 4035
Hibernate: insert into question (answer, choice1, choice2, choice3, choice4, choice5, content, correct, create_date, filepath, modify_date, score, subject, teacher_id, time, view) values (?, ?, ?, ?, ?, ?, ?, ?, ?, ?, ?, ?, ?, ?, ?, ?)
make question 4036
Hibernate: insert into question (answer, choice1, choice2, choice3, choice4, choice5, content, correct, create_date, filepath, modify_date, score, subject, teacher_id, time, view) values (?, ?, ?, ?, ?, ?, ?, ?, ?, ?, ?, ?, ?, ?, ?, ?)
make question 4037
Hibernate: insert into question (answer, choice1, choice2, choice3, choice4, choice5, content, correct, create_date, filepath, modify_date, score, subject, teacher_id, time, view) values (?, ?, ?, ?, ?, ?, ?, ?, ?, ?, ?, ?, ?, ?, ?, ?)
make question 4038
Hibernate: insert into question (answer, choice1, choice2, choice3, choice4, choice5, content, correct, create_date, filepath, modify_date, score, subject, teacher_id, time, view) values (?, ?, ?, ?, ?, ?, ?, ?, ?, ?, ?, ?, ?, ?, ?, ?)
make question 4039
Hibernate: insert into question (answer, choice1, choice2, choice3, choice4, choice5, content, correct, create_date, filepath, modify_date, score, subject, teacher_id, time, view) values (?, ?, ?, ?, ?, ?, ?, ?, ?, ?, ?, ?, ?, ?, ?, ?)
make question 4040
Hibernate: insert into question (answer, choice1, choice2, choice3, choice4, choice5, content, correct, create_date, filepath, modify_date, score, subject, teacher_id, time, view) values (?, ?, ?, ?, ?, ?, ?, ?, ?, ?, ?, ?, ?, ?, ?, ?)
make question 4041
Hibernate: insert into question (answer, choice1, choice2, choice3, choice4, choice5, content, correct, create_date, filepath, modify_date, score, subject, teacher_id, time, view) values (?, ?, ?, ?, ?, ?, ?, ?, ?, ?, ?, ?, ?, ?, ?, ?)
make question 4042
Hibernate: insert into question (answer, choice1, choice2, choice3, choice4, choice5, content, correct, create_date, filepath, modify_date, score, subject, teacher_id, time, view) values (?, ?, ?, ?, ?, ?, ?, ?, ?, ?, ?, ?, ?, ?, ?, ?)
make question 4043
Hibernate: insert into question (answer, choice1, choice2, choice3, choice4, choice5, content, correct, create_date, filepath, modify_date, score, subject, teacher_id, time, view) values (?, ?, ?, ?, ?, ?, ?, ?, ?, ?, ?, ?, ?, ?, ?, ?)
make question 4044
Hibernate: insert into question (answer, choice1, choice2, choice3, choice4, choice5, content, correct, create_date, filepath, modify_date, score, subject, teacher_id, time, view) values (?, ?, ?, ?, ?, ?, ?, ?, ?, ?, ?, ?, ?, ?, ?, ?)
make question 4045
Hibernate: insert into question (answer, choice1, choice2, choice3, choice4, choice5, content, correct, create_date, filepath, modify_date, score, subject, teacher_id, time, view) values (?, ?, ?, ?, ?, ?, ?, ?, ?, ?, ?, ?, ?, ?, ?, ?)
make question 4046
Hibernate: insert into question (answer, choice1, choice2, choice3, choice4, choice5, content, correct, create_date, filepath, modify_date, score, subject, teacher_id, time, view) values (?, ?, ?, ?, ?, ?, ?, ?, ?, ?, ?, ?, ?, ?, ?, ?)
make question 4047
Hibernate: insert into question (answer, choice1, choice2, choice3, choice4, choice5, content, correct, create_date, filepath, modify_date, score, subject, teacher_id, time, view) values (?, ?, ?, ?, ?, ?, ?, ?, ?, ?, ?, ?, ?, ?, ?, ?)
make question 4048
Hibernate: insert into question (answer, choice1, choice2, choice3, choice4, choice5, content, correct, create_date, filepath, modify_date, score, subject, teacher_id, time, view) values (?, ?, ?, ?, ?, ?, ?, ?, ?, ?, ?, ?, ?, ?, ?, ?)
make question 4049
Hibernate: insert into question (answer, choice1, choice2, choice3, choice4, choice5, content, correct, create_date, filepath, modify_date, score, subject, teacher_id, time, view) values (?, ?, ?, ?, ?, ?, ?, ?, ?, ?, ?, ?, ?, ?, ?, ?)
make question 4050
Hibernate: insert into question (answer, choice1, choice2, choice3, choice4, choice5, content, correct, create_date, filepath, modify_date, score, subject, teacher_id, time, view) values (?, ?, ?, ?, ?, ?, ?, ?, ?, ?, ?, ?, ?, ?, ?, ?)
make question 4051
Hibernate: insert into question (answer, choice1, choice2, choice3, choice4, choice5, content, correct, create_date, filepath, modify_date, score, subject, teacher_id, time, view) values (?, ?, ?, ?, ?, ?, ?, ?, ?, ?, ?, ?, ?, ?, ?, ?)
make question 4052
Hibernate: insert into question (answer, choice1, choice2, choice3, choice4, choice5, content, correct, create_date, filepath, modify_date, score, subject, teacher_id, time, view) values (?, ?, ?, ?, ?, ?, ?, ?, ?, ?, ?, ?, ?, ?, ?, ?)
make question 4053
Hibernate: insert into question (answer, choice1, choice2, choice3, choice4, choice5, content, correct, create_date, filepath, modify_date, score, subject, teacher_id, time, view) values (?, ?, ?, ?, ?, ?, ?, ?, ?, ?, ?, ?, ?, ?, ?, ?)
make question 4054
Hibernate: insert into question (answer, choice1, choice2, choice3, choice4, choice5, content, correct, create_date, filepath, modify_date, score, subject, teacher_id, time, view) values (?, ?, ?, ?, ?, ?, ?, ?, ?, ?, ?, ?, ?, ?, ?, ?)
make question 4055
Hibernate: insert into question (answer, choice1, choice2, choice3, choice4, choice5, content, correct, create_date, filepath, modify_date, score, subject, teacher_id, time, view) values (?, ?, ?, ?, ?, ?, ?, ?, ?, ?, ?, ?, ?, ?, ?, ?)
make question 4056
Hibernate: insert into question (answer, choice1, choice2, choice3, choice4, choice5, content, correct, create_date, filepath, modify_date, score, subject, teacher_id, time, view) values (?, ?, ?, ?, ?, ?, ?, ?, ?, ?, ?, ?, ?, ?, ?, ?)
make question 4057
Hibernate: insert into question (answer, choice1, choice2, choice3, choice4, choice5, content, correct, create_date, filepath, modify_date, score, subject, teacher_id, time, view) values (?, ?, ?, ?, ?, ?, ?, ?, ?, ?, ?, ?, ?, ?, ?, ?)
make question 4058
Hibernate: insert into question (answer, choice1, choice2, choice3, choice4, choice5, content, correct, create_date, filepath, modify_date, score, subject, teacher_id, time, view) values (?, ?, ?, ?, ?, ?, ?, ?, ?, ?, ?, ?, ?, ?, ?, ?)
make question 4059
Hibernate: insert into question (answer, choice1, choice2, choice3, choice4, choice5, content, correct, create_date, filepath, modify_date, score, subject, teacher_id, time, view) values (?, ?, ?, ?, ?, ?, ?, ?, ?, ?, ?, ?, ?, ?, ?, ?)
make question 4060
Hibernate: insert into question (answer, choice1, choice2, choice3, choice4, choice5, content, correct, create_date, filepath, modify_date, score, subject, teacher_id, time, view) values (?, ?, ?, ?, ?, ?, ?, ?, ?, ?, ?, ?, ?, ?, ?, ?)
make question 4061
Hibernate: insert into question (answer, choice1, choice2, choice3, choice4, choice5, content, correct, create_date, filepath, modify_date, score, subject, teacher_id, time, view) values (?, ?, ?, ?, ?, ?, ?, ?, ?, ?, ?, ?, ?, ?, ?, ?)
make question 4062
Hibernate: insert into question (answer, choice1, choice2, choice3, choice4, choice5, content, correct, create_date, filepath, modify_date, score, subject, teacher_id, time, view) values (?, ?, ?, ?, ?, ?, ?, ?, ?, ?, ?, ?, ?, ?, ?, ?)
make question 4063
Hibernate: insert into question (answer, choice1, choice2, choice3, choice4, choice5, content, correct, create_date, filepath, modify_date, score, subject, teacher_id, time, view) values (?, ?, ?, ?, ?, ?, ?, ?, ?, ?, ?, ?, ?, ?, ?, ?)
make question 4064
Hibernate: insert into question (answer, choice1, choice2, choice3, choice4, choice5, content, correct, create_date, filepath, modify_date, score, subject, teacher_id, time, view) values (?, ?, ?, ?, ?, ?, ?, ?, ?, ?, ?, ?, ?, ?, ?, ?)
make question 4065
Hibernate: insert into question (answer, choice1, choice2, choice3, choice4, choice5, content, correct, create_date, filepath, modify_date, score, subject, teacher_id, time, view) values (?, ?, ?, ?, ?, ?, ?, ?, ?, ?, ?, ?, ?, ?, ?, ?)
make question 4066
Hibernate: insert into question (answer, choice1, choice2, choice3, choice4, choice5, content, correct, create_date, filepath, modify_date, score, subject, teacher_id, time, view) values (?, ?, ?, ?, ?, ?, ?, ?, ?, ?, ?, ?, ?, ?, ?, ?)
make question 4067
Hibernate: insert into question (answer, choice1, choice2, choice3, choice4, choice5, content, correct, create_date, filepath, modify_date, score, subject, teacher_id, time, view) values (?, ?, ?, ?, ?, ?, ?, ?, ?, ?, ?, ?, ?, ?, ?, ?)
make question 4068
Hibernate: insert into question (answer, choice1, choice2, choice3, choice4, choice5, content, correct, create_date, filepath, modify_date, score, subject, teacher_id, time, view) values (?, ?, ?, ?, ?, ?, ?, ?, ?, ?, ?, ?, ?, ?, ?, ?)
make question 4069
Hibernate: insert into question (answer, choice1, choice2, choice3, choice4, choice5, content, correct, create_date, filepath, modify_date, score, subject, teacher_id, time, view) values (?, ?, ?, ?, ?, ?, ?, ?, ?, ?, ?, ?, ?, ?, ?, ?)
make question 4070
Hibernate: insert into question (answer, choice1, choice2, choice3, choice4, choice5, content, correct, create_date, filepath, modify_date, score, subject, teacher_id, time, view) values (?, ?, ?, ?, ?, ?, ?, ?, ?, ?, ?, ?, ?, ?, ?, ?)
make question 4071
Hibernate: insert into question (answer, choice1, choice2, choice3, choice4, choice5, content, correct, create_date, filepath, modify_date, score, subject, teacher_id, time, view) values (?, ?, ?, ?, ?, ?, ?, ?, ?, ?, ?, ?, ?, ?, ?, ?)
make question 4072
Hibernate: insert into question (answer, choice1, choice2, choice3, choice4, choice5, content, correct, create_date, filepath, modify_date, score, subject, teacher_id, time, view) values (?, ?, ?, ?, ?, ?, ?, ?, ?, ?, ?, ?, ?, ?, ?, ?)
make question 4073
Hibernate: insert into question (answer, choice1, choice2, choice3, choice4, choice5, content, correct, create_date, filepath, modify_date, score, subject, teacher_id, time, view) values (?, ?, ?, ?, ?, ?, ?, ?, ?, ?, ?, ?, ?, ?, ?, ?)
make question 4074
Hibernate: insert into question (answer, choice1, choice2, choice3, choice4, choice5, content, correct, create_date, filepath, modify_date, score, subject, teacher_id, time, view) values (?, ?, ?, ?, ?, ?, ?, ?, ?, ?, ?, ?, ?, ?, ?, ?)
make question 4075
Hibernate: insert into question (answer, choice1, choice2, choice3, choice4, choice5, content, correct, create_date, filepath, modify_date, score, subject, teacher_id, time, view) values (?, ?, ?, ?, ?, ?, ?, ?, ?, ?, ?, ?, ?, ?, ?, ?)
make question 4076
Hibernate: insert into question (answer, choice1, choice2, choice3, choice4, choice5, content, correct, create_date, filepath, modify_date, score, subject, teacher_id, time, view) values (?, ?, ?, ?, ?, ?, ?, ?, ?, ?, ?, ?, ?, ?, ?, ?)
make question 4077
Hibernate: insert into question (answer, choice1, choice2, choice3, choice4, choice5, content, correct, create_date, filepath, modify_date, score, subject, teacher_id, time, view) values (?, ?, ?, ?, ?, ?, ?, ?, ?, ?, ?, ?, ?, ?, ?, ?)
make question 4078
Hibernate: insert into question (answer, choice1, choice2, choice3, choice4, choice5, content, correct, create_date, filepath, modify_date, score, subject, teacher_id, time, view) values (?, ?, ?, ?, ?, ?, ?, ?, ?, ?, ?, ?, ?, ?, ?, ?)
make question 4079
Hibernate: insert into question (answer, choice1, choice2, choice3, choice4, choice5, content, correct, create_date, filepath, modify_date, score, subject, teacher_id, time, view) values (?, ?, ?, ?, ?, ?, ?, ?, ?, ?, ?, ?, ?, ?, ?, ?)
make question 4080
Hibernate: insert into question (answer, choice1, choice2, choice3, choice4, choice5, content, correct, create_date, filepath, modify_date, score, subject, teacher_id, time, view) values (?, ?, ?, ?, ?, ?, ?, ?, ?, ?, ?, ?, ?, ?, ?, ?)
make question 4081
Hibernate: insert into question (answer, choice1, choice2, choice3, choice4, choice5, content, correct, create_date, filepath, modify_date, score, subject, teacher_id, time, view) values (?, ?, ?, ?, ?, ?, ?, ?, ?, ?, ?, ?, ?, ?, ?, ?)
make question 4082
Hibernate: insert into question (answer, choice1, choice2, choice3, choice4, choice5, content, correct, create_date, filepath, modify_date, score, subject, teacher_id, time, view) values (?, ?, ?, ?, ?, ?, ?, ?, ?, ?, ?, ?, ?, ?, ?, ?)
make question 4083
Hibernate: insert into question (answer, choice1, choice2, choice3, choice4, choice5, content, correct, create_date, filepath, modify_date, score, subject, teacher_id, time, view) values (?, ?, ?, ?, ?, ?, ?, ?, ?, ?, ?, ?, ?, ?, ?, ?)
make question 4084
Hibernate: insert into question (answer, choice1, choice2, choice3, choice4, choice5, content, correct, create_date, filepath, modify_date, score, subject, teacher_id, time, view) values (?, ?, ?, ?, ?, ?, ?, ?, ?, ?, ?, ?, ?, ?, ?, ?)
make question 4085
Hibernate: insert into question (answer, choice1, choice2, choice3, choice4, choice5, content, correct, create_date, filepath, modify_date, score, subject, teacher_id, time, view) values (?, ?, ?, ?, ?, ?, ?, ?, ?, ?, ?, ?, ?, ?, ?, ?)
make question 4086
Hibernate: insert into question (answer, choice1, choice2, choice3, choice4, choice5, content, correct, create_date, filepath, modify_date, score, subject, teacher_id, time, view) values (?, ?, ?, ?, ?, ?, ?, ?, ?, ?, ?, ?, ?, ?, ?, ?)
make question 4087
Hibernate: insert into question (answer, choice1, choice2, choice3, choice4, choice5, content, correct, create_date, filepath, modify_date, score, subject, teacher_id, time, view) values (?, ?, ?, ?, ?, ?, ?, ?, ?, ?, ?, ?, ?, ?, ?, ?)
make question 4088
Hibernate: insert into question (answer, choice1, choice2, choice3, choice4, choice5, content, correct, create_date, filepath, modify_date, score, subject, teacher_id, time, view) values (?, ?, ?, ?, ?, ?, ?, ?, ?, ?, ?, ?, ?, ?, ?, ?)
make question 4089
Hibernate: insert into question (answer, choice1, choice2, choice3, choice4, choice5, content, correct, create_date, filepath, modify_date, score, subject, teacher_id, time, view) values (?, ?, ?, ?, ?, ?, ?, ?, ?, ?, ?, ?, ?, ?, ?, ?)
make question 4090
Hibernate: insert into question (answer, choice1, choice2, choice3, choice4, choice5, content, correct, create_date, filepath, modify_date, score, subject, teacher_id, time, view) values (?, ?, ?, ?, ?, ?, ?, ?, ?, ?, ?, ?, ?, ?, ?, ?)
make question 4091
Hibernate: insert into question (answer, choice1, choice2, choice3, choice4, choice5, content, correct, create_date, filepath, modify_date, score, subject, teacher_id, time, view) values (?, ?, ?, ?, ?, ?, ?, ?, ?, ?, ?, ?, ?, ?, ?, ?)
make question 4092
Hibernate: insert into question (answer, choice1, choice2, choice3, choice4, choice5, content, correct, create_date, filepath, modify_date, score, subject, teacher_id, time, view) values (?, ?, ?, ?, ?, ?, ?, ?, ?, ?, ?, ?, ?, ?, ?, ?)
make question 4093
Hibernate: insert into question (answer, choice1, choice2, choice3, choice4, choice5, content, correct, create_date, filepath, modify_date, score, subject, teacher_id, time, view) values (?, ?, ?, ?, ?, ?, ?, ?, ?, ?, ?, ?, ?, ?, ?, ?)
make question 4094
Hibernate: insert into question (answer, choice1, choice2, choice3, choice4, choice5, content, correct, create_date, filepath, modify_date, score, subject, teacher_id, time, view) values (?, ?, ?, ?, ?, ?, ?, ?, ?, ?, ?, ?, ?, ?, ?, ?)
make question 4095
Hibernate: insert into question (answer, choice1, choice2, choice3, choice4, choice5, content, correct, create_date, filepath, modify_date, score, subject, teacher_id, time, view) values (?, ?, ?, ?, ?, ?, ?, ?, ?, ?, ?, ?, ?, ?, ?, ?)
make question 4096
Hibernate: insert into question (answer, choice1, choice2, choice3, choice4, choice5, content, correct, create_date, filepath, modify_date, score, subject, teacher_id, time, view) values (?, ?, ?, ?, ?, ?, ?, ?, ?, ?, ?, ?, ?, ?, ?, ?)
make question 4097
Hibernate: insert into question (answer, choice1, choice2, choice3, choice4, choice5, content, correct, create_date, filepath, modify_date, score, subject, teacher_id, time, view) values (?, ?, ?, ?, ?, ?, ?, ?, ?, ?, ?, ?, ?, ?, ?, ?)
make question 4098
Hibernate: insert into question (answer, choice1, choice2, choice3, choice4, choice5, content, correct, create_date, filepath, modify_date, score, subject, teacher_id, time, view) values (?, ?, ?, ?, ?, ?, ?, ?, ?, ?, ?, ?, ?, ?, ?, ?)
make question 4099
Hibernate: insert into question (answer, choice1, choice2, choice3, choice4, choice5, content, correct, create_date, filepath, modify_date, score, subject, teacher_id, time, view) values (?, ?, ?, ?, ?, ?, ?, ?, ?, ?, ?, ?, ?, ?, ?, ?)
make question 4100
Hibernate: insert into question (answer, choice1, choice2, choice3, choice4, choice5, content, correct, create_date, filepath, modify_date, score, subject, teacher_id, time, view) values (?, ?, ?, ?, ?, ?, ?, ?, ?, ?, ?, ?, ?, ?, ?, ?)
make question 4101
Hibernate: insert into question (answer, choice1, choice2, choice3, choice4, choice5, content, correct, create_date, filepath, modify_date, score, subject, teacher_id, time, view) values (?, ?, ?, ?, ?, ?, ?, ?, ?, ?, ?, ?, ?, ?, ?, ?)
make question 4102
Hibernate: insert into question (answer, choice1, choice2, choice3, choice4, choice5, content, correct, create_date, filepath, modify_date, score, subject, teacher_id, time, view) values (?, ?, ?, ?, ?, ?, ?, ?, ?, ?, ?, ?, ?, ?, ?, ?)
make question 4103
Hibernate: insert into question (answer, choice1, choice2, choice3, choice4, choice5, content, correct, create_date, filepath, modify_date, score, subject, teacher_id, time, view) values (?, ?, ?, ?, ?, ?, ?, ?, ?, ?, ?, ?, ?, ?, ?, ?)
make question 4104
Hibernate: insert into question (answer, choice1, choice2, choice3, choice4, choice5, content, correct, create_date, filepath, modify_date, score, subject, teacher_id, time, view) values (?, ?, ?, ?, ?, ?, ?, ?, ?, ?, ?, ?, ?, ?, ?, ?)
make question 4105
Hibernate: insert into question (answer, choice1, choice2, choice3, choice4, choice5, content, correct, create_date, filepath, modify_date, score, subject, teacher_id, time, view) values (?, ?, ?, ?, ?, ?, ?, ?, ?, ?, ?, ?, ?, ?, ?, ?)
make question 4106
Hibernate: insert into question (answer, choice1, choice2, choice3, choice4, choice5, content, correct, create_date, filepath, modify_date, score, subject, teacher_id, time, view) values (?, ?, ?, ?, ?, ?, ?, ?, ?, ?, ?, ?, ?, ?, ?, ?)
make question 4107
Hibernate: insert into question (answer, choice1, choice2, choice3, choice4, choice5, content, correct, create_date, filepath, modify_date, score, subject, teacher_id, time, view) values (?, ?, ?, ?, ?, ?, ?, ?, ?, ?, ?, ?, ?, ?, ?, ?)
make question 4108
Hibernate: insert into question (answer, choice1, choice2, choice3, choice4, choice5, content, correct, create_date, filepath, modify_date, score, subject, teacher_id, time, view) values (?, ?, ?, ?, ?, ?, ?, ?, ?, ?, ?, ?, ?, ?, ?, ?)
make question 4109
Hibernate: insert into question (answer, choice1, choice2, choice3, choice4, choice5, content, correct, create_date, filepath, modify_date, score, subject, teacher_id, time, view) values (?, ?, ?, ?, ?, ?, ?, ?, ?, ?, ?, ?, ?, ?, ?, ?)
make question 4110
Hibernate: insert into question (answer, choice1, choice2, choice3, choice4, choice5, content, correct, create_date, filepath, modify_date, score, subject, teacher_id, time, view) values (?, ?, ?, ?, ?, ?, ?, ?, ?, ?, ?, ?, ?, ?, ?, ?)
make question 4111
Hibernate: insert into question (answer, choice1, choice2, choice3, choice4, choice5, content, correct, create_date, filepath, modify_date, score, subject, teacher_id, time, view) values (?, ?, ?, ?, ?, ?, ?, ?, ?, ?, ?, ?, ?, ?, ?, ?)
make question 4112
Hibernate: insert into question (answer, choice1, choice2, choice3, choice4, choice5, content, correct, create_date, filepath, modify_date, score, subject, teacher_id, time, view) values (?, ?, ?, ?, ?, ?, ?, ?, ?, ?, ?, ?, ?, ?, ?, ?)
make question 4113
Hibernate: insert into question (answer, choice1, choice2, choice3, choice4, choice5, content, correct, create_date, filepath, modify_date, score, subject, teacher_id, time, view) values (?, ?, ?, ?, ?, ?, ?, ?, ?, ?, ?, ?, ?, ?, ?, ?)
make question 4114
Hibernate: insert into question (answer, choice1, choice2, choice3, choice4, choice5, content, correct, create_date, filepath, modify_date, score, subject, teacher_id, time, view) values (?, ?, ?, ?, ?, ?, ?, ?, ?, ?, ?, ?, ?, ?, ?, ?)
make question 4115
Hibernate: insert into question (answer, choice1, choice2, choice3, choice4, choice5, content, correct, create_date, filepath, modify_date, score, subject, teacher_id, time, view) values (?, ?, ?, ?, ?, ?, ?, ?, ?, ?, ?, ?, ?, ?, ?, ?)
make question 4116
Hibernate: insert into question (answer, choice1, choice2, choice3, choice4, choice5, content, correct, create_date, filepath, modify_date, score, subject, teacher_id, time, view) values (?, ?, ?, ?, ?, ?, ?, ?, ?, ?, ?, ?, ?, ?, ?, ?)
make question 4117
Hibernate: insert into question (answer, choice1, choice2, choice3, choice4, choice5, content, correct, create_date, filepath, modify_date, score, subject, teacher_id, time, view) values (?, ?, ?, ?, ?, ?, ?, ?, ?, ?, ?, ?, ?, ?, ?, ?)
make question 4118
Hibernate: insert into question (answer, choice1, choice2, choice3, choice4, choice5, content, correct, create_date, filepath, modify_date, score, subject, teacher_id, time, view) values (?, ?, ?, ?, ?, ?, ?, ?, ?, ?, ?, ?, ?, ?, ?, ?)
make question 4119
Hibernate: insert into question (answer, choice1, choice2, choice3, choice4, choice5, content, correct, create_date, filepath, modify_date, score, subject, teacher_id, time, view) values (?, ?, ?, ?, ?, ?, ?, ?, ?, ?, ?, ?, ?, ?, ?, ?)
make question 4120
Hibernate: insert into question (answer, choice1, choice2, choice3, choice4, choice5, content, correct, create_date, filepath, modify_date, score, subject, teacher_id, time, view) values (?, ?, ?, ?, ?, ?, ?, ?, ?, ?, ?, ?, ?, ?, ?, ?)
make question 4121
Hibernate: insert into question (answer, choice1, choice2, choice3, choice4, choice5, content, correct, create_date, filepath, modify_date, score, subject, teacher_id, time, view) values (?, ?, ?, ?, ?, ?, ?, ?, ?, ?, ?, ?, ?, ?, ?, ?)
make question 4122
Hibernate: insert into question (answer, choice1, choice2, choice3, choice4, choice5, content, correct, create_date, filepath, modify_date, score, subject, teacher_id, time, view) values (?, ?, ?, ?, ?, ?, ?, ?, ?, ?, ?, ?, ?, ?, ?, ?)
make question 4123
Hibernate: insert into question (answer, choice1, choice2, choice3, choice4, choice5, content, correct, create_date, filepath, modify_date, score, subject, teacher_id, time, view) values (?, ?, ?, ?, ?, ?, ?, ?, ?, ?, ?, ?, ?, ?, ?, ?)
make question 4124
Hibernate: insert into question (answer, choice1, choice2, choice3, choice4, choice5, content, correct, create_date, filepath, modify_date, score, subject, teacher_id, time, view) values (?, ?, ?, ?, ?, ?, ?, ?, ?, ?, ?, ?, ?, ?, ?, ?)
make question 4125
Hibernate: insert into question (answer, choice1, choice2, choice3, choice4, choice5, content, correct, create_date, filepath, modify_date, score, subject, teacher_id, time, view) values (?, ?, ?, ?, ?, ?, ?, ?, ?, ?, ?, ?, ?, ?, ?, ?)
make question 4126
Hibernate: insert into question (answer, choice1, choice2, choice3, choice4, choice5, content, correct, create_date, filepath, modify_date, score, subject, teacher_id, time, view) values (?, ?, ?, ?, ?, ?, ?, ?, ?, ?, ?, ?, ?, ?, ?, ?)
make question 4127
Hibernate: insert into question (answer, choice1, choice2, choice3, choice4, choice5, content, correct, create_date, filepath, modify_date, score, subject, teacher_id, time, view) values (?, ?, ?, ?, ?, ?, ?, ?, ?, ?, ?, ?, ?, ?, ?, ?)
make question 4128
Hibernate: insert into question (answer, choice1, choice2, choice3, choice4, choice5, content, correct, create_date, filepath, modify_date, score, subject, teacher_id, time, view) values (?, ?, ?, ?, ?, ?, ?, ?, ?, ?, ?, ?, ?, ?, ?, ?)
make question 4129
Hibernate: insert into question (answer, choice1, choice2, choice3, choice4, choice5, content, correct, create_date, filepath, modify_date, score, subject, teacher_id, time, view) values (?, ?, ?, ?, ?, ?, ?, ?, ?, ?, ?, ?, ?, ?, ?, ?)
make question 4130
Hibernate: insert into question (answer, choice1, choice2, choice3, choice4, choice5, content, correct, create_date, filepath, modify_date, score, subject, teacher_id, time, view) values (?, ?, ?, ?, ?, ?, ?, ?, ?, ?, ?, ?, ?, ?, ?, ?)
make question 4131
Hibernate: insert into question (answer, choice1, choice2, choice3, choice4, choice5, content, correct, create_date, filepath, modify_date, score, subject, teacher_id, time, view) values (?, ?, ?, ?, ?, ?, ?, ?, ?, ?, ?, ?, ?, ?, ?, ?)
make question 4132
Hibernate: insert into question (answer, choice1, choice2, choice3, choice4, choice5, content, correct, create_date, filepath, modify_date, score, subject, teacher_id, time, view) values (?, ?, ?, ?, ?, ?, ?, ?, ?, ?, ?, ?, ?, ?, ?, ?)
make question 4133
Hibernate: insert into question (answer, choice1, choice2, choice3, choice4, choice5, content, correct, create_date, filepath, modify_date, score, subject, teacher_id, time, view) values (?, ?, ?, ?, ?, ?, ?, ?, ?, ?, ?, ?, ?, ?, ?, ?)
make question 4134
Hibernate: insert into question (answer, choice1, choice2, choice3, choice4, choice5, content, correct, create_date, filepath, modify_date, score, subject, teacher_id, time, view) values (?, ?, ?, ?, ?, ?, ?, ?, ?, ?, ?, ?, ?, ?, ?, ?)
make question 4135
Hibernate: insert into question (answer, choice1, choice2, choice3, choice4, choice5, content, correct, create_date, filepath, modify_date, score, subject, teacher_id, time, view) values (?, ?, ?, ?, ?, ?, ?, ?, ?, ?, ?, ?, ?, ?, ?, ?)
make question 4136
Hibernate: insert into question (answer, choice1, choice2, choice3, choice4, choice5, content, correct, create_date, filepath, modify_date, score, subject, teacher_id, time, view) values (?, ?, ?, ?, ?, ?, ?, ?, ?, ?, ?, ?, ?, ?, ?, ?)
make question 4137
Hibernate: insert into question (answer, choice1, choice2, choice3, choice4, choice5, content, correct, create_date, filepath, modify_date, score, subject, teacher_id, time, view) values (?, ?, ?, ?, ?, ?, ?, ?, ?, ?, ?, ?, ?, ?, ?, ?)
make question 4138
Hibernate: insert into question (answer, choice1, choice2, choice3, choice4, choice5, content, correct, create_date, filepath, modify_date, score, subject, teacher_id, time, view) values (?, ?, ?, ?, ?, ?, ?, ?, ?, ?, ?, ?, ?, ?, ?, ?)
make question 4139
Hibernate: insert into question (answer, choice1, choice2, choice3, choice4, choice5, content, correct, create_date, filepath, modify_date, score, subject, teacher_id, time, view) values (?, ?, ?, ?, ?, ?, ?, ?, ?, ?, ?, ?, ?, ?, ?, ?)
make question 4140
Hibernate: insert into question (answer, choice1, choice2, choice3, choice4, choice5, content, correct, create_date, filepath, modify_date, score, subject, teacher_id, time, view) values (?, ?, ?, ?, ?, ?, ?, ?, ?, ?, ?, ?, ?, ?, ?, ?)
make question 4141
Hibernate: insert into question (answer, choice1, choice2, choice3, choice4, choice5, content, correct, create_date, filepath, modify_date, score, subject, teacher_id, time, view) values (?, ?, ?, ?, ?, ?, ?, ?, ?, ?, ?, ?, ?, ?, ?, ?)
make question 4142
Hibernate: insert into question (answer, choice1, choice2, choice3, choice4, choice5, content, correct, create_date, filepath, modify_date, score, subject, teacher_id, time, view) values (?, ?, ?, ?, ?, ?, ?, ?, ?, ?, ?, ?, ?, ?, ?, ?)
make question 4143
Hibernate: insert into question (answer, choice1, choice2, choice3, choice4, choice5, content, correct, create_date, filepath, modify_date, score, subject, teacher_id, time, view) values (?, ?, ?, ?, ?, ?, ?, ?, ?, ?, ?, ?, ?, ?, ?, ?)
make question 4144
Hibernate: insert into question (answer, choice1, choice2, choice3, choice4, choice5, content, correct, create_date, filepath, modify_date, score, subject, teacher_id, time, view) values (?, ?, ?, ?, ?, ?, ?, ?, ?, ?, ?, ?, ?, ?, ?, ?)
make question 4145
Hibernate: insert into question (answer, choice1, choice2, choice3, choice4, choice5, content, correct, create_date, filepath, modify_date, score, subject, teacher_id, time, view) values (?, ?, ?, ?, ?, ?, ?, ?, ?, ?, ?, ?, ?, ?, ?, ?)
make question 4146
Hibernate: insert into question (answer, choice1, choice2, choice3, choice4, choice5, content, correct, create_date, filepath, modify_date, score, subject, teacher_id, time, view) values (?, ?, ?, ?, ?, ?, ?, ?, ?, ?, ?, ?, ?, ?, ?, ?)
make question 4147
Hibernate: insert into question (answer, choice1, choice2, choice3, choice4, choice5, content, correct, create_date, filepath, modify_date, score, subject, teacher_id, time, view) values (?, ?, ?, ?, ?, ?, ?, ?, ?, ?, ?, ?, ?, ?, ?, ?)
make question 4148
Hibernate: insert into question (answer, choice1, choice2, choice3, choice4, choice5, content, correct, create_date, filepath, modify_date, score, subject, teacher_id, time, view) values (?, ?, ?, ?, ?, ?, ?, ?, ?, ?, ?, ?, ?, ?, ?, ?)
make question 4149
Hibernate: insert into question (answer, choice1, choice2, choice3, choice4, choice5, content, correct, create_date, filepath, modify_date, score, subject, teacher_id, time, view) values (?, ?, ?, ?, ?, ?, ?, ?, ?, ?, ?, ?, ?, ?, ?, ?)
make question 4150
Hibernate: insert into question (answer, choice1, choice2, choice3, choice4, choice5, content, correct, create_date, filepath, modify_date, score, subject, teacher_id, time, view) values (?, ?, ?, ?, ?, ?, ?, ?, ?, ?, ?, ?, ?, ?, ?, ?)
make question 4151
Hibernate: insert into question (answer, choice1, choice2, choice3, choice4, choice5, content, correct, create_date, filepath, modify_date, score, subject, teacher_id, time, view) values (?, ?, ?, ?, ?, ?, ?, ?, ?, ?, ?, ?, ?, ?, ?, ?)
make question 4152
Hibernate: insert into question (answer, choice1, choice2, choice3, choice4, choice5, content, correct, create_date, filepath, modify_date, score, subject, teacher_id, time, view) values (?, ?, ?, ?, ?, ?, ?, ?, ?, ?, ?, ?, ?, ?, ?, ?)
make question 4153
Hibernate: insert into question (answer, choice1, choice2, choice3, choice4, choice5, content, correct, create_date, filepath, modify_date, score, subject, teacher_id, time, view) values (?, ?, ?, ?, ?, ?, ?, ?, ?, ?, ?, ?, ?, ?, ?, ?)
make question 4154
Hibernate: insert into question (answer, choice1, choice2, choice3, choice4, choice5, content, correct, create_date, filepath, modify_date, score, subject, teacher_id, time, view) values (?, ?, ?, ?, ?, ?, ?, ?, ?, ?, ?, ?, ?, ?, ?, ?)
make question 4155
Hibernate: insert into question (answer, choice1, choice2, choice3, choice4, choice5, content, correct, create_date, filepath, modify_date, score, subject, teacher_id, time, view) values (?, ?, ?, ?, ?, ?, ?, ?, ?, ?, ?, ?, ?, ?, ?, ?)
make question 4156
Hibernate: insert into question (answer, choice1, choice2, choice3, choice4, choice5, content, correct, create_date, filepath, modify_date, score, subject, teacher_id, time, view) values (?, ?, ?, ?, ?, ?, ?, ?, ?, ?, ?, ?, ?, ?, ?, ?)
make question 4157
Hibernate: insert into question (answer, choice1, choice2, choice3, choice4, choice5, content, correct, create_date, filepath, modify_date, score, subject, teacher_id, time, view) values (?, ?, ?, ?, ?, ?, ?, ?, ?, ?, ?, ?, ?, ?, ?, ?)
make question 4158
Hibernate: insert into question (answer, choice1, choice2, choice3, choice4, choice5, content, correct, create_date, filepath, modify_date, score, subject, teacher_id, time, view) values (?, ?, ?, ?, ?, ?, ?, ?, ?, ?, ?, ?, ?, ?, ?, ?)
make question 4159
Hibernate: insert into question (answer, choice1, choice2, choice3, choice4, choice5, content, correct, create_date, filepath, modify_date, score, subject, teacher_id, time, view) values (?, ?, ?, ?, ?, ?, ?, ?, ?, ?, ?, ?, ?, ?, ?, ?)
make question 4160
Hibernate: insert into question (answer, choice1, choice2, choice3, choice4, choice5, content, correct, create_date, filepath, modify_date, score, subject, teacher_id, time, view) values (?, ?, ?, ?, ?, ?, ?, ?, ?, ?, ?, ?, ?, ?, ?, ?)
make question 4161
Hibernate: insert into question (answer, choice1, choice2, choice3, choice4, choice5, content, correct, create_date, filepath, modify_date, score, subject, teacher_id, time, view) values (?, ?, ?, ?, ?, ?, ?, ?, ?, ?, ?, ?, ?, ?, ?, ?)
make question 4162
Hibernate: insert into question (answer, choice1, choice2, choice3, choice4, choice5, content, correct, create_date, filepath, modify_date, score, subject, teacher_id, time, view) values (?, ?, ?, ?, ?, ?, ?, ?, ?, ?, ?, ?, ?, ?, ?, ?)
make question 4163
Hibernate: insert into question (answer, choice1, choice2, choice3, choice4, choice5, content, correct, create_date, filepath, modify_date, score, subject, teacher_id, time, view) values (?, ?, ?, ?, ?, ?, ?, ?, ?, ?, ?, ?, ?, ?, ?, ?)
make question 4164
Hibernate: insert into question (answer, choice1, choice2, choice3, choice4, choice5, content, correct, create_date, filepath, modify_date, score, subject, teacher_id, time, view) values (?, ?, ?, ?, ?, ?, ?, ?, ?, ?, ?, ?, ?, ?, ?, ?)
make question 4165
Hibernate: insert into question (answer, choice1, choice2, choice3, choice4, choice5, content, correct, create_date, filepath, modify_date, score, subject, teacher_id, time, view) values (?, ?, ?, ?, ?, ?, ?, ?, ?, ?, ?, ?, ?, ?, ?, ?)
make question 4166
Hibernate: insert into question (answer, choice1, choice2, choice3, choice4, choice5, content, correct, create_date, filepath, modify_date, score, subject, teacher_id, time, view) values (?, ?, ?, ?, ?, ?, ?, ?, ?, ?, ?, ?, ?, ?, ?, ?)
make question 4167
Hibernate: insert into question (answer, choice1, choice2, choice3, choice4, choice5, content, correct, create_date, filepath, modify_date, score, subject, teacher_id, time, view) values (?, ?, ?, ?, ?, ?, ?, ?, ?, ?, ?, ?, ?, ?, ?, ?)
make question 4168
Hibernate: insert into question (answer, choice1, choice2, choice3, choice4, choice5, content, correct, create_date, filepath, modify_date, score, subject, teacher_id, time, view) values (?, ?, ?, ?, ?, ?, ?, ?, ?, ?, ?, ?, ?, ?, ?, ?)
make question 4169
Hibernate: insert into question (answer, choice1, choice2, choice3, choice4, choice5, content, correct, create_date, filepath, modify_date, score, subject, teacher_id, time, view) values (?, ?, ?, ?, ?, ?, ?, ?, ?, ?, ?, ?, ?, ?, ?, ?)
make question 4170
Hibernate: insert into question (answer, choice1, choice2, choice3, choice4, choice5, content, correct, create_date, filepath, modify_date, score, subject, teacher_id, time, view) values (?, ?, ?, ?, ?, ?, ?, ?, ?, ?, ?, ?, ?, ?, ?, ?)
make question 4171
Hibernate: insert into question (answer, choice1, choice2, choice3, choice4, choice5, content, correct, create_date, filepath, modify_date, score, subject, teacher_id, time, view) values (?, ?, ?, ?, ?, ?, ?, ?, ?, ?, ?, ?, ?, ?, ?, ?)
make question 4172
Hibernate: insert into question (answer, choice1, choice2, choice3, choice4, choice5, content, correct, create_date, filepath, modify_date, score, subject, teacher_id, time, view) values (?, ?, ?, ?, ?, ?, ?, ?, ?, ?, ?, ?, ?, ?, ?, ?)
make question 4173
Hibernate: insert into question (answer, choice1, choice2, choice3, choice4, choice5, content, correct, create_date, filepath, modify_date, score, subject, teacher_id, time, view) values (?, ?, ?, ?, ?, ?, ?, ?, ?, ?, ?, ?, ?, ?, ?, ?)
make question 4174
Hibernate: insert into question (answer, choice1, choice2, choice3, choice4, choice5, content, correct, create_date, filepath, modify_date, score, subject, teacher_id, time, view) values (?, ?, ?, ?, ?, ?, ?, ?, ?, ?, ?, ?, ?, ?, ?, ?)
make question 4175
Hibernate: insert into question (answer, choice1, choice2, choice3, choice4, choice5, content, correct, create_date, filepath, modify_date, score, subject, teacher_id, time, view) values (?, ?, ?, ?, ?, ?, ?, ?, ?, ?, ?, ?, ?, ?, ?, ?)
make question 4176
Hibernate: insert into question (answer, choice1, choice2, choice3, choice4, choice5, content, correct, create_date, filepath, modify_date, score, subject, teacher_id, time, view) values (?, ?, ?, ?, ?, ?, ?, ?, ?, ?, ?, ?, ?, ?, ?, ?)
make question 4177
Hibernate: insert into question (answer, choice1, choice2, choice3, choice4, choice5, content, correct, create_date, filepath, modify_date, score, subject, teacher_id, time, view) values (?, ?, ?, ?, ?, ?, ?, ?, ?, ?, ?, ?, ?, ?, ?, ?)
make question 4178
Hibernate: insert into question (answer, choice1, choice2, choice3, choice4, choice5, content, correct, create_date, filepath, modify_date, score, subject, teacher_id, time, view) values (?, ?, ?, ?, ?, ?, ?, ?, ?, ?, ?, ?, ?, ?, ?, ?)
make question 4179
Hibernate: insert into question (answer, choice1, choice2, choice3, choice4, choice5, content, correct, create_date, filepath, modify_date, score, subject, teacher_id, time, view) values (?, ?, ?, ?, ?, ?, ?, ?, ?, ?, ?, ?, ?, ?, ?, ?)
make question 4180
Hibernate: insert into question (answer, choice1, choice2, choice3, choice4, choice5, content, correct, create_date, filepath, modify_date, score, subject, teacher_id, time, view) values (?, ?, ?, ?, ?, ?, ?, ?, ?, ?, ?, ?, ?, ?, ?, ?)
make question 4181
Hibernate: insert into question (answer, choice1, choice2, choice3, choice4, choice5, content, correct, create_date, filepath, modify_date, score, subject, teacher_id, time, view) values (?, ?, ?, ?, ?, ?, ?, ?, ?, ?, ?, ?, ?, ?, ?, ?)
make question 4182
Hibernate: insert into question (answer, choice1, choice2, choice3, choice4, choice5, content, correct, create_date, filepath, modify_date, score, subject, teacher_id, time, view) values (?, ?, ?, ?, ?, ?, ?, ?, ?, ?, ?, ?, ?, ?, ?, ?)
make question 4183
Hibernate: insert into question (answer, choice1, choice2, choice3, choice4, choice5, content, correct, create_date, filepath, modify_date, score, subject, teacher_id, time, view) values (?, ?, ?, ?, ?, ?, ?, ?, ?, ?, ?, ?, ?, ?, ?, ?)
make question 4184
Hibernate: insert into question (answer, choice1, choice2, choice3, choice4, choice5, content, correct, create_date, filepath, modify_date, score, subject, teacher_id, time, view) values (?, ?, ?, ?, ?, ?, ?, ?, ?, ?, ?, ?, ?, ?, ?, ?)
make question 4185
Hibernate: insert into question (answer, choice1, choice2, choice3, choice4, choice5, content, correct, create_date, filepath, modify_date, score, subject, teacher_id, time, view) values (?, ?, ?, ?, ?, ?, ?, ?, ?, ?, ?, ?, ?, ?, ?, ?)
make question 4186
Hibernate: insert into question (answer, choice1, choice2, choice3, choice4, choice5, content, correct, create_date, filepath, modify_date, score, subject, teacher_id, time, view) values (?, ?, ?, ?, ?, ?, ?, ?, ?, ?, ?, ?, ?, ?, ?, ?)
make question 4187
Hibernate: insert into question (answer, choice1, choice2, choice3, choice4, choice5, content, correct, create_date, filepath, modify_date, score, subject, teacher_id, time, view) values (?, ?, ?, ?, ?, ?, ?, ?, ?, ?, ?, ?, ?, ?, ?, ?)
make question 4188
Hibernate: insert into question (answer, choice1, choice2, choice3, choice4, choice5, content, correct, create_date, filepath, modify_date, score, subject, teacher_id, time, view) values (?, ?, ?, ?, ?, ?, ?, ?, ?, ?, ?, ?, ?, ?, ?, ?)
make question 4189
Hibernate: insert into question (answer, choice1, choice2, choice3, choice4, choice5, content, correct, create_date, filepath, modify_date, score, subject, teacher_id, time, view) values (?, ?, ?, ?, ?, ?, ?, ?, ?, ?, ?, ?, ?, ?, ?, ?)
make question 4190
Hibernate: insert into question (answer, choice1, choice2, choice3, choice4, choice5, content, correct, create_date, filepath, modify_date, score, subject, teacher_id, time, view) values (?, ?, ?, ?, ?, ?, ?, ?, ?, ?, ?, ?, ?, ?, ?, ?)
make question 4191
Hibernate: insert into question (answer, choice1, choice2, choice3, choice4, choice5, content, correct, create_date, filepath, modify_date, score, subject, teacher_id, time, view) values (?, ?, ?, ?, ?, ?, ?, ?, ?, ?, ?, ?, ?, ?, ?, ?)
make question 4192
Hibernate: insert into question (answer, choice1, choice2, choice3, choice4, choice5, content, correct, create_date, filepath, modify_date, score, subject, teacher_id, time, view) values (?, ?, ?, ?, ?, ?, ?, ?, ?, ?, ?, ?, ?, ?, ?, ?)
make question 4193
Hibernate: insert into question (answer, choice1, choice2, choice3, choice4, choice5, content, correct, create_date, filepath, modify_date, score, subject, teacher_id, time, view) values (?, ?, ?, ?, ?, ?, ?, ?, ?, ?, ?, ?, ?, ?, ?, ?)
make question 4194
Hibernate: insert into question (answer, choice1, choice2, choice3, choice4, choice5, content, correct, create_date, filepath, modify_date, score, subject, teacher_id, time, view) values (?, ?, ?, ?, ?, ?, ?, ?, ?, ?, ?, ?, ?, ?, ?, ?)
make question 4195
Hibernate: insert into question (answer, choice1, choice2, choice3, choice4, choice5, content, correct, create_date, filepath, modify_date, score, subject, teacher_id, time, view) values (?, ?, ?, ?, ?, ?, ?, ?, ?, ?, ?, ?, ?, ?, ?, ?)
make question 4196
Hibernate: insert into question (answer, choice1, choice2, choice3, choice4, choice5, content, correct, create_date, filepath, modify_date, score, subject, teacher_id, time, view) values (?, ?, ?, ?, ?, ?, ?, ?, ?, ?, ?, ?, ?, ?, ?, ?)
make question 4197
Hibernate: insert into question (answer, choice1, choice2, choice3, choice4, choice5, content, correct, create_date, filepath, modify_date, score, subject, teacher_id, time, view) values (?, ?, ?, ?, ?, ?, ?, ?, ?, ?, ?, ?, ?, ?, ?, ?)
make question 4198
Hibernate: insert into question (answer, choice1, choice2, choice3, choice4, choice5, content, correct, create_date, filepath, modify_date, score, subject, teacher_id, time, view) values (?, ?, ?, ?, ?, ?, ?, ?, ?, ?, ?, ?, ?, ?, ?, ?)
make question 4199
Hibernate: insert into question (answer, choice1, choice2, choice3, choice4, choice5, content, correct, create_date, filepath, modify_date, score, subject, teacher_id, time, view) values (?, ?, ?, ?, ?, ?, ?, ?, ?, ?, ?, ?, ?, ?, ?, ?)
make question 4200
Hibernate: insert into question (answer, choice1, choice2, choice3, choice4, choice5, content, correct, create_date, filepath, modify_date, score, subject, teacher_id, time, view) values (?, ?, ?, ?, ?, ?, ?, ?, ?, ?, ?, ?, ?, ?, ?, ?)
make question 4201
Hibernate: insert into question (answer, choice1, choice2, choice3, choice4, choice5, content, correct, create_date, filepath, modify_date, score, subject, teacher_id, time, view) values (?, ?, ?, ?, ?, ?, ?, ?, ?, ?, ?, ?, ?, ?, ?, ?)
make question 4202
Hibernate: insert into question (answer, choice1, choice2, choice3, choice4, choice5, content, correct, create_date, filepath, modify_date, score, subject, teacher_id, time, view) values (?, ?, ?, ?, ?, ?, ?, ?, ?, ?, ?, ?, ?, ?, ?, ?)
make question 4203
Hibernate: insert into question (answer, choice1, choice2, choice3, choice4, choice5, content, correct, create_date, filepath, modify_date, score, subject, teacher_id, time, view) values (?, ?, ?, ?, ?, ?, ?, ?, ?, ?, ?, ?, ?, ?, ?, ?)
make question 4204
Hibernate: insert into question (answer, choice1, choice2, choice3, choice4, choice5, content, correct, create_date, filepath, modify_date, score, subject, teacher_id, time, view) values (?, ?, ?, ?, ?, ?, ?, ?, ?, ?, ?, ?, ?, ?, ?, ?)
make question 4205
Hibernate: insert into question (answer, choice1, choice2, choice3, choice4, choice5, content, correct, create_date, filepath, modify_date, score, subject, teacher_id, time, view) values (?, ?, ?, ?, ?, ?, ?, ?, ?, ?, ?, ?, ?, ?, ?, ?)
make question 4206
Hibernate: insert into question (answer, choice1, choice2, choice3, choice4, choice5, content, correct, create_date, filepath, modify_date, score, subject, teacher_id, time, view) values (?, ?, ?, ?, ?, ?, ?, ?, ?, ?, ?, ?, ?, ?, ?, ?)
make question 4207
Hibernate: insert into question (answer, choice1, choice2, choice3, choice4, choice5, content, correct, create_date, filepath, modify_date, score, subject, teacher_id, time, view) values (?, ?, ?, ?, ?, ?, ?, ?, ?, ?, ?, ?, ?, ?, ?, ?)
make question 4208
Hibernate: insert into question (answer, choice1, choice2, choice3, choice4, choice5, content, correct, create_date, filepath, modify_date, score, subject, teacher_id, time, view) values (?, ?, ?, ?, ?, ?, ?, ?, ?, ?, ?, ?, ?, ?, ?, ?)
make question 4209
Hibernate: insert into question (answer, choice1, choice2, choice3, choice4, choice5, content, correct, create_date, filepath, modify_date, score, subject, teacher_id, time, view) values (?, ?, ?, ?, ?, ?, ?, ?, ?, ?, ?, ?, ?, ?, ?, ?)
make question 4210
Hibernate: insert into question (answer, choice1, choice2, choice3, choice4, choice5, content, correct, create_date, filepath, modify_date, score, subject, teacher_id, time, view) values (?, ?, ?, ?, ?, ?, ?, ?, ?, ?, ?, ?, ?, ?, ?, ?)
make question 4211
Hibernate: insert into question (answer, choice1, choice2, choice3, choice4, choice5, content, correct, create_date, filepath, modify_date, score, subject, teacher_id, time, view) values (?, ?, ?, ?, ?, ?, ?, ?, ?, ?, ?, ?, ?, ?, ?, ?)
make question 4212
Hibernate: insert into question (answer, choice1, choice2, choice3, choice4, choice5, content, correct, create_date, filepath, modify_date, score, subject, teacher_id, time, view) values (?, ?, ?, ?, ?, ?, ?, ?, ?, ?, ?, ?, ?, ?, ?, ?)
make question 4213
Hibernate: insert into question (answer, choice1, choice2, choice3, choice4, choice5, content, correct, create_date, filepath, modify_date, score, subject, teacher_id, time, view) values (?, ?, ?, ?, ?, ?, ?, ?, ?, ?, ?, ?, ?, ?, ?, ?)
make question 4214
Hibernate: insert into question (answer, choice1, choice2, choice3, choice4, choice5, content, correct, create_date, filepath, modify_date, score, subject, teacher_id, time, view) values (?, ?, ?, ?, ?, ?, ?, ?, ?, ?, ?, ?, ?, ?, ?, ?)
make question 4215
Hibernate: insert into question (answer, choice1, choice2, choice3, choice4, choice5, content, correct, create_date, filepath, modify_date, score, subject, teacher_id, time, view) values (?, ?, ?, ?, ?, ?, ?, ?, ?, ?, ?, ?, ?, ?, ?, ?)
make question 4216
Hibernate: insert into question (answer, choice1, choice2, choice3, choice4, choice5, content, correct, create_date, filepath, modify_date, score, subject, teacher_id, time, view) values (?, ?, ?, ?, ?, ?, ?, ?, ?, ?, ?, ?, ?, ?, ?, ?)
make question 4217
Hibernate: insert into question (answer, choice1, choice2, choice3, choice4, choice5, content, correct, create_date, filepath, modify_date, score, subject, teacher_id, time, view) values (?, ?, ?, ?, ?, ?, ?, ?, ?, ?, ?, ?, ?, ?, ?, ?)
make question 4218
Hibernate: insert into question (answer, choice1, choice2, choice3, choice4, choice5, content, correct, create_date, filepath, modify_date, score, subject, teacher_id, time, view) values (?, ?, ?, ?, ?, ?, ?, ?, ?, ?, ?, ?, ?, ?, ?, ?)
make question 4219
Hibernate: insert into question (answer, choice1, choice2, choice3, choice4, choice5, content, correct, create_date, filepath, modify_date, score, subject, teacher_id, time, view) values (?, ?, ?, ?, ?, ?, ?, ?, ?, ?, ?, ?, ?, ?, ?, ?)
make question 4220
Hibernate: insert into question (answer, choice1, choice2, choice3, choice4, choice5, content, correct, create_date, filepath, modify_date, score, subject, teacher_id, time, view) values (?, ?, ?, ?, ?, ?, ?, ?, ?, ?, ?, ?, ?, ?, ?, ?)
make question 4221
Hibernate: insert into question (answer, choice1, choice2, choice3, choice4, choice5, content, correct, create_date, filepath, modify_date, score, subject, teacher_id, time, view) values (?, ?, ?, ?, ?, ?, ?, ?, ?, ?, ?, ?, ?, ?, ?, ?)
make question 4222
Hibernate: insert into question (answer, choice1, choice2, choice3, choice4, choice5, content, correct, create_date, filepath, modify_date, score, subject, teacher_id, time, view) values (?, ?, ?, ?, ?, ?, ?, ?, ?, ?, ?, ?, ?, ?, ?, ?)
make question 4223
Hibernate: insert into question (answer, choice1, choice2, choice3, choice4, choice5, content, correct, create_date, filepath, modify_date, score, subject, teacher_id, time, view) values (?, ?, ?, ?, ?, ?, ?, ?, ?, ?, ?, ?, ?, ?, ?, ?)
make question 4224
Hibernate: insert into question (answer, choice1, choice2, choice3, choice4, choice5, content, correct, create_date, filepath, modify_date, score, subject, teacher_id, time, view) values (?, ?, ?, ?, ?, ?, ?, ?, ?, ?, ?, ?, ?, ?, ?, ?)
make question 4225
Hibernate: insert into question (answer, choice1, choice2, choice3, choice4, choice5, content, correct, create_date, filepath, modify_date, score, subject, teacher_id, time, view) values (?, ?, ?, ?, ?, ?, ?, ?, ?, ?, ?, ?, ?, ?, ?, ?)
make question 4226
Hibernate: insert into question (answer, choice1, choice2, choice3, choice4, choice5, content, correct, create_date, filepath, modify_date, score, subject, teacher_id, time, view) values (?, ?, ?, ?, ?, ?, ?, ?, ?, ?, ?, ?, ?, ?, ?, ?)
make question 4227
Hibernate: insert into question (answer, choice1, choice2, choice3, choice4, choice5, content, correct, create_date, filepath, modify_date, score, subject, teacher_id, time, view) values (?, ?, ?, ?, ?, ?, ?, ?, ?, ?, ?, ?, ?, ?, ?, ?)
make question 4228
Hibernate: insert into question (answer, choice1, choice2, choice3, choice4, choice5, content, correct, create_date, filepath, modify_date, score, subject, teacher_id, time, view) values (?, ?, ?, ?, ?, ?, ?, ?, ?, ?, ?, ?, ?, ?, ?, ?)
make question 4229
Hibernate: insert into question (answer, choice1, choice2, choice3, choice4, choice5, content, correct, create_date, filepath, modify_date, score, subject, teacher_id, time, view) values (?, ?, ?, ?, ?, ?, ?, ?, ?, ?, ?, ?, ?, ?, ?, ?)
make question 4230
Hibernate: insert into question (answer, choice1, choice2, choice3, choice4, choice5, content, correct, create_date, filepath, modify_date, score, subject, teacher_id, time, view) values (?, ?, ?, ?, ?, ?, ?, ?, ?, ?, ?, ?, ?, ?, ?, ?)
make question 4231
Hibernate: insert into question (answer, choice1, choice2, choice3, choice4, choice5, content, correct, create_date, filepath, modify_date, score, subject, teacher_id, time, view) values (?, ?, ?, ?, ?, ?, ?, ?, ?, ?, ?, ?, ?, ?, ?, ?)
make question 4232
Hibernate: insert into question (answer, choice1, choice2, choice3, choice4, choice5, content, correct, create_date, filepath, modify_date, score, subject, teacher_id, time, view) values (?, ?, ?, ?, ?, ?, ?, ?, ?, ?, ?, ?, ?, ?, ?, ?)
make question 4233
Hibernate: insert into question (answer, choice1, choice2, choice3, choice4, choice5, content, correct, create_date, filepath, modify_date, score, subject, teacher_id, time, view) values (?, ?, ?, ?, ?, ?, ?, ?, ?, ?, ?, ?, ?, ?, ?, ?)
make question 4234
Hibernate: insert into question (answer, choice1, choice2, choice3, choice4, choice5, content, correct, create_date, filepath, modify_date, score, subject, teacher_id, time, view) values (?, ?, ?, ?, ?, ?, ?, ?, ?, ?, ?, ?, ?, ?, ?, ?)
make question 4235
Hibernate: insert into question (answer, choice1, choice2, choice3, choice4, choice5, content, correct, create_date, filepath, modify_date, score, subject, teacher_id, time, view) values (?, ?, ?, ?, ?, ?, ?, ?, ?, ?, ?, ?, ?, ?, ?, ?)
make question 4236
Hibernate: insert into question (answer, choice1, choice2, choice3, choice4, choice5, content, correct, create_date, filepath, modify_date, score, subject, teacher_id, time, view) values (?, ?, ?, ?, ?, ?, ?, ?, ?, ?, ?, ?, ?, ?, ?, ?)
make question 4237
Hibernate: insert into question (answer, choice1, choice2, choice3, choice4, choice5, content, correct, create_date, filepath, modify_date, score, subject, teacher_id, time, view) values (?, ?, ?, ?, ?, ?, ?, ?, ?, ?, ?, ?, ?, ?, ?, ?)
make question 4238
Hibernate: insert into question (answer, choice1, choice2, choice3, choice4, choice5, content, correct, create_date, filepath, modify_date, score, subject, teacher_id, time, view) values (?, ?, ?, ?, ?, ?, ?, ?, ?, ?, ?, ?, ?, ?, ?, ?)
make question 4239
Hibernate: insert into question (answer, choice1, choice2, choice3, choice4, choice5, content, correct, create_date, filepath, modify_date, score, subject, teacher_id, time, view) values (?, ?, ?, ?, ?, ?, ?, ?, ?, ?, ?, ?, ?, ?, ?, ?)
make question 4240
Hibernate: insert into question (answer, choice1, choice2, choice3, choice4, choice5, content, correct, create_date, filepath, modify_date, score, subject, teacher_id, time, view) values (?, ?, ?, ?, ?, ?, ?, ?, ?, ?, ?, ?, ?, ?, ?, ?)
make question 4241
Hibernate: insert into question (answer, choice1, choice2, choice3, choice4, choice5, content, correct, create_date, filepath, modify_date, score, subject, teacher_id, time, view) values (?, ?, ?, ?, ?, ?, ?, ?, ?, ?, ?, ?, ?, ?, ?, ?)
make question 4242
Hibernate: insert into question (answer, choice1, choice2, choice3, choice4, choice5, content, correct, create_date, filepath, modify_date, score, subject, teacher_id, time, view) values (?, ?, ?, ?, ?, ?, ?, ?, ?, ?, ?, ?, ?, ?, ?, ?)
make question 4243
Hibernate: insert into question (answer, choice1, choice2, choice3, choice4, choice5, content, correct, create_date, filepath, modify_date, score, subject, teacher_id, time, view) values (?, ?, ?, ?, ?, ?, ?, ?, ?, ?, ?, ?, ?, ?, ?, ?)
make question 4244
Hibernate: insert into question (answer, choice1, choice2, choice3, choice4, choice5, content, correct, create_date, filepath, modify_date, score, subject, teacher_id, time, view) values (?, ?, ?, ?, ?, ?, ?, ?, ?, ?, ?, ?, ?, ?, ?, ?)
make question 4245
Hibernate: insert into question (answer, choice1, choice2, choice3, choice4, choice5, content, correct, create_date, filepath, modify_date, score, subject, teacher_id, time, view) values (?, ?, ?, ?, ?, ?, ?, ?, ?, ?, ?, ?, ?, ?, ?, ?)
make question 4246
Hibernate: insert into question (answer, choice1, choice2, choice3, choice4, choice5, content, correct, create_date, filepath, modify_date, score, subject, teacher_id, time, view) values (?, ?, ?, ?, ?, ?, ?, ?, ?, ?, ?, ?, ?, ?, ?, ?)
make question 4247
Hibernate: insert into question (answer, choice1, choice2, choice3, choice4, choice5, content, correct, create_date, filepath, modify_date, score, subject, teacher_id, time, view) values (?, ?, ?, ?, ?, ?, ?, ?, ?, ?, ?, ?, ?, ?, ?, ?)
make question 4248
Hibernate: insert into question (answer, choice1, choice2, choice3, choice4, choice5, content, correct, create_date, filepath, modify_date, score, subject, teacher_id, time, view) values (?, ?, ?, ?, ?, ?, ?, ?, ?, ?, ?, ?, ?, ?, ?, ?)
make question 4249
Hibernate: insert into question (answer, choice1, choice2, choice3, choice4, choice5, content, correct, create_date, filepath, modify_date, score, subject, teacher_id, time, view) values (?, ?, ?, ?, ?, ?, ?, ?, ?, ?, ?, ?, ?, ?, ?, ?)
make question 4250
Hibernate: insert into question (answer, choice1, choice2, choice3, choice4, choice5, content, correct, create_date, filepath, modify_date, score, subject, teacher_id, time, view) values (?, ?, ?, ?, ?, ?, ?, ?, ?, ?, ?, ?, ?, ?, ?, ?)
make question 4251
Hibernate: insert into question (answer, choice1, choice2, choice3, choice4, choice5, content, correct, create_date, filepath, modify_date, score, subject, teacher_id, time, view) values (?, ?, ?, ?, ?, ?, ?, ?, ?, ?, ?, ?, ?, ?, ?, ?)
make question 4252
Hibernate: insert into question (answer, choice1, choice2, choice3, choice4, choice5, content, correct, create_date, filepath, modify_date, score, subject, teacher_id, time, view) values (?, ?, ?, ?, ?, ?, ?, ?, ?, ?, ?, ?, ?, ?, ?, ?)
make question 4253
Hibernate: insert into question (answer, choice1, choice2, choice3, choice4, choice5, content, correct, create_date, filepath, modify_date, score, subject, teacher_id, time, view) values (?, ?, ?, ?, ?, ?, ?, ?, ?, ?, ?, ?, ?, ?, ?, ?)
make question 4254
Hibernate: insert into question (answer, choice1, choice2, choice3, choice4, choice5, content, correct, create_date, filepath, modify_date, score, subject, teacher_id, time, view) values (?, ?, ?, ?, ?, ?, ?, ?, ?, ?, ?, ?, ?, ?, ?, ?)
make question 4255
Hibernate: insert into question (answer, choice1, choice2, choice3, choice4, choice5, content, correct, create_date, filepath, modify_date, score, subject, teacher_id, time, view) values (?, ?, ?, ?, ?, ?, ?, ?, ?, ?, ?, ?, ?, ?, ?, ?)
make question 4256
Hibernate: insert into question (answer, choice1, choice2, choice3, choice4, choice5, content, correct, create_date, filepath, modify_date, score, subject, teacher_id, time, view) values (?, ?, ?, ?, ?, ?, ?, ?, ?, ?, ?, ?, ?, ?, ?, ?)
make question 4257
Hibernate: insert into question (answer, choice1, choice2, choice3, choice4, choice5, content, correct, create_date, filepath, modify_date, score, subject, teacher_id, time, view) values (?, ?, ?, ?, ?, ?, ?, ?, ?, ?, ?, ?, ?, ?, ?, ?)
make question 4258
Hibernate: insert into question (answer, choice1, choice2, choice3, choice4, choice5, content, correct, create_date, filepath, modify_date, score, subject, teacher_id, time, view) values (?, ?, ?, ?, ?, ?, ?, ?, ?, ?, ?, ?, ?, ?, ?, ?)
make question 4259
Hibernate: insert into question (answer, choice1, choice2, choice3, choice4, choice5, content, correct, create_date, filepath, modify_date, score, subject, teacher_id, time, view) values (?, ?, ?, ?, ?, ?, ?, ?, ?, ?, ?, ?, ?, ?, ?, ?)
make question 4260
Hibernate: insert into question (answer, choice1, choice2, choice3, choice4, choice5, content, correct, create_date, filepath, modify_date, score, subject, teacher_id, time, view) values (?, ?, ?, ?, ?, ?, ?, ?, ?, ?, ?, ?, ?, ?, ?, ?)
make question 4261
Hibernate: insert into question (answer, choice1, choice2, choice3, choice4, choice5, content, correct, create_date, filepath, modify_date, score, subject, teacher_id, time, view) values (?, ?, ?, ?, ?, ?, ?, ?, ?, ?, ?, ?, ?, ?, ?, ?)
make question 4262
Hibernate: insert into question (answer, choice1, choice2, choice3, choice4, choice5, content, correct, create_date, filepath, modify_date, score, subject, teacher_id, time, view) values (?, ?, ?, ?, ?, ?, ?, ?, ?, ?, ?, ?, ?, ?, ?, ?)
make question 4263
Hibernate: insert into question (answer, choice1, choice2, choice3, choice4, choice5, content, correct, create_date, filepath, modify_date, score, subject, teacher_id, time, view) values (?, ?, ?, ?, ?, ?, ?, ?, ?, ?, ?, ?, ?, ?, ?, ?)
make question 4264
Hibernate: insert into question (answer, choice1, choice2, choice3, choice4, choice5, content, correct, create_date, filepath, modify_date, score, subject, teacher_id, time, view) values (?, ?, ?, ?, ?, ?, ?, ?, ?, ?, ?, ?, ?, ?, ?, ?)
make question 4265
Hibernate: insert into question (answer, choice1, choice2, choice3, choice4, choice5, content, correct, create_date, filepath, modify_date, score, subject, teacher_id, time, view) values (?, ?, ?, ?, ?, ?, ?, ?, ?, ?, ?, ?, ?, ?, ?, ?)
make question 4266
Hibernate: insert into question (answer, choice1, choice2, choice3, choice4, choice5, content, correct, create_date, filepath, modify_date, score, subject, teacher_id, time, view) values (?, ?, ?, ?, ?, ?, ?, ?, ?, ?, ?, ?, ?, ?, ?, ?)
make question 4267
Hibernate: insert into question (answer, choice1, choice2, choice3, choice4, choice5, content, correct, create_date, filepath, modify_date, score, subject, teacher_id, time, view) values (?, ?, ?, ?, ?, ?, ?, ?, ?, ?, ?, ?, ?, ?, ?, ?)
make question 4268
Hibernate: insert into question (answer, choice1, choice2, choice3, choice4, choice5, content, correct, create_date, filepath, modify_date, score, subject, teacher_id, time, view) values (?, ?, ?, ?, ?, ?, ?, ?, ?, ?, ?, ?, ?, ?, ?, ?)
make question 4269
Hibernate: insert into question (answer, choice1, choice2, choice3, choice4, choice5, content, correct, create_date, filepath, modify_date, score, subject, teacher_id, time, view) values (?, ?, ?, ?, ?, ?, ?, ?, ?, ?, ?, ?, ?, ?, ?, ?)
make question 4270
Hibernate: insert into question (answer, choice1, choice2, choice3, choice4, choice5, content, correct, create_date, filepath, modify_date, score, subject, teacher_id, time, view) values (?, ?, ?, ?, ?, ?, ?, ?, ?, ?, ?, ?, ?, ?, ?, ?)
make question 4271
Hibernate: insert into question (answer, choice1, choice2, choice3, choice4, choice5, content, correct, create_date, filepath, modify_date, score, subject, teacher_id, time, view) values (?, ?, ?, ?, ?, ?, ?, ?, ?, ?, ?, ?, ?, ?, ?, ?)
make question 4272
Hibernate: insert into question (answer, choice1, choice2, choice3, choice4, choice5, content, correct, create_date, filepath, modify_date, score, subject, teacher_id, time, view) values (?, ?, ?, ?, ?, ?, ?, ?, ?, ?, ?, ?, ?, ?, ?, ?)
make question 4273
Hibernate: insert into question (answer, choice1, choice2, choice3, choice4, choice5, content, correct, create_date, filepath, modify_date, score, subject, teacher_id, time, view) values (?, ?, ?, ?, ?, ?, ?, ?, ?, ?, ?, ?, ?, ?, ?, ?)
make question 4274
Hibernate: insert into question (answer, choice1, choice2, choice3, choice4, choice5, content, correct, create_date, filepath, modify_date, score, subject, teacher_id, time, view) values (?, ?, ?, ?, ?, ?, ?, ?, ?, ?, ?, ?, ?, ?, ?, ?)
make question 4275
Hibernate: insert into question (answer, choice1, choice2, choice3, choice4, choice5, content, correct, create_date, filepath, modify_date, score, subject, teacher_id, time, view) values (?, ?, ?, ?, ?, ?, ?, ?, ?, ?, ?, ?, ?, ?, ?, ?)
make question 4276
Hibernate: insert into question (answer, choice1, choice2, choice3, choice4, choice5, content, correct, create_date, filepath, modify_date, score, subject, teacher_id, time, view) values (?, ?, ?, ?, ?, ?, ?, ?, ?, ?, ?, ?, ?, ?, ?, ?)
make question 4277
Hibernate: insert into question (answer, choice1, choice2, choice3, choice4, choice5, content, correct, create_date, filepath, modify_date, score, subject, teacher_id, time, view) values (?, ?, ?, ?, ?, ?, ?, ?, ?, ?, ?, ?, ?, ?, ?, ?)
make question 4278
Hibernate: insert into question (answer, choice1, choice2, choice3, choice4, choice5, content, correct, create_date, filepath, modify_date, score, subject, teacher_id, time, view) values (?, ?, ?, ?, ?, ?, ?, ?, ?, ?, ?, ?, ?, ?, ?, ?)
make question 4279
Hibernate: insert into question (answer, choice1, choice2, choice3, choice4, choice5, content, correct, create_date, filepath, modify_date, score, subject, teacher_id, time, view) values (?, ?, ?, ?, ?, ?, ?, ?, ?, ?, ?, ?, ?, ?, ?, ?)
make question 4280
Hibernate: insert into question (answer, choice1, choice2, choice3, choice4, choice5, content, correct, create_date, filepath, modify_date, score, subject, teacher_id, time, view) values (?, ?, ?, ?, ?, ?, ?, ?, ?, ?, ?, ?, ?, ?, ?, ?)
make question 4281
Hibernate: insert into question (answer, choice1, choice2, choice3, choice4, choice5, content, correct, create_date, filepath, modify_date, score, subject, teacher_id, time, view) values (?, ?, ?, ?, ?, ?, ?, ?, ?, ?, ?, ?, ?, ?, ?, ?)
make question 4282
Hibernate: insert into question (answer, choice1, choice2, choice3, choice4, choice5, content, correct, create_date, filepath, modify_date, score, subject, teacher_id, time, view) values (?, ?, ?, ?, ?, ?, ?, ?, ?, ?, ?, ?, ?, ?, ?, ?)
make question 4283
Hibernate: insert into question (answer, choice1, choice2, choice3, choice4, choice5, content, correct, create_date, filepath, modify_date, score, subject, teacher_id, time, view) values (?, ?, ?, ?, ?, ?, ?, ?, ?, ?, ?, ?, ?, ?, ?, ?)
make question 4284
Hibernate: insert into question (answer, choice1, choice2, choice3, choice4, choice5, content, correct, create_date, filepath, modify_date, score, subject, teacher_id, time, view) values (?, ?, ?, ?, ?, ?, ?, ?, ?, ?, ?, ?, ?, ?, ?, ?)
make question 4285
Hibernate: insert into question (answer, choice1, choice2, choice3, choice4, choice5, content, correct, create_date, filepath, modify_date, score, subject, teacher_id, time, view) values (?, ?, ?, ?, ?, ?, ?, ?, ?, ?, ?, ?, ?, ?, ?, ?)
make question 4286
Hibernate: insert into question (answer, choice1, choice2, choice3, choice4, choice5, content, correct, create_date, filepath, modify_date, score, subject, teacher_id, time, view) values (?, ?, ?, ?, ?, ?, ?, ?, ?, ?, ?, ?, ?, ?, ?, ?)
make question 4287
Hibernate: insert into question (answer, choice1, choice2, choice3, choice4, choice5, content, correct, create_date, filepath, modify_date, score, subject, teacher_id, time, view) values (?, ?, ?, ?, ?, ?, ?, ?, ?, ?, ?, ?, ?, ?, ?, ?)
make question 4288
Hibernate: insert into question (answer, choice1, choice2, choice3, choice4, choice5, content, correct, create_date, filepath, modify_date, score, subject, teacher_id, time, view) values (?, ?, ?, ?, ?, ?, ?, ?, ?, ?, ?, ?, ?, ?, ?, ?)
make question 4289
Hibernate: insert into question (answer, choice1, choice2, choice3, choice4, choice5, content, correct, create_date, filepath, modify_date, score, subject, teacher_id, time, view) values (?, ?, ?, ?, ?, ?, ?, ?, ?, ?, ?, ?, ?, ?, ?, ?)
make question 4290
Hibernate: insert into question (answer, choice1, choice2, choice3, choice4, choice5, content, correct, create_date, filepath, modify_date, score, subject, teacher_id, time, view) values (?, ?, ?, ?, ?, ?, ?, ?, ?, ?, ?, ?, ?, ?, ?, ?)
make question 4291
Hibernate: insert into question (answer, choice1, choice2, choice3, choice4, choice5, content, correct, create_date, filepath, modify_date, score, subject, teacher_id, time, view) values (?, ?, ?, ?, ?, ?, ?, ?, ?, ?, ?, ?, ?, ?, ?, ?)
make question 4292
Hibernate: insert into question (answer, choice1, choice2, choice3, choice4, choice5, content, correct, create_date, filepath, modify_date, score, subject, teacher_id, time, view) values (?, ?, ?, ?, ?, ?, ?, ?, ?, ?, ?, ?, ?, ?, ?, ?)
make question 4293
Hibernate: insert into question (answer, choice1, choice2, choice3, choice4, choice5, content, correct, create_date, filepath, modify_date, score, subject, teacher_id, time, view) values (?, ?, ?, ?, ?, ?, ?, ?, ?, ?, ?, ?, ?, ?, ?, ?)
make question 4294
Hibernate: insert into question (answer, choice1, choice2, choice3, choice4, choice5, content, correct, create_date, filepath, modify_date, score, subject, teacher_id, time, view) values (?, ?, ?, ?, ?, ?, ?, ?, ?, ?, ?, ?, ?, ?, ?, ?)
make question 4295
Hibernate: insert into question (answer, choice1, choice2, choice3, choice4, choice5, content, correct, create_date, filepath, modify_date, score, subject, teacher_id, time, view) values (?, ?, ?, ?, ?, ?, ?, ?, ?, ?, ?, ?, ?, ?, ?, ?)
make question 4296
Hibernate: insert into question (answer, choice1, choice2, choice3, choice4, choice5, content, correct, create_date, filepath, modify_date, score, subject, teacher_id, time, view) values (?, ?, ?, ?, ?, ?, ?, ?, ?, ?, ?, ?, ?, ?, ?, ?)
make question 4297
Hibernate: insert into question (answer, choice1, choice2, choice3, choice4, choice5, content, correct, create_date, filepath, modify_date, score, subject, teacher_id, time, view) values (?, ?, ?, ?, ?, ?, ?, ?, ?, ?, ?, ?, ?, ?, ?, ?)
make question 4298
Hibernate: insert into question (answer, choice1, choice2, choice3, choice4, choice5, content, correct, create_date, filepath, modify_date, score, subject, teacher_id, time, view) values (?, ?, ?, ?, ?, ?, ?, ?, ?, ?, ?, ?, ?, ?, ?, ?)
make question 4299
Hibernate: insert into question (answer, choice1, choice2, choice3, choice4, choice5, content, correct, create_date, filepath, modify_date, score, subject, teacher_id, time, view) values (?, ?, ?, ?, ?, ?, ?, ?, ?, ?, ?, ?, ?, ?, ?, ?)
make question 4300
Hibernate: insert into question (answer, choice1, choice2, choice3, choice4, choice5, content, correct, create_date, filepath, modify_date, score, subject, teacher_id, time, view) values (?, ?, ?, ?, ?, ?, ?, ?, ?, ?, ?, ?, ?, ?, ?, ?)
make question 4301
Hibernate: insert into question (answer, choice1, choice2, choice3, choice4, choice5, content, correct, create_date, filepath, modify_date, score, subject, teacher_id, time, view) values (?, ?, ?, ?, ?, ?, ?, ?, ?, ?, ?, ?, ?, ?, ?, ?)
make question 4302
Hibernate: insert into question (answer, choice1, choice2, choice3, choice4, choice5, content, correct, create_date, filepath, modify_date, score, subject, teacher_id, time, view) values (?, ?, ?, ?, ?, ?, ?, ?, ?, ?, ?, ?, ?, ?, ?, ?)
make question 4303
Hibernate: insert into question (answer, choice1, choice2, choice3, choice4, choice5, content, correct, create_date, filepath, modify_date, score, subject, teacher_id, time, view) values (?, ?, ?, ?, ?, ?, ?, ?, ?, ?, ?, ?, ?, ?, ?, ?)
make question 4304
Hibernate: insert into question (answer, choice1, choice2, choice3, choice4, choice5, content, correct, create_date, filepath, modify_date, score, subject, teacher_id, time, view) values (?, ?, ?, ?, ?, ?, ?, ?, ?, ?, ?, ?, ?, ?, ?, ?)
make question 4305
Hibernate: insert into question (answer, choice1, choice2, choice3, choice4, choice5, content, correct, create_date, filepath, modify_date, score, subject, teacher_id, time, view) values (?, ?, ?, ?, ?, ?, ?, ?, ?, ?, ?, ?, ?, ?, ?, ?)
make question 4306
Hibernate: insert into question (answer, choice1, choice2, choice3, choice4, choice5, content, correct, create_date, filepath, modify_date, score, subject, teacher_id, time, view) values (?, ?, ?, ?, ?, ?, ?, ?, ?, ?, ?, ?, ?, ?, ?, ?)
make question 4307
Hibernate: insert into question (answer, choice1, choice2, choice3, choice4, choice5, content, correct, create_date, filepath, modify_date, score, subject, teacher_id, time, view) values (?, ?, ?, ?, ?, ?, ?, ?, ?, ?, ?, ?, ?, ?, ?, ?)
make question 4308
Hibernate: insert into question (answer, choice1, choice2, choice3, choice4, choice5, content, correct, create_date, filepath, modify_date, score, subject, teacher_id, time, view) values (?, ?, ?, ?, ?, ?, ?, ?, ?, ?, ?, ?, ?, ?, ?, ?)
make question 4309
Hibernate: insert into question (answer, choice1, choice2, choice3, choice4, choice5, content, correct, create_date, filepath, modify_date, score, subject, teacher_id, time, view) values (?, ?, ?, ?, ?, ?, ?, ?, ?, ?, ?, ?, ?, ?, ?, ?)
make question 4310
Hibernate: insert into question (answer, choice1, choice2, choice3, choice4, choice5, content, correct, create_date, filepath, modify_date, score, subject, teacher_id, time, view) values (?, ?, ?, ?, ?, ?, ?, ?, ?, ?, ?, ?, ?, ?, ?, ?)
make question 4311
Hibernate: insert into question (answer, choice1, choice2, choice3, choice4, choice5, content, correct, create_date, filepath, modify_date, score, subject, teacher_id, time, view) values (?, ?, ?, ?, ?, ?, ?, ?, ?, ?, ?, ?, ?, ?, ?, ?)
make question 4312
Hibernate: insert into question (answer, choice1, choice2, choice3, choice4, choice5, content, correct, create_date, filepath, modify_date, score, subject, teacher_id, time, view) values (?, ?, ?, ?, ?, ?, ?, ?, ?, ?, ?, ?, ?, ?, ?, ?)
make question 4313
Hibernate: insert into question (answer, choice1, choice2, choice3, choice4, choice5, content, correct, create_date, filepath, modify_date, score, subject, teacher_id, time, view) values (?, ?, ?, ?, ?, ?, ?, ?, ?, ?, ?, ?, ?, ?, ?, ?)
make question 4314
Hibernate: insert into question (answer, choice1, choice2, choice3, choice4, choice5, content, correct, create_date, filepath, modify_date, score, subject, teacher_id, time, view) values (?, ?, ?, ?, ?, ?, ?, ?, ?, ?, ?, ?, ?, ?, ?, ?)
make question 4315
Hibernate: insert into question (answer, choice1, choice2, choice3, choice4, choice5, content, correct, create_date, filepath, modify_date, score, subject, teacher_id, time, view) values (?, ?, ?, ?, ?, ?, ?, ?, ?, ?, ?, ?, ?, ?, ?, ?)
make question 4316
Hibernate: insert into question (answer, choice1, choice2, choice3, choice4, choice5, content, correct, create_date, filepath, modify_date, score, subject, teacher_id, time, view) values (?, ?, ?, ?, ?, ?, ?, ?, ?, ?, ?, ?, ?, ?, ?, ?)
make question 4317
Hibernate: insert into question (answer, choice1, choice2, choice3, choice4, choice5, content, correct, create_date, filepath, modify_date, score, subject, teacher_id, time, view) values (?, ?, ?, ?, ?, ?, ?, ?, ?, ?, ?, ?, ?, ?, ?, ?)
make question 4318
Hibernate: insert into question (answer, choice1, choice2, choice3, choice4, choice5, content, correct, create_date, filepath, modify_date, score, subject, teacher_id, time, view) values (?, ?, ?, ?, ?, ?, ?, ?, ?, ?, ?, ?, ?, ?, ?, ?)
make question 4319
Hibernate: insert into question (answer, choice1, choice2, choice3, choice4, choice5, content, correct, create_date, filepath, modify_date, score, subject, teacher_id, time, view) values (?, ?, ?, ?, ?, ?, ?, ?, ?, ?, ?, ?, ?, ?, ?, ?)
make question 4320
Hibernate: insert into question (answer, choice1, choice2, choice3, choice4, choice5, content, correct, create_date, filepath, modify_date, score, subject, teacher_id, time, view) values (?, ?, ?, ?, ?, ?, ?, ?, ?, ?, ?, ?, ?, ?, ?, ?)
make question 4321
Hibernate: insert into question (answer, choice1, choice2, choice3, choice4, choice5, content, correct, create_date, filepath, modify_date, score, subject, teacher_id, time, view) values (?, ?, ?, ?, ?, ?, ?, ?, ?, ?, ?, ?, ?, ?, ?, ?)
make question 4322
Hibernate: insert into question (answer, choice1, choice2, choice3, choice4, choice5, content, correct, create_date, filepath, modify_date, score, subject, teacher_id, time, view) values (?, ?, ?, ?, ?, ?, ?, ?, ?, ?, ?, ?, ?, ?, ?, ?)
make question 4323
Hibernate: insert into question (answer, choice1, choice2, choice3, choice4, choice5, content, correct, create_date, filepath, modify_date, score, subject, teacher_id, time, view) values (?, ?, ?, ?, ?, ?, ?, ?, ?, ?, ?, ?, ?, ?, ?, ?)
make question 4324
Hibernate: insert into question (answer, choice1, choice2, choice3, choice4, choice5, content, correct, create_date, filepath, modify_date, score, subject, teacher_id, time, view) values (?, ?, ?, ?, ?, ?, ?, ?, ?, ?, ?, ?, ?, ?, ?, ?)
make question 4325
Hibernate: insert into question (answer, choice1, choice2, choice3, choice4, choice5, content, correct, create_date, filepath, modify_date, score, subject, teacher_id, time, view) values (?, ?, ?, ?, ?, ?, ?, ?, ?, ?, ?, ?, ?, ?, ?, ?)
make question 4326
Hibernate: insert into question (answer, choice1, choice2, choice3, choice4, choice5, content, correct, create_date, filepath, modify_date, score, subject, teacher_id, time, view) values (?, ?, ?, ?, ?, ?, ?, ?, ?, ?, ?, ?, ?, ?, ?, ?)
make question 4327
Hibernate: insert into question (answer, choice1, choice2, choice3, choice4, choice5, content, correct, create_date, filepath, modify_date, score, subject, teacher_id, time, view) values (?, ?, ?, ?, ?, ?, ?, ?, ?, ?, ?, ?, ?, ?, ?, ?)
make question 4328
Hibernate: insert into question (answer, choice1, choice2, choice3, choice4, choice5, content, correct, create_date, filepath, modify_date, score, subject, teacher_id, time, view) values (?, ?, ?, ?, ?, ?, ?, ?, ?, ?, ?, ?, ?, ?, ?, ?)
make question 4329
Hibernate: insert into question (answer, choice1, choice2, choice3, choice4, choice5, content, correct, create_date, filepath, modify_date, score, subject, teacher_id, time, view) values (?, ?, ?, ?, ?, ?, ?, ?, ?, ?, ?, ?, ?, ?, ?, ?)
make question 4330
Hibernate: insert into question (answer, choice1, choice2, choice3, choice4, choice5, content, correct, create_date, filepath, modify_date, score, subject, teacher_id, time, view) values (?, ?, ?, ?, ?, ?, ?, ?, ?, ?, ?, ?, ?, ?, ?, ?)
make question 4331
Hibernate: insert into question (answer, choice1, choice2, choice3, choice4, choice5, content, correct, create_date, filepath, modify_date, score, subject, teacher_id, time, view) values (?, ?, ?, ?, ?, ?, ?, ?, ?, ?, ?, ?, ?, ?, ?, ?)
make question 4332
Hibernate: insert into question (answer, choice1, choice2, choice3, choice4, choice5, content, correct, create_date, filepath, modify_date, score, subject, teacher_id, time, view) values (?, ?, ?, ?, ?, ?, ?, ?, ?, ?, ?, ?, ?, ?, ?, ?)
make question 4333
Hibernate: insert into question (answer, choice1, choice2, choice3, choice4, choice5, content, correct, create_date, filepath, modify_date, score, subject, teacher_id, time, view) values (?, ?, ?, ?, ?, ?, ?, ?, ?, ?, ?, ?, ?, ?, ?, ?)
make question 4334
Hibernate: insert into question (answer, choice1, choice2, choice3, choice4, choice5, content, correct, create_date, filepath, modify_date, score, subject, teacher_id, time, view) values (?, ?, ?, ?, ?, ?, ?, ?, ?, ?, ?, ?, ?, ?, ?, ?)
make question 4335
Hibernate: insert into question (answer, choice1, choice2, choice3, choice4, choice5, content, correct, create_date, filepath, modify_date, score, subject, teacher_id, time, view) values (?, ?, ?, ?, ?, ?, ?, ?, ?, ?, ?, ?, ?, ?, ?, ?)
make question 4336
Hibernate: insert into question (answer, choice1, choice2, choice3, choice4, choice5, content, correct, create_date, filepath, modify_date, score, subject, teacher_id, time, view) values (?, ?, ?, ?, ?, ?, ?, ?, ?, ?, ?, ?, ?, ?, ?, ?)
make question 4337
Hibernate: insert into question (answer, choice1, choice2, choice3, choice4, choice5, content, correct, create_date, filepath, modify_date, score, subject, teacher_id, time, view) values (?, ?, ?, ?, ?, ?, ?, ?, ?, ?, ?, ?, ?, ?, ?, ?)
make question 4338
Hibernate: insert into question (answer, choice1, choice2, choice3, choice4, choice5, content, correct, create_date, filepath, modify_date, score, subject, teacher_id, time, view) values (?, ?, ?, ?, ?, ?, ?, ?, ?, ?, ?, ?, ?, ?, ?, ?)
make question 4339
Hibernate: insert into question (answer, choice1, choice2, choice3, choice4, choice5, content, correct, create_date, filepath, modify_date, score, subject, teacher_id, time, view) values (?, ?, ?, ?, ?, ?, ?, ?, ?, ?, ?, ?, ?, ?, ?, ?)
make question 4340
Hibernate: insert into question (answer, choice1, choice2, choice3, choice4, choice5, content, correct, create_date, filepath, modify_date, score, subject, teacher_id, time, view) values (?, ?, ?, ?, ?, ?, ?, ?, ?, ?, ?, ?, ?, ?, ?, ?)
make question 4341
Hibernate: insert into question (answer, choice1, choice2, choice3, choice4, choice5, content, correct, create_date, filepath, modify_date, score, subject, teacher_id, time, view) values (?, ?, ?, ?, ?, ?, ?, ?, ?, ?, ?, ?, ?, ?, ?, ?)
make question 4342
Hibernate: insert into question (answer, choice1, choice2, choice3, choice4, choice5, content, correct, create_date, filepath, modify_date, score, subject, teacher_id, time, view) values (?, ?, ?, ?, ?, ?, ?, ?, ?, ?, ?, ?, ?, ?, ?, ?)
make question 4343
Hibernate: insert into question (answer, choice1, choice2, choice3, choice4, choice5, content, correct, create_date, filepath, modify_date, score, subject, teacher_id, time, view) values (?, ?, ?, ?, ?, ?, ?, ?, ?, ?, ?, ?, ?, ?, ?, ?)
make question 4344
Hibernate: insert into question (answer, choice1, choice2, choice3, choice4, choice5, content, correct, create_date, filepath, modify_date, score, subject, teacher_id, time, view) values (?, ?, ?, ?, ?, ?, ?, ?, ?, ?, ?, ?, ?, ?, ?, ?)
make question 4345
Hibernate: insert into question (answer, choice1, choice2, choice3, choice4, choice5, content, correct, create_date, filepath, modify_date, score, subject, teacher_id, time, view) values (?, ?, ?, ?, ?, ?, ?, ?, ?, ?, ?, ?, ?, ?, ?, ?)
make question 4346
Hibernate: insert into question (answer, choice1, choice2, choice3, choice4, choice5, content, correct, create_date, filepath, modify_date, score, subject, teacher_id, time, view) values (?, ?, ?, ?, ?, ?, ?, ?, ?, ?, ?, ?, ?, ?, ?, ?)
make question 4347
Hibernate: insert into question (answer, choice1, choice2, choice3, choice4, choice5, content, correct, create_date, filepath, modify_date, score, subject, teacher_id, time, view) values (?, ?, ?, ?, ?, ?, ?, ?, ?, ?, ?, ?, ?, ?, ?, ?)
make question 4348
Hibernate: insert into question (answer, choice1, choice2, choice3, choice4, choice5, content, correct, create_date, filepath, modify_date, score, subject, teacher_id, time, view) values (?, ?, ?, ?, ?, ?, ?, ?, ?, ?, ?, ?, ?, ?, ?, ?)
make question 4349
Hibernate: insert into question (answer, choice1, choice2, choice3, choice4, choice5, content, correct, create_date, filepath, modify_date, score, subject, teacher_id, time, view) values (?, ?, ?, ?, ?, ?, ?, ?, ?, ?, ?, ?, ?, ?, ?, ?)
make question 4350
Hibernate: insert into question (answer, choice1, choice2, choice3, choice4, choice5, content, correct, create_date, filepath, modify_date, score, subject, teacher_id, time, view) values (?, ?, ?, ?, ?, ?, ?, ?, ?, ?, ?, ?, ?, ?, ?, ?)
make question 4351
Hibernate: insert into question (answer, choice1, choice2, choice3, choice4, choice5, content, correct, create_date, filepath, modify_date, score, subject, teacher_id, time, view) values (?, ?, ?, ?, ?, ?, ?, ?, ?, ?, ?, ?, ?, ?, ?, ?)
make question 4352
Hibernate: insert into question (answer, choice1, choice2, choice3, choice4, choice5, content, correct, create_date, filepath, modify_date, score, subject, teacher_id, time, view) values (?, ?, ?, ?, ?, ?, ?, ?, ?, ?, ?, ?, ?, ?, ?, ?)
make question 4353
Hibernate: insert into question (answer, choice1, choice2, choice3, choice4, choice5, content, correct, create_date, filepath, modify_date, score, subject, teacher_id, time, view) values (?, ?, ?, ?, ?, ?, ?, ?, ?, ?, ?, ?, ?, ?, ?, ?)
make question 4354
Hibernate: insert into question (answer, choice1, choice2, choice3, choice4, choice5, content, correct, create_date, filepath, modify_date, score, subject, teacher_id, time, view) values (?, ?, ?, ?, ?, ?, ?, ?, ?, ?, ?, ?, ?, ?, ?, ?)
make question 4355
Hibernate: insert into question (answer, choice1, choice2, choice3, choice4, choice5, content, correct, create_date, filepath, modify_date, score, subject, teacher_id, time, view) values (?, ?, ?, ?, ?, ?, ?, ?, ?, ?, ?, ?, ?, ?, ?, ?)
make question 4356
Hibernate: insert into question (answer, choice1, choice2, choice3, choice4, choice5, content, correct, create_date, filepath, modify_date, score, subject, teacher_id, time, view) values (?, ?, ?, ?, ?, ?, ?, ?, ?, ?, ?, ?, ?, ?, ?, ?)
make question 4357
Hibernate: insert into question (answer, choice1, choice2, choice3, choice4, choice5, content, correct, create_date, filepath, modify_date, score, subject, teacher_id, time, view) values (?, ?, ?, ?, ?, ?, ?, ?, ?, ?, ?, ?, ?, ?, ?, ?)
make question 4358
Hibernate: insert into question (answer, choice1, choice2, choice3, choice4, choice5, content, correct, create_date, filepath, modify_date, score, subject, teacher_id, time, view) values (?, ?, ?, ?, ?, ?, ?, ?, ?, ?, ?, ?, ?, ?, ?, ?)
make question 4359
Hibernate: insert into question (answer, choice1, choice2, choice3, choice4, choice5, content, correct, create_date, filepath, modify_date, score, subject, teacher_id, time, view) values (?, ?, ?, ?, ?, ?, ?, ?, ?, ?, ?, ?, ?, ?, ?, ?)
make question 4360
Hibernate: insert into question (answer, choice1, choice2, choice3, choice4, choice5, content, correct, create_date, filepath, modify_date, score, subject, teacher_id, time, view) values (?, ?, ?, ?, ?, ?, ?, ?, ?, ?, ?, ?, ?, ?, ?, ?)
make question 4361
Hibernate: insert into question (answer, choice1, choice2, choice3, choice4, choice5, content, correct, create_date, filepath, modify_date, score, subject, teacher_id, time, view) values (?, ?, ?, ?, ?, ?, ?, ?, ?, ?, ?, ?, ?, ?, ?, ?)
make question 4362
Hibernate: insert into question (answer, choice1, choice2, choice3, choice4, choice5, content, correct, create_date, filepath, modify_date, score, subject, teacher_id, time, view) values (?, ?, ?, ?, ?, ?, ?, ?, ?, ?, ?, ?, ?, ?, ?, ?)
make question 4363
Hibernate: insert into question (answer, choice1, choice2, choice3, choice4, choice5, content, correct, create_date, filepath, modify_date, score, subject, teacher_id, time, view) values (?, ?, ?, ?, ?, ?, ?, ?, ?, ?, ?, ?, ?, ?, ?, ?)
make question 4364
Hibernate: insert into question (answer, choice1, choice2, choice3, choice4, choice5, content, correct, create_date, filepath, modify_date, score, subject, teacher_id, time, view) values (?, ?, ?, ?, ?, ?, ?, ?, ?, ?, ?, ?, ?, ?, ?, ?)
make question 4365
Hibernate: insert into question (answer, choice1, choice2, choice3, choice4, choice5, content, correct, create_date, filepath, modify_date, score, subject, teacher_id, time, view) values (?, ?, ?, ?, ?, ?, ?, ?, ?, ?, ?, ?, ?, ?, ?, ?)
make question 4366
Hibernate: insert into question (answer, choice1, choice2, choice3, choice4, choice5, content, correct, create_date, filepath, modify_date, score, subject, teacher_id, time, view) values (?, ?, ?, ?, ?, ?, ?, ?, ?, ?, ?, ?, ?, ?, ?, ?)
make question 4367
Hibernate: insert into question (answer, choice1, choice2, choice3, choice4, choice5, content, correct, create_date, filepath, modify_date, score, subject, teacher_id, time, view) values (?, ?, ?, ?, ?, ?, ?, ?, ?, ?, ?, ?, ?, ?, ?, ?)
make question 4368
Hibernate: insert into question (answer, choice1, choice2, choice3, choice4, choice5, content, correct, create_date, filepath, modify_date, score, subject, teacher_id, time, view) values (?, ?, ?, ?, ?, ?, ?, ?, ?, ?, ?, ?, ?, ?, ?, ?)
make question 4369
Hibernate: insert into question (answer, choice1, choice2, choice3, choice4, choice5, content, correct, create_date, filepath, modify_date, score, subject, teacher_id, time, view) values (?, ?, ?, ?, ?, ?, ?, ?, ?, ?, ?, ?, ?, ?, ?, ?)
make question 4370
Hibernate: insert into question (answer, choice1, choice2, choice3, choice4, choice5, content, correct, create_date, filepath, modify_date, score, subject, teacher_id, time, view) values (?, ?, ?, ?, ?, ?, ?, ?, ?, ?, ?, ?, ?, ?, ?, ?)
make question 4371
Hibernate: insert into question (answer, choice1, choice2, choice3, choice4, choice5, content, correct, create_date, filepath, modify_date, score, subject, teacher_id, time, view) values (?, ?, ?, ?, ?, ?, ?, ?, ?, ?, ?, ?, ?, ?, ?, ?)
make question 4372
Hibernate: insert into question (answer, choice1, choice2, choice3, choice4, choice5, content, correct, create_date, filepath, modify_date, score, subject, teacher_id, time, view) values (?, ?, ?, ?, ?, ?, ?, ?, ?, ?, ?, ?, ?, ?, ?, ?)
make question 4373
Hibernate: insert into question (answer, choice1, choice2, choice3, choice4, choice5, content, correct, create_date, filepath, modify_date, score, subject, teacher_id, time, view) values (?, ?, ?, ?, ?, ?, ?, ?, ?, ?, ?, ?, ?, ?, ?, ?)
make question 4374
Hibernate: insert into question (answer, choice1, choice2, choice3, choice4, choice5, content, correct, create_date, filepath, modify_date, score, subject, teacher_id, time, view) values (?, ?, ?, ?, ?, ?, ?, ?, ?, ?, ?, ?, ?, ?, ?, ?)
make question 4375
Hibernate: insert into question (answer, choice1, choice2, choice3, choice4, choice5, content, correct, create_date, filepath, modify_date, score, subject, teacher_id, time, view) values (?, ?, ?, ?, ?, ?, ?, ?, ?, ?, ?, ?, ?, ?, ?, ?)
make question 4376
Hibernate: insert into question (answer, choice1, choice2, choice3, choice4, choice5, content, correct, create_date, filepath, modify_date, score, subject, teacher_id, time, view) values (?, ?, ?, ?, ?, ?, ?, ?, ?, ?, ?, ?, ?, ?, ?, ?)
make question 4377
Hibernate: insert into question (answer, choice1, choice2, choice3, choice4, choice5, content, correct, create_date, filepath, modify_date, score, subject, teacher_id, time, view) values (?, ?, ?, ?, ?, ?, ?, ?, ?, ?, ?, ?, ?, ?, ?, ?)
make question 4378
Hibernate: insert into question (answer, choice1, choice2, choice3, choice4, choice5, content, correct, create_date, filepath, modify_date, score, subject, teacher_id, time, view) values (?, ?, ?, ?, ?, ?, ?, ?, ?, ?, ?, ?, ?, ?, ?, ?)
make question 4379
Hibernate: insert into question (answer, choice1, choice2, choice3, choice4, choice5, content, correct, create_date, filepath, modify_date, score, subject, teacher_id, time, view) values (?, ?, ?, ?, ?, ?, ?, ?, ?, ?, ?, ?, ?, ?, ?, ?)
make question 4380
Hibernate: insert into question (answer, choice1, choice2, choice3, choice4, choice5, content, correct, create_date, filepath, modify_date, score, subject, teacher_id, time, view) values (?, ?, ?, ?, ?, ?, ?, ?, ?, ?, ?, ?, ?, ?, ?, ?)
make question 4381
Hibernate: insert into question (answer, choice1, choice2, choice3, choice4, choice5, content, correct, create_date, filepath, modify_date, score, subject, teacher_id, time, view) values (?, ?, ?, ?, ?, ?, ?, ?, ?, ?, ?, ?, ?, ?, ?, ?)
make question 4382
Hibernate: insert into question (answer, choice1, choice2, choice3, choice4, choice5, content, correct, create_date, filepath, modify_date, score, subject, teacher_id, time, view) values (?, ?, ?, ?, ?, ?, ?, ?, ?, ?, ?, ?, ?, ?, ?, ?)
make question 4383
Hibernate: insert into question (answer, choice1, choice2, choice3, choice4, choice5, content, correct, create_date, filepath, modify_date, score, subject, teacher_id, time, view) values (?, ?, ?, ?, ?, ?, ?, ?, ?, ?, ?, ?, ?, ?, ?, ?)
make question 4384
Hibernate: insert into question (answer, choice1, choice2, choice3, choice4, choice5, content, correct, create_date, filepath, modify_date, score, subject, teacher_id, time, view) values (?, ?, ?, ?, ?, ?, ?, ?, ?, ?, ?, ?, ?, ?, ?, ?)
make question 4385
Hibernate: insert into question (answer, choice1, choice2, choice3, choice4, choice5, content, correct, create_date, filepath, modify_date, score, subject, teacher_id, time, view) values (?, ?, ?, ?, ?, ?, ?, ?, ?, ?, ?, ?, ?, ?, ?, ?)
make question 4386
Hibernate: insert into question (answer, choice1, choice2, choice3, choice4, choice5, content, correct, create_date, filepath, modify_date, score, subject, teacher_id, time, view) values (?, ?, ?, ?, ?, ?, ?, ?, ?, ?, ?, ?, ?, ?, ?, ?)
make question 4387
Hibernate: insert into question (answer, choice1, choice2, choice3, choice4, choice5, content, correct, create_date, filepath, modify_date, score, subject, teacher_id, time, view) values (?, ?, ?, ?, ?, ?, ?, ?, ?, ?, ?, ?, ?, ?, ?, ?)
make question 4388
Hibernate: insert into question (answer, choice1, choice2, choice3, choice4, choice5, content, correct, create_date, filepath, modify_date, score, subject, teacher_id, time, view) values (?, ?, ?, ?, ?, ?, ?, ?, ?, ?, ?, ?, ?, ?, ?, ?)
make question 4389
Hibernate: insert into question (answer, choice1, choice2, choice3, choice4, choice5, content, correct, create_date, filepath, modify_date, score, subject, teacher_id, time, view) values (?, ?, ?, ?, ?, ?, ?, ?, ?, ?, ?, ?, ?, ?, ?, ?)
make question 4390
Hibernate: insert into question (answer, choice1, choice2, choice3, choice4, choice5, content, correct, create_date, filepath, modify_date, score, subject, teacher_id, time, view) values (?, ?, ?, ?, ?, ?, ?, ?, ?, ?, ?, ?, ?, ?, ?, ?)
make question 4391
Hibernate: insert into question (answer, choice1, choice2, choice3, choice4, choice5, content, correct, create_date, filepath, modify_date, score, subject, teacher_id, time, view) values (?, ?, ?, ?, ?, ?, ?, ?, ?, ?, ?, ?, ?, ?, ?, ?)
make question 4392
Hibernate: insert into question (answer, choice1, choice2, choice3, choice4, choice5, content, correct, create_date, filepath, modify_date, score, subject, teacher_id, time, view) values (?, ?, ?, ?, ?, ?, ?, ?, ?, ?, ?, ?, ?, ?, ?, ?)
make question 4393
Hibernate: insert into question (answer, choice1, choice2, choice3, choice4, choice5, content, correct, create_date, filepath, modify_date, score, subject, teacher_id, time, view) values (?, ?, ?, ?, ?, ?, ?, ?, ?, ?, ?, ?, ?, ?, ?, ?)
make question 4394
Hibernate: insert into question (answer, choice1, choice2, choice3, choice4, choice5, content, correct, create_date, filepath, modify_date, score, subject, teacher_id, time, view) values (?, ?, ?, ?, ?, ?, ?, ?, ?, ?, ?, ?, ?, ?, ?, ?)
make question 4395
Hibernate: insert into question (answer, choice1, choice2, choice3, choice4, choice5, content, correct, create_date, filepath, modify_date, score, subject, teacher_id, time, view) values (?, ?, ?, ?, ?, ?, ?, ?, ?, ?, ?, ?, ?, ?, ?, ?)
make question 4396
Hibernate: insert into question (answer, choice1, choice2, choice3, choice4, choice5, content, correct, create_date, filepath, modify_date, score, subject, teacher_id, time, view) values (?, ?, ?, ?, ?, ?, ?, ?, ?, ?, ?, ?, ?, ?, ?, ?)
make question 4397
Hibernate: insert into question (answer, choice1, choice2, choice3, choice4, choice5, content, correct, create_date, filepath, modify_date, score, subject, teacher_id, time, view) values (?, ?, ?, ?, ?, ?, ?, ?, ?, ?, ?, ?, ?, ?, ?, ?)
make question 4398
Hibernate: insert into question (answer, choice1, choice2, choice3, choice4, choice5, content, correct, create_date, filepath, modify_date, score, subject, teacher_id, time, view) values (?, ?, ?, ?, ?, ?, ?, ?, ?, ?, ?, ?, ?, ?, ?, ?)
make question 4399
Hibernate: insert into question (answer, choice1, choice2, choice3, choice4, choice5, content, correct, create_date, filepath, modify_date, score, subject, teacher_id, time, view) values (?, ?, ?, ?, ?, ?, ?, ?, ?, ?, ?, ?, ?, ?, ?, ?)
make question 4400
Hibernate: insert into question (answer, choice1, choice2, choice3, choice4, choice5, content, correct, create_date, filepath, modify_date, score, subject, teacher_id, time, view) values (?, ?, ?, ?, ?, ?, ?, ?, ?, ?, ?, ?, ?, ?, ?, ?)
make question 4401
Hibernate: insert into question (answer, choice1, choice2, choice3, choice4, choice5, content, correct, create_date, filepath, modify_date, score, subject, teacher_id, time, view) values (?, ?, ?, ?, ?, ?, ?, ?, ?, ?, ?, ?, ?, ?, ?, ?)
make question 4402
Hibernate: insert into question (answer, choice1, choice2, choice3, choice4, choice5, content, correct, create_date, filepath, modify_date, score, subject, teacher_id, time, view) values (?, ?, ?, ?, ?, ?, ?, ?, ?, ?, ?, ?, ?, ?, ?, ?)
make question 4403
Hibernate: insert into question (answer, choice1, choice2, choice3, choice4, choice5, content, correct, create_date, filepath, modify_date, score, subject, teacher_id, time, view) values (?, ?, ?, ?, ?, ?, ?, ?, ?, ?, ?, ?, ?, ?, ?, ?)
make question 4404
Hibernate: insert into question (answer, choice1, choice2, choice3, choice4, choice5, content, correct, create_date, filepath, modify_date, score, subject, teacher_id, time, view) values (?, ?, ?, ?, ?, ?, ?, ?, ?, ?, ?, ?, ?, ?, ?, ?)
make question 4405
Hibernate: insert into question (answer, choice1, choice2, choice3, choice4, choice5, content, correct, create_date, filepath, modify_date, score, subject, teacher_id, time, view) values (?, ?, ?, ?, ?, ?, ?, ?, ?, ?, ?, ?, ?, ?, ?, ?)
make question 4406
Hibernate: insert into question (answer, choice1, choice2, choice3, choice4, choice5, content, correct, create_date, filepath, modify_date, score, subject, teacher_id, time, view) values (?, ?, ?, ?, ?, ?, ?, ?, ?, ?, ?, ?, ?, ?, ?, ?)
make question 4407
Hibernate: insert into question (answer, choice1, choice2, choice3, choice4, choice5, content, correct, create_date, filepath, modify_date, score, subject, teacher_id, time, view) values (?, ?, ?, ?, ?, ?, ?, ?, ?, ?, ?, ?, ?, ?, ?, ?)
make question 4408
Hibernate: insert into question (answer, choice1, choice2, choice3, choice4, choice5, content, correct, create_date, filepath, modify_date, score, subject, teacher_id, time, view) values (?, ?, ?, ?, ?, ?, ?, ?, ?, ?, ?, ?, ?, ?, ?, ?)
make question 4409
Hibernate: insert into question (answer, choice1, choice2, choice3, choice4, choice5, content, correct, create_date, filepath, modify_date, score, subject, teacher_id, time, view) values (?, ?, ?, ?, ?, ?, ?, ?, ?, ?, ?, ?, ?, ?, ?, ?)
make question 4410
Hibernate: insert into question (answer, choice1, choice2, choice3, choice4, choice5, content, correct, create_date, filepath, modify_date, score, subject, teacher_id, time, view) values (?, ?, ?, ?, ?, ?, ?, ?, ?, ?, ?, ?, ?, ?, ?, ?)
make question 4411
Hibernate: insert into question (answer, choice1, choice2, choice3, choice4, choice5, content, correct, create_date, filepath, modify_date, score, subject, teacher_id, time, view) values (?, ?, ?, ?, ?, ?, ?, ?, ?, ?, ?, ?, ?, ?, ?, ?)
make question 4412
Hibernate: insert into question (answer, choice1, choice2, choice3, choice4, choice5, content, correct, create_date, filepath, modify_date, score, subject, teacher_id, time, view) values (?, ?, ?, ?, ?, ?, ?, ?, ?, ?, ?, ?, ?, ?, ?, ?)
make question 4413
Hibernate: insert into question (answer, choice1, choice2, choice3, choice4, choice5, content, correct, create_date, filepath, modify_date, score, subject, teacher_id, time, view) values (?, ?, ?, ?, ?, ?, ?, ?, ?, ?, ?, ?, ?, ?, ?, ?)
make question 4414
Hibernate: insert into question (answer, choice1, choice2, choice3, choice4, choice5, content, correct, create_date, filepath, modify_date, score, subject, teacher_id, time, view) values (?, ?, ?, ?, ?, ?, ?, ?, ?, ?, ?, ?, ?, ?, ?, ?)
make question 4415
Hibernate: insert into question (answer, choice1, choice2, choice3, choice4, choice5, content, correct, create_date, filepath, modify_date, score, subject, teacher_id, time, view) values (?, ?, ?, ?, ?, ?, ?, ?, ?, ?, ?, ?, ?, ?, ?, ?)
make question 4416
Hibernate: insert into question (answer, choice1, choice2, choice3, choice4, choice5, content, correct, create_date, filepath, modify_date, score, subject, teacher_id, time, view) values (?, ?, ?, ?, ?, ?, ?, ?, ?, ?, ?, ?, ?, ?, ?, ?)
make question 4417
Hibernate: insert into question (answer, choice1, choice2, choice3, choice4, choice5, content, correct, create_date, filepath, modify_date, score, subject, teacher_id, time, view) values (?, ?, ?, ?, ?, ?, ?, ?, ?, ?, ?, ?, ?, ?, ?, ?)
make question 4418
Hibernate: insert into question (answer, choice1, choice2, choice3, choice4, choice5, content, correct, create_date, filepath, modify_date, score, subject, teacher_id, time, view) values (?, ?, ?, ?, ?, ?, ?, ?, ?, ?, ?, ?, ?, ?, ?, ?)
make question 4419
Hibernate: insert into question (answer, choice1, choice2, choice3, choice4, choice5, content, correct, create_date, filepath, modify_date, score, subject, teacher_id, time, view) values (?, ?, ?, ?, ?, ?, ?, ?, ?, ?, ?, ?, ?, ?, ?, ?)
make question 4420
Hibernate: insert into question (answer, choice1, choice2, choice3, choice4, choice5, content, correct, create_date, filepath, modify_date, score, subject, teacher_id, time, view) values (?, ?, ?, ?, ?, ?, ?, ?, ?, ?, ?, ?, ?, ?, ?, ?)
make question 4421
Hibernate: insert into question (answer, choice1, choice2, choice3, choice4, choice5, content, correct, create_date, filepath, modify_date, score, subject, teacher_id, time, view) values (?, ?, ?, ?, ?, ?, ?, ?, ?, ?, ?, ?, ?, ?, ?, ?)
make question 4422
Hibernate: insert into question (answer, choice1, choice2, choice3, choice4, choice5, content, correct, create_date, filepath, modify_date, score, subject, teacher_id, time, view) values (?, ?, ?, ?, ?, ?, ?, ?, ?, ?, ?, ?, ?, ?, ?, ?)
make question 4423
Hibernate: insert into question (answer, choice1, choice2, choice3, choice4, choice5, content, correct, create_date, filepath, modify_date, score, subject, teacher_id, time, view) values (?, ?, ?, ?, ?, ?, ?, ?, ?, ?, ?, ?, ?, ?, ?, ?)
make question 4424
Hibernate: insert into question (answer, choice1, choice2, choice3, choice4, choice5, content, correct, create_date, filepath, modify_date, score, subject, teacher_id, time, view) values (?, ?, ?, ?, ?, ?, ?, ?, ?, ?, ?, ?, ?, ?, ?, ?)
make question 4425
Hibernate: insert into question (answer, choice1, choice2, choice3, choice4, choice5, content, correct, create_date, filepath, modify_date, score, subject, teacher_id, time, view) values (?, ?, ?, ?, ?, ?, ?, ?, ?, ?, ?, ?, ?, ?, ?, ?)
make question 4426
Hibernate: insert into question (answer, choice1, choice2, choice3, choice4, choice5, content, correct, create_date, filepath, modify_date, score, subject, teacher_id, time, view) values (?, ?, ?, ?, ?, ?, ?, ?, ?, ?, ?, ?, ?, ?, ?, ?)
make question 4427
Hibernate: insert into question (answer, choice1, choice2, choice3, choice4, choice5, content, correct, create_date, filepath, modify_date, score, subject, teacher_id, time, view) values (?, ?, ?, ?, ?, ?, ?, ?, ?, ?, ?, ?, ?, ?, ?, ?)
make question 4428
Hibernate: insert into question (answer, choice1, choice2, choice3, choice4, choice5, content, correct, create_date, filepath, modify_date, score, subject, teacher_id, time, view) values (?, ?, ?, ?, ?, ?, ?, ?, ?, ?, ?, ?, ?, ?, ?, ?)
make question 4429
Hibernate: insert into question (answer, choice1, choice2, choice3, choice4, choice5, content, correct, create_date, filepath, modify_date, score, subject, teacher_id, time, view) values (?, ?, ?, ?, ?, ?, ?, ?, ?, ?, ?, ?, ?, ?, ?, ?)
make question 4430
Hibernate: insert into question (answer, choice1, choice2, choice3, choice4, choice5, content, correct, create_date, filepath, modify_date, score, subject, teacher_id, time, view) values (?, ?, ?, ?, ?, ?, ?, ?, ?, ?, ?, ?, ?, ?, ?, ?)
make question 4431
Hibernate: insert into question (answer, choice1, choice2, choice3, choice4, choice5, content, correct, create_date, filepath, modify_date, score, subject, teacher_id, time, view) values (?, ?, ?, ?, ?, ?, ?, ?, ?, ?, ?, ?, ?, ?, ?, ?)
make question 4432
Hibernate: insert into question (answer, choice1, choice2, choice3, choice4, choice5, content, correct, create_date, filepath, modify_date, score, subject, teacher_id, time, view) values (?, ?, ?, ?, ?, ?, ?, ?, ?, ?, ?, ?, ?, ?, ?, ?)
make question 4433
Hibernate: insert into question (answer, choice1, choice2, choice3, choice4, choice5, content, correct, create_date, filepath, modify_date, score, subject, teacher_id, time, view) values (?, ?, ?, ?, ?, ?, ?, ?, ?, ?, ?, ?, ?, ?, ?, ?)
make question 4434
Hibernate: insert into question (answer, choice1, choice2, choice3, choice4, choice5, content, correct, create_date, filepath, modify_date, score, subject, teacher_id, time, view) values (?, ?, ?, ?, ?, ?, ?, ?, ?, ?, ?, ?, ?, ?, ?, ?)
make question 4435
Hibernate: insert into question (answer, choice1, choice2, choice3, choice4, choice5, content, correct, create_date, filepath, modify_date, score, subject, teacher_id, time, view) values (?, ?, ?, ?, ?, ?, ?, ?, ?, ?, ?, ?, ?, ?, ?, ?)
make question 4436
Hibernate: insert into question (answer, choice1, choice2, choice3, choice4, choice5, content, correct, create_date, filepath, modify_date, score, subject, teacher_id, time, view) values (?, ?, ?, ?, ?, ?, ?, ?, ?, ?, ?, ?, ?, ?, ?, ?)
make question 4437
Hibernate: insert into question (answer, choice1, choice2, choice3, choice4, choice5, content, correct, create_date, filepath, modify_date, score, subject, teacher_id, time, view) values (?, ?, ?, ?, ?, ?, ?, ?, ?, ?, ?, ?, ?, ?, ?, ?)
make question 4438
Hibernate: insert into question (answer, choice1, choice2, choice3, choice4, choice5, content, correct, create_date, filepath, modify_date, score, subject, teacher_id, time, view) values (?, ?, ?, ?, ?, ?, ?, ?, ?, ?, ?, ?, ?, ?, ?, ?)
make question 4439
Hibernate: insert into question (answer, choice1, choice2, choice3, choice4, choice5, content, correct, create_date, filepath, modify_date, score, subject, teacher_id, time, view) values (?, ?, ?, ?, ?, ?, ?, ?, ?, ?, ?, ?, ?, ?, ?, ?)
make question 4440
Hibernate: insert into question (answer, choice1, choice2, choice3, choice4, choice5, content, correct, create_date, filepath, modify_date, score, subject, teacher_id, time, view) values (?, ?, ?, ?, ?, ?, ?, ?, ?, ?, ?, ?, ?, ?, ?, ?)
make question 4441
Hibernate: insert into question (answer, choice1, choice2, choice3, choice4, choice5, content, correct, create_date, filepath, modify_date, score, subject, teacher_id, time, view) values (?, ?, ?, ?, ?, ?, ?, ?, ?, ?, ?, ?, ?, ?, ?, ?)
make question 4442
Hibernate: insert into question (answer, choice1, choice2, choice3, choice4, choice5, content, correct, create_date, filepath, modify_date, score, subject, teacher_id, time, view) values (?, ?, ?, ?, ?, ?, ?, ?, ?, ?, ?, ?, ?, ?, ?, ?)
make question 4443
Hibernate: insert into question (answer, choice1, choice2, choice3, choice4, choice5, content, correct, create_date, filepath, modify_date, score, subject, teacher_id, time, view) values (?, ?, ?, ?, ?, ?, ?, ?, ?, ?, ?, ?, ?, ?, ?, ?)
make question 4444
Hibernate: insert into question (answer, choice1, choice2, choice3, choice4, choice5, content, correct, create_date, filepath, modify_date, score, subject, teacher_id, time, view) values (?, ?, ?, ?, ?, ?, ?, ?, ?, ?, ?, ?, ?, ?, ?, ?)
make question 4445
Hibernate: insert into question (answer, choice1, choice2, choice3, choice4, choice5, content, correct, create_date, filepath, modify_date, score, subject, teacher_id, time, view) values (?, ?, ?, ?, ?, ?, ?, ?, ?, ?, ?, ?, ?, ?, ?, ?)
make question 4446
Hibernate: insert into question (answer, choice1, choice2, choice3, choice4, choice5, content, correct, create_date, filepath, modify_date, score, subject, teacher_id, time, view) values (?, ?, ?, ?, ?, ?, ?, ?, ?, ?, ?, ?, ?, ?, ?, ?)
make question 4447
Hibernate: insert into question (answer, choice1, choice2, choice3, choice4, choice5, content, correct, create_date, filepath, modify_date, score, subject, teacher_id, time, view) values (?, ?, ?, ?, ?, ?, ?, ?, ?, ?, ?, ?, ?, ?, ?, ?)
make question 4448
Hibernate: insert into question (answer, choice1, choice2, choice3, choice4, choice5, content, correct, create_date, filepath, modify_date, score, subject, teacher_id, time, view) values (?, ?, ?, ?, ?, ?, ?, ?, ?, ?, ?, ?, ?, ?, ?, ?)
make question 4449
Hibernate: insert into question (answer, choice1, choice2, choice3, choice4, choice5, content, correct, create_date, filepath, modify_date, score, subject, teacher_id, time, view) values (?, ?, ?, ?, ?, ?, ?, ?, ?, ?, ?, ?, ?, ?, ?, ?)
make question 4450
Hibernate: insert into question (answer, choice1, choice2, choice3, choice4, choice5, content, correct, create_date, filepath, modify_date, score, subject, teacher_id, time, view) values (?, ?, ?, ?, ?, ?, ?, ?, ?, ?, ?, ?, ?, ?, ?, ?)
make question 4451
Hibernate: insert into question (answer, choice1, choice2, choice3, choice4, choice5, content, correct, create_date, filepath, modify_date, score, subject, teacher_id, time, view) values (?, ?, ?, ?, ?, ?, ?, ?, ?, ?, ?, ?, ?, ?, ?, ?)
make question 4452
Hibernate: insert into question (answer, choice1, choice2, choice3, choice4, choice5, content, correct, create_date, filepath, modify_date, score, subject, teacher_id, time, view) values (?, ?, ?, ?, ?, ?, ?, ?, ?, ?, ?, ?, ?, ?, ?, ?)
make question 4453
Hibernate: insert into question (answer, choice1, choice2, choice3, choice4, choice5, content, correct, create_date, filepath, modify_date, score, subject, teacher_id, time, view) values (?, ?, ?, ?, ?, ?, ?, ?, ?, ?, ?, ?, ?, ?, ?, ?)
make question 4454
Hibernate: insert into question (answer, choice1, choice2, choice3, choice4, choice5, content, correct, create_date, filepath, modify_date, score, subject, teacher_id, time, view) values (?, ?, ?, ?, ?, ?, ?, ?, ?, ?, ?, ?, ?, ?, ?, ?)
make question 4455
Hibernate: insert into question (answer, choice1, choice2, choice3, choice4, choice5, content, correct, create_date, filepath, modify_date, score, subject, teacher_id, time, view) values (?, ?, ?, ?, ?, ?, ?, ?, ?, ?, ?, ?, ?, ?, ?, ?)
make question 4456
Hibernate: insert into question (answer, choice1, choice2, choice3, choice4, choice5, content, correct, create_date, filepath, modify_date, score, subject, teacher_id, time, view) values (?, ?, ?, ?, ?, ?, ?, ?, ?, ?, ?, ?, ?, ?, ?, ?)
make question 4457
Hibernate: insert into question (answer, choice1, choice2, choice3, choice4, choice5, content, correct, create_date, filepath, modify_date, score, subject, teacher_id, time, view) values (?, ?, ?, ?, ?, ?, ?, ?, ?, ?, ?, ?, ?, ?, ?, ?)
make question 4458
Hibernate: insert into question (answer, choice1, choice2, choice3, choice4, choice5, content, correct, create_date, filepath, modify_date, score, subject, teacher_id, time, view) values (?, ?, ?, ?, ?, ?, ?, ?, ?, ?, ?, ?, ?, ?, ?, ?)
make question 4459
Hibernate: insert into question (answer, choice1, choice2, choice3, choice4, choice5, content, correct, create_date, filepath, modify_date, score, subject, teacher_id, time, view) values (?, ?, ?, ?, ?, ?, ?, ?, ?, ?, ?, ?, ?, ?, ?, ?)
make question 4460
Hibernate: insert into question (answer, choice1, choice2, choice3, choice4, choice5, content, correct, create_date, filepath, modify_date, score, subject, teacher_id, time, view) values (?, ?, ?, ?, ?, ?, ?, ?, ?, ?, ?, ?, ?, ?, ?, ?)
make question 4461
Hibernate: insert into question (answer, choice1, choice2, choice3, choice4, choice5, content, correct, create_date, filepath, modify_date, score, subject, teacher_id, time, view) values (?, ?, ?, ?, ?, ?, ?, ?, ?, ?, ?, ?, ?, ?, ?, ?)
make question 4462
Hibernate: insert into question (answer, choice1, choice2, choice3, choice4, choice5, content, correct, create_date, filepath, modify_date, score, subject, teacher_id, time, view) values (?, ?, ?, ?, ?, ?, ?, ?, ?, ?, ?, ?, ?, ?, ?, ?)
make question 4463
Hibernate: insert into question (answer, choice1, choice2, choice3, choice4, choice5, content, correct, create_date, filepath, modify_date, score, subject, teacher_id, time, view) values (?, ?, ?, ?, ?, ?, ?, ?, ?, ?, ?, ?, ?, ?, ?, ?)
make question 4464
Hibernate: insert into question (answer, choice1, choice2, choice3, choice4, choice5, content, correct, create_date, filepath, modify_date, score, subject, teacher_id, time, view) values (?, ?, ?, ?, ?, ?, ?, ?, ?, ?, ?, ?, ?, ?, ?, ?)
make question 4465
Hibernate: insert into question (answer, choice1, choice2, choice3, choice4, choice5, content, correct, create_date, filepath, modify_date, score, subject, teacher_id, time, view) values (?, ?, ?, ?, ?, ?, ?, ?, ?, ?, ?, ?, ?, ?, ?, ?)
make question 4466
Hibernate: insert into question (answer, choice1, choice2, choice3, choice4, choice5, content, correct, create_date, filepath, modify_date, score, subject, teacher_id, time, view) values (?, ?, ?, ?, ?, ?, ?, ?, ?, ?, ?, ?, ?, ?, ?, ?)
make question 4467
Hibernate: insert into question (answer, choice1, choice2, choice3, choice4, choice5, content, correct, create_date, filepath, modify_date, score, subject, teacher_id, time, view) values (?, ?, ?, ?, ?, ?, ?, ?, ?, ?, ?, ?, ?, ?, ?, ?)
make question 4468
Hibernate: insert into question (answer, choice1, choice2, choice3, choice4, choice5, content, correct, create_date, filepath, modify_date, score, subject, teacher_id, time, view) values (?, ?, ?, ?, ?, ?, ?, ?, ?, ?, ?, ?, ?, ?, ?, ?)
make question 4469
Hibernate: insert into question (answer, choice1, choice2, choice3, choice4, choice5, content, correct, create_date, filepath, modify_date, score, subject, teacher_id, time, view) values (?, ?, ?, ?, ?, ?, ?, ?, ?, ?, ?, ?, ?, ?, ?, ?)
make question 4470
Hibernate: insert into question (answer, choice1, choice2, choice3, choice4, choice5, content, correct, create_date, filepath, modify_date, score, subject, teacher_id, time, view) values (?, ?, ?, ?, ?, ?, ?, ?, ?, ?, ?, ?, ?, ?, ?, ?)
make question 4471
Hibernate: insert into question (answer, choice1, choice2, choice3, choice4, choice5, content, correct, create_date, filepath, modify_date, score, subject, teacher_id, time, view) values (?, ?, ?, ?, ?, ?, ?, ?, ?, ?, ?, ?, ?, ?, ?, ?)
make question 4472
Hibernate: insert into question (answer, choice1, choice2, choice3, choice4, choice5, content, correct, create_date, filepath, modify_date, score, subject, teacher_id, time, view) values (?, ?, ?, ?, ?, ?, ?, ?, ?, ?, ?, ?, ?, ?, ?, ?)
make question 4473
Hibernate: insert into question (answer, choice1, choice2, choice3, choice4, choice5, content, correct, create_date, filepath, modify_date, score, subject, teacher_id, time, view) values (?, ?, ?, ?, ?, ?, ?, ?, ?, ?, ?, ?, ?, ?, ?, ?)
make question 4474
Hibernate: insert into question (answer, choice1, choice2, choice3, choice4, choice5, content, correct, create_date, filepath, modify_date, score, subject, teacher_id, time, view) values (?, ?, ?, ?, ?, ?, ?, ?, ?, ?, ?, ?, ?, ?, ?, ?)
make question 4475
Hibernate: insert into question (answer, choice1, choice2, choice3, choice4, choice5, content, correct, create_date, filepath, modify_date, score, subject, teacher_id, time, view) values (?, ?, ?, ?, ?, ?, ?, ?, ?, ?, ?, ?, ?, ?, ?, ?)
make question 4476
Hibernate: insert into question (answer, choice1, choice2, choice3, choice4, choice5, content, correct, create_date, filepath, modify_date, score, subject, teacher_id, time, view) values (?, ?, ?, ?, ?, ?, ?, ?, ?, ?, ?, ?, ?, ?, ?, ?)
make question 4477
Hibernate: insert into question (answer, choice1, choice2, choice3, choice4, choice5, content, correct, create_date, filepath, modify_date, score, subject, teacher_id, time, view) values (?, ?, ?, ?, ?, ?, ?, ?, ?, ?, ?, ?, ?, ?, ?, ?)
make question 4478
Hibernate: insert into question (answer, choice1, choice2, choice3, choice4, choice5, content, correct, create_date, filepath, modify_date, score, subject, teacher_id, time, view) values (?, ?, ?, ?, ?, ?, ?, ?, ?, ?, ?, ?, ?, ?, ?, ?)
make question 4479
Hibernate: insert into question (answer, choice1, choice2, choice3, choice4, choice5, content, correct, create_date, filepath, modify_date, score, subject, teacher_id, time, view) values (?, ?, ?, ?, ?, ?, ?, ?, ?, ?, ?, ?, ?, ?, ?, ?)
make question 4480
Hibernate: insert into question (answer, choice1, choice2, choice3, choice4, choice5, content, correct, create_date, filepath, modify_date, score, subject, teacher_id, time, view) values (?, ?, ?, ?, ?, ?, ?, ?, ?, ?, ?, ?, ?, ?, ?, ?)
make question 4481
Hibernate: insert into question (answer, choice1, choice2, choice3, choice4, choice5, content, correct, create_date, filepath, modify_date, score, subject, teacher_id, time, view) values (?, ?, ?, ?, ?, ?, ?, ?, ?, ?, ?, ?, ?, ?, ?, ?)
make question 4482
Hibernate: insert into question (answer, choice1, choice2, choice3, choice4, choice5, content, correct, create_date, filepath, modify_date, score, subject, teacher_id, time, view) values (?, ?, ?, ?, ?, ?, ?, ?, ?, ?, ?, ?, ?, ?, ?, ?)
make question 4483
Hibernate: insert into question (answer, choice1, choice2, choice3, choice4, choice5, content, correct, create_date, filepath, modify_date, score, subject, teacher_id, time, view) values (?, ?, ?, ?, ?, ?, ?, ?, ?, ?, ?, ?, ?, ?, ?, ?)
make question 4484
Hibernate: insert into question (answer, choice1, choice2, choice3, choice4, choice5, content, correct, create_date, filepath, modify_date, score, subject, teacher_id, time, view) values (?, ?, ?, ?, ?, ?, ?, ?, ?, ?, ?, ?, ?, ?, ?, ?)
make question 4485
Hibernate: insert into question (answer, choice1, choice2, choice3, choice4, choice5, content, correct, create_date, filepath, modify_date, score, subject, teacher_id, time, view) values (?, ?, ?, ?, ?, ?, ?, ?, ?, ?, ?, ?, ?, ?, ?, ?)
make question 4486
Hibernate: insert into question (answer, choice1, choice2, choice3, choice4, choice5, content, correct, create_date, filepath, modify_date, score, subject, teacher_id, time, view) values (?, ?, ?, ?, ?, ?, ?, ?, ?, ?, ?, ?, ?, ?, ?, ?)
make question 4487
Hibernate: insert into question (answer, choice1, choice2, choice3, choice4, choice5, content, correct, create_date, filepath, modify_date, score, subject, teacher_id, time, view) values (?, ?, ?, ?, ?, ?, ?, ?, ?, ?, ?, ?, ?, ?, ?, ?)
make question 4488
Hibernate: insert into question (answer, choice1, choice2, choice3, choice4, choice5, content, correct, create_date, filepath, modify_date, score, subject, teacher_id, time, view) values (?, ?, ?, ?, ?, ?, ?, ?, ?, ?, ?, ?, ?, ?, ?, ?)
make question 4489
Hibernate: insert into question (answer, choice1, choice2, choice3, choice4, choice5, content, correct, create_date, filepath, modify_date, score, subject, teacher_id, time, view) values (?, ?, ?, ?, ?, ?, ?, ?, ?, ?, ?, ?, ?, ?, ?, ?)
make question 4490
Hibernate: insert into question (answer, choice1, choice2, choice3, choice4, choice5, content, correct, create_date, filepath, modify_date, score, subject, teacher_id, time, view) values (?, ?, ?, ?, ?, ?, ?, ?, ?, ?, ?, ?, ?, ?, ?, ?)
make question 4491
Hibernate: insert into question (answer, choice1, choice2, choice3, choice4, choice5, content, correct, create_date, filepath, modify_date, score, subject, teacher_id, time, view) values (?, ?, ?, ?, ?, ?, ?, ?, ?, ?, ?, ?, ?, ?, ?, ?)
make question 4492
Hibernate: insert into question (answer, choice1, choice2, choice3, choice4, choice5, content, correct, create_date, filepath, modify_date, score, subject, teacher_id, time, view) values (?, ?, ?, ?, ?, ?, ?, ?, ?, ?, ?, ?, ?, ?, ?, ?)
make question 4493
Hibernate: insert into question (answer, choice1, choice2, choice3, choice4, choice5, content, correct, create_date, filepath, modify_date, score, subject, teacher_id, time, view) values (?, ?, ?, ?, ?, ?, ?, ?, ?, ?, ?, ?, ?, ?, ?, ?)
make question 4494
Hibernate: insert into question (answer, choice1, choice2, choice3, choice4, choice5, content, correct, create_date, filepath, modify_date, score, subject, teacher_id, time, view) values (?, ?, ?, ?, ?, ?, ?, ?, ?, ?, ?, ?, ?, ?, ?, ?)
make question 4495
Hibernate: insert into question (answer, choice1, choice2, choice3, choice4, choice5, content, correct, create_date, filepath, modify_date, score, subject, teacher_id, time, view) values (?, ?, ?, ?, ?, ?, ?, ?, ?, ?, ?, ?, ?, ?, ?, ?)
make question 4496
Hibernate: insert into question (answer, choice1, choice2, choice3, choice4, choice5, content, correct, create_date, filepath, modify_date, score, subject, teacher_id, time, view) values (?, ?, ?, ?, ?, ?, ?, ?, ?, ?, ?, ?, ?, ?, ?, ?)
make question 4497
Hibernate: insert into question (answer, choice1, choice2, choice3, choice4, choice5, content, correct, create_date, filepath, modify_date, score, subject, teacher_id, time, view) values (?, ?, ?, ?, ?, ?, ?, ?, ?, ?, ?, ?, ?, ?, ?, ?)
make question 4498
Hibernate: insert into question (answer, choice1, choice2, choice3, choice4, choice5, content, correct, create_date, filepath, modify_date, score, subject, teacher_id, time, view) values (?, ?, ?, ?, ?, ?, ?, ?, ?, ?, ?, ?, ?, ?, ?, ?)
make question 4499
Hibernate: insert into question (answer, choice1, choice2, choice3, choice4, choice5, content, correct, create_date, filepath, modify_date, score, subject, teacher_id, time, view) values (?, ?, ?, ?, ?, ?, ?, ?, ?, ?, ?, ?, ?, ?, ?, ?)
make question 4500
Hibernate: insert into question (answer, choice1, choice2, choice3, choice4, choice5, content, correct, create_date, filepath, modify_date, score, subject, teacher_id, time, view) values (?, ?, ?, ?, ?, ?, ?, ?, ?, ?, ?, ?, ?, ?, ?, ?)
make question 4501
Hibernate: insert into question (answer, choice1, choice2, choice3, choice4, choice5, content, correct, create_date, filepath, modify_date, score, subject, teacher_id, time, view) values (?, ?, ?, ?, ?, ?, ?, ?, ?, ?, ?, ?, ?, ?, ?, ?)
make question 4502
Hibernate: insert into question (answer, choice1, choice2, choice3, choice4, choice5, content, correct, create_date, filepath, modify_date, score, subject, teacher_id, time, view) values (?, ?, ?, ?, ?, ?, ?, ?, ?, ?, ?, ?, ?, ?, ?, ?)
make question 4503
Hibernate: insert into question (answer, choice1, choice2, choice3, choice4, choice5, content, correct, create_date, filepath, modify_date, score, subject, teacher_id, time, view) values (?, ?, ?, ?, ?, ?, ?, ?, ?, ?, ?, ?, ?, ?, ?, ?)
make question 4504
Hibernate: insert into question (answer, choice1, choice2, choice3, choice4, choice5, content, correct, create_date, filepath, modify_date, score, subject, teacher_id, time, view) values (?, ?, ?, ?, ?, ?, ?, ?, ?, ?, ?, ?, ?, ?, ?, ?)
make question 4505
Hibernate: insert into question (answer, choice1, choice2, choice3, choice4, choice5, content, correct, create_date, filepath, modify_date, score, subject, teacher_id, time, view) values (?, ?, ?, ?, ?, ?, ?, ?, ?, ?, ?, ?, ?, ?, ?, ?)
make question 4506
Hibernate: insert into question (answer, choice1, choice2, choice3, choice4, choice5, content, correct, create_date, filepath, modify_date, score, subject, teacher_id, time, view) values (?, ?, ?, ?, ?, ?, ?, ?, ?, ?, ?, ?, ?, ?, ?, ?)
make question 4507
Hibernate: insert into question (answer, choice1, choice2, choice3, choice4, choice5, content, correct, create_date, filepath, modify_date, score, subject, teacher_id, time, view) values (?, ?, ?, ?, ?, ?, ?, ?, ?, ?, ?, ?, ?, ?, ?, ?)
make question 4508
Hibernate: insert into question (answer, choice1, choice2, choice3, choice4, choice5, content, correct, create_date, filepath, modify_date, score, subject, teacher_id, time, view) values (?, ?, ?, ?, ?, ?, ?, ?, ?, ?, ?, ?, ?, ?, ?, ?)
make question 4509
Hibernate: insert into question (answer, choice1, choice2, choice3, choice4, choice5, content, correct, create_date, filepath, modify_date, score, subject, teacher_id, time, view) values (?, ?, ?, ?, ?, ?, ?, ?, ?, ?, ?, ?, ?, ?, ?, ?)
make question 4510
Hibernate: insert into question (answer, choice1, choice2, choice3, choice4, choice5, content, correct, create_date, filepath, modify_date, score, subject, teacher_id, time, view) values (?, ?, ?, ?, ?, ?, ?, ?, ?, ?, ?, ?, ?, ?, ?, ?)
make question 4511
Hibernate: insert into question (answer, choice1, choice2, choice3, choice4, choice5, content, correct, create_date, filepath, modify_date, score, subject, teacher_id, time, view) values (?, ?, ?, ?, ?, ?, ?, ?, ?, ?, ?, ?, ?, ?, ?, ?)
make question 4512
Hibernate: insert into question (answer, choice1, choice2, choice3, choice4, choice5, content, correct, create_date, filepath, modify_date, score, subject, teacher_id, time, view) values (?, ?, ?, ?, ?, ?, ?, ?, ?, ?, ?, ?, ?, ?, ?, ?)
make question 4513
Hibernate: insert into question (answer, choice1, choice2, choice3, choice4, choice5, content, correct, create_date, filepath, modify_date, score, subject, teacher_id, time, view) values (?, ?, ?, ?, ?, ?, ?, ?, ?, ?, ?, ?, ?, ?, ?, ?)
make question 4514
Hibernate: insert into question (answer, choice1, choice2, choice3, choice4, choice5, content, correct, create_date, filepath, modify_date, score, subject, teacher_id, time, view) values (?, ?, ?, ?, ?, ?, ?, ?, ?, ?, ?, ?, ?, ?, ?, ?)
make question 4515
Hibernate: insert into question (answer, choice1, choice2, choice3, choice4, choice5, content, correct, create_date, filepath, modify_date, score, subject, teacher_id, time, view) values (?, ?, ?, ?, ?, ?, ?, ?, ?, ?, ?, ?, ?, ?, ?, ?)
make question 4516
Hibernate: insert into question (answer, choice1, choice2, choice3, choice4, choice5, content, correct, create_date, filepath, modify_date, score, subject, teacher_id, time, view) values (?, ?, ?, ?, ?, ?, ?, ?, ?, ?, ?, ?, ?, ?, ?, ?)
make question 4517
Hibernate: insert into question (answer, choice1, choice2, choice3, choice4, choice5, content, correct, create_date, filepath, modify_date, score, subject, teacher_id, time, view) values (?, ?, ?, ?, ?, ?, ?, ?, ?, ?, ?, ?, ?, ?, ?, ?)
make question 4518
Hibernate: insert into question (answer, choice1, choice2, choice3, choice4, choice5, content, correct, create_date, filepath, modify_date, score, subject, teacher_id, time, view) values (?, ?, ?, ?, ?, ?, ?, ?, ?, ?, ?, ?, ?, ?, ?, ?)
make question 4519
Hibernate: insert into question (answer, choice1, choice2, choice3, choice4, choice5, content, correct, create_date, filepath, modify_date, score, subject, teacher_id, time, view) values (?, ?, ?, ?, ?, ?, ?, ?, ?, ?, ?, ?, ?, ?, ?, ?)
make question 4520
Hibernate: insert into question (answer, choice1, choice2, choice3, choice4, choice5, content, correct, create_date, filepath, modify_date, score, subject, teacher_id, time, view) values (?, ?, ?, ?, ?, ?, ?, ?, ?, ?, ?, ?, ?, ?, ?, ?)
make question 4521
Hibernate: insert into question (answer, choice1, choice2, choice3, choice4, choice5, content, correct, create_date, filepath, modify_date, score, subject, teacher_id, time, view) values (?, ?, ?, ?, ?, ?, ?, ?, ?, ?, ?, ?, ?, ?, ?, ?)
make question 4522
Hibernate: insert into question (answer, choice1, choice2, choice3, choice4, choice5, content, correct, create_date, filepath, modify_date, score, subject, teacher_id, time, view) values (?, ?, ?, ?, ?, ?, ?, ?, ?, ?, ?, ?, ?, ?, ?, ?)
make question 4523
Hibernate: insert into question (answer, choice1, choice2, choice3, choice4, choice5, content, correct, create_date, filepath, modify_date, score, subject, teacher_id, time, view) values (?, ?, ?, ?, ?, ?, ?, ?, ?, ?, ?, ?, ?, ?, ?, ?)
make question 4524
Hibernate: insert into question (answer, choice1, choice2, choice3, choice4, choice5, content, correct, create_date, filepath, modify_date, score, subject, teacher_id, time, view) values (?, ?, ?, ?, ?, ?, ?, ?, ?, ?, ?, ?, ?, ?, ?, ?)
make question 4525
Hibernate: insert into question (answer, choice1, choice2, choice3, choice4, choice5, content, correct, create_date, filepath, modify_date, score, subject, teacher_id, time, view) values (?, ?, ?, ?, ?, ?, ?, ?, ?, ?, ?, ?, ?, ?, ?, ?)
make question 4526
Hibernate: insert into question (answer, choice1, choice2, choice3, choice4, choice5, content, correct, create_date, filepath, modify_date, score, subject, teacher_id, time, view) values (?, ?, ?, ?, ?, ?, ?, ?, ?, ?, ?, ?, ?, ?, ?, ?)
make question 4527
Hibernate: insert into question (answer, choice1, choice2, choice3, choice4, choice5, content, correct, create_date, filepath, modify_date, score, subject, teacher_id, time, view) values (?, ?, ?, ?, ?, ?, ?, ?, ?, ?, ?, ?, ?, ?, ?, ?)
make question 4528
Hibernate: insert into question (answer, choice1, choice2, choice3, choice4, choice5, content, correct, create_date, filepath, modify_date, score, subject, teacher_id, time, view) values (?, ?, ?, ?, ?, ?, ?, ?, ?, ?, ?, ?, ?, ?, ?, ?)
make question 4529
Hibernate: insert into question (answer, choice1, choice2, choice3, choice4, choice5, content, correct, create_date, filepath, modify_date, score, subject, teacher_id, time, view) values (?, ?, ?, ?, ?, ?, ?, ?, ?, ?, ?, ?, ?, ?, ?, ?)
make question 4530
Hibernate: insert into question (answer, choice1, choice2, choice3, choice4, choice5, content, correct, create_date, filepath, modify_date, score, subject, teacher_id, time, view) values (?, ?, ?, ?, ?, ?, ?, ?, ?, ?, ?, ?, ?, ?, ?, ?)
make question 4531
Hibernate: insert into question (answer, choice1, choice2, choice3, choice4, choice5, content, correct, create_date, filepath, modify_date, score, subject, teacher_id, time, view) values (?, ?, ?, ?, ?, ?, ?, ?, ?, ?, ?, ?, ?, ?, ?, ?)
make question 4532
Hibernate: insert into question (answer, choice1, choice2, choice3, choice4, choice5, content, correct, create_date, filepath, modify_date, score, subject, teacher_id, time, view) values (?, ?, ?, ?, ?, ?, ?, ?, ?, ?, ?, ?, ?, ?, ?, ?)
make question 4533
Hibernate: insert into question (answer, choice1, choice2, choice3, choice4, choice5, content, correct, create_date, filepath, modify_date, score, subject, teacher_id, time, view) values (?, ?, ?, ?, ?, ?, ?, ?, ?, ?, ?, ?, ?, ?, ?, ?)
make question 4534
Hibernate: insert into question (answer, choice1, choice2, choice3, choice4, choice5, content, correct, create_date, filepath, modify_date, score, subject, teacher_id, time, view) values (?, ?, ?, ?, ?, ?, ?, ?, ?, ?, ?, ?, ?, ?, ?, ?)
make question 4535
Hibernate: insert into question (answer, choice1, choice2, choice3, choice4, choice5, content, correct, create_date, filepath, modify_date, score, subject, teacher_id, time, view) values (?, ?, ?, ?, ?, ?, ?, ?, ?, ?, ?, ?, ?, ?, ?, ?)
make question 4536
Hibernate: insert into question (answer, choice1, choice2, choice3, choice4, choice5, content, correct, create_date, filepath, modify_date, score, subject, teacher_id, time, view) values (?, ?, ?, ?, ?, ?, ?, ?, ?, ?, ?, ?, ?, ?, ?, ?)
make question 4537
Hibernate: insert into question (answer, choice1, choice2, choice3, choice4, choice5, content, correct, create_date, filepath, modify_date, score, subject, teacher_id, time, view) values (?, ?, ?, ?, ?, ?, ?, ?, ?, ?, ?, ?, ?, ?, ?, ?)
make question 4538
Hibernate: insert into question (answer, choice1, choice2, choice3, choice4, choice5, content, correct, create_date, filepath, modify_date, score, subject, teacher_id, time, view) values (?, ?, ?, ?, ?, ?, ?, ?, ?, ?, ?, ?, ?, ?, ?, ?)
make question 4539
Hibernate: insert into question (answer, choice1, choice2, choice3, choice4, choice5, content, correct, create_date, filepath, modify_date, score, subject, teacher_id, time, view) values (?, ?, ?, ?, ?, ?, ?, ?, ?, ?, ?, ?, ?, ?, ?, ?)
make question 4540
Hibernate: insert into question (answer, choice1, choice2, choice3, choice4, choice5, content, correct, create_date, filepath, modify_date, score, subject, teacher_id, time, view) values (?, ?, ?, ?, ?, ?, ?, ?, ?, ?, ?, ?, ?, ?, ?, ?)
make question 4541
Hibernate: insert into question (answer, choice1, choice2, choice3, choice4, choice5, content, correct, create_date, filepath, modify_date, score, subject, teacher_id, time, view) values (?, ?, ?, ?, ?, ?, ?, ?, ?, ?, ?, ?, ?, ?, ?, ?)
make question 4542
Hibernate: insert into question (answer, choice1, choice2, choice3, choice4, choice5, content, correct, create_date, filepath, modify_date, score, subject, teacher_id, time, view) values (?, ?, ?, ?, ?, ?, ?, ?, ?, ?, ?, ?, ?, ?, ?, ?)
make question 4543
Hibernate: insert into question (answer, choice1, choice2, choice3, choice4, choice5, content, correct, create_date, filepath, modify_date, score, subject, teacher_id, time, view) values (?, ?, ?, ?, ?, ?, ?, ?, ?, ?, ?, ?, ?, ?, ?, ?)
make question 4544
Hibernate: insert into question (answer, choice1, choice2, choice3, choice4, choice5, content, correct, create_date, filepath, modify_date, score, subject, teacher_id, time, view) values (?, ?, ?, ?, ?, ?, ?, ?, ?, ?, ?, ?, ?, ?, ?, ?)
make question 4545
Hibernate: insert into question (answer, choice1, choice2, choice3, choice4, choice5, content, correct, create_date, filepath, modify_date, score, subject, teacher_id, time, view) values (?, ?, ?, ?, ?, ?, ?, ?, ?, ?, ?, ?, ?, ?, ?, ?)
make question 4546
Hibernate: insert into question (answer, choice1, choice2, choice3, choice4, choice5, content, correct, create_date, filepath, modify_date, score, subject, teacher_id, time, view) values (?, ?, ?, ?, ?, ?, ?, ?, ?, ?, ?, ?, ?, ?, ?, ?)
make question 4547
Hibernate: insert into question (answer, choice1, choice2, choice3, choice4, choice5, content, correct, create_date, filepath, modify_date, score, subject, teacher_id, time, view) values (?, ?, ?, ?, ?, ?, ?, ?, ?, ?, ?, ?, ?, ?, ?, ?)
make question 4548
Hibernate: insert into question (answer, choice1, choice2, choice3, choice4, choice5, content, correct, create_date, filepath, modify_date, score, subject, teacher_id, time, view) values (?, ?, ?, ?, ?, ?, ?, ?, ?, ?, ?, ?, ?, ?, ?, ?)
make question 4549
Hibernate: insert into question (answer, choice1, choice2, choice3, choice4, choice5, content, correct, create_date, filepath, modify_date, score, subject, teacher_id, time, view) values (?, ?, ?, ?, ?, ?, ?, ?, ?, ?, ?, ?, ?, ?, ?, ?)
make question 4550
Hibernate: insert into question (answer, choice1, choice2, choice3, choice4, choice5, content, correct, create_date, filepath, modify_date, score, subject, teacher_id, time, view) values (?, ?, ?, ?, ?, ?, ?, ?, ?, ?, ?, ?, ?, ?, ?, ?)
make question 4551
Hibernate: insert into question (answer, choice1, choice2, choice3, choice4, choice5, content, correct, create_date, filepath, modify_date, score, subject, teacher_id, time, view) values (?, ?, ?, ?, ?, ?, ?, ?, ?, ?, ?, ?, ?, ?, ?, ?)
make question 4552
Hibernate: insert into question (answer, choice1, choice2, choice3, choice4, choice5, content, correct, create_date, filepath, modify_date, score, subject, teacher_id, time, view) values (?, ?, ?, ?, ?, ?, ?, ?, ?, ?, ?, ?, ?, ?, ?, ?)
make question 4553
Hibernate: insert into question (answer, choice1, choice2, choice3, choice4, choice5, content, correct, create_date, filepath, modify_date, score, subject, teacher_id, time, view) values (?, ?, ?, ?, ?, ?, ?, ?, ?, ?, ?, ?, ?, ?, ?, ?)
make question 4554
Hibernate: insert into question (answer, choice1, choice2, choice3, choice4, choice5, content, correct, create_date, filepath, modify_date, score, subject, teacher_id, time, view) values (?, ?, ?, ?, ?, ?, ?, ?, ?, ?, ?, ?, ?, ?, ?, ?)
make question 4555
Hibernate: insert into question (answer, choice1, choice2, choice3, choice4, choice5, content, correct, create_date, filepath, modify_date, score, subject, teacher_id, time, view) values (?, ?, ?, ?, ?, ?, ?, ?, ?, ?, ?, ?, ?, ?, ?, ?)
make question 4556
Hibernate: insert into question (answer, choice1, choice2, choice3, choice4, choice5, content, correct, create_date, filepath, modify_date, score, subject, teacher_id, time, view) values (?, ?, ?, ?, ?, ?, ?, ?, ?, ?, ?, ?, ?, ?, ?, ?)
make question 4557
Hibernate: insert into question (answer, choice1, choice2, choice3, choice4, choice5, content, correct, create_date, filepath, modify_date, score, subject, teacher_id, time, view) values (?, ?, ?, ?, ?, ?, ?, ?, ?, ?, ?, ?, ?, ?, ?, ?)
make question 4558
Hibernate: insert into question (answer, choice1, choice2, choice3, choice4, choice5, content, correct, create_date, filepath, modify_date, score, subject, teacher_id, time, view) values (?, ?, ?, ?, ?, ?, ?, ?, ?, ?, ?, ?, ?, ?, ?, ?)
make question 4559
Hibernate: insert into question (answer, choice1, choice2, choice3, choice4, choice5, content, correct, create_date, filepath, modify_date, score, subject, teacher_id, time, view) values (?, ?, ?, ?, ?, ?, ?, ?, ?, ?, ?, ?, ?, ?, ?, ?)
make question 4560
Hibernate: insert into question (answer, choice1, choice2, choice3, choice4, choice5, content, correct, create_date, filepath, modify_date, score, subject, teacher_id, time, view) values (?, ?, ?, ?, ?, ?, ?, ?, ?, ?, ?, ?, ?, ?, ?, ?)
make question 4561
Hibernate: insert into question (answer, choice1, choice2, choice3, choice4, choice5, content, correct, create_date, filepath, modify_date, score, subject, teacher_id, time, view) values (?, ?, ?, ?, ?, ?, ?, ?, ?, ?, ?, ?, ?, ?, ?, ?)
make question 4562
Hibernate: insert into question (answer, choice1, choice2, choice3, choice4, choice5, content, correct, create_date, filepath, modify_date, score, subject, teacher_id, time, view) values (?, ?, ?, ?, ?, ?, ?, ?, ?, ?, ?, ?, ?, ?, ?, ?)
make question 4563
Hibernate: insert into question (answer, choice1, choice2, choice3, choice4, choice5, content, correct, create_date, filepath, modify_date, score, subject, teacher_id, time, view) values (?, ?, ?, ?, ?, ?, ?, ?, ?, ?, ?, ?, ?, ?, ?, ?)
make question 4564
Hibernate: insert into question (answer, choice1, choice2, choice3, choice4, choice5, content, correct, create_date, filepath, modify_date, score, subject, teacher_id, time, view) values (?, ?, ?, ?, ?, ?, ?, ?, ?, ?, ?, ?, ?, ?, ?, ?)
make question 4565
Hibernate: insert into question (answer, choice1, choice2, choice3, choice4, choice5, content, correct, create_date, filepath, modify_date, score, subject, teacher_id, time, view) values (?, ?, ?, ?, ?, ?, ?, ?, ?, ?, ?, ?, ?, ?, ?, ?)
make question 4566
Hibernate: insert into question (answer, choice1, choice2, choice3, choice4, choice5, content, correct, create_date, filepath, modify_date, score, subject, teacher_id, time, view) values (?, ?, ?, ?, ?, ?, ?, ?, ?, ?, ?, ?, ?, ?, ?, ?)
make question 4567
Hibernate: insert into question (answer, choice1, choice2, choice3, choice4, choice5, content, correct, create_date, filepath, modify_date, score, subject, teacher_id, time, view) values (?, ?, ?, ?, ?, ?, ?, ?, ?, ?, ?, ?, ?, ?, ?, ?)
make question 4568
Hibernate: insert into question (answer, choice1, choice2, choice3, choice4, choice5, content, correct, create_date, filepath, modify_date, score, subject, teacher_id, time, view) values (?, ?, ?, ?, ?, ?, ?, ?, ?, ?, ?, ?, ?, ?, ?, ?)
make question 4569
Hibernate: insert into question (answer, choice1, choice2, choice3, choice4, choice5, content, correct, create_date, filepath, modify_date, score, subject, teacher_id, time, view) values (?, ?, ?, ?, ?, ?, ?, ?, ?, ?, ?, ?, ?, ?, ?, ?)
make question 4570
Hibernate: insert into question (answer, choice1, choice2, choice3, choice4, choice5, content, correct, create_date, filepath, modify_date, score, subject, teacher_id, time, view) values (?, ?, ?, ?, ?, ?, ?, ?, ?, ?, ?, ?, ?, ?, ?, ?)
make question 4571
Hibernate: insert into question (answer, choice1, choice2, choice3, choice4, choice5, content, correct, create_date, filepath, modify_date, score, subject, teacher_id, time, view) values (?, ?, ?, ?, ?, ?, ?, ?, ?, ?, ?, ?, ?, ?, ?, ?)
make question 4572
Hibernate: insert into question (answer, choice1, choice2, choice3, choice4, choice5, content, correct, create_date, filepath, modify_date, score, subject, teacher_id, time, view) values (?, ?, ?, ?, ?, ?, ?, ?, ?, ?, ?, ?, ?, ?, ?, ?)
make question 4573
Hibernate: insert into question (answer, choice1, choice2, choice3, choice4, choice5, content, correct, create_date, filepath, modify_date, score, subject, teacher_id, time, view) values (?, ?, ?, ?, ?, ?, ?, ?, ?, ?, ?, ?, ?, ?, ?, ?)
make question 4574
Hibernate: insert into question (answer, choice1, choice2, choice3, choice4, choice5, content, correct, create_date, filepath, modify_date, score, subject, teacher_id, time, view) values (?, ?, ?, ?, ?, ?, ?, ?, ?, ?, ?, ?, ?, ?, ?, ?)
make question 4575
Hibernate: insert into question (answer, choice1, choice2, choice3, choice4, choice5, content, correct, create_date, filepath, modify_date, score, subject, teacher_id, time, view) values (?, ?, ?, ?, ?, ?, ?, ?, ?, ?, ?, ?, ?, ?, ?, ?)
make question 4576
Hibernate: insert into question (answer, choice1, choice2, choice3, choice4, choice5, content, correct, create_date, filepath, modify_date, score, subject, teacher_id, time, view) values (?, ?, ?, ?, ?, ?, ?, ?, ?, ?, ?, ?, ?, ?, ?, ?)
make question 4577
Hibernate: insert into question (answer, choice1, choice2, choice3, choice4, choice5, content, correct, create_date, filepath, modify_date, score, subject, teacher_id, time, view) values (?, ?, ?, ?, ?, ?, ?, ?, ?, ?, ?, ?, ?, ?, ?, ?)
make question 4578
Hibernate: insert into question (answer, choice1, choice2, choice3, choice4, choice5, content, correct, create_date, filepath, modify_date, score, subject, teacher_id, time, view) values (?, ?, ?, ?, ?, ?, ?, ?, ?, ?, ?, ?, ?, ?, ?, ?)
make question 4579
Hibernate: insert into question (answer, choice1, choice2, choice3, choice4, choice5, content, correct, create_date, filepath, modify_date, score, subject, teacher_id, time, view) values (?, ?, ?, ?, ?, ?, ?, ?, ?, ?, ?, ?, ?, ?, ?, ?)
make question 4580
Hibernate: insert into question (answer, choice1, choice2, choice3, choice4, choice5, content, correct, create_date, filepath, modify_date, score, subject, teacher_id, time, view) values (?, ?, ?, ?, ?, ?, ?, ?, ?, ?, ?, ?, ?, ?, ?, ?)
make question 4581
Hibernate: insert into question (answer, choice1, choice2, choice3, choice4, choice5, content, correct, create_date, filepath, modify_date, score, subject, teacher_id, time, view) values (?, ?, ?, ?, ?, ?, ?, ?, ?, ?, ?, ?, ?, ?, ?, ?)
make question 4582
Hibernate: insert into question (answer, choice1, choice2, choice3, choice4, choice5, content, correct, create_date, filepath, modify_date, score, subject, teacher_id, time, view) values (?, ?, ?, ?, ?, ?, ?, ?, ?, ?, ?, ?, ?, ?, ?, ?)
make question 4583
Hibernate: insert into question (answer, choice1, choice2, choice3, choice4, choice5, content, correct, create_date, filepath, modify_date, score, subject, teacher_id, time, view) values (?, ?, ?, ?, ?, ?, ?, ?, ?, ?, ?, ?, ?, ?, ?, ?)
make question 4584
Hibernate: insert into question (answer, choice1, choice2, choice3, choice4, choice5, content, correct, create_date, filepath, modify_date, score, subject, teacher_id, time, view) values (?, ?, ?, ?, ?, ?, ?, ?, ?, ?, ?, ?, ?, ?, ?, ?)
make question 4585
Hibernate: insert into question (answer, choice1, choice2, choice3, choice4, choice5, content, correct, create_date, filepath, modify_date, score, subject, teacher_id, time, view) values (?, ?, ?, ?, ?, ?, ?, ?, ?, ?, ?, ?, ?, ?, ?, ?)
make question 4586
Hibernate: insert into question (answer, choice1, choice2, choice3, choice4, choice5, content, correct, create_date, filepath, modify_date, score, subject, teacher_id, time, view) values (?, ?, ?, ?, ?, ?, ?, ?, ?, ?, ?, ?, ?, ?, ?, ?)
make question 4587
Hibernate: insert into question (answer, choice1, choice2, choice3, choice4, choice5, content, correct, create_date, filepath, modify_date, score, subject, teacher_id, time, view) values (?, ?, ?, ?, ?, ?, ?, ?, ?, ?, ?, ?, ?, ?, ?, ?)
make question 4588
Hibernate: insert into question (answer, choice1, choice2, choice3, choice4, choice5, content, correct, create_date, filepath, modify_date, score, subject, teacher_id, time, view) values (?, ?, ?, ?, ?, ?, ?, ?, ?, ?, ?, ?, ?, ?, ?, ?)
make question 4589
Hibernate: insert into question (answer, choice1, choice2, choice3, choice4, choice5, content, correct, create_date, filepath, modify_date, score, subject, teacher_id, time, view) values (?, ?, ?, ?, ?, ?, ?, ?, ?, ?, ?, ?, ?, ?, ?, ?)
make question 4590
Hibernate: insert into question (answer, choice1, choice2, choice3, choice4, choice5, content, correct, create_date, filepath, modify_date, score, subject, teacher_id, time, view) values (?, ?, ?, ?, ?, ?, ?, ?, ?, ?, ?, ?, ?, ?, ?, ?)
make question 4591
Hibernate: insert into question (answer, choice1, choice2, choice3, choice4, choice5, content, correct, create_date, filepath, modify_date, score, subject, teacher_id, time, view) values (?, ?, ?, ?, ?, ?, ?, ?, ?, ?, ?, ?, ?, ?, ?, ?)
make question 4592
Hibernate: insert into question (answer, choice1, choice2, choice3, choice4, choice5, content, correct, create_date, filepath, modify_date, score, subject, teacher_id, time, view) values (?, ?, ?, ?, ?, ?, ?, ?, ?, ?, ?, ?, ?, ?, ?, ?)
make question 4593
Hibernate: insert into question (answer, choice1, choice2, choice3, choice4, choice5, content, correct, create_date, filepath, modify_date, score, subject, teacher_id, time, view) values (?, ?, ?, ?, ?, ?, ?, ?, ?, ?, ?, ?, ?, ?, ?, ?)
make question 4594
Hibernate: insert into question (answer, choice1, choice2, choice3, choice4, choice5, content, correct, create_date, filepath, modify_date, score, subject, teacher_id, time, view) values (?, ?, ?, ?, ?, ?, ?, ?, ?, ?, ?, ?, ?, ?, ?, ?)
make question 4595
Hibernate: insert into question (answer, choice1, choice2, choice3, choice4, choice5, content, correct, create_date, filepath, modify_date, score, subject, teacher_id, time, view) values (?, ?, ?, ?, ?, ?, ?, ?, ?, ?, ?, ?, ?, ?, ?, ?)
make question 4596
Hibernate: insert into question (answer, choice1, choice2, choice3, choice4, choice5, content, correct, create_date, filepath, modify_date, score, subject, teacher_id, time, view) values (?, ?, ?, ?, ?, ?, ?, ?, ?, ?, ?, ?, ?, ?, ?, ?)
make question 4597
Hibernate: insert into question (answer, choice1, choice2, choice3, choice4, choice5, content, correct, create_date, filepath, modify_date, score, subject, teacher_id, time, view) values (?, ?, ?, ?, ?, ?, ?, ?, ?, ?, ?, ?, ?, ?, ?, ?)
make question 4598
Hibernate: insert into question (answer, choice1, choice2, choice3, choice4, choice5, content, correct, create_date, filepath, modify_date, score, subject, teacher_id, time, view) values (?, ?, ?, ?, ?, ?, ?, ?, ?, ?, ?, ?, ?, ?, ?, ?)
make question 4599
Hibernate: insert into question (answer, choice1, choice2, choice3, choice4, choice5, content, correct, create_date, filepath, modify_date, score, subject, teacher_id, time, view) values (?, ?, ?, ?, ?, ?, ?, ?, ?, ?, ?, ?, ?, ?, ?, ?)
make question 4600
Hibernate: insert into question (answer, choice1, choice2, choice3, choice4, choice5, content, correct, create_date, filepath, modify_date, score, subject, teacher_id, time, view) values (?, ?, ?, ?, ?, ?, ?, ?, ?, ?, ?, ?, ?, ?, ?, ?)
make question 4601
Hibernate: insert into question (answer, choice1, choice2, choice3, choice4, choice5, content, correct, create_date, filepath, modify_date, score, subject, teacher_id, time, view) values (?, ?, ?, ?, ?, ?, ?, ?, ?, ?, ?, ?, ?, ?, ?, ?)
make question 4602
Hibernate: insert into question (answer, choice1, choice2, choice3, choice4, choice5, content, correct, create_date, filepath, modify_date, score, subject, teacher_id, time, view) values (?, ?, ?, ?, ?, ?, ?, ?, ?, ?, ?, ?, ?, ?, ?, ?)
make question 4603
Hibernate: insert into question (answer, choice1, choice2, choice3, choice4, choice5, content, correct, create_date, filepath, modify_date, score, subject, teacher_id, time, view) values (?, ?, ?, ?, ?, ?, ?, ?, ?, ?, ?, ?, ?, ?, ?, ?)
make question 4604
Hibernate: insert into question (answer, choice1, choice2, choice3, choice4, choice5, content, correct, create_date, filepath, modify_date, score, subject, teacher_id, time, view) values (?, ?, ?, ?, ?, ?, ?, ?, ?, ?, ?, ?, ?, ?, ?, ?)
make question 4605
Hibernate: insert into question (answer, choice1, choice2, choice3, choice4, choice5, content, correct, create_date, filepath, modify_date, score, subject, teacher_id, time, view) values (?, ?, ?, ?, ?, ?, ?, ?, ?, ?, ?, ?, ?, ?, ?, ?)
make question 4606
Hibernate: insert into question (answer, choice1, choice2, choice3, choice4, choice5, content, correct, create_date, filepath, modify_date, score, subject, teacher_id, time, view) values (?, ?, ?, ?, ?, ?, ?, ?, ?, ?, ?, ?, ?, ?, ?, ?)
make question 4607
Hibernate: insert into question (answer, choice1, choice2, choice3, choice4, choice5, content, correct, create_date, filepath, modify_date, score, subject, teacher_id, time, view) values (?, ?, ?, ?, ?, ?, ?, ?, ?, ?, ?, ?, ?, ?, ?, ?)
make question 4608
Hibernate: insert into question (answer, choice1, choice2, choice3, choice4, choice5, content, correct, create_date, filepath, modify_date, score, subject, teacher_id, time, view) values (?, ?, ?, ?, ?, ?, ?, ?, ?, ?, ?, ?, ?, ?, ?, ?)
make question 4609
Hibernate: insert into question (answer, choice1, choice2, choice3, choice4, choice5, content, correct, create_date, filepath, modify_date, score, subject, teacher_id, time, view) values (?, ?, ?, ?, ?, ?, ?, ?, ?, ?, ?, ?, ?, ?, ?, ?)
make question 4610
Hibernate: insert into question (answer, choice1, choice2, choice3, choice4, choice5, content, correct, create_date, filepath, modify_date, score, subject, teacher_id, time, view) values (?, ?, ?, ?, ?, ?, ?, ?, ?, ?, ?, ?, ?, ?, ?, ?)
make question 4611
Hibernate: insert into question (answer, choice1, choice2, choice3, choice4, choice5, content, correct, create_date, filepath, modify_date, score, subject, teacher_id, time, view) values (?, ?, ?, ?, ?, ?, ?, ?, ?, ?, ?, ?, ?, ?, ?, ?)
make question 4612
Hibernate: insert into question (answer, choice1, choice2, choice3, choice4, choice5, content, correct, create_date, filepath, modify_date, score, subject, teacher_id, time, view) values (?, ?, ?, ?, ?, ?, ?, ?, ?, ?, ?, ?, ?, ?, ?, ?)
make question 4613
Hibernate: insert into question (answer, choice1, choice2, choice3, choice4, choice5, content, correct, create_date, filepath, modify_date, score, subject, teacher_id, time, view) values (?, ?, ?, ?, ?, ?, ?, ?, ?, ?, ?, ?, ?, ?, ?, ?)
make question 4614
Hibernate: insert into question (answer, choice1, choice2, choice3, choice4, choice5, content, correct, create_date, filepath, modify_date, score, subject, teacher_id, time, view) values (?, ?, ?, ?, ?, ?, ?, ?, ?, ?, ?, ?, ?, ?, ?, ?)
make question 4615
Hibernate: insert into question (answer, choice1, choice2, choice3, choice4, choice5, content, correct, create_date, filepath, modify_date, score, subject, teacher_id, time, view) values (?, ?, ?, ?, ?, ?, ?, ?, ?, ?, ?, ?, ?, ?, ?, ?)
make question 4616
Hibernate: insert into question (answer, choice1, choice2, choice3, choice4, choice5, content, correct, create_date, filepath, modify_date, score, subject, teacher_id, time, view) values (?, ?, ?, ?, ?, ?, ?, ?, ?, ?, ?, ?, ?, ?, ?, ?)
make question 4617
Hibernate: insert into question (answer, choice1, choice2, choice3, choice4, choice5, content, correct, create_date, filepath, modify_date, score, subject, teacher_id, time, view) values (?, ?, ?, ?, ?, ?, ?, ?, ?, ?, ?, ?, ?, ?, ?, ?)
make question 4618
Hibernate: insert into question (answer, choice1, choice2, choice3, choice4, choice5, content, correct, create_date, filepath, modify_date, score, subject, teacher_id, time, view) values (?, ?, ?, ?, ?, ?, ?, ?, ?, ?, ?, ?, ?, ?, ?, ?)
make question 4619
Hibernate: insert into question (answer, choice1, choice2, choice3, choice4, choice5, content, correct, create_date, filepath, modify_date, score, subject, teacher_id, time, view) values (?, ?, ?, ?, ?, ?, ?, ?, ?, ?, ?, ?, ?, ?, ?, ?)
make question 4620
Hibernate: insert into question (answer, choice1, choice2, choice3, choice4, choice5, content, correct, create_date, filepath, modify_date, score, subject, teacher_id, time, view) values (?, ?, ?, ?, ?, ?, ?, ?, ?, ?, ?, ?, ?, ?, ?, ?)
make question 4621
Hibernate: insert into question (answer, choice1, choice2, choice3, choice4, choice5, content, correct, create_date, filepath, modify_date, score, subject, teacher_id, time, view) values (?, ?, ?, ?, ?, ?, ?, ?, ?, ?, ?, ?, ?, ?, ?, ?)
make question 4622
Hibernate: insert into question (answer, choice1, choice2, choice3, choice4, choice5, content, correct, create_date, filepath, modify_date, score, subject, teacher_id, time, view) values (?, ?, ?, ?, ?, ?, ?, ?, ?, ?, ?, ?, ?, ?, ?, ?)
make question 4623
Hibernate: insert into question (answer, choice1, choice2, choice3, choice4, choice5, content, correct, create_date, filepath, modify_date, score, subject, teacher_id, time, view) values (?, ?, ?, ?, ?, ?, ?, ?, ?, ?, ?, ?, ?, ?, ?, ?)
make question 4624
Hibernate: insert into question (answer, choice1, choice2, choice3, choice4, choice5, content, correct, create_date, filepath, modify_date, score, subject, teacher_id, time, view) values (?, ?, ?, ?, ?, ?, ?, ?, ?, ?, ?, ?, ?, ?, ?, ?)
make question 4625
Hibernate: insert into question (answer, choice1, choice2, choice3, choice4, choice5, content, correct, create_date, filepath, modify_date, score, subject, teacher_id, time, view) values (?, ?, ?, ?, ?, ?, ?, ?, ?, ?, ?, ?, ?, ?, ?, ?)
make question 4626
Hibernate: insert into question (answer, choice1, choice2, choice3, choice4, choice5, content, correct, create_date, filepath, modify_date, score, subject, teacher_id, time, view) values (?, ?, ?, ?, ?, ?, ?, ?, ?, ?, ?, ?, ?, ?, ?, ?)
make question 4627
Hibernate: insert into question (answer, choice1, choice2, choice3, choice4, choice5, content, correct, create_date, filepath, modify_date, score, subject, teacher_id, time, view) values (?, ?, ?, ?, ?, ?, ?, ?, ?, ?, ?, ?, ?, ?, ?, ?)
make question 4628
Hibernate: insert into question (answer, choice1, choice2, choice3, choice4, choice5, content, correct, create_date, filepath, modify_date, score, subject, teacher_id, time, view) values (?, ?, ?, ?, ?, ?, ?, ?, ?, ?, ?, ?, ?, ?, ?, ?)
make question 4629
Hibernate: insert into question (answer, choice1, choice2, choice3, choice4, choice5, content, correct, create_date, filepath, modify_date, score, subject, teacher_id, time, view) values (?, ?, ?, ?, ?, ?, ?, ?, ?, ?, ?, ?, ?, ?, ?, ?)
make question 4630
Hibernate: insert into question (answer, choice1, choice2, choice3, choice4, choice5, content, correct, create_date, filepath, modify_date, score, subject, teacher_id, time, view) values (?, ?, ?, ?, ?, ?, ?, ?, ?, ?, ?, ?, ?, ?, ?, ?)
make question 4631
Hibernate: insert into question (answer, choice1, choice2, choice3, choice4, choice5, content, correct, create_date, filepath, modify_date, score, subject, teacher_id, time, view) values (?, ?, ?, ?, ?, ?, ?, ?, ?, ?, ?, ?, ?, ?, ?, ?)
make question 4632
Hibernate: insert into question (answer, choice1, choice2, choice3, choice4, choice5, content, correct, create_date, filepath, modify_date, score, subject, teacher_id, time, view) values (?, ?, ?, ?, ?, ?, ?, ?, ?, ?, ?, ?, ?, ?, ?, ?)
make question 4633
Hibernate: insert into question (answer, choice1, choice2, choice3, choice4, choice5, content, correct, create_date, filepath, modify_date, score, subject, teacher_id, time, view) values (?, ?, ?, ?, ?, ?, ?, ?, ?, ?, ?, ?, ?, ?, ?, ?)
make question 4634
Hibernate: insert into question (answer, choice1, choice2, choice3, choice4, choice5, content, correct, create_date, filepath, modify_date, score, subject, teacher_id, time, view) values (?, ?, ?, ?, ?, ?, ?, ?, ?, ?, ?, ?, ?, ?, ?, ?)
make question 4635
Hibernate: insert into question (answer, choice1, choice2, choice3, choice4, choice5, content, correct, create_date, filepath, modify_date, score, subject, teacher_id, time, view) values (?, ?, ?, ?, ?, ?, ?, ?, ?, ?, ?, ?, ?, ?, ?, ?)
make question 4636
Hibernate: insert into question (answer, choice1, choice2, choice3, choice4, choice5, content, correct, create_date, filepath, modify_date, score, subject, teacher_id, time, view) values (?, ?, ?, ?, ?, ?, ?, ?, ?, ?, ?, ?, ?, ?, ?, ?)
make question 4637
Hibernate: insert into question (answer, choice1, choice2, choice3, choice4, choice5, content, correct, create_date, filepath, modify_date, score, subject, teacher_id, time, view) values (?, ?, ?, ?, ?, ?, ?, ?, ?, ?, ?, ?, ?, ?, ?, ?)
make question 4638
Hibernate: insert into question (answer, choice1, choice2, choice3, choice4, choice5, content, correct, create_date, filepath, modify_date, score, subject, teacher_id, time, view) values (?, ?, ?, ?, ?, ?, ?, ?, ?, ?, ?, ?, ?, ?, ?, ?)
make question 4639
Hibernate: insert into question (answer, choice1, choice2, choice3, choice4, choice5, content, correct, create_date, filepath, modify_date, score, subject, teacher_id, time, view) values (?, ?, ?, ?, ?, ?, ?, ?, ?, ?, ?, ?, ?, ?, ?, ?)
make question 4640
Hibernate: insert into question (answer, choice1, choice2, choice3, choice4, choice5, content, correct, create_date, filepath, modify_date, score, subject, teacher_id, time, view) values (?, ?, ?, ?, ?, ?, ?, ?, ?, ?, ?, ?, ?, ?, ?, ?)
make question 4641
Hibernate: insert into question (answer, choice1, choice2, choice3, choice4, choice5, content, correct, create_date, filepath, modify_date, score, subject, teacher_id, time, view) values (?, ?, ?, ?, ?, ?, ?, ?, ?, ?, ?, ?, ?, ?, ?, ?)
make question 4642
Hibernate: insert into question (answer, choice1, choice2, choice3, choice4, choice5, content, correct, create_date, filepath, modify_date, score, subject, teacher_id, time, view) values (?, ?, ?, ?, ?, ?, ?, ?, ?, ?, ?, ?, ?, ?, ?, ?)
make question 4643
Hibernate: insert into question (answer, choice1, choice2, choice3, choice4, choice5, content, correct, create_date, filepath, modify_date, score, subject, teacher_id, time, view) values (?, ?, ?, ?, ?, ?, ?, ?, ?, ?, ?, ?, ?, ?, ?, ?)
make question 4644
Hibernate: insert into question (answer, choice1, choice2, choice3, choice4, choice5, content, correct, create_date, filepath, modify_date, score, subject, teacher_id, time, view) values (?, ?, ?, ?, ?, ?, ?, ?, ?, ?, ?, ?, ?, ?, ?, ?)
make question 4645
Hibernate: insert into question (answer, choice1, choice2, choice3, choice4, choice5, content, correct, create_date, filepath, modify_date, score, subject, teacher_id, time, view) values (?, ?, ?, ?, ?, ?, ?, ?, ?, ?, ?, ?, ?, ?, ?, ?)
make question 4646
Hibernate: insert into question (answer, choice1, choice2, choice3, choice4, choice5, content, correct, create_date, filepath, modify_date, score, subject, teacher_id, time, view) values (?, ?, ?, ?, ?, ?, ?, ?, ?, ?, ?, ?, ?, ?, ?, ?)
make question 4647
Hibernate: insert into question (answer, choice1, choice2, choice3, choice4, choice5, content, correct, create_date, filepath, modify_date, score, subject, teacher_id, time, view) values (?, ?, ?, ?, ?, ?, ?, ?, ?, ?, ?, ?, ?, ?, ?, ?)
make question 4648
Hibernate: insert into question (answer, choice1, choice2, choice3, choice4, choice5, content, correct, create_date, filepath, modify_date, score, subject, teacher_id, time, view) values (?, ?, ?, ?, ?, ?, ?, ?, ?, ?, ?, ?, ?, ?, ?, ?)
make question 4649
Hibernate: insert into question (answer, choice1, choice2, choice3, choice4, choice5, content, correct, create_date, filepath, modify_date, score, subject, teacher_id, time, view) values (?, ?, ?, ?, ?, ?, ?, ?, ?, ?, ?, ?, ?, ?, ?, ?)
make question 4650
Hibernate: insert into question (answer, choice1, choice2, choice3, choice4, choice5, content, correct, create_date, filepath, modify_date, score, subject, teacher_id, time, view) values (?, ?, ?, ?, ?, ?, ?, ?, ?, ?, ?, ?, ?, ?, ?, ?)
make question 4651
Hibernate: insert into question (answer, choice1, choice2, choice3, choice4, choice5, content, correct, create_date, filepath, modify_date, score, subject, teacher_id, time, view) values (?, ?, ?, ?, ?, ?, ?, ?, ?, ?, ?, ?, ?, ?, ?, ?)
make question 4652
Hibernate: insert into question (answer, choice1, choice2, choice3, choice4, choice5, content, correct, create_date, filepath, modify_date, score, subject, teacher_id, time, view) values (?, ?, ?, ?, ?, ?, ?, ?, ?, ?, ?, ?, ?, ?, ?, ?)
make question 4653
Hibernate: insert into question (answer, choice1, choice2, choice3, choice4, choice5, content, correct, create_date, filepath, modify_date, score, subject, teacher_id, time, view) values (?, ?, ?, ?, ?, ?, ?, ?, ?, ?, ?, ?, ?, ?, ?, ?)
make question 4654
Hibernate: insert into question (answer, choice1, choice2, choice3, choice4, choice5, content, correct, create_date, filepath, modify_date, score, subject, teacher_id, time, view) values (?, ?, ?, ?, ?, ?, ?, ?, ?, ?, ?, ?, ?, ?, ?, ?)
make question 4655
Hibernate: insert into question (answer, choice1, choice2, choice3, choice4, choice5, content, correct, create_date, filepath, modify_date, score, subject, teacher_id, time, view) values (?, ?, ?, ?, ?, ?, ?, ?, ?, ?, ?, ?, ?, ?, ?, ?)
make question 4656
Hibernate: insert into question (answer, choice1, choice2, choice3, choice4, choice5, content, correct, create_date, filepath, modify_date, score, subject, teacher_id, time, view) values (?, ?, ?, ?, ?, ?, ?, ?, ?, ?, ?, ?, ?, ?, ?, ?)
make question 4657
Hibernate: insert into question (answer, choice1, choice2, choice3, choice4, choice5, content, correct, create_date, filepath, modify_date, score, subject, teacher_id, time, view) values (?, ?, ?, ?, ?, ?, ?, ?, ?, ?, ?, ?, ?, ?, ?, ?)
make question 4658
Hibernate: insert into question (answer, choice1, choice2, choice3, choice4, choice5, content, correct, create_date, filepath, modify_date, score, subject, teacher_id, time, view) values (?, ?, ?, ?, ?, ?, ?, ?, ?, ?, ?, ?, ?, ?, ?, ?)
make question 4659
Hibernate: insert into question (answer, choice1, choice2, choice3, choice4, choice5, content, correct, create_date, filepath, modify_date, score, subject, teacher_id, time, view) values (?, ?, ?, ?, ?, ?, ?, ?, ?, ?, ?, ?, ?, ?, ?, ?)
make question 4660
Hibernate: insert into question (answer, choice1, choice2, choice3, choice4, choice5, content, correct, create_date, filepath, modify_date, score, subject, teacher_id, time, view) values (?, ?, ?, ?, ?, ?, ?, ?, ?, ?, ?, ?, ?, ?, ?, ?)
make question 4661
Hibernate: insert into question (answer, choice1, choice2, choice3, choice4, choice5, content, correct, create_date, filepath, modify_date, score, subject, teacher_id, time, view) values (?, ?, ?, ?, ?, ?, ?, ?, ?, ?, ?, ?, ?, ?, ?, ?)
make question 4662
Hibernate: insert into question (answer, choice1, choice2, choice3, choice4, choice5, content, correct, create_date, filepath, modify_date, score, subject, teacher_id, time, view) values (?, ?, ?, ?, ?, ?, ?, ?, ?, ?, ?, ?, ?, ?, ?, ?)
make question 4663
Hibernate: insert into question (answer, choice1, choice2, choice3, choice4, choice5, content, correct, create_date, filepath, modify_date, score, subject, teacher_id, time, view) values (?, ?, ?, ?, ?, ?, ?, ?, ?, ?, ?, ?, ?, ?, ?, ?)
make question 4664
Hibernate: insert into question (answer, choice1, choice2, choice3, choice4, choice5, content, correct, create_date, filepath, modify_date, score, subject, teacher_id, time, view) values (?, ?, ?, ?, ?, ?, ?, ?, ?, ?, ?, ?, ?, ?, ?, ?)
make question 4665
Hibernate: insert into question (answer, choice1, choice2, choice3, choice4, choice5, content, correct, create_date, filepath, modify_date, score, subject, teacher_id, time, view) values (?, ?, ?, ?, ?, ?, ?, ?, ?, ?, ?, ?, ?, ?, ?, ?)
make question 4666
Hibernate: insert into question (answer, choice1, choice2, choice3, choice4, choice5, content, correct, create_date, filepath, modify_date, score, subject, teacher_id, time, view) values (?, ?, ?, ?, ?, ?, ?, ?, ?, ?, ?, ?, ?, ?, ?, ?)
make question 4667
Hibernate: insert into question (answer, choice1, choice2, choice3, choice4, choice5, content, correct, create_date, filepath, modify_date, score, subject, teacher_id, time, view) values (?, ?, ?, ?, ?, ?, ?, ?, ?, ?, ?, ?, ?, ?, ?, ?)
make question 4668
Hibernate: insert into question (answer, choice1, choice2, choice3, choice4, choice5, content, correct, create_date, filepath, modify_date, score, subject, teacher_id, time, view) values (?, ?, ?, ?, ?, ?, ?, ?, ?, ?, ?, ?, ?, ?, ?, ?)
make question 4669
Hibernate: insert into question (answer, choice1, choice2, choice3, choice4, choice5, content, correct, create_date, filepath, modify_date, score, subject, teacher_id, time, view) values (?, ?, ?, ?, ?, ?, ?, ?, ?, ?, ?, ?, ?, ?, ?, ?)
make question 4670
Hibernate: insert into question (answer, choice1, choice2, choice3, choice4, choice5, content, correct, create_date, filepath, modify_date, score, subject, teacher_id, time, view) values (?, ?, ?, ?, ?, ?, ?, ?, ?, ?, ?, ?, ?, ?, ?, ?)
make question 4671
Hibernate: insert into question (answer, choice1, choice2, choice3, choice4, choice5, content, correct, create_date, filepath, modify_date, score, subject, teacher_id, time, view) values (?, ?, ?, ?, ?, ?, ?, ?, ?, ?, ?, ?, ?, ?, ?, ?)
make question 4672
Hibernate: insert into question (answer, choice1, choice2, choice3, choice4, choice5, content, correct, create_date, filepath, modify_date, score, subject, teacher_id, time, view) values (?, ?, ?, ?, ?, ?, ?, ?, ?, ?, ?, ?, ?, ?, ?, ?)
make question 4673
Hibernate: insert into question (answer, choice1, choice2, choice3, choice4, choice5, content, correct, create_date, filepath, modify_date, score, subject, teacher_id, time, view) values (?, ?, ?, ?, ?, ?, ?, ?, ?, ?, ?, ?, ?, ?, ?, ?)
make question 4674
Hibernate: insert into question (answer, choice1, choice2, choice3, choice4, choice5, content, correct, create_date, filepath, modify_date, score, subject, teacher_id, time, view) values (?, ?, ?, ?, ?, ?, ?, ?, ?, ?, ?, ?, ?, ?, ?, ?)
make question 4675
Hibernate: insert into question (answer, choice1, choice2, choice3, choice4, choice5, content, correct, create_date, filepath, modify_date, score, subject, teacher_id, time, view) values (?, ?, ?, ?, ?, ?, ?, ?, ?, ?, ?, ?, ?, ?, ?, ?)
make question 4676
Hibernate: insert into question (answer, choice1, choice2, choice3, choice4, choice5, content, correct, create_date, filepath, modify_date, score, subject, teacher_id, time, view) values (?, ?, ?, ?, ?, ?, ?, ?, ?, ?, ?, ?, ?, ?, ?, ?)
make question 4677
Hibernate: insert into question (answer, choice1, choice2, choice3, choice4, choice5, content, correct, create_date, filepath, modify_date, score, subject, teacher_id, time, view) values (?, ?, ?, ?, ?, ?, ?, ?, ?, ?, ?, ?, ?, ?, ?, ?)
make question 4678
Hibernate: insert into question (answer, choice1, choice2, choice3, choice4, choice5, content, correct, create_date, filepath, modify_date, score, subject, teacher_id, time, view) values (?, ?, ?, ?, ?, ?, ?, ?, ?, ?, ?, ?, ?, ?, ?, ?)
make question 4679
Hibernate: insert into question (answer, choice1, choice2, choice3, choice4, choice5, content, correct, create_date, filepath, modify_date, score, subject, teacher_id, time, view) values (?, ?, ?, ?, ?, ?, ?, ?, ?, ?, ?, ?, ?, ?, ?, ?)
make question 4680
Hibernate: insert into question (answer, choice1, choice2, choice3, choice4, choice5, content, correct, create_date, filepath, modify_date, score, subject, teacher_id, time, view) values (?, ?, ?, ?, ?, ?, ?, ?, ?, ?, ?, ?, ?, ?, ?, ?)
make question 4681
Hibernate: insert into question (answer, choice1, choice2, choice3, choice4, choice5, content, correct, create_date, filepath, modify_date, score, subject, teacher_id, time, view) values (?, ?, ?, ?, ?, ?, ?, ?, ?, ?, ?, ?, ?, ?, ?, ?)
make question 4682
Hibernate: insert into question (answer, choice1, choice2, choice3, choice4, choice5, content, correct, create_date, filepath, modify_date, score, subject, teacher_id, time, view) values (?, ?, ?, ?, ?, ?, ?, ?, ?, ?, ?, ?, ?, ?, ?, ?)
make question 4683
Hibernate: insert into question (answer, choice1, choice2, choice3, choice4, choice5, content, correct, create_date, filepath, modify_date, score, subject, teacher_id, time, view) values (?, ?, ?, ?, ?, ?, ?, ?, ?, ?, ?, ?, ?, ?, ?, ?)
make question 4684
Hibernate: insert into question (answer, choice1, choice2, choice3, choice4, choice5, content, correct, create_date, filepath, modify_date, score, subject, teacher_id, time, view) values (?, ?, ?, ?, ?, ?, ?, ?, ?, ?, ?, ?, ?, ?, ?, ?)
make question 4685
Hibernate: insert into question (answer, choice1, choice2, choice3, choice4, choice5, content, correct, create_date, filepath, modify_date, score, subject, teacher_id, time, view) values (?, ?, ?, ?, ?, ?, ?, ?, ?, ?, ?, ?, ?, ?, ?, ?)
make question 4686
Hibernate: insert into question (answer, choice1, choice2, choice3, choice4, choice5, content, correct, create_date, filepath, modify_date, score, subject, teacher_id, time, view) values (?, ?, ?, ?, ?, ?, ?, ?, ?, ?, ?, ?, ?, ?, ?, ?)
make question 4687
Hibernate: insert into question (answer, choice1, choice2, choice3, choice4, choice5, content, correct, create_date, filepath, modify_date, score, subject, teacher_id, time, view) values (?, ?, ?, ?, ?, ?, ?, ?, ?, ?, ?, ?, ?, ?, ?, ?)
make question 4688
Hibernate: insert into question (answer, choice1, choice2, choice3, choice4, choice5, content, correct, create_date, filepath, modify_date, score, subject, teacher_id, time, view) values (?, ?, ?, ?, ?, ?, ?, ?, ?, ?, ?, ?, ?, ?, ?, ?)
make question 4689
Hibernate: insert into question (answer, choice1, choice2, choice3, choice4, choice5, content, correct, create_date, filepath, modify_date, score, subject, teacher_id, time, view) values (?, ?, ?, ?, ?, ?, ?, ?, ?, ?, ?, ?, ?, ?, ?, ?)
make question 4690
Hibernate: insert into question (answer, choice1, choice2, choice3, choice4, choice5, content, correct, create_date, filepath, modify_date, score, subject, teacher_id, time, view) values (?, ?, ?, ?, ?, ?, ?, ?, ?, ?, ?, ?, ?, ?, ?, ?)
make question 4691
Hibernate: insert into question (answer, choice1, choice2, choice3, choice4, choice5, content, correct, create_date, filepath, modify_date, score, subject, teacher_id, time, view) values (?, ?, ?, ?, ?, ?, ?, ?, ?, ?, ?, ?, ?, ?, ?, ?)
make question 4692
Hibernate: insert into question (answer, choice1, choice2, choice3, choice4, choice5, content, correct, create_date, filepath, modify_date, score, subject, teacher_id, time, view) values (?, ?, ?, ?, ?, ?, ?, ?, ?, ?, ?, ?, ?, ?, ?, ?)
make question 4693
Hibernate: insert into question (answer, choice1, choice2, choice3, choice4, choice5, content, correct, create_date, filepath, modify_date, score, subject, teacher_id, time, view) values (?, ?, ?, ?, ?, ?, ?, ?, ?, ?, ?, ?, ?, ?, ?, ?)
make question 4694
Hibernate: insert into question (answer, choice1, choice2, choice3, choice4, choice5, content, correct, create_date, filepath, modify_date, score, subject, teacher_id, time, view) values (?, ?, ?, ?, ?, ?, ?, ?, ?, ?, ?, ?, ?, ?, ?, ?)
make question 4695
Hibernate: insert into question (answer, choice1, choice2, choice3, choice4, choice5, content, correct, create_date, filepath, modify_date, score, subject, teacher_id, time, view) values (?, ?, ?, ?, ?, ?, ?, ?, ?, ?, ?, ?, ?, ?, ?, ?)
make question 4696
Hibernate: insert into question (answer, choice1, choice2, choice3, choice4, choice5, content, correct, create_date, filepath, modify_date, score, subject, teacher_id, time, view) values (?, ?, ?, ?, ?, ?, ?, ?, ?, ?, ?, ?, ?, ?, ?, ?)
make question 4697
Hibernate: insert into question (answer, choice1, choice2, choice3, choice4, choice5, content, correct, create_date, filepath, modify_date, score, subject, teacher_id, time, view) values (?, ?, ?, ?, ?, ?, ?, ?, ?, ?, ?, ?, ?, ?, ?, ?)
make question 4698
Hibernate: insert into question (answer, choice1, choice2, choice3, choice4, choice5, content, correct, create_date, filepath, modify_date, score, subject, teacher_id, time, view) values (?, ?, ?, ?, ?, ?, ?, ?, ?, ?, ?, ?, ?, ?, ?, ?)
make question 4699
Hibernate: insert into question (answer, choice1, choice2, choice3, choice4, choice5, content, correct, create_date, filepath, modify_date, score, subject, teacher_id, time, view) values (?, ?, ?, ?, ?, ?, ?, ?, ?, ?, ?, ?, ?, ?, ?, ?)
make question 4700
Hibernate: insert into question (answer, choice1, choice2, choice3, choice4, choice5, content, correct, create_date, filepath, modify_date, score, subject, teacher_id, time, view) values (?, ?, ?, ?, ?, ?, ?, ?, ?, ?, ?, ?, ?, ?, ?, ?)
make question 4701
Hibernate: insert into question (answer, choice1, choice2, choice3, choice4, choice5, content, correct, create_date, filepath, modify_date, score, subject, teacher_id, time, view) values (?, ?, ?, ?, ?, ?, ?, ?, ?, ?, ?, ?, ?, ?, ?, ?)
make question 4702
Hibernate: insert into question (answer, choice1, choice2, choice3, choice4, choice5, content, correct, create_date, filepath, modify_date, score, subject, teacher_id, time, view) values (?, ?, ?, ?, ?, ?, ?, ?, ?, ?, ?, ?, ?, ?, ?, ?)
make question 4703
Hibernate: insert into question (answer, choice1, choice2, choice3, choice4, choice5, content, correct, create_date, filepath, modify_date, score, subject, teacher_id, time, view) values (?, ?, ?, ?, ?, ?, ?, ?, ?, ?, ?, ?, ?, ?, ?, ?)
make question 4704
Hibernate: insert into question (answer, choice1, choice2, choice3, choice4, choice5, content, correct, create_date, filepath, modify_date, score, subject, teacher_id, time, view) values (?, ?, ?, ?, ?, ?, ?, ?, ?, ?, ?, ?, ?, ?, ?, ?)
make question 4705
Hibernate: insert into question (answer, choice1, choice2, choice3, choice4, choice5, content, correct, create_date, filepath, modify_date, score, subject, teacher_id, time, view) values (?, ?, ?, ?, ?, ?, ?, ?, ?, ?, ?, ?, ?, ?, ?, ?)
make question 4706
Hibernate: insert into question (answer, choice1, choice2, choice3, choice4, choice5, content, correct, create_date, filepath, modify_date, score, subject, teacher_id, time, view) values (?, ?, ?, ?, ?, ?, ?, ?, ?, ?, ?, ?, ?, ?, ?, ?)
make question 4707
Hibernate: insert into question (answer, choice1, choice2, choice3, choice4, choice5, content, correct, create_date, filepath, modify_date, score, subject, teacher_id, time, view) values (?, ?, ?, ?, ?, ?, ?, ?, ?, ?, ?, ?, ?, ?, ?, ?)
make question 4708
Hibernate: insert into question (answer, choice1, choice2, choice3, choice4, choice5, content, correct, create_date, filepath, modify_date, score, subject, teacher_id, time, view) values (?, ?, ?, ?, ?, ?, ?, ?, ?, ?, ?, ?, ?, ?, ?, ?)
make question 4709
Hibernate: insert into question (answer, choice1, choice2, choice3, choice4, choice5, content, correct, create_date, filepath, modify_date, score, subject, teacher_id, time, view) values (?, ?, ?, ?, ?, ?, ?, ?, ?, ?, ?, ?, ?, ?, ?, ?)
make question 4710
Hibernate: insert into question (answer, choice1, choice2, choice3, choice4, choice5, content, correct, create_date, filepath, modify_date, score, subject, teacher_id, time, view) values (?, ?, ?, ?, ?, ?, ?, ?, ?, ?, ?, ?, ?, ?, ?, ?)
make question 4711
Hibernate: insert into question (answer, choice1, choice2, choice3, choice4, choice5, content, correct, create_date, filepath, modify_date, score, subject, teacher_id, time, view) values (?, ?, ?, ?, ?, ?, ?, ?, ?, ?, ?, ?, ?, ?, ?, ?)
make question 4712
Hibernate: insert into question (answer, choice1, choice2, choice3, choice4, choice5, content, correct, create_date, filepath, modify_date, score, subject, teacher_id, time, view) values (?, ?, ?, ?, ?, ?, ?, ?, ?, ?, ?, ?, ?, ?, ?, ?)
make question 4713
Hibernate: insert into question (answer, choice1, choice2, choice3, choice4, choice5, content, correct, create_date, filepath, modify_date, score, subject, teacher_id, time, view) values (?, ?, ?, ?, ?, ?, ?, ?, ?, ?, ?, ?, ?, ?, ?, ?)
make question 4714
Hibernate: insert into question (answer, choice1, choice2, choice3, choice4, choice5, content, correct, create_date, filepath, modify_date, score, subject, teacher_id, time, view) values (?, ?, ?, ?, ?, ?, ?, ?, ?, ?, ?, ?, ?, ?, ?, ?)
make question 4715
Hibernate: insert into question (answer, choice1, choice2, choice3, choice4, choice5, content, correct, create_date, filepath, modify_date, score, subject, teacher_id, time, view) values (?, ?, ?, ?, ?, ?, ?, ?, ?, ?, ?, ?, ?, ?, ?, ?)
make question 4716
Hibernate: insert into question (answer, choice1, choice2, choice3, choice4, choice5, content, correct, create_date, filepath, modify_date, score, subject, teacher_id, time, view) values (?, ?, ?, ?, ?, ?, ?, ?, ?, ?, ?, ?, ?, ?, ?, ?)
make question 4717
Hibernate: insert into question (answer, choice1, choice2, choice3, choice4, choice5, content, correct, create_date, filepath, modify_date, score, subject, teacher_id, time, view) values (?, ?, ?, ?, ?, ?, ?, ?, ?, ?, ?, ?, ?, ?, ?, ?)
make question 4718
Hibernate: insert into question (answer, choice1, choice2, choice3, choice4, choice5, content, correct, create_date, filepath, modify_date, score, subject, teacher_id, time, view) values (?, ?, ?, ?, ?, ?, ?, ?, ?, ?, ?, ?, ?, ?, ?, ?)
make question 4719
Hibernate: insert into question (answer, choice1, choice2, choice3, choice4, choice5, content, correct, create_date, filepath, modify_date, score, subject, teacher_id, time, view) values (?, ?, ?, ?, ?, ?, ?, ?, ?, ?, ?, ?, ?, ?, ?, ?)
make question 4720
Hibernate: insert into question (answer, choice1, choice2, choice3, choice4, choice5, content, correct, create_date, filepath, modify_date, score, subject, teacher_id, time, view) values (?, ?, ?, ?, ?, ?, ?, ?, ?, ?, ?, ?, ?, ?, ?, ?)
make question 4721
Hibernate: insert into question (answer, choice1, choice2, choice3, choice4, choice5, content, correct, create_date, filepath, modify_date, score, subject, teacher_id, time, view) values (?, ?, ?, ?, ?, ?, ?, ?, ?, ?, ?, ?, ?, ?, ?, ?)
make question 4722
Hibernate: insert into question (answer, choice1, choice2, choice3, choice4, choice5, content, correct, create_date, filepath, modify_date, score, subject, teacher_id, time, view) values (?, ?, ?, ?, ?, ?, ?, ?, ?, ?, ?, ?, ?, ?, ?, ?)
make question 4723
Hibernate: insert into question (answer, choice1, choice2, choice3, choice4, choice5, content, correct, create_date, filepath, modify_date, score, subject, teacher_id, time, view) values (?, ?, ?, ?, ?, ?, ?, ?, ?, ?, ?, ?, ?, ?, ?, ?)
make question 4724
Hibernate: insert into question (answer, choice1, choice2, choice3, choice4, choice5, content, correct, create_date, filepath, modify_date, score, subject, teacher_id, time, view) values (?, ?, ?, ?, ?, ?, ?, ?, ?, ?, ?, ?, ?, ?, ?, ?)
make question 4725
Hibernate: insert into question (answer, choice1, choice2, choice3, choice4, choice5, content, correct, create_date, filepath, modify_date, score, subject, teacher_id, time, view) values (?, ?, ?, ?, ?, ?, ?, ?, ?, ?, ?, ?, ?, ?, ?, ?)
make question 4726
Hibernate: insert into question (answer, choice1, choice2, choice3, choice4, choice5, content, correct, create_date, filepath, modify_date, score, subject, teacher_id, time, view) values (?, ?, ?, ?, ?, ?, ?, ?, ?, ?, ?, ?, ?, ?, ?, ?)
make question 4727
Hibernate: insert into question (answer, choice1, choice2, choice3, choice4, choice5, content, correct, create_date, filepath, modify_date, score, subject, teacher_id, time, view) values (?, ?, ?, ?, ?, ?, ?, ?, ?, ?, ?, ?, ?, ?, ?, ?)
make question 4728
Hibernate: insert into question (answer, choice1, choice2, choice3, choice4, choice5, content, correct, create_date, filepath, modify_date, score, subject, teacher_id, time, view) values (?, ?, ?, ?, ?, ?, ?, ?, ?, ?, ?, ?, ?, ?, ?, ?)
make question 4729
Hibernate: insert into question (answer, choice1, choice2, choice3, choice4, choice5, content, correct, create_date, filepath, modify_date, score, subject, teacher_id, time, view) values (?, ?, ?, ?, ?, ?, ?, ?, ?, ?, ?, ?, ?, ?, ?, ?)
make question 4730
Hibernate: insert into question (answer, choice1, choice2, choice3, choice4, choice5, content, correct, create_date, filepath, modify_date, score, subject, teacher_id, time, view) values (?, ?, ?, ?, ?, ?, ?, ?, ?, ?, ?, ?, ?, ?, ?, ?)
make question 4731
Hibernate: insert into question (answer, choice1, choice2, choice3, choice4, choice5, content, correct, create_date, filepath, modify_date, score, subject, teacher_id, time, view) values (?, ?, ?, ?, ?, ?, ?, ?, ?, ?, ?, ?, ?, ?, ?, ?)
make question 4732
Hibernate: insert into question (answer, choice1, choice2, choice3, choice4, choice5, content, correct, create_date, filepath, modify_date, score, subject, teacher_id, time, view) values (?, ?, ?, ?, ?, ?, ?, ?, ?, ?, ?, ?, ?, ?, ?, ?)
make question 4733
Hibernate: insert into question (answer, choice1, choice2, choice3, choice4, choice5, content, correct, create_date, filepath, modify_date, score, subject, teacher_id, time, view) values (?, ?, ?, ?, ?, ?, ?, ?, ?, ?, ?, ?, ?, ?, ?, ?)
make question 4734
Hibernate: insert into question (answer, choice1, choice2, choice3, choice4, choice5, content, correct, create_date, filepath, modify_date, score, subject, teacher_id, time, view) values (?, ?, ?, ?, ?, ?, ?, ?, ?, ?, ?, ?, ?, ?, ?, ?)
make question 4735
Hibernate: insert into question (answer, choice1, choice2, choice3, choice4, choice5, content, correct, create_date, filepath, modify_date, score, subject, teacher_id, time, view) values (?, ?, ?, ?, ?, ?, ?, ?, ?, ?, ?, ?, ?, ?, ?, ?)
make question 4736
Hibernate: insert into question (answer, choice1, choice2, choice3, choice4, choice5, content, correct, create_date, filepath, modify_date, score, subject, teacher_id, time, view) values (?, ?, ?, ?, ?, ?, ?, ?, ?, ?, ?, ?, ?, ?, ?, ?)
make question 4737
Hibernate: insert into question (answer, choice1, choice2, choice3, choice4, choice5, content, correct, create_date, filepath, modify_date, score, subject, teacher_id, time, view) values (?, ?, ?, ?, ?, ?, ?, ?, ?, ?, ?, ?, ?, ?, ?, ?)
make question 4738
Hibernate: insert into question (answer, choice1, choice2, choice3, choice4, choice5, content, correct, create_date, filepath, modify_date, score, subject, teacher_id, time, view) values (?, ?, ?, ?, ?, ?, ?, ?, ?, ?, ?, ?, ?, ?, ?, ?)
make question 4739
Hibernate: insert into question (answer, choice1, choice2, choice3, choice4, choice5, content, correct, create_date, filepath, modify_date, score, subject, teacher_id, time, view) values (?, ?, ?, ?, ?, ?, ?, ?, ?, ?, ?, ?, ?, ?, ?, ?)
make question 4740
Hibernate: insert into question (answer, choice1, choice2, choice3, choice4, choice5, content, correct, create_date, filepath, modify_date, score, subject, teacher_id, time, view) values (?, ?, ?, ?, ?, ?, ?, ?, ?, ?, ?, ?, ?, ?, ?, ?)
make question 4741
Hibernate: insert into question (answer, choice1, choice2, choice3, choice4, choice5, content, correct, create_date, filepath, modify_date, score, subject, teacher_id, time, view) values (?, ?, ?, ?, ?, ?, ?, ?, ?, ?, ?, ?, ?, ?, ?, ?)
make question 4742
Hibernate: insert into question (answer, choice1, choice2, choice3, choice4, choice5, content, correct, create_date, filepath, modify_date, score, subject, teacher_id, time, view) values (?, ?, ?, ?, ?, ?, ?, ?, ?, ?, ?, ?, ?, ?, ?, ?)
make question 4743
Hibernate: insert into question (answer, choice1, choice2, choice3, choice4, choice5, content, correct, create_date, filepath, modify_date, score, subject, teacher_id, time, view) values (?, ?, ?, ?, ?, ?, ?, ?, ?, ?, ?, ?, ?, ?, ?, ?)
make question 4744
Hibernate: insert into question (answer, choice1, choice2, choice3, choice4, choice5, content, correct, create_date, filepath, modify_date, score, subject, teacher_id, time, view) values (?, ?, ?, ?, ?, ?, ?, ?, ?, ?, ?, ?, ?, ?, ?, ?)
make question 4745
Hibernate: insert into question (answer, choice1, choice2, choice3, choice4, choice5, content, correct, create_date, filepath, modify_date, score, subject, teacher_id, time, view) values (?, ?, ?, ?, ?, ?, ?, ?, ?, ?, ?, ?, ?, ?, ?, ?)
make question 4746
Hibernate: insert into question (answer, choice1, choice2, choice3, choice4, choice5, content, correct, create_date, filepath, modify_date, score, subject, teacher_id, time, view) values (?, ?, ?, ?, ?, ?, ?, ?, ?, ?, ?, ?, ?, ?, ?, ?)
make question 4747
Hibernate: insert into question (answer, choice1, choice2, choice3, choice4, choice5, content, correct, create_date, filepath, modify_date, score, subject, teacher_id, time, view) values (?, ?, ?, ?, ?, ?, ?, ?, ?, ?, ?, ?, ?, ?, ?, ?)
make question 4748
Hibernate: insert into question (answer, choice1, choice2, choice3, choice4, choice5, content, correct, create_date, filepath, modify_date, score, subject, teacher_id, time, view) values (?, ?, ?, ?, ?, ?, ?, ?, ?, ?, ?, ?, ?, ?, ?, ?)
make question 4749
Hibernate: insert into question (answer, choice1, choice2, choice3, choice4, choice5, content, correct, create_date, filepath, modify_date, score, subject, teacher_id, time, view) values (?, ?, ?, ?, ?, ?, ?, ?, ?, ?, ?, ?, ?, ?, ?, ?)
make question 4750
Hibernate: insert into question (answer, choice1, choice2, choice3, choice4, choice5, content, correct, create_date, filepath, modify_date, score, subject, teacher_id, time, view) values (?, ?, ?, ?, ?, ?, ?, ?, ?, ?, ?, ?, ?, ?, ?, ?)
make question 4751
Hibernate: insert into question (answer, choice1, choice2, choice3, choice4, choice5, content, correct, create_date, filepath, modify_date, score, subject, teacher_id, time, view) values (?, ?, ?, ?, ?, ?, ?, ?, ?, ?, ?, ?, ?, ?, ?, ?)
make question 4752
Hibernate: insert into question (answer, choice1, choice2, choice3, choice4, choice5, content, correct, create_date, filepath, modify_date, score, subject, teacher_id, time, view) values (?, ?, ?, ?, ?, ?, ?, ?, ?, ?, ?, ?, ?, ?, ?, ?)
make question 4753
Hibernate: insert into question (answer, choice1, choice2, choice3, choice4, choice5, content, correct, create_date, filepath, modify_date, score, subject, teacher_id, time, view) values (?, ?, ?, ?, ?, ?, ?, ?, ?, ?, ?, ?, ?, ?, ?, ?)
make question 4754
Hibernate: insert into question (answer, choice1, choice2, choice3, choice4, choice5, content, correct, create_date, filepath, modify_date, score, subject, teacher_id, time, view) values (?, ?, ?, ?, ?, ?, ?, ?, ?, ?, ?, ?, ?, ?, ?, ?)
make question 4755
Hibernate: insert into question (answer, choice1, choice2, choice3, choice4, choice5, content, correct, create_date, filepath, modify_date, score, subject, teacher_id, time, view) values (?, ?, ?, ?, ?, ?, ?, ?, ?, ?, ?, ?, ?, ?, ?, ?)
make question 4756
Hibernate: insert into question (answer, choice1, choice2, choice3, choice4, choice5, content, correct, create_date, filepath, modify_date, score, subject, teacher_id, time, view) values (?, ?, ?, ?, ?, ?, ?, ?, ?, ?, ?, ?, ?, ?, ?, ?)
make question 4757
Hibernate: insert into question (answer, choice1, choice2, choice3, choice4, choice5, content, correct, create_date, filepath, modify_date, score, subject, teacher_id, time, view) values (?, ?, ?, ?, ?, ?, ?, ?, ?, ?, ?, ?, ?, ?, ?, ?)
make question 4758
Hibernate: insert into question (answer, choice1, choice2, choice3, choice4, choice5, content, correct, create_date, filepath, modify_date, score, subject, teacher_id, time, view) values (?, ?, ?, ?, ?, ?, ?, ?, ?, ?, ?, ?, ?, ?, ?, ?)
make question 4759
Hibernate: insert into question (answer, choice1, choice2, choice3, choice4, choice5, content, correct, create_date, filepath, modify_date, score, subject, teacher_id, time, view) values (?, ?, ?, ?, ?, ?, ?, ?, ?, ?, ?, ?, ?, ?, ?, ?)
make question 4760
Hibernate: insert into question (answer, choice1, choice2, choice3, choice4, choice5, content, correct, create_date, filepath, modify_date, score, subject, teacher_id, time, view) values (?, ?, ?, ?, ?, ?, ?, ?, ?, ?, ?, ?, ?, ?, ?, ?)
make question 4761
Hibernate: insert into question (answer, choice1, choice2, choice3, choice4, choice5, content, correct, create_date, filepath, modify_date, score, subject, teacher_id, time, view) values (?, ?, ?, ?, ?, ?, ?, ?, ?, ?, ?, ?, ?, ?, ?, ?)
make question 4762
Hibernate: insert into question (answer, choice1, choice2, choice3, choice4, choice5, content, correct, create_date, filepath, modify_date, score, subject, teacher_id, time, view) values (?, ?, ?, ?, ?, ?, ?, ?, ?, ?, ?, ?, ?, ?, ?, ?)
make question 4763
Hibernate: insert into question (answer, choice1, choice2, choice3, choice4, choice5, content, correct, create_date, filepath, modify_date, score, subject, teacher_id, time, view) values (?, ?, ?, ?, ?, ?, ?, ?, ?, ?, ?, ?, ?, ?, ?, ?)
make question 4764
Hibernate: insert into question (answer, choice1, choice2, choice3, choice4, choice5, content, correct, create_date, filepath, modify_date, score, subject, teacher_id, time, view) values (?, ?, ?, ?, ?, ?, ?, ?, ?, ?, ?, ?, ?, ?, ?, ?)
make question 4765
Hibernate: insert into question (answer, choice1, choice2, choice3, choice4, choice5, content, correct, create_date, filepath, modify_date, score, subject, teacher_id, time, view) values (?, ?, ?, ?, ?, ?, ?, ?, ?, ?, ?, ?, ?, ?, ?, ?)
make question 4766
Hibernate: insert into question (answer, choice1, choice2, choice3, choice4, choice5, content, correct, create_date, filepath, modify_date, score, subject, teacher_id, time, view) values (?, ?, ?, ?, ?, ?, ?, ?, ?, ?, ?, ?, ?, ?, ?, ?)
make question 4767
Hibernate: insert into question (answer, choice1, choice2, choice3, choice4, choice5, content, correct, create_date, filepath, modify_date, score, subject, teacher_id, time, view) values (?, ?, ?, ?, ?, ?, ?, ?, ?, ?, ?, ?, ?, ?, ?, ?)
make question 4768
Hibernate: insert into question (answer, choice1, choice2, choice3, choice4, choice5, content, correct, create_date, filepath, modify_date, score, subject, teacher_id, time, view) values (?, ?, ?, ?, ?, ?, ?, ?, ?, ?, ?, ?, ?, ?, ?, ?)
make question 4769
Hibernate: insert into question (answer, choice1, choice2, choice3, choice4, choice5, content, correct, create_date, filepath, modify_date, score, subject, teacher_id, time, view) values (?, ?, ?, ?, ?, ?, ?, ?, ?, ?, ?, ?, ?, ?, ?, ?)
make question 4770
Hibernate: insert into question (answer, choice1, choice2, choice3, choice4, choice5, content, correct, create_date, filepath, modify_date, score, subject, teacher_id, time, view) values (?, ?, ?, ?, ?, ?, ?, ?, ?, ?, ?, ?, ?, ?, ?, ?)
make question 4771
Hibernate: insert into question (answer, choice1, choice2, choice3, choice4, choice5, content, correct, create_date, filepath, modify_date, score, subject, teacher_id, time, view) values (?, ?, ?, ?, ?, ?, ?, ?, ?, ?, ?, ?, ?, ?, ?, ?)
make question 4772
Hibernate: insert into question (answer, choice1, choice2, choice3, choice4, choice5, content, correct, create_date, filepath, modify_date, score, subject, teacher_id, time, view) values (?, ?, ?, ?, ?, ?, ?, ?, ?, ?, ?, ?, ?, ?, ?, ?)
make question 4773
Hibernate: insert into question (answer, choice1, choice2, choice3, choice4, choice5, content, correct, create_date, filepath, modify_date, score, subject, teacher_id, time, view) values (?, ?, ?, ?, ?, ?, ?, ?, ?, ?, ?, ?, ?, ?, ?, ?)
make question 4774
Hibernate: insert into question (answer, choice1, choice2, choice3, choice4, choice5, content, correct, create_date, filepath, modify_date, score, subject, teacher_id, time, view) values (?, ?, ?, ?, ?, ?, ?, ?, ?, ?, ?, ?, ?, ?, ?, ?)
make question 4775
Hibernate: insert into question (answer, choice1, choice2, choice3, choice4, choice5, content, correct, create_date, filepath, modify_date, score, subject, teacher_id, time, view) values (?, ?, ?, ?, ?, ?, ?, ?, ?, ?, ?, ?, ?, ?, ?, ?)
make question 4776
Hibernate: insert into question (answer, choice1, choice2, choice3, choice4, choice5, content, correct, create_date, filepath, modify_date, score, subject, teacher_id, time, view) values (?, ?, ?, ?, ?, ?, ?, ?, ?, ?, ?, ?, ?, ?, ?, ?)
make question 4777
Hibernate: insert into question (answer, choice1, choice2, choice3, choice4, choice5, content, correct, create_date, filepath, modify_date, score, subject, teacher_id, time, view) values (?, ?, ?, ?, ?, ?, ?, ?, ?, ?, ?, ?, ?, ?, ?, ?)
make question 4778
Hibernate: insert into question (answer, choice1, choice2, choice3, choice4, choice5, content, correct, create_date, filepath, modify_date, score, subject, teacher_id, time, view) values (?, ?, ?, ?, ?, ?, ?, ?, ?, ?, ?, ?, ?, ?, ?, ?)
make question 4779
Hibernate: insert into question (answer, choice1, choice2, choice3, choice4, choice5, content, correct, create_date, filepath, modify_date, score, subject, teacher_id, time, view) values (?, ?, ?, ?, ?, ?, ?, ?, ?, ?, ?, ?, ?, ?, ?, ?)
make question 4780
Hibernate: insert into question (answer, choice1, choice2, choice3, choice4, choice5, content, correct, create_date, filepath, modify_date, score, subject, teacher_id, time, view) values (?, ?, ?, ?, ?, ?, ?, ?, ?, ?, ?, ?, ?, ?, ?, ?)
make question 4781
Hibernate: insert into question (answer, choice1, choice2, choice3, choice4, choice5, content, correct, create_date, filepath, modify_date, score, subject, teacher_id, time, view) values (?, ?, ?, ?, ?, ?, ?, ?, ?, ?, ?, ?, ?, ?, ?, ?)
make question 4782
Hibernate: insert into question (answer, choice1, choice2, choice3, choice4, choice5, content, correct, create_date, filepath, modify_date, score, subject, teacher_id, time, view) values (?, ?, ?, ?, ?, ?, ?, ?, ?, ?, ?, ?, ?, ?, ?, ?)
make question 4783
Hibernate: insert into question (answer, choice1, choice2, choice3, choice4, choice5, content, correct, create_date, filepath, modify_date, score, subject, teacher_id, time, view) values (?, ?, ?, ?, ?, ?, ?, ?, ?, ?, ?, ?, ?, ?, ?, ?)
make question 4784
Hibernate: insert into question (answer, choice1, choice2, choice3, choice4, choice5, content, correct, create_date, filepath, modify_date, score, subject, teacher_id, time, view) values (?, ?, ?, ?, ?, ?, ?, ?, ?, ?, ?, ?, ?, ?, ?, ?)
make question 4785
Hibernate: insert into question (answer, choice1, choice2, choice3, choice4, choice5, content, correct, create_date, filepath, modify_date, score, subject, teacher_id, time, view) values (?, ?, ?, ?, ?, ?, ?, ?, ?, ?, ?, ?, ?, ?, ?, ?)
make question 4786
Hibernate: insert into question (answer, choice1, choice2, choice3, choice4, choice5, content, correct, create_date, filepath, modify_date, score, subject, teacher_id, time, view) values (?, ?, ?, ?, ?, ?, ?, ?, ?, ?, ?, ?, ?, ?, ?, ?)
make question 4787
Hibernate: insert into question (answer, choice1, choice2, choice3, choice4, choice5, content, correct, create_date, filepath, modify_date, score, subject, teacher_id, time, view) values (?, ?, ?, ?, ?, ?, ?, ?, ?, ?, ?, ?, ?, ?, ?, ?)
make question 4788
Hibernate: insert into question (answer, choice1, choice2, choice3, choice4, choice5, content, correct, create_date, filepath, modify_date, score, subject, teacher_id, time, view) values (?, ?, ?, ?, ?, ?, ?, ?, ?, ?, ?, ?, ?, ?, ?, ?)
make question 4789
Hibernate: insert into question (answer, choice1, choice2, choice3, choice4, choice5, content, correct, create_date, filepath, modify_date, score, subject, teacher_id, time, view) values (?, ?, ?, ?, ?, ?, ?, ?, ?, ?, ?, ?, ?, ?, ?, ?)
make question 4790
Hibernate: insert into question (answer, choice1, choice2, choice3, choice4, choice5, content, correct, create_date, filepath, modify_date, score, subject, teacher_id, time, view) values (?, ?, ?, ?, ?, ?, ?, ?, ?, ?, ?, ?, ?, ?, ?, ?)
make question 4791
Hibernate: insert into question (answer, choice1, choice2, choice3, choice4, choice5, content, correct, create_date, filepath, modify_date, score, subject, teacher_id, time, view) values (?, ?, ?, ?, ?, ?, ?, ?, ?, ?, ?, ?, ?, ?, ?, ?)
make question 4792
Hibernate: insert into question (answer, choice1, choice2, choice3, choice4, choice5, content, correct, create_date, filepath, modify_date, score, subject, teacher_id, time, view) values (?, ?, ?, ?, ?, ?, ?, ?, ?, ?, ?, ?, ?, ?, ?, ?)
make question 4793
Hibernate: insert into question (answer, choice1, choice2, choice3, choice4, choice5, content, correct, create_date, filepath, modify_date, score, subject, teacher_id, time, view) values (?, ?, ?, ?, ?, ?, ?, ?, ?, ?, ?, ?, ?, ?, ?, ?)
make question 4794
Hibernate: insert into question (answer, choice1, choice2, choice3, choice4, choice5, content, correct, create_date, filepath, modify_date, score, subject, teacher_id, time, view) values (?, ?, ?, ?, ?, ?, ?, ?, ?, ?, ?, ?, ?, ?, ?, ?)
make question 4795
Hibernate: insert into question (answer, choice1, choice2, choice3, choice4, choice5, content, correct, create_date, filepath, modify_date, score, subject, teacher_id, time, view) values (?, ?, ?, ?, ?, ?, ?, ?, ?, ?, ?, ?, ?, ?, ?, ?)
make question 4796
Hibernate: insert into question (answer, choice1, choice2, choice3, choice4, choice5, content, correct, create_date, filepath, modify_date, score, subject, teacher_id, time, view) values (?, ?, ?, ?, ?, ?, ?, ?, ?, ?, ?, ?, ?, ?, ?, ?)
make question 4797
Hibernate: insert into question (answer, choice1, choice2, choice3, choice4, choice5, content, correct, create_date, filepath, modify_date, score, subject, teacher_id, time, view) values (?, ?, ?, ?, ?, ?, ?, ?, ?, ?, ?, ?, ?, ?, ?, ?)
make question 4798
Hibernate: insert into question (answer, choice1, choice2, choice3, choice4, choice5, content, correct, create_date, filepath, modify_date, score, subject, teacher_id, time, view) values (?, ?, ?, ?, ?, ?, ?, ?, ?, ?, ?, ?, ?, ?, ?, ?)
make question 4799
Hibernate: insert into question (answer, choice1, choice2, choice3, choice4, choice5, content, correct, create_date, filepath, modify_date, score, subject, teacher_id, time, view) values (?, ?, ?, ?, ?, ?, ?, ?, ?, ?, ?, ?, ?, ?, ?, ?)
make question 4800
Hibernate: insert into question (answer, choice1, choice2, choice3, choice4, choice5, content, correct, create_date, filepath, modify_date, score, subject, teacher_id, time, view) values (?, ?, ?, ?, ?, ?, ?, ?, ?, ?, ?, ?, ?, ?, ?, ?)
make question 4801
Hibernate: insert into question (answer, choice1, choice2, choice3, choice4, choice5, content, correct, create_date, filepath, modify_date, score, subject, teacher_id, time, view) values (?, ?, ?, ?, ?, ?, ?, ?, ?, ?, ?, ?, ?, ?, ?, ?)
make question 4802
Hibernate: insert into question (answer, choice1, choice2, choice3, choice4, choice5, content, correct, create_date, filepath, modify_date, score, subject, teacher_id, time, view) values (?, ?, ?, ?, ?, ?, ?, ?, ?, ?, ?, ?, ?, ?, ?, ?)
make question 4803
Hibernate: insert into question (answer, choice1, choice2, choice3, choice4, choice5, content, correct, create_date, filepath, modify_date, score, subject, teacher_id, time, view) values (?, ?, ?, ?, ?, ?, ?, ?, ?, ?, ?, ?, ?, ?, ?, ?)
make question 4804
Hibernate: insert into question (answer, choice1, choice2, choice3, choice4, choice5, content, correct, create_date, filepath, modify_date, score, subject, teacher_id, time, view) values (?, ?, ?, ?, ?, ?, ?, ?, ?, ?, ?, ?, ?, ?, ?, ?)
make question 4805
Hibernate: insert into question (answer, choice1, choice2, choice3, choice4, choice5, content, correct, create_date, filepath, modify_date, score, subject, teacher_id, time, view) values (?, ?, ?, ?, ?, ?, ?, ?, ?, ?, ?, ?, ?, ?, ?, ?)
make question 4806
Hibernate: insert into question (answer, choice1, choice2, choice3, choice4, choice5, content, correct, create_date, filepath, modify_date, score, subject, teacher_id, time, view) values (?, ?, ?, ?, ?, ?, ?, ?, ?, ?, ?, ?, ?, ?, ?, ?)
make question 4807
Hibernate: insert into question (answer, choice1, choice2, choice3, choice4, choice5, content, correct, create_date, filepath, modify_date, score, subject, teacher_id, time, view) values (?, ?, ?, ?, ?, ?, ?, ?, ?, ?, ?, ?, ?, ?, ?, ?)
make question 4808
Hibernate: insert into question (answer, choice1, choice2, choice3, choice4, choice5, content, correct, create_date, filepath, modify_date, score, subject, teacher_id, time, view) values (?, ?, ?, ?, ?, ?, ?, ?, ?, ?, ?, ?, ?, ?, ?, ?)
make question 4809
Hibernate: insert into question (answer, choice1, choice2, choice3, choice4, choice5, content, correct, create_date, filepath, modify_date, score, subject, teacher_id, time, view) values (?, ?, ?, ?, ?, ?, ?, ?, ?, ?, ?, ?, ?, ?, ?, ?)
make question 4810
Hibernate: insert into question (answer, choice1, choice2, choice3, choice4, choice5, content, correct, create_date, filepath, modify_date, score, subject, teacher_id, time, view) values (?, ?, ?, ?, ?, ?, ?, ?, ?, ?, ?, ?, ?, ?, ?, ?)
make question 4811
Hibernate: insert into question (answer, choice1, choice2, choice3, choice4, choice5, content, correct, create_date, filepath, modify_date, score, subject, teacher_id, time, view) values (?, ?, ?, ?, ?, ?, ?, ?, ?, ?, ?, ?, ?, ?, ?, ?)
make question 4812
Hibernate: insert into question (answer, choice1, choice2, choice3, choice4, choice5, content, correct, create_date, filepath, modify_date, score, subject, teacher_id, time, view) values (?, ?, ?, ?, ?, ?, ?, ?, ?, ?, ?, ?, ?, ?, ?, ?)
make question 4813
Hibernate: insert into question (answer, choice1, choice2, choice3, choice4, choice5, content, correct, create_date, filepath, modify_date, score, subject, teacher_id, time, view) values (?, ?, ?, ?, ?, ?, ?, ?, ?, ?, ?, ?, ?, ?, ?, ?)
make question 4814
Hibernate: insert into question (answer, choice1, choice2, choice3, choice4, choice5, content, correct, create_date, filepath, modify_date, score, subject, teacher_id, time, view) values (?, ?, ?, ?, ?, ?, ?, ?, ?, ?, ?, ?, ?, ?, ?, ?)
make question 4815
Hibernate: insert into question (answer, choice1, choice2, choice3, choice4, choice5, content, correct, create_date, filepath, modify_date, score, subject, teacher_id, time, view) values (?, ?, ?, ?, ?, ?, ?, ?, ?, ?, ?, ?, ?, ?, ?, ?)
make question 4816
Hibernate: insert into question (answer, choice1, choice2, choice3, choice4, choice5, content, correct, create_date, filepath, modify_date, score, subject, teacher_id, time, view) values (?, ?, ?, ?, ?, ?, ?, ?, ?, ?, ?, ?, ?, ?, ?, ?)
make question 4817
Hibernate: insert into question (answer, choice1, choice2, choice3, choice4, choice5, content, correct, create_date, filepath, modify_date, score, subject, teacher_id, time, view) values (?, ?, ?, ?, ?, ?, ?, ?, ?, ?, ?, ?, ?, ?, ?, ?)
make question 4818
Hibernate: insert into question (answer, choice1, choice2, choice3, choice4, choice5, content, correct, create_date, filepath, modify_date, score, subject, teacher_id, time, view) values (?, ?, ?, ?, ?, ?, ?, ?, ?, ?, ?, ?, ?, ?, ?, ?)
make question 4819
Hibernate: insert into question (answer, choice1, choice2, choice3, choice4, choice5, content, correct, create_date, filepath, modify_date, score, subject, teacher_id, time, view) values (?, ?, ?, ?, ?, ?, ?, ?, ?, ?, ?, ?, ?, ?, ?, ?)
make question 4820
Hibernate: insert into question (answer, choice1, choice2, choice3, choice4, choice5, content, correct, create_date, filepath, modify_date, score, subject, teacher_id, time, view) values (?, ?, ?, ?, ?, ?, ?, ?, ?, ?, ?, ?, ?, ?, ?, ?)
make question 4821
Hibernate: insert into question (answer, choice1, choice2, choice3, choice4, choice5, content, correct, create_date, filepath, modify_date, score, subject, teacher_id, time, view) values (?, ?, ?, ?, ?, ?, ?, ?, ?, ?, ?, ?, ?, ?, ?, ?)
make question 4822
Hibernate: insert into question (answer, choice1, choice2, choice3, choice4, choice5, content, correct, create_date, filepath, modify_date, score, subject, teacher_id, time, view) values (?, ?, ?, ?, ?, ?, ?, ?, ?, ?, ?, ?, ?, ?, ?, ?)
make question 4823
Hibernate: insert into question (answer, choice1, choice2, choice3, choice4, choice5, content, correct, create_date, filepath, modify_date, score, subject, teacher_id, time, view) values (?, ?, ?, ?, ?, ?, ?, ?, ?, ?, ?, ?, ?, ?, ?, ?)
make question 4824
Hibernate: insert into question (answer, choice1, choice2, choice3, choice4, choice5, content, correct, create_date, filepath, modify_date, score, subject, teacher_id, time, view) values (?, ?, ?, ?, ?, ?, ?, ?, ?, ?, ?, ?, ?, ?, ?, ?)
make question 4825
Hibernate: insert into question (answer, choice1, choice2, choice3, choice4, choice5, content, correct, create_date, filepath, modify_date, score, subject, teacher_id, time, view) values (?, ?, ?, ?, ?, ?, ?, ?, ?, ?, ?, ?, ?, ?, ?, ?)
make question 4826
Hibernate: insert into question (answer, choice1, choice2, choice3, choice4, choice5, content, correct, create_date, filepath, modify_date, score, subject, teacher_id, time, view) values (?, ?, ?, ?, ?, ?, ?, ?, ?, ?, ?, ?, ?, ?, ?, ?)
make question 4827
Hibernate: insert into question (answer, choice1, choice2, choice3, choice4, choice5, content, correct, create_date, filepath, modify_date, score, subject, teacher_id, time, view) values (?, ?, ?, ?, ?, ?, ?, ?, ?, ?, ?, ?, ?, ?, ?, ?)
make question 4828
Hibernate: insert into question (answer, choice1, choice2, choice3, choice4, choice5, content, correct, create_date, filepath, modify_date, score, subject, teacher_id, time, view) values (?, ?, ?, ?, ?, ?, ?, ?, ?, ?, ?, ?, ?, ?, ?, ?)
make question 4829
Hibernate: insert into question (answer, choice1, choice2, choice3, choice4, choice5, content, correct, create_date, filepath, modify_date, score, subject, teacher_id, time, view) values (?, ?, ?, ?, ?, ?, ?, ?, ?, ?, ?, ?, ?, ?, ?, ?)
make question 4830
Hibernate: insert into question (answer, choice1, choice2, choice3, choice4, choice5, content, correct, create_date, filepath, modify_date, score, subject, teacher_id, time, view) values (?, ?, ?, ?, ?, ?, ?, ?, ?, ?, ?, ?, ?, ?, ?, ?)
make question 4831
Hibernate: insert into question (answer, choice1, choice2, choice3, choice4, choice5, content, correct, create_date, filepath, modify_date, score, subject, teacher_id, time, view) values (?, ?, ?, ?, ?, ?, ?, ?, ?, ?, ?, ?, ?, ?, ?, ?)
make question 4832
Hibernate: insert into question (answer, choice1, choice2, choice3, choice4, choice5, content, correct, create_date, filepath, modify_date, score, subject, teacher_id, time, view) values (?, ?, ?, ?, ?, ?, ?, ?, ?, ?, ?, ?, ?, ?, ?, ?)
make question 4833
Hibernate: insert into question (answer, choice1, choice2, choice3, choice4, choice5, content, correct, create_date, filepath, modify_date, score, subject, teacher_id, time, view) values (?, ?, ?, ?, ?, ?, ?, ?, ?, ?, ?, ?, ?, ?, ?, ?)
make question 4834
Hibernate: insert into question (answer, choice1, choice2, choice3, choice4, choice5, content, correct, create_date, filepath, modify_date, score, subject, teacher_id, time, view) values (?, ?, ?, ?, ?, ?, ?, ?, ?, ?, ?, ?, ?, ?, ?, ?)
make question 4835
Hibernate: insert into question (answer, choice1, choice2, choice3, choice4, choice5, content, correct, create_date, filepath, modify_date, score, subject, teacher_id, time, view) values (?, ?, ?, ?, ?, ?, ?, ?, ?, ?, ?, ?, ?, ?, ?, ?)
make question 4836
Hibernate: insert into question (answer, choice1, choice2, choice3, choice4, choice5, content, correct, create_date, filepath, modify_date, score, subject, teacher_id, time, view) values (?, ?, ?, ?, ?, ?, ?, ?, ?, ?, ?, ?, ?, ?, ?, ?)
make question 4837
Hibernate: insert into question (answer, choice1, choice2, choice3, choice4, choice5, content, correct, create_date, filepath, modify_date, score, subject, teacher_id, time, view) values (?, ?, ?, ?, ?, ?, ?, ?, ?, ?, ?, ?, ?, ?, ?, ?)
make question 4838
Hibernate: insert into question (answer, choice1, choice2, choice3, choice4, choice5, content, correct, create_date, filepath, modify_date, score, subject, teacher_id, time, view) values (?, ?, ?, ?, ?, ?, ?, ?, ?, ?, ?, ?, ?, ?, ?, ?)
make question 4839
Hibernate: insert into question (answer, choice1, choice2, choice3, choice4, choice5, content, correct, create_date, filepath, modify_date, score, subject, teacher_id, time, view) values (?, ?, ?, ?, ?, ?, ?, ?, ?, ?, ?, ?, ?, ?, ?, ?)
make question 4840
Hibernate: insert into question (answer, choice1, choice2, choice3, choice4, choice5, content, correct, create_date, filepath, modify_date, score, subject, teacher_id, time, view) values (?, ?, ?, ?, ?, ?, ?, ?, ?, ?, ?, ?, ?, ?, ?, ?)
make question 4841
Hibernate: insert into question (answer, choice1, choice2, choice3, choice4, choice5, content, correct, create_date, filepath, modify_date, score, subject, teacher_id, time, view) values (?, ?, ?, ?, ?, ?, ?, ?, ?, ?, ?, ?, ?, ?, ?, ?)
make question 4842
Hibernate: insert into question (answer, choice1, choice2, choice3, choice4, choice5, content, correct, create_date, filepath, modify_date, score, subject, teacher_id, time, view) values (?, ?, ?, ?, ?, ?, ?, ?, ?, ?, ?, ?, ?, ?, ?, ?)
make question 4843
Hibernate: insert into question (answer, choice1, choice2, choice3, choice4, choice5, content, correct, create_date, filepath, modify_date, score, subject, teacher_id, time, view) values (?, ?, ?, ?, ?, ?, ?, ?, ?, ?, ?, ?, ?, ?, ?, ?)
make question 4844
Hibernate: insert into question (answer, choice1, choice2, choice3, choice4, choice5, content, correct, create_date, filepath, modify_date, score, subject, teacher_id, time, view) values (?, ?, ?, ?, ?, ?, ?, ?, ?, ?, ?, ?, ?, ?, ?, ?)
make question 4845
Hibernate: insert into question (answer, choice1, choice2, choice3, choice4, choice5, content, correct, create_date, filepath, modify_date, score, subject, teacher_id, time, view) values (?, ?, ?, ?, ?, ?, ?, ?, ?, ?, ?, ?, ?, ?, ?, ?)
make question 4846
Hibernate: insert into question (answer, choice1, choice2, choice3, choice4, choice5, content, correct, create_date, filepath, modify_date, score, subject, teacher_id, time, view) values (?, ?, ?, ?, ?, ?, ?, ?, ?, ?, ?, ?, ?, ?, ?, ?)
make question 4847
Hibernate: insert into question (answer, choice1, choice2, choice3, choice4, choice5, content, correct, create_date, filepath, modify_date, score, subject, teacher_id, time, view) values (?, ?, ?, ?, ?, ?, ?, ?, ?, ?, ?, ?, ?, ?, ?, ?)
make question 4848
Hibernate: insert into question (answer, choice1, choice2, choice3, choice4, choice5, content, correct, create_date, filepath, modify_date, score, subject, teacher_id, time, view) values (?, ?, ?, ?, ?, ?, ?, ?, ?, ?, ?, ?, ?, ?, ?, ?)
make question 4849
Hibernate: insert into question (answer, choice1, choice2, choice3, choice4, choice5, content, correct, create_date, filepath, modify_date, score, subject, teacher_id, time, view) values (?, ?, ?, ?, ?, ?, ?, ?, ?, ?, ?, ?, ?, ?, ?, ?)
make question 4850
Hibernate: insert into question (answer, choice1, choice2, choice3, choice4, choice5, content, correct, create_date, filepath, modify_date, score, subject, teacher_id, time, view) values (?, ?, ?, ?, ?, ?, ?, ?, ?, ?, ?, ?, ?, ?, ?, ?)
make question 4851
Hibernate: insert into question (answer, choice1, choice2, choice3, choice4, choice5, content, correct, create_date, filepath, modify_date, score, subject, teacher_id, time, view) values (?, ?, ?, ?, ?, ?, ?, ?, ?, ?, ?, ?, ?, ?, ?, ?)
make question 4852
Hibernate: insert into question (answer, choice1, choice2, choice3, choice4, choice5, content, correct, create_date, filepath, modify_date, score, subject, teacher_id, time, view) values (?, ?, ?, ?, ?, ?, ?, ?, ?, ?, ?, ?, ?, ?, ?, ?)
make question 4853
Hibernate: insert into question (answer, choice1, choice2, choice3, choice4, choice5, content, correct, create_date, filepath, modify_date, score, subject, teacher_id, time, view) values (?, ?, ?, ?, ?, ?, ?, ?, ?, ?, ?, ?, ?, ?, ?, ?)
make question 4854
Hibernate: insert into question (answer, choice1, choice2, choice3, choice4, choice5, content, correct, create_date, filepath, modify_date, score, subject, teacher_id, time, view) values (?, ?, ?, ?, ?, ?, ?, ?, ?, ?, ?, ?, ?, ?, ?, ?)
make question 4855
Hibernate: insert into question (answer, choice1, choice2, choice3, choice4, choice5, content, correct, create_date, filepath, modify_date, score, subject, teacher_id, time, view) values (?, ?, ?, ?, ?, ?, ?, ?, ?, ?, ?, ?, ?, ?, ?, ?)
make question 4856
Hibernate: insert into question (answer, choice1, choice2, choice3, choice4, choice5, content, correct, create_date, filepath, modify_date, score, subject, teacher_id, time, view) values (?, ?, ?, ?, ?, ?, ?, ?, ?, ?, ?, ?, ?, ?, ?, ?)
make question 4857
Hibernate: insert into question (answer, choice1, choice2, choice3, choice4, choice5, content, correct, create_date, filepath, modify_date, score, subject, teacher_id, time, view) values (?, ?, ?, ?, ?, ?, ?, ?, ?, ?, ?, ?, ?, ?, ?, ?)
make question 4858
Hibernate: insert into question (answer, choice1, choice2, choice3, choice4, choice5, content, correct, create_date, filepath, modify_date, score, subject, teacher_id, time, view) values (?, ?, ?, ?, ?, ?, ?, ?, ?, ?, ?, ?, ?, ?, ?, ?)
make question 4859
Hibernate: insert into question (answer, choice1, choice2, choice3, choice4, choice5, content, correct, create_date, filepath, modify_date, score, subject, teacher_id, time, view) values (?, ?, ?, ?, ?, ?, ?, ?, ?, ?, ?, ?, ?, ?, ?, ?)
make question 4860
Hibernate: insert into question (answer, choice1, choice2, choice3, choice4, choice5, content, correct, create_date, filepath, modify_date, score, subject, teacher_id, time, view) values (?, ?, ?, ?, ?, ?, ?, ?, ?, ?, ?, ?, ?, ?, ?, ?)
make question 4861
Hibernate: insert into question (answer, choice1, choice2, choice3, choice4, choice5, content, correct, create_date, filepath, modify_date, score, subject, teacher_id, time, view) values (?, ?, ?, ?, ?, ?, ?, ?, ?, ?, ?, ?, ?, ?, ?, ?)
make question 4862
Hibernate: insert into question (answer, choice1, choice2, choice3, choice4, choice5, content, correct, create_date, filepath, modify_date, score, subject, teacher_id, time, view) values (?, ?, ?, ?, ?, ?, ?, ?, ?, ?, ?, ?, ?, ?, ?, ?)
make question 4863
Hibernate: insert into question (answer, choice1, choice2, choice3, choice4, choice5, content, correct, create_date, filepath, modify_date, score, subject, teacher_id, time, view) values (?, ?, ?, ?, ?, ?, ?, ?, ?, ?, ?, ?, ?, ?, ?, ?)
make question 4864
Hibernate: insert into question (answer, choice1, choice2, choice3, choice4, choice5, content, correct, create_date, filepath, modify_date, score, subject, teacher_id, time, view) values (?, ?, ?, ?, ?, ?, ?, ?, ?, ?, ?, ?, ?, ?, ?, ?)
make question 4865
Hibernate: insert into question (answer, choice1, choice2, choice3, choice4, choice5, content, correct, create_date, filepath, modify_date, score, subject, teacher_id, time, view) values (?, ?, ?, ?, ?, ?, ?, ?, ?, ?, ?, ?, ?, ?, ?, ?)
make question 4866
Hibernate: insert into question (answer, choice1, choice2, choice3, choice4, choice5, content, correct, create_date, filepath, modify_date, score, subject, teacher_id, time, view) values (?, ?, ?, ?, ?, ?, ?, ?, ?, ?, ?, ?, ?, ?, ?, ?)
make question 4867
Hibernate: insert into question (answer, choice1, choice2, choice3, choice4, choice5, content, correct, create_date, filepath, modify_date, score, subject, teacher_id, time, view) values (?, ?, ?, ?, ?, ?, ?, ?, ?, ?, ?, ?, ?, ?, ?, ?)
make question 4868
Hibernate: insert into question (answer, choice1, choice2, choice3, choice4, choice5, content, correct, create_date, filepath, modify_date, score, subject, teacher_id, time, view) values (?, ?, ?, ?, ?, ?, ?, ?, ?, ?, ?, ?, ?, ?, ?, ?)
make question 4869
Hibernate: insert into question (answer, choice1, choice2, choice3, choice4, choice5, content, correct, create_date, filepath, modify_date, score, subject, teacher_id, time, view) values (?, ?, ?, ?, ?, ?, ?, ?, ?, ?, ?, ?, ?, ?, ?, ?)
make question 4870
Hibernate: insert into question (answer, choice1, choice2, choice3, choice4, choice5, content, correct, create_date, filepath, modify_date, score, subject, teacher_id, time, view) values (?, ?, ?, ?, ?, ?, ?, ?, ?, ?, ?, ?, ?, ?, ?, ?)
make question 4871
Hibernate: insert into question (answer, choice1, choice2, choice3, choice4, choice5, content, correct, create_date, filepath, modify_date, score, subject, teacher_id, time, view) values (?, ?, ?, ?, ?, ?, ?, ?, ?, ?, ?, ?, ?, ?, ?, ?)
make question 4872
Hibernate: insert into question (answer, choice1, choice2, choice3, choice4, choice5, content, correct, create_date, filepath, modify_date, score, subject, teacher_id, time, view) values (?, ?, ?, ?, ?, ?, ?, ?, ?, ?, ?, ?, ?, ?, ?, ?)
make question 4873
Hibernate: insert into question (answer, choice1, choice2, choice3, choice4, choice5, content, correct, create_date, filepath, modify_date, score, subject, teacher_id, time, view) values (?, ?, ?, ?, ?, ?, ?, ?, ?, ?, ?, ?, ?, ?, ?, ?)
make question 4874
Hibernate: insert into question (answer, choice1, choice2, choice3, choice4, choice5, content, correct, create_date, filepath, modify_date, score, subject, teacher_id, time, view) values (?, ?, ?, ?, ?, ?, ?, ?, ?, ?, ?, ?, ?, ?, ?, ?)
make question 4875
Hibernate: insert into question (answer, choice1, choice2, choice3, choice4, choice5, content, correct, create_date, filepath, modify_date, score, subject, teacher_id, time, view) values (?, ?, ?, ?, ?, ?, ?, ?, ?, ?, ?, ?, ?, ?, ?, ?)
make question 4876
Hibernate: insert into question (answer, choice1, choice2, choice3, choice4, choice5, content, correct, create_date, filepath, modify_date, score, subject, teacher_id, time, view) values (?, ?, ?, ?, ?, ?, ?, ?, ?, ?, ?, ?, ?, ?, ?, ?)
make question 4877
Hibernate: insert into question (answer, choice1, choice2, choice3, choice4, choice5, content, correct, create_date, filepath, modify_date, score, subject, teacher_id, time, view) values (?, ?, ?, ?, ?, ?, ?, ?, ?, ?, ?, ?, ?, ?, ?, ?)
make question 4878
Hibernate: insert into question (answer, choice1, choice2, choice3, choice4, choice5, content, correct, create_date, filepath, modify_date, score, subject, teacher_id, time, view) values (?, ?, ?, ?, ?, ?, ?, ?, ?, ?, ?, ?, ?, ?, ?, ?)
make question 4879
Hibernate: insert into question (answer, choice1, choice2, choice3, choice4, choice5, content, correct, create_date, filepath, modify_date, score, subject, teacher_id, time, view) values (?, ?, ?, ?, ?, ?, ?, ?, ?, ?, ?, ?, ?, ?, ?, ?)
make question 4880
Hibernate: insert into question (answer, choice1, choice2, choice3, choice4, choice5, content, correct, create_date, filepath, modify_date, score, subject, teacher_id, time, view) values (?, ?, ?, ?, ?, ?, ?, ?, ?, ?, ?, ?, ?, ?, ?, ?)
make question 4881
Hibernate: insert into question (answer, choice1, choice2, choice3, choice4, choice5, content, correct, create_date, filepath, modify_date, score, subject, teacher_id, time, view) values (?, ?, ?, ?, ?, ?, ?, ?, ?, ?, ?, ?, ?, ?, ?, ?)
make question 4882
Hibernate: insert into question (answer, choice1, choice2, choice3, choice4, choice5, content, correct, create_date, filepath, modify_date, score, subject, teacher_id, time, view) values (?, ?, ?, ?, ?, ?, ?, ?, ?, ?, ?, ?, ?, ?, ?, ?)
make question 4883
Hibernate: insert into question (answer, choice1, choice2, choice3, choice4, choice5, content, correct, create_date, filepath, modify_date, score, subject, teacher_id, time, view) values (?, ?, ?, ?, ?, ?, ?, ?, ?, ?, ?, ?, ?, ?, ?, ?)
make question 4884
Hibernate: insert into question (answer, choice1, choice2, choice3, choice4, choice5, content, correct, create_date, filepath, modify_date, score, subject, teacher_id, time, view) values (?, ?, ?, ?, ?, ?, ?, ?, ?, ?, ?, ?, ?, ?, ?, ?)
make question 4885
Hibernate: insert into question (answer, choice1, choice2, choice3, choice4, choice5, content, correct, create_date, filepath, modify_date, score, subject, teacher_id, time, view) values (?, ?, ?, ?, ?, ?, ?, ?, ?, ?, ?, ?, ?, ?, ?, ?)
make question 4886
Hibernate: insert into question (answer, choice1, choice2, choice3, choice4, choice5, content, correct, create_date, filepath, modify_date, score, subject, teacher_id, time, view) values (?, ?, ?, ?, ?, ?, ?, ?, ?, ?, ?, ?, ?, ?, ?, ?)
make question 4887
Hibernate: insert into question (answer, choice1, choice2, choice3, choice4, choice5, content, correct, create_date, filepath, modify_date, score, subject, teacher_id, time, view) values (?, ?, ?, ?, ?, ?, ?, ?, ?, ?, ?, ?, ?, ?, ?, ?)
make question 4888
Hibernate: insert into question (answer, choice1, choice2, choice3, choice4, choice5, content, correct, create_date, filepath, modify_date, score, subject, teacher_id, time, view) values (?, ?, ?, ?, ?, ?, ?, ?, ?, ?, ?, ?, ?, ?, ?, ?)
make question 4889
Hibernate: insert into question (answer, choice1, choice2, choice3, choice4, choice5, content, correct, create_date, filepath, modify_date, score, subject, teacher_id, time, view) values (?, ?, ?, ?, ?, ?, ?, ?, ?, ?, ?, ?, ?, ?, ?, ?)
make question 4890
Hibernate: insert into question (answer, choice1, choice2, choice3, choice4, choice5, content, correct, create_date, filepath, modify_date, score, subject, teacher_id, time, view) values (?, ?, ?, ?, ?, ?, ?, ?, ?, ?, ?, ?, ?, ?, ?, ?)
make question 4891
Hibernate: insert into question (answer, choice1, choice2, choice3, choice4, choice5, content, correct, create_date, filepath, modify_date, score, subject, teacher_id, time, view) values (?, ?, ?, ?, ?, ?, ?, ?, ?, ?, ?, ?, ?, ?, ?, ?)
make question 4892
Hibernate: insert into question (answer, choice1, choice2, choice3, choice4, choice5, content, correct, create_date, filepath, modify_date, score, subject, teacher_id, time, view) values (?, ?, ?, ?, ?, ?, ?, ?, ?, ?, ?, ?, ?, ?, ?, ?)
make question 4893
Hibernate: insert into question (answer, choice1, choice2, choice3, choice4, choice5, content, correct, create_date, filepath, modify_date, score, subject, teacher_id, time, view) values (?, ?, ?, ?, ?, ?, ?, ?, ?, ?, ?, ?, ?, ?, ?, ?)
make question 4894
Hibernate: insert into question (answer, choice1, choice2, choice3, choice4, choice5, content, correct, create_date, filepath, modify_date, score, subject, teacher_id, time, view) values (?, ?, ?, ?, ?, ?, ?, ?, ?, ?, ?, ?, ?, ?, ?, ?)
make question 4895
Hibernate: insert into question (answer, choice1, choice2, choice3, choice4, choice5, content, correct, create_date, filepath, modify_date, score, subject, teacher_id, time, view) values (?, ?, ?, ?, ?, ?, ?, ?, ?, ?, ?, ?, ?, ?, ?, ?)
make question 4896
Hibernate: insert into question (answer, choice1, choice2, choice3, choice4, choice5, content, correct, create_date, filepath, modify_date, score, subject, teacher_id, time, view) values (?, ?, ?, ?, ?, ?, ?, ?, ?, ?, ?, ?, ?, ?, ?, ?)
make question 4897
Hibernate: insert into question (answer, choice1, choice2, choice3, choice4, choice5, content, correct, create_date, filepath, modify_date, score, subject, teacher_id, time, view) values (?, ?, ?, ?, ?, ?, ?, ?, ?, ?, ?, ?, ?, ?, ?, ?)
make question 4898
Hibernate: insert into question (answer, choice1, choice2, choice3, choice4, choice5, content, correct, create_date, filepath, modify_date, score, subject, teacher_id, time, view) values (?, ?, ?, ?, ?, ?, ?, ?, ?, ?, ?, ?, ?, ?, ?, ?)
make question 4899
Hibernate: insert into question (answer, choice1, choice2, choice3, choice4, choice5, content, correct, create_date, filepath, modify_date, score, subject, teacher_id, time, view) values (?, ?, ?, ?, ?, ?, ?, ?, ?, ?, ?, ?, ?, ?, ?, ?)
make question 4900
Hibernate: insert into question (answer, choice1, choice2, choice3, choice4, choice5, content, correct, create_date, filepath, modify_date, score, subject, teacher_id, time, view) values (?, ?, ?, ?, ?, ?, ?, ?, ?, ?, ?, ?, ?, ?, ?, ?)
make question 4901
Hibernate: insert into question (answer, choice1, choice2, choice3, choice4, choice5, content, correct, create_date, filepath, modify_date, score, subject, teacher_id, time, view) values (?, ?, ?, ?, ?, ?, ?, ?, ?, ?, ?, ?, ?, ?, ?, ?)
make question 4902
Hibernate: insert into question (answer, choice1, choice2, choice3, choice4, choice5, content, correct, create_date, filepath, modify_date, score, subject, teacher_id, time, view) values (?, ?, ?, ?, ?, ?, ?, ?, ?, ?, ?, ?, ?, ?, ?, ?)
make question 4903
Hibernate: insert into question (answer, choice1, choice2, choice3, choice4, choice5, content, correct, create_date, filepath, modify_date, score, subject, teacher_id, time, view) values (?, ?, ?, ?, ?, ?, ?, ?, ?, ?, ?, ?, ?, ?, ?, ?)
make question 4904
Hibernate: insert into question (answer, choice1, choice2, choice3, choice4, choice5, content, correct, create_date, filepath, modify_date, score, subject, teacher_id, time, view) values (?, ?, ?, ?, ?, ?, ?, ?, ?, ?, ?, ?, ?, ?, ?, ?)
make question 4905
Hibernate: insert into question (answer, choice1, choice2, choice3, choice4, choice5, content, correct, create_date, filepath, modify_date, score, subject, teacher_id, time, view) values (?, ?, ?, ?, ?, ?, ?, ?, ?, ?, ?, ?, ?, ?, ?, ?)
make question 4906
Hibernate: insert into question (answer, choice1, choice2, choice3, choice4, choice5, content, correct, create_date, filepath, modify_date, score, subject, teacher_id, time, view) values (?, ?, ?, ?, ?, ?, ?, ?, ?, ?, ?, ?, ?, ?, ?, ?)
make question 4907
Hibernate: insert into question (answer, choice1, choice2, choice3, choice4, choice5, content, correct, create_date, filepath, modify_date, score, subject, teacher_id, time, view) values (?, ?, ?, ?, ?, ?, ?, ?, ?, ?, ?, ?, ?, ?, ?, ?)
make question 4908
Hibernate: insert into question (answer, choice1, choice2, choice3, choice4, choice5, content, correct, create_date, filepath, modify_date, score, subject, teacher_id, time, view) values (?, ?, ?, ?, ?, ?, ?, ?, ?, ?, ?, ?, ?, ?, ?, ?)
make question 4909
Hibernate: insert into question (answer, choice1, choice2, choice3, choice4, choice5, content, correct, create_date, filepath, modify_date, score, subject, teacher_id, time, view) values (?, ?, ?, ?, ?, ?, ?, ?, ?, ?, ?, ?, ?, ?, ?, ?)
make question 4910
Hibernate: insert into question (answer, choice1, choice2, choice3, choice4, choice5, content, correct, create_date, filepath, modify_date, score, subject, teacher_id, time, view) values (?, ?, ?, ?, ?, ?, ?, ?, ?, ?, ?, ?, ?, ?, ?, ?)
make question 4911
Hibernate: insert into question (answer, choice1, choice2, choice3, choice4, choice5, content, correct, create_date, filepath, modify_date, score, subject, teacher_id, time, view) values (?, ?, ?, ?, ?, ?, ?, ?, ?, ?, ?, ?, ?, ?, ?, ?)
make question 4912
Hibernate: insert into question (answer, choice1, choice2, choice3, choice4, choice5, content, correct, create_date, filepath, modify_date, score, subject, teacher_id, time, view) values (?, ?, ?, ?, ?, ?, ?, ?, ?, ?, ?, ?, ?, ?, ?, ?)
make question 4913
Hibernate: insert into question (answer, choice1, choice2, choice3, choice4, choice5, content, correct, create_date, filepath, modify_date, score, subject, teacher_id, time, view) values (?, ?, ?, ?, ?, ?, ?, ?, ?, ?, ?, ?, ?, ?, ?, ?)
make question 4914
Hibernate: insert into question (answer, choice1, choice2, choice3, choice4, choice5, content, correct, create_date, filepath, modify_date, score, subject, teacher_id, time, view) values (?, ?, ?, ?, ?, ?, ?, ?, ?, ?, ?, ?, ?, ?, ?, ?)
make question 4915
Hibernate: insert into question (answer, choice1, choice2, choice3, choice4, choice5, content, correct, create_date, filepath, modify_date, score, subject, teacher_id, time, view) values (?, ?, ?, ?, ?, ?, ?, ?, ?, ?, ?, ?, ?, ?, ?, ?)
make question 4916
Hibernate: insert into question (answer, choice1, choice2, choice3, choice4, choice5, content, correct, create_date, filepath, modify_date, score, subject, teacher_id, time, view) values (?, ?, ?, ?, ?, ?, ?, ?, ?, ?, ?, ?, ?, ?, ?, ?)
make question 4917
Hibernate: insert into question (answer, choice1, choice2, choice3, choice4, choice5, content, correct, create_date, filepath, modify_date, score, subject, teacher_id, time, view) values (?, ?, ?, ?, ?, ?, ?, ?, ?, ?, ?, ?, ?, ?, ?, ?)
make question 4918
Hibernate: insert into question (answer, choice1, choice2, choice3, choice4, choice5, content, correct, create_date, filepath, modify_date, score, subject, teacher_id, time, view) values (?, ?, ?, ?, ?, ?, ?, ?, ?, ?, ?, ?, ?, ?, ?, ?)
make question 4919
Hibernate: insert into question (answer, choice1, choice2, choice3, choice4, choice5, content, correct, create_date, filepath, modify_date, score, subject, teacher_id, time, view) values (?, ?, ?, ?, ?, ?, ?, ?, ?, ?, ?, ?, ?, ?, ?, ?)
make question 4920
Hibernate: insert into question (answer, choice1, choice2, choice3, choice4, choice5, content, correct, create_date, filepath, modify_date, score, subject, teacher_id, time, view) values (?, ?, ?, ?, ?, ?, ?, ?, ?, ?, ?, ?, ?, ?, ?, ?)
make question 4921
Hibernate: insert into question (answer, choice1, choice2, choice3, choice4, choice5, content, correct, create_date, filepath, modify_date, score, subject, teacher_id, time, view) values (?, ?, ?, ?, ?, ?, ?, ?, ?, ?, ?, ?, ?, ?, ?, ?)
make question 4922
Hibernate: insert into question (answer, choice1, choice2, choice3, choice4, choice5, content, correct, create_date, filepath, modify_date, score, subject, teacher_id, time, view) values (?, ?, ?, ?, ?, ?, ?, ?, ?, ?, ?, ?, ?, ?, ?, ?)
make question 4923
Hibernate: insert into question (answer, choice1, choice2, choice3, choice4, choice5, content, correct, create_date, filepath, modify_date, score, subject, teacher_id, time, view) values (?, ?, ?, ?, ?, ?, ?, ?, ?, ?, ?, ?, ?, ?, ?, ?)
make question 4924
Hibernate: insert into question (answer, choice1, choice2, choice3, choice4, choice5, content, correct, create_date, filepath, modify_date, score, subject, teacher_id, time, view) values (?, ?, ?, ?, ?, ?, ?, ?, ?, ?, ?, ?, ?, ?, ?, ?)
make question 4925
Hibernate: insert into question (answer, choice1, choice2, choice3, choice4, choice5, content, correct, create_date, filepath, modify_date, score, subject, teacher_id, time, view) values (?, ?, ?, ?, ?, ?, ?, ?, ?, ?, ?, ?, ?, ?, ?, ?)
make question 4926
Hibernate: insert into question (answer, choice1, choice2, choice3, choice4, choice5, content, correct, create_date, filepath, modify_date, score, subject, teacher_id, time, view) values (?, ?, ?, ?, ?, ?, ?, ?, ?, ?, ?, ?, ?, ?, ?, ?)
make question 4927
Hibernate: insert into question (answer, choice1, choice2, choice3, choice4, choice5, content, correct, create_date, filepath, modify_date, score, subject, teacher_id, time, view) values (?, ?, ?, ?, ?, ?, ?, ?, ?, ?, ?, ?, ?, ?, ?, ?)
make question 4928
Hibernate: insert into question (answer, choice1, choice2, choice3, choice4, choice5, content, correct, create_date, filepath, modify_date, score, subject, teacher_id, time, view) values (?, ?, ?, ?, ?, ?, ?, ?, ?, ?, ?, ?, ?, ?, ?, ?)
make question 4929
Hibernate: insert into question (answer, choice1, choice2, choice3, choice4, choice5, content, correct, create_date, filepath, modify_date, score, subject, teacher_id, time, view) values (?, ?, ?, ?, ?, ?, ?, ?, ?, ?, ?, ?, ?, ?, ?, ?)
make question 4930
Hibernate: insert into question (answer, choice1, choice2, choice3, choice4, choice5, content, correct, create_date, filepath, modify_date, score, subject, teacher_id, time, view) values (?, ?, ?, ?, ?, ?, ?, ?, ?, ?, ?, ?, ?, ?, ?, ?)
make question 4931
Hibernate: insert into question (answer, choice1, choice2, choice3, choice4, choice5, content, correct, create_date, filepath, modify_date, score, subject, teacher_id, time, view) values (?, ?, ?, ?, ?, ?, ?, ?, ?, ?, ?, ?, ?, ?, ?, ?)
make question 4932
Hibernate: insert into question (answer, choice1, choice2, choice3, choice4, choice5, content, correct, create_date, filepath, modify_date, score, subject, teacher_id, time, view) values (?, ?, ?, ?, ?, ?, ?, ?, ?, ?, ?, ?, ?, ?, ?, ?)
make question 4933
Hibernate: insert into question (answer, choice1, choice2, choice3, choice4, choice5, content, correct, create_date, filepath, modify_date, score, subject, teacher_id, time, view) values (?, ?, ?, ?, ?, ?, ?, ?, ?, ?, ?, ?, ?, ?, ?, ?)
make question 4934
Hibernate: insert into question (answer, choice1, choice2, choice3, choice4, choice5, content, correct, create_date, filepath, modify_date, score, subject, teacher_id, time, view) values (?, ?, ?, ?, ?, ?, ?, ?, ?, ?, ?, ?, ?, ?, ?, ?)
make question 4935
Hibernate: insert into question (answer, choice1, choice2, choice3, choice4, choice5, content, correct, create_date, filepath, modify_date, score, subject, teacher_id, time, view) values (?, ?, ?, ?, ?, ?, ?, ?, ?, ?, ?, ?, ?, ?, ?, ?)
make question 4936
Hibernate: insert into question (answer, choice1, choice2, choice3, choice4, choice5, content, correct, create_date, filepath, modify_date, score, subject, teacher_id, time, view) values (?, ?, ?, ?, ?, ?, ?, ?, ?, ?, ?, ?, ?, ?, ?, ?)
make question 4937
Hibernate: insert into question (answer, choice1, choice2, choice3, choice4, choice5, content, correct, create_date, filepath, modify_date, score, subject, teacher_id, time, view) values (?, ?, ?, ?, ?, ?, ?, ?, ?, ?, ?, ?, ?, ?, ?, ?)
make question 4938
Hibernate: insert into question (answer, choice1, choice2, choice3, choice4, choice5, content, correct, create_date, filepath, modify_date, score, subject, teacher_id, time, view) values (?, ?, ?, ?, ?, ?, ?, ?, ?, ?, ?, ?, ?, ?, ?, ?)
make question 4939
Hibernate: insert into question (answer, choice1, choice2, choice3, choice4, choice5, content, correct, create_date, filepath, modify_date, score, subject, teacher_id, time, view) values (?, ?, ?, ?, ?, ?, ?, ?, ?, ?, ?, ?, ?, ?, ?, ?)
make question 4940
Hibernate: insert into question (answer, choice1, choice2, choice3, choice4, choice5, content, correct, create_date, filepath, modify_date, score, subject, teacher_id, time, view) values (?, ?, ?, ?, ?, ?, ?, ?, ?, ?, ?, ?, ?, ?, ?, ?)
make question 4941
Hibernate: insert into question (answer, choice1, choice2, choice3, choice4, choice5, content, correct, create_date, filepath, modify_date, score, subject, teacher_id, time, view) values (?, ?, ?, ?, ?, ?, ?, ?, ?, ?, ?, ?, ?, ?, ?, ?)
make question 4942
Hibernate: insert into question (answer, choice1, choice2, choice3, choice4, choice5, content, correct, create_date, filepath, modify_date, score, subject, teacher_id, time, view) values (?, ?, ?, ?, ?, ?, ?, ?, ?, ?, ?, ?, ?, ?, ?, ?)
make question 4943
Hibernate: insert into question (answer, choice1, choice2, choice3, choice4, choice5, content, correct, create_date, filepath, modify_date, score, subject, teacher_id, time, view) values (?, ?, ?, ?, ?, ?, ?, ?, ?, ?, ?, ?, ?, ?, ?, ?)
make question 4944
Hibernate: insert into question (answer, choice1, choice2, choice3, choice4, choice5, content, correct, create_date, filepath, modify_date, score, subject, teacher_id, time, view) values (?, ?, ?, ?, ?, ?, ?, ?, ?, ?, ?, ?, ?, ?, ?, ?)
make question 4945
Hibernate: insert into question (answer, choice1, choice2, choice3, choice4, choice5, content, correct, create_date, filepath, modify_date, score, subject, teacher_id, time, view) values (?, ?, ?, ?, ?, ?, ?, ?, ?, ?, ?, ?, ?, ?, ?, ?)
make question 4946
Hibernate: insert into question (answer, choice1, choice2, choice3, choice4, choice5, content, correct, create_date, filepath, modify_date, score, subject, teacher_id, time, view) values (?, ?, ?, ?, ?, ?, ?, ?, ?, ?, ?, ?, ?, ?, ?, ?)
make question 4947
Hibernate: insert into question (answer, choice1, choice2, choice3, choice4, choice5, content, correct, create_date, filepath, modify_date, score, subject, teacher_id, time, view) values (?, ?, ?, ?, ?, ?, ?, ?, ?, ?, ?, ?, ?, ?, ?, ?)
make question 4948
Hibernate: insert into question (answer, choice1, choice2, choice3, choice4, choice5, content, correct, create_date, filepath, modify_date, score, subject, teacher_id, time, view) values (?, ?, ?, ?, ?, ?, ?, ?, ?, ?, ?, ?, ?, ?, ?, ?)
make question 4949
Hibernate: insert into question (answer, choice1, choice2, choice3, choice4, choice5, content, correct, create_date, filepath, modify_date, score, subject, teacher_id, time, view) values (?, ?, ?, ?, ?, ?, ?, ?, ?, ?, ?, ?, ?, ?, ?, ?)
make question 4950
Hibernate: insert into question (answer, choice1, choice2, choice3, choice4, choice5, content, correct, create_date, filepath, modify_date, score, subject, teacher_id, time, view) values (?, ?, ?, ?, ?, ?, ?, ?, ?, ?, ?, ?, ?, ?, ?, ?)
make question 4951
Hibernate: insert into question (answer, choice1, choice2, choice3, choice4, choice5, content, correct, create_date, filepath, modify_date, score, subject, teacher_id, time, view) values (?, ?, ?, ?, ?, ?, ?, ?, ?, ?, ?, ?, ?, ?, ?, ?)
make question 4952
Hibernate: insert into question (answer, choice1, choice2, choice3, choice4, choice5, content, correct, create_date, filepath, modify_date, score, subject, teacher_id, time, view) values (?, ?, ?, ?, ?, ?, ?, ?, ?, ?, ?, ?, ?, ?, ?, ?)
make question 4953
Hibernate: insert into question (answer, choice1, choice2, choice3, choice4, choice5, content, correct, create_date, filepath, modify_date, score, subject, teacher_id, time, view) values (?, ?, ?, ?, ?, ?, ?, ?, ?, ?, ?, ?, ?, ?, ?, ?)
make question 4954
Hibernate: insert into question (answer, choice1, choice2, choice3, choice4, choice5, content, correct, create_date, filepath, modify_date, score, subject, teacher_id, time, view) values (?, ?, ?, ?, ?, ?, ?, ?, ?, ?, ?, ?, ?, ?, ?, ?)
make question 4955
Hibernate: insert into question (answer, choice1, choice2, choice3, choice4, choice5, content, correct, create_date, filepath, modify_date, score, subject, teacher_id, time, view) values (?, ?, ?, ?, ?, ?, ?, ?, ?, ?, ?, ?, ?, ?, ?, ?)
make question 4956
Hibernate: insert into question (answer, choice1, choice2, choice3, choice4, choice5, content, correct, create_date, filepath, modify_date, score, subject, teacher_id, time, view) values (?, ?, ?, ?, ?, ?, ?, ?, ?, ?, ?, ?, ?, ?, ?, ?)
make question 4957
Hibernate: insert into question (answer, choice1, choice2, choice3, choice4, choice5, content, correct, create_date, filepath, modify_date, score, subject, teacher_id, time, view) values (?, ?, ?, ?, ?, ?, ?, ?, ?, ?, ?, ?, ?, ?, ?, ?)
make question 4958
Hibernate: insert into question (answer, choice1, choice2, choice3, choice4, choice5, content, correct, create_date, filepath, modify_date, score, subject, teacher_id, time, view) values (?, ?, ?, ?, ?, ?, ?, ?, ?, ?, ?, ?, ?, ?, ?, ?)
make question 4959
Hibernate: insert into question (answer, choice1, choice2, choice3, choice4, choice5, content, correct, create_date, filepath, modify_date, score, subject, teacher_id, time, view) values (?, ?, ?, ?, ?, ?, ?, ?, ?, ?, ?, ?, ?, ?, ?, ?)
make question 4960
Hibernate: insert into question (answer, choice1, choice2, choice3, choice4, choice5, content, correct, create_date, filepath, modify_date, score, subject, teacher_id, time, view) values (?, ?, ?, ?, ?, ?, ?, ?, ?, ?, ?, ?, ?, ?, ?, ?)
make question 4961
Hibernate: insert into question (answer, choice1, choice2, choice3, choice4, choice5, content, correct, create_date, filepath, modify_date, score, subject, teacher_id, time, view) values (?, ?, ?, ?, ?, ?, ?, ?, ?, ?, ?, ?, ?, ?, ?, ?)
make question 4962
Hibernate: insert into question (answer, choice1, choice2, choice3, choice4, choice5, content, correct, create_date, filepath, modify_date, score, subject, teacher_id, time, view) values (?, ?, ?, ?, ?, ?, ?, ?, ?, ?, ?, ?, ?, ?, ?, ?)
make question 4963
Hibernate: insert into question (answer, choice1, choice2, choice3, choice4, choice5, content, correct, create_date, filepath, modify_date, score, subject, teacher_id, time, view) values (?, ?, ?, ?, ?, ?, ?, ?, ?, ?, ?, ?, ?, ?, ?, ?)
make question 4964
Hibernate: insert into question (answer, choice1, choice2, choice3, choice4, choice5, content, correct, create_date, filepath, modify_date, score, subject, teacher_id, time, view) values (?, ?, ?, ?, ?, ?, ?, ?, ?, ?, ?, ?, ?, ?, ?, ?)
make question 4965
Hibernate: insert into question (answer, choice1, choice2, choice3, choice4, choice5, content, correct, create_date, filepath, modify_date, score, subject, teacher_id, time, view) values (?, ?, ?, ?, ?, ?, ?, ?, ?, ?, ?, ?, ?, ?, ?, ?)
make question 4966
Hibernate: insert into question (answer, choice1, choice2, choice3, choice4, choice5, content, correct, create_date, filepath, modify_date, score, subject, teacher_id, time, view) values (?, ?, ?, ?, ?, ?, ?, ?, ?, ?, ?, ?, ?, ?, ?, ?)
make question 4967
Hibernate: insert into question (answer, choice1, choice2, choice3, choice4, choice5, content, correct, create_date, filepath, modify_date, score, subject, teacher_id, time, view) values (?, ?, ?, ?, ?, ?, ?, ?, ?, ?, ?, ?, ?, ?, ?, ?)
make question 4968
Hibernate: insert into question (answer, choice1, choice2, choice3, choice4, choice5, content, correct, create_date, filepath, modify_date, score, subject, teacher_id, time, view) values (?, ?, ?, ?, ?, ?, ?, ?, ?, ?, ?, ?, ?, ?, ?, ?)
make question 4969
Hibernate: insert into question (answer, choice1, choice2, choice3, choice4, choice5, content, correct, create_date, filepath, modify_date, score, subject, teacher_id, time, view) values (?, ?, ?, ?, ?, ?, ?, ?, ?, ?, ?, ?, ?, ?, ?, ?)
make question 4970
Hibernate: insert into question (answer, choice1, choice2, choice3, choice4, choice5, content, correct, create_date, filepath, modify_date, score, subject, teacher_id, time, view) values (?, ?, ?, ?, ?, ?, ?, ?, ?, ?, ?, ?, ?, ?, ?, ?)
make question 4971
Hibernate: insert into question (answer, choice1, choice2, choice3, choice4, choice5, content, correct, create_date, filepath, modify_date, score, subject, teacher_id, time, view) values (?, ?, ?, ?, ?, ?, ?, ?, ?, ?, ?, ?, ?, ?, ?, ?)
make question 4972
Hibernate: insert into question (answer, choice1, choice2, choice3, choice4, choice5, content, correct, create_date, filepath, modify_date, score, subject, teacher_id, time, view) values (?, ?, ?, ?, ?, ?, ?, ?, ?, ?, ?, ?, ?, ?, ?, ?)
make question 4973
Hibernate: insert into question (answer, choice1, choice2, choice3, choice4, choice5, content, correct, create_date, filepath, modify_date, score, subject, teacher_id, time, view) values (?, ?, ?, ?, ?, ?, ?, ?, ?, ?, ?, ?, ?, ?, ?, ?)
make question 4974
Hibernate: insert into question (answer, choice1, choice2, choice3, choice4, choice5, content, correct, create_date, filepath, modify_date, score, subject, teacher_id, time, view) values (?, ?, ?, ?, ?, ?, ?, ?, ?, ?, ?, ?, ?, ?, ?, ?)
make question 4975
Hibernate: insert into question (answer, choice1, choice2, choice3, choice4, choice5, content, correct, create_date, filepath, modify_date, score, subject, teacher_id, time, view) values (?, ?, ?, ?, ?, ?, ?, ?, ?, ?, ?, ?, ?, ?, ?, ?)
make question 4976
Hibernate: insert into question (answer, choice1, choice2, choice3, choice4, choice5, content, correct, create_date, filepath, modify_date, score, subject, teacher_id, time, view) values (?, ?, ?, ?, ?, ?, ?, ?, ?, ?, ?, ?, ?, ?, ?, ?)
make question 4977
Hibernate: insert into question (answer, choice1, choice2, choice3, choice4, choice5, content, correct, create_date, filepath, modify_date, score, subject, teacher_id, time, view) values (?, ?, ?, ?, ?, ?, ?, ?, ?, ?, ?, ?, ?, ?, ?, ?)
make question 4978
Hibernate: insert into question (answer, choice1, choice2, choice3, choice4, choice5, content, correct, create_date, filepath, modify_date, score, subject, teacher_id, time, view) values (?, ?, ?, ?, ?, ?, ?, ?, ?, ?, ?, ?, ?, ?, ?, ?)
make question 4979
Hibernate: insert into question (answer, choice1, choice2, choice3, choice4, choice5, content, correct, create_date, filepath, modify_date, score, subject, teacher_id, time, view) values (?, ?, ?, ?, ?, ?, ?, ?, ?, ?, ?, ?, ?, ?, ?, ?)
make question 4980
Hibernate: insert into question (answer, choice1, choice2, choice3, choice4, choice5, content, correct, create_date, filepath, modify_date, score, subject, teacher_id, time, view) values (?, ?, ?, ?, ?, ?, ?, ?, ?, ?, ?, ?, ?, ?, ?, ?)
make question 4981
Hibernate: insert into question (answer, choice1, choice2, choice3, choice4, choice5, content, correct, create_date, filepath, modify_date, score, subject, teacher_id, time, view) values (?, ?, ?, ?, ?, ?, ?, ?, ?, ?, ?, ?, ?, ?, ?, ?)
make question 4982
Hibernate: insert into question (answer, choice1, choice2, choice3, choice4, choice5, content, correct, create_date, filepath, modify_date, score, subject, teacher_id, time, view) values (?, ?, ?, ?, ?, ?, ?, ?, ?, ?, ?, ?, ?, ?, ?, ?)
make question 4983
Hibernate: insert into question (answer, choice1, choice2, choice3, choice4, choice5, content, correct, create_date, filepath, modify_date, score, subject, teacher_id, time, view) values (?, ?, ?, ?, ?, ?, ?, ?, ?, ?, ?, ?, ?, ?, ?, ?)
make question 4984
Hibernate: insert into question (answer, choice1, choice2, choice3, choice4, choice5, content, correct, create_date, filepath, modify_date, score, subject, teacher_id, time, view) values (?, ?, ?, ?, ?, ?, ?, ?, ?, ?, ?, ?, ?, ?, ?, ?)
make question 4985
Hibernate: insert into question (answer, choice1, choice2, choice3, choice4, choice5, content, correct, create_date, filepath, modify_date, score, subject, teacher_id, time, view) values (?, ?, ?, ?, ?, ?, ?, ?, ?, ?, ?, ?, ?, ?, ?, ?)
make question 4986
Hibernate: insert into question (answer, choice1, choice2, choice3, choice4, choice5, content, correct, create_date, filepath, modify_date, score, subject, teacher_id, time, view) values (?, ?, ?, ?, ?, ?, ?, ?, ?, ?, ?, ?, ?, ?, ?, ?)
make question 4987
Hibernate: insert into question (answer, choice1, choice2, choice3, choice4, choice5, content, correct, create_date, filepath, modify_date, score, subject, teacher_id, time, view) values (?, ?, ?, ?, ?, ?, ?, ?, ?, ?, ?, ?, ?, ?, ?, ?)
make question 4988
Hibernate: insert into question (answer, choice1, choice2, choice3, choice4, choice5, content, correct, create_date, filepath, modify_date, score, subject, teacher_id, time, view) values (?, ?, ?, ?, ?, ?, ?, ?, ?, ?, ?, ?, ?, ?, ?, ?)
make question 4989
Hibernate: insert into question (answer, choice1, choice2, choice3, choice4, choice5, content, correct, create_date, filepath, modify_date, score, subject, teacher_id, time, view) values (?, ?, ?, ?, ?, ?, ?, ?, ?, ?, ?, ?, ?, ?, ?, ?)
make question 4990
Hibernate: insert into question (answer, choice1, choice2, choice3, choice4, choice5, content, correct, create_date, filepath, modify_date, score, subject, teacher_id, time, view) values (?, ?, ?, ?, ?, ?, ?, ?, ?, ?, ?, ?, ?, ?, ?, ?)
make question 4991
Hibernate: insert into question (answer, choice1, choice2, choice3, choice4, choice5, content, correct, create_date, filepath, modify_date, score, subject, teacher_id, time, view) values (?, ?, ?, ?, ?, ?, ?, ?, ?, ?, ?, ?, ?, ?, ?, ?)
make question 4992
Hibernate: insert into question (answer, choice1, choice2, choice3, choice4, choice5, content, correct, create_date, filepath, modify_date, score, subject, teacher_id, time, view) values (?, ?, ?, ?, ?, ?, ?, ?, ?, ?, ?, ?, ?, ?, ?, ?)
make question 4993
Hibernate: insert into question (answer, choice1, choice2, choice3, choice4, choice5, content, correct, create_date, filepath, modify_date, score, subject, teacher_id, time, view) values (?, ?, ?, ?, ?, ?, ?, ?, ?, ?, ?, ?, ?, ?, ?, ?)
make question 4994
Hibernate: insert into question (answer, choice1, choice2, choice3, choice4, choice5, content, correct, create_date, filepath, modify_date, score, subject, teacher_id, time, view) values (?, ?, ?, ?, ?, ?, ?, ?, ?, ?, ?, ?, ?, ?, ?, ?)
make question 4995
Hibernate: insert into question (answer, choice1, choice2, choice3, choice4, choice5, content, correct, create_date, filepath, modify_date, score, subject, teacher_id, time, view) values (?, ?, ?, ?, ?, ?, ?, ?, ?, ?, ?, ?, ?, ?, ?, ?)
make question 4996
Hibernate: insert into question (answer, choice1, choice2, choice3, choice4, choice5, content, correct, create_date, filepath, modify_date, score, subject, teacher_id, time, view) values (?, ?, ?, ?, ?, ?, ?, ?, ?, ?, ?, ?, ?, ?, ?, ?)
make question 4997
Hibernate: insert into question (answer, choice1, choice2, choice3, choice4, choice5, content, correct, create_date, filepath, modify_date, score, subject, teacher_id, time, view) values (?, ?, ?, ?, ?, ?, ?, ?, ?, ?, ?, ?, ?, ?, ?, ?)
make question 4998
Hibernate: insert into question (answer, choice1, choice2, choice3, choice4, choice5, content, correct, create_date, filepath, modify_date, score, subject, teacher_id, time, view) values (?, ?, ?, ?, ?, ?, ?, ?, ?, ?, ?, ?, ?, ?, ?, ?)
make question 4999
Hibernate: insert into question (answer, choice1, choice2, choice3, choice4, choice5, content, correct, create_date, filepath, modify_date, score, subject, teacher_id, time, view) values (?, ?, ?, ?, ?, ?, ?, ?, ?, ?, ?, ?, ?, ?, ?, ?)
make question 5000
Hibernate: insert into question (answer, choice1, choice2, choice3, choice4, choice5, content, correct, create_date, filepath, modify_date, score, subject, teacher_id, time, view) values (?, ?, ?, ?, ?, ?, ?, ?, ?, ?, ?, ?, ?, ?, ?, ?)
make question 5001
Hibernate: insert into question (answer, choice1, choice2, choice3, choice4, choice5, content, correct, create_date, filepath, modify_date, score, subject, teacher_id, time, view) values (?, ?, ?, ?, ?, ?, ?, ?, ?, ?, ?, ?, ?, ?, ?, ?)
make question 5002
Hibernate: insert into question (answer, choice1, choice2, choice3, choice4, choice5, content, correct, create_date, filepath, modify_date, score, subject, teacher_id, time, view) values (?, ?, ?, ?, ?, ?, ?, ?, ?, ?, ?, ?, ?, ?, ?, ?)
make question 5003
Hibernate: insert into question (answer, choice1, choice2, choice3, choice4, choice5, content, correct, create_date, filepath, modify_date, score, subject, teacher_id, time, view) values (?, ?, ?, ?, ?, ?, ?, ?, ?, ?, ?, ?, ?, ?, ?, ?)
make question 5004
Hibernate: insert into question (answer, choice1, choice2, choice3, choice4, choice5, content, correct, create_date, filepath, modify_date, score, subject, teacher_id, time, view) values (?, ?, ?, ?, ?, ?, ?, ?, ?, ?, ?, ?, ?, ?, ?, ?)
make question 5005
Hibernate: insert into question (answer, choice1, choice2, choice3, choice4, choice5, content, correct, create_date, filepath, modify_date, score, subject, teacher_id, time, view) values (?, ?, ?, ?, ?, ?, ?, ?, ?, ?, ?, ?, ?, ?, ?, ?)
make question 5006
Hibernate: insert into question (answer, choice1, choice2, choice3, choice4, choice5, content, correct, create_date, filepath, modify_date, score, subject, teacher_id, time, view) values (?, ?, ?, ?, ?, ?, ?, ?, ?, ?, ?, ?, ?, ?, ?, ?)
make question 5007
Hibernate: insert into question (answer, choice1, choice2, choice3, choice4, choice5, content, correct, create_date, filepath, modify_date, score, subject, teacher_id, time, view) values (?, ?, ?, ?, ?, ?, ?, ?, ?, ?, ?, ?, ?, ?, ?, ?)
make question 5008
Hibernate: insert into question (answer, choice1, choice2, choice3, choice4, choice5, content, correct, create_date, filepath, modify_date, score, subject, teacher_id, time, view) values (?, ?, ?, ?, ?, ?, ?, ?, ?, ?, ?, ?, ?, ?, ?, ?)
make question 5009
Hibernate: insert into question (answer, choice1, choice2, choice3, choice4, choice5, content, correct, create_date, filepath, modify_date, score, subject, teacher_id, time, view) values (?, ?, ?, ?, ?, ?, ?, ?, ?, ?, ?, ?, ?, ?, ?, ?)
make question 5010
Hibernate: insert into question (answer, choice1, choice2, choice3, choice4, choice5, content, correct, create_date, filepath, modify_date, score, subject, teacher_id, time, view) values (?, ?, ?, ?, ?, ?, ?, ?, ?, ?, ?, ?, ?, ?, ?, ?)
make question 5011
Hibernate: insert into question (answer, choice1, choice2, choice3, choice4, choice5, content, correct, create_date, filepath, modify_date, score, subject, teacher_id, time, view) values (?, ?, ?, ?, ?, ?, ?, ?, ?, ?, ?, ?, ?, ?, ?, ?)
make question 5012
Hibernate: insert into question (answer, choice1, choice2, choice3, choice4, choice5, content, correct, create_date, filepath, modify_date, score, subject, teacher_id, time, view) values (?, ?, ?, ?, ?, ?, ?, ?, ?, ?, ?, ?, ?, ?, ?, ?)
make question 5013
Hibernate: insert into question (answer, choice1, choice2, choice3, choice4, choice5, content, correct, create_date, filepath, modify_date, score, subject, teacher_id, time, view) values (?, ?, ?, ?, ?, ?, ?, ?, ?, ?, ?, ?, ?, ?, ?, ?)
make question 5014
Hibernate: insert into question (answer, choice1, choice2, choice3, choice4, choice5, content, correct, create_date, filepath, modify_date, score, subject, teacher_id, time, view) values (?, ?, ?, ?, ?, ?, ?, ?, ?, ?, ?, ?, ?, ?, ?, ?)
make question 5015
Hibernate: insert into question (answer, choice1, choice2, choice3, choice4, choice5, content, correct, create_date, filepath, modify_date, score, subject, teacher_id, time, view) values (?, ?, ?, ?, ?, ?, ?, ?, ?, ?, ?, ?, ?, ?, ?, ?)
make question 5016
Hibernate: insert into question (answer, choice1, choice2, choice3, choice4, choice5, content, correct, create_date, filepath, modify_date, score, subject, teacher_id, time, view) values (?, ?, ?, ?, ?, ?, ?, ?, ?, ?, ?, ?, ?, ?, ?, ?)
make question 5017
Hibernate: insert into question (answer, choice1, choice2, choice3, choice4, choice5, content, correct, create_date, filepath, modify_date, score, subject, teacher_id, time, view) values (?, ?, ?, ?, ?, ?, ?, ?, ?, ?, ?, ?, ?, ?, ?, ?)
make question 5018
Hibernate: insert into question (answer, choice1, choice2, choice3, choice4, choice5, content, correct, create_date, filepath, modify_date, score, subject, teacher_id, time, view) values (?, ?, ?, ?, ?, ?, ?, ?, ?, ?, ?, ?, ?, ?, ?, ?)
make question 5019
Hibernate: insert into question (answer, choice1, choice2, choice3, choice4, choice5, content, correct, create_date, filepath, modify_date, score, subject, teacher_id, time, view) values (?, ?, ?, ?, ?, ?, ?, ?, ?, ?, ?, ?, ?, ?, ?, ?)
make question 5020
Hibernate: insert into question (answer, choice1, choice2, choice3, choice4, choice5, content, correct, create_date, filepath, modify_date, score, subject, teacher_id, time, view) values (?, ?, ?, ?, ?, ?, ?, ?, ?, ?, ?, ?, ?, ?, ?, ?)
make question 5021
Hibernate: insert into question (answer, choice1, choice2, choice3, choice4, choice5, content, correct, create_date, filepath, modify_date, score, subject, teacher_id, time, view) values (?, ?, ?, ?, ?, ?, ?, ?, ?, ?, ?, ?, ?, ?, ?, ?)
make question 5022
Hibernate: insert into question (answer, choice1, choice2, choice3, choice4, choice5, content, correct, create_date, filepath, modify_date, score, subject, teacher_id, time, view) values (?, ?, ?, ?, ?, ?, ?, ?, ?, ?, ?, ?, ?, ?, ?, ?)
make question 5023
Hibernate: insert into question (answer, choice1, choice2, choice3, choice4, choice5, content, correct, create_date, filepath, modify_date, score, subject, teacher_id, time, view) values (?, ?, ?, ?, ?, ?, ?, ?, ?, ?, ?, ?, ?, ?, ?, ?)
make question 5024
Hibernate: insert into question (answer, choice1, choice2, choice3, choice4, choice5, content, correct, create_date, filepath, modify_date, score, subject, teacher_id, time, view) values (?, ?, ?, ?, ?, ?, ?, ?, ?, ?, ?, ?, ?, ?, ?, ?)
make question 5025
Hibernate: insert into question (answer, choice1, choice2, choice3, choice4, choice5, content, correct, create_date, filepath, modify_date, score, subject, teacher_id, time, view) values (?, ?, ?, ?, ?, ?, ?, ?, ?, ?, ?, ?, ?, ?, ?, ?)
make question 5026
Hibernate: insert into question (answer, choice1, choice2, choice3, choice4, choice5, content, correct, create_date, filepath, modify_date, score, subject, teacher_id, time, view) values (?, ?, ?, ?, ?, ?, ?, ?, ?, ?, ?, ?, ?, ?, ?, ?)
make question 5027
Hibernate: insert into question (answer, choice1, choice2, choice3, choice4, choice5, content, correct, create_date, filepath, modify_date, score, subject, teacher_id, time, view) values (?, ?, ?, ?, ?, ?, ?, ?, ?, ?, ?, ?, ?, ?, ?, ?)
make question 5028
Hibernate: insert into question (answer, choice1, choice2, choice3, choice4, choice5, content, correct, create_date, filepath, modify_date, score, subject, teacher_id, time, view) values (?, ?, ?, ?, ?, ?, ?, ?, ?, ?, ?, ?, ?, ?, ?, ?)
make question 5029
Hibernate: insert into question (answer, choice1, choice2, choice3, choice4, choice5, content, correct, create_date, filepath, modify_date, score, subject, teacher_id, time, view) values (?, ?, ?, ?, ?, ?, ?, ?, ?, ?, ?, ?, ?, ?, ?, ?)
make question 5030
Hibernate: insert into question (answer, choice1, choice2, choice3, choice4, choice5, content, correct, create_date, filepath, modify_date, score, subject, teacher_id, time, view) values (?, ?, ?, ?, ?, ?, ?, ?, ?, ?, ?, ?, ?, ?, ?, ?)
make question 5031
Hibernate: insert into question (answer, choice1, choice2, choice3, choice4, choice5, content, correct, create_date, filepath, modify_date, score, subject, teacher_id, time, view) values (?, ?, ?, ?, ?, ?, ?, ?, ?, ?, ?, ?, ?, ?, ?, ?)
make question 5032
Hibernate: insert into question (answer, choice1, choice2, choice3, choice4, choice5, content, correct, create_date, filepath, modify_date, score, subject, teacher_id, time, view) values (?, ?, ?, ?, ?, ?, ?, ?, ?, ?, ?, ?, ?, ?, ?, ?)
make question 5033
Hibernate: insert into question (answer, choice1, choice2, choice3, choice4, choice5, content, correct, create_date, filepath, modify_date, score, subject, teacher_id, time, view) values (?, ?, ?, ?, ?, ?, ?, ?, ?, ?, ?, ?, ?, ?, ?, ?)
make question 5034
Hibernate: insert into question (answer, choice1, choice2, choice3, choice4, choice5, content, correct, create_date, filepath, modify_date, score, subject, teacher_id, time, view) values (?, ?, ?, ?, ?, ?, ?, ?, ?, ?, ?, ?, ?, ?, ?, ?)
make question 5035
Hibernate: insert into question (answer, choice1, choice2, choice3, choice4, choice5, content, correct, create_date, filepath, modify_date, score, subject, teacher_id, time, view) values (?, ?, ?, ?, ?, ?, ?, ?, ?, ?, ?, ?, ?, ?, ?, ?)
make question 5036
Hibernate: insert into question (answer, choice1, choice2, choice3, choice4, choice5, content, correct, create_date, filepath, modify_date, score, subject, teacher_id, time, view) values (?, ?, ?, ?, ?, ?, ?, ?, ?, ?, ?, ?, ?, ?, ?, ?)
make question 5037
Hibernate: insert into question (answer, choice1, choice2, choice3, choice4, choice5, content, correct, create_date, filepath, modify_date, score, subject, teacher_id, time, view) values (?, ?, ?, ?, ?, ?, ?, ?, ?, ?, ?, ?, ?, ?, ?, ?)
make question 5038
Hibernate: insert into question (answer, choice1, choice2, choice3, choice4, choice5, content, correct, create_date, filepath, modify_date, score, subject, teacher_id, time, view) values (?, ?, ?, ?, ?, ?, ?, ?, ?, ?, ?, ?, ?, ?, ?, ?)
make question 5039
Hibernate: insert into question (answer, choice1, choice2, choice3, choice4, choice5, content, correct, create_date, filepath, modify_date, score, subject, teacher_id, time, view) values (?, ?, ?, ?, ?, ?, ?, ?, ?, ?, ?, ?, ?, ?, ?, ?)
make question 5040
Hibernate: insert into question (answer, choice1, choice2, choice3, choice4, choice5, content, correct, create_date, filepath, modify_date, score, subject, teacher_id, time, view) values (?, ?, ?, ?, ?, ?, ?, ?, ?, ?, ?, ?, ?, ?, ?, ?)
make question 5041
Hibernate: insert into question (answer, choice1, choice2, choice3, choice4, choice5, content, correct, create_date, filepath, modify_date, score, subject, teacher_id, time, view) values (?, ?, ?, ?, ?, ?, ?, ?, ?, ?, ?, ?, ?, ?, ?, ?)
make question 5042
Hibernate: insert into question (answer, choice1, choice2, choice3, choice4, choice5, content, correct, create_date, filepath, modify_date, score, subject, teacher_id, time, view) values (?, ?, ?, ?, ?, ?, ?, ?, ?, ?, ?, ?, ?, ?, ?, ?)
make question 5043
Hibernate: insert into question (answer, choice1, choice2, choice3, choice4, choice5, content, correct, create_date, filepath, modify_date, score, subject, teacher_id, time, view) values (?, ?, ?, ?, ?, ?, ?, ?, ?, ?, ?, ?, ?, ?, ?, ?)
make question 5044
Hibernate: insert into question (answer, choice1, choice2, choice3, choice4, choice5, content, correct, create_date, filepath, modify_date, score, subject, teacher_id, time, view) values (?, ?, ?, ?, ?, ?, ?, ?, ?, ?, ?, ?, ?, ?, ?, ?)
make question 5045
Hibernate: insert into question (answer, choice1, choice2, choice3, choice4, choice5, content, correct, create_date, filepath, modify_date, score, subject, teacher_id, time, view) values (?, ?, ?, ?, ?, ?, ?, ?, ?, ?, ?, ?, ?, ?, ?, ?)
make question 5046
Hibernate: insert into question (answer, choice1, choice2, choice3, choice4, choice5, content, correct, create_date, filepath, modify_date, score, subject, teacher_id, time, view) values (?, ?, ?, ?, ?, ?, ?, ?, ?, ?, ?, ?, ?, ?, ?, ?)
make question 5047
Hibernate: insert into question (answer, choice1, choice2, choice3, choice4, choice5, content, correct, create_date, filepath, modify_date, score, subject, teacher_id, time, view) values (?, ?, ?, ?, ?, ?, ?, ?, ?, ?, ?, ?, ?, ?, ?, ?)
make question 5048
Hibernate: insert into question (answer, choice1, choice2, choice3, choice4, choice5, content, correct, create_date, filepath, modify_date, score, subject, teacher_id, time, view) values (?, ?, ?, ?, ?, ?, ?, ?, ?, ?, ?, ?, ?, ?, ?, ?)
make question 5049
Hibernate: insert into question (answer, choice1, choice2, choice3, choice4, choice5, content, correct, create_date, filepath, modify_date, score, subject, teacher_id, time, view) values (?, ?, ?, ?, ?, ?, ?, ?, ?, ?, ?, ?, ?, ?, ?, ?)
make question 5050
Hibernate: insert into question (answer, choice1, choice2, choice3, choice4, choice5, content, correct, create_date, filepath, modify_date, score, subject, teacher_id, time, view) values (?, ?, ?, ?, ?, ?, ?, ?, ?, ?, ?, ?, ?, ?, ?, ?)
make question 5051
Hibernate: insert into question (answer, choice1, choice2, choice3, choice4, choice5, content, correct, create_date, filepath, modify_date, score, subject, teacher_id, time, view) values (?, ?, ?, ?, ?, ?, ?, ?, ?, ?, ?, ?, ?, ?, ?, ?)
make question 5052
Hibernate: insert into question (answer, choice1, choice2, choice3, choice4, choice5, content, correct, create_date, filepath, modify_date, score, subject, teacher_id, time, view) values (?, ?, ?, ?, ?, ?, ?, ?, ?, ?, ?, ?, ?, ?, ?, ?)
make question 5053
Hibernate: insert into question (answer, choice1, choice2, choice3, choice4, choice5, content, correct, create_date, filepath, modify_date, score, subject, teacher_id, time, view) values (?, ?, ?, ?, ?, ?, ?, ?, ?, ?, ?, ?, ?, ?, ?, ?)
make question 5054
Hibernate: insert into question (answer, choice1, choice2, choice3, choice4, choice5, content, correct, create_date, filepath, modify_date, score, subject, teacher_id, time, view) values (?, ?, ?, ?, ?, ?, ?, ?, ?, ?, ?, ?, ?, ?, ?, ?)
make question 5055
Hibernate: insert into question (answer, choice1, choice2, choice3, choice4, choice5, content, correct, create_date, filepath, modify_date, score, subject, teacher_id, time, view) values (?, ?, ?, ?, ?, ?, ?, ?, ?, ?, ?, ?, ?, ?, ?, ?)
make question 5056
Hibernate: insert into question (answer, choice1, choice2, choice3, choice4, choice5, content, correct, create_date, filepath, modify_date, score, subject, teacher_id, time, view) values (?, ?, ?, ?, ?, ?, ?, ?, ?, ?, ?, ?, ?, ?, ?, ?)
make question 5057
Hibernate: insert into question (answer, choice1, choice2, choice3, choice4, choice5, content, correct, create_date, filepath, modify_date, score, subject, teacher_id, time, view) values (?, ?, ?, ?, ?, ?, ?, ?, ?, ?, ?, ?, ?, ?, ?, ?)
make question 5058
Hibernate: insert into question (answer, choice1, choice2, choice3, choice4, choice5, content, correct, create_date, filepath, modify_date, score, subject, teacher_id, time, view) values (?, ?, ?, ?, ?, ?, ?, ?, ?, ?, ?, ?, ?, ?, ?, ?)
make question 5059
Hibernate: insert into question (answer, choice1, choice2, choice3, choice4, choice5, content, correct, create_date, filepath, modify_date, score, subject, teacher_id, time, view) values (?, ?, ?, ?, ?, ?, ?, ?, ?, ?, ?, ?, ?, ?, ?, ?)
make question 5060
Hibernate: insert into question (answer, choice1, choice2, choice3, choice4, choice5, content, correct, create_date, filepath, modify_date, score, subject, teacher_id, time, view) values (?, ?, ?, ?, ?, ?, ?, ?, ?, ?, ?, ?, ?, ?, ?, ?)
make question 5061
Hibernate: insert into question (answer, choice1, choice2, choice3, choice4, choice5, content, correct, create_date, filepath, modify_date, score, subject, teacher_id, time, view) values (?, ?, ?, ?, ?, ?, ?, ?, ?, ?, ?, ?, ?, ?, ?, ?)
make question 5062
Hibernate: insert into question (answer, choice1, choice2, choice3, choice4, choice5, content, correct, create_date, filepath, modify_date, score, subject, teacher_id, time, view) values (?, ?, ?, ?, ?, ?, ?, ?, ?, ?, ?, ?, ?, ?, ?, ?)
make question 5063
Hibernate: insert into question (answer, choice1, choice2, choice3, choice4, choice5, content, correct, create_date, filepath, modify_date, score, subject, teacher_id, time, view) values (?, ?, ?, ?, ?, ?, ?, ?, ?, ?, ?, ?, ?, ?, ?, ?)
make question 5064
Hibernate: insert into question (answer, choice1, choice2, choice3, choice4, choice5, content, correct, create_date, filepath, modify_date, score, subject, teacher_id, time, view) values (?, ?, ?, ?, ?, ?, ?, ?, ?, ?, ?, ?, ?, ?, ?, ?)
make question 5065
Hibernate: insert into question (answer, choice1, choice2, choice3, choice4, choice5, content, correct, create_date, filepath, modify_date, score, subject, teacher_id, time, view) values (?, ?, ?, ?, ?, ?, ?, ?, ?, ?, ?, ?, ?, ?, ?, ?)
make question 5066
Hibernate: insert into question (answer, choice1, choice2, choice3, choice4, choice5, content, correct, create_date, filepath, modify_date, score, subject, teacher_id, time, view) values (?, ?, ?, ?, ?, ?, ?, ?, ?, ?, ?, ?, ?, ?, ?, ?)
make question 5067
Hibernate: insert into question (answer, choice1, choice2, choice3, choice4, choice5, content, correct, create_date, filepath, modify_date, score, subject, teacher_id, time, view) values (?, ?, ?, ?, ?, ?, ?, ?, ?, ?, ?, ?, ?, ?, ?, ?)
make question 5068
Hibernate: insert into question (answer, choice1, choice2, choice3, choice4, choice5, content, correct, create_date, filepath, modify_date, score, subject, teacher_id, time, view) values (?, ?, ?, ?, ?, ?, ?, ?, ?, ?, ?, ?, ?, ?, ?, ?)
make question 5069
Hibernate: insert into question (answer, choice1, choice2, choice3, choice4, choice5, content, correct, create_date, filepath, modify_date, score, subject, teacher_id, time, view) values (?, ?, ?, ?, ?, ?, ?, ?, ?, ?, ?, ?, ?, ?, ?, ?)
make question 5070
Hibernate: insert into question (answer, choice1, choice2, choice3, choice4, choice5, content, correct, create_date, filepath, modify_date, score, subject, teacher_id, time, view) values (?, ?, ?, ?, ?, ?, ?, ?, ?, ?, ?, ?, ?, ?, ?, ?)
make question 5071
Hibernate: insert into question (answer, choice1, choice2, choice3, choice4, choice5, content, correct, create_date, filepath, modify_date, score, subject, teacher_id, time, view) values (?, ?, ?, ?, ?, ?, ?, ?, ?, ?, ?, ?, ?, ?, ?, ?)
make question 5072
Hibernate: insert into question (answer, choice1, choice2, choice3, choice4, choice5, content, correct, create_date, filepath, modify_date, score, subject, teacher_id, time, view) values (?, ?, ?, ?, ?, ?, ?, ?, ?, ?, ?, ?, ?, ?, ?, ?)
make question 5073
Hibernate: insert into question (answer, choice1, choice2, choice3, choice4, choice5, content, correct, create_date, filepath, modify_date, score, subject, teacher_id, time, view) values (?, ?, ?, ?, ?, ?, ?, ?, ?, ?, ?, ?, ?, ?, ?, ?)
make question 5074
Hibernate: insert into question (answer, choice1, choice2, choice3, choice4, choice5, content, correct, create_date, filepath, modify_date, score, subject, teacher_id, time, view) values (?, ?, ?, ?, ?, ?, ?, ?, ?, ?, ?, ?, ?, ?, ?, ?)
make question 5075
Hibernate: insert into question (answer, choice1, choice2, choice3, choice4, choice5, content, correct, create_date, filepath, modify_date, score, subject, teacher_id, time, view) values (?, ?, ?, ?, ?, ?, ?, ?, ?, ?, ?, ?, ?, ?, ?, ?)
make question 5076
Hibernate: insert into question (answer, choice1, choice2, choice3, choice4, choice5, content, correct, create_date, filepath, modify_date, score, subject, teacher_id, time, view) values (?, ?, ?, ?, ?, ?, ?, ?, ?, ?, ?, ?, ?, ?, ?, ?)
make question 5077
Hibernate: insert into question (answer, choice1, choice2, choice3, choice4, choice5, content, correct, create_date, filepath, modify_date, score, subject, teacher_id, time, view) values (?, ?, ?, ?, ?, ?, ?, ?, ?, ?, ?, ?, ?, ?, ?, ?)
make question 5078
Hibernate: insert into question (answer, choice1, choice2, choice3, choice4, choice5, content, correct, create_date, filepath, modify_date, score, subject, teacher_id, time, view) values (?, ?, ?, ?, ?, ?, ?, ?, ?, ?, ?, ?, ?, ?, ?, ?)
make question 5079
Hibernate: insert into question (answer, choice1, choice2, choice3, choice4, choice5, content, correct, create_date, filepath, modify_date, score, subject, teacher_id, time, view) values (?, ?, ?, ?, ?, ?, ?, ?, ?, ?, ?, ?, ?, ?, ?, ?)
make question 5080
Hibernate: insert into question (answer, choice1, choice2, choice3, choice4, choice5, content, correct, create_date, filepath, modify_date, score, subject, teacher_id, time, view) values (?, ?, ?, ?, ?, ?, ?, ?, ?, ?, ?, ?, ?, ?, ?, ?)
make question 5081
Hibernate: insert into question (answer, choice1, choice2, choice3, choice4, choice5, content, correct, create_date, filepath, modify_date, score, subject, teacher_id, time, view) values (?, ?, ?, ?, ?, ?, ?, ?, ?, ?, ?, ?, ?, ?, ?, ?)
make question 5082
Hibernate: insert into question (answer, choice1, choice2, choice3, choice4, choice5, content, correct, create_date, filepath, modify_date, score, subject, teacher_id, time, view) values (?, ?, ?, ?, ?, ?, ?, ?, ?, ?, ?, ?, ?, ?, ?, ?)
make question 5083
Hibernate: insert into question (answer, choice1, choice2, choice3, choice4, choice5, content, correct, create_date, filepath, modify_date, score, subject, teacher_id, time, view) values (?, ?, ?, ?, ?, ?, ?, ?, ?, ?, ?, ?, ?, ?, ?, ?)
make question 5084
Hibernate: insert into question (answer, choice1, choice2, choice3, choice4, choice5, content, correct, create_date, filepath, modify_date, score, subject, teacher_id, time, view) values (?, ?, ?, ?, ?, ?, ?, ?, ?, ?, ?, ?, ?, ?, ?, ?)
make question 5085
Hibernate: insert into question (answer, choice1, choice2, choice3, choice4, choice5, content, correct, create_date, filepath, modify_date, score, subject, teacher_id, time, view) values (?, ?, ?, ?, ?, ?, ?, ?, ?, ?, ?, ?, ?, ?, ?, ?)
make question 5086
Hibernate: insert into question (answer, choice1, choice2, choice3, choice4, choice5, content, correct, create_date, filepath, modify_date, score, subject, teacher_id, time, view) values (?, ?, ?, ?, ?, ?, ?, ?, ?, ?, ?, ?, ?, ?, ?, ?)
make question 5087
Hibernate: insert into question (answer, choice1, choice2, choice3, choice4, choice5, content, correct, create_date, filepath, modify_date, score, subject, teacher_id, time, view) values (?, ?, ?, ?, ?, ?, ?, ?, ?, ?, ?, ?, ?, ?, ?, ?)
make question 5088
Hibernate: insert into question (answer, choice1, choice2, choice3, choice4, choice5, content, correct, create_date, filepath, modify_date, score, subject, teacher_id, time, view) values (?, ?, ?, ?, ?, ?, ?, ?, ?, ?, ?, ?, ?, ?, ?, ?)
make question 5089
Hibernate: insert into question (answer, choice1, choice2, choice3, choice4, choice5, content, correct, create_date, filepath, modify_date, score, subject, teacher_id, time, view) values (?, ?, ?, ?, ?, ?, ?, ?, ?, ?, ?, ?, ?, ?, ?, ?)
make question 5090
Hibernate: insert into question (answer, choice1, choice2, choice3, choice4, choice5, content, correct, create_date, filepath, modify_date, score, subject, teacher_id, time, view) values (?, ?, ?, ?, ?, ?, ?, ?, ?, ?, ?, ?, ?, ?, ?, ?)
make question 5091
Hibernate: insert into question (answer, choice1, choice2, choice3, choice4, choice5, content, correct, create_date, filepath, modify_date, score, subject, teacher_id, time, view) values (?, ?, ?, ?, ?, ?, ?, ?, ?, ?, ?, ?, ?, ?, ?, ?)
make question 5092
Hibernate: insert into question (answer, choice1, choice2, choice3, choice4, choice5, content, correct, create_date, filepath, modify_date, score, subject, teacher_id, time, view) values (?, ?, ?, ?, ?, ?, ?, ?, ?, ?, ?, ?, ?, ?, ?, ?)
make question 5093
Hibernate: insert into question (answer, choice1, choice2, choice3, choice4, choice5, content, correct, create_date, filepath, modify_date, score, subject, teacher_id, time, view) values (?, ?, ?, ?, ?, ?, ?, ?, ?, ?, ?, ?, ?, ?, ?, ?)
make question 5094
Hibernate: insert into question (answer, choice1, choice2, choice3, choice4, choice5, content, correct, create_date, filepath, modify_date, score, subject, teacher_id, time, view) values (?, ?, ?, ?, ?, ?, ?, ?, ?, ?, ?, ?, ?, ?, ?, ?)
make question 5095
Hibernate: insert into question (answer, choice1, choice2, choice3, choice4, choice5, content, correct, create_date, filepath, modify_date, score, subject, teacher_id, time, view) values (?, ?, ?, ?, ?, ?, ?, ?, ?, ?, ?, ?, ?, ?, ?, ?)
make question 5096
Hibernate: insert into question (answer, choice1, choice2, choice3, choice4, choice5, content, correct, create_date, filepath, modify_date, score, subject, teacher_id, time, view) values (?, ?, ?, ?, ?, ?, ?, ?, ?, ?, ?, ?, ?, ?, ?, ?)
make question 5097
Hibernate: insert into question (answer, choice1, choice2, choice3, choice4, choice5, content, correct, create_date, filepath, modify_date, score, subject, teacher_id, time, view) values (?, ?, ?, ?, ?, ?, ?, ?, ?, ?, ?, ?, ?, ?, ?, ?)
make question 5098
Hibernate: insert into question (answer, choice1, choice2, choice3, choice4, choice5, content, correct, create_date, filepath, modify_date, score, subject, teacher_id, time, view) values (?, ?, ?, ?, ?, ?, ?, ?, ?, ?, ?, ?, ?, ?, ?, ?)
make question 5099
Hibernate: insert into question (answer, choice1, choice2, choice3, choice4, choice5, content, correct, create_date, filepath, modify_date, score, subject, teacher_id, time, view) values (?, ?, ?, ?, ?, ?, ?, ?, ?, ?, ?, ?, ?, ?, ?, ?)
make question 5100
Hibernate: insert into question (answer, choice1, choice2, choice3, choice4, choice5, content, correct, create_date, filepath, modify_date, score, subject, teacher_id, time, view) values (?, ?, ?, ?, ?, ?, ?, ?, ?, ?, ?, ?, ?, ?, ?, ?)
make question 5101
Hibernate: insert into question (answer, choice1, choice2, choice3, choice4, choice5, content, correct, create_date, filepath, modify_date, score, subject, teacher_id, time, view) values (?, ?, ?, ?, ?, ?, ?, ?, ?, ?, ?, ?, ?, ?, ?, ?)
make question 5102
Hibernate: insert into question (answer, choice1, choice2, choice3, choice4, choice5, content, correct, create_date, filepath, modify_date, score, subject, teacher_id, time, view) values (?, ?, ?, ?, ?, ?, ?, ?, ?, ?, ?, ?, ?, ?, ?, ?)
make question 5103
Hibernate: insert into question (answer, choice1, choice2, choice3, choice4, choice5, content, correct, create_date, filepath, modify_date, score, subject, teacher_id, time, view) values (?, ?, ?, ?, ?, ?, ?, ?, ?, ?, ?, ?, ?, ?, ?, ?)
make question 5104
Hibernate: insert into question (answer, choice1, choice2, choice3, choice4, choice5, content, correct, create_date, filepath, modify_date, score, subject, teacher_id, time, view) values (?, ?, ?, ?, ?, ?, ?, ?, ?, ?, ?, ?, ?, ?, ?, ?)
make question 5105
Hibernate: insert into question (answer, choice1, choice2, choice3, choice4, choice5, content, correct, create_date, filepath, modify_date, score, subject, teacher_id, time, view) values (?, ?, ?, ?, ?, ?, ?, ?, ?, ?, ?, ?, ?, ?, ?, ?)
make question 5106
Hibernate: insert into question (answer, choice1, choice2, choice3, choice4, choice5, content, correct, create_date, filepath, modify_date, score, subject, teacher_id, time, view) values (?, ?, ?, ?, ?, ?, ?, ?, ?, ?, ?, ?, ?, ?, ?, ?)
make question 5107
Hibernate: insert into question (answer, choice1, choice2, choice3, choice4, choice5, content, correct, create_date, filepath, modify_date, score, subject, teacher_id, time, view) values (?, ?, ?, ?, ?, ?, ?, ?, ?, ?, ?, ?, ?, ?, ?, ?)
make question 5108
Hibernate: insert into question (answer, choice1, choice2, choice3, choice4, choice5, content, correct, create_date, filepath, modify_date, score, subject, teacher_id, time, view) values (?, ?, ?, ?, ?, ?, ?, ?, ?, ?, ?, ?, ?, ?, ?, ?)
make question 5109
Hibernate: insert into question (answer, choice1, choice2, choice3, choice4, choice5, content, correct, create_date, filepath, modify_date, score, subject, teacher_id, time, view) values (?, ?, ?, ?, ?, ?, ?, ?, ?, ?, ?, ?, ?, ?, ?, ?)
make question 5110
Hibernate: insert into question (answer, choice1, choice2, choice3, choice4, choice5, content, correct, create_date, filepath, modify_date, score, subject, teacher_id, time, view) values (?, ?, ?, ?, ?, ?, ?, ?, ?, ?, ?, ?, ?, ?, ?, ?)
make question 5111
Hibernate: insert into question (answer, choice1, choice2, choice3, choice4, choice5, content, correct, create_date, filepath, modify_date, score, subject, teacher_id, time, view) values (?, ?, ?, ?, ?, ?, ?, ?, ?, ?, ?, ?, ?, ?, ?, ?)
make question 5112
Hibernate: insert into question (answer, choice1, choice2, choice3, choice4, choice5, content, correct, create_date, filepath, modify_date, score, subject, teacher_id, time, view) values (?, ?, ?, ?, ?, ?, ?, ?, ?, ?, ?, ?, ?, ?, ?, ?)
make question 5113
Hibernate: insert into question (answer, choice1, choice2, choice3, choice4, choice5, content, correct, create_date, filepath, modify_date, score, subject, teacher_id, time, view) values (?, ?, ?, ?, ?, ?, ?, ?, ?, ?, ?, ?, ?, ?, ?, ?)
make question 5114
Hibernate: insert into question (answer, choice1, choice2, choice3, choice4, choice5, content, correct, create_date, filepath, modify_date, score, subject, teacher_id, time, view) values (?, ?, ?, ?, ?, ?, ?, ?, ?, ?, ?, ?, ?, ?, ?, ?)
make question 5115
Hibernate: insert into question (answer, choice1, choice2, choice3, choice4, choice5, content, correct, create_date, filepath, modify_date, score, subject, teacher_id, time, view) values (?, ?, ?, ?, ?, ?, ?, ?, ?, ?, ?, ?, ?, ?, ?, ?)
make question 5116
Hibernate: insert into question (answer, choice1, choice2, choice3, choice4, choice5, content, correct, create_date, filepath, modify_date, score, subject, teacher_id, time, view) values (?, ?, ?, ?, ?, ?, ?, ?, ?, ?, ?, ?, ?, ?, ?, ?)
make question 5117
Hibernate: insert into question (answer, choice1, choice2, choice3, choice4, choice5, content, correct, create_date, filepath, modify_date, score, subject, teacher_id, time, view) values (?, ?, ?, ?, ?, ?, ?, ?, ?, ?, ?, ?, ?, ?, ?, ?)
make question 5118
Hibernate: insert into question (answer, choice1, choice2, choice3, choice4, choice5, content, correct, create_date, filepath, modify_date, score, subject, teacher_id, time, view) values (?, ?, ?, ?, ?, ?, ?, ?, ?, ?, ?, ?, ?, ?, ?, ?)
make question 5119
Hibernate: insert into question (answer, choice1, choice2, choice3, choice4, choice5, content, correct, create_date, filepath, modify_date, score, subject, teacher_id, time, view) values (?, ?, ?, ?, ?, ?, ?, ?, ?, ?, ?, ?, ?, ?, ?, ?)
make question 5120
Hibernate: insert into question (answer, choice1, choice2, choice3, choice4, choice5, content, correct, create_date, filepath, modify_date, score, subject, teacher_id, time, view) values (?, ?, ?, ?, ?, ?, ?, ?, ?, ?, ?, ?, ?, ?, ?, ?)
make question 5121
Hibernate: insert into question (answer, choice1, choice2, choice3, choice4, choice5, content, correct, create_date, filepath, modify_date, score, subject, teacher_id, time, view) values (?, ?, ?, ?, ?, ?, ?, ?, ?, ?, ?, ?, ?, ?, ?, ?)
make question 5122
Hibernate: insert into question (answer, choice1, choice2, choice3, choice4, choice5, content, correct, create_date, filepath, modify_date, score, subject, teacher_id, time, view) values (?, ?, ?, ?, ?, ?, ?, ?, ?, ?, ?, ?, ?, ?, ?, ?)
make question 5123
Hibernate: insert into question (answer, choice1, choice2, choice3, choice4, choice5, content, correct, create_date, filepath, modify_date, score, subject, teacher_id, time, view) values (?, ?, ?, ?, ?, ?, ?, ?, ?, ?, ?, ?, ?, ?, ?, ?)
make question 5124
Hibernate: insert into question (answer, choice1, choice2, choice3, choice4, choice5, content, correct, create_date, filepath, modify_date, score, subject, teacher_id, time, view) values (?, ?, ?, ?, ?, ?, ?, ?, ?, ?, ?, ?, ?, ?, ?, ?)
make question 5125
Hibernate: insert into question (answer, choice1, choice2, choice3, choice4, choice5, content, correct, create_date, filepath, modify_date, score, subject, teacher_id, time, view) values (?, ?, ?, ?, ?, ?, ?, ?, ?, ?, ?, ?, ?, ?, ?, ?)
make question 5126
Hibernate: insert into question (answer, choice1, choice2, choice3, choice4, choice5, content, correct, create_date, filepath, modify_date, score, subject, teacher_id, time, view) values (?, ?, ?, ?, ?, ?, ?, ?, ?, ?, ?, ?, ?, ?, ?, ?)
make question 5127
Hibernate: insert into question (answer, choice1, choice2, choice3, choice4, choice5, content, correct, create_date, filepath, modify_date, score, subject, teacher_id, time, view) values (?, ?, ?, ?, ?, ?, ?, ?, ?, ?, ?, ?, ?, ?, ?, ?)
make question 5128
Hibernate: insert into question (answer, choice1, choice2, choice3, choice4, choice5, content, correct, create_date, filepath, modify_date, score, subject, teacher_id, time, view) values (?, ?, ?, ?, ?, ?, ?, ?, ?, ?, ?, ?, ?, ?, ?, ?)
make question 5129
Hibernate: insert into question (answer, choice1, choice2, choice3, choice4, choice5, content, correct, create_date, filepath, modify_date, score, subject, teacher_id, time, view) values (?, ?, ?, ?, ?, ?, ?, ?, ?, ?, ?, ?, ?, ?, ?, ?)
make question 5130
Hibernate: insert into question (answer, choice1, choice2, choice3, choice4, choice5, content, correct, create_date, filepath, modify_date, score, subject, teacher_id, time, view) values (?, ?, ?, ?, ?, ?, ?, ?, ?, ?, ?, ?, ?, ?, ?, ?)
make question 5131
Hibernate: insert into question (answer, choice1, choice2, choice3, choice4, choice5, content, correct, create_date, filepath, modify_date, score, subject, teacher_id, time, view) values (?, ?, ?, ?, ?, ?, ?, ?, ?, ?, ?, ?, ?, ?, ?, ?)
make question 5132
Hibernate: insert into question (answer, choice1, choice2, choice3, choice4, choice5, content, correct, create_date, filepath, modify_date, score, subject, teacher_id, time, view) values (?, ?, ?, ?, ?, ?, ?, ?, ?, ?, ?, ?, ?, ?, ?, ?)
make question 5133
Hibernate: insert into question (answer, choice1, choice2, choice3, choice4, choice5, content, correct, create_date, filepath, modify_date, score, subject, teacher_id, time, view) values (?, ?, ?, ?, ?, ?, ?, ?, ?, ?, ?, ?, ?, ?, ?, ?)
make question 5134
Hibernate: insert into question (answer, choice1, choice2, choice3, choice4, choice5, content, correct, create_date, filepath, modify_date, score, subject, teacher_id, time, view) values (?, ?, ?, ?, ?, ?, ?, ?, ?, ?, ?, ?, ?, ?, ?, ?)
make question 5135
Hibernate: insert into question (answer, choice1, choice2, choice3, choice4, choice5, content, correct, create_date, filepath, modify_date, score, subject, teacher_id, time, view) values (?, ?, ?, ?, ?, ?, ?, ?, ?, ?, ?, ?, ?, ?, ?, ?)
make question 5136
Hibernate: insert into question (answer, choice1, choice2, choice3, choice4, choice5, content, correct, create_date, filepath, modify_date, score, subject, teacher_id, time, view) values (?, ?, ?, ?, ?, ?, ?, ?, ?, ?, ?, ?, ?, ?, ?, ?)
make question 5137
Hibernate: insert into question (answer, choice1, choice2, choice3, choice4, choice5, content, correct, create_date, filepath, modify_date, score, subject, teacher_id, time, view) values (?, ?, ?, ?, ?, ?, ?, ?, ?, ?, ?, ?, ?, ?, ?, ?)
make question 5138
Hibernate: insert into question (answer, choice1, choice2, choice3, choice4, choice5, content, correct, create_date, filepath, modify_date, score, subject, teacher_id, time, view) values (?, ?, ?, ?, ?, ?, ?, ?, ?, ?, ?, ?, ?, ?, ?, ?)
make question 5139
Hibernate: insert into question (answer, choice1, choice2, choice3, choice4, choice5, content, correct, create_date, filepath, modify_date, score, subject, teacher_id, time, view) values (?, ?, ?, ?, ?, ?, ?, ?, ?, ?, ?, ?, ?, ?, ?, ?)
make question 5140
Hibernate: insert into question (answer, choice1, choice2, choice3, choice4, choice5, content, correct, create_date, filepath, modify_date, score, subject, teacher_id, time, view) values (?, ?, ?, ?, ?, ?, ?, ?, ?, ?, ?, ?, ?, ?, ?, ?)
make question 5141
Hibernate: insert into question (answer, choice1, choice2, choice3, choice4, choice5, content, correct, create_date, filepath, modify_date, score, subject, teacher_id, time, view) values (?, ?, ?, ?, ?, ?, ?, ?, ?, ?, ?, ?, ?, ?, ?, ?)
make question 5142
Hibernate: insert into question (answer, choice1, choice2, choice3, choice4, choice5, content, correct, create_date, filepath, modify_date, score, subject, teacher_id, time, view) values (?, ?, ?, ?, ?, ?, ?, ?, ?, ?, ?, ?, ?, ?, ?, ?)
make question 5143
Hibernate: insert into question (answer, choice1, choice2, choice3, choice4, choice5, content, correct, create_date, filepath, modify_date, score, subject, teacher_id, time, view) values (?, ?, ?, ?, ?, ?, ?, ?, ?, ?, ?, ?, ?, ?, ?, ?)
make question 5144
Hibernate: insert into question (answer, choice1, choice2, choice3, choice4, choice5, content, correct, create_date, filepath, modify_date, score, subject, teacher_id, time, view) values (?, ?, ?, ?, ?, ?, ?, ?, ?, ?, ?, ?, ?, ?, ?, ?)
make question 5145
Hibernate: insert into question (answer, choice1, choice2, choice3, choice4, choice5, content, correct, create_date, filepath, modify_date, score, subject, teacher_id, time, view) values (?, ?, ?, ?, ?, ?, ?, ?, ?, ?, ?, ?, ?, ?, ?, ?)
make question 5146
Hibernate: insert into question (answer, choice1, choice2, choice3, choice4, choice5, content, correct, create_date, filepath, modify_date, score, subject, teacher_id, time, view) values (?, ?, ?, ?, ?, ?, ?, ?, ?, ?, ?, ?, ?, ?, ?, ?)
make question 5147
Hibernate: insert into question (answer, choice1, choice2, choice3, choice4, choice5, content, correct, create_date, filepath, modify_date, score, subject, teacher_id, time, view) values (?, ?, ?, ?, ?, ?, ?, ?, ?, ?, ?, ?, ?, ?, ?, ?)
make question 5148
Hibernate: insert into question (answer, choice1, choice2, choice3, choice4, choice5, content, correct, create_date, filepath, modify_date, score, subject, teacher_id, time, view) values (?, ?, ?, ?, ?, ?, ?, ?, ?, ?, ?, ?, ?, ?, ?, ?)
make question 5149
Hibernate: insert into question (answer, choice1, choice2, choice3, choice4, choice5, content, correct, create_date, filepath, modify_date, score, subject, teacher_id, time, view) values (?, ?, ?, ?, ?, ?, ?, ?, ?, ?, ?, ?, ?, ?, ?, ?)
make question 5150
Hibernate: insert into question (answer, choice1, choice2, choice3, choice4, choice5, content, correct, create_date, filepath, modify_date, score, subject, teacher_id, time, view) values (?, ?, ?, ?, ?, ?, ?, ?, ?, ?, ?, ?, ?, ?, ?, ?)
make question 5151
Hibernate: insert into question (answer, choice1, choice2, choice3, choice4, choice5, content, correct, create_date, filepath, modify_date, score, subject, teacher_id, time, view) values (?, ?, ?, ?, ?, ?, ?, ?, ?, ?, ?, ?, ?, ?, ?, ?)
make question 5152
Hibernate: insert into question (answer, choice1, choice2, choice3, choice4, choice5, content, correct, create_date, filepath, modify_date, score, subject, teacher_id, time, view) values (?, ?, ?, ?, ?, ?, ?, ?, ?, ?, ?, ?, ?, ?, ?, ?)
make question 5153
Hibernate: insert into question (answer, choice1, choice2, choice3, choice4, choice5, content, correct, create_date, filepath, modify_date, score, subject, teacher_id, time, view) values (?, ?, ?, ?, ?, ?, ?, ?, ?, ?, ?, ?, ?, ?, ?, ?)
make question 5154
Hibernate: insert into question (answer, choice1, choice2, choice3, choice4, choice5, content, correct, create_date, filepath, modify_date, score, subject, teacher_id, time, view) values (?, ?, ?, ?, ?, ?, ?, ?, ?, ?, ?, ?, ?, ?, ?, ?)
make question 5155
Hibernate: insert into question (answer, choice1, choice2, choice3, choice4, choice5, content, correct, create_date, filepath, modify_date, score, subject, teacher_id, time, view) values (?, ?, ?, ?, ?, ?, ?, ?, ?, ?, ?, ?, ?, ?, ?, ?)
make question 5156
Hibernate: insert into question (answer, choice1, choice2, choice3, choice4, choice5, content, correct, create_date, filepath, modify_date, score, subject, teacher_id, time, view) values (?, ?, ?, ?, ?, ?, ?, ?, ?, ?, ?, ?, ?, ?, ?, ?)
make question 5157
Hibernate: insert into question (answer, choice1, choice2, choice3, choice4, choice5, content, correct, create_date, filepath, modify_date, score, subject, teacher_id, time, view) values (?, ?, ?, ?, ?, ?, ?, ?, ?, ?, ?, ?, ?, ?, ?, ?)
make question 5158
Hibernate: insert into question (answer, choice1, choice2, choice3, choice4, choice5, content, correct, create_date, filepath, modify_date, score, subject, teacher_id, time, view) values (?, ?, ?, ?, ?, ?, ?, ?, ?, ?, ?, ?, ?, ?, ?, ?)
make question 5159
Hibernate: insert into question (answer, choice1, choice2, choice3, choice4, choice5, content, correct, create_date, filepath, modify_date, score, subject, teacher_id, time, view) values (?, ?, ?, ?, ?, ?, ?, ?, ?, ?, ?, ?, ?, ?, ?, ?)
make question 5160
Hibernate: insert into question (answer, choice1, choice2, choice3, choice4, choice5, content, correct, create_date, filepath, modify_date, score, subject, teacher_id, time, view) values (?, ?, ?, ?, ?, ?, ?, ?, ?, ?, ?, ?, ?, ?, ?, ?)
make question 5161
Hibernate: insert into question (answer, choice1, choice2, choice3, choice4, choice5, content, correct, create_date, filepath, modify_date, score, subject, teacher_id, time, view) values (?, ?, ?, ?, ?, ?, ?, ?, ?, ?, ?, ?, ?, ?, ?, ?)
make question 5162
Hibernate: insert into question (answer, choice1, choice2, choice3, choice4, choice5, content, correct, create_date, filepath, modify_date, score, subject, teacher_id, time, view) values (?, ?, ?, ?, ?, ?, ?, ?, ?, ?, ?, ?, ?, ?, ?, ?)
make question 5163
Hibernate: insert into question (answer, choice1, choice2, choice3, choice4, choice5, content, correct, create_date, filepath, modify_date, score, subject, teacher_id, time, view) values (?, ?, ?, ?, ?, ?, ?, ?, ?, ?, ?, ?, ?, ?, ?, ?)
make question 5164
Hibernate: insert into question (answer, choice1, choice2, choice3, choice4, choice5, content, correct, create_date, filepath, modify_date, score, subject, teacher_id, time, view) values (?, ?, ?, ?, ?, ?, ?, ?, ?, ?, ?, ?, ?, ?, ?, ?)
make question 5165
Hibernate: insert into question (answer, choice1, choice2, choice3, choice4, choice5, content, correct, create_date, filepath, modify_date, score, subject, teacher_id, time, view) values (?, ?, ?, ?, ?, ?, ?, ?, ?, ?, ?, ?, ?, ?, ?, ?)
make question 5166
Hibernate: insert into question (answer, choice1, choice2, choice3, choice4, choice5, content, correct, create_date, filepath, modify_date, score, subject, teacher_id, time, view) values (?, ?, ?, ?, ?, ?, ?, ?, ?, ?, ?, ?, ?, ?, ?, ?)
make question 5167
Hibernate: insert into question (answer, choice1, choice2, choice3, choice4, choice5, content, correct, create_date, filepath, modify_date, score, subject, teacher_id, time, view) values (?, ?, ?, ?, ?, ?, ?, ?, ?, ?, ?, ?, ?, ?, ?, ?)
make question 5168
Hibernate: insert into question (answer, choice1, choice2, choice3, choice4, choice5, content, correct, create_date, filepath, modify_date, score, subject, teacher_id, time, view) values (?, ?, ?, ?, ?, ?, ?, ?, ?, ?, ?, ?, ?, ?, ?, ?)
make question 5169
Hibernate: insert into question (answer, choice1, choice2, choice3, choice4, choice5, content, correct, create_date, filepath, modify_date, score, subject, teacher_id, time, view) values (?, ?, ?, ?, ?, ?, ?, ?, ?, ?, ?, ?, ?, ?, ?, ?)
make question 5170
Hibernate: insert into question (answer, choice1, choice2, choice3, choice4, choice5, content, correct, create_date, filepath, modify_date, score, subject, teacher_id, time, view) values (?, ?, ?, ?, ?, ?, ?, ?, ?, ?, ?, ?, ?, ?, ?, ?)
make question 5171
Hibernate: insert into question (answer, choice1, choice2, choice3, choice4, choice5, content, correct, create_date, filepath, modify_date, score, subject, teacher_id, time, view) values (?, ?, ?, ?, ?, ?, ?, ?, ?, ?, ?, ?, ?, ?, ?, ?)
make question 5172
Hibernate: insert into question (answer, choice1, choice2, choice3, choice4, choice5, content, correct, create_date, filepath, modify_date, score, subject, teacher_id, time, view) values (?, ?, ?, ?, ?, ?, ?, ?, ?, ?, ?, ?, ?, ?, ?, ?)
make question 5173
Hibernate: insert into question (answer, choice1, choice2, choice3, choice4, choice5, content, correct, create_date, filepath, modify_date, score, subject, teacher_id, time, view) values (?, ?, ?, ?, ?, ?, ?, ?, ?, ?, ?, ?, ?, ?, ?, ?)
make question 5174
Hibernate: insert into question (answer, choice1, choice2, choice3, choice4, choice5, content, correct, create_date, filepath, modify_date, score, subject, teacher_id, time, view) values (?, ?, ?, ?, ?, ?, ?, ?, ?, ?, ?, ?, ?, ?, ?, ?)
make question 5175
Hibernate: insert into question (answer, choice1, choice2, choice3, choice4, choice5, content, correct, create_date, filepath, modify_date, score, subject, teacher_id, time, view) values (?, ?, ?, ?, ?, ?, ?, ?, ?, ?, ?, ?, ?, ?, ?, ?)
make question 5176
Hibernate: insert into question (answer, choice1, choice2, choice3, choice4, choice5, content, correct, create_date, filepath, modify_date, score, subject, teacher_id, time, view) values (?, ?, ?, ?, ?, ?, ?, ?, ?, ?, ?, ?, ?, ?, ?, ?)
make question 5177
Hibernate: insert into question (answer, choice1, choice2, choice3, choice4, choice5, content, correct, create_date, filepath, modify_date, score, subject, teacher_id, time, view) values (?, ?, ?, ?, ?, ?, ?, ?, ?, ?, ?, ?, ?, ?, ?, ?)
make question 5178
Hibernate: insert into question (answer, choice1, choice2, choice3, choice4, choice5, content, correct, create_date, filepath, modify_date, score, subject, teacher_id, time, view) values (?, ?, ?, ?, ?, ?, ?, ?, ?, ?, ?, ?, ?, ?, ?, ?)
make question 5179
Hibernate: insert into question (answer, choice1, choice2, choice3, choice4, choice5, content, correct, create_date, filepath, modify_date, score, subject, teacher_id, time, view) values (?, ?, ?, ?, ?, ?, ?, ?, ?, ?, ?, ?, ?, ?, ?, ?)
make question 5180
Hibernate: insert into question (answer, choice1, choice2, choice3, choice4, choice5, content, correct, create_date, filepath, modify_date, score, subject, teacher_id, time, view) values (?, ?, ?, ?, ?, ?, ?, ?, ?, ?, ?, ?, ?, ?, ?, ?)
make question 5181
Hibernate: insert into question (answer, choice1, choice2, choice3, choice4, choice5, content, correct, create_date, filepath, modify_date, score, subject, teacher_id, time, view) values (?, ?, ?, ?, ?, ?, ?, ?, ?, ?, ?, ?, ?, ?, ?, ?)
make question 5182
Hibernate: insert into question (answer, choice1, choice2, choice3, choice4, choice5, content, correct, create_date, filepath, modify_date, score, subject, teacher_id, time, view) values (?, ?, ?, ?, ?, ?, ?, ?, ?, ?, ?, ?, ?, ?, ?, ?)
make question 5183
Hibernate: insert into question (answer, choice1, choice2, choice3, choice4, choice5, content, correct, create_date, filepath, modify_date, score, subject, teacher_id, time, view) values (?, ?, ?, ?, ?, ?, ?, ?, ?, ?, ?, ?, ?, ?, ?, ?)
make question 5184
Hibernate: insert into question (answer, choice1, choice2, choice3, choice4, choice5, content, correct, create_date, filepath, modify_date, score, subject, teacher_id, time, view) values (?, ?, ?, ?, ?, ?, ?, ?, ?, ?, ?, ?, ?, ?, ?, ?)
make question 5185
Hibernate: insert into question (answer, choice1, choice2, choice3, choice4, choice5, content, correct, create_date, filepath, modify_date, score, subject, teacher_id, time, view) values (?, ?, ?, ?, ?, ?, ?, ?, ?, ?, ?, ?, ?, ?, ?, ?)
make question 5186
Hibernate: insert into question (answer, choice1, choice2, choice3, choice4, choice5, content, correct, create_date, filepath, modify_date, score, subject, teacher_id, time, view) values (?, ?, ?, ?, ?, ?, ?, ?, ?, ?, ?, ?, ?, ?, ?, ?)
make question 5187
Hibernate: insert into question (answer, choice1, choice2, choice3, choice4, choice5, content, correct, create_date, filepath, modify_date, score, subject, teacher_id, time, view) values (?, ?, ?, ?, ?, ?, ?, ?, ?, ?, ?, ?, ?, ?, ?, ?)
make question 5188
Hibernate: insert into question (answer, choice1, choice2, choice3, choice4, choice5, content, correct, create_date, filepath, modify_date, score, subject, teacher_id, time, view) values (?, ?, ?, ?, ?, ?, ?, ?, ?, ?, ?, ?, ?, ?, ?, ?)
make question 5189
Hibernate: insert into question (answer, choice1, choice2, choice3, choice4, choice5, content, correct, create_date, filepath, modify_date, score, subject, teacher_id, time, view) values (?, ?, ?, ?, ?, ?, ?, ?, ?, ?, ?, ?, ?, ?, ?, ?)
make question 5190
Hibernate: insert into question (answer, choice1, choice2, choice3, choice4, choice5, content, correct, create_date, filepath, modify_date, score, subject, teacher_id, time, view) values (?, ?, ?, ?, ?, ?, ?, ?, ?, ?, ?, ?, ?, ?, ?, ?)
make question 5191
Hibernate: insert into question (answer, choice1, choice2, choice3, choice4, choice5, content, correct, create_date, filepath, modify_date, score, subject, teacher_id, time, view) values (?, ?, ?, ?, ?, ?, ?, ?, ?, ?, ?, ?, ?, ?, ?, ?)
make question 5192
Hibernate: insert into question (answer, choice1, choice2, choice3, choice4, choice5, content, correct, create_date, filepath, modify_date, score, subject, teacher_id, time, view) values (?, ?, ?, ?, ?, ?, ?, ?, ?, ?, ?, ?, ?, ?, ?, ?)
make question 5193
Hibernate: insert into question (answer, choice1, choice2, choice3, choice4, choice5, content, correct, create_date, filepath, modify_date, score, subject, teacher_id, time, view) values (?, ?, ?, ?, ?, ?, ?, ?, ?, ?, ?, ?, ?, ?, ?, ?)
make question 5194
Hibernate: insert into question (answer, choice1, choice2, choice3, choice4, choice5, content, correct, create_date, filepath, modify_date, score, subject, teacher_id, time, view) values (?, ?, ?, ?, ?, ?, ?, ?, ?, ?, ?, ?, ?, ?, ?, ?)
make question 5195
Hibernate: insert into question (answer, choice1, choice2, choice3, choice4, choice5, content, correct, create_date, filepath, modify_date, score, subject, teacher_id, time, view) values (?, ?, ?, ?, ?, ?, ?, ?, ?, ?, ?, ?, ?, ?, ?, ?)
make question 5196
Hibernate: insert into question (answer, choice1, choice2, choice3, choice4, choice5, content, correct, create_date, filepath, modify_date, score, subject, teacher_id, time, view) values (?, ?, ?, ?, ?, ?, ?, ?, ?, ?, ?, ?, ?, ?, ?, ?)
make question 5197
Hibernate: insert into question (answer, choice1, choice2, choice3, choice4, choice5, content, correct, create_date, filepath, modify_date, score, subject, teacher_id, time, view) values (?, ?, ?, ?, ?, ?, ?, ?, ?, ?, ?, ?, ?, ?, ?, ?)
make question 5198
Hibernate: insert into question (answer, choice1, choice2, choice3, choice4, choice5, content, correct, create_date, filepath, modify_date, score, subject, teacher_id, time, view) values (?, ?, ?, ?, ?, ?, ?, ?, ?, ?, ?, ?, ?, ?, ?, ?)
make question 5199
Hibernate: insert into question (answer, choice1, choice2, choice3, choice4, choice5, content, correct, create_date, filepath, modify_date, score, subject, teacher_id, time, view) values (?, ?, ?, ?, ?, ?, ?, ?, ?, ?, ?, ?, ?, ?, ?, ?)
make question 5200
Hibernate: insert into question (answer, choice1, choice2, choice3, choice4, choice5, content, correct, create_date, filepath, modify_date, score, subject, teacher_id, time, view) values (?, ?, ?, ?, ?, ?, ?, ?, ?, ?, ?, ?, ?, ?, ?, ?)
make question 5201
Hibernate: insert into question (answer, choice1, choice2, choice3, choice4, choice5, content, correct, create_date, filepath, modify_date, score, subject, teacher_id, time, view) values (?, ?, ?, ?, ?, ?, ?, ?, ?, ?, ?, ?, ?, ?, ?, ?)
make question 5202
Hibernate: insert into question (answer, choice1, choice2, choice3, choice4, choice5, content, correct, create_date, filepath, modify_date, score, subject, teacher_id, time, view) values (?, ?, ?, ?, ?, ?, ?, ?, ?, ?, ?, ?, ?, ?, ?, ?)
make question 5203
Hibernate: insert into question (answer, choice1, choice2, choice3, choice4, choice5, content, correct, create_date, filepath, modify_date, score, subject, teacher_id, time, view) values (?, ?, ?, ?, ?, ?, ?, ?, ?, ?, ?, ?, ?, ?, ?, ?)
make question 5204
Hibernate: insert into question (answer, choice1, choice2, choice3, choice4, choice5, content, correct, create_date, filepath, modify_date, score, subject, teacher_id, time, view) values (?, ?, ?, ?, ?, ?, ?, ?, ?, ?, ?, ?, ?, ?, ?, ?)
make question 5205
Hibernate: insert into question (answer, choice1, choice2, choice3, choice4, choice5, content, correct, create_date, filepath, modify_date, score, subject, teacher_id, time, view) values (?, ?, ?, ?, ?, ?, ?, ?, ?, ?, ?, ?, ?, ?, ?, ?)
make question 5206
Hibernate: insert into question (answer, choice1, choice2, choice3, choice4, choice5, content, correct, create_date, filepath, modify_date, score, subject, teacher_id, time, view) values (?, ?, ?, ?, ?, ?, ?, ?, ?, ?, ?, ?, ?, ?, ?, ?)
make question 5207
Hibernate: insert into question (answer, choice1, choice2, choice3, choice4, choice5, content, correct, create_date, filepath, modify_date, score, subject, teacher_id, time, view) values (?, ?, ?, ?, ?, ?, ?, ?, ?, ?, ?, ?, ?, ?, ?, ?)
make question 5208
Hibernate: insert into question (answer, choice1, choice2, choice3, choice4, choice5, content, correct, create_date, filepath, modify_date, score, subject, teacher_id, time, view) values (?, ?, ?, ?, ?, ?, ?, ?, ?, ?, ?, ?, ?, ?, ?, ?)
make question 5209
Hibernate: insert into question (answer, choice1, choice2, choice3, choice4, choice5, content, correct, create_date, filepath, modify_date, score, subject, teacher_id, time, view) values (?, ?, ?, ?, ?, ?, ?, ?, ?, ?, ?, ?, ?, ?, ?, ?)
make question 5210
Hibernate: insert into question (answer, choice1, choice2, choice3, choice4, choice5, content, correct, create_date, filepath, modify_date, score, subject, teacher_id, time, view) values (?, ?, ?, ?, ?, ?, ?, ?, ?, ?, ?, ?, ?, ?, ?, ?)
make question 5211
Hibernate: insert into question (answer, choice1, choice2, choice3, choice4, choice5, content, correct, create_date, filepath, modify_date, score, subject, teacher_id, time, view) values (?, ?, ?, ?, ?, ?, ?, ?, ?, ?, ?, ?, ?, ?, ?, ?)
make question 5212
Hibernate: insert into question (answer, choice1, choice2, choice3, choice4, choice5, content, correct, create_date, filepath, modify_date, score, subject, teacher_id, time, view) values (?, ?, ?, ?, ?, ?, ?, ?, ?, ?, ?, ?, ?, ?, ?, ?)
make question 5213
Hibernate: insert into question (answer, choice1, choice2, choice3, choice4, choice5, content, correct, create_date, filepath, modify_date, score, subject, teacher_id, time, view) values (?, ?, ?, ?, ?, ?, ?, ?, ?, ?, ?, ?, ?, ?, ?, ?)
make question 5214
Hibernate: insert into question (answer, choice1, choice2, choice3, choice4, choice5, content, correct, create_date, filepath, modify_date, score, subject, teacher_id, time, view) values (?, ?, ?, ?, ?, ?, ?, ?, ?, ?, ?, ?, ?, ?, ?, ?)
make question 5215
Hibernate: insert into question (answer, choice1, choice2, choice3, choice4, choice5, content, correct, create_date, filepath, modify_date, score, subject, teacher_id, time, view) values (?, ?, ?, ?, ?, ?, ?, ?, ?, ?, ?, ?, ?, ?, ?, ?)
make question 5216
Hibernate: insert into question (answer, choice1, choice2, choice3, choice4, choice5, content, correct, create_date, filepath, modify_date, score, subject, teacher_id, time, view) values (?, ?, ?, ?, ?, ?, ?, ?, ?, ?, ?, ?, ?, ?, ?, ?)
make question 5217
Hibernate: insert into question (answer, choice1, choice2, choice3, choice4, choice5, content, correct, create_date, filepath, modify_date, score, subject, teacher_id, time, view) values (?, ?, ?, ?, ?, ?, ?, ?, ?, ?, ?, ?, ?, ?, ?, ?)
make question 5218
Hibernate: insert into question (answer, choice1, choice2, choice3, choice4, choice5, content, correct, create_date, filepath, modify_date, score, subject, teacher_id, time, view) values (?, ?, ?, ?, ?, ?, ?, ?, ?, ?, ?, ?, ?, ?, ?, ?)
make question 5219
Hibernate: insert into question (answer, choice1, choice2, choice3, choice4, choice5, content, correct, create_date, filepath, modify_date, score, subject, teacher_id, time, view) values (?, ?, ?, ?, ?, ?, ?, ?, ?, ?, ?, ?, ?, ?, ?, ?)
make question 5220
Hibernate: insert into question (answer, choice1, choice2, choice3, choice4, choice5, content, correct, create_date, filepath, modify_date, score, subject, teacher_id, time, view) values (?, ?, ?, ?, ?, ?, ?, ?, ?, ?, ?, ?, ?, ?, ?, ?)
make question 5221
Hibernate: insert into question (answer, choice1, choice2, choice3, choice4, choice5, content, correct, create_date, filepath, modify_date, score, subject, teacher_id, time, view) values (?, ?, ?, ?, ?, ?, ?, ?, ?, ?, ?, ?, ?, ?, ?, ?)
make question 5222
Hibernate: insert into question (answer, choice1, choice2, choice3, choice4, choice5, content, correct, create_date, filepath, modify_date, score, subject, teacher_id, time, view) values (?, ?, ?, ?, ?, ?, ?, ?, ?, ?, ?, ?, ?, ?, ?, ?)
make question 5223
Hibernate: insert into question (answer, choice1, choice2, choice3, choice4, choice5, content, correct, create_date, filepath, modify_date, score, subject, teacher_id, time, view) values (?, ?, ?, ?, ?, ?, ?, ?, ?, ?, ?, ?, ?, ?, ?, ?)
make question 5224
Hibernate: insert into question (answer, choice1, choice2, choice3, choice4, choice5, content, correct, create_date, filepath, modify_date, score, subject, teacher_id, time, view) values (?, ?, ?, ?, ?, ?, ?, ?, ?, ?, ?, ?, ?, ?, ?, ?)
make question 5225
Hibernate: insert into question (answer, choice1, choice2, choice3, choice4, choice5, content, correct, create_date, filepath, modify_date, score, subject, teacher_id, time, view) values (?, ?, ?, ?, ?, ?, ?, ?, ?, ?, ?, ?, ?, ?, ?, ?)
make question 5226
Hibernate: insert into question (answer, choice1, choice2, choice3, choice4, choice5, content, correct, create_date, filepath, modify_date, score, subject, teacher_id, time, view) values (?, ?, ?, ?, ?, ?, ?, ?, ?, ?, ?, ?, ?, ?, ?, ?)
make question 5227
Hibernate: insert into question (answer, choice1, choice2, choice3, choice4, choice5, content, correct, create_date, filepath, modify_date, score, subject, teacher_id, time, view) values (?, ?, ?, ?, ?, ?, ?, ?, ?, ?, ?, ?, ?, ?, ?, ?)
make question 5228
Hibernate: insert into question (answer, choice1, choice2, choice3, choice4, choice5, content, correct, create_date, filepath, modify_date, score, subject, teacher_id, time, view) values (?, ?, ?, ?, ?, ?, ?, ?, ?, ?, ?, ?, ?, ?, ?, ?)
make question 5229
Hibernate: insert into question (answer, choice1, choice2, choice3, choice4, choice5, content, correct, create_date, filepath, modify_date, score, subject, teacher_id, time, view) values (?, ?, ?, ?, ?, ?, ?, ?, ?, ?, ?, ?, ?, ?, ?, ?)
make question 5230
Hibernate: insert into question (answer, choice1, choice2, choice3, choice4, choice5, content, correct, create_date, filepath, modify_date, score, subject, teacher_id, time, view) values (?, ?, ?, ?, ?, ?, ?, ?, ?, ?, ?, ?, ?, ?, ?, ?)
make question 5231
Hibernate: insert into question (answer, choice1, choice2, choice3, choice4, choice5, content, correct, create_date, filepath, modify_date, score, subject, teacher_id, time, view) values (?, ?, ?, ?, ?, ?, ?, ?, ?, ?, ?, ?, ?, ?, ?, ?)
make question 5232
Hibernate: insert into question (answer, choice1, choice2, choice3, choice4, choice5, content, correct, create_date, filepath, modify_date, score, subject, teacher_id, time, view) values (?, ?, ?, ?, ?, ?, ?, ?, ?, ?, ?, ?, ?, ?, ?, ?)
make question 5233
Hibernate: insert into question (answer, choice1, choice2, choice3, choice4, choice5, content, correct, create_date, filepath, modify_date, score, subject, teacher_id, time, view) values (?, ?, ?, ?, ?, ?, ?, ?, ?, ?, ?, ?, ?, ?, ?, ?)
make question 5234
Hibernate: insert into question (answer, choice1, choice2, choice3, choice4, choice5, content, correct, create_date, filepath, modify_date, score, subject, teacher_id, time, view) values (?, ?, ?, ?, ?, ?, ?, ?, ?, ?, ?, ?, ?, ?, ?, ?)
make question 5235
Hibernate: insert into question (answer, choice1, choice2, choice3, choice4, choice5, content, correct, create_date, filepath, modify_date, score, subject, teacher_id, time, view) values (?, ?, ?, ?, ?, ?, ?, ?, ?, ?, ?, ?, ?, ?, ?, ?)
make question 5236
Hibernate: insert into question (answer, choice1, choice2, choice3, choice4, choice5, content, correct, create_date, filepath, modify_date, score, subject, teacher_id, time, view) values (?, ?, ?, ?, ?, ?, ?, ?, ?, ?, ?, ?, ?, ?, ?, ?)
make question 5237
Hibernate: insert into question (answer, choice1, choice2, choice3, choice4, choice5, content, correct, create_date, filepath, modify_date, score, subject, teacher_id, time, view) values (?, ?, ?, ?, ?, ?, ?, ?, ?, ?, ?, ?, ?, ?, ?, ?)
make question 5238
Hibernate: insert into question (answer, choice1, choice2, choice3, choice4, choice5, content, correct, create_date, filepath, modify_date, score, subject, teacher_id, time, view) values (?, ?, ?, ?, ?, ?, ?, ?, ?, ?, ?, ?, ?, ?, ?, ?)
make question 5239
Hibernate: insert into question (answer, choice1, choice2, choice3, choice4, choice5, content, correct, create_date, filepath, modify_date, score, subject, teacher_id, time, view) values (?, ?, ?, ?, ?, ?, ?, ?, ?, ?, ?, ?, ?, ?, ?, ?)
make question 5240
Hibernate: insert into question (answer, choice1, choice2, choice3, choice4, choice5, content, correct, create_date, filepath, modify_date, score, subject, teacher_id, time, view) values (?, ?, ?, ?, ?, ?, ?, ?, ?, ?, ?, ?, ?, ?, ?, ?)
make question 5241
Hibernate: insert into question (answer, choice1, choice2, choice3, choice4, choice5, content, correct, create_date, filepath, modify_date, score, subject, teacher_id, time, view) values (?, ?, ?, ?, ?, ?, ?, ?, ?, ?, ?, ?, ?, ?, ?, ?)
make question 5242
Hibernate: insert into question (answer, choice1, choice2, choice3, choice4, choice5, content, correct, create_date, filepath, modify_date, score, subject, teacher_id, time, view) values (?, ?, ?, ?, ?, ?, ?, ?, ?, ?, ?, ?, ?, ?, ?, ?)
make question 5243
Hibernate: insert into question (answer, choice1, choice2, choice3, choice4, choice5, content, correct, create_date, filepath, modify_date, score, subject, teacher_id, time, view) values (?, ?, ?, ?, ?, ?, ?, ?, ?, ?, ?, ?, ?, ?, ?, ?)
make question 5244
Hibernate: insert into question (answer, choice1, choice2, choice3, choice4, choice5, content, correct, create_date, filepath, modify_date, score, subject, teacher_id, time, view) values (?, ?, ?, ?, ?, ?, ?, ?, ?, ?, ?, ?, ?, ?, ?, ?)
make question 5245
Hibernate: insert into question (answer, choice1, choice2, choice3, choice4, choice5, content, correct, create_date, filepath, modify_date, score, subject, teacher_id, time, view) values (?, ?, ?, ?, ?, ?, ?, ?, ?, ?, ?, ?, ?, ?, ?, ?)
make question 5246
Hibernate: insert into question (answer, choice1, choice2, choice3, choice4, choice5, content, correct, create_date, filepath, modify_date, score, subject, teacher_id, time, view) values (?, ?, ?, ?, ?, ?, ?, ?, ?, ?, ?, ?, ?, ?, ?, ?)
make question 5247
Hibernate: insert into question (answer, choice1, choice2, choice3, choice4, choice5, content, correct, create_date, filepath, modify_date, score, subject, teacher_id, time, view) values (?, ?, ?, ?, ?, ?, ?, ?, ?, ?, ?, ?, ?, ?, ?, ?)
make question 5248
Hibernate: insert into question (answer, choice1, choice2, choice3, choice4, choice5, content, correct, create_date, filepath, modify_date, score, subject, teacher_id, time, view) values (?, ?, ?, ?, ?, ?, ?, ?, ?, ?, ?, ?, ?, ?, ?, ?)
make question 5249
Hibernate: insert into question (answer, choice1, choice2, choice3, choice4, choice5, content, correct, create_date, filepath, modify_date, score, subject, teacher_id, time, view) values (?, ?, ?, ?, ?, ?, ?, ?, ?, ?, ?, ?, ?, ?, ?, ?)
make question 5250
Hibernate: insert into question (answer, choice1, choice2, choice3, choice4, choice5, content, correct, create_date, filepath, modify_date, score, subject, teacher_id, time, view) values (?, ?, ?, ?, ?, ?, ?, ?, ?, ?, ?, ?, ?, ?, ?, ?)
make question 5251
Hibernate: insert into question (answer, choice1, choice2, choice3, choice4, choice5, content, correct, create_date, filepath, modify_date, score, subject, teacher_id, time, view) values (?, ?, ?, ?, ?, ?, ?, ?, ?, ?, ?, ?, ?, ?, ?, ?)
make question 5252
Hibernate: insert into question (answer, choice1, choice2, choice3, choice4, choice5, content, correct, create_date, filepath, modify_date, score, subject, teacher_id, time, view) values (?, ?, ?, ?, ?, ?, ?, ?, ?, ?, ?, ?, ?, ?, ?, ?)
make question 5253
Hibernate: insert into question (answer, choice1, choice2, choice3, choice4, choice5, content, correct, create_date, filepath, modify_date, score, subject, teacher_id, time, view) values (?, ?, ?, ?, ?, ?, ?, ?, ?, ?, ?, ?, ?, ?, ?, ?)
make question 5254
Hibernate: insert into question (answer, choice1, choice2, choice3, choice4, choice5, content, correct, create_date, filepath, modify_date, score, subject, teacher_id, time, view) values (?, ?, ?, ?, ?, ?, ?, ?, ?, ?, ?, ?, ?, ?, ?, ?)
make question 5255
Hibernate: insert into question (answer, choice1, choice2, choice3, choice4, choice5, content, correct, create_date, filepath, modify_date, score, subject, teacher_id, time, view) values (?, ?, ?, ?, ?, ?, ?, ?, ?, ?, ?, ?, ?, ?, ?, ?)
make question 5256
Hibernate: insert into question (answer, choice1, choice2, choice3, choice4, choice5, content, correct, create_date, filepath, modify_date, score, subject, teacher_id, time, view) values (?, ?, ?, ?, ?, ?, ?, ?, ?, ?, ?, ?, ?, ?, ?, ?)
make question 5257
Hibernate: insert into question (answer, choice1, choice2, choice3, choice4, choice5, content, correct, create_date, filepath, modify_date, score, subject, teacher_id, time, view) values (?, ?, ?, ?, ?, ?, ?, ?, ?, ?, ?, ?, ?, ?, ?, ?)
make question 5258
Hibernate: insert into question (answer, choice1, choice2, choice3, choice4, choice5, content, correct, create_date, filepath, modify_date, score, subject, teacher_id, time, view) values (?, ?, ?, ?, ?, ?, ?, ?, ?, ?, ?, ?, ?, ?, ?, ?)
make question 5259
Hibernate: insert into question (answer, choice1, choice2, choice3, choice4, choice5, content, correct, create_date, filepath, modify_date, score, subject, teacher_id, time, view) values (?, ?, ?, ?, ?, ?, ?, ?, ?, ?, ?, ?, ?, ?, ?, ?)
make question 5260
Hibernate: insert into question (answer, choice1, choice2, choice3, choice4, choice5, content, correct, create_date, filepath, modify_date, score, subject, teacher_id, time, view) values (?, ?, ?, ?, ?, ?, ?, ?, ?, ?, ?, ?, ?, ?, ?, ?)
make question 5261
Hibernate: insert into question (answer, choice1, choice2, choice3, choice4, choice5, content, correct, create_date, filepath, modify_date, score, subject, teacher_id, time, view) values (?, ?, ?, ?, ?, ?, ?, ?, ?, ?, ?, ?, ?, ?, ?, ?)
make question 5262
Hibernate: insert into question (answer, choice1, choice2, choice3, choice4, choice5, content, correct, create_date, filepath, modify_date, score, subject, teacher_id, time, view) values (?, ?, ?, ?, ?, ?, ?, ?, ?, ?, ?, ?, ?, ?, ?, ?)
make question 5263
Hibernate: insert into question (answer, choice1, choice2, choice3, choice4, choice5, content, correct, create_date, filepath, modify_date, score, subject, teacher_id, time, view) values (?, ?, ?, ?, ?, ?, ?, ?, ?, ?, ?, ?, ?, ?, ?, ?)
make question 5264
Hibernate: insert into question (answer, choice1, choice2, choice3, choice4, choice5, content, correct, create_date, filepath, modify_date, score, subject, teacher_id, time, view) values (?, ?, ?, ?, ?, ?, ?, ?, ?, ?, ?, ?, ?, ?, ?, ?)
make question 5265
Hibernate: insert into question (answer, choice1, choice2, choice3, choice4, choice5, content, correct, create_date, filepath, modify_date, score, subject, teacher_id, time, view) values (?, ?, ?, ?, ?, ?, ?, ?, ?, ?, ?, ?, ?, ?, ?, ?)
make question 5266
Hibernate: insert into question (answer, choice1, choice2, choice3, choice4, choice5, content, correct, create_date, filepath, modify_date, score, subject, teacher_id, time, view) values (?, ?, ?, ?, ?, ?, ?, ?, ?, ?, ?, ?, ?, ?, ?, ?)
make question 5267
Hibernate: insert into question (answer, choice1, choice2, choice3, choice4, choice5, content, correct, create_date, filepath, modify_date, score, subject, teacher_id, time, view) values (?, ?, ?, ?, ?, ?, ?, ?, ?, ?, ?, ?, ?, ?, ?, ?)
make question 5268
Hibernate: insert into question (answer, choice1, choice2, choice3, choice4, choice5, content, correct, create_date, filepath, modify_date, score, subject, teacher_id, time, view) values (?, ?, ?, ?, ?, ?, ?, ?, ?, ?, ?, ?, ?, ?, ?, ?)
make question 5269
Hibernate: insert into question (answer, choice1, choice2, choice3, choice4, choice5, content, correct, create_date, filepath, modify_date, score, subject, teacher_id, time, view) values (?, ?, ?, ?, ?, ?, ?, ?, ?, ?, ?, ?, ?, ?, ?, ?)
make question 5270
Hibernate: insert into question (answer, choice1, choice2, choice3, choice4, choice5, content, correct, create_date, filepath, modify_date, score, subject, teacher_id, time, view) values (?, ?, ?, ?, ?, ?, ?, ?, ?, ?, ?, ?, ?, ?, ?, ?)
make question 5271
Hibernate: insert into question (answer, choice1, choice2, choice3, choice4, choice5, content, correct, create_date, filepath, modify_date, score, subject, teacher_id, time, view) values (?, ?, ?, ?, ?, ?, ?, ?, ?, ?, ?, ?, ?, ?, ?, ?)
make question 5272
Hibernate: insert into question (answer, choice1, choice2, choice3, choice4, choice5, content, correct, create_date, filepath, modify_date, score, subject, teacher_id, time, view) values (?, ?, ?, ?, ?, ?, ?, ?, ?, ?, ?, ?, ?, ?, ?, ?)
make question 5273
Hibernate: insert into question (answer, choice1, choice2, choice3, choice4, choice5, content, correct, create_date, filepath, modify_date, score, subject, teacher_id, time, view) values (?, ?, ?, ?, ?, ?, ?, ?, ?, ?, ?, ?, ?, ?, ?, ?)
make question 5274
Hibernate: insert into question (answer, choice1, choice2, choice3, choice4, choice5, content, correct, create_date, filepath, modify_date, score, subject, teacher_id, time, view) values (?, ?, ?, ?, ?, ?, ?, ?, ?, ?, ?, ?, ?, ?, ?, ?)
make question 5275
Hibernate: insert into question (answer, choice1, choice2, choice3, choice4, choice5, content, correct, create_date, filepath, modify_date, score, subject, teacher_id, time, view) values (?, ?, ?, ?, ?, ?, ?, ?, ?, ?, ?, ?, ?, ?, ?, ?)
make question 5276
Hibernate: insert into question (answer, choice1, choice2, choice3, choice4, choice5, content, correct, create_date, filepath, modify_date, score, subject, teacher_id, time, view) values (?, ?, ?, ?, ?, ?, ?, ?, ?, ?, ?, ?, ?, ?, ?, ?)
make question 5277
Hibernate: insert into question (answer, choice1, choice2, choice3, choice4, choice5, content, correct, create_date, filepath, modify_date, score, subject, teacher_id, time, view) values (?, ?, ?, ?, ?, ?, ?, ?, ?, ?, ?, ?, ?, ?, ?, ?)
make question 5278
Hibernate: insert into question (answer, choice1, choice2, choice3, choice4, choice5, content, correct, create_date, filepath, modify_date, score, subject, teacher_id, time, view) values (?, ?, ?, ?, ?, ?, ?, ?, ?, ?, ?, ?, ?, ?, ?, ?)
make question 5279
Hibernate: insert into question (answer, choice1, choice2, choice3, choice4, choice5, content, correct, create_date, filepath, modify_date, score, subject, teacher_id, time, view) values (?, ?, ?, ?, ?, ?, ?, ?, ?, ?, ?, ?, ?, ?, ?, ?)
make question 5280
Hibernate: insert into question (answer, choice1, choice2, choice3, choice4, choice5, content, correct, create_date, filepath, modify_date, score, subject, teacher_id, time, view) values (?, ?, ?, ?, ?, ?, ?, ?, ?, ?, ?, ?, ?, ?, ?, ?)
make question 5281
Hibernate: insert into question (answer, choice1, choice2, choice3, choice4, choice5, content, correct, create_date, filepath, modify_date, score, subject, teacher_id, time, view) values (?, ?, ?, ?, ?, ?, ?, ?, ?, ?, ?, ?, ?, ?, ?, ?)
make question 5282
Hibernate: insert into question (answer, choice1, choice2, choice3, choice4, choice5, content, correct, create_date, filepath, modify_date, score, subject, teacher_id, time, view) values (?, ?, ?, ?, ?, ?, ?, ?, ?, ?, ?, ?, ?, ?, ?, ?)
make question 5283
Hibernate: insert into question (answer, choice1, choice2, choice3, choice4, choice5, content, correct, create_date, filepath, modify_date, score, subject, teacher_id, time, view) values (?, ?, ?, ?, ?, ?, ?, ?, ?, ?, ?, ?, ?, ?, ?, ?)
make question 5284
Hibernate: insert into question (answer, choice1, choice2, choice3, choice4, choice5, content, correct, create_date, filepath, modify_date, score, subject, teacher_id, time, view) values (?, ?, ?, ?, ?, ?, ?, ?, ?, ?, ?, ?, ?, ?, ?, ?)
make question 5285
Hibernate: insert into question (answer, choice1, choice2, choice3, choice4, choice5, content, correct, create_date, filepath, modify_date, score, subject, teacher_id, time, view) values (?, ?, ?, ?, ?, ?, ?, ?, ?, ?, ?, ?, ?, ?, ?, ?)
make question 5286
Hibernate: insert into question (answer, choice1, choice2, choice3, choice4, choice5, content, correct, create_date, filepath, modify_date, score, subject, teacher_id, time, view) values (?, ?, ?, ?, ?, ?, ?, ?, ?, ?, ?, ?, ?, ?, ?, ?)
make question 5287
Hibernate: insert into question (answer, choice1, choice2, choice3, choice4, choice5, content, correct, create_date, filepath, modify_date, score, subject, teacher_id, time, view) values (?, ?, ?, ?, ?, ?, ?, ?, ?, ?, ?, ?, ?, ?, ?, ?)
make question 5288
Hibernate: insert into question (answer, choice1, choice2, choice3, choice4, choice5, content, correct, create_date, filepath, modify_date, score, subject, teacher_id, time, view) values (?, ?, ?, ?, ?, ?, ?, ?, ?, ?, ?, ?, ?, ?, ?, ?)
make question 5289
Hibernate: insert into question (answer, choice1, choice2, choice3, choice4, choice5, content, correct, create_date, filepath, modify_date, score, subject, teacher_id, time, view) values (?, ?, ?, ?, ?, ?, ?, ?, ?, ?, ?, ?, ?, ?, ?, ?)
make question 5290
Hibernate: insert into question (answer, choice1, choice2, choice3, choice4, choice5, content, correct, create_date, filepath, modify_date, score, subject, teacher_id, time, view) values (?, ?, ?, ?, ?, ?, ?, ?, ?, ?, ?, ?, ?, ?, ?, ?)
make question 5291
Hibernate: insert into question (answer, choice1, choice2, choice3, choice4, choice5, content, correct, create_date, filepath, modify_date, score, subject, teacher_id, time, view) values (?, ?, ?, ?, ?, ?, ?, ?, ?, ?, ?, ?, ?, ?, ?, ?)
make question 5292
Hibernate: insert into question (answer, choice1, choice2, choice3, choice4, choice5, content, correct, create_date, filepath, modify_date, score, subject, teacher_id, time, view) values (?, ?, ?, ?, ?, ?, ?, ?, ?, ?, ?, ?, ?, ?, ?, ?)
make question 5293
Hibernate: insert into question (answer, choice1, choice2, choice3, choice4, choice5, content, correct, create_date, filepath, modify_date, score, subject, teacher_id, time, view) values (?, ?, ?, ?, ?, ?, ?, ?, ?, ?, ?, ?, ?, ?, ?, ?)
make question 5294
Hibernate: insert into question (answer, choice1, choice2, choice3, choice4, choice5, content, correct, create_date, filepath, modify_date, score, subject, teacher_id, time, view) values (?, ?, ?, ?, ?, ?, ?, ?, ?, ?, ?, ?, ?, ?, ?, ?)
make question 5295
Hibernate: insert into question (answer, choice1, choice2, choice3, choice4, choice5, content, correct, create_date, filepath, modify_date, score, subject, teacher_id, time, view) values (?, ?, ?, ?, ?, ?, ?, ?, ?, ?, ?, ?, ?, ?, ?, ?)
make question 5296
Hibernate: insert into question (answer, choice1, choice2, choice3, choice4, choice5, content, correct, create_date, filepath, modify_date, score, subject, teacher_id, time, view) values (?, ?, ?, ?, ?, ?, ?, ?, ?, ?, ?, ?, ?, ?, ?, ?)
make question 5297
Hibernate: insert into question (answer, choice1, choice2, choice3, choice4, choice5, content, correct, create_date, filepath, modify_date, score, subject, teacher_id, time, view) values (?, ?, ?, ?, ?, ?, ?, ?, ?, ?, ?, ?, ?, ?, ?, ?)
make question 5298
Hibernate: insert into question (answer, choice1, choice2, choice3, choice4, choice5, content, correct, create_date, filepath, modify_date, score, subject, teacher_id, time, view) values (?, ?, ?, ?, ?, ?, ?, ?, ?, ?, ?, ?, ?, ?, ?, ?)
make question 5299
Hibernate: insert into question (answer, choice1, choice2, choice3, choice4, choice5, content, correct, create_date, filepath, modify_date, score, subject, teacher_id, time, view) values (?, ?, ?, ?, ?, ?, ?, ?, ?, ?, ?, ?, ?, ?, ?, ?)
make question 5300
Hibernate: insert into question (answer, choice1, choice2, choice3, choice4, choice5, content, correct, create_date, filepath, modify_date, score, subject, teacher_id, time, view) values (?, ?, ?, ?, ?, ?, ?, ?, ?, ?, ?, ?, ?, ?, ?, ?)
make question 5301
Hibernate: insert into question (answer, choice1, choice2, choice3, choice4, choice5, content, correct, create_date, filepath, modify_date, score, subject, teacher_id, time, view) values (?, ?, ?, ?, ?, ?, ?, ?, ?, ?, ?, ?, ?, ?, ?, ?)
make question 5302
Hibernate: insert into question (answer, choice1, choice2, choice3, choice4, choice5, content, correct, create_date, filepath, modify_date, score, subject, teacher_id, time, view) values (?, ?, ?, ?, ?, ?, ?, ?, ?, ?, ?, ?, ?, ?, ?, ?)
make question 5303
Hibernate: insert into question (answer, choice1, choice2, choice3, choice4, choice5, content, correct, create_date, filepath, modify_date, score, subject, teacher_id, time, view) values (?, ?, ?, ?, ?, ?, ?, ?, ?, ?, ?, ?, ?, ?, ?, ?)
make question 5304
Hibernate: insert into question (answer, choice1, choice2, choice3, choice4, choice5, content, correct, create_date, filepath, modify_date, score, subject, teacher_id, time, view) values (?, ?, ?, ?, ?, ?, ?, ?, ?, ?, ?, ?, ?, ?, ?, ?)
make question 5305
Hibernate: insert into question (answer, choice1, choice2, choice3, choice4, choice5, content, correct, create_date, filepath, modify_date, score, subject, teacher_id, time, view) values (?, ?, ?, ?, ?, ?, ?, ?, ?, ?, ?, ?, ?, ?, ?, ?)
make question 5306
Hibernate: insert into question (answer, choice1, choice2, choice3, choice4, choice5, content, correct, create_date, filepath, modify_date, score, subject, teacher_id, time, view) values (?, ?, ?, ?, ?, ?, ?, ?, ?, ?, ?, ?, ?, ?, ?, ?)
make question 5307
Hibernate: insert into question (answer, choice1, choice2, choice3, choice4, choice5, content, correct, create_date, filepath, modify_date, score, subject, teacher_id, time, view) values (?, ?, ?, ?, ?, ?, ?, ?, ?, ?, ?, ?, ?, ?, ?, ?)
make question 5308
Hibernate: insert into question (answer, choice1, choice2, choice3, choice4, choice5, content, correct, create_date, filepath, modify_date, score, subject, teacher_id, time, view) values (?, ?, ?, ?, ?, ?, ?, ?, ?, ?, ?, ?, ?, ?, ?, ?)
make question 5309
Hibernate: insert into question (answer, choice1, choice2, choice3, choice4, choice5, content, correct, create_date, filepath, modify_date, score, subject, teacher_id, time, view) values (?, ?, ?, ?, ?, ?, ?, ?, ?, ?, ?, ?, ?, ?, ?, ?)
make question 5310
Hibernate: insert into question (answer, choice1, choice2, choice3, choice4, choice5, content, correct, create_date, filepath, modify_date, score, subject, teacher_id, time, view) values (?, ?, ?, ?, ?, ?, ?, ?, ?, ?, ?, ?, ?, ?, ?, ?)
make question 5311
Hibernate: insert into question (answer, choice1, choice2, choice3, choice4, choice5, content, correct, create_date, filepath, modify_date, score, subject, teacher_id, time, view) values (?, ?, ?, ?, ?, ?, ?, ?, ?, ?, ?, ?, ?, ?, ?, ?)
make question 5312
Hibernate: insert into question (answer, choice1, choice2, choice3, choice4, choice5, content, correct, create_date, filepath, modify_date, score, subject, teacher_id, time, view) values (?, ?, ?, ?, ?, ?, ?, ?, ?, ?, ?, ?, ?, ?, ?, ?)
make question 5313
Hibernate: insert into question (answer, choice1, choice2, choice3, choice4, choice5, content, correct, create_date, filepath, modify_date, score, subject, teacher_id, time, view) values (?, ?, ?, ?, ?, ?, ?, ?, ?, ?, ?, ?, ?, ?, ?, ?)
make question 5314
Hibernate: insert into question (answer, choice1, choice2, choice3, choice4, choice5, content, correct, create_date, filepath, modify_date, score, subject, teacher_id, time, view) values (?, ?, ?, ?, ?, ?, ?, ?, ?, ?, ?, ?, ?, ?, ?, ?)
make question 5315
Hibernate: insert into question (answer, choice1, choice2, choice3, choice4, choice5, content, correct, create_date, filepath, modify_date, score, subject, teacher_id, time, view) values (?, ?, ?, ?, ?, ?, ?, ?, ?, ?, ?, ?, ?, ?, ?, ?)
make question 5316
Hibernate: insert into question (answer, choice1, choice2, choice3, choice4, choice5, content, correct, create_date, filepath, modify_date, score, subject, teacher_id, time, view) values (?, ?, ?, ?, ?, ?, ?, ?, ?, ?, ?, ?, ?, ?, ?, ?)
make question 5317
Hibernate: insert into question (answer, choice1, choice2, choice3, choice4, choice5, content, correct, create_date, filepath, modify_date, score, subject, teacher_id, time, view) values (?, ?, ?, ?, ?, ?, ?, ?, ?, ?, ?, ?, ?, ?, ?, ?)
make question 5318
Hibernate: insert into question (answer, choice1, choice2, choice3, choice4, choice5, content, correct, create_date, filepath, modify_date, score, subject, teacher_id, time, view) values (?, ?, ?, ?, ?, ?, ?, ?, ?, ?, ?, ?, ?, ?, ?, ?)
make question 5319
Hibernate: insert into question (answer, choice1, choice2, choice3, choice4, choice5, content, correct, create_date, filepath, modify_date, score, subject, teacher_id, time, view) values (?, ?, ?, ?, ?, ?, ?, ?, ?, ?, ?, ?, ?, ?, ?, ?)
make question 5320
Hibernate: insert into question (answer, choice1, choice2, choice3, choice4, choice5, content, correct, create_date, filepath, modify_date, score, subject, teacher_id, time, view) values (?, ?, ?, ?, ?, ?, ?, ?, ?, ?, ?, ?, ?, ?, ?, ?)
make question 5321
Hibernate: insert into question (answer, choice1, choice2, choice3, choice4, choice5, content, correct, create_date, filepath, modify_date, score, subject, teacher_id, time, view) values (?, ?, ?, ?, ?, ?, ?, ?, ?, ?, ?, ?, ?, ?, ?, ?)
make question 5322
Hibernate: insert into question (answer, choice1, choice2, choice3, choice4, choice5, content, correct, create_date, filepath, modify_date, score, subject, teacher_id, time, view) values (?, ?, ?, ?, ?, ?, ?, ?, ?, ?, ?, ?, ?, ?, ?, ?)
make question 5323
Hibernate: insert into question (answer, choice1, choice2, choice3, choice4, choice5, content, correct, create_date, filepath, modify_date, score, subject, teacher_id, time, view) values (?, ?, ?, ?, ?, ?, ?, ?, ?, ?, ?, ?, ?, ?, ?, ?)
make question 5324
Hibernate: insert into question (answer, choice1, choice2, choice3, choice4, choice5, content, correct, create_date, filepath, modify_date, score, subject, teacher_id, time, view) values (?, ?, ?, ?, ?, ?, ?, ?, ?, ?, ?, ?, ?, ?, ?, ?)
make question 5325
Hibernate: insert into question (answer, choice1, choice2, choice3, choice4, choice5, content, correct, create_date, filepath, modify_date, score, subject, teacher_id, time, view) values (?, ?, ?, ?, ?, ?, ?, ?, ?, ?, ?, ?, ?, ?, ?, ?)
make question 5326
Hibernate: insert into question (answer, choice1, choice2, choice3, choice4, choice5, content, correct, create_date, filepath, modify_date, score, subject, teacher_id, time, view) values (?, ?, ?, ?, ?, ?, ?, ?, ?, ?, ?, ?, ?, ?, ?, ?)
make question 5327
Hibernate: insert into question (answer, choice1, choice2, choice3, choice4, choice5, content, correct, create_date, filepath, modify_date, score, subject, teacher_id, time, view) values (?, ?, ?, ?, ?, ?, ?, ?, ?, ?, ?, ?, ?, ?, ?, ?)
make question 5328
Hibernate: insert into question (answer, choice1, choice2, choice3, choice4, choice5, content, correct, create_date, filepath, modify_date, score, subject, teacher_id, time, view) values (?, ?, ?, ?, ?, ?, ?, ?, ?, ?, ?, ?, ?, ?, ?, ?)
make question 5329
Hibernate: insert into question (answer, choice1, choice2, choice3, choice4, choice5, content, correct, create_date, filepath, modify_date, score, subject, teacher_id, time, view) values (?, ?, ?, ?, ?, ?, ?, ?, ?, ?, ?, ?, ?, ?, ?, ?)
make question 5330
Hibernate: insert into question (answer, choice1, choice2, choice3, choice4, choice5, content, correct, create_date, filepath, modify_date, score, subject, teacher_id, time, view) values (?, ?, ?, ?, ?, ?, ?, ?, ?, ?, ?, ?, ?, ?, ?, ?)
make question 5331
Hibernate: insert into question (answer, choice1, choice2, choice3, choice4, choice5, content, correct, create_date, filepath, modify_date, score, subject, teacher_id, time, view) values (?, ?, ?, ?, ?, ?, ?, ?, ?, ?, ?, ?, ?, ?, ?, ?)
make question 5332
Hibernate: insert into question (answer, choice1, choice2, choice3, choice4, choice5, content, correct, create_date, filepath, modify_date, score, subject, teacher_id, time, view) values (?, ?, ?, ?, ?, ?, ?, ?, ?, ?, ?, ?, ?, ?, ?, ?)
make question 5333
Hibernate: insert into question (answer, choice1, choice2, choice3, choice4, choice5, content, correct, create_date, filepath, modify_date, score, subject, teacher_id, time, view) values (?, ?, ?, ?, ?, ?, ?, ?, ?, ?, ?, ?, ?, ?, ?, ?)
make question 5334
Hibernate: insert into question (answer, choice1, choice2, choice3, choice4, choice5, content, correct, create_date, filepath, modify_date, score, subject, teacher_id, time, view) values (?, ?, ?, ?, ?, ?, ?, ?, ?, ?, ?, ?, ?, ?, ?, ?)
make question 5335
Hibernate: insert into question (answer, choice1, choice2, choice3, choice4, choice5, content, correct, create_date, filepath, modify_date, score, subject, teacher_id, time, view) values (?, ?, ?, ?, ?, ?, ?, ?, ?, ?, ?, ?, ?, ?, ?, ?)
make question 5336
Hibernate: insert into question (answer, choice1, choice2, choice3, choice4, choice5, content, correct, create_date, filepath, modify_date, score, subject, teacher_id, time, view) values (?, ?, ?, ?, ?, ?, ?, ?, ?, ?, ?, ?, ?, ?, ?, ?)
make question 5337
Hibernate: insert into question (answer, choice1, choice2, choice3, choice4, choice5, content, correct, create_date, filepath, modify_date, score, subject, teacher_id, time, view) values (?, ?, ?, ?, ?, ?, ?, ?, ?, ?, ?, ?, ?, ?, ?, ?)
make question 5338
Hibernate: insert into question (answer, choice1, choice2, choice3, choice4, choice5, content, correct, create_date, filepath, modify_date, score, subject, teacher_id, time, view) values (?, ?, ?, ?, ?, ?, ?, ?, ?, ?, ?, ?, ?, ?, ?, ?)
make question 5339
Hibernate: insert into question (answer, choice1, choice2, choice3, choice4, choice5, content, correct, create_date, filepath, modify_date, score, subject, teacher_id, time, view) values (?, ?, ?, ?, ?, ?, ?, ?, ?, ?, ?, ?, ?, ?, ?, ?)
make question 5340
Hibernate: insert into question (answer, choice1, choice2, choice3, choice4, choice5, content, correct, create_date, filepath, modify_date, score, subject, teacher_id, time, view) values (?, ?, ?, ?, ?, ?, ?, ?, ?, ?, ?, ?, ?, ?, ?, ?)
make question 5341
Hibernate: insert into question (answer, choice1, choice2, choice3, choice4, choice5, content, correct, create_date, filepath, modify_date, score, subject, teacher_id, time, view) values (?, ?, ?, ?, ?, ?, ?, ?, ?, ?, ?, ?, ?, ?, ?, ?)
make question 5342
Hibernate: insert into question (answer, choice1, choice2, choice3, choice4, choice5, content, correct, create_date, filepath, modify_date, score, subject, teacher_id, time, view) values (?, ?, ?, ?, ?, ?, ?, ?, ?, ?, ?, ?, ?, ?, ?, ?)
make question 5343
Hibernate: insert into question (answer, choice1, choice2, choice3, choice4, choice5, content, correct, create_date, filepath, modify_date, score, subject, teacher_id, time, view) values (?, ?, ?, ?, ?, ?, ?, ?, ?, ?, ?, ?, ?, ?, ?, ?)
make question 5344
Hibernate: insert into question (answer, choice1, choice2, choice3, choice4, choice5, content, correct, create_date, filepath, modify_date, score, subject, teacher_id, time, view) values (?, ?, ?, ?, ?, ?, ?, ?, ?, ?, ?, ?, ?, ?, ?, ?)
make question 5345
Hibernate: insert into question (answer, choice1, choice2, choice3, choice4, choice5, content, correct, create_date, filepath, modify_date, score, subject, teacher_id, time, view) values (?, ?, ?, ?, ?, ?, ?, ?, ?, ?, ?, ?, ?, ?, ?, ?)
make question 5346
Hibernate: insert into question (answer, choice1, choice2, choice3, choice4, choice5, content, correct, create_date, filepath, modify_date, score, subject, teacher_id, time, view) values (?, ?, ?, ?, ?, ?, ?, ?, ?, ?, ?, ?, ?, ?, ?, ?)
make question 5347
Hibernate: insert into question (answer, choice1, choice2, choice3, choice4, choice5, content, correct, create_date, filepath, modify_date, score, subject, teacher_id, time, view) values (?, ?, ?, ?, ?, ?, ?, ?, ?, ?, ?, ?, ?, ?, ?, ?)
make question 5348
Hibernate: insert into question (answer, choice1, choice2, choice3, choice4, choice5, content, correct, create_date, filepath, modify_date, score, subject, teacher_id, time, view) values (?, ?, ?, ?, ?, ?, ?, ?, ?, ?, ?, ?, ?, ?, ?, ?)
make question 5349
Hibernate: insert into question (answer, choice1, choice2, choice3, choice4, choice5, content, correct, create_date, filepath, modify_date, score, subject, teacher_id, time, view) values (?, ?, ?, ?, ?, ?, ?, ?, ?, ?, ?, ?, ?, ?, ?, ?)
make question 5350
Hibernate: insert into question (answer, choice1, choice2, choice3, choice4, choice5, content, correct, create_date, filepath, modify_date, score, subject, teacher_id, time, view) values (?, ?, ?, ?, ?, ?, ?, ?, ?, ?, ?, ?, ?, ?, ?, ?)
make question 5351
Hibernate: insert into question (answer, choice1, choice2, choice3, choice4, choice5, content, correct, create_date, filepath, modify_date, score, subject, teacher_id, time, view) values (?, ?, ?, ?, ?, ?, ?, ?, ?, ?, ?, ?, ?, ?, ?, ?)
make question 5352
Hibernate: insert into question (answer, choice1, choice2, choice3, choice4, choice5, content, correct, create_date, filepath, modify_date, score, subject, teacher_id, time, view) values (?, ?, ?, ?, ?, ?, ?, ?, ?, ?, ?, ?, ?, ?, ?, ?)
make question 5353
Hibernate: insert into question (answer, choice1, choice2, choice3, choice4, choice5, content, correct, create_date, filepath, modify_date, score, subject, teacher_id, time, view) values (?, ?, ?, ?, ?, ?, ?, ?, ?, ?, ?, ?, ?, ?, ?, ?)
make question 5354
Hibernate: insert into question (answer, choice1, choice2, choice3, choice4, choice5, content, correct, create_date, filepath, modify_date, score, subject, teacher_id, time, view) values (?, ?, ?, ?, ?, ?, ?, ?, ?, ?, ?, ?, ?, ?, ?, ?)
make question 5355
Hibernate: insert into question (answer, choice1, choice2, choice3, choice4, choice5, content, correct, create_date, filepath, modify_date, score, subject, teacher_id, time, view) values (?, ?, ?, ?, ?, ?, ?, ?, ?, ?, ?, ?, ?, ?, ?, ?)
make question 5356
Hibernate: insert into question (answer, choice1, choice2, choice3, choice4, choice5, content, correct, create_date, filepath, modify_date, score, subject, teacher_id, time, view) values (?, ?, ?, ?, ?, ?, ?, ?, ?, ?, ?, ?, ?, ?, ?, ?)
make question 5357
Hibernate: insert into question (answer, choice1, choice2, choice3, choice4, choice5, content, correct, create_date, filepath, modify_date, score, subject, teacher_id, time, view) values (?, ?, ?, ?, ?, ?, ?, ?, ?, ?, ?, ?, ?, ?, ?, ?)
make question 5358
Hibernate: insert into question (answer, choice1, choice2, choice3, choice4, choice5, content, correct, create_date, filepath, modify_date, score, subject, teacher_id, time, view) values (?, ?, ?, ?, ?, ?, ?, ?, ?, ?, ?, ?, ?, ?, ?, ?)
make question 5359
Hibernate: insert into question (answer, choice1, choice2, choice3, choice4, choice5, content, correct, create_date, filepath, modify_date, score, subject, teacher_id, time, view) values (?, ?, ?, ?, ?, ?, ?, ?, ?, ?, ?, ?, ?, ?, ?, ?)
make question 5360
Hibernate: insert into question (answer, choice1, choice2, choice3, choice4, choice5, content, correct, create_date, filepath, modify_date, score, subject, teacher_id, time, view) values (?, ?, ?, ?, ?, ?, ?, ?, ?, ?, ?, ?, ?, ?, ?, ?)
make question 5361
Hibernate: insert into question (answer, choice1, choice2, choice3, choice4, choice5, content, correct, create_date, filepath, modify_date, score, subject, teacher_id, time, view) values (?, ?, ?, ?, ?, ?, ?, ?, ?, ?, ?, ?, ?, ?, ?, ?)
make question 5362
Hibernate: insert into question (answer, choice1, choice2, choice3, choice4, choice5, content, correct, create_date, filepath, modify_date, score, subject, teacher_id, time, view) values (?, ?, ?, ?, ?, ?, ?, ?, ?, ?, ?, ?, ?, ?, ?, ?)
make question 5363
Hibernate: insert into question (answer, choice1, choice2, choice3, choice4, choice5, content, correct, create_date, filepath, modify_date, score, subject, teacher_id, time, view) values (?, ?, ?, ?, ?, ?, ?, ?, ?, ?, ?, ?, ?, ?, ?, ?)
make question 5364
Hibernate: insert into question (answer, choice1, choice2, choice3, choice4, choice5, content, correct, create_date, filepath, modify_date, score, subject, teacher_id, time, view) values (?, ?, ?, ?, ?, ?, ?, ?, ?, ?, ?, ?, ?, ?, ?, ?)
make question 5365
Hibernate: insert into question (answer, choice1, choice2, choice3, choice4, choice5, content, correct, create_date, filepath, modify_date, score, subject, teacher_id, time, view) values (?, ?, ?, ?, ?, ?, ?, ?, ?, ?, ?, ?, ?, ?, ?, ?)
make question 5366
Hibernate: insert into question (answer, choice1, choice2, choice3, choice4, choice5, content, correct, create_date, filepath, modify_date, score, subject, teacher_id, time, view) values (?, ?, ?, ?, ?, ?, ?, ?, ?, ?, ?, ?, ?, ?, ?, ?)
make question 5367
Hibernate: insert into question (answer, choice1, choice2, choice3, choice4, choice5, content, correct, create_date, filepath, modify_date, score, subject, teacher_id, time, view) values (?, ?, ?, ?, ?, ?, ?, ?, ?, ?, ?, ?, ?, ?, ?, ?)
make question 5368
Hibernate: insert into question (answer, choice1, choice2, choice3, choice4, choice5, content, correct, create_date, filepath, modify_date, score, subject, teacher_id, time, view) values (?, ?, ?, ?, ?, ?, ?, ?, ?, ?, ?, ?, ?, ?, ?, ?)
make question 5369
Hibernate: insert into question (answer, choice1, choice2, choice3, choice4, choice5, content, correct, create_date, filepath, modify_date, score, subject, teacher_id, time, view) values (?, ?, ?, ?, ?, ?, ?, ?, ?, ?, ?, ?, ?, ?, ?, ?)
make question 5370
Hibernate: insert into question (answer, choice1, choice2, choice3, choice4, choice5, content, correct, create_date, filepath, modify_date, score, subject, teacher_id, time, view) values (?, ?, ?, ?, ?, ?, ?, ?, ?, ?, ?, ?, ?, ?, ?, ?)
make question 5371
Hibernate: insert into question (answer, choice1, choice2, choice3, choice4, choice5, content, correct, create_date, filepath, modify_date, score, subject, teacher_id, time, view) values (?, ?, ?, ?, ?, ?, ?, ?, ?, ?, ?, ?, ?, ?, ?, ?)
make question 5372
Hibernate: insert into question (answer, choice1, choice2, choice3, choice4, choice5, content, correct, create_date, filepath, modify_date, score, subject, teacher_id, time, view) values (?, ?, ?, ?, ?, ?, ?, ?, ?, ?, ?, ?, ?, ?, ?, ?)
make question 5373
Hibernate: insert into question (answer, choice1, choice2, choice3, choice4, choice5, content, correct, create_date, filepath, modify_date, score, subject, teacher_id, time, view) values (?, ?, ?, ?, ?, ?, ?, ?, ?, ?, ?, ?, ?, ?, ?, ?)
make question 5374
Hibernate: insert into question (answer, choice1, choice2, choice3, choice4, choice5, content, correct, create_date, filepath, modify_date, score, subject, teacher_id, time, view) values (?, ?, ?, ?, ?, ?, ?, ?, ?, ?, ?, ?, ?, ?, ?, ?)
make question 5375
Hibernate: insert into question (answer, choice1, choice2, choice3, choice4, choice5, content, correct, create_date, filepath, modify_date, score, subject, teacher_id, time, view) values (?, ?, ?, ?, ?, ?, ?, ?, ?, ?, ?, ?, ?, ?, ?, ?)
make question 5376
Hibernate: insert into question (answer, choice1, choice2, choice3, choice4, choice5, content, correct, create_date, filepath, modify_date, score, subject, teacher_id, time, view) values (?, ?, ?, ?, ?, ?, ?, ?, ?, ?, ?, ?, ?, ?, ?, ?)
make question 5377
Hibernate: insert into question (answer, choice1, choice2, choice3, choice4, choice5, content, correct, create_date, filepath, modify_date, score, subject, teacher_id, time, view) values (?, ?, ?, ?, ?, ?, ?, ?, ?, ?, ?, ?, ?, ?, ?, ?)
make question 5378
Hibernate: insert into question (answer, choice1, choice2, choice3, choice4, choice5, content, correct, create_date, filepath, modify_date, score, subject, teacher_id, time, view) values (?, ?, ?, ?, ?, ?, ?, ?, ?, ?, ?, ?, ?, ?, ?, ?)
make question 5379
Hibernate: insert into question (answer, choice1, choice2, choice3, choice4, choice5, content, correct, create_date, filepath, modify_date, score, subject, teacher_id, time, view) values (?, ?, ?, ?, ?, ?, ?, ?, ?, ?, ?, ?, ?, ?, ?, ?)
make question 5380
Hibernate: insert into question (answer, choice1, choice2, choice3, choice4, choice5, content, correct, create_date, filepath, modify_date, score, subject, teacher_id, time, view) values (?, ?, ?, ?, ?, ?, ?, ?, ?, ?, ?, ?, ?, ?, ?, ?)
make question 5381
Hibernate: insert into question (answer, choice1, choice2, choice3, choice4, choice5, content, correct, create_date, filepath, modify_date, score, subject, teacher_id, time, view) values (?, ?, ?, ?, ?, ?, ?, ?, ?, ?, ?, ?, ?, ?, ?, ?)
make question 5382
Hibernate: insert into question (answer, choice1, choice2, choice3, choice4, choice5, content, correct, create_date, filepath, modify_date, score, subject, teacher_id, time, view) values (?, ?, ?, ?, ?, ?, ?, ?, ?, ?, ?, ?, ?, ?, ?, ?)
make question 5383
Hibernate: insert into question (answer, choice1, choice2, choice3, choice4, choice5, content, correct, create_date, filepath, modify_date, score, subject, teacher_id, time, view) values (?, ?, ?, ?, ?, ?, ?, ?, ?, ?, ?, ?, ?, ?, ?, ?)
make question 5384
Hibernate: insert into question (answer, choice1, choice2, choice3, choice4, choice5, content, correct, create_date, filepath, modify_date, score, subject, teacher_id, time, view) values (?, ?, ?, ?, ?, ?, ?, ?, ?, ?, ?, ?, ?, ?, ?, ?)
make question 5385
Hibernate: insert into question (answer, choice1, choice2, choice3, choice4, choice5, content, correct, create_date, filepath, modify_date, score, subject, teacher_id, time, view) values (?, ?, ?, ?, ?, ?, ?, ?, ?, ?, ?, ?, ?, ?, ?, ?)
make question 5386
Hibernate: insert into question (answer, choice1, choice2, choice3, choice4, choice5, content, correct, create_date, filepath, modify_date, score, subject, teacher_id, time, view) values (?, ?, ?, ?, ?, ?, ?, ?, ?, ?, ?, ?, ?, ?, ?, ?)
make question 5387
Hibernate: insert into question (answer, choice1, choice2, choice3, choice4, choice5, content, correct, create_date, filepath, modify_date, score, subject, teacher_id, time, view) values (?, ?, ?, ?, ?, ?, ?, ?, ?, ?, ?, ?, ?, ?, ?, ?)
make question 5388
Hibernate: insert into question (answer, choice1, choice2, choice3, choice4, choice5, content, correct, create_date, filepath, modify_date, score, subject, teacher_id, time, view) values (?, ?, ?, ?, ?, ?, ?, ?, ?, ?, ?, ?, ?, ?, ?, ?)
make question 5389
Hibernate: insert into question (answer, choice1, choice2, choice3, choice4, choice5, content, correct, create_date, filepath, modify_date, score, subject, teacher_id, time, view) values (?, ?, ?, ?, ?, ?, ?, ?, ?, ?, ?, ?, ?, ?, ?, ?)
make question 5390
Hibernate: insert into question (answer, choice1, choice2, choice3, choice4, choice5, content, correct, create_date, filepath, modify_date, score, subject, teacher_id, time, view) values (?, ?, ?, ?, ?, ?, ?, ?, ?, ?, ?, ?, ?, ?, ?, ?)
make question 5391
Hibernate: insert into question (answer, choice1, choice2, choice3, choice4, choice5, content, correct, create_date, filepath, modify_date, score, subject, teacher_id, time, view) values (?, ?, ?, ?, ?, ?, ?, ?, ?, ?, ?, ?, ?, ?, ?, ?)
make question 5392
Hibernate: insert into question (answer, choice1, choice2, choice3, choice4, choice5, content, correct, create_date, filepath, modify_date, score, subject, teacher_id, time, view) values (?, ?, ?, ?, ?, ?, ?, ?, ?, ?, ?, ?, ?, ?, ?, ?)
make question 5393
Hibernate: insert into question (answer, choice1, choice2, choice3, choice4, choice5, content, correct, create_date, filepath, modify_date, score, subject, teacher_id, time, view) values (?, ?, ?, ?, ?, ?, ?, ?, ?, ?, ?, ?, ?, ?, ?, ?)
make question 5394
Hibernate: insert into question (answer, choice1, choice2, choice3, choice4, choice5, content, correct, create_date, filepath, modify_date, score, subject, teacher_id, time, view) values (?, ?, ?, ?, ?, ?, ?, ?, ?, ?, ?, ?, ?, ?, ?, ?)
make question 5395
Hibernate: insert into question (answer, choice1, choice2, choice3, choice4, choice5, content, correct, create_date, filepath, modify_date, score, subject, teacher_id, time, view) values (?, ?, ?, ?, ?, ?, ?, ?, ?, ?, ?, ?, ?, ?, ?, ?)
make question 5396
Hibernate: insert into question (answer, choice1, choice2, choice3, choice4, choice5, content, correct, create_date, filepath, modify_date, score, subject, teacher_id, time, view) values (?, ?, ?, ?, ?, ?, ?, ?, ?, ?, ?, ?, ?, ?, ?, ?)
make question 5397
Hibernate: insert into question (answer, choice1, choice2, choice3, choice4, choice5, content, correct, create_date, filepath, modify_date, score, subject, teacher_id, time, view) values (?, ?, ?, ?, ?, ?, ?, ?, ?, ?, ?, ?, ?, ?, ?, ?)
make question 5398
Hibernate: insert into question (answer, choice1, choice2, choice3, choice4, choice5, content, correct, create_date, filepath, modify_date, score, subject, teacher_id, time, view) values (?, ?, ?, ?, ?, ?, ?, ?, ?, ?, ?, ?, ?, ?, ?, ?)
make question 5399
Hibernate: insert into question (answer, choice1, choice2, choice3, choice4, choice5, content, correct, create_date, filepath, modify_date, score, subject, teacher_id, time, view) values (?, ?, ?, ?, ?, ?, ?, ?, ?, ?, ?, ?, ?, ?, ?, ?)
make question 5400
Hibernate: insert into question (answer, choice1, choice2, choice3, choice4, choice5, content, correct, create_date, filepath, modify_date, score, subject, teacher_id, time, view) values (?, ?, ?, ?, ?, ?, ?, ?, ?, ?, ?, ?, ?, ?, ?, ?)
make question 5401
Hibernate: insert into question (answer, choice1, choice2, choice3, choice4, choice5, content, correct, create_date, filepath, modify_date, score, subject, teacher_id, time, view) values (?, ?, ?, ?, ?, ?, ?, ?, ?, ?, ?, ?, ?, ?, ?, ?)
make question 5402
Hibernate: insert into question (answer, choice1, choice2, choice3, choice4, choice5, content, correct, create_date, filepath, modify_date, score, subject, teacher_id, time, view) values (?, ?, ?, ?, ?, ?, ?, ?, ?, ?, ?, ?, ?, ?, ?, ?)
make question 5403
Hibernate: insert into question (answer, choice1, choice2, choice3, choice4, choice5, content, correct, create_date, filepath, modify_date, score, subject, teacher_id, time, view) values (?, ?, ?, ?, ?, ?, ?, ?, ?, ?, ?, ?, ?, ?, ?, ?)
make question 5404
Hibernate: insert into question (answer, choice1, choice2, choice3, choice4, choice5, content, correct, create_date, filepath, modify_date, score, subject, teacher_id, time, view) values (?, ?, ?, ?, ?, ?, ?, ?, ?, ?, ?, ?, ?, ?, ?, ?)
make question 5405
Hibernate: insert into question (answer, choice1, choice2, choice3, choice4, choice5, content, correct, create_date, filepath, modify_date, score, subject, teacher_id, time, view) values (?, ?, ?, ?, ?, ?, ?, ?, ?, ?, ?, ?, ?, ?, ?, ?)
make question 5406
Hibernate: insert into question (answer, choice1, choice2, choice3, choice4, choice5, content, correct, create_date, filepath, modify_date, score, subject, teacher_id, time, view) values (?, ?, ?, ?, ?, ?, ?, ?, ?, ?, ?, ?, ?, ?, ?, ?)
make question 5407
Hibernate: insert into question (answer, choice1, choice2, choice3, choice4, choice5, content, correct, create_date, filepath, modify_date, score, subject, teacher_id, time, view) values (?, ?, ?, ?, ?, ?, ?, ?, ?, ?, ?, ?, ?, ?, ?, ?)
make question 5408
Hibernate: insert into question (answer, choice1, choice2, choice3, choice4, choice5, content, correct, create_date, filepath, modify_date, score, subject, teacher_id, time, view) values (?, ?, ?, ?, ?, ?, ?, ?, ?, ?, ?, ?, ?, ?, ?, ?)
make question 5409
Hibernate: insert into question (answer, choice1, choice2, choice3, choice4, choice5, content, correct, create_date, filepath, modify_date, score, subject, teacher_id, time, view) values (?, ?, ?, ?, ?, ?, ?, ?, ?, ?, ?, ?, ?, ?, ?, ?)
make question 5410
Hibernate: insert into question (answer, choice1, choice2, choice3, choice4, choice5, content, correct, create_date, filepath, modify_date, score, subject, teacher_id, time, view) values (?, ?, ?, ?, ?, ?, ?, ?, ?, ?, ?, ?, ?, ?, ?, ?)
make question 5411
Hibernate: insert into question (answer, choice1, choice2, choice3, choice4, choice5, content, correct, create_date, filepath, modify_date, score, subject, teacher_id, time, view) values (?, ?, ?, ?, ?, ?, ?, ?, ?, ?, ?, ?, ?, ?, ?, ?)
make question 5412
Hibernate: insert into question (answer, choice1, choice2, choice3, choice4, choice5, content, correct, create_date, filepath, modify_date, score, subject, teacher_id, time, view) values (?, ?, ?, ?, ?, ?, ?, ?, ?, ?, ?, ?, ?, ?, ?, ?)
make question 5413
Hibernate: insert into question (answer, choice1, choice2, choice3, choice4, choice5, content, correct, create_date, filepath, modify_date, score, subject, teacher_id, time, view) values (?, ?, ?, ?, ?, ?, ?, ?, ?, ?, ?, ?, ?, ?, ?, ?)
make question 5414
Hibernate: insert into question (answer, choice1, choice2, choice3, choice4, choice5, content, correct, create_date, filepath, modify_date, score, subject, teacher_id, time, view) values (?, ?, ?, ?, ?, ?, ?, ?, ?, ?, ?, ?, ?, ?, ?, ?)
make question 5415
Hibernate: insert into question (answer, choice1, choice2, choice3, choice4, choice5, content, correct, create_date, filepath, modify_date, score, subject, teacher_id, time, view) values (?, ?, ?, ?, ?, ?, ?, ?, ?, ?, ?, ?, ?, ?, ?, ?)
make question 5416
Hibernate: insert into question (answer, choice1, choice2, choice3, choice4, choice5, content, correct, create_date, filepath, modify_date, score, subject, teacher_id, time, view) values (?, ?, ?, ?, ?, ?, ?, ?, ?, ?, ?, ?, ?, ?, ?, ?)
make question 5417
Hibernate: insert into question (answer, choice1, choice2, choice3, choice4, choice5, content, correct, create_date, filepath, modify_date, score, subject, teacher_id, time, view) values (?, ?, ?, ?, ?, ?, ?, ?, ?, ?, ?, ?, ?, ?, ?, ?)
make question 5418
Hibernate: insert into question (answer, choice1, choice2, choice3, choice4, choice5, content, correct, create_date, filepath, modify_date, score, subject, teacher_id, time, view) values (?, ?, ?, ?, ?, ?, ?, ?, ?, ?, ?, ?, ?, ?, ?, ?)
make question 5419
Hibernate: insert into question (answer, choice1, choice2, choice3, choice4, choice5, content, correct, create_date, filepath, modify_date, score, subject, teacher_id, time, view) values (?, ?, ?, ?, ?, ?, ?, ?, ?, ?, ?, ?, ?, ?, ?, ?)
make question 5420
Hibernate: insert into question (answer, choice1, choice2, choice3, choice4, choice5, content, correct, create_date, filepath, modify_date, score, subject, teacher_id, time, view) values (?, ?, ?, ?, ?, ?, ?, ?, ?, ?, ?, ?, ?, ?, ?, ?)
make question 5421
Hibernate: insert into question (answer, choice1, choice2, choice3, choice4, choice5, content, correct, create_date, filepath, modify_date, score, subject, teacher_id, time, view) values (?, ?, ?, ?, ?, ?, ?, ?, ?, ?, ?, ?, ?, ?, ?, ?)
make question 5422
Hibernate: insert into question (answer, choice1, choice2, choice3, choice4, choice5, content, correct, create_date, filepath, modify_date, score, subject, teacher_id, time, view) values (?, ?, ?, ?, ?, ?, ?, ?, ?, ?, ?, ?, ?, ?, ?, ?)
make question 5423
Hibernate: insert into question (answer, choice1, choice2, choice3, choice4, choice5, content, correct, create_date, filepath, modify_date, score, subject, teacher_id, time, view) values (?, ?, ?, ?, ?, ?, ?, ?, ?, ?, ?, ?, ?, ?, ?, ?)
make question 5424
Hibernate: insert into question (answer, choice1, choice2, choice3, choice4, choice5, content, correct, create_date, filepath, modify_date, score, subject, teacher_id, time, view) values (?, ?, ?, ?, ?, ?, ?, ?, ?, ?, ?, ?, ?, ?, ?, ?)
make question 5425
Hibernate: insert into question (answer, choice1, choice2, choice3, choice4, choice5, content, correct, create_date, filepath, modify_date, score, subject, teacher_id, time, view) values (?, ?, ?, ?, ?, ?, ?, ?, ?, ?, ?, ?, ?, ?, ?, ?)
make question 5426
Hibernate: insert into question (answer, choice1, choice2, choice3, choice4, choice5, content, correct, create_date, filepath, modify_date, score, subject, teacher_id, time, view) values (?, ?, ?, ?, ?, ?, ?, ?, ?, ?, ?, ?, ?, ?, ?, ?)
make question 5427
Hibernate: insert into question (answer, choice1, choice2, choice3, choice4, choice5, content, correct, create_date, filepath, modify_date, score, subject, teacher_id, time, view) values (?, ?, ?, ?, ?, ?, ?, ?, ?, ?, ?, ?, ?, ?, ?, ?)
make question 5428
Hibernate: insert into question (answer, choice1, choice2, choice3, choice4, choice5, content, correct, create_date, filepath, modify_date, score, subject, teacher_id, time, view) values (?, ?, ?, ?, ?, ?, ?, ?, ?, ?, ?, ?, ?, ?, ?, ?)
make question 5429
Hibernate: insert into question (answer, choice1, choice2, choice3, choice4, choice5, content, correct, create_date, filepath, modify_date, score, subject, teacher_id, time, view) values (?, ?, ?, ?, ?, ?, ?, ?, ?, ?, ?, ?, ?, ?, ?, ?)
make question 5430
Hibernate: insert into question (answer, choice1, choice2, choice3, choice4, choice5, content, correct, create_date, filepath, modify_date, score, subject, teacher_id, time, view) values (?, ?, ?, ?, ?, ?, ?, ?, ?, ?, ?, ?, ?, ?, ?, ?)
make question 5431
Hibernate: insert into question (answer, choice1, choice2, choice3, choice4, choice5, content, correct, create_date, filepath, modify_date, score, subject, teacher_id, time, view) values (?, ?, ?, ?, ?, ?, ?, ?, ?, ?, ?, ?, ?, ?, ?, ?)
make question 5432
Hibernate: insert into question (answer, choice1, choice2, choice3, choice4, choice5, content, correct, create_date, filepath, modify_date, score, subject, teacher_id, time, view) values (?, ?, ?, ?, ?, ?, ?, ?, ?, ?, ?, ?, ?, ?, ?, ?)
make question 5433
Hibernate: insert into question (answer, choice1, choice2, choice3, choice4, choice5, content, correct, create_date, filepath, modify_date, score, subject, teacher_id, time, view) values (?, ?, ?, ?, ?, ?, ?, ?, ?, ?, ?, ?, ?, ?, ?, ?)
make question 5434
Hibernate: insert into question (answer, choice1, choice2, choice3, choice4, choice5, content, correct, create_date, filepath, modify_date, score, subject, teacher_id, time, view) values (?, ?, ?, ?, ?, ?, ?, ?, ?, ?, ?, ?, ?, ?, ?, ?)
make question 5435
Hibernate: insert into question (answer, choice1, choice2, choice3, choice4, choice5, content, correct, create_date, filepath, modify_date, score, subject, teacher_id, time, view) values (?, ?, ?, ?, ?, ?, ?, ?, ?, ?, ?, ?, ?, ?, ?, ?)
make question 5436
Hibernate: insert into question (answer, choice1, choice2, choice3, choice4, choice5, content, correct, create_date, filepath, modify_date, score, subject, teacher_id, time, view) values (?, ?, ?, ?, ?, ?, ?, ?, ?, ?, ?, ?, ?, ?, ?, ?)
make question 5437
Hibernate: insert into question (answer, choice1, choice2, choice3, choice4, choice5, content, correct, create_date, filepath, modify_date, score, subject, teacher_id, time, view) values (?, ?, ?, ?, ?, ?, ?, ?, ?, ?, ?, ?, ?, ?, ?, ?)
make question 5438
Hibernate: insert into question (answer, choice1, choice2, choice3, choice4, choice5, content, correct, create_date, filepath, modify_date, score, subject, teacher_id, time, view) values (?, ?, ?, ?, ?, ?, ?, ?, ?, ?, ?, ?, ?, ?, ?, ?)
make question 5439
Hibernate: insert into question (answer, choice1, choice2, choice3, choice4, choice5, content, correct, create_date, filepath, modify_date, score, subject, teacher_id, time, view) values (?, ?, ?, ?, ?, ?, ?, ?, ?, ?, ?, ?, ?, ?, ?, ?)
make question 5440
Hibernate: insert into question (answer, choice1, choice2, choice3, choice4, choice5, content, correct, create_date, filepath, modify_date, score, subject, teacher_id, time, view) values (?, ?, ?, ?, ?, ?, ?, ?, ?, ?, ?, ?, ?, ?, ?, ?)
make question 5441
Hibernate: insert into question (answer, choice1, choice2, choice3, choice4, choice5, content, correct, create_date, filepath, modify_date, score, subject, teacher_id, time, view) values (?, ?, ?, ?, ?, ?, ?, ?, ?, ?, ?, ?, ?, ?, ?, ?)
make question 5442
Hibernate: insert into question (answer, choice1, choice2, choice3, choice4, choice5, content, correct, create_date, filepath, modify_date, score, subject, teacher_id, time, view) values (?, ?, ?, ?, ?, ?, ?, ?, ?, ?, ?, ?, ?, ?, ?, ?)
make question 5443
Hibernate: insert into question (answer, choice1, choice2, choice3, choice4, choice5, content, correct, create_date, filepath, modify_date, score, subject, teacher_id, time, view) values (?, ?, ?, ?, ?, ?, ?, ?, ?, ?, ?, ?, ?, ?, ?, ?)
make question 5444
Hibernate: insert into question (answer, choice1, choice2, choice3, choice4, choice5, content, correct, create_date, filepath, modify_date, score, subject, teacher_id, time, view) values (?, ?, ?, ?, ?, ?, ?, ?, ?, ?, ?, ?, ?, ?, ?, ?)
make question 5445
Hibernate: insert into question (answer, choice1, choice2, choice3, choice4, choice5, content, correct, create_date, filepath, modify_date, score, subject, teacher_id, time, view) values (?, ?, ?, ?, ?, ?, ?, ?, ?, ?, ?, ?, ?, ?, ?, ?)
make question 5446
Hibernate: insert into question (answer, choice1, choice2, choice3, choice4, choice5, content, correct, create_date, filepath, modify_date, score, subject, teacher_id, time, view) values (?, ?, ?, ?, ?, ?, ?, ?, ?, ?, ?, ?, ?, ?, ?, ?)
make question 5447
Hibernate: insert into question (answer, choice1, choice2, choice3, choice4, choice5, content, correct, create_date, filepath, modify_date, score, subject, teacher_id, time, view) values (?, ?, ?, ?, ?, ?, ?, ?, ?, ?, ?, ?, ?, ?, ?, ?)
make question 5448
Hibernate: insert into question (answer, choice1, choice2, choice3, choice4, choice5, content, correct, create_date, filepath, modify_date, score, subject, teacher_id, time, view) values (?, ?, ?, ?, ?, ?, ?, ?, ?, ?, ?, ?, ?, ?, ?, ?)
make question 5449
Hibernate: insert into question (answer, choice1, choice2, choice3, choice4, choice5, content, correct, create_date, filepath, modify_date, score, subject, teacher_id, time, view) values (?, ?, ?, ?, ?, ?, ?, ?, ?, ?, ?, ?, ?, ?, ?, ?)
make question 5450
Hibernate: insert into question (answer, choice1, choice2, choice3, choice4, choice5, content, correct, create_date, filepath, modify_date, score, subject, teacher_id, time, view) values (?, ?, ?, ?, ?, ?, ?, ?, ?, ?, ?, ?, ?, ?, ?, ?)
make question 5451
Hibernate: insert into question (answer, choice1, choice2, choice3, choice4, choice5, content, correct, create_date, filepath, modify_date, score, subject, teacher_id, time, view) values (?, ?, ?, ?, ?, ?, ?, ?, ?, ?, ?, ?, ?, ?, ?, ?)
make question 5452
Hibernate: insert into question (answer, choice1, choice2, choice3, choice4, choice5, content, correct, create_date, filepath, modify_date, score, subject, teacher_id, time, view) values (?, ?, ?, ?, ?, ?, ?, ?, ?, ?, ?, ?, ?, ?, ?, ?)
make question 5453
Hibernate: insert into question (answer, choice1, choice2, choice3, choice4, choice5, content, correct, create_date, filepath, modify_date, score, subject, teacher_id, time, view) values (?, ?, ?, ?, ?, ?, ?, ?, ?, ?, ?, ?, ?, ?, ?, ?)
make question 5454
Hibernate: insert into question (answer, choice1, choice2, choice3, choice4, choice5, content, correct, create_date, filepath, modify_date, score, subject, teacher_id, time, view) values (?, ?, ?, ?, ?, ?, ?, ?, ?, ?, ?, ?, ?, ?, ?, ?)
make question 5455
Hibernate: insert into question (answer, choice1, choice2, choice3, choice4, choice5, content, correct, create_date, filepath, modify_date, score, subject, teacher_id, time, view) values (?, ?, ?, ?, ?, ?, ?, ?, ?, ?, ?, ?, ?, ?, ?, ?)
make question 5456
Hibernate: insert into question (answer, choice1, choice2, choice3, choice4, choice5, content, correct, create_date, filepath, modify_date, score, subject, teacher_id, time, view) values (?, ?, ?, ?, ?, ?, ?, ?, ?, ?, ?, ?, ?, ?, ?, ?)
make question 5457
Hibernate: insert into question (answer, choice1, choice2, choice3, choice4, choice5, content, correct, create_date, filepath, modify_date, score, subject, teacher_id, time, view) values (?, ?, ?, ?, ?, ?, ?, ?, ?, ?, ?, ?, ?, ?, ?, ?)
make question 5458
Hibernate: insert into question (answer, choice1, choice2, choice3, choice4, choice5, content, correct, create_date, filepath, modify_date, score, subject, teacher_id, time, view) values (?, ?, ?, ?, ?, ?, ?, ?, ?, ?, ?, ?, ?, ?, ?, ?)
make question 5459
Hibernate: insert into question (answer, choice1, choice2, choice3, choice4, choice5, content, correct, create_date, filepath, modify_date, score, subject, teacher_id, time, view) values (?, ?, ?, ?, ?, ?, ?, ?, ?, ?, ?, ?, ?, ?, ?, ?)
make question 5460
Hibernate: insert into question (answer, choice1, choice2, choice3, choice4, choice5, content, correct, create_date, filepath, modify_date, score, subject, teacher_id, time, view) values (?, ?, ?, ?, ?, ?, ?, ?, ?, ?, ?, ?, ?, ?, ?, ?)
make question 5461
Hibernate: insert into question (answer, choice1, choice2, choice3, choice4, choice5, content, correct, create_date, filepath, modify_date, score, subject, teacher_id, time, view) values (?, ?, ?, ?, ?, ?, ?, ?, ?, ?, ?, ?, ?, ?, ?, ?)
make question 5462
Hibernate: insert into question (answer, choice1, choice2, choice3, choice4, choice5, content, correct, create_date, filepath, modify_date, score, subject, teacher_id, time, view) values (?, ?, ?, ?, ?, ?, ?, ?, ?, ?, ?, ?, ?, ?, ?, ?)
make question 5463
Hibernate: insert into question (answer, choice1, choice2, choice3, choice4, choice5, content, correct, create_date, filepath, modify_date, score, subject, teacher_id, time, view) values (?, ?, ?, ?, ?, ?, ?, ?, ?, ?, ?, ?, ?, ?, ?, ?)
make question 5464
Hibernate: insert into question (answer, choice1, choice2, choice3, choice4, choice5, content, correct, create_date, filepath, modify_date, score, subject, teacher_id, time, view) values (?, ?, ?, ?, ?, ?, ?, ?, ?, ?, ?, ?, ?, ?, ?, ?)
make question 5465
Hibernate: insert into question (answer, choice1, choice2, choice3, choice4, choice5, content, correct, create_date, filepath, modify_date, score, subject, teacher_id, time, view) values (?, ?, ?, ?, ?, ?, ?, ?, ?, ?, ?, ?, ?, ?, ?, ?)
make question 5466
Hibernate: insert into question (answer, choice1, choice2, choice3, choice4, choice5, content, correct, create_date, filepath, modify_date, score, subject, teacher_id, time, view) values (?, ?, ?, ?, ?, ?, ?, ?, ?, ?, ?, ?, ?, ?, ?, ?)
make question 5467
Hibernate: insert into question (answer, choice1, choice2, choice3, choice4, choice5, content, correct, create_date, filepath, modify_date, score, subject, teacher_id, time, view) values (?, ?, ?, ?, ?, ?, ?, ?, ?, ?, ?, ?, ?, ?, ?, ?)
make question 5468
Hibernate: insert into question (answer, choice1, choice2, choice3, choice4, choice5, content, correct, create_date, filepath, modify_date, score, subject, teacher_id, time, view) values (?, ?, ?, ?, ?, ?, ?, ?, ?, ?, ?, ?, ?, ?, ?, ?)
make question 5469
Hibernate: insert into question (answer, choice1, choice2, choice3, choice4, choice5, content, correct, create_date, filepath, modify_date, score, subject, teacher_id, time, view) values (?, ?, ?, ?, ?, ?, ?, ?, ?, ?, ?, ?, ?, ?, ?, ?)
make question 5470
Hibernate: insert into question (answer, choice1, choice2, choice3, choice4, choice5, content, correct, create_date, filepath, modify_date, score, subject, teacher_id, time, view) values (?, ?, ?, ?, ?, ?, ?, ?, ?, ?, ?, ?, ?, ?, ?, ?)
make question 5471
Hibernate: insert into question (answer, choice1, choice2, choice3, choice4, choice5, content, correct, create_date, filepath, modify_date, score, subject, teacher_id, time, view) values (?, ?, ?, ?, ?, ?, ?, ?, ?, ?, ?, ?, ?, ?, ?, ?)
make question 5472
Hibernate: insert into question (answer, choice1, choice2, choice3, choice4, choice5, content, correct, create_date, filepath, modify_date, score, subject, teacher_id, time, view) values (?, ?, ?, ?, ?, ?, ?, ?, ?, ?, ?, ?, ?, ?, ?, ?)
make question 5473
Hibernate: insert into question (answer, choice1, choice2, choice3, choice4, choice5, content, correct, create_date, filepath, modify_date, score, subject, teacher_id, time, view) values (?, ?, ?, ?, ?, ?, ?, ?, ?, ?, ?, ?, ?, ?, ?, ?)
make question 5474
Hibernate: insert into question (answer, choice1, choice2, choice3, choice4, choice5, content, correct, create_date, filepath, modify_date, score, subject, teacher_id, time, view) values (?, ?, ?, ?, ?, ?, ?, ?, ?, ?, ?, ?, ?, ?, ?, ?)
make question 5475
Hibernate: insert into question (answer, choice1, choice2, choice3, choice4, choice5, content, correct, create_date, filepath, modify_date, score, subject, teacher_id, time, view) values (?, ?, ?, ?, ?, ?, ?, ?, ?, ?, ?, ?, ?, ?, ?, ?)
make question 5476
Hibernate: insert into question (answer, choice1, choice2, choice3, choice4, choice5, content, correct, create_date, filepath, modify_date, score, subject, teacher_id, time, view) values (?, ?, ?, ?, ?, ?, ?, ?, ?, ?, ?, ?, ?, ?, ?, ?)
make question 5477
Hibernate: insert into question (answer, choice1, choice2, choice3, choice4, choice5, content, correct, create_date, filepath, modify_date, score, subject, teacher_id, time, view) values (?, ?, ?, ?, ?, ?, ?, ?, ?, ?, ?, ?, ?, ?, ?, ?)
make question 5478
Hibernate: insert into question (answer, choice1, choice2, choice3, choice4, choice5, content, correct, create_date, filepath, modify_date, score, subject, teacher_id, time, view) values (?, ?, ?, ?, ?, ?, ?, ?, ?, ?, ?, ?, ?, ?, ?, ?)
make question 5479
Hibernate: insert into question (answer, choice1, choice2, choice3, choice4, choice5, content, correct, create_date, filepath, modify_date, score, subject, teacher_id, time, view) values (?, ?, ?, ?, ?, ?, ?, ?, ?, ?, ?, ?, ?, ?, ?, ?)
make question 5480
Hibernate: insert into question (answer, choice1, choice2, choice3, choice4, choice5, content, correct, create_date, filepath, modify_date, score, subject, teacher_id, time, view) values (?, ?, ?, ?, ?, ?, ?, ?, ?, ?, ?, ?, ?, ?, ?, ?)
make question 5481
Hibernate: insert into question (answer, choice1, choice2, choice3, choice4, choice5, content, correct, create_date, filepath, modify_date, score, subject, teacher_id, time, view) values (?, ?, ?, ?, ?, ?, ?, ?, ?, ?, ?, ?, ?, ?, ?, ?)
make question 5482
Hibernate: insert into question (answer, choice1, choice2, choice3, choice4, choice5, content, correct, create_date, filepath, modify_date, score, subject, teacher_id, time, view) values (?, ?, ?, ?, ?, ?, ?, ?, ?, ?, ?, ?, ?, ?, ?, ?)
make question 5483
Hibernate: insert into question (answer, choice1, choice2, choice3, choice4, choice5, content, correct, create_date, filepath, modify_date, score, subject, teacher_id, time, view) values (?, ?, ?, ?, ?, ?, ?, ?, ?, ?, ?, ?, ?, ?, ?, ?)
make question 5484
Hibernate: insert into question (answer, choice1, choice2, choice3, choice4, choice5, content, correct, create_date, filepath, modify_date, score, subject, teacher_id, time, view) values (?, ?, ?, ?, ?, ?, ?, ?, ?, ?, ?, ?, ?, ?, ?, ?)
make question 5485
Hibernate: insert into question (answer, choice1, choice2, choice3, choice4, choice5, content, correct, create_date, filepath, modify_date, score, subject, teacher_id, time, view) values (?, ?, ?, ?, ?, ?, ?, ?, ?, ?, ?, ?, ?, ?, ?, ?)
make question 5486
Hibernate: insert into question (answer, choice1, choice2, choice3, choice4, choice5, content, correct, create_date, filepath, modify_date, score, subject, teacher_id, time, view) values (?, ?, ?, ?, ?, ?, ?, ?, ?, ?, ?, ?, ?, ?, ?, ?)
make question 5487
Hibernate: insert into question (answer, choice1, choice2, choice3, choice4, choice5, content, correct, create_date, filepath, modify_date, score, subject, teacher_id, time, view) values (?, ?, ?, ?, ?, ?, ?, ?, ?, ?, ?, ?, ?, ?, ?, ?)
make question 5488
Hibernate: insert into question (answer, choice1, choice2, choice3, choice4, choice5, content, correct, create_date, filepath, modify_date, score, subject, teacher_id, time, view) values (?, ?, ?, ?, ?, ?, ?, ?, ?, ?, ?, ?, ?, ?, ?, ?)
make question 5489
Hibernate: insert into question (answer, choice1, choice2, choice3, choice4, choice5, content, correct, create_date, filepath, modify_date, score, subject, teacher_id, time, view) values (?, ?, ?, ?, ?, ?, ?, ?, ?, ?, ?, ?, ?, ?, ?, ?)
make question 5490
Hibernate: insert into question (answer, choice1, choice2, choice3, choice4, choice5, content, correct, create_date, filepath, modify_date, score, subject, teacher_id, time, view) values (?, ?, ?, ?, ?, ?, ?, ?, ?, ?, ?, ?, ?, ?, ?, ?)
make question 5491
Hibernate: insert into question (answer, choice1, choice2, choice3, choice4, choice5, content, correct, create_date, filepath, modify_date, score, subject, teacher_id, time, view) values (?, ?, ?, ?, ?, ?, ?, ?, ?, ?, ?, ?, ?, ?, ?, ?)
make question 5492
Hibernate: insert into question (answer, choice1, choice2, choice3, choice4, choice5, content, correct, create_date, filepath, modify_date, score, subject, teacher_id, time, view) values (?, ?, ?, ?, ?, ?, ?, ?, ?, ?, ?, ?, ?, ?, ?, ?)
make question 5493
Hibernate: insert into question (answer, choice1, choice2, choice3, choice4, choice5, content, correct, create_date, filepath, modify_date, score, subject, teacher_id, time, view) values (?, ?, ?, ?, ?, ?, ?, ?, ?, ?, ?, ?, ?, ?, ?, ?)
make question 5494
Hibernate: insert into question (answer, choice1, choice2, choice3, choice4, choice5, content, correct, create_date, filepath, modify_date, score, subject, teacher_id, time, view) values (?, ?, ?, ?, ?, ?, ?, ?, ?, ?, ?, ?, ?, ?, ?, ?)
make question 5495
Hibernate: insert into question (answer, choice1, choice2, choice3, choice4, choice5, content, correct, create_date, filepath, modify_date, score, subject, teacher_id, time, view) values (?, ?, ?, ?, ?, ?, ?, ?, ?, ?, ?, ?, ?, ?, ?, ?)
make question 5496
Hibernate: insert into question (answer, choice1, choice2, choice3, choice4, choice5, content, correct, create_date, filepath, modify_date, score, subject, teacher_id, time, view) values (?, ?, ?, ?, ?, ?, ?, ?, ?, ?, ?, ?, ?, ?, ?, ?)
make question 5497
Hibernate: insert into question (answer, choice1, choice2, choice3, choice4, choice5, content, correct, create_date, filepath, modify_date, score, subject, teacher_id, time, view) values (?, ?, ?, ?, ?, ?, ?, ?, ?, ?, ?, ?, ?, ?, ?, ?)
make question 5498
Hibernate: insert into question (answer, choice1, choice2, choice3, choice4, choice5, content, correct, create_date, filepath, modify_date, score, subject, teacher_id, time, view) values (?, ?, ?, ?, ?, ?, ?, ?, ?, ?, ?, ?, ?, ?, ?, ?)
make question 5499
Hibernate: insert into question (answer, choice1, choice2, choice3, choice4, choice5, content, correct, create_date, filepath, modify_date, score, subject, teacher_id, time, view) values (?, ?, ?, ?, ?, ?, ?, ?, ?, ?, ?, ?, ?, ?, ?, ?)
make question 5500
Hibernate: insert into question (answer, choice1, choice2, choice3, choice4, choice5, content, correct, create_date, filepath, modify_date, score, subject, teacher_id, time, view) values (?, ?, ?, ?, ?, ?, ?, ?, ?, ?, ?, ?, ?, ?, ?, ?)
make question 5501
Hibernate: insert into question (answer, choice1, choice2, choice3, choice4, choice5, content, correct, create_date, filepath, modify_date, score, subject, teacher_id, time, view) values (?, ?, ?, ?, ?, ?, ?, ?, ?, ?, ?, ?, ?, ?, ?, ?)
make question 5502
Hibernate: insert into question (answer, choice1, choice2, choice3, choice4, choice5, content, correct, create_date, filepath, modify_date, score, subject, teacher_id, time, view) values (?, ?, ?, ?, ?, ?, ?, ?, ?, ?, ?, ?, ?, ?, ?, ?)
make question 5503
Hibernate: insert into question (answer, choice1, choice2, choice3, choice4, choice5, content, correct, create_date, filepath, modify_date, score, subject, teacher_id, time, view) values (?, ?, ?, ?, ?, ?, ?, ?, ?, ?, ?, ?, ?, ?, ?, ?)
make question 5504
Hibernate: insert into question (answer, choice1, choice2, choice3, choice4, choice5, content, correct, create_date, filepath, modify_date, score, subject, teacher_id, time, view) values (?, ?, ?, ?, ?, ?, ?, ?, ?, ?, ?, ?, ?, ?, ?, ?)
make question 5505
Hibernate: insert into question (answer, choice1, choice2, choice3, choice4, choice5, content, correct, create_date, filepath, modify_date, score, subject, teacher_id, time, view) values (?, ?, ?, ?, ?, ?, ?, ?, ?, ?, ?, ?, ?, ?, ?, ?)
make question 5506
Hibernate: insert into question (answer, choice1, choice2, choice3, choice4, choice5, content, correct, create_date, filepath, modify_date, score, subject, teacher_id, time, view) values (?, ?, ?, ?, ?, ?, ?, ?, ?, ?, ?, ?, ?, ?, ?, ?)
make question 5507
Hibernate: insert into question (answer, choice1, choice2, choice3, choice4, choice5, content, correct, create_date, filepath, modify_date, score, subject, teacher_id, time, view) values (?, ?, ?, ?, ?, ?, ?, ?, ?, ?, ?, ?, ?, ?, ?, ?)
make question 5508
Hibernate: insert into question (answer, choice1, choice2, choice3, choice4, choice5, content, correct, create_date, filepath, modify_date, score, subject, teacher_id, time, view) values (?, ?, ?, ?, ?, ?, ?, ?, ?, ?, ?, ?, ?, ?, ?, ?)
make question 5509
Hibernate: insert into question (answer, choice1, choice2, choice3, choice4, choice5, content, correct, create_date, filepath, modify_date, score, subject, teacher_id, time, view) values (?, ?, ?, ?, ?, ?, ?, ?, ?, ?, ?, ?, ?, ?, ?, ?)
make question 5510
Hibernate: insert into question (answer, choice1, choice2, choice3, choice4, choice5, content, correct, create_date, filepath, modify_date, score, subject, teacher_id, time, view) values (?, ?, ?, ?, ?, ?, ?, ?, ?, ?, ?, ?, ?, ?, ?, ?)
make question 5511
Hibernate: insert into question (answer, choice1, choice2, choice3, choice4, choice5, content, correct, create_date, filepath, modify_date, score, subject, teacher_id, time, view) values (?, ?, ?, ?, ?, ?, ?, ?, ?, ?, ?, ?, ?, ?, ?, ?)
make question 5512
Hibernate: insert into question (answer, choice1, choice2, choice3, choice4, choice5, content, correct, create_date, filepath, modify_date, score, subject, teacher_id, time, view) values (?, ?, ?, ?, ?, ?, ?, ?, ?, ?, ?, ?, ?, ?, ?, ?)
make question 5513
Hibernate: insert into question (answer, choice1, choice2, choice3, choice4, choice5, content, correct, create_date, filepath, modify_date, score, subject, teacher_id, time, view) values (?, ?, ?, ?, ?, ?, ?, ?, ?, ?, ?, ?, ?, ?, ?, ?)
make question 5514
Hibernate: insert into question (answer, choice1, choice2, choice3, choice4, choice5, content, correct, create_date, filepath, modify_date, score, subject, teacher_id, time, view) values (?, ?, ?, ?, ?, ?, ?, ?, ?, ?, ?, ?, ?, ?, ?, ?)
make question 5515
Hibernate: insert into question (answer, choice1, choice2, choice3, choice4, choice5, content, correct, create_date, filepath, modify_date, score, subject, teacher_id, time, view) values (?, ?, ?, ?, ?, ?, ?, ?, ?, ?, ?, ?, ?, ?, ?, ?)
make question 5516
Hibernate: insert into question (answer, choice1, choice2, choice3, choice4, choice5, content, correct, create_date, filepath, modify_date, score, subject, teacher_id, time, view) values (?, ?, ?, ?, ?, ?, ?, ?, ?, ?, ?, ?, ?, ?, ?, ?)
make question 5517
Hibernate: insert into question (answer, choice1, choice2, choice3, choice4, choice5, content, correct, create_date, filepath, modify_date, score, subject, teacher_id, time, view) values (?, ?, ?, ?, ?, ?, ?, ?, ?, ?, ?, ?, ?, ?, ?, ?)
make question 5518
Hibernate: insert into question (answer, choice1, choice2, choice3, choice4, choice5, content, correct, create_date, filepath, modify_date, score, subject, teacher_id, time, view) values (?, ?, ?, ?, ?, ?, ?, ?, ?, ?, ?, ?, ?, ?, ?, ?)
make question 5519
Hibernate: insert into question (answer, choice1, choice2, choice3, choice4, choice5, content, correct, create_date, filepath, modify_date, score, subject, teacher_id, time, view) values (?, ?, ?, ?, ?, ?, ?, ?, ?, ?, ?, ?, ?, ?, ?, ?)
make question 5520
Hibernate: insert into question (answer, choice1, choice2, choice3, choice4, choice5, content, correct, create_date, filepath, modify_date, score, subject, teacher_id, time, view) values (?, ?, ?, ?, ?, ?, ?, ?, ?, ?, ?, ?, ?, ?, ?, ?)
make question 5521
Hibernate: insert into question (answer, choice1, choice2, choice3, choice4, choice5, content, correct, create_date, filepath, modify_date, score, subject, teacher_id, time, view) values (?, ?, ?, ?, ?, ?, ?, ?, ?, ?, ?, ?, ?, ?, ?, ?)
make question 5522
Hibernate: insert into question (answer, choice1, choice2, choice3, choice4, choice5, content, correct, create_date, filepath, modify_date, score, subject, teacher_id, time, view) values (?, ?, ?, ?, ?, ?, ?, ?, ?, ?, ?, ?, ?, ?, ?, ?)
make question 5523
Hibernate: insert into question (answer, choice1, choice2, choice3, choice4, choice5, content, correct, create_date, filepath, modify_date, score, subject, teacher_id, time, view) values (?, ?, ?, ?, ?, ?, ?, ?, ?, ?, ?, ?, ?, ?, ?, ?)
make question 5524
Hibernate: insert into question (answer, choice1, choice2, choice3, choice4, choice5, content, correct, create_date, filepath, modify_date, score, subject, teacher_id, time, view) values (?, ?, ?, ?, ?, ?, ?, ?, ?, ?, ?, ?, ?, ?, ?, ?)
make question 5525
Hibernate: insert into question (answer, choice1, choice2, choice3, choice4, choice5, content, correct, create_date, filepath, modify_date, score, subject, teacher_id, time, view) values (?, ?, ?, ?, ?, ?, ?, ?, ?, ?, ?, ?, ?, ?, ?, ?)
make question 5526
Hibernate: insert into question (answer, choice1, choice2, choice3, choice4, choice5, content, correct, create_date, filepath, modify_date, score, subject, teacher_id, time, view) values (?, ?, ?, ?, ?, ?, ?, ?, ?, ?, ?, ?, ?, ?, ?, ?)
make question 5527
Hibernate: insert into question (answer, choice1, choice2, choice3, choice4, choice5, content, correct, create_date, filepath, modify_date, score, subject, teacher_id, time, view) values (?, ?, ?, ?, ?, ?, ?, ?, ?, ?, ?, ?, ?, ?, ?, ?)
make question 5528
Hibernate: insert into question (answer, choice1, choice2, choice3, choice4, choice5, content, correct, create_date, filepath, modify_date, score, subject, teacher_id, time, view) values (?, ?, ?, ?, ?, ?, ?, ?, ?, ?, ?, ?, ?, ?, ?, ?)
make question 5529
Hibernate: insert into question (answer, choice1, choice2, choice3, choice4, choice5, content, correct, create_date, filepath, modify_date, score, subject, teacher_id, time, view) values (?, ?, ?, ?, ?, ?, ?, ?, ?, ?, ?, ?, ?, ?, ?, ?)
make question 5530
Hibernate: insert into question (answer, choice1, choice2, choice3, choice4, choice5, content, correct, create_date, filepath, modify_date, score, subject, teacher_id, time, view) values (?, ?, ?, ?, ?, ?, ?, ?, ?, ?, ?, ?, ?, ?, ?, ?)
make question 5531
Hibernate: insert into question (answer, choice1, choice2, choice3, choice4, choice5, content, correct, create_date, filepath, modify_date, score, subject, teacher_id, time, view) values (?, ?, ?, ?, ?, ?, ?, ?, ?, ?, ?, ?, ?, ?, ?, ?)
make question 5532
Hibernate: insert into question (answer, choice1, choice2, choice3, choice4, choice5, content, correct, create_date, filepath, modify_date, score, subject, teacher_id, time, view) values (?, ?, ?, ?, ?, ?, ?, ?, ?, ?, ?, ?, ?, ?, ?, ?)
make question 5533
Hibernate: insert into question (answer, choice1, choice2, choice3, choice4, choice5, content, correct, create_date, filepath, modify_date, score, subject, teacher_id, time, view) values (?, ?, ?, ?, ?, ?, ?, ?, ?, ?, ?, ?, ?, ?, ?, ?)
make question 5534
Hibernate: insert into question (answer, choice1, choice2, choice3, choice4, choice5, content, correct, create_date, filepath, modify_date, score, subject, teacher_id, time, view) values (?, ?, ?, ?, ?, ?, ?, ?, ?, ?, ?, ?, ?, ?, ?, ?)
make question 5535
Hibernate: insert into question (answer, choice1, choice2, choice3, choice4, choice5, content, correct, create_date, filepath, modify_date, score, subject, teacher_id, time, view) values (?, ?, ?, ?, ?, ?, ?, ?, ?, ?, ?, ?, ?, ?, ?, ?)
make question 5536
Hibernate: insert into question (answer, choice1, choice2, choice3, choice4, choice5, content, correct, create_date, filepath, modify_date, score, subject, teacher_id, time, view) values (?, ?, ?, ?, ?, ?, ?, ?, ?, ?, ?, ?, ?, ?, ?, ?)
make question 5537
Hibernate: insert into question (answer, choice1, choice2, choice3, choice4, choice5, content, correct, create_date, filepath, modify_date, score, subject, teacher_id, time, view) values (?, ?, ?, ?, ?, ?, ?, ?, ?, ?, ?, ?, ?, ?, ?, ?)
make question 5538
Hibernate: insert into question (answer, choice1, choice2, choice3, choice4, choice5, content, correct, create_date, filepath, modify_date, score, subject, teacher_id, time, view) values (?, ?, ?, ?, ?, ?, ?, ?, ?, ?, ?, ?, ?, ?, ?, ?)
make question 5539
Hibernate: insert into question (answer, choice1, choice2, choice3, choice4, choice5, content, correct, create_date, filepath, modify_date, score, subject, teacher_id, time, view) values (?, ?, ?, ?, ?, ?, ?, ?, ?, ?, ?, ?, ?, ?, ?, ?)
make question 5540
Hibernate: insert into question (answer, choice1, choice2, choice3, choice4, choice5, content, correct, create_date, filepath, modify_date, score, subject, teacher_id, time, view) values (?, ?, ?, ?, ?, ?, ?, ?, ?, ?, ?, ?, ?, ?, ?, ?)
make question 5541
Hibernate: insert into question (answer, choice1, choice2, choice3, choice4, choice5, content, correct, create_date, filepath, modify_date, score, subject, teacher_id, time, view) values (?, ?, ?, ?, ?, ?, ?, ?, ?, ?, ?, ?, ?, ?, ?, ?)
make question 5542
Hibernate: insert into question (answer, choice1, choice2, choice3, choice4, choice5, content, correct, create_date, filepath, modify_date, score, subject, teacher_id, time, view) values (?, ?, ?, ?, ?, ?, ?, ?, ?, ?, ?, ?, ?, ?, ?, ?)
make question 5543
Hibernate: insert into question (answer, choice1, choice2, choice3, choice4, choice5, content, correct, create_date, filepath, modify_date, score, subject, teacher_id, time, view) values (?, ?, ?, ?, ?, ?, ?, ?, ?, ?, ?, ?, ?, ?, ?, ?)
make question 5544
Hibernate: insert into question (answer, choice1, choice2, choice3, choice4, choice5, content, correct, create_date, filepath, modify_date, score, subject, teacher_id, time, view) values (?, ?, ?, ?, ?, ?, ?, ?, ?, ?, ?, ?, ?, ?, ?, ?)
make question 5545
Hibernate: insert into question (answer, choice1, choice2, choice3, choice4, choice5, content, correct, create_date, filepath, modify_date, score, subject, teacher_id, time, view) values (?, ?, ?, ?, ?, ?, ?, ?, ?, ?, ?, ?, ?, ?, ?, ?)
make question 5546
Hibernate: insert into question (answer, choice1, choice2, choice3, choice4, choice5, content, correct, create_date, filepath, modify_date, score, subject, teacher_id, time, view) values (?, ?, ?, ?, ?, ?, ?, ?, ?, ?, ?, ?, ?, ?, ?, ?)
make question 5547
Hibernate: insert into question (answer, choice1, choice2, choice3, choice4, choice5, content, correct, create_date, filepath, modify_date, score, subject, teacher_id, time, view) values (?, ?, ?, ?, ?, ?, ?, ?, ?, ?, ?, ?, ?, ?, ?, ?)
make question 5548
Hibernate: insert into question (answer, choice1, choice2, choice3, choice4, choice5, content, correct, create_date, filepath, modify_date, score, subject, teacher_id, time, view) values (?, ?, ?, ?, ?, ?, ?, ?, ?, ?, ?, ?, ?, ?, ?, ?)
make question 5549
Hibernate: insert into question (answer, choice1, choice2, choice3, choice4, choice5, content, correct, create_date, filepath, modify_date, score, subject, teacher_id, time, view) values (?, ?, ?, ?, ?, ?, ?, ?, ?, ?, ?, ?, ?, ?, ?, ?)
make question 5550
Hibernate: insert into question (answer, choice1, choice2, choice3, choice4, choice5, content, correct, create_date, filepath, modify_date, score, subject, teacher_id, time, view) values (?, ?, ?, ?, ?, ?, ?, ?, ?, ?, ?, ?, ?, ?, ?, ?)
make question 5551
Hibernate: insert into question (answer, choice1, choice2, choice3, choice4, choice5, content, correct, create_date, filepath, modify_date, score, subject, teacher_id, time, view) values (?, ?, ?, ?, ?, ?, ?, ?, ?, ?, ?, ?, ?, ?, ?, ?)
make question 5552
Hibernate: insert into question (answer, choice1, choice2, choice3, choice4, choice5, content, correct, create_date, filepath, modify_date, score, subject, teacher_id, time, view) values (?, ?, ?, ?, ?, ?, ?, ?, ?, ?, ?, ?, ?, ?, ?, ?)
make question 5553
Hibernate: insert into question (answer, choice1, choice2, choice3, choice4, choice5, content, correct, create_date, filepath, modify_date, score, subject, teacher_id, time, view) values (?, ?, ?, ?, ?, ?, ?, ?, ?, ?, ?, ?, ?, ?, ?, ?)
make question 5554
Hibernate: insert into question (answer, choice1, choice2, choice3, choice4, choice5, content, correct, create_date, filepath, modify_date, score, subject, teacher_id, time, view) values (?, ?, ?, ?, ?, ?, ?, ?, ?, ?, ?, ?, ?, ?, ?, ?)
make question 5555
Hibernate: insert into question (answer, choice1, choice2, choice3, choice4, choice5, content, correct, create_date, filepath, modify_date, score, subject, teacher_id, time, view) values (?, ?, ?, ?, ?, ?, ?, ?, ?, ?, ?, ?, ?, ?, ?, ?)
make question 5556
Hibernate: insert into question (answer, choice1, choice2, choice3, choice4, choice5, content, correct, create_date, filepath, modify_date, score, subject, teacher_id, time, view) values (?, ?, ?, ?, ?, ?, ?, ?, ?, ?, ?, ?, ?, ?, ?, ?)
make question 5557
Hibernate: insert into question (answer, choice1, choice2, choice3, choice4, choice5, content, correct, create_date, filepath, modify_date, score, subject, teacher_id, time, view) values (?, ?, ?, ?, ?, ?, ?, ?, ?, ?, ?, ?, ?, ?, ?, ?)
make question 5558
Hibernate: insert into question (answer, choice1, choice2, choice3, choice4, choice5, content, correct, create_date, filepath, modify_date, score, subject, teacher_id, time, view) values (?, ?, ?, ?, ?, ?, ?, ?, ?, ?, ?, ?, ?, ?, ?, ?)
make question 5559
Hibernate: insert into question (answer, choice1, choice2, choice3, choice4, choice5, content, correct, create_date, filepath, modify_date, score, subject, teacher_id, time, view) values (?, ?, ?, ?, ?, ?, ?, ?, ?, ?, ?, ?, ?, ?, ?, ?)
make question 5560
Hibernate: insert into question (answer, choice1, choice2, choice3, choice4, choice5, content, correct, create_date, filepath, modify_date, score, subject, teacher_id, time, view) values (?, ?, ?, ?, ?, ?, ?, ?, ?, ?, ?, ?, ?, ?, ?, ?)
make question 5561
Hibernate: insert into question (answer, choice1, choice2, choice3, choice4, choice5, content, correct, create_date, filepath, modify_date, score, subject, teacher_id, time, view) values (?, ?, ?, ?, ?, ?, ?, ?, ?, ?, ?, ?, ?, ?, ?, ?)
make question 5562
Hibernate: insert into question (answer, choice1, choice2, choice3, choice4, choice5, content, correct, create_date, filepath, modify_date, score, subject, teacher_id, time, view) values (?, ?, ?, ?, ?, ?, ?, ?, ?, ?, ?, ?, ?, ?, ?, ?)
make question 5563
Hibernate: insert into question (answer, choice1, choice2, choice3, choice4, choice5, content, correct, create_date, filepath, modify_date, score, subject, teacher_id, time, view) values (?, ?, ?, ?, ?, ?, ?, ?, ?, ?, ?, ?, ?, ?, ?, ?)
make question 5564
Hibernate: insert into question (answer, choice1, choice2, choice3, choice4, choice5, content, correct, create_date, filepath, modify_date, score, subject, teacher_id, time, view) values (?, ?, ?, ?, ?, ?, ?, ?, ?, ?, ?, ?, ?, ?, ?, ?)
make question 5565
Hibernate: insert into question (answer, choice1, choice2, choice3, choice4, choice5, content, correct, create_date, filepath, modify_date, score, subject, teacher_id, time, view) values (?, ?, ?, ?, ?, ?, ?, ?, ?, ?, ?, ?, ?, ?, ?, ?)
make question 5566
Hibernate: insert into question (answer, choice1, choice2, choice3, choice4, choice5, content, correct, create_date, filepath, modify_date, score, subject, teacher_id, time, view) values (?, ?, ?, ?, ?, ?, ?, ?, ?, ?, ?, ?, ?, ?, ?, ?)
make question 5567
Hibernate: insert into question (answer, choice1, choice2, choice3, choice4, choice5, content, correct, create_date, filepath, modify_date, score, subject, teacher_id, time, view) values (?, ?, ?, ?, ?, ?, ?, ?, ?, ?, ?, ?, ?, ?, ?, ?)
make question 5568
Hibernate: insert into question (answer, choice1, choice2, choice3, choice4, choice5, content, correct, create_date, filepath, modify_date, score, subject, teacher_id, time, view) values (?, ?, ?, ?, ?, ?, ?, ?, ?, ?, ?, ?, ?, ?, ?, ?)
make question 5569
Hibernate: insert into question (answer, choice1, choice2, choice3, choice4, choice5, content, correct, create_date, filepath, modify_date, score, subject, teacher_id, time, view) values (?, ?, ?, ?, ?, ?, ?, ?, ?, ?, ?, ?, ?, ?, ?, ?)
make question 5570
Hibernate: insert into question (answer, choice1, choice2, choice3, choice4, choice5, content, correct, create_date, filepath, modify_date, score, subject, teacher_id, time, view) values (?, ?, ?, ?, ?, ?, ?, ?, ?, ?, ?, ?, ?, ?, ?, ?)
make question 5571
Hibernate: insert into question (answer, choice1, choice2, choice3, choice4, choice5, content, correct, create_date, filepath, modify_date, score, subject, teacher_id, time, view) values (?, ?, ?, ?, ?, ?, ?, ?, ?, ?, ?, ?, ?, ?, ?, ?)
make question 5572
Hibernate: insert into question (answer, choice1, choice2, choice3, choice4, choice5, content, correct, create_date, filepath, modify_date, score, subject, teacher_id, time, view) values (?, ?, ?, ?, ?, ?, ?, ?, ?, ?, ?, ?, ?, ?, ?, ?)
make question 5573
Hibernate: insert into question (answer, choice1, choice2, choice3, choice4, choice5, content, correct, create_date, filepath, modify_date, score, subject, teacher_id, time, view) values (?, ?, ?, ?, ?, ?, ?, ?, ?, ?, ?, ?, ?, ?, ?, ?)
make question 5574
Hibernate: insert into question (answer, choice1, choice2, choice3, choice4, choice5, content, correct, create_date, filepath, modify_date, score, subject, teacher_id, time, view) values (?, ?, ?, ?, ?, ?, ?, ?, ?, ?, ?, ?, ?, ?, ?, ?)
make question 5575
Hibernate: insert into question (answer, choice1, choice2, choice3, choice4, choice5, content, correct, create_date, filepath, modify_date, score, subject, teacher_id, time, view) values (?, ?, ?, ?, ?, ?, ?, ?, ?, ?, ?, ?, ?, ?, ?, ?)
make question 5576
Hibernate: insert into question (answer, choice1, choice2, choice3, choice4, choice5, content, correct, create_date, filepath, modify_date, score, subject, teacher_id, time, view) values (?, ?, ?, ?, ?, ?, ?, ?, ?, ?, ?, ?, ?, ?, ?, ?)
make question 5577
Hibernate: insert into question (answer, choice1, choice2, choice3, choice4, choice5, content, correct, create_date, filepath, modify_date, score, subject, teacher_id, time, view) values (?, ?, ?, ?, ?, ?, ?, ?, ?, ?, ?, ?, ?, ?, ?, ?)
make question 5578
Hibernate: insert into question (answer, choice1, choice2, choice3, choice4, choice5, content, correct, create_date, filepath, modify_date, score, subject, teacher_id, time, view) values (?, ?, ?, ?, ?, ?, ?, ?, ?, ?, ?, ?, ?, ?, ?, ?)
make question 5579
Hibernate: insert into question (answer, choice1, choice2, choice3, choice4, choice5, content, correct, create_date, filepath, modify_date, score, subject, teacher_id, time, view) values (?, ?, ?, ?, ?, ?, ?, ?, ?, ?, ?, ?, ?, ?, ?, ?)
make question 5580
Hibernate: insert into question (answer, choice1, choice2, choice3, choice4, choice5, content, correct, create_date, filepath, modify_date, score, subject, teacher_id, time, view) values (?, ?, ?, ?, ?, ?, ?, ?, ?, ?, ?, ?, ?, ?, ?, ?)
make question 5581
Hibernate: insert into question (answer, choice1, choice2, choice3, choice4, choice5, content, correct, create_date, filepath, modify_date, score, subject, teacher_id, time, view) values (?, ?, ?, ?, ?, ?, ?, ?, ?, ?, ?, ?, ?, ?, ?, ?)
make question 5582
Hibernate: insert into question (answer, choice1, choice2, choice3, choice4, choice5, content, correct, create_date, filepath, modify_date, score, subject, teacher_id, time, view) values (?, ?, ?, ?, ?, ?, ?, ?, ?, ?, ?, ?, ?, ?, ?, ?)
make question 5583
Hibernate: insert into question (answer, choice1, choice2, choice3, choice4, choice5, content, correct, create_date, filepath, modify_date, score, subject, teacher_id, time, view) values (?, ?, ?, ?, ?, ?, ?, ?, ?, ?, ?, ?, ?, ?, ?, ?)
make question 5584
Hibernate: insert into question (answer, choice1, choice2, choice3, choice4, choice5, content, correct, create_date, filepath, modify_date, score, subject, teacher_id, time, view) values (?, ?, ?, ?, ?, ?, ?, ?, ?, ?, ?, ?, ?, ?, ?, ?)
make question 5585
Hibernate: insert into question (answer, choice1, choice2, choice3, choice4, choice5, content, correct, create_date, filepath, modify_date, score, subject, teacher_id, time, view) values (?, ?, ?, ?, ?, ?, ?, ?, ?, ?, ?, ?, ?, ?, ?, ?)
make question 5586
Hibernate: insert into question (answer, choice1, choice2, choice3, choice4, choice5, content, correct, create_date, filepath, modify_date, score, subject, teacher_id, time, view) values (?, ?, ?, ?, ?, ?, ?, ?, ?, ?, ?, ?, ?, ?, ?, ?)
make question 5587
Hibernate: insert into question (answer, choice1, choice2, choice3, choice4, choice5, content, correct, create_date, filepath, modify_date, score, subject, teacher_id, time, view) values (?, ?, ?, ?, ?, ?, ?, ?, ?, ?, ?, ?, ?, ?, ?, ?)
make question 5588
Hibernate: insert into question (answer, choice1, choice2, choice3, choice4, choice5, content, correct, create_date, filepath, modify_date, score, subject, teacher_id, time, view) values (?, ?, ?, ?, ?, ?, ?, ?, ?, ?, ?, ?, ?, ?, ?, ?)
make question 5589
Hibernate: insert into question (answer, choice1, choice2, choice3, choice4, choice5, content, correct, create_date, filepath, modify_date, score, subject, teacher_id, time, view) values (?, ?, ?, ?, ?, ?, ?, ?, ?, ?, ?, ?, ?, ?, ?, ?)
make question 5590
Hibernate: insert into question (answer, choice1, choice2, choice3, choice4, choice5, content, correct, create_date, filepath, modify_date, score, subject, teacher_id, time, view) values (?, ?, ?, ?, ?, ?, ?, ?, ?, ?, ?, ?, ?, ?, ?, ?)
make question 5591
Hibernate: insert into question (answer, choice1, choice2, choice3, choice4, choice5, content, correct, create_date, filepath, modify_date, score, subject, teacher_id, time, view) values (?, ?, ?, ?, ?, ?, ?, ?, ?, ?, ?, ?, ?, ?, ?, ?)
make question 5592
Hibernate: insert into question (answer, choice1, choice2, choice3, choice4, choice5, content, correct, create_date, filepath, modify_date, score, subject, teacher_id, time, view) values (?, ?, ?, ?, ?, ?, ?, ?, ?, ?, ?, ?, ?, ?, ?, ?)
make question 5593
Hibernate: insert into question (answer, choice1, choice2, choice3, choice4, choice5, content, correct, create_date, filepath, modify_date, score, subject, teacher_id, time, view) values (?, ?, ?, ?, ?, ?, ?, ?, ?, ?, ?, ?, ?, ?, ?, ?)
make question 5594
Hibernate: insert into question (answer, choice1, choice2, choice3, choice4, choice5, content, correct, create_date, filepath, modify_date, score, subject, teacher_id, time, view) values (?, ?, ?, ?, ?, ?, ?, ?, ?, ?, ?, ?, ?, ?, ?, ?)
make question 5595
Hibernate: insert into question (answer, choice1, choice2, choice3, choice4, choice5, content, correct, create_date, filepath, modify_date, score, subject, teacher_id, time, view) values (?, ?, ?, ?, ?, ?, ?, ?, ?, ?, ?, ?, ?, ?, ?, ?)
make question 5596
Hibernate: insert into question (answer, choice1, choice2, choice3, choice4, choice5, content, correct, create_date, filepath, modify_date, score, subject, teacher_id, time, view) values (?, ?, ?, ?, ?, ?, ?, ?, ?, ?, ?, ?, ?, ?, ?, ?)
make question 5597
Hibernate: insert into question (answer, choice1, choice2, choice3, choice4, choice5, content, correct, create_date, filepath, modify_date, score, subject, teacher_id, time, view) values (?, ?, ?, ?, ?, ?, ?, ?, ?, ?, ?, ?, ?, ?, ?, ?)
make question 5598
Hibernate: insert into question (answer, choice1, choice2, choice3, choice4, choice5, content, correct, create_date, filepath, modify_date, score, subject, teacher_id, time, view) values (?, ?, ?, ?, ?, ?, ?, ?, ?, ?, ?, ?, ?, ?, ?, ?)
make question 5599
Hibernate: insert into question (answer, choice1, choice2, choice3, choice4, choice5, content, correct, create_date, filepath, modify_date, score, subject, teacher_id, time, view) values (?, ?, ?, ?, ?, ?, ?, ?, ?, ?, ?, ?, ?, ?, ?, ?)
make question 5600
Hibernate: insert into question (answer, choice1, choice2, choice3, choice4, choice5, content, correct, create_date, filepath, modify_date, score, subject, teacher_id, time, view) values (?, ?, ?, ?, ?, ?, ?, ?, ?, ?, ?, ?, ?, ?, ?, ?)
make question 5601
Hibernate: insert into question (answer, choice1, choice2, choice3, choice4, choice5, content, correct, create_date, filepath, modify_date, score, subject, teacher_id, time, view) values (?, ?, ?, ?, ?, ?, ?, ?, ?, ?, ?, ?, ?, ?, ?, ?)
make question 5602
Hibernate: insert into question (answer, choice1, choice2, choice3, choice4, choice5, content, correct, create_date, filepath, modify_date, score, subject, teacher_id, time, view) values (?, ?, ?, ?, ?, ?, ?, ?, ?, ?, ?, ?, ?, ?, ?, ?)
make question 5603
Hibernate: insert into question (answer, choice1, choice2, choice3, choice4, choice5, content, correct, create_date, filepath, modify_date, score, subject, teacher_id, time, view) values (?, ?, ?, ?, ?, ?, ?, ?, ?, ?, ?, ?, ?, ?, ?, ?)
make question 5604
Hibernate: insert into question (answer, choice1, choice2, choice3, choice4, choice5, content, correct, create_date, filepath, modify_date, score, subject, teacher_id, time, view) values (?, ?, ?, ?, ?, ?, ?, ?, ?, ?, ?, ?, ?, ?, ?, ?)
make question 5605
Hibernate: insert into question (answer, choice1, choice2, choice3, choice4, choice5, content, correct, create_date, filepath, modify_date, score, subject, teacher_id, time, view) values (?, ?, ?, ?, ?, ?, ?, ?, ?, ?, ?, ?, ?, ?, ?, ?)
make question 5606
Hibernate: insert into question (answer, choice1, choice2, choice3, choice4, choice5, content, correct, create_date, filepath, modify_date, score, subject, teacher_id, time, view) values (?, ?, ?, ?, ?, ?, ?, ?, ?, ?, ?, ?, ?, ?, ?, ?)
make question 5607
Hibernate: insert into question (answer, choice1, choice2, choice3, choice4, choice5, content, correct, create_date, filepath, modify_date, score, subject, teacher_id, time, view) values (?, ?, ?, ?, ?, ?, ?, ?, ?, ?, ?, ?, ?, ?, ?, ?)
make question 5608
Hibernate: insert into question (answer, choice1, choice2, choice3, choice4, choice5, content, correct, create_date, filepath, modify_date, score, subject, teacher_id, time, view) values (?, ?, ?, ?, ?, ?, ?, ?, ?, ?, ?, ?, ?, ?, ?, ?)
make question 5609
Hibernate: insert into question (answer, choice1, choice2, choice3, choice4, choice5, content, correct, create_date, filepath, modify_date, score, subject, teacher_id, time, view) values (?, ?, ?, ?, ?, ?, ?, ?, ?, ?, ?, ?, ?, ?, ?, ?)
make question 5610
Hibernate: insert into question (answer, choice1, choice2, choice3, choice4, choice5, content, correct, create_date, filepath, modify_date, score, subject, teacher_id, time, view) values (?, ?, ?, ?, ?, ?, ?, ?, ?, ?, ?, ?, ?, ?, ?, ?)
make question 5611
Hibernate: insert into question (answer, choice1, choice2, choice3, choice4, choice5, content, correct, create_date, filepath, modify_date, score, subject, teacher_id, time, view) values (?, ?, ?, ?, ?, ?, ?, ?, ?, ?, ?, ?, ?, ?, ?, ?)
make question 5612
Hibernate: insert into question (answer, choice1, choice2, choice3, choice4, choice5, content, correct, create_date, filepath, modify_date, score, subject, teacher_id, time, view) values (?, ?, ?, ?, ?, ?, ?, ?, ?, ?, ?, ?, ?, ?, ?, ?)
make question 5613
Hibernate: insert into question (answer, choice1, choice2, choice3, choice4, choice5, content, correct, create_date, filepath, modify_date, score, subject, teacher_id, time, view) values (?, ?, ?, ?, ?, ?, ?, ?, ?, ?, ?, ?, ?, ?, ?, ?)
make question 5614
Hibernate: insert into question (answer, choice1, choice2, choice3, choice4, choice5, content, correct, create_date, filepath, modify_date, score, subject, teacher_id, time, view) values (?, ?, ?, ?, ?, ?, ?, ?, ?, ?, ?, ?, ?, ?, ?, ?)
make question 5615
Hibernate: insert into question (answer, choice1, choice2, choice3, choice4, choice5, content, correct, create_date, filepath, modify_date, score, subject, teacher_id, time, view) values (?, ?, ?, ?, ?, ?, ?, ?, ?, ?, ?, ?, ?, ?, ?, ?)
make question 5616
Hibernate: insert into question (answer, choice1, choice2, choice3, choice4, choice5, content, correct, create_date, filepath, modify_date, score, subject, teacher_id, time, view) values (?, ?, ?, ?, ?, ?, ?, ?, ?, ?, ?, ?, ?, ?, ?, ?)
make question 5617
Hibernate: insert into question (answer, choice1, choice2, choice3, choice4, choice5, content, correct, create_date, filepath, modify_date, score, subject, teacher_id, time, view) values (?, ?, ?, ?, ?, ?, ?, ?, ?, ?, ?, ?, ?, ?, ?, ?)
make question 5618
Hibernate: insert into question (answer, choice1, choice2, choice3, choice4, choice5, content, correct, create_date, filepath, modify_date, score, subject, teacher_id, time, view) values (?, ?, ?, ?, ?, ?, ?, ?, ?, ?, ?, ?, ?, ?, ?, ?)
make question 5619
Hibernate: insert into question (answer, choice1, choice2, choice3, choice4, choice5, content, correct, create_date, filepath, modify_date, score, subject, teacher_id, time, view) values (?, ?, ?, ?, ?, ?, ?, ?, ?, ?, ?, ?, ?, ?, ?, ?)
make question 5620
Hibernate: insert into question (answer, choice1, choice2, choice3, choice4, choice5, content, correct, create_date, filepath, modify_date, score, subject, teacher_id, time, view) values (?, ?, ?, ?, ?, ?, ?, ?, ?, ?, ?, ?, ?, ?, ?, ?)
make question 5621
Hibernate: insert into question (answer, choice1, choice2, choice3, choice4, choice5, content, correct, create_date, filepath, modify_date, score, subject, teacher_id, time, view) values (?, ?, ?, ?, ?, ?, ?, ?, ?, ?, ?, ?, ?, ?, ?, ?)
make question 5622
Hibernate: insert into question (answer, choice1, choice2, choice3, choice4, choice5, content, correct, create_date, filepath, modify_date, score, subject, teacher_id, time, view) values (?, ?, ?, ?, ?, ?, ?, ?, ?, ?, ?, ?, ?, ?, ?, ?)
make question 5623
Hibernate: insert into question (answer, choice1, choice2, choice3, choice4, choice5, content, correct, create_date, filepath, modify_date, score, subject, teacher_id, time, view) values (?, ?, ?, ?, ?, ?, ?, ?, ?, ?, ?, ?, ?, ?, ?, ?)
make question 5624
Hibernate: insert into question (answer, choice1, choice2, choice3, choice4, choice5, content, correct, create_date, filepath, modify_date, score, subject, teacher_id, time, view) values (?, ?, ?, ?, ?, ?, ?, ?, ?, ?, ?, ?, ?, ?, ?, ?)
make question 5625
Hibernate: insert into question (answer, choice1, choice2, choice3, choice4, choice5, content, correct, create_date, filepath, modify_date, score, subject, teacher_id, time, view) values (?, ?, ?, ?, ?, ?, ?, ?, ?, ?, ?, ?, ?, ?, ?, ?)
make question 5626
Hibernate: insert into question (answer, choice1, choice2, choice3, choice4, choice5, content, correct, create_date, filepath, modify_date, score, subject, teacher_id, time, view) values (?, ?, ?, ?, ?, ?, ?, ?, ?, ?, ?, ?, ?, ?, ?, ?)
make question 5627
Hibernate: insert into question (answer, choice1, choice2, choice3, choice4, choice5, content, correct, create_date, filepath, modify_date, score, subject, teacher_id, time, view) values (?, ?, ?, ?, ?, ?, ?, ?, ?, ?, ?, ?, ?, ?, ?, ?)
make question 5628
Hibernate: insert into question (answer, choice1, choice2, choice3, choice4, choice5, content, correct, create_date, filepath, modify_date, score, subject, teacher_id, time, view) values (?, ?, ?, ?, ?, ?, ?, ?, ?, ?, ?, ?, ?, ?, ?, ?)
make question 5629
Hibernate: insert into question (answer, choice1, choice2, choice3, choice4, choice5, content, correct, create_date, filepath, modify_date, score, subject, teacher_id, time, view) values (?, ?, ?, ?, ?, ?, ?, ?, ?, ?, ?, ?, ?, ?, ?, ?)
make question 5630
Hibernate: insert into question (answer, choice1, choice2, choice3, choice4, choice5, content, correct, create_date, filepath, modify_date, score, subject, teacher_id, time, view) values (?, ?, ?, ?, ?, ?, ?, ?, ?, ?, ?, ?, ?, ?, ?, ?)
make question 5631
Hibernate: insert into question (answer, choice1, choice2, choice3, choice4, choice5, content, correct, create_date, filepath, modify_date, score, subject, teacher_id, time, view) values (?, ?, ?, ?, ?, ?, ?, ?, ?, ?, ?, ?, ?, ?, ?, ?)
make question 5632
Hibernate: insert into question (answer, choice1, choice2, choice3, choice4, choice5, content, correct, create_date, filepath, modify_date, score, subject, teacher_id, time, view) values (?, ?, ?, ?, ?, ?, ?, ?, ?, ?, ?, ?, ?, ?, ?, ?)
make question 5633
Hibernate: insert into question (answer, choice1, choice2, choice3, choice4, choice5, content, correct, create_date, filepath, modify_date, score, subject, teacher_id, time, view) values (?, ?, ?, ?, ?, ?, ?, ?, ?, ?, ?, ?, ?, ?, ?, ?)
make question 5634
Hibernate: insert into question (answer, choice1, choice2, choice3, choice4, choice5, content, correct, create_date, filepath, modify_date, score, subject, teacher_id, time, view) values (?, ?, ?, ?, ?, ?, ?, ?, ?, ?, ?, ?, ?, ?, ?, ?)
make question 5635
Hibernate: insert into question (answer, choice1, choice2, choice3, choice4, choice5, content, correct, create_date, filepath, modify_date, score, subject, teacher_id, time, view) values (?, ?, ?, ?, ?, ?, ?, ?, ?, ?, ?, ?, ?, ?, ?, ?)
make question 5636
Hibernate: insert into question (answer, choice1, choice2, choice3, choice4, choice5, content, correct, create_date, filepath, modify_date, score, subject, teacher_id, time, view) values (?, ?, ?, ?, ?, ?, ?, ?, ?, ?, ?, ?, ?, ?, ?, ?)
make question 5637
Hibernate: insert into question (answer, choice1, choice2, choice3, choice4, choice5, content, correct, create_date, filepath, modify_date, score, subject, teacher_id, time, view) values (?, ?, ?, ?, ?, ?, ?, ?, ?, ?, ?, ?, ?, ?, ?, ?)
make question 5638
Hibernate: insert into question (answer, choice1, choice2, choice3, choice4, choice5, content, correct, create_date, filepath, modify_date, score, subject, teacher_id, time, view) values (?, ?, ?, ?, ?, ?, ?, ?, ?, ?, ?, ?, ?, ?, ?, ?)
make question 5639
Hibernate: insert into question (answer, choice1, choice2, choice3, choice4, choice5, content, correct, create_date, filepath, modify_date, score, subject, teacher_id, time, view) values (?, ?, ?, ?, ?, ?, ?, ?, ?, ?, ?, ?, ?, ?, ?, ?)
make question 5640
Hibernate: insert into question (answer, choice1, choice2, choice3, choice4, choice5, content, correct, create_date, filepath, modify_date, score, subject, teacher_id, time, view) values (?, ?, ?, ?, ?, ?, ?, ?, ?, ?, ?, ?, ?, ?, ?, ?)
make question 5641
Hibernate: insert into question (answer, choice1, choice2, choice3, choice4, choice5, content, correct, create_date, filepath, modify_date, score, subject, teacher_id, time, view) values (?, ?, ?, ?, ?, ?, ?, ?, ?, ?, ?, ?, ?, ?, ?, ?)
make question 5642
Hibernate: insert into question (answer, choice1, choice2, choice3, choice4, choice5, content, correct, create_date, filepath, modify_date, score, subject, teacher_id, time, view) values (?, ?, ?, ?, ?, ?, ?, ?, ?, ?, ?, ?, ?, ?, ?, ?)
make question 5643
Hibernate: insert into question (answer, choice1, choice2, choice3, choice4, choice5, content, correct, create_date, filepath, modify_date, score, subject, teacher_id, time, view) values (?, ?, ?, ?, ?, ?, ?, ?, ?, ?, ?, ?, ?, ?, ?, ?)
make question 5644
Hibernate: insert into question (answer, choice1, choice2, choice3, choice4, choice5, content, correct, create_date, filepath, modify_date, score, subject, teacher_id, time, view) values (?, ?, ?, ?, ?, ?, ?, ?, ?, ?, ?, ?, ?, ?, ?, ?)
make question 5645
Hibernate: insert into question (answer, choice1, choice2, choice3, choice4, choice5, content, correct, create_date, filepath, modify_date, score, subject, teacher_id, time, view) values (?, ?, ?, ?, ?, ?, ?, ?, ?, ?, ?, ?, ?, ?, ?, ?)
make question 5646
Hibernate: insert into question (answer, choice1, choice2, choice3, choice4, choice5, content, correct, create_date, filepath, modify_date, score, subject, teacher_id, time, view) values (?, ?, ?, ?, ?, ?, ?, ?, ?, ?, ?, ?, ?, ?, ?, ?)
make question 5647
Hibernate: insert into question (answer, choice1, choice2, choice3, choice4, choice5, content, correct, create_date, filepath, modify_date, score, subject, teacher_id, time, view) values (?, ?, ?, ?, ?, ?, ?, ?, ?, ?, ?, ?, ?, ?, ?, ?)
make question 5648
Hibernate: insert into question (answer, choice1, choice2, choice3, choice4, choice5, content, correct, create_date, filepath, modify_date, score, subject, teacher_id, time, view) values (?, ?, ?, ?, ?, ?, ?, ?, ?, ?, ?, ?, ?, ?, ?, ?)
make question 5649
Hibernate: insert into question (answer, choice1, choice2, choice3, choice4, choice5, content, correct, create_date, filepath, modify_date, score, subject, teacher_id, time, view) values (?, ?, ?, ?, ?, ?, ?, ?, ?, ?, ?, ?, ?, ?, ?, ?)
make question 5650
Hibernate: insert into question (answer, choice1, choice2, choice3, choice4, choice5, content, correct, create_date, filepath, modify_date, score, subject, teacher_id, time, view) values (?, ?, ?, ?, ?, ?, ?, ?, ?, ?, ?, ?, ?, ?, ?, ?)
make question 5651
Hibernate: insert into question (answer, choice1, choice2, choice3, choice4, choice5, content, correct, create_date, filepath, modify_date, score, subject, teacher_id, time, view) values (?, ?, ?, ?, ?, ?, ?, ?, ?, ?, ?, ?, ?, ?, ?, ?)
make question 5652
Hibernate: insert into question (answer, choice1, choice2, choice3, choice4, choice5, content, correct, create_date, filepath, modify_date, score, subject, teacher_id, time, view) values (?, ?, ?, ?, ?, ?, ?, ?, ?, ?, ?, ?, ?, ?, ?, ?)
make question 5653
Hibernate: insert into question (answer, choice1, choice2, choice3, choice4, choice5, content, correct, create_date, filepath, modify_date, score, subject, teacher_id, time, view) values (?, ?, ?, ?, ?, ?, ?, ?, ?, ?, ?, ?, ?, ?, ?, ?)
make question 5654
Hibernate: insert into question (answer, choice1, choice2, choice3, choice4, choice5, content, correct, create_date, filepath, modify_date, score, subject, teacher_id, time, view) values (?, ?, ?, ?, ?, ?, ?, ?, ?, ?, ?, ?, ?, ?, ?, ?)
make question 5655
Hibernate: insert into question (answer, choice1, choice2, choice3, choice4, choice5, content, correct, create_date, filepath, modify_date, score, subject, teacher_id, time, view) values (?, ?, ?, ?, ?, ?, ?, ?, ?, ?, ?, ?, ?, ?, ?, ?)
make question 5656
Hibernate: insert into question (answer, choice1, choice2, choice3, choice4, choice5, content, correct, create_date, filepath, modify_date, score, subject, teacher_id, time, view) values (?, ?, ?, ?, ?, ?, ?, ?, ?, ?, ?, ?, ?, ?, ?, ?)
make question 5657
Hibernate: insert into question (answer, choice1, choice2, choice3, choice4, choice5, content, correct, create_date, filepath, modify_date, score, subject, teacher_id, time, view) values (?, ?, ?, ?, ?, ?, ?, ?, ?, ?, ?, ?, ?, ?, ?, ?)
make question 5658
Hibernate: insert into question (answer, choice1, choice2, choice3, choice4, choice5, content, correct, create_date, filepath, modify_date, score, subject, teacher_id, time, view) values (?, ?, ?, ?, ?, ?, ?, ?, ?, ?, ?, ?, ?, ?, ?, ?)
make question 5659
Hibernate: insert into question (answer, choice1, choice2, choice3, choice4, choice5, content, correct, create_date, filepath, modify_date, score, subject, teacher_id, time, view) values (?, ?, ?, ?, ?, ?, ?, ?, ?, ?, ?, ?, ?, ?, ?, ?)
make question 5660
Hibernate: insert into question (answer, choice1, choice2, choice3, choice4, choice5, content, correct, create_date, filepath, modify_date, score, subject, teacher_id, time, view) values (?, ?, ?, ?, ?, ?, ?, ?, ?, ?, ?, ?, ?, ?, ?, ?)
make question 5661
Hibernate: insert into question (answer, choice1, choice2, choice3, choice4, choice5, content, correct, create_date, filepath, modify_date, score, subject, teacher_id, time, view) values (?, ?, ?, ?, ?, ?, ?, ?, ?, ?, ?, ?, ?, ?, ?, ?)
make question 5662
Hibernate: insert into question (answer, choice1, choice2, choice3, choice4, choice5, content, correct, create_date, filepath, modify_date, score, subject, teacher_id, time, view) values (?, ?, ?, ?, ?, ?, ?, ?, ?, ?, ?, ?, ?, ?, ?, ?)
make question 5663
Hibernate: insert into question (answer, choice1, choice2, choice3, choice4, choice5, content, correct, create_date, filepath, modify_date, score, subject, teacher_id, time, view) values (?, ?, ?, ?, ?, ?, ?, ?, ?, ?, ?, ?, ?, ?, ?, ?)
make question 5664
Hibernate: insert into question (answer, choice1, choice2, choice3, choice4, choice5, content, correct, create_date, filepath, modify_date, score, subject, teacher_id, time, view) values (?, ?, ?, ?, ?, ?, ?, ?, ?, ?, ?, ?, ?, ?, ?, ?)
make question 5665
Hibernate: insert into question (answer, choice1, choice2, choice3, choice4, choice5, content, correct, create_date, filepath, modify_date, score, subject, teacher_id, time, view) values (?, ?, ?, ?, ?, ?, ?, ?, ?, ?, ?, ?, ?, ?, ?, ?)
make question 5666
Hibernate: insert into question (answer, choice1, choice2, choice3, choice4, choice5, content, correct, create_date, filepath, modify_date, score, subject, teacher_id, time, view) values (?, ?, ?, ?, ?, ?, ?, ?, ?, ?, ?, ?, ?, ?, ?, ?)
make question 5667
Hibernate: insert into question (answer, choice1, choice2, choice3, choice4, choice5, content, correct, create_date, filepath, modify_date, score, subject, teacher_id, time, view) values (?, ?, ?, ?, ?, ?, ?, ?, ?, ?, ?, ?, ?, ?, ?, ?)
make question 5668
Hibernate: insert into question (answer, choice1, choice2, choice3, choice4, choice5, content, correct, create_date, filepath, modify_date, score, subject, teacher_id, time, view) values (?, ?, ?, ?, ?, ?, ?, ?, ?, ?, ?, ?, ?, ?, ?, ?)
make question 5669
Hibernate: insert into question (answer, choice1, choice2, choice3, choice4, choice5, content, correct, create_date, filepath, modify_date, score, subject, teacher_id, time, view) values (?, ?, ?, ?, ?, ?, ?, ?, ?, ?, ?, ?, ?, ?, ?, ?)
make question 5670
Hibernate: insert into question (answer, choice1, choice2, choice3, choice4, choice5, content, correct, create_date, filepath, modify_date, score, subject, teacher_id, time, view) values (?, ?, ?, ?, ?, ?, ?, ?, ?, ?, ?, ?, ?, ?, ?, ?)
make question 5671
Hibernate: insert into question (answer, choice1, choice2, choice3, choice4, choice5, content, correct, create_date, filepath, modify_date, score, subject, teacher_id, time, view) values (?, ?, ?, ?, ?, ?, ?, ?, ?, ?, ?, ?, ?, ?, ?, ?)
make question 5672
Hibernate: insert into question (answer, choice1, choice2, choice3, choice4, choice5, content, correct, create_date, filepath, modify_date, score, subject, teacher_id, time, view) values (?, ?, ?, ?, ?, ?, ?, ?, ?, ?, ?, ?, ?, ?, ?, ?)
make question 5673
Hibernate: insert into question (answer, choice1, choice2, choice3, choice4, choice5, content, correct, create_date, filepath, modify_date, score, subject, teacher_id, time, view) values (?, ?, ?, ?, ?, ?, ?, ?, ?, ?, ?, ?, ?, ?, ?, ?)
make question 5674
Hibernate: insert into question (answer, choice1, choice2, choice3, choice4, choice5, content, correct, create_date, filepath, modify_date, score, subject, teacher_id, time, view) values (?, ?, ?, ?, ?, ?, ?, ?, ?, ?, ?, ?, ?, ?, ?, ?)
make question 5675
Hibernate: insert into question (answer, choice1, choice2, choice3, choice4, choice5, content, correct, create_date, filepath, modify_date, score, subject, teacher_id, time, view) values (?, ?, ?, ?, ?, ?, ?, ?, ?, ?, ?, ?, ?, ?, ?, ?)
make question 5676
Hibernate: insert into question (answer, choice1, choice2, choice3, choice4, choice5, content, correct, create_date, filepath, modify_date, score, subject, teacher_id, time, view) values (?, ?, ?, ?, ?, ?, ?, ?, ?, ?, ?, ?, ?, ?, ?, ?)
make question 5677
Hibernate: insert into question (answer, choice1, choice2, choice3, choice4, choice5, content, correct, create_date, filepath, modify_date, score, subject, teacher_id, time, view) values (?, ?, ?, ?, ?, ?, ?, ?, ?, ?, ?, ?, ?, ?, ?, ?)
make question 5678
Hibernate: insert into question (answer, choice1, choice2, choice3, choice4, choice5, content, correct, create_date, filepath, modify_date, score, subject, teacher_id, time, view) values (?, ?, ?, ?, ?, ?, ?, ?, ?, ?, ?, ?, ?, ?, ?, ?)
make question 5679
Hibernate: insert into question (answer, choice1, choice2, choice3, choice4, choice5, content, correct, create_date, filepath, modify_date, score, subject, teacher_id, time, view) values (?, ?, ?, ?, ?, ?, ?, ?, ?, ?, ?, ?, ?, ?, ?, ?)
make question 5680
Hibernate: insert into question (answer, choice1, choice2, choice3, choice4, choice5, content, correct, create_date, filepath, modify_date, score, subject, teacher_id, time, view) values (?, ?, ?, ?, ?, ?, ?, ?, ?, ?, ?, ?, ?, ?, ?, ?)
make question 5681
Hibernate: insert into question (answer, choice1, choice2, choice3, choice4, choice5, content, correct, create_date, filepath, modify_date, score, subject, teacher_id, time, view) values (?, ?, ?, ?, ?, ?, ?, ?, ?, ?, ?, ?, ?, ?, ?, ?)
make question 5682
Hibernate: insert into question (answer, choice1, choice2, choice3, choice4, choice5, content, correct, create_date, filepath, modify_date, score, subject, teacher_id, time, view) values (?, ?, ?, ?, ?, ?, ?, ?, ?, ?, ?, ?, ?, ?, ?, ?)
make question 5683
Hibernate: insert into question (answer, choice1, choice2, choice3, choice4, choice5, content, correct, create_date, filepath, modify_date, score, subject, teacher_id, time, view) values (?, ?, ?, ?, ?, ?, ?, ?, ?, ?, ?, ?, ?, ?, ?, ?)
make question 5684
Hibernate: insert into question (answer, choice1, choice2, choice3, choice4, choice5, content, correct, create_date, filepath, modify_date, score, subject, teacher_id, time, view) values (?, ?, ?, ?, ?, ?, ?, ?, ?, ?, ?, ?, ?, ?, ?, ?)
make question 5685
Hibernate: insert into question (answer, choice1, choice2, choice3, choice4, choice5, content, correct, create_date, filepath, modify_date, score, subject, teacher_id, time, view) values (?, ?, ?, ?, ?, ?, ?, ?, ?, ?, ?, ?, ?, ?, ?, ?)
make question 5686
Hibernate: insert into question (answer, choice1, choice2, choice3, choice4, choice5, content, correct, create_date, filepath, modify_date, score, subject, teacher_id, time, view) values (?, ?, ?, ?, ?, ?, ?, ?, ?, ?, ?, ?, ?, ?, ?, ?)
make question 5687
Hibernate: insert into question (answer, choice1, choice2, choice3, choice4, choice5, content, correct, create_date, filepath, modify_date, score, subject, teacher_id, time, view) values (?, ?, ?, ?, ?, ?, ?, ?, ?, ?, ?, ?, ?, ?, ?, ?)
make question 5688
Hibernate: insert into question (answer, choice1, choice2, choice3, choice4, choice5, content, correct, create_date, filepath, modify_date, score, subject, teacher_id, time, view) values (?, ?, ?, ?, ?, ?, ?, ?, ?, ?, ?, ?, ?, ?, ?, ?)
make question 5689
Hibernate: insert into question (answer, choice1, choice2, choice3, choice4, choice5, content, correct, create_date, filepath, modify_date, score, subject, teacher_id, time, view) values (?, ?, ?, ?, ?, ?, ?, ?, ?, ?, ?, ?, ?, ?, ?, ?)
make question 5690
Hibernate: insert into question (answer, choice1, choice2, choice3, choice4, choice5, content, correct, create_date, filepath, modify_date, score, subject, teacher_id, time, view) values (?, ?, ?, ?, ?, ?, ?, ?, ?, ?, ?, ?, ?, ?, ?, ?)
make question 5691
Hibernate: insert into question (answer, choice1, choice2, choice3, choice4, choice5, content, correct, create_date, filepath, modify_date, score, subject, teacher_id, time, view) values (?, ?, ?, ?, ?, ?, ?, ?, ?, ?, ?, ?, ?, ?, ?, ?)
make question 5692
Hibernate: insert into question (answer, choice1, choice2, choice3, choice4, choice5, content, correct, create_date, filepath, modify_date, score, subject, teacher_id, time, view) values (?, ?, ?, ?, ?, ?, ?, ?, ?, ?, ?, ?, ?, ?, ?, ?)
make question 5693
Hibernate: insert into question (answer, choice1, choice2, choice3, choice4, choice5, content, correct, create_date, filepath, modify_date, score, subject, teacher_id, time, view) values (?, ?, ?, ?, ?, ?, ?, ?, ?, ?, ?, ?, ?, ?, ?, ?)
make question 5694
Hibernate: insert into question (answer, choice1, choice2, choice3, choice4, choice5, content, correct, create_date, filepath, modify_date, score, subject, teacher_id, time, view) values (?, ?, ?, ?, ?, ?, ?, ?, ?, ?, ?, ?, ?, ?, ?, ?)
make question 5695
Hibernate: insert into question (answer, choice1, choice2, choice3, choice4, choice5, content, correct, create_date, filepath, modify_date, score, subject, teacher_id, time, view) values (?, ?, ?, ?, ?, ?, ?, ?, ?, ?, ?, ?, ?, ?, ?, ?)
make question 5696
Hibernate: insert into question (answer, choice1, choice2, choice3, choice4, choice5, content, correct, create_date, filepath, modify_date, score, subject, teacher_id, time, view) values (?, ?, ?, ?, ?, ?, ?, ?, ?, ?, ?, ?, ?, ?, ?, ?)
make question 5697
Hibernate: insert into question (answer, choice1, choice2, choice3, choice4, choice5, content, correct, create_date, filepath, modify_date, score, subject, teacher_id, time, view) values (?, ?, ?, ?, ?, ?, ?, ?, ?, ?, ?, ?, ?, ?, ?, ?)
make question 5698
Hibernate: insert into question (answer, choice1, choice2, choice3, choice4, choice5, content, correct, create_date, filepath, modify_date, score, subject, teacher_id, time, view) values (?, ?, ?, ?, ?, ?, ?, ?, ?, ?, ?, ?, ?, ?, ?, ?)
make question 5699
Hibernate: insert into question (answer, choice1, choice2, choice3, choice4, choice5, content, correct, create_date, filepath, modify_date, score, subject, teacher_id, time, view) values (?, ?, ?, ?, ?, ?, ?, ?, ?, ?, ?, ?, ?, ?, ?, ?)
make question 5700
Hibernate: insert into question (answer, choice1, choice2, choice3, choice4, choice5, content, correct, create_date, filepath, modify_date, score, subject, teacher_id, time, view) values (?, ?, ?, ?, ?, ?, ?, ?, ?, ?, ?, ?, ?, ?, ?, ?)
make question 5701
Hibernate: insert into question (answer, choice1, choice2, choice3, choice4, choice5, content, correct, create_date, filepath, modify_date, score, subject, teacher_id, time, view) values (?, ?, ?, ?, ?, ?, ?, ?, ?, ?, ?, ?, ?, ?, ?, ?)
make question 5702
Hibernate: insert into question (answer, choice1, choice2, choice3, choice4, choice5, content, correct, create_date, filepath, modify_date, score, subject, teacher_id, time, view) values (?, ?, ?, ?, ?, ?, ?, ?, ?, ?, ?, ?, ?, ?, ?, ?)
make question 5703
Hibernate: insert into question (answer, choice1, choice2, choice3, choice4, choice5, content, correct, create_date, filepath, modify_date, score, subject, teacher_id, time, view) values (?, ?, ?, ?, ?, ?, ?, ?, ?, ?, ?, ?, ?, ?, ?, ?)
make question 5704
Hibernate: insert into question (answer, choice1, choice2, choice3, choice4, choice5, content, correct, create_date, filepath, modify_date, score, subject, teacher_id, time, view) values (?, ?, ?, ?, ?, ?, ?, ?, ?, ?, ?, ?, ?, ?, ?, ?)
make question 5705
Hibernate: insert into question (answer, choice1, choice2, choice3, choice4, choice5, content, correct, create_date, filepath, modify_date, score, subject, teacher_id, time, view) values (?, ?, ?, ?, ?, ?, ?, ?, ?, ?, ?, ?, ?, ?, ?, ?)
make question 5706
Hibernate: insert into question (answer, choice1, choice2, choice3, choice4, choice5, content, correct, create_date, filepath, modify_date, score, subject, teacher_id, time, view) values (?, ?, ?, ?, ?, ?, ?, ?, ?, ?, ?, ?, ?, ?, ?, ?)
make question 5707
Hibernate: insert into question (answer, choice1, choice2, choice3, choice4, choice5, content, correct, create_date, filepath, modify_date, score, subject, teacher_id, time, view) values (?, ?, ?, ?, ?, ?, ?, ?, ?, ?, ?, ?, ?, ?, ?, ?)
make question 5708
Hibernate: insert into question (answer, choice1, choice2, choice3, choice4, choice5, content, correct, create_date, filepath, modify_date, score, subject, teacher_id, time, view) values (?, ?, ?, ?, ?, ?, ?, ?, ?, ?, ?, ?, ?, ?, ?, ?)
make question 5709
Hibernate: insert into question (answer, choice1, choice2, choice3, choice4, choice5, content, correct, create_date, filepath, modify_date, score, subject, teacher_id, time, view) values (?, ?, ?, ?, ?, ?, ?, ?, ?, ?, ?, ?, ?, ?, ?, ?)
make question 5710
Hibernate: insert into question (answer, choice1, choice2, choice3, choice4, choice5, content, correct, create_date, filepath, modify_date, score, subject, teacher_id, time, view) values (?, ?, ?, ?, ?, ?, ?, ?, ?, ?, ?, ?, ?, ?, ?, ?)
make question 5711
Hibernate: insert into question (answer, choice1, choice2, choice3, choice4, choice5, content, correct, create_date, filepath, modify_date, score, subject, teacher_id, time, view) values (?, ?, ?, ?, ?, ?, ?, ?, ?, ?, ?, ?, ?, ?, ?, ?)
make question 5712
Hibernate: insert into question (answer, choice1, choice2, choice3, choice4, choice5, content, correct, create_date, filepath, modify_date, score, subject, teacher_id, time, view) values (?, ?, ?, ?, ?, ?, ?, ?, ?, ?, ?, ?, ?, ?, ?, ?)
make question 5713
Hibernate: insert into question (answer, choice1, choice2, choice3, choice4, choice5, content, correct, create_date, filepath, modify_date, score, subject, teacher_id, time, view) values (?, ?, ?, ?, ?, ?, ?, ?, ?, ?, ?, ?, ?, ?, ?, ?)
make question 5714
Hibernate: insert into question (answer, choice1, choice2, choice3, choice4, choice5, content, correct, create_date, filepath, modify_date, score, subject, teacher_id, time, view) values (?, ?, ?, ?, ?, ?, ?, ?, ?, ?, ?, ?, ?, ?, ?, ?)
make question 5715
Hibernate: insert into question (answer, choice1, choice2, choice3, choice4, choice5, content, correct, create_date, filepath, modify_date, score, subject, teacher_id, time, view) values (?, ?, ?, ?, ?, ?, ?, ?, ?, ?, ?, ?, ?, ?, ?, ?)
make question 5716
Hibernate: insert into question (answer, choice1, choice2, choice3, choice4, choice5, content, correct, create_date, filepath, modify_date, score, subject, teacher_id, time, view) values (?, ?, ?, ?, ?, ?, ?, ?, ?, ?, ?, ?, ?, ?, ?, ?)
make question 5717
Hibernate: insert into question (answer, choice1, choice2, choice3, choice4, choice5, content, correct, create_date, filepath, modify_date, score, subject, teacher_id, time, view) values (?, ?, ?, ?, ?, ?, ?, ?, ?, ?, ?, ?, ?, ?, ?, ?)
make question 5718
Hibernate: insert into question (answer, choice1, choice2, choice3, choice4, choice5, content, correct, create_date, filepath, modify_date, score, subject, teacher_id, time, view) values (?, ?, ?, ?, ?, ?, ?, ?, ?, ?, ?, ?, ?, ?, ?, ?)
make question 5719
Hibernate: insert into question (answer, choice1, choice2, choice3, choice4, choice5, content, correct, create_date, filepath, modify_date, score, subject, teacher_id, time, view) values (?, ?, ?, ?, ?, ?, ?, ?, ?, ?, ?, ?, ?, ?, ?, ?)
make question 5720
Hibernate: insert into question (answer, choice1, choice2, choice3, choice4, choice5, content, correct, create_date, filepath, modify_date, score, subject, teacher_id, time, view) values (?, ?, ?, ?, ?, ?, ?, ?, ?, ?, ?, ?, ?, ?, ?, ?)
make question 5721
Hibernate: insert into question (answer, choice1, choice2, choice3, choice4, choice5, content, correct, create_date, filepath, modify_date, score, subject, teacher_id, time, view) values (?, ?, ?, ?, ?, ?, ?, ?, ?, ?, ?, ?, ?, ?, ?, ?)
make question 5722
Hibernate: insert into question (answer, choice1, choice2, choice3, choice4, choice5, content, correct, create_date, filepath, modify_date, score, subject, teacher_id, time, view) values (?, ?, ?, ?, ?, ?, ?, ?, ?, ?, ?, ?, ?, ?, ?, ?)
make question 5723
Hibernate: insert into question (answer, choice1, choice2, choice3, choice4, choice5, content, correct, create_date, filepath, modify_date, score, subject, teacher_id, time, view) values (?, ?, ?, ?, ?, ?, ?, ?, ?, ?, ?, ?, ?, ?, ?, ?)
make question 5724
Hibernate: insert into question (answer, choice1, choice2, choice3, choice4, choice5, content, correct, create_date, filepath, modify_date, score, subject, teacher_id, time, view) values (?, ?, ?, ?, ?, ?, ?, ?, ?, ?, ?, ?, ?, ?, ?, ?)
make question 5725
Hibernate: insert into question (answer, choice1, choice2, choice3, choice4, choice5, content, correct, create_date, filepath, modify_date, score, subject, teacher_id, time, view) values (?, ?, ?, ?, ?, ?, ?, ?, ?, ?, ?, ?, ?, ?, ?, ?)
make question 5726
Hibernate: insert into question (answer, choice1, choice2, choice3, choice4, choice5, content, correct, create_date, filepath, modify_date, score, subject, teacher_id, time, view) values (?, ?, ?, ?, ?, ?, ?, ?, ?, ?, ?, ?, ?, ?, ?, ?)
make question 5727
Hibernate: insert into question (answer, choice1, choice2, choice3, choice4, choice5, content, correct, create_date, filepath, modify_date, score, subject, teacher_id, time, view) values (?, ?, ?, ?, ?, ?, ?, ?, ?, ?, ?, ?, ?, ?, ?, ?)
make question 5728
Hibernate: insert into question (answer, choice1, choice2, choice3, choice4, choice5, content, correct, create_date, filepath, modify_date, score, subject, teacher_id, time, view) values (?, ?, ?, ?, ?, ?, ?, ?, ?, ?, ?, ?, ?, ?, ?, ?)
make question 5729
Hibernate: insert into question (answer, choice1, choice2, choice3, choice4, choice5, content, correct, create_date, filepath, modify_date, score, subject, teacher_id, time, view) values (?, ?, ?, ?, ?, ?, ?, ?, ?, ?, ?, ?, ?, ?, ?, ?)
make question 5730
Hibernate: insert into question (answer, choice1, choice2, choice3, choice4, choice5, content, correct, create_date, filepath, modify_date, score, subject, teacher_id, time, view) values (?, ?, ?, ?, ?, ?, ?, ?, ?, ?, ?, ?, ?, ?, ?, ?)
make question 5731
Hibernate: insert into question (answer, choice1, choice2, choice3, choice4, choice5, content, correct, create_date, filepath, modify_date, score, subject, teacher_id, time, view) values (?, ?, ?, ?, ?, ?, ?, ?, ?, ?, ?, ?, ?, ?, ?, ?)
make question 5732
Hibernate: insert into question (answer, choice1, choice2, choice3, choice4, choice5, content, correct, create_date, filepath, modify_date, score, subject, teacher_id, time, view) values (?, ?, ?, ?, ?, ?, ?, ?, ?, ?, ?, ?, ?, ?, ?, ?)
make question 5733
Hibernate: insert into question (answer, choice1, choice2, choice3, choice4, choice5, content, correct, create_date, filepath, modify_date, score, subject, teacher_id, time, view) values (?, ?, ?, ?, ?, ?, ?, ?, ?, ?, ?, ?, ?, ?, ?, ?)
make question 5734
Hibernate: insert into question (answer, choice1, choice2, choice3, choice4, choice5, content, correct, create_date, filepath, modify_date, score, subject, teacher_id, time, view) values (?, ?, ?, ?, ?, ?, ?, ?, ?, ?, ?, ?, ?, ?, ?, ?)
make question 5735
Hibernate: insert into question (answer, choice1, choice2, choice3, choice4, choice5, content, correct, create_date, filepath, modify_date, score, subject, teacher_id, time, view) values (?, ?, ?, ?, ?, ?, ?, ?, ?, ?, ?, ?, ?, ?, ?, ?)
make question 5736
Hibernate: insert into question (answer, choice1, choice2, choice3, choice4, choice5, content, correct, create_date, filepath, modify_date, score, subject, teacher_id, time, view) values (?, ?, ?, ?, ?, ?, ?, ?, ?, ?, ?, ?, ?, ?, ?, ?)
make question 5737
Hibernate: insert into question (answer, choice1, choice2, choice3, choice4, choice5, content, correct, create_date, filepath, modify_date, score, subject, teacher_id, time, view) values (?, ?, ?, ?, ?, ?, ?, ?, ?, ?, ?, ?, ?, ?, ?, ?)
make question 5738
Hibernate: insert into question (answer, choice1, choice2, choice3, choice4, choice5, content, correct, create_date, filepath, modify_date, score, subject, teacher_id, time, view) values (?, ?, ?, ?, ?, ?, ?, ?, ?, ?, ?, ?, ?, ?, ?, ?)
make question 5739
Hibernate: insert into question (answer, choice1, choice2, choice3, choice4, choice5, content, correct, create_date, filepath, modify_date, score, subject, teacher_id, time, view) values (?, ?, ?, ?, ?, ?, ?, ?, ?, ?, ?, ?, ?, ?, ?, ?)
make question 5740
Hibernate: insert into question (answer, choice1, choice2, choice3, choice4, choice5, content, correct, create_date, filepath, modify_date, score, subject, teacher_id, time, view) values (?, ?, ?, ?, ?, ?, ?, ?, ?, ?, ?, ?, ?, ?, ?, ?)
make question 5741
Hibernate: insert into question (answer, choice1, choice2, choice3, choice4, choice5, content, correct, create_date, filepath, modify_date, score, subject, teacher_id, time, view) values (?, ?, ?, ?, ?, ?, ?, ?, ?, ?, ?, ?, ?, ?, ?, ?)
make question 5742
Hibernate: insert into question (answer, choice1, choice2, choice3, choice4, choice5, content, correct, create_date, filepath, modify_date, score, subject, teacher_id, time, view) values (?, ?, ?, ?, ?, ?, ?, ?, ?, ?, ?, ?, ?, ?, ?, ?)
make question 5743
Hibernate: insert into question (answer, choice1, choice2, choice3, choice4, choice5, content, correct, create_date, filepath, modify_date, score, subject, teacher_id, time, view) values (?, ?, ?, ?, ?, ?, ?, ?, ?, ?, ?, ?, ?, ?, ?, ?)
make question 5744
Hibernate: insert into question (answer, choice1, choice2, choice3, choice4, choice5, content, correct, create_date, filepath, modify_date, score, subject, teacher_id, time, view) values (?, ?, ?, ?, ?, ?, ?, ?, ?, ?, ?, ?, ?, ?, ?, ?)
make question 5745
Hibernate: insert into question (answer, choice1, choice2, choice3, choice4, choice5, content, correct, create_date, filepath, modify_date, score, subject, teacher_id, time, view) values (?, ?, ?, ?, ?, ?, ?, ?, ?, ?, ?, ?, ?, ?, ?, ?)
make question 5746
Hibernate: insert into question (answer, choice1, choice2, choice3, choice4, choice5, content, correct, create_date, filepath, modify_date, score, subject, teacher_id, time, view) values (?, ?, ?, ?, ?, ?, ?, ?, ?, ?, ?, ?, ?, ?, ?, ?)
make question 5747
Hibernate: insert into question (answer, choice1, choice2, choice3, choice4, choice5, content, correct, create_date, filepath, modify_date, score, subject, teacher_id, time, view) values (?, ?, ?, ?, ?, ?, ?, ?, ?, ?, ?, ?, ?, ?, ?, ?)
make question 5748
Hibernate: insert into question (answer, choice1, choice2, choice3, choice4, choice5, content, correct, create_date, filepath, modify_date, score, subject, teacher_id, time, view) values (?, ?, ?, ?, ?, ?, ?, ?, ?, ?, ?, ?, ?, ?, ?, ?)
make question 5749
Hibernate: insert into question (answer, choice1, choice2, choice3, choice4, choice5, content, correct, create_date, filepath, modify_date, score, subject, teacher_id, time, view) values (?, ?, ?, ?, ?, ?, ?, ?, ?, ?, ?, ?, ?, ?, ?, ?)
make question 5750
Hibernate: insert into question (answer, choice1, choice2, choice3, choice4, choice5, content, correct, create_date, filepath, modify_date, score, subject, teacher_id, time, view) values (?, ?, ?, ?, ?, ?, ?, ?, ?, ?, ?, ?, ?, ?, ?, ?)
make question 5751
Hibernate: insert into question (answer, choice1, choice2, choice3, choice4, choice5, content, correct, create_date, filepath, modify_date, score, subject, teacher_id, time, view) values (?, ?, ?, ?, ?, ?, ?, ?, ?, ?, ?, ?, ?, ?, ?, ?)
make question 5752
Hibernate: insert into question (answer, choice1, choice2, choice3, choice4, choice5, content, correct, create_date, filepath, modify_date, score, subject, teacher_id, time, view) values (?, ?, ?, ?, ?, ?, ?, ?, ?, ?, ?, ?, ?, ?, ?, ?)
make question 5753
Hibernate: insert into question (answer, choice1, choice2, choice3, choice4, choice5, content, correct, create_date, filepath, modify_date, score, subject, teacher_id, time, view) values (?, ?, ?, ?, ?, ?, ?, ?, ?, ?, ?, ?, ?, ?, ?, ?)
make question 5754
Hibernate: insert into question (answer, choice1, choice2, choice3, choice4, choice5, content, correct, create_date, filepath, modify_date, score, subject, teacher_id, time, view) values (?, ?, ?, ?, ?, ?, ?, ?, ?, ?, ?, ?, ?, ?, ?, ?)
make question 5755
Hibernate: insert into question (answer, choice1, choice2, choice3, choice4, choice5, content, correct, create_date, filepath, modify_date, score, subject, teacher_id, time, view) values (?, ?, ?, ?, ?, ?, ?, ?, ?, ?, ?, ?, ?, ?, ?, ?)
make question 5756
Hibernate: insert into question (answer, choice1, choice2, choice3, choice4, choice5, content, correct, create_date, filepath, modify_date, score, subject, teacher_id, time, view) values (?, ?, ?, ?, ?, ?, ?, ?, ?, ?, ?, ?, ?, ?, ?, ?)
make question 5757
Hibernate: insert into question (answer, choice1, choice2, choice3, choice4, choice5, content, correct, create_date, filepath, modify_date, score, subject, teacher_id, time, view) values (?, ?, ?, ?, ?, ?, ?, ?, ?, ?, ?, ?, ?, ?, ?, ?)
make question 5758
Hibernate: insert into question (answer, choice1, choice2, choice3, choice4, choice5, content, correct, create_date, filepath, modify_date, score, subject, teacher_id, time, view) values (?, ?, ?, ?, ?, ?, ?, ?, ?, ?, ?, ?, ?, ?, ?, ?)
make question 5759
Hibernate: insert into question (answer, choice1, choice2, choice3, choice4, choice5, content, correct, create_date, filepath, modify_date, score, subject, teacher_id, time, view) values (?, ?, ?, ?, ?, ?, ?, ?, ?, ?, ?, ?, ?, ?, ?, ?)
make question 5760
Hibernate: insert into question (answer, choice1, choice2, choice3, choice4, choice5, content, correct, create_date, filepath, modify_date, score, subject, teacher_id, time, view) values (?, ?, ?, ?, ?, ?, ?, ?, ?, ?, ?, ?, ?, ?, ?, ?)
make question 5761
Hibernate: insert into question (answer, choice1, choice2, choice3, choice4, choice5, content, correct, create_date, filepath, modify_date, score, subject, teacher_id, time, view) values (?, ?, ?, ?, ?, ?, ?, ?, ?, ?, ?, ?, ?, ?, ?, ?)
make question 5762
Hibernate: insert into question (answer, choice1, choice2, choice3, choice4, choice5, content, correct, create_date, filepath, modify_date, score, subject, teacher_id, time, view) values (?, ?, ?, ?, ?, ?, ?, ?, ?, ?, ?, ?, ?, ?, ?, ?)
make question 5763
Hibernate: insert into question (answer, choice1, choice2, choice3, choice4, choice5, content, correct, create_date, filepath, modify_date, score, subject, teacher_id, time, view) values (?, ?, ?, ?, ?, ?, ?, ?, ?, ?, ?, ?, ?, ?, ?, ?)
make question 5764
Hibernate: insert into question (answer, choice1, choice2, choice3, choice4, choice5, content, correct, create_date, filepath, modify_date, score, subject, teacher_id, time, view) values (?, ?, ?, ?, ?, ?, ?, ?, ?, ?, ?, ?, ?, ?, ?, ?)
make question 5765
Hibernate: insert into question (answer, choice1, choice2, choice3, choice4, choice5, content, correct, create_date, filepath, modify_date, score, subject, teacher_id, time, view) values (?, ?, ?, ?, ?, ?, ?, ?, ?, ?, ?, ?, ?, ?, ?, ?)
make question 5766
Hibernate: insert into question (answer, choice1, choice2, choice3, choice4, choice5, content, correct, create_date, filepath, modify_date, score, subject, teacher_id, time, view) values (?, ?, ?, ?, ?, ?, ?, ?, ?, ?, ?, ?, ?, ?, ?, ?)
make question 5767
Hibernate: insert into question (answer, choice1, choice2, choice3, choice4, choice5, content, correct, create_date, filepath, modify_date, score, subject, teacher_id, time, view) values (?, ?, ?, ?, ?, ?, ?, ?, ?, ?, ?, ?, ?, ?, ?, ?)
make question 5768
Hibernate: insert into question (answer, choice1, choice2, choice3, choice4, choice5, content, correct, create_date, filepath, modify_date, score, subject, teacher_id, time, view) values (?, ?, ?, ?, ?, ?, ?, ?, ?, ?, ?, ?, ?, ?, ?, ?)
make question 5769
Hibernate: insert into question (answer, choice1, choice2, choice3, choice4, choice5, content, correct, create_date, filepath, modify_date, score, subject, teacher_id, time, view) values (?, ?, ?, ?, ?, ?, ?, ?, ?, ?, ?, ?, ?, ?, ?, ?)
make question 5770
Hibernate: insert into question (answer, choice1, choice2, choice3, choice4, choice5, content, correct, create_date, filepath, modify_date, score, subject, teacher_id, time, view) values (?, ?, ?, ?, ?, ?, ?, ?, ?, ?, ?, ?, ?, ?, ?, ?)
make question 5771
Hibernate: insert into question (answer, choice1, choice2, choice3, choice4, choice5, content, correct, create_date, filepath, modify_date, score, subject, teacher_id, time, view) values (?, ?, ?, ?, ?, ?, ?, ?, ?, ?, ?, ?, ?, ?, ?, ?)
make question 5772
Hibernate: insert into question (answer, choice1, choice2, choice3, choice4, choice5, content, correct, create_date, filepath, modify_date, score, subject, teacher_id, time, view) values (?, ?, ?, ?, ?, ?, ?, ?, ?, ?, ?, ?, ?, ?, ?, ?)
make question 5773
Hibernate: insert into question (answer, choice1, choice2, choice3, choice4, choice5, content, correct, create_date, filepath, modify_date, score, subject, teacher_id, time, view) values (?, ?, ?, ?, ?, ?, ?, ?, ?, ?, ?, ?, ?, ?, ?, ?)
make question 5774
Hibernate: insert into question (answer, choice1, choice2, choice3, choice4, choice5, content, correct, create_date, filepath, modify_date, score, subject, teacher_id, time, view) values (?, ?, ?, ?, ?, ?, ?, ?, ?, ?, ?, ?, ?, ?, ?, ?)
make question 5775
Hibernate: insert into question (answer, choice1, choice2, choice3, choice4, choice5, content, correct, create_date, filepath, modify_date, score, subject, teacher_id, time, view) values (?, ?, ?, ?, ?, ?, ?, ?, ?, ?, ?, ?, ?, ?, ?, ?)
make question 5776
Hibernate: insert into question (answer, choice1, choice2, choice3, choice4, choice5, content, correct, create_date, filepath, modify_date, score, subject, teacher_id, time, view) values (?, ?, ?, ?, ?, ?, ?, ?, ?, ?, ?, ?, ?, ?, ?, ?)
make question 5777
Hibernate: insert into question (answer, choice1, choice2, choice3, choice4, choice5, content, correct, create_date, filepath, modify_date, score, subject, teacher_id, time, view) values (?, ?, ?, ?, ?, ?, ?, ?, ?, ?, ?, ?, ?, ?, ?, ?)
make question 5778
Hibernate: insert into question (answer, choice1, choice2, choice3, choice4, choice5, content, correct, create_date, filepath, modify_date, score, subject, teacher_id, time, view) values (?, ?, ?, ?, ?, ?, ?, ?, ?, ?, ?, ?, ?, ?, ?, ?)
make question 5779
Hibernate: insert into question (answer, choice1, choice2, choice3, choice4, choice5, content, correct, create_date, filepath, modify_date, score, subject, teacher_id, time, view) values (?, ?, ?, ?, ?, ?, ?, ?, ?, ?, ?, ?, ?, ?, ?, ?)
make question 5780
Hibernate: insert into question (answer, choice1, choice2, choice3, choice4, choice5, content, correct, create_date, filepath, modify_date, score, subject, teacher_id, time, view) values (?, ?, ?, ?, ?, ?, ?, ?, ?, ?, ?, ?, ?, ?, ?, ?)
make question 5781
Hibernate: insert into question (answer, choice1, choice2, choice3, choice4, choice5, content, correct, create_date, filepath, modify_date, score, subject, teacher_id, time, view) values (?, ?, ?, ?, ?, ?, ?, ?, ?, ?, ?, ?, ?, ?, ?, ?)
make question 5782
Hibernate: insert into question (answer, choice1, choice2, choice3, choice4, choice5, content, correct, create_date, filepath, modify_date, score, subject, teacher_id, time, view) values (?, ?, ?, ?, ?, ?, ?, ?, ?, ?, ?, ?, ?, ?, ?, ?)
make question 5783
Hibernate: insert into question (answer, choice1, choice2, choice3, choice4, choice5, content, correct, create_date, filepath, modify_date, score, subject, teacher_id, time, view) values (?, ?, ?, ?, ?, ?, ?, ?, ?, ?, ?, ?, ?, ?, ?, ?)
make question 5784
Hibernate: insert into question (answer, choice1, choice2, choice3, choice4, choice5, content, correct, create_date, filepath, modify_date, score, subject, teacher_id, time, view) values (?, ?, ?, ?, ?, ?, ?, ?, ?, ?, ?, ?, ?, ?, ?, ?)
make question 5785
Hibernate: insert into question (answer, choice1, choice2, choice3, choice4, choice5, content, correct, create_date, filepath, modify_date, score, subject, teacher_id, time, view) values (?, ?, ?, ?, ?, ?, ?, ?, ?, ?, ?, ?, ?, ?, ?, ?)
make question 5786
Hibernate: insert into question (answer, choice1, choice2, choice3, choice4, choice5, content, correct, create_date, filepath, modify_date, score, subject, teacher_id, time, view) values (?, ?, ?, ?, ?, ?, ?, ?, ?, ?, ?, ?, ?, ?, ?, ?)
make question 5787
Hibernate: insert into question (answer, choice1, choice2, choice3, choice4, choice5, content, correct, create_date, filepath, modify_date, score, subject, teacher_id, time, view) values (?, ?, ?, ?, ?, ?, ?, ?, ?, ?, ?, ?, ?, ?, ?, ?)
make question 5788
Hibernate: insert into question (answer, choice1, choice2, choice3, choice4, choice5, content, correct, create_date, filepath, modify_date, score, subject, teacher_id, time, view) values (?, ?, ?, ?, ?, ?, ?, ?, ?, ?, ?, ?, ?, ?, ?, ?)
make question 5789
Hibernate: insert into question (answer, choice1, choice2, choice3, choice4, choice5, content, correct, create_date, filepath, modify_date, score, subject, teacher_id, time, view) values (?, ?, ?, ?, ?, ?, ?, ?, ?, ?, ?, ?, ?, ?, ?, ?)
make question 5790
Hibernate: insert into question (answer, choice1, choice2, choice3, choice4, choice5, content, correct, create_date, filepath, modify_date, score, subject, teacher_id, time, view) values (?, ?, ?, ?, ?, ?, ?, ?, ?, ?, ?, ?, ?, ?, ?, ?)
make question 5791
Hibernate: insert into question (answer, choice1, choice2, choice3, choice4, choice5, content, correct, create_date, filepath, modify_date, score, subject, teacher_id, time, view) values (?, ?, ?, ?, ?, ?, ?, ?, ?, ?, ?, ?, ?, ?, ?, ?)
make question 5792
Hibernate: insert into question (answer, choice1, choice2, choice3, choice4, choice5, content, correct, create_date, filepath, modify_date, score, subject, teacher_id, time, view) values (?, ?, ?, ?, ?, ?, ?, ?, ?, ?, ?, ?, ?, ?, ?, ?)
make question 5793
Hibernate: insert into question (answer, choice1, choice2, choice3, choice4, choice5, content, correct, create_date, filepath, modify_date, score, subject, teacher_id, time, view) values (?, ?, ?, ?, ?, ?, ?, ?, ?, ?, ?, ?, ?, ?, ?, ?)
make question 5794
Hibernate: insert into question (answer, choice1, choice2, choice3, choice4, choice5, content, correct, create_date, filepath, modify_date, score, subject, teacher_id, time, view) values (?, ?, ?, ?, ?, ?, ?, ?, ?, ?, ?, ?, ?, ?, ?, ?)
make question 5795
Hibernate: insert into question (answer, choice1, choice2, choice3, choice4, choice5, content, correct, create_date, filepath, modify_date, score, subject, teacher_id, time, view) values (?, ?, ?, ?, ?, ?, ?, ?, ?, ?, ?, ?, ?, ?, ?, ?)
make question 5796
Hibernate: insert into question (answer, choice1, choice2, choice3, choice4, choice5, content, correct, create_date, filepath, modify_date, score, subject, teacher_id, time, view) values (?, ?, ?, ?, ?, ?, ?, ?, ?, ?, ?, ?, ?, ?, ?, ?)
make question 5797
Hibernate: insert into question (answer, choice1, choice2, choice3, choice4, choice5, content, correct, create_date, filepath, modify_date, score, subject, teacher_id, time, view) values (?, ?, ?, ?, ?, ?, ?, ?, ?, ?, ?, ?, ?, ?, ?, ?)
make question 5798
Hibernate: insert into question (answer, choice1, choice2, choice3, choice4, choice5, content, correct, create_date, filepath, modify_date, score, subject, teacher_id, time, view) values (?, ?, ?, ?, ?, ?, ?, ?, ?, ?, ?, ?, ?, ?, ?, ?)
make question 5799
Hibernate: insert into question (answer, choice1, choice2, choice3, choice4, choice5, content, correct, create_date, filepath, modify_date, score, subject, teacher_id, time, view) values (?, ?, ?, ?, ?, ?, ?, ?, ?, ?, ?, ?, ?, ?, ?, ?)
make question 5800
Hibernate: insert into question (answer, choice1, choice2, choice3, choice4, choice5, content, correct, create_date, filepath, modify_date, score, subject, teacher_id, time, view) values (?, ?, ?, ?, ?, ?, ?, ?, ?, ?, ?, ?, ?, ?, ?, ?)
make question 5801
Hibernate: insert into question (answer, choice1, choice2, choice3, choice4, choice5, content, correct, create_date, filepath, modify_date, score, subject, teacher_id, time, view) values (?, ?, ?, ?, ?, ?, ?, ?, ?, ?, ?, ?, ?, ?, ?, ?)
make question 5802
Hibernate: insert into question (answer, choice1, choice2, choice3, choice4, choice5, content, correct, create_date, filepath, modify_date, score, subject, teacher_id, time, view) values (?, ?, ?, ?, ?, ?, ?, ?, ?, ?, ?, ?, ?, ?, ?, ?)
make question 5803
Hibernate: insert into question (answer, choice1, choice2, choice3, choice4, choice5, content, correct, create_date, filepath, modify_date, score, subject, teacher_id, time, view) values (?, ?, ?, ?, ?, ?, ?, ?, ?, ?, ?, ?, ?, ?, ?, ?)
make question 5804
Hibernate: insert into question (answer, choice1, choice2, choice3, choice4, choice5, content, correct, create_date, filepath, modify_date, score, subject, teacher_id, time, view) values (?, ?, ?, ?, ?, ?, ?, ?, ?, ?, ?, ?, ?, ?, ?, ?)
make question 5805
Hibernate: insert into question (answer, choice1, choice2, choice3, choice4, choice5, content, correct, create_date, filepath, modify_date, score, subject, teacher_id, time, view) values (?, ?, ?, ?, ?, ?, ?, ?, ?, ?, ?, ?, ?, ?, ?, ?)
make question 5806
Hibernate: insert into question (answer, choice1, choice2, choice3, choice4, choice5, content, correct, create_date, filepath, modify_date, score, subject, teacher_id, time, view) values (?, ?, ?, ?, ?, ?, ?, ?, ?, ?, ?, ?, ?, ?, ?, ?)
make question 5807
Hibernate: insert into question (answer, choice1, choice2, choice3, choice4, choice5, content, correct, create_date, filepath, modify_date, score, subject, teacher_id, time, view) values (?, ?, ?, ?, ?, ?, ?, ?, ?, ?, ?, ?, ?, ?, ?, ?)
make question 5808
Hibernate: insert into question (answer, choice1, choice2, choice3, choice4, choice5, content, correct, create_date, filepath, modify_date, score, subject, teacher_id, time, view) values (?, ?, ?, ?, ?, ?, ?, ?, ?, ?, ?, ?, ?, ?, ?, ?)
make question 5809
Hibernate: insert into question (answer, choice1, choice2, choice3, choice4, choice5, content, correct, create_date, filepath, modify_date, score, subject, teacher_id, time, view) values (?, ?, ?, ?, ?, ?, ?, ?, ?, ?, ?, ?, ?, ?, ?, ?)
make question 5810
Hibernate: insert into question (answer, choice1, choice2, choice3, choice4, choice5, content, correct, create_date, filepath, modify_date, score, subject, teacher_id, time, view) values (?, ?, ?, ?, ?, ?, ?, ?, ?, ?, ?, ?, ?, ?, ?, ?)
make question 5811
Hibernate: insert into question (answer, choice1, choice2, choice3, choice4, choice5, content, correct, create_date, filepath, modify_date, score, subject, teacher_id, time, view) values (?, ?, ?, ?, ?, ?, ?, ?, ?, ?, ?, ?, ?, ?, ?, ?)
make question 5812
Hibernate: insert into question (answer, choice1, choice2, choice3, choice4, choice5, content, correct, create_date, filepath, modify_date, score, subject, teacher_id, time, view) values (?, ?, ?, ?, ?, ?, ?, ?, ?, ?, ?, ?, ?, ?, ?, ?)
make question 5813
Hibernate: insert into question (answer, choice1, choice2, choice3, choice4, choice5, content, correct, create_date, filepath, modify_date, score, subject, teacher_id, time, view) values (?, ?, ?, ?, ?, ?, ?, ?, ?, ?, ?, ?, ?, ?, ?, ?)
make question 5814
Hibernate: insert into question (answer, choice1, choice2, choice3, choice4, choice5, content, correct, create_date, filepath, modify_date, score, subject, teacher_id, time, view) values (?, ?, ?, ?, ?, ?, ?, ?, ?, ?, ?, ?, ?, ?, ?, ?)
make question 5815
Hibernate: insert into question (answer, choice1, choice2, choice3, choice4, choice5, content, correct, create_date, filepath, modify_date, score, subject, teacher_id, time, view) values (?, ?, ?, ?, ?, ?, ?, ?, ?, ?, ?, ?, ?, ?, ?, ?)
make question 5816
Hibernate: insert into question (answer, choice1, choice2, choice3, choice4, choice5, content, correct, create_date, filepath, modify_date, score, subject, teacher_id, time, view) values (?, ?, ?, ?, ?, ?, ?, ?, ?, ?, ?, ?, ?, ?, ?, ?)
make question 5817
Hibernate: insert into question (answer, choice1, choice2, choice3, choice4, choice5, content, correct, create_date, filepath, modify_date, score, subject, teacher_id, time, view) values (?, ?, ?, ?, ?, ?, ?, ?, ?, ?, ?, ?, ?, ?, ?, ?)
make question 5818
Hibernate: insert into question (answer, choice1, choice2, choice3, choice4, choice5, content, correct, create_date, filepath, modify_date, score, subject, teacher_id, time, view) values (?, ?, ?, ?, ?, ?, ?, ?, ?, ?, ?, ?, ?, ?, ?, ?)
make question 5819
Hibernate: insert into question (answer, choice1, choice2, choice3, choice4, choice5, content, correct, create_date, filepath, modify_date, score, subject, teacher_id, time, view) values (?, ?, ?, ?, ?, ?, ?, ?, ?, ?, ?, ?, ?, ?, ?, ?)
make question 5820
Hibernate: insert into question (answer, choice1, choice2, choice3, choice4, choice5, content, correct, create_date, filepath, modify_date, score, subject, teacher_id, time, view) values (?, ?, ?, ?, ?, ?, ?, ?, ?, ?, ?, ?, ?, ?, ?, ?)
make question 5821
Hibernate: insert into question (answer, choice1, choice2, choice3, choice4, choice5, content, correct, create_date, filepath, modify_date, score, subject, teacher_id, time, view) values (?, ?, ?, ?, ?, ?, ?, ?, ?, ?, ?, ?, ?, ?, ?, ?)
make question 5822
Hibernate: insert into question (answer, choice1, choice2, choice3, choice4, choice5, content, correct, create_date, filepath, modify_date, score, subject, teacher_id, time, view) values (?, ?, ?, ?, ?, ?, ?, ?, ?, ?, ?, ?, ?, ?, ?, ?)
make question 5823
Hibernate: insert into question (answer, choice1, choice2, choice3, choice4, choice5, content, correct, create_date, filepath, modify_date, score, subject, teacher_id, time, view) values (?, ?, ?, ?, ?, ?, ?, ?, ?, ?, ?, ?, ?, ?, ?, ?)
make question 5824
Hibernate: insert into question (answer, choice1, choice2, choice3, choice4, choice5, content, correct, create_date, filepath, modify_date, score, subject, teacher_id, time, view) values (?, ?, ?, ?, ?, ?, ?, ?, ?, ?, ?, ?, ?, ?, ?, ?)
make question 5825
Hibernate: insert into question (answer, choice1, choice2, choice3, choice4, choice5, content, correct, create_date, filepath, modify_date, score, subject, teacher_id, time, view) values (?, ?, ?, ?, ?, ?, ?, ?, ?, ?, ?, ?, ?, ?, ?, ?)
make question 5826
Hibernate: insert into question (answer, choice1, choice2, choice3, choice4, choice5, content, correct, create_date, filepath, modify_date, score, subject, teacher_id, time, view) values (?, ?, ?, ?, ?, ?, ?, ?, ?, ?, ?, ?, ?, ?, ?, ?)
make question 5827
Hibernate: insert into question (answer, choice1, choice2, choice3, choice4, choice5, content, correct, create_date, filepath, modify_date, score, subject, teacher_id, time, view) values (?, ?, ?, ?, ?, ?, ?, ?, ?, ?, ?, ?, ?, ?, ?, ?)
make question 5828
Hibernate: insert into question (answer, choice1, choice2, choice3, choice4, choice5, content, correct, create_date, filepath, modify_date, score, subject, teacher_id, time, view) values (?, ?, ?, ?, ?, ?, ?, ?, ?, ?, ?, ?, ?, ?, ?, ?)
make question 5829
Hibernate: insert into question (answer, choice1, choice2, choice3, choice4, choice5, content, correct, create_date, filepath, modify_date, score, subject, teacher_id, time, view) values (?, ?, ?, ?, ?, ?, ?, ?, ?, ?, ?, ?, ?, ?, ?, ?)
make question 5830
Hibernate: insert into question (answer, choice1, choice2, choice3, choice4, choice5, content, correct, create_date, filepath, modify_date, score, subject, teacher_id, time, view) values (?, ?, ?, ?, ?, ?, ?, ?, ?, ?, ?, ?, ?, ?, ?, ?)
make question 5831
Hibernate: insert into question (answer, choice1, choice2, choice3, choice4, choice5, content, correct, create_date, filepath, modify_date, score, subject, teacher_id, time, view) values (?, ?, ?, ?, ?, ?, ?, ?, ?, ?, ?, ?, ?, ?, ?, ?)
make question 5832
Hibernate: insert into question (answer, choice1, choice2, choice3, choice4, choice5, content, correct, create_date, filepath, modify_date, score, subject, teacher_id, time, view) values (?, ?, ?, ?, ?, ?, ?, ?, ?, ?, ?, ?, ?, ?, ?, ?)
make question 5833
Hibernate: insert into question (answer, choice1, choice2, choice3, choice4, choice5, content, correct, create_date, filepath, modify_date, score, subject, teacher_id, time, view) values (?, ?, ?, ?, ?, ?, ?, ?, ?, ?, ?, ?, ?, ?, ?, ?)
make question 5834
Hibernate: insert into question (answer, choice1, choice2, choice3, choice4, choice5, content, correct, create_date, filepath, modify_date, score, subject, teacher_id, time, view) values (?, ?, ?, ?, ?, ?, ?, ?, ?, ?, ?, ?, ?, ?, ?, ?)
make question 5835
Hibernate: insert into question (answer, choice1, choice2, choice3, choice4, choice5, content, correct, create_date, filepath, modify_date, score, subject, teacher_id, time, view) values (?, ?, ?, ?, ?, ?, ?, ?, ?, ?, ?, ?, ?, ?, ?, ?)
make question 5836
Hibernate: insert into question (answer, choice1, choice2, choice3, choice4, choice5, content, correct, create_date, filepath, modify_date, score, subject, teacher_id, time, view) values (?, ?, ?, ?, ?, ?, ?, ?, ?, ?, ?, ?, ?, ?, ?, ?)
make question 5837
Hibernate: insert into question (answer, choice1, choice2, choice3, choice4, choice5, content, correct, create_date, filepath, modify_date, score, subject, teacher_id, time, view) values (?, ?, ?, ?, ?, ?, ?, ?, ?, ?, ?, ?, ?, ?, ?, ?)
make question 5838
Hibernate: insert into question (answer, choice1, choice2, choice3, choice4, choice5, content, correct, create_date, filepath, modify_date, score, subject, teacher_id, time, view) values (?, ?, ?, ?, ?, ?, ?, ?, ?, ?, ?, ?, ?, ?, ?, ?)
make question 5839
Hibernate: insert into question (answer, choice1, choice2, choice3, choice4, choice5, content, correct, create_date, filepath, modify_date, score, subject, teacher_id, time, view) values (?, ?, ?, ?, ?, ?, ?, ?, ?, ?, ?, ?, ?, ?, ?, ?)
make question 5840
Hibernate: insert into question (answer, choice1, choice2, choice3, choice4, choice5, content, correct, create_date, filepath, modify_date, score, subject, teacher_id, time, view) values (?, ?, ?, ?, ?, ?, ?, ?, ?, ?, ?, ?, ?, ?, ?, ?)
make question 5841
Hibernate: insert into question (answer, choice1, choice2, choice3, choice4, choice5, content, correct, create_date, filepath, modify_date, score, subject, teacher_id, time, view) values (?, ?, ?, ?, ?, ?, ?, ?, ?, ?, ?, ?, ?, ?, ?, ?)
make question 5842
Hibernate: insert into question (answer, choice1, choice2, choice3, choice4, choice5, content, correct, create_date, filepath, modify_date, score, subject, teacher_id, time, view) values (?, ?, ?, ?, ?, ?, ?, ?, ?, ?, ?, ?, ?, ?, ?, ?)
make question 5843
Hibernate: insert into question (answer, choice1, choice2, choice3, choice4, choice5, content, correct, create_date, filepath, modify_date, score, subject, teacher_id, time, view) values (?, ?, ?, ?, ?, ?, ?, ?, ?, ?, ?, ?, ?, ?, ?, ?)
make question 5844
Hibernate: insert into question (answer, choice1, choice2, choice3, choice4, choice5, content, correct, create_date, filepath, modify_date, score, subject, teacher_id, time, view) values (?, ?, ?, ?, ?, ?, ?, ?, ?, ?, ?, ?, ?, ?, ?, ?)
make question 5845
Hibernate: insert into question (answer, choice1, choice2, choice3, choice4, choice5, content, correct, create_date, filepath, modify_date, score, subject, teacher_id, time, view) values (?, ?, ?, ?, ?, ?, ?, ?, ?, ?, ?, ?, ?, ?, ?, ?)
make question 5846
Hibernate: insert into question (answer, choice1, choice2, choice3, choice4, choice5, content, correct, create_date, filepath, modify_date, score, subject, teacher_id, time, view) values (?, ?, ?, ?, ?, ?, ?, ?, ?, ?, ?, ?, ?, ?, ?, ?)
make question 5847
Hibernate: insert into question (answer, choice1, choice2, choice3, choice4, choice5, content, correct, create_date, filepath, modify_date, score, subject, teacher_id, time, view) values (?, ?, ?, ?, ?, ?, ?, ?, ?, ?, ?, ?, ?, ?, ?, ?)
make question 5848
Hibernate: insert into question (answer, choice1, choice2, choice3, choice4, choice5, content, correct, create_date, filepath, modify_date, score, subject, teacher_id, time, view) values (?, ?, ?, ?, ?, ?, ?, ?, ?, ?, ?, ?, ?, ?, ?, ?)
make question 5849
Hibernate: insert into question (answer, choice1, choice2, choice3, choice4, choice5, content, correct, create_date, filepath, modify_date, score, subject, teacher_id, time, view) values (?, ?, ?, ?, ?, ?, ?, ?, ?, ?, ?, ?, ?, ?, ?, ?)
make question 5850
Hibernate: insert into question (answer, choice1, choice2, choice3, choice4, choice5, content, correct, create_date, filepath, modify_date, score, subject, teacher_id, time, view) values (?, ?, ?, ?, ?, ?, ?, ?, ?, ?, ?, ?, ?, ?, ?, ?)
make question 5851
Hibernate: insert into question (answer, choice1, choice2, choice3, choice4, choice5, content, correct, create_date, filepath, modify_date, score, subject, teacher_id, time, view) values (?, ?, ?, ?, ?, ?, ?, ?, ?, ?, ?, ?, ?, ?, ?, ?)
make question 5852
Hibernate: insert into question (answer, choice1, choice2, choice3, choice4, choice5, content, correct, create_date, filepath, modify_date, score, subject, teacher_id, time, view) values (?, ?, ?, ?, ?, ?, ?, ?, ?, ?, ?, ?, ?, ?, ?, ?)
make question 5853
Hibernate: insert into question (answer, choice1, choice2, choice3, choice4, choice5, content, correct, create_date, filepath, modify_date, score, subject, teacher_id, time, view) values (?, ?, ?, ?, ?, ?, ?, ?, ?, ?, ?, ?, ?, ?, ?, ?)
make question 5854
Hibernate: insert into question (answer, choice1, choice2, choice3, choice4, choice5, content, correct, create_date, filepath, modify_date, score, subject, teacher_id, time, view) values (?, ?, ?, ?, ?, ?, ?, ?, ?, ?, ?, ?, ?, ?, ?, ?)
make question 5855
Hibernate: insert into question (answer, choice1, choice2, choice3, choice4, choice5, content, correct, create_date, filepath, modify_date, score, subject, teacher_id, time, view) values (?, ?, ?, ?, ?, ?, ?, ?, ?, ?, ?, ?, ?, ?, ?, ?)
make question 5856
Hibernate: insert into question (answer, choice1, choice2, choice3, choice4, choice5, content, correct, create_date, filepath, modify_date, score, subject, teacher_id, time, view) values (?, ?, ?, ?, ?, ?, ?, ?, ?, ?, ?, ?, ?, ?, ?, ?)
make question 5857
Hibernate: insert into question (answer, choice1, choice2, choice3, choice4, choice5, content, correct, create_date, filepath, modify_date, score, subject, teacher_id, time, view) values (?, ?, ?, ?, ?, ?, ?, ?, ?, ?, ?, ?, ?, ?, ?, ?)
make question 5858
Hibernate: insert into question (answer, choice1, choice2, choice3, choice4, choice5, content, correct, create_date, filepath, modify_date, score, subject, teacher_id, time, view) values (?, ?, ?, ?, ?, ?, ?, ?, ?, ?, ?, ?, ?, ?, ?, ?)
make question 5859
Hibernate: insert into question (answer, choice1, choice2, choice3, choice4, choice5, content, correct, create_date, filepath, modify_date, score, subject, teacher_id, time, view) values (?, ?, ?, ?, ?, ?, ?, ?, ?, ?, ?, ?, ?, ?, ?, ?)
make question 5860
Hibernate: insert into question (answer, choice1, choice2, choice3, choice4, choice5, content, correct, create_date, filepath, modify_date, score, subject, teacher_id, time, view) values (?, ?, ?, ?, ?, ?, ?, ?, ?, ?, ?, ?, ?, ?, ?, ?)
make question 5861
Hibernate: insert into question (answer, choice1, choice2, choice3, choice4, choice5, content, correct, create_date, filepath, modify_date, score, subject, teacher_id, time, view) values (?, ?, ?, ?, ?, ?, ?, ?, ?, ?, ?, ?, ?, ?, ?, ?)
make question 5862
Hibernate: insert into question (answer, choice1, choice2, choice3, choice4, choice5, content, correct, create_date, filepath, modify_date, score, subject, teacher_id, time, view) values (?, ?, ?, ?, ?, ?, ?, ?, ?, ?, ?, ?, ?, ?, ?, ?)
make question 5863
Hibernate: insert into question (answer, choice1, choice2, choice3, choice4, choice5, content, correct, create_date, filepath, modify_date, score, subject, teacher_id, time, view) values (?, ?, ?, ?, ?, ?, ?, ?, ?, ?, ?, ?, ?, ?, ?, ?)
make question 5864
Hibernate: insert into question (answer, choice1, choice2, choice3, choice4, choice5, content, correct, create_date, filepath, modify_date, score, subject, teacher_id, time, view) values (?, ?, ?, ?, ?, ?, ?, ?, ?, ?, ?, ?, ?, ?, ?, ?)
make question 5865
Hibernate: insert into question (answer, choice1, choice2, choice3, choice4, choice5, content, correct, create_date, filepath, modify_date, score, subject, teacher_id, time, view) values (?, ?, ?, ?, ?, ?, ?, ?, ?, ?, ?, ?, ?, ?, ?, ?)
make question 5866
Hibernate: insert into question (answer, choice1, choice2, choice3, choice4, choice5, content, correct, create_date, filepath, modify_date, score, subject, teacher_id, time, view) values (?, ?, ?, ?, ?, ?, ?, ?, ?, ?, ?, ?, ?, ?, ?, ?)
make question 5867
Hibernate: insert into question (answer, choice1, choice2, choice3, choice4, choice5, content, correct, create_date, filepath, modify_date, score, subject, teacher_id, time, view) values (?, ?, ?, ?, ?, ?, ?, ?, ?, ?, ?, ?, ?, ?, ?, ?)
make question 5868
Hibernate: insert into question (answer, choice1, choice2, choice3, choice4, choice5, content, correct, create_date, filepath, modify_date, score, subject, teacher_id, time, view) values (?, ?, ?, ?, ?, ?, ?, ?, ?, ?, ?, ?, ?, ?, ?, ?)
make question 5869
Hibernate: insert into question (answer, choice1, choice2, choice3, choice4, choice5, content, correct, create_date, filepath, modify_date, score, subject, teacher_id, time, view) values (?, ?, ?, ?, ?, ?, ?, ?, ?, ?, ?, ?, ?, ?, ?, ?)
make question 5870
Hibernate: insert into question (answer, choice1, choice2, choice3, choice4, choice5, content, correct, create_date, filepath, modify_date, score, subject, teacher_id, time, view) values (?, ?, ?, ?, ?, ?, ?, ?, ?, ?, ?, ?, ?, ?, ?, ?)
make question 5871
Hibernate: insert into question (answer, choice1, choice2, choice3, choice4, choice5, content, correct, create_date, filepath, modify_date, score, subject, teacher_id, time, view) values (?, ?, ?, ?, ?, ?, ?, ?, ?, ?, ?, ?, ?, ?, ?, ?)
make question 5872
Hibernate: insert into question (answer, choice1, choice2, choice3, choice4, choice5, content, correct, create_date, filepath, modify_date, score, subject, teacher_id, time, view) values (?, ?, ?, ?, ?, ?, ?, ?, ?, ?, ?, ?, ?, ?, ?, ?)
make question 5873
Hibernate: insert into question (answer, choice1, choice2, choice3, choice4, choice5, content, correct, create_date, filepath, modify_date, score, subject, teacher_id, time, view) values (?, ?, ?, ?, ?, ?, ?, ?, ?, ?, ?, ?, ?, ?, ?, ?)
make question 5874
Hibernate: insert into question (answer, choice1, choice2, choice3, choice4, choice5, content, correct, create_date, filepath, modify_date, score, subject, teacher_id, time, view) values (?, ?, ?, ?, ?, ?, ?, ?, ?, ?, ?, ?, ?, ?, ?, ?)
make question 5875
Hibernate: insert into question (answer, choice1, choice2, choice3, choice4, choice5, content, correct, create_date, filepath, modify_date, score, subject, teacher_id, time, view) values (?, ?, ?, ?, ?, ?, ?, ?, ?, ?, ?, ?, ?, ?, ?, ?)
make question 5876
Hibernate: insert into question (answer, choice1, choice2, choice3, choice4, choice5, content, correct, create_date, filepath, modify_date, score, subject, teacher_id, time, view) values (?, ?, ?, ?, ?, ?, ?, ?, ?, ?, ?, ?, ?, ?, ?, ?)
make question 5877
Hibernate: insert into question (answer, choice1, choice2, choice3, choice4, choice5, content, correct, create_date, filepath, modify_date, score, subject, teacher_id, time, view) values (?, ?, ?, ?, ?, ?, ?, ?, ?, ?, ?, ?, ?, ?, ?, ?)
make question 5878
Hibernate: insert into question (answer, choice1, choice2, choice3, choice4, choice5, content, correct, create_date, filepath, modify_date, score, subject, teacher_id, time, view) values (?, ?, ?, ?, ?, ?, ?, ?, ?, ?, ?, ?, ?, ?, ?, ?)
make question 5879
Hibernate: insert into question (answer, choice1, choice2, choice3, choice4, choice5, content, correct, create_date, filepath, modify_date, score, subject, teacher_id, time, view) values (?, ?, ?, ?, ?, ?, ?, ?, ?, ?, ?, ?, ?, ?, ?, ?)
make question 5880
Hibernate: insert into question (answer, choice1, choice2, choice3, choice4, choice5, content, correct, create_date, filepath, modify_date, score, subject, teacher_id, time, view) values (?, ?, ?, ?, ?, ?, ?, ?, ?, ?, ?, ?, ?, ?, ?, ?)
make question 5881
Hibernate: insert into question (answer, choice1, choice2, choice3, choice4, choice5, content, correct, create_date, filepath, modify_date, score, subject, teacher_id, time, view) values (?, ?, ?, ?, ?, ?, ?, ?, ?, ?, ?, ?, ?, ?, ?, ?)
make question 5882
Hibernate: insert into question (answer, choice1, choice2, choice3, choice4, choice5, content, correct, create_date, filepath, modify_date, score, subject, teacher_id, time, view) values (?, ?, ?, ?, ?, ?, ?, ?, ?, ?, ?, ?, ?, ?, ?, ?)
make question 5883
Hibernate: insert into question (answer, choice1, choice2, choice3, choice4, choice5, content, correct, create_date, filepath, modify_date, score, subject, teacher_id, time, view) values (?, ?, ?, ?, ?, ?, ?, ?, ?, ?, ?, ?, ?, ?, ?, ?)
make question 5884
Hibernate: insert into question (answer, choice1, choice2, choice3, choice4, choice5, content, correct, create_date, filepath, modify_date, score, subject, teacher_id, time, view) values (?, ?, ?, ?, ?, ?, ?, ?, ?, ?, ?, ?, ?, ?, ?, ?)
make question 5885
Hibernate: insert into question (answer, choice1, choice2, choice3, choice4, choice5, content, correct, create_date, filepath, modify_date, score, subject, teacher_id, time, view) values (?, ?, ?, ?, ?, ?, ?, ?, ?, ?, ?, ?, ?, ?, ?, ?)
make question 5886
Hibernate: insert into question (answer, choice1, choice2, choice3, choice4, choice5, content, correct, create_date, filepath, modify_date, score, subject, teacher_id, time, view) values (?, ?, ?, ?, ?, ?, ?, ?, ?, ?, ?, ?, ?, ?, ?, ?)
make question 5887
Hibernate: insert into question (answer, choice1, choice2, choice3, choice4, choice5, content, correct, create_date, filepath, modify_date, score, subject, teacher_id, time, view) values (?, ?, ?, ?, ?, ?, ?, ?, ?, ?, ?, ?, ?, ?, ?, ?)
make question 5888
Hibernate: insert into question (answer, choice1, choice2, choice3, choice4, choice5, content, correct, create_date, filepath, modify_date, score, subject, teacher_id, time, view) values (?, ?, ?, ?, ?, ?, ?, ?, ?, ?, ?, ?, ?, ?, ?, ?)
make question 5889
Hibernate: insert into question (answer, choice1, choice2, choice3, choice4, choice5, content, correct, create_date, filepath, modify_date, score, subject, teacher_id, time, view) values (?, ?, ?, ?, ?, ?, ?, ?, ?, ?, ?, ?, ?, ?, ?, ?)
make question 5890
Hibernate: insert into question (answer, choice1, choice2, choice3, choice4, choice5, content, correct, create_date, filepath, modify_date, score, subject, teacher_id, time, view) values (?, ?, ?, ?, ?, ?, ?, ?, ?, ?, ?, ?, ?, ?, ?, ?)
make question 5891
Hibernate: insert into question (answer, choice1, choice2, choice3, choice4, choice5, content, correct, create_date, filepath, modify_date, score, subject, teacher_id, time, view) values (?, ?, ?, ?, ?, ?, ?, ?, ?, ?, ?, ?, ?, ?, ?, ?)
make question 5892
Hibernate: insert into question (answer, choice1, choice2, choice3, choice4, choice5, content, correct, create_date, filepath, modify_date, score, subject, teacher_id, time, view) values (?, ?, ?, ?, ?, ?, ?, ?, ?, ?, ?, ?, ?, ?, ?, ?)
make question 5893
Hibernate: insert into question (answer, choice1, choice2, choice3, choice4, choice5, content, correct, create_date, filepath, modify_date, score, subject, teacher_id, time, view) values (?, ?, ?, ?, ?, ?, ?, ?, ?, ?, ?, ?, ?, ?, ?, ?)
make question 5894
Hibernate: insert into question (answer, choice1, choice2, choice3, choice4, choice5, content, correct, create_date, filepath, modify_date, score, subject, teacher_id, time, view) values (?, ?, ?, ?, ?, ?, ?, ?, ?, ?, ?, ?, ?, ?, ?, ?)
make question 5895
Hibernate: insert into question (answer, choice1, choice2, choice3, choice4, choice5, content, correct, create_date, filepath, modify_date, score, subject, teacher_id, time, view) values (?, ?, ?, ?, ?, ?, ?, ?, ?, ?, ?, ?, ?, ?, ?, ?)
make question 5896
Hibernate: insert into question (answer, choice1, choice2, choice3, choice4, choice5, content, correct, create_date, filepath, modify_date, score, subject, teacher_id, time, view) values (?, ?, ?, ?, ?, ?, ?, ?, ?, ?, ?, ?, ?, ?, ?, ?)
make question 5897
Hibernate: insert into question (answer, choice1, choice2, choice3, choice4, choice5, content, correct, create_date, filepath, modify_date, score, subject, teacher_id, time, view) values (?, ?, ?, ?, ?, ?, ?, ?, ?, ?, ?, ?, ?, ?, ?, ?)
make question 5898
Hibernate: insert into question (answer, choice1, choice2, choice3, choice4, choice5, content, correct, create_date, filepath, modify_date, score, subject, teacher_id, time, view) values (?, ?, ?, ?, ?, ?, ?, ?, ?, ?, ?, ?, ?, ?, ?, ?)
make question 5899
Hibernate: insert into question (answer, choice1, choice2, choice3, choice4, choice5, content, correct, create_date, filepath, modify_date, score, subject, teacher_id, time, view) values (?, ?, ?, ?, ?, ?, ?, ?, ?, ?, ?, ?, ?, ?, ?, ?)
make question 5900
Hibernate: insert into question (answer, choice1, choice2, choice3, choice4, choice5, content, correct, create_date, filepath, modify_date, score, subject, teacher_id, time, view) values (?, ?, ?, ?, ?, ?, ?, ?, ?, ?, ?, ?, ?, ?, ?, ?)
make question 5901
Hibernate: insert into question (answer, choice1, choice2, choice3, choice4, choice5, content, correct, create_date, filepath, modify_date, score, subject, teacher_id, time, view) values (?, ?, ?, ?, ?, ?, ?, ?, ?, ?, ?, ?, ?, ?, ?, ?)
make question 5902
Hibernate: insert into question (answer, choice1, choice2, choice3, choice4, choice5, content, correct, create_date, filepath, modify_date, score, subject, teacher_id, time, view) values (?, ?, ?, ?, ?, ?, ?, ?, ?, ?, ?, ?, ?, ?, ?, ?)
make question 5903
Hibernate: insert into question (answer, choice1, choice2, choice3, choice4, choice5, content, correct, create_date, filepath, modify_date, score, subject, teacher_id, time, view) values (?, ?, ?, ?, ?, ?, ?, ?, ?, ?, ?, ?, ?, ?, ?, ?)
make question 5904
Hibernate: insert into question (answer, choice1, choice2, choice3, choice4, choice5, content, correct, create_date, filepath, modify_date, score, subject, teacher_id, time, view) values (?, ?, ?, ?, ?, ?, ?, ?, ?, ?, ?, ?, ?, ?, ?, ?)
make question 5905
Hibernate: insert into question (answer, choice1, choice2, choice3, choice4, choice5, content, correct, create_date, filepath, modify_date, score, subject, teacher_id, time, view) values (?, ?, ?, ?, ?, ?, ?, ?, ?, ?, ?, ?, ?, ?, ?, ?)
make question 5906
Hibernate: insert into question (answer, choice1, choice2, choice3, choice4, choice5, content, correct, create_date, filepath, modify_date, score, subject, teacher_id, time, view) values (?, ?, ?, ?, ?, ?, ?, ?, ?, ?, ?, ?, ?, ?, ?, ?)
make question 5907
Hibernate: insert into question (answer, choice1, choice2, choice3, choice4, choice5, content, correct, create_date, filepath, modify_date, score, subject, teacher_id, time, view) values (?, ?, ?, ?, ?, ?, ?, ?, ?, ?, ?, ?, ?, ?, ?, ?)
make question 5908
Hibernate: insert into question (answer, choice1, choice2, choice3, choice4, choice5, content, correct, create_date, filepath, modify_date, score, subject, teacher_id, time, view) values (?, ?, ?, ?, ?, ?, ?, ?, ?, ?, ?, ?, ?, ?, ?, ?)
make question 5909
Hibernate: insert into question (answer, choice1, choice2, choice3, choice4, choice5, content, correct, create_date, filepath, modify_date, score, subject, teacher_id, time, view) values (?, ?, ?, ?, ?, ?, ?, ?, ?, ?, ?, ?, ?, ?, ?, ?)
make question 5910
Hibernate: insert into question (answer, choice1, choice2, choice3, choice4, choice5, content, correct, create_date, filepath, modify_date, score, subject, teacher_id, time, view) values (?, ?, ?, ?, ?, ?, ?, ?, ?, ?, ?, ?, ?, ?, ?, ?)
make question 5911
Hibernate: insert into question (answer, choice1, choice2, choice3, choice4, choice5, content, correct, create_date, filepath, modify_date, score, subject, teacher_id, time, view) values (?, ?, ?, ?, ?, ?, ?, ?, ?, ?, ?, ?, ?, ?, ?, ?)
make question 5912
Hibernate: insert into question (answer, choice1, choice2, choice3, choice4, choice5, content, correct, create_date, filepath, modify_date, score, subject, teacher_id, time, view) values (?, ?, ?, ?, ?, ?, ?, ?, ?, ?, ?, ?, ?, ?, ?, ?)
make question 5913
Hibernate: insert into question (answer, choice1, choice2, choice3, choice4, choice5, content, correct, create_date, filepath, modify_date, score, subject, teacher_id, time, view) values (?, ?, ?, ?, ?, ?, ?, ?, ?, ?, ?, ?, ?, ?, ?, ?)
make question 5914
Hibernate: insert into question (answer, choice1, choice2, choice3, choice4, choice5, content, correct, create_date, filepath, modify_date, score, subject, teacher_id, time, view) values (?, ?, ?, ?, ?, ?, ?, ?, ?, ?, ?, ?, ?, ?, ?, ?)
make question 5915
Hibernate: insert into question (answer, choice1, choice2, choice3, choice4, choice5, content, correct, create_date, filepath, modify_date, score, subject, teacher_id, time, view) values (?, ?, ?, ?, ?, ?, ?, ?, ?, ?, ?, ?, ?, ?, ?, ?)
make question 5916
Hibernate: insert into question (answer, choice1, choice2, choice3, choice4, choice5, content, correct, create_date, filepath, modify_date, score, subject, teacher_id, time, view) values (?, ?, ?, ?, ?, ?, ?, ?, ?, ?, ?, ?, ?, ?, ?, ?)
make question 5917
Hibernate: insert into question (answer, choice1, choice2, choice3, choice4, choice5, content, correct, create_date, filepath, modify_date, score, subject, teacher_id, time, view) values (?, ?, ?, ?, ?, ?, ?, ?, ?, ?, ?, ?, ?, ?, ?, ?)
make question 5918
Hibernate: insert into question (answer, choice1, choice2, choice3, choice4, choice5, content, correct, create_date, filepath, modify_date, score, subject, teacher_id, time, view) values (?, ?, ?, ?, ?, ?, ?, ?, ?, ?, ?, ?, ?, ?, ?, ?)
make question 5919
Hibernate: insert into question (answer, choice1, choice2, choice3, choice4, choice5, content, correct, create_date, filepath, modify_date, score, subject, teacher_id, time, view) values (?, ?, ?, ?, ?, ?, ?, ?, ?, ?, ?, ?, ?, ?, ?, ?)
make question 5920
Hibernate: insert into question (answer, choice1, choice2, choice3, choice4, choice5, content, correct, create_date, filepath, modify_date, score, subject, teacher_id, time, view) values (?, ?, ?, ?, ?, ?, ?, ?, ?, ?, ?, ?, ?, ?, ?, ?)
make question 5921
Hibernate: insert into question (answer, choice1, choice2, choice3, choice4, choice5, content, correct, create_date, filepath, modify_date, score, subject, teacher_id, time, view) values (?, ?, ?, ?, ?, ?, ?, ?, ?, ?, ?, ?, ?, ?, ?, ?)
make question 5922
Hibernate: insert into question (answer, choice1, choice2, choice3, choice4, choice5, content, correct, create_date, filepath, modify_date, score, subject, teacher_id, time, view) values (?, ?, ?, ?, ?, ?, ?, ?, ?, ?, ?, ?, ?, ?, ?, ?)
make question 5923
Hibernate: insert into question (answer, choice1, choice2, choice3, choice4, choice5, content, correct, create_date, filepath, modify_date, score, subject, teacher_id, time, view) values (?, ?, ?, ?, ?, ?, ?, ?, ?, ?, ?, ?, ?, ?, ?, ?)
make question 5924
Hibernate: insert into question (answer, choice1, choice2, choice3, choice4, choice5, content, correct, create_date, filepath, modify_date, score, subject, teacher_id, time, view) values (?, ?, ?, ?, ?, ?, ?, ?, ?, ?, ?, ?, ?, ?, ?, ?)
make question 5925
Hibernate: insert into question (answer, choice1, choice2, choice3, choice4, choice5, content, correct, create_date, filepath, modify_date, score, subject, teacher_id, time, view) values (?, ?, ?, ?, ?, ?, ?, ?, ?, ?, ?, ?, ?, ?, ?, ?)
make question 5926
Hibernate: insert into question (answer, choice1, choice2, choice3, choice4, choice5, content, correct, create_date, filepath, modify_date, score, subject, teacher_id, time, view) values (?, ?, ?, ?, ?, ?, ?, ?, ?, ?, ?, ?, ?, ?, ?, ?)
make question 5927
Hibernate: insert into question (answer, choice1, choice2, choice3, choice4, choice5, content, correct, create_date, filepath, modify_date, score, subject, teacher_id, time, view) values (?, ?, ?, ?, ?, ?, ?, ?, ?, ?, ?, ?, ?, ?, ?, ?)
make question 5928
Hibernate: insert into question (answer, choice1, choice2, choice3, choice4, choice5, content, correct, create_date, filepath, modify_date, score, subject, teacher_id, time, view) values (?, ?, ?, ?, ?, ?, ?, ?, ?, ?, ?, ?, ?, ?, ?, ?)
make question 5929
Hibernate: insert into question (answer, choice1, choice2, choice3, choice4, choice5, content, correct, create_date, filepath, modify_date, score, subject, teacher_id, time, view) values (?, ?, ?, ?, ?, ?, ?, ?, ?, ?, ?, ?, ?, ?, ?, ?)
make question 5930
Hibernate: insert into question (answer, choice1, choice2, choice3, choice4, choice5, content, correct, create_date, filepath, modify_date, score, subject, teacher_id, time, view) values (?, ?, ?, ?, ?, ?, ?, ?, ?, ?, ?, ?, ?, ?, ?, ?)
make question 5931
Hibernate: insert into question (answer, choice1, choice2, choice3, choice4, choice5, content, correct, create_date, filepath, modify_date, score, subject, teacher_id, time, view) values (?, ?, ?, ?, ?, ?, ?, ?, ?, ?, ?, ?, ?, ?, ?, ?)
make question 5932
Hibernate: insert into question (answer, choice1, choice2, choice3, choice4, choice5, content, correct, create_date, filepath, modify_date, score, subject, teacher_id, time, view) values (?, ?, ?, ?, ?, ?, ?, ?, ?, ?, ?, ?, ?, ?, ?, ?)
make question 5933
Hibernate: insert into question (answer, choice1, choice2, choice3, choice4, choice5, content, correct, create_date, filepath, modify_date, score, subject, teacher_id, time, view) values (?, ?, ?, ?, ?, ?, ?, ?, ?, ?, ?, ?, ?, ?, ?, ?)
make question 5934
Hibernate: insert into question (answer, choice1, choice2, choice3, choice4, choice5, content, correct, create_date, filepath, modify_date, score, subject, teacher_id, time, view) values (?, ?, ?, ?, ?, ?, ?, ?, ?, ?, ?, ?, ?, ?, ?, ?)
make question 5935
Hibernate: insert into question (answer, choice1, choice2, choice3, choice4, choice5, content, correct, create_date, filepath, modify_date, score, subject, teacher_id, time, view) values (?, ?, ?, ?, ?, ?, ?, ?, ?, ?, ?, ?, ?, ?, ?, ?)
make question 5936
Hibernate: insert into question (answer, choice1, choice2, choice3, choice4, choice5, content, correct, create_date, filepath, modify_date, score, subject, teacher_id, time, view) values (?, ?, ?, ?, ?, ?, ?, ?, ?, ?, ?, ?, ?, ?, ?, ?)
make question 5937
Hibernate: insert into question (answer, choice1, choice2, choice3, choice4, choice5, content, correct, create_date, filepath, modify_date, score, subject, teacher_id, time, view) values (?, ?, ?, ?, ?, ?, ?, ?, ?, ?, ?, ?, ?, ?, ?, ?)
make question 5938
Hibernate: insert into question (answer, choice1, choice2, choice3, choice4, choice5, content, correct, create_date, filepath, modify_date, score, subject, teacher_id, time, view) values (?, ?, ?, ?, ?, ?, ?, ?, ?, ?, ?, ?, ?, ?, ?, ?)
make question 5939
Hibernate: insert into question (answer, choice1, choice2, choice3, choice4, choice5, content, correct, create_date, filepath, modify_date, score, subject, teacher_id, time, view) values (?, ?, ?, ?, ?, ?, ?, ?, ?, ?, ?, ?, ?, ?, ?, ?)
make question 5940
Hibernate: insert into question (answer, choice1, choice2, choice3, choice4, choice5, content, correct, create_date, filepath, modify_date, score, subject, teacher_id, time, view) values (?, ?, ?, ?, ?, ?, ?, ?, ?, ?, ?, ?, ?, ?, ?, ?)
make question 5941
Hibernate: insert into question (answer, choice1, choice2, choice3, choice4, choice5, content, correct, create_date, filepath, modify_date, score, subject, teacher_id, time, view) values (?, ?, ?, ?, ?, ?, ?, ?, ?, ?, ?, ?, ?, ?, ?, ?)
make question 5942
Hibernate: insert into question (answer, choice1, choice2, choice3, choice4, choice5, content, correct, create_date, filepath, modify_date, score, subject, teacher_id, time, view) values (?, ?, ?, ?, ?, ?, ?, ?, ?, ?, ?, ?, ?, ?, ?, ?)
make question 5943
Hibernate: insert into question (answer, choice1, choice2, choice3, choice4, choice5, content, correct, create_date, filepath, modify_date, score, subject, teacher_id, time, view) values (?, ?, ?, ?, ?, ?, ?, ?, ?, ?, ?, ?, ?, ?, ?, ?)
make question 5944
Hibernate: insert into question (answer, choice1, choice2, choice3, choice4, choice5, content, correct, create_date, filepath, modify_date, score, subject, teacher_id, time, view) values (?, ?, ?, ?, ?, ?, ?, ?, ?, ?, ?, ?, ?, ?, ?, ?)
make question 5945
Hibernate: insert into question (answer, choice1, choice2, choice3, choice4, choice5, content, correct, create_date, filepath, modify_date, score, subject, teacher_id, time, view) values (?, ?, ?, ?, ?, ?, ?, ?, ?, ?, ?, ?, ?, ?, ?, ?)
make question 5946
Hibernate: insert into question (answer, choice1, choice2, choice3, choice4, choice5, content, correct, create_date, filepath, modify_date, score, subject, teacher_id, time, view) values (?, ?, ?, ?, ?, ?, ?, ?, ?, ?, ?, ?, ?, ?, ?, ?)
make question 5947
Hibernate: insert into question (answer, choice1, choice2, choice3, choice4, choice5, content, correct, create_date, filepath, modify_date, score, subject, teacher_id, time, view) values (?, ?, ?, ?, ?, ?, ?, ?, ?, ?, ?, ?, ?, ?, ?, ?)
make question 5948
Hibernate: insert into question (answer, choice1, choice2, choice3, choice4, choice5, content, correct, create_date, filepath, modify_date, score, subject, teacher_id, time, view) values (?, ?, ?, ?, ?, ?, ?, ?, ?, ?, ?, ?, ?, ?, ?, ?)
make question 5949
Hibernate: insert into question (answer, choice1, choice2, choice3, choice4, choice5, content, correct, create_date, filepath, modify_date, score, subject, teacher_id, time, view) values (?, ?, ?, ?, ?, ?, ?, ?, ?, ?, ?, ?, ?, ?, ?, ?)
make question 5950
Hibernate: insert into question (answer, choice1, choice2, choice3, choice4, choice5, content, correct, create_date, filepath, modify_date, score, subject, teacher_id, time, view) values (?, ?, ?, ?, ?, ?, ?, ?, ?, ?, ?, ?, ?, ?, ?, ?)
make question 5951
Hibernate: insert into question (answer, choice1, choice2, choice3, choice4, choice5, content, correct, create_date, filepath, modify_date, score, subject, teacher_id, time, view) values (?, ?, ?, ?, ?, ?, ?, ?, ?, ?, ?, ?, ?, ?, ?, ?)
make question 5952
Hibernate: insert into question (answer, choice1, choice2, choice3, choice4, choice5, content, correct, create_date, filepath, modify_date, score, subject, teacher_id, time, view) values (?, ?, ?, ?, ?, ?, ?, ?, ?, ?, ?, ?, ?, ?, ?, ?)
make question 5953
Hibernate: insert into question (answer, choice1, choice2, choice3, choice4, choice5, content, correct, create_date, filepath, modify_date, score, subject, teacher_id, time, view) values (?, ?, ?, ?, ?, ?, ?, ?, ?, ?, ?, ?, ?, ?, ?, ?)
make question 5954
Hibernate: insert into question (answer, choice1, choice2, choice3, choice4, choice5, content, correct, create_date, filepath, modify_date, score, subject, teacher_id, time, view) values (?, ?, ?, ?, ?, ?, ?, ?, ?, ?, ?, ?, ?, ?, ?, ?)
make question 5955
Hibernate: insert into question (answer, choice1, choice2, choice3, choice4, choice5, content, correct, create_date, filepath, modify_date, score, subject, teacher_id, time, view) values (?, ?, ?, ?, ?, ?, ?, ?, ?, ?, ?, ?, ?, ?, ?, ?)
make question 5956
Hibernate: insert into question (answer, choice1, choice2, choice3, choice4, choice5, content, correct, create_date, filepath, modify_date, score, subject, teacher_id, time, view) values (?, ?, ?, ?, ?, ?, ?, ?, ?, ?, ?, ?, ?, ?, ?, ?)
make question 5957
Hibernate: insert into question (answer, choice1, choice2, choice3, choice4, choice5, content, correct, create_date, filepath, modify_date, score, subject, teacher_id, time, view) values (?, ?, ?, ?, ?, ?, ?, ?, ?, ?, ?, ?, ?, ?, ?, ?)
make question 5958
Hibernate: insert into question (answer, choice1, choice2, choice3, choice4, choice5, content, correct, create_date, filepath, modify_date, score, subject, teacher_id, time, view) values (?, ?, ?, ?, ?, ?, ?, ?, ?, ?, ?, ?, ?, ?, ?, ?)
make question 5959
Hibernate: insert into question (answer, choice1, choice2, choice3, choice4, choice5, content, correct, create_date, filepath, modify_date, score, subject, teacher_id, time, view) values (?, ?, ?, ?, ?, ?, ?, ?, ?, ?, ?, ?, ?, ?, ?, ?)
make question 5960
Hibernate: insert into question (answer, choice1, choice2, choice3, choice4, choice5, content, correct, create_date, filepath, modify_date, score, subject, teacher_id, time, view) values (?, ?, ?, ?, ?, ?, ?, ?, ?, ?, ?, ?, ?, ?, ?, ?)
make question 5961
Hibernate: insert into question (answer, choice1, choice2, choice3, choice4, choice5, content, correct, create_date, filepath, modify_date, score, subject, teacher_id, time, view) values (?, ?, ?, ?, ?, ?, ?, ?, ?, ?, ?, ?, ?, ?, ?, ?)
make question 5962
Hibernate: insert into question (answer, choice1, choice2, choice3, choice4, choice5, content, correct, create_date, filepath, modify_date, score, subject, teacher_id, time, view) values (?, ?, ?, ?, ?, ?, ?, ?, ?, ?, ?, ?, ?, ?, ?, ?)
make question 5963
Hibernate: insert into question (answer, choice1, choice2, choice3, choice4, choice5, content, correct, create_date, filepath, modify_date, score, subject, teacher_id, time, view) values (?, ?, ?, ?, ?, ?, ?, ?, ?, ?, ?, ?, ?, ?, ?, ?)
make question 5964
Hibernate: insert into question (answer, choice1, choice2, choice3, choice4, choice5, content, correct, create_date, filepath, modify_date, score, subject, teacher_id, time, view) values (?, ?, ?, ?, ?, ?, ?, ?, ?, ?, ?, ?, ?, ?, ?, ?)
make question 5965
Hibernate: insert into question (answer, choice1, choice2, choice3, choice4, choice5, content, correct, create_date, filepath, modify_date, score, subject, teacher_id, time, view) values (?, ?, ?, ?, ?, ?, ?, ?, ?, ?, ?, ?, ?, ?, ?, ?)
make question 5966
Hibernate: insert into question (answer, choice1, choice2, choice3, choice4, choice5, content, correct, create_date, filepath, modify_date, score, subject, teacher_id, time, view) values (?, ?, ?, ?, ?, ?, ?, ?, ?, ?, ?, ?, ?, ?, ?, ?)
make question 5967
Hibernate: insert into question (answer, choice1, choice2, choice3, choice4, choice5, content, correct, create_date, filepath, modify_date, score, subject, teacher_id, time, view) values (?, ?, ?, ?, ?, ?, ?, ?, ?, ?, ?, ?, ?, ?, ?, ?)
make question 5968
Hibernate: insert into question (answer, choice1, choice2, choice3, choice4, choice5, content, correct, create_date, filepath, modify_date, score, subject, teacher_id, time, view) values (?, ?, ?, ?, ?, ?, ?, ?, ?, ?, ?, ?, ?, ?, ?, ?)
make question 5969
Hibernate: insert into question (answer, choice1, choice2, choice3, choice4, choice5, content, correct, create_date, filepath, modify_date, score, subject, teacher_id, time, view) values (?, ?, ?, ?, ?, ?, ?, ?, ?, ?, ?, ?, ?, ?, ?, ?)
make question 5970
Hibernate: insert into question (answer, choice1, choice2, choice3, choice4, choice5, content, correct, create_date, filepath, modify_date, score, subject, teacher_id, time, view) values (?, ?, ?, ?, ?, ?, ?, ?, ?, ?, ?, ?, ?, ?, ?, ?)
make question 5971
Hibernate: insert into question (answer, choice1, choice2, choice3, choice4, choice5, content, correct, create_date, filepath, modify_date, score, subject, teacher_id, time, view) values (?, ?, ?, ?, ?, ?, ?, ?, ?, ?, ?, ?, ?, ?, ?, ?)
make question 5972
Hibernate: insert into question (answer, choice1, choice2, choice3, choice4, choice5, content, correct, create_date, filepath, modify_date, score, subject, teacher_id, time, view) values (?, ?, ?, ?, ?, ?, ?, ?, ?, ?, ?, ?, ?, ?, ?, ?)
make question 5973
Hibernate: insert into question (answer, choice1, choice2, choice3, choice4, choice5, content, correct, create_date, filepath, modify_date, score, subject, teacher_id, time, view) values (?, ?, ?, ?, ?, ?, ?, ?, ?, ?, ?, ?, ?, ?, ?, ?)
make question 5974
Hibernate: insert into question (answer, choice1, choice2, choice3, choice4, choice5, content, correct, create_date, filepath, modify_date, score, subject, teacher_id, time, view) values (?, ?, ?, ?, ?, ?, ?, ?, ?, ?, ?, ?, ?, ?, ?, ?)
make question 5975
Hibernate: insert into question (answer, choice1, choice2, choice3, choice4, choice5, content, correct, create_date, filepath, modify_date, score, subject, teacher_id, time, view) values (?, ?, ?, ?, ?, ?, ?, ?, ?, ?, ?, ?, ?, ?, ?, ?)
make question 5976
Hibernate: insert into question (answer, choice1, choice2, choice3, choice4, choice5, content, correct, create_date, filepath, modify_date, score, subject, teacher_id, time, view) values (?, ?, ?, ?, ?, ?, ?, ?, ?, ?, ?, ?, ?, ?, ?, ?)
make question 5977
Hibernate: insert into question (answer, choice1, choice2, choice3, choice4, choice5, content, correct, create_date, filepath, modify_date, score, subject, teacher_id, time, view) values (?, ?, ?, ?, ?, ?, ?, ?, ?, ?, ?, ?, ?, ?, ?, ?)
make question 5978
Hibernate: insert into question (answer, choice1, choice2, choice3, choice4, choice5, content, correct, create_date, filepath, modify_date, score, subject, teacher_id, time, view) values (?, ?, ?, ?, ?, ?, ?, ?, ?, ?, ?, ?, ?, ?, ?, ?)
make question 5979
Hibernate: insert into question (answer, choice1, choice2, choice3, choice4, choice5, content, correct, create_date, filepath, modify_date, score, subject, teacher_id, time, view) values (?, ?, ?, ?, ?, ?, ?, ?, ?, ?, ?, ?, ?, ?, ?, ?)
make question 5980
Hibernate: insert into question (answer, choice1, choice2, choice3, choice4, choice5, content, correct, create_date, filepath, modify_date, score, subject, teacher_id, time, view) values (?, ?, ?, ?, ?, ?, ?, ?, ?, ?, ?, ?, ?, ?, ?, ?)
make question 5981
Hibernate: insert into question (answer, choice1, choice2, choice3, choice4, choice5, content, correct, create_date, filepath, modify_date, score, subject, teacher_id, time, view) values (?, ?, ?, ?, ?, ?, ?, ?, ?, ?, ?, ?, ?, ?, ?, ?)
make question 5982
Hibernate: insert into question (answer, choice1, choice2, choice3, choice4, choice5, content, correct, create_date, filepath, modify_date, score, subject, teacher_id, time, view) values (?, ?, ?, ?, ?, ?, ?, ?, ?, ?, ?, ?, ?, ?, ?, ?)
make question 5983
Hibernate: insert into question (answer, choice1, choice2, choice3, choice4, choice5, content, correct, create_date, filepath, modify_date, score, subject, teacher_id, time, view) values (?, ?, ?, ?, ?, ?, ?, ?, ?, ?, ?, ?, ?, ?, ?, ?)
make question 5984
Hibernate: insert into question (answer, choice1, choice2, choice3, choice4, choice5, content, correct, create_date, filepath, modify_date, score, subject, teacher_id, time, view) values (?, ?, ?, ?, ?, ?, ?, ?, ?, ?, ?, ?, ?, ?, ?, ?)
make question 5985
Hibernate: insert into question (answer, choice1, choice2, choice3, choice4, choice5, content, correct, create_date, filepath, modify_date, score, subject, teacher_id, time, view) values (?, ?, ?, ?, ?, ?, ?, ?, ?, ?, ?, ?, ?, ?, ?, ?)
make question 5986
Hibernate: insert into question (answer, choice1, choice2, choice3, choice4, choice5, content, correct, create_date, filepath, modify_date, score, subject, teacher_id, time, view) values (?, ?, ?, ?, ?, ?, ?, ?, ?, ?, ?, ?, ?, ?, ?, ?)
make question 5987
Hibernate: insert into question (answer, choice1, choice2, choice3, choice4, choice5, content, correct, create_date, filepath, modify_date, score, subject, teacher_id, time, view) values (?, ?, ?, ?, ?, ?, ?, ?, ?, ?, ?, ?, ?, ?, ?, ?)
make question 5988
Hibernate: insert into question (answer, choice1, choice2, choice3, choice4, choice5, content, correct, create_date, filepath, modify_date, score, subject, teacher_id, time, view) values (?, ?, ?, ?, ?, ?, ?, ?, ?, ?, ?, ?, ?, ?, ?, ?)
make question 5989
Hibernate: insert into question (answer, choice1, choice2, choice3, choice4, choice5, content, correct, create_date, filepath, modify_date, score, subject, teacher_id, time, view) values (?, ?, ?, ?, ?, ?, ?, ?, ?, ?, ?, ?, ?, ?, ?, ?)
make question 5990
Hibernate: insert into question (answer, choice1, choice2, choice3, choice4, choice5, content, correct, create_date, filepath, modify_date, score, subject, teacher_id, time, view) values (?, ?, ?, ?, ?, ?, ?, ?, ?, ?, ?, ?, ?, ?, ?, ?)
make question 5991
Hibernate: insert into question (answer, choice1, choice2, choice3, choice4, choice5, content, correct, create_date, filepath, modify_date, score, subject, teacher_id, time, view) values (?, ?, ?, ?, ?, ?, ?, ?, ?, ?, ?, ?, ?, ?, ?, ?)
make question 5992
Hibernate: insert into question (answer, choice1, choice2, choice3, choice4, choice5, content, correct, create_date, filepath, modify_date, score, subject, teacher_id, time, view) values (?, ?, ?, ?, ?, ?, ?, ?, ?, ?, ?, ?, ?, ?, ?, ?)
make question 5993
Hibernate: insert into question (answer, choice1, choice2, choice3, choice4, choice5, content, correct, create_date, filepath, modify_date, score, subject, teacher_id, time, view) values (?, ?, ?, ?, ?, ?, ?, ?, ?, ?, ?, ?, ?, ?, ?, ?)
make question 5994
Hibernate: insert into question (answer, choice1, choice2, choice3, choice4, choice5, content, correct, create_date, filepath, modify_date, score, subject, teacher_id, time, view) values (?, ?, ?, ?, ?, ?, ?, ?, ?, ?, ?, ?, ?, ?, ?, ?)
make question 5995
Hibernate: insert into question (answer, choice1, choice2, choice3, choice4, choice5, content, correct, create_date, filepath, modify_date, score, subject, teacher_id, time, view) values (?, ?, ?, ?, ?, ?, ?, ?, ?, ?, ?, ?, ?, ?, ?, ?)
make question 5996
Hibernate: insert into question (answer, choice1, choice2, choice3, choice4, choice5, content, correct, create_date, filepath, modify_date, score, subject, teacher_id, time, view) values (?, ?, ?, ?, ?, ?, ?, ?, ?, ?, ?, ?, ?, ?, ?, ?)
make question 5997
Hibernate: insert into question (answer, choice1, choice2, choice3, choice4, choice5, content, correct, create_date, filepath, modify_date, score, subject, teacher_id, time, view) values (?, ?, ?, ?, ?, ?, ?, ?, ?, ?, ?, ?, ?, ?, ?, ?)
make question 5998
Hibernate: insert into question (answer, choice1, choice2, choice3, choice4, choice5, content, correct, create_date, filepath, modify_date, score, subject, teacher_id, time, view) values (?, ?, ?, ?, ?, ?, ?, ?, ?, ?, ?, ?, ?, ?, ?, ?)
make question 5999
Hibernate: insert into question (answer, choice1, choice2, choice3, choice4, choice5, content, correct, create_date, filepath, modify_date, score, subject, teacher_id, time, view) values (?, ?, ?, ?, ?, ?, ?, ?, ?, ?, ?, ?, ?, ?, ?, ?)
make question 6000
Hibernate: insert into question (answer, choice1, choice2, choice3, choice4, choice5, content, correct, create_date, filepath, modify_date, score, subject, teacher_id, time, view) values (?, ?, ?, ?, ?, ?, ?, ?, ?, ?, ?, ?, ?, ?, ?, ?)
make question 6001
Hibernate: insert into question (answer, choice1, choice2, choice3, choice4, choice5, content, correct, create_date, filepath, modify_date, score, subject, teacher_id, time, view) values (?, ?, ?, ?, ?, ?, ?, ?, ?, ?, ?, ?, ?, ?, ?, ?)
make question 6002
Hibernate: insert into question (answer, choice1, choice2, choice3, choice4, choice5, content, correct, create_date, filepath, modify_date, score, subject, teacher_id, time, view) values (?, ?, ?, ?, ?, ?, ?, ?, ?, ?, ?, ?, ?, ?, ?, ?)
make question 6003
Hibernate: insert into question (answer, choice1, choice2, choice3, choice4, choice5, content, correct, create_date, filepath, modify_date, score, subject, teacher_id, time, view) values (?, ?, ?, ?, ?, ?, ?, ?, ?, ?, ?, ?, ?, ?, ?, ?)
make question 6004
Hibernate: insert into question (answer, choice1, choice2, choice3, choice4, choice5, content, correct, create_date, filepath, modify_date, score, subject, teacher_id, time, view) values (?, ?, ?, ?, ?, ?, ?, ?, ?, ?, ?, ?, ?, ?, ?, ?)
make question 6005
Hibernate: insert into question (answer, choice1, choice2, choice3, choice4, choice5, content, correct, create_date, filepath, modify_date, score, subject, teacher_id, time, view) values (?, ?, ?, ?, ?, ?, ?, ?, ?, ?, ?, ?, ?, ?, ?, ?)
make question 6006
Hibernate: insert into question (answer, choice1, choice2, choice3, choice4, choice5, content, correct, create_date, filepath, modify_date, score, subject, teacher_id, time, view) values (?, ?, ?, ?, ?, ?, ?, ?, ?, ?, ?, ?, ?, ?, ?, ?)
make question 6007
Hibernate: insert into question (answer, choice1, choice2, choice3, choice4, choice5, content, correct, create_date, filepath, modify_date, score, subject, teacher_id, time, view) values (?, ?, ?, ?, ?, ?, ?, ?, ?, ?, ?, ?, ?, ?, ?, ?)
make question 6008
Hibernate: insert into question (answer, choice1, choice2, choice3, choice4, choice5, content, correct, create_date, filepath, modify_date, score, subject, teacher_id, time, view) values (?, ?, ?, ?, ?, ?, ?, ?, ?, ?, ?, ?, ?, ?, ?, ?)
make question 6009
Hibernate: insert into question (answer, choice1, choice2, choice3, choice4, choice5, content, correct, create_date, filepath, modify_date, score, subject, teacher_id, time, view) values (?, ?, ?, ?, ?, ?, ?, ?, ?, ?, ?, ?, ?, ?, ?, ?)
make question 6010
Hibernate: insert into question (answer, choice1, choice2, choice3, choice4, choice5, content, correct, create_date, filepath, modify_date, score, subject, teacher_id, time, view) values (?, ?, ?, ?, ?, ?, ?, ?, ?, ?, ?, ?, ?, ?, ?, ?)
make question 6011
Hibernate: insert into question (answer, choice1, choice2, choice3, choice4, choice5, content, correct, create_date, filepath, modify_date, score, subject, teacher_id, time, view) values (?, ?, ?, ?, ?, ?, ?, ?, ?, ?, ?, ?, ?, ?, ?, ?)
make question 6012
Hibernate: insert into question (answer, choice1, choice2, choice3, choice4, choice5, content, correct, create_date, filepath, modify_date, score, subject, teacher_id, time, view) values (?, ?, ?, ?, ?, ?, ?, ?, ?, ?, ?, ?, ?, ?, ?, ?)
make question 6013
Hibernate: insert into question (answer, choice1, choice2, choice3, choice4, choice5, content, correct, create_date, filepath, modify_date, score, subject, teacher_id, time, view) values (?, ?, ?, ?, ?, ?, ?, ?, ?, ?, ?, ?, ?, ?, ?, ?)
make question 6014
Hibernate: insert into question (answer, choice1, choice2, choice3, choice4, choice5, content, correct, create_date, filepath, modify_date, score, subject, teacher_id, time, view) values (?, ?, ?, ?, ?, ?, ?, ?, ?, ?, ?, ?, ?, ?, ?, ?)
make question 6015
Hibernate: insert into question (answer, choice1, choice2, choice3, choice4, choice5, content, correct, create_date, filepath, modify_date, score, subject, teacher_id, time, view) values (?, ?, ?, ?, ?, ?, ?, ?, ?, ?, ?, ?, ?, ?, ?, ?)
make question 6016
Hibernate: insert into question (answer, choice1, choice2, choice3, choice4, choice5, content, correct, create_date, filepath, modify_date, score, subject, teacher_id, time, view) values (?, ?, ?, ?, ?, ?, ?, ?, ?, ?, ?, ?, ?, ?, ?, ?)
make question 6017
Hibernate: insert into question (answer, choice1, choice2, choice3, choice4, choice5, content, correct, create_date, filepath, modify_date, score, subject, teacher_id, time, view) values (?, ?, ?, ?, ?, ?, ?, ?, ?, ?, ?, ?, ?, ?, ?, ?)
make question 6018
Hibernate: insert into question (answer, choice1, choice2, choice3, choice4, choice5, content, correct, create_date, filepath, modify_date, score, subject, teacher_id, time, view) values (?, ?, ?, ?, ?, ?, ?, ?, ?, ?, ?, ?, ?, ?, ?, ?)
make question 6019
Hibernate: insert into question (answer, choice1, choice2, choice3, choice4, choice5, content, correct, create_date, filepath, modify_date, score, subject, teacher_id, time, view) values (?, ?, ?, ?, ?, ?, ?, ?, ?, ?, ?, ?, ?, ?, ?, ?)
make question 6020
Hibernate: insert into question (answer, choice1, choice2, choice3, choice4, choice5, content, correct, create_date, filepath, modify_date, score, subject, teacher_id, time, view) values (?, ?, ?, ?, ?, ?, ?, ?, ?, ?, ?, ?, ?, ?, ?, ?)
make question 6021
Hibernate: insert into question (answer, choice1, choice2, choice3, choice4, choice5, content, correct, create_date, filepath, modify_date, score, subject, teacher_id, time, view) values (?, ?, ?, ?, ?, ?, ?, ?, ?, ?, ?, ?, ?, ?, ?, ?)
make question 6022
Hibernate: insert into question (answer, choice1, choice2, choice3, choice4, choice5, content, correct, create_date, filepath, modify_date, score, subject, teacher_id, time, view) values (?, ?, ?, ?, ?, ?, ?, ?, ?, ?, ?, ?, ?, ?, ?, ?)
make question 6023
Hibernate: insert into question (answer, choice1, choice2, choice3, choice4, choice5, content, correct, create_date, filepath, modify_date, score, subject, teacher_id, time, view) values (?, ?, ?, ?, ?, ?, ?, ?, ?, ?, ?, ?, ?, ?, ?, ?)
make question 6024
Hibernate: insert into question (answer, choice1, choice2, choice3, choice4, choice5, content, correct, create_date, filepath, modify_date, score, subject, teacher_id, time, view) values (?, ?, ?, ?, ?, ?, ?, ?, ?, ?, ?, ?, ?, ?, ?, ?)
make question 6025
Hibernate: insert into question (answer, choice1, choice2, choice3, choice4, choice5, content, correct, create_date, filepath, modify_date, score, subject, teacher_id, time, view) values (?, ?, ?, ?, ?, ?, ?, ?, ?, ?, ?, ?, ?, ?, ?, ?)
make question 6026
Hibernate: insert into question (answer, choice1, choice2, choice3, choice4, choice5, content, correct, create_date, filepath, modify_date, score, subject, teacher_id, time, view) values (?, ?, ?, ?, ?, ?, ?, ?, ?, ?, ?, ?, ?, ?, ?, ?)
make question 6027
Hibernate: insert into question (answer, choice1, choice2, choice3, choice4, choice5, content, correct, create_date, filepath, modify_date, score, subject, teacher_id, time, view) values (?, ?, ?, ?, ?, ?, ?, ?, ?, ?, ?, ?, ?, ?, ?, ?)
make question 6028
Hibernate: insert into question (answer, choice1, choice2, choice3, choice4, choice5, content, correct, create_date, filepath, modify_date, score, subject, teacher_id, time, view) values (?, ?, ?, ?, ?, ?, ?, ?, ?, ?, ?, ?, ?, ?, ?, ?)
make question 6029
Hibernate: insert into question (answer, choice1, choice2, choice3, choice4, choice5, content, correct, create_date, filepath, modify_date, score, subject, teacher_id, time, view) values (?, ?, ?, ?, ?, ?, ?, ?, ?, ?, ?, ?, ?, ?, ?, ?)
make question 6030
Hibernate: insert into question (answer, choice1, choice2, choice3, choice4, choice5, content, correct, create_date, filepath, modify_date, score, subject, teacher_id, time, view) values (?, ?, ?, ?, ?, ?, ?, ?, ?, ?, ?, ?, ?, ?, ?, ?)
make question 6031
Hibernate: insert into question (answer, choice1, choice2, choice3, choice4, choice5, content, correct, create_date, filepath, modify_date, score, subject, teacher_id, time, view) values (?, ?, ?, ?, ?, ?, ?, ?, ?, ?, ?, ?, ?, ?, ?, ?)
make question 6032
Hibernate: insert into question (answer, choice1, choice2, choice3, choice4, choice5, content, correct, create_date, filepath, modify_date, score, subject, teacher_id, time, view) values (?, ?, ?, ?, ?, ?, ?, ?, ?, ?, ?, ?, ?, ?, ?, ?)
make question 6033
Hibernate: insert into question (answer, choice1, choice2, choice3, choice4, choice5, content, correct, create_date, filepath, modify_date, score, subject, teacher_id, time, view) values (?, ?, ?, ?, ?, ?, ?, ?, ?, ?, ?, ?, ?, ?, ?, ?)
make question 6034
Hibernate: insert into question (answer, choice1, choice2, choice3, choice4, choice5, content, correct, create_date, filepath, modify_date, score, subject, teacher_id, time, view) values (?, ?, ?, ?, ?, ?, ?, ?, ?, ?, ?, ?, ?, ?, ?, ?)
make question 6035
Hibernate: insert into question (answer, choice1, choice2, choice3, choice4, choice5, content, correct, create_date, filepath, modify_date, score, subject, teacher_id, time, view) values (?, ?, ?, ?, ?, ?, ?, ?, ?, ?, ?, ?, ?, ?, ?, ?)
make question 6036
Hibernate: insert into question (answer, choice1, choice2, choice3, choice4, choice5, content, correct, create_date, filepath, modify_date, score, subject, teacher_id, time, view) values (?, ?, ?, ?, ?, ?, ?, ?, ?, ?, ?, ?, ?, ?, ?, ?)
make question 6037
Hibernate: insert into question (answer, choice1, choice2, choice3, choice4, choice5, content, correct, create_date, filepath, modify_date, score, subject, teacher_id, time, view) values (?, ?, ?, ?, ?, ?, ?, ?, ?, ?, ?, ?, ?, ?, ?, ?)
make question 6038
Hibernate: insert into question (answer, choice1, choice2, choice3, choice4, choice5, content, correct, create_date, filepath, modify_date, score, subject, teacher_id, time, view) values (?, ?, ?, ?, ?, ?, ?, ?, ?, ?, ?, ?, ?, ?, ?, ?)
make question 6039
Hibernate: insert into question (answer, choice1, choice2, choice3, choice4, choice5, content, correct, create_date, filepath, modify_date, score, subject, teacher_id, time, view) values (?, ?, ?, ?, ?, ?, ?, ?, ?, ?, ?, ?, ?, ?, ?, ?)
make question 6040
Hibernate: insert into question (answer, choice1, choice2, choice3, choice4, choice5, content, correct, create_date, filepath, modify_date, score, subject, teacher_id, time, view) values (?, ?, ?, ?, ?, ?, ?, ?, ?, ?, ?, ?, ?, ?, ?, ?)
make question 6041
Hibernate: insert into question (answer, choice1, choice2, choice3, choice4, choice5, content, correct, create_date, filepath, modify_date, score, subject, teacher_id, time, view) values (?, ?, ?, ?, ?, ?, ?, ?, ?, ?, ?, ?, ?, ?, ?, ?)
make question 6042
Hibernate: insert into question (answer, choice1, choice2, choice3, choice4, choice5, content, correct, create_date, filepath, modify_date, score, subject, teacher_id, time, view) values (?, ?, ?, ?, ?, ?, ?, ?, ?, ?, ?, ?, ?, ?, ?, ?)
make question 6043
Hibernate: insert into question (answer, choice1, choice2, choice3, choice4, choice5, content, correct, create_date, filepath, modify_date, score, subject, teacher_id, time, view) values (?, ?, ?, ?, ?, ?, ?, ?, ?, ?, ?, ?, ?, ?, ?, ?)
make question 6044
Hibernate: insert into question (answer, choice1, choice2, choice3, choice4, choice5, content, correct, create_date, filepath, modify_date, score, subject, teacher_id, time, view) values (?, ?, ?, ?, ?, ?, ?, ?, ?, ?, ?, ?, ?, ?, ?, ?)
make question 6045
Hibernate: insert into question (answer, choice1, choice2, choice3, choice4, choice5, content, correct, create_date, filepath, modify_date, score, subject, teacher_id, time, view) values (?, ?, ?, ?, ?, ?, ?, ?, ?, ?, ?, ?, ?, ?, ?, ?)
make question 6046
Hibernate: insert into question (answer, choice1, choice2, choice3, choice4, choice5, content, correct, create_date, filepath, modify_date, score, subject, teacher_id, time, view) values (?, ?, ?, ?, ?, ?, ?, ?, ?, ?, ?, ?, ?, ?, ?, ?)
make question 6047
Hibernate: insert into question (answer, choice1, choice2, choice3, choice4, choice5, content, correct, create_date, filepath, modify_date, score, subject, teacher_id, time, view) values (?, ?, ?, ?, ?, ?, ?, ?, ?, ?, ?, ?, ?, ?, ?, ?)
make question 6048
Hibernate: insert into question (answer, choice1, choice2, choice3, choice4, choice5, content, correct, create_date, filepath, modify_date, score, subject, teacher_id, time, view) values (?, ?, ?, ?, ?, ?, ?, ?, ?, ?, ?, ?, ?, ?, ?, ?)
make question 6049
Hibernate: insert into question (answer, choice1, choice2, choice3, choice4, choice5, content, correct, create_date, filepath, modify_date, score, subject, teacher_id, time, view) values (?, ?, ?, ?, ?, ?, ?, ?, ?, ?, ?, ?, ?, ?, ?, ?)
make question 6050
Hibernate: insert into question (answer, choice1, choice2, choice3, choice4, choice5, content, correct, create_date, filepath, modify_date, score, subject, teacher_id, time, view) values (?, ?, ?, ?, ?, ?, ?, ?, ?, ?, ?, ?, ?, ?, ?, ?)
make question 6051
Hibernate: insert into question (answer, choice1, choice2, choice3, choice4, choice5, content, correct, create_date, filepath, modify_date, score, subject, teacher_id, time, view) values (?, ?, ?, ?, ?, ?, ?, ?, ?, ?, ?, ?, ?, ?, ?, ?)
make question 6052
Hibernate: insert into question (answer, choice1, choice2, choice3, choice4, choice5, content, correct, create_date, filepath, modify_date, score, subject, teacher_id, time, view) values (?, ?, ?, ?, ?, ?, ?, ?, ?, ?, ?, ?, ?, ?, ?, ?)
make question 6053
Hibernate: insert into question (answer, choice1, choice2, choice3, choice4, choice5, content, correct, create_date, filepath, modify_date, score, subject, teacher_id, time, view) values (?, ?, ?, ?, ?, ?, ?, ?, ?, ?, ?, ?, ?, ?, ?, ?)
make question 6054
Hibernate: insert into question (answer, choice1, choice2, choice3, choice4, choice5, content, correct, create_date, filepath, modify_date, score, subject, teacher_id, time, view) values (?, ?, ?, ?, ?, ?, ?, ?, ?, ?, ?, ?, ?, ?, ?, ?)
make question 6055
Hibernate: insert into question (answer, choice1, choice2, choice3, choice4, choice5, content, correct, create_date, filepath, modify_date, score, subject, teacher_id, time, view) values (?, ?, ?, ?, ?, ?, ?, ?, ?, ?, ?, ?, ?, ?, ?, ?)
make question 6056
Hibernate: insert into question (answer, choice1, choice2, choice3, choice4, choice5, content, correct, create_date, filepath, modify_date, score, subject, teacher_id, time, view) values (?, ?, ?, ?, ?, ?, ?, ?, ?, ?, ?, ?, ?, ?, ?, ?)
make question 6057
Hibernate: insert into question (answer, choice1, choice2, choice3, choice4, choice5, content, correct, create_date, filepath, modify_date, score, subject, teacher_id, time, view) values (?, ?, ?, ?, ?, ?, ?, ?, ?, ?, ?, ?, ?, ?, ?, ?)
make question 6058
Hibernate: insert into question (answer, choice1, choice2, choice3, choice4, choice5, content, correct, create_date, filepath, modify_date, score, subject, teacher_id, time, view) values (?, ?, ?, ?, ?, ?, ?, ?, ?, ?, ?, ?, ?, ?, ?, ?)
make question 6059
Hibernate: insert into question (answer, choice1, choice2, choice3, choice4, choice5, content, correct, create_date, filepath, modify_date, score, subject, teacher_id, time, view) values (?, ?, ?, ?, ?, ?, ?, ?, ?, ?, ?, ?, ?, ?, ?, ?)
make question 6060
Hibernate: insert into question (answer, choice1, choice2, choice3, choice4, choice5, content, correct, create_date, filepath, modify_date, score, subject, teacher_id, time, view) values (?, ?, ?, ?, ?, ?, ?, ?, ?, ?, ?, ?, ?, ?, ?, ?)
make question 6061
Hibernate: insert into question (answer, choice1, choice2, choice3, choice4, choice5, content, correct, create_date, filepath, modify_date, score, subject, teacher_id, time, view) values (?, ?, ?, ?, ?, ?, ?, ?, ?, ?, ?, ?, ?, ?, ?, ?)
make question 6062
Hibernate: insert into question (answer, choice1, choice2, choice3, choice4, choice5, content, correct, create_date, filepath, modify_date, score, subject, teacher_id, time, view) values (?, ?, ?, ?, ?, ?, ?, ?, ?, ?, ?, ?, ?, ?, ?, ?)
make question 6063
Hibernate: insert into question (answer, choice1, choice2, choice3, choice4, choice5, content, correct, create_date, filepath, modify_date, score, subject, teacher_id, time, view) values (?, ?, ?, ?, ?, ?, ?, ?, ?, ?, ?, ?, ?, ?, ?, ?)
make question 6064
Hibernate: insert into question (answer, choice1, choice2, choice3, choice4, choice5, content, correct, create_date, filepath, modify_date, score, subject, teacher_id, time, view) values (?, ?, ?, ?, ?, ?, ?, ?, ?, ?, ?, ?, ?, ?, ?, ?)
make question 6065
Hibernate: insert into question (answer, choice1, choice2, choice3, choice4, choice5, content, correct, create_date, filepath, modify_date, score, subject, teacher_id, time, view) values (?, ?, ?, ?, ?, ?, ?, ?, ?, ?, ?, ?, ?, ?, ?, ?)
make question 6066
Hibernate: insert into question (answer, choice1, choice2, choice3, choice4, choice5, content, correct, create_date, filepath, modify_date, score, subject, teacher_id, time, view) values (?, ?, ?, ?, ?, ?, ?, ?, ?, ?, ?, ?, ?, ?, ?, ?)
make question 6067
Hibernate: insert into question (answer, choice1, choice2, choice3, choice4, choice5, content, correct, create_date, filepath, modify_date, score, subject, teacher_id, time, view) values (?, ?, ?, ?, ?, ?, ?, ?, ?, ?, ?, ?, ?, ?, ?, ?)
make question 6068
Hibernate: insert into question (answer, choice1, choice2, choice3, choice4, choice5, content, correct, create_date, filepath, modify_date, score, subject, teacher_id, time, view) values (?, ?, ?, ?, ?, ?, ?, ?, ?, ?, ?, ?, ?, ?, ?, ?)
make question 6069
Hibernate: insert into question (answer, choice1, choice2, choice3, choice4, choice5, content, correct, create_date, filepath, modify_date, score, subject, teacher_id, time, view) values (?, ?, ?, ?, ?, ?, ?, ?, ?, ?, ?, ?, ?, ?, ?, ?)
make question 6070
Hibernate: insert into question (answer, choice1, choice2, choice3, choice4, choice5, content, correct, create_date, filepath, modify_date, score, subject, teacher_id, time, view) values (?, ?, ?, ?, ?, ?, ?, ?, ?, ?, ?, ?, ?, ?, ?, ?)
make question 6071
Hibernate: insert into question (answer, choice1, choice2, choice3, choice4, choice5, content, correct, create_date, filepath, modify_date, score, subject, teacher_id, time, view) values (?, ?, ?, ?, ?, ?, ?, ?, ?, ?, ?, ?, ?, ?, ?, ?)
make question 6072
Hibernate: insert into question (answer, choice1, choice2, choice3, choice4, choice5, content, correct, create_date, filepath, modify_date, score, subject, teacher_id, time, view) values (?, ?, ?, ?, ?, ?, ?, ?, ?, ?, ?, ?, ?, ?, ?, ?)
make question 6073
Hibernate: insert into question (answer, choice1, choice2, choice3, choice4, choice5, content, correct, create_date, filepath, modify_date, score, subject, teacher_id, time, view) values (?, ?, ?, ?, ?, ?, ?, ?, ?, ?, ?, ?, ?, ?, ?, ?)
make question 6074
Hibernate: insert into question (answer, choice1, choice2, choice3, choice4, choice5, content, correct, create_date, filepath, modify_date, score, subject, teacher_id, time, view) values (?, ?, ?, ?, ?, ?, ?, ?, ?, ?, ?, ?, ?, ?, ?, ?)
make question 6075
Hibernate: insert into question (answer, choice1, choice2, choice3, choice4, choice5, content, correct, create_date, filepath, modify_date, score, subject, teacher_id, time, view) values (?, ?, ?, ?, ?, ?, ?, ?, ?, ?, ?, ?, ?, ?, ?, ?)
make question 6076
Hibernate: insert into question (answer, choice1, choice2, choice3, choice4, choice5, content, correct, create_date, filepath, modify_date, score, subject, teacher_id, time, view) values (?, ?, ?, ?, ?, ?, ?, ?, ?, ?, ?, ?, ?, ?, ?, ?)
make question 6077
Hibernate: insert into question (answer, choice1, choice2, choice3, choice4, choice5, content, correct, create_date, filepath, modify_date, score, subject, teacher_id, time, view) values (?, ?, ?, ?, ?, ?, ?, ?, ?, ?, ?, ?, ?, ?, ?, ?)
make question 6078
Hibernate: insert into question (answer, choice1, choice2, choice3, choice4, choice5, content, correct, create_date, filepath, modify_date, score, subject, teacher_id, time, view) values (?, ?, ?, ?, ?, ?, ?, ?, ?, ?, ?, ?, ?, ?, ?, ?)
make question 6079
Hibernate: insert into question (answer, choice1, choice2, choice3, choice4, choice5, content, correct, create_date, filepath, modify_date, score, subject, teacher_id, time, view) values (?, ?, ?, ?, ?, ?, ?, ?, ?, ?, ?, ?, ?, ?, ?, ?)
make question 6080
Hibernate: insert into question (answer, choice1, choice2, choice3, choice4, choice5, content, correct, create_date, filepath, modify_date, score, subject, teacher_id, time, view) values (?, ?, ?, ?, ?, ?, ?, ?, ?, ?, ?, ?, ?, ?, ?, ?)
make question 6081
Hibernate: insert into question (answer, choice1, choice2, choice3, choice4, choice5, content, correct, create_date, filepath, modify_date, score, subject, teacher_id, time, view) values (?, ?, ?, ?, ?, ?, ?, ?, ?, ?, ?, ?, ?, ?, ?, ?)
make question 6082
Hibernate: insert into question (answer, choice1, choice2, choice3, choice4, choice5, content, correct, create_date, filepath, modify_date, score, subject, teacher_id, time, view) values (?, ?, ?, ?, ?, ?, ?, ?, ?, ?, ?, ?, ?, ?, ?, ?)
make question 6083
Hibernate: insert into question (answer, choice1, choice2, choice3, choice4, choice5, content, correct, create_date, filepath, modify_date, score, subject, teacher_id, time, view) values (?, ?, ?, ?, ?, ?, ?, ?, ?, ?, ?, ?, ?, ?, ?, ?)
make question 6084
Hibernate: insert into question (answer, choice1, choice2, choice3, choice4, choice5, content, correct, create_date, filepath, modify_date, score, subject, teacher_id, time, view) values (?, ?, ?, ?, ?, ?, ?, ?, ?, ?, ?, ?, ?, ?, ?, ?)
make question 6085
Hibernate: insert into question (answer, choice1, choice2, choice3, choice4, choice5, content, correct, create_date, filepath, modify_date, score, subject, teacher_id, time, view) values (?, ?, ?, ?, ?, ?, ?, ?, ?, ?, ?, ?, ?, ?, ?, ?)
make question 6086
Hibernate: insert into question (answer, choice1, choice2, choice3, choice4, choice5, content, correct, create_date, filepath, modify_date, score, subject, teacher_id, time, view) values (?, ?, ?, ?, ?, ?, ?, ?, ?, ?, ?, ?, ?, ?, ?, ?)
make question 6087
Hibernate: insert into question (answer, choice1, choice2, choice3, choice4, choice5, content, correct, create_date, filepath, modify_date, score, subject, teacher_id, time, view) values (?, ?, ?, ?, ?, ?, ?, ?, ?, ?, ?, ?, ?, ?, ?, ?)
make question 6088
Hibernate: insert into question (answer, choice1, choice2, choice3, choice4, choice5, content, correct, create_date, filepath, modify_date, score, subject, teacher_id, time, view) values (?, ?, ?, ?, ?, ?, ?, ?, ?, ?, ?, ?, ?, ?, ?, ?)
make question 6089
Hibernate: insert into question (answer, choice1, choice2, choice3, choice4, choice5, content, correct, create_date, filepath, modify_date, score, subject, teacher_id, time, view) values (?, ?, ?, ?, ?, ?, ?, ?, ?, ?, ?, ?, ?, ?, ?, ?)
make question 6090
Hibernate: insert into question (answer, choice1, choice2, choice3, choice4, choice5, content, correct, create_date, filepath, modify_date, score, subject, teacher_id, time, view) values (?, ?, ?, ?, ?, ?, ?, ?, ?, ?, ?, ?, ?, ?, ?, ?)
make question 6091
Hibernate: insert into question (answer, choice1, choice2, choice3, choice4, choice5, content, correct, create_date, filepath, modify_date, score, subject, teacher_id, time, view) values (?, ?, ?, ?, ?, ?, ?, ?, ?, ?, ?, ?, ?, ?, ?, ?)
make question 6092
Hibernate: insert into question (answer, choice1, choice2, choice3, choice4, choice5, content, correct, create_date, filepath, modify_date, score, subject, teacher_id, time, view) values (?, ?, ?, ?, ?, ?, ?, ?, ?, ?, ?, ?, ?, ?, ?, ?)
make question 6093
Hibernate: insert into question (answer, choice1, choice2, choice3, choice4, choice5, content, correct, create_date, filepath, modify_date, score, subject, teacher_id, time, view) values (?, ?, ?, ?, ?, ?, ?, ?, ?, ?, ?, ?, ?, ?, ?, ?)
make question 6094
Hibernate: insert into question (answer, choice1, choice2, choice3, choice4, choice5, content, correct, create_date, filepath, modify_date, score, subject, teacher_id, time, view) values (?, ?, ?, ?, ?, ?, ?, ?, ?, ?, ?, ?, ?, ?, ?, ?)
make question 6095
Hibernate: insert into question (answer, choice1, choice2, choice3, choice4, choice5, content, correct, create_date, filepath, modify_date, score, subject, teacher_id, time, view) values (?, ?, ?, ?, ?, ?, ?, ?, ?, ?, ?, ?, ?, ?, ?, ?)
make question 6096
Hibernate: insert into question (answer, choice1, choice2, choice3, choice4, choice5, content, correct, create_date, filepath, modify_date, score, subject, teacher_id, time, view) values (?, ?, ?, ?, ?, ?, ?, ?, ?, ?, ?, ?, ?, ?, ?, ?)
make question 6097
Hibernate: insert into question (answer, choice1, choice2, choice3, choice4, choice5, content, correct, create_date, filepath, modify_date, score, subject, teacher_id, time, view) values (?, ?, ?, ?, ?, ?, ?, ?, ?, ?, ?, ?, ?, ?, ?, ?)
make question 6098
Hibernate: insert into question (answer, choice1, choice2, choice3, choice4, choice5, content, correct, create_date, filepath, modify_date, score, subject, teacher_id, time, view) values (?, ?, ?, ?, ?, ?, ?, ?, ?, ?, ?, ?, ?, ?, ?, ?)
make question 6099
Hibernate: insert into question (answer, choice1, choice2, choice3, choice4, choice5, content, correct, create_date, filepath, modify_date, score, subject, teacher_id, time, view) values (?, ?, ?, ?, ?, ?, ?, ?, ?, ?, ?, ?, ?, ?, ?, ?)
make question 6100
Hibernate: insert into question (answer, choice1, choice2, choice3, choice4, choice5, content, correct, create_date, filepath, modify_date, score, subject, teacher_id, time, view) values (?, ?, ?, ?, ?, ?, ?, ?, ?, ?, ?, ?, ?, ?, ?, ?)
make question 6101
Hibernate: insert into question (answer, choice1, choice2, choice3, choice4, choice5, content, correct, create_date, filepath, modify_date, score, subject, teacher_id, time, view) values (?, ?, ?, ?, ?, ?, ?, ?, ?, ?, ?, ?, ?, ?, ?, ?)
make question 6102
Hibernate: insert into question (answer, choice1, choice2, choice3, choice4, choice5, content, correct, create_date, filepath, modify_date, score, subject, teacher_id, time, view) values (?, ?, ?, ?, ?, ?, ?, ?, ?, ?, ?, ?, ?, ?, ?, ?)
make question 6103
Hibernate: insert into question (answer, choice1, choice2, choice3, choice4, choice5, content, correct, create_date, filepath, modify_date, score, subject, teacher_id, time, view) values (?, ?, ?, ?, ?, ?, ?, ?, ?, ?, ?, ?, ?, ?, ?, ?)
make question 6104
Hibernate: insert into question (answer, choice1, choice2, choice3, choice4, choice5, content, correct, create_date, filepath, modify_date, score, subject, teacher_id, time, view) values (?, ?, ?, ?, ?, ?, ?, ?, ?, ?, ?, ?, ?, ?, ?, ?)
make question 6105
Hibernate: insert into question (answer, choice1, choice2, choice3, choice4, choice5, content, correct, create_date, filepath, modify_date, score, subject, teacher_id, time, view) values (?, ?, ?, ?, ?, ?, ?, ?, ?, ?, ?, ?, ?, ?, ?, ?)
make question 6106
Hibernate: insert into question (answer, choice1, choice2, choice3, choice4, choice5, content, correct, create_date, filepath, modify_date, score, subject, teacher_id, time, view) values (?, ?, ?, ?, ?, ?, ?, ?, ?, ?, ?, ?, ?, ?, ?, ?)
make question 6107
Hibernate: insert into question (answer, choice1, choice2, choice3, choice4, choice5, content, correct, create_date, filepath, modify_date, score, subject, teacher_id, time, view) values (?, ?, ?, ?, ?, ?, ?, ?, ?, ?, ?, ?, ?, ?, ?, ?)
make question 6108
Hibernate: insert into question (answer, choice1, choice2, choice3, choice4, choice5, content, correct, create_date, filepath, modify_date, score, subject, teacher_id, time, view) values (?, ?, ?, ?, ?, ?, ?, ?, ?, ?, ?, ?, ?, ?, ?, ?)
make question 6109
Hibernate: insert into question (answer, choice1, choice2, choice3, choice4, choice5, content, correct, create_date, filepath, modify_date, score, subject, teacher_id, time, view) values (?, ?, ?, ?, ?, ?, ?, ?, ?, ?, ?, ?, ?, ?, ?, ?)
make question 6110
Hibernate: insert into question (answer, choice1, choice2, choice3, choice4, choice5, content, correct, create_date, filepath, modify_date, score, subject, teacher_id, time, view) values (?, ?, ?, ?, ?, ?, ?, ?, ?, ?, ?, ?, ?, ?, ?, ?)
make question 6111
Hibernate: insert into question (answer, choice1, choice2, choice3, choice4, choice5, content, correct, create_date, filepath, modify_date, score, subject, teacher_id, time, view) values (?, ?, ?, ?, ?, ?, ?, ?, ?, ?, ?, ?, ?, ?, ?, ?)
make question 6112
Hibernate: insert into question (answer, choice1, choice2, choice3, choice4, choice5, content, correct, create_date, filepath, modify_date, score, subject, teacher_id, time, view) values (?, ?, ?, ?, ?, ?, ?, ?, ?, ?, ?, ?, ?, ?, ?, ?)
make question 6113
Hibernate: insert into question (answer, choice1, choice2, choice3, choice4, choice5, content, correct, create_date, filepath, modify_date, score, subject, teacher_id, time, view) values (?, ?, ?, ?, ?, ?, ?, ?, ?, ?, ?, ?, ?, ?, ?, ?)
make question 6114
Hibernate: insert into question (answer, choice1, choice2, choice3, choice4, choice5, content, correct, create_date, filepath, modify_date, score, subject, teacher_id, time, view) values (?, ?, ?, ?, ?, ?, ?, ?, ?, ?, ?, ?, ?, ?, ?, ?)
make question 6115
Hibernate: insert into question (answer, choice1, choice2, choice3, choice4, choice5, content, correct, create_date, filepath, modify_date, score, subject, teacher_id, time, view) values (?, ?, ?, ?, ?, ?, ?, ?, ?, ?, ?, ?, ?, ?, ?, ?)
make question 6116
Hibernate: insert into question (answer, choice1, choice2, choice3, choice4, choice5, content, correct, create_date, filepath, modify_date, score, subject, teacher_id, time, view) values (?, ?, ?, ?, ?, ?, ?, ?, ?, ?, ?, ?, ?, ?, ?, ?)
make question 6117
Hibernate: insert into question (answer, choice1, choice2, choice3, choice4, choice5, content, correct, create_date, filepath, modify_date, score, subject, teacher_id, time, view) values (?, ?, ?, ?, ?, ?, ?, ?, ?, ?, ?, ?, ?, ?, ?, ?)
make question 6118
Hibernate: insert into question (answer, choice1, choice2, choice3, choice4, choice5, content, correct, create_date, filepath, modify_date, score, subject, teacher_id, time, view) values (?, ?, ?, ?, ?, ?, ?, ?, ?, ?, ?, ?, ?, ?, ?, ?)
make question 6119
Hibernate: insert into question (answer, choice1, choice2, choice3, choice4, choice5, content, correct, create_date, filepath, modify_date, score, subject, teacher_id, time, view) values (?, ?, ?, ?, ?, ?, ?, ?, ?, ?, ?, ?, ?, ?, ?, ?)
make question 6120
Hibernate: insert into question (answer, choice1, choice2, choice3, choice4, choice5, content, correct, create_date, filepath, modify_date, score, subject, teacher_id, time, view) values (?, ?, ?, ?, ?, ?, ?, ?, ?, ?, ?, ?, ?, ?, ?, ?)
make question 6121
Hibernate: insert into question (answer, choice1, choice2, choice3, choice4, choice5, content, correct, create_date, filepath, modify_date, score, subject, teacher_id, time, view) values (?, ?, ?, ?, ?, ?, ?, ?, ?, ?, ?, ?, ?, ?, ?, ?)
make question 6122
Hibernate: insert into question (answer, choice1, choice2, choice3, choice4, choice5, content, correct, create_date, filepath, modify_date, score, subject, teacher_id, time, view) values (?, ?, ?, ?, ?, ?, ?, ?, ?, ?, ?, ?, ?, ?, ?, ?)
make question 6123
Hibernate: insert into question (answer, choice1, choice2, choice3, choice4, choice5, content, correct, create_date, filepath, modify_date, score, subject, teacher_id, time, view) values (?, ?, ?, ?, ?, ?, ?, ?, ?, ?, ?, ?, ?, ?, ?, ?)
make question 6124
Hibernate: insert into question (answer, choice1, choice2, choice3, choice4, choice5, content, correct, create_date, filepath, modify_date, score, subject, teacher_id, time, view) values (?, ?, ?, ?, ?, ?, ?, ?, ?, ?, ?, ?, ?, ?, ?, ?)
make question 6125
Hibernate: insert into question (answer, choice1, choice2, choice3, choice4, choice5, content, correct, create_date, filepath, modify_date, score, subject, teacher_id, time, view) values (?, ?, ?, ?, ?, ?, ?, ?, ?, ?, ?, ?, ?, ?, ?, ?)
make question 6126
Hibernate: insert into question (answer, choice1, choice2, choice3, choice4, choice5, content, correct, create_date, filepath, modify_date, score, subject, teacher_id, time, view) values (?, ?, ?, ?, ?, ?, ?, ?, ?, ?, ?, ?, ?, ?, ?, ?)
make question 6127
Hibernate: insert into question (answer, choice1, choice2, choice3, choice4, choice5, content, correct, create_date, filepath, modify_date, score, subject, teacher_id, time, view) values (?, ?, ?, ?, ?, ?, ?, ?, ?, ?, ?, ?, ?, ?, ?, ?)
make question 6128
Hibernate: insert into question (answer, choice1, choice2, choice3, choice4, choice5, content, correct, create_date, filepath, modify_date, score, subject, teacher_id, time, view) values (?, ?, ?, ?, ?, ?, ?, ?, ?, ?, ?, ?, ?, ?, ?, ?)
make question 6129
Hibernate: insert into question (answer, choice1, choice2, choice3, choice4, choice5, content, correct, create_date, filepath, modify_date, score, subject, teacher_id, time, view) values (?, ?, ?, ?, ?, ?, ?, ?, ?, ?, ?, ?, ?, ?, ?, ?)
make question 6130
Hibernate: insert into question (answer, choice1, choice2, choice3, choice4, choice5, content, correct, create_date, filepath, modify_date, score, subject, teacher_id, time, view) values (?, ?, ?, ?, ?, ?, ?, ?, ?, ?, ?, ?, ?, ?, ?, ?)
make question 6131
Hibernate: insert into question (answer, choice1, choice2, choice3, choice4, choice5, content, correct, create_date, filepath, modify_date, score, subject, teacher_id, time, view) values (?, ?, ?, ?, ?, ?, ?, ?, ?, ?, ?, ?, ?, ?, ?, ?)
make question 6132
Hibernate: insert into question (answer, choice1, choice2, choice3, choice4, choice5, content, correct, create_date, filepath, modify_date, score, subject, teacher_id, time, view) values (?, ?, ?, ?, ?, ?, ?, ?, ?, ?, ?, ?, ?, ?, ?, ?)
make question 6133
Hibernate: insert into question (answer, choice1, choice2, choice3, choice4, choice5, content, correct, create_date, filepath, modify_date, score, subject, teacher_id, time, view) values (?, ?, ?, ?, ?, ?, ?, ?, ?, ?, ?, ?, ?, ?, ?, ?)
make question 6134
Hibernate: insert into question (answer, choice1, choice2, choice3, choice4, choice5, content, correct, create_date, filepath, modify_date, score, subject, teacher_id, time, view) values (?, ?, ?, ?, ?, ?, ?, ?, ?, ?, ?, ?, ?, ?, ?, ?)
make question 6135
Hibernate: insert into question (answer, choice1, choice2, choice3, choice4, choice5, content, correct, create_date, filepath, modify_date, score, subject, teacher_id, time, view) values (?, ?, ?, ?, ?, ?, ?, ?, ?, ?, ?, ?, ?, ?, ?, ?)
make question 6136
Hibernate: insert into question (answer, choice1, choice2, choice3, choice4, choice5, content, correct, create_date, filepath, modify_date, score, subject, teacher_id, time, view) values (?, ?, ?, ?, ?, ?, ?, ?, ?, ?, ?, ?, ?, ?, ?, ?)
make question 6137
Hibernate: insert into question (answer, choice1, choice2, choice3, choice4, choice5, content, correct, create_date, filepath, modify_date, score, subject, teacher_id, time, view) values (?, ?, ?, ?, ?, ?, ?, ?, ?, ?, ?, ?, ?, ?, ?, ?)
make question 6138
Hibernate: insert into question (answer, choice1, choice2, choice3, choice4, choice5, content, correct, create_date, filepath, modify_date, score, subject, teacher_id, time, view) values (?, ?, ?, ?, ?, ?, ?, ?, ?, ?, ?, ?, ?, ?, ?, ?)
make question 6139
Hibernate: insert into question (answer, choice1, choice2, choice3, choice4, choice5, content, correct, create_date, filepath, modify_date, score, subject, teacher_id, time, view) values (?, ?, ?, ?, ?, ?, ?, ?, ?, ?, ?, ?, ?, ?, ?, ?)
make question 6140
Hibernate: insert into question (answer, choice1, choice2, choice3, choice4, choice5, content, correct, create_date, filepath, modify_date, score, subject, teacher_id, time, view) values (?, ?, ?, ?, ?, ?, ?, ?, ?, ?, ?, ?, ?, ?, ?, ?)
make question 6141
Hibernate: insert into question (answer, choice1, choice2, choice3, choice4, choice5, content, correct, create_date, filepath, modify_date, score, subject, teacher_id, time, view) values (?, ?, ?, ?, ?, ?, ?, ?, ?, ?, ?, ?, ?, ?, ?, ?)
make question 6142
Hibernate: insert into question (answer, choice1, choice2, choice3, choice4, choice5, content, correct, create_date, filepath, modify_date, score, subject, teacher_id, time, view) values (?, ?, ?, ?, ?, ?, ?, ?, ?, ?, ?, ?, ?, ?, ?, ?)
make question 6143
Hibernate: insert into question (answer, choice1, choice2, choice3, choice4, choice5, content, correct, create_date, filepath, modify_date, score, subject, teacher_id, time, view) values (?, ?, ?, ?, ?, ?, ?, ?, ?, ?, ?, ?, ?, ?, ?, ?)
make question 6144
Hibernate: insert into question (answer, choice1, choice2, choice3, choice4, choice5, content, correct, create_date, filepath, modify_date, score, subject, teacher_id, time, view) values (?, ?, ?, ?, ?, ?, ?, ?, ?, ?, ?, ?, ?, ?, ?, ?)
make question 6145
Hibernate: insert into question (answer, choice1, choice2, choice3, choice4, choice5, content, correct, create_date, filepath, modify_date, score, subject, teacher_id, time, view) values (?, ?, ?, ?, ?, ?, ?, ?, ?, ?, ?, ?, ?, ?, ?, ?)
make question 6146
Hibernate: insert into question (answer, choice1, choice2, choice3, choice4, choice5, content, correct, create_date, filepath, modify_date, score, subject, teacher_id, time, view) values (?, ?, ?, ?, ?, ?, ?, ?, ?, ?, ?, ?, ?, ?, ?, ?)
make question 6147
Hibernate: insert into question (answer, choice1, choice2, choice3, choice4, choice5, content, correct, create_date, filepath, modify_date, score, subject, teacher_id, time, view) values (?, ?, ?, ?, ?, ?, ?, ?, ?, ?, ?, ?, ?, ?, ?, ?)
make question 6148
Hibernate: insert into question (answer, choice1, choice2, choice3, choice4, choice5, content, correct, create_date, filepath, modify_date, score, subject, teacher_id, time, view) values (?, ?, ?, ?, ?, ?, ?, ?, ?, ?, ?, ?, ?, ?, ?, ?)
make question 6149
Hibernate: insert into question (answer, choice1, choice2, choice3, choice4, choice5, content, correct, create_date, filepath, modify_date, score, subject, teacher_id, time, view) values (?, ?, ?, ?, ?, ?, ?, ?, ?, ?, ?, ?, ?, ?, ?, ?)
make question 6150
Hibernate: insert into question (answer, choice1, choice2, choice3, choice4, choice5, content, correct, create_date, filepath, modify_date, score, subject, teacher_id, time, view) values (?, ?, ?, ?, ?, ?, ?, ?, ?, ?, ?, ?, ?, ?, ?, ?)
make question 6151
Hibernate: insert into question (answer, choice1, choice2, choice3, choice4, choice5, content, correct, create_date, filepath, modify_date, score, subject, teacher_id, time, view) values (?, ?, ?, ?, ?, ?, ?, ?, ?, ?, ?, ?, ?, ?, ?, ?)
make question 6152
Hibernate: insert into question (answer, choice1, choice2, choice3, choice4, choice5, content, correct, create_date, filepath, modify_date, score, subject, teacher_id, time, view) values (?, ?, ?, ?, ?, ?, ?, ?, ?, ?, ?, ?, ?, ?, ?, ?)
make question 6153
Hibernate: insert into question (answer, choice1, choice2, choice3, choice4, choice5, content, correct, create_date, filepath, modify_date, score, subject, teacher_id, time, view) values (?, ?, ?, ?, ?, ?, ?, ?, ?, ?, ?, ?, ?, ?, ?, ?)
make question 6154
Hibernate: insert into question (answer, choice1, choice2, choice3, choice4, choice5, content, correct, create_date, filepath, modify_date, score, subject, teacher_id, time, view) values (?, ?, ?, ?, ?, ?, ?, ?, ?, ?, ?, ?, ?, ?, ?, ?)
make question 6155
Hibernate: insert into question (answer, choice1, choice2, choice3, choice4, choice5, content, correct, create_date, filepath, modify_date, score, subject, teacher_id, time, view) values (?, ?, ?, ?, ?, ?, ?, ?, ?, ?, ?, ?, ?, ?, ?, ?)
make question 6156
Hibernate: insert into question (answer, choice1, choice2, choice3, choice4, choice5, content, correct, create_date, filepath, modify_date, score, subject, teacher_id, time, view) values (?, ?, ?, ?, ?, ?, ?, ?, ?, ?, ?, ?, ?, ?, ?, ?)
make question 6157
Hibernate: insert into question (answer, choice1, choice2, choice3, choice4, choice5, content, correct, create_date, filepath, modify_date, score, subject, teacher_id, time, view) values (?, ?, ?, ?, ?, ?, ?, ?, ?, ?, ?, ?, ?, ?, ?, ?)
make question 6158
Hibernate: insert into question (answer, choice1, choice2, choice3, choice4, choice5, content, correct, create_date, filepath, modify_date, score, subject, teacher_id, time, view) values (?, ?, ?, ?, ?, ?, ?, ?, ?, ?, ?, ?, ?, ?, ?, ?)
make question 6159
Hibernate: insert into question (answer, choice1, choice2, choice3, choice4, choice5, content, correct, create_date, filepath, modify_date, score, subject, teacher_id, time, view) values (?, ?, ?, ?, ?, ?, ?, ?, ?, ?, ?, ?, ?, ?, ?, ?)
make question 6160
Hibernate: insert into question (answer, choice1, choice2, choice3, choice4, choice5, content, correct, create_date, filepath, modify_date, score, subject, teacher_id, time, view) values (?, ?, ?, ?, ?, ?, ?, ?, ?, ?, ?, ?, ?, ?, ?, ?)
make question 6161
Hibernate: insert into question (answer, choice1, choice2, choice3, choice4, choice5, content, correct, create_date, filepath, modify_date, score, subject, teacher_id, time, view) values (?, ?, ?, ?, ?, ?, ?, ?, ?, ?, ?, ?, ?, ?, ?, ?)
make question 6162
Hibernate: insert into question (answer, choice1, choice2, choice3, choice4, choice5, content, correct, create_date, filepath, modify_date, score, subject, teacher_id, time, view) values (?, ?, ?, ?, ?, ?, ?, ?, ?, ?, ?, ?, ?, ?, ?, ?)
make question 6163
Hibernate: insert into question (answer, choice1, choice2, choice3, choice4, choice5, content, correct, create_date, filepath, modify_date, score, subject, teacher_id, time, view) values (?, ?, ?, ?, ?, ?, ?, ?, ?, ?, ?, ?, ?, ?, ?, ?)
make question 6164
Hibernate: insert into question (answer, choice1, choice2, choice3, choice4, choice5, content, correct, create_date, filepath, modify_date, score, subject, teacher_id, time, view) values (?, ?, ?, ?, ?, ?, ?, ?, ?, ?, ?, ?, ?, ?, ?, ?)
make question 6165
Hibernate: insert into question (answer, choice1, choice2, choice3, choice4, choice5, content, correct, create_date, filepath, modify_date, score, subject, teacher_id, time, view) values (?, ?, ?, ?, ?, ?, ?, ?, ?, ?, ?, ?, ?, ?, ?, ?)
make question 6166
Hibernate: insert into question (answer, choice1, choice2, choice3, choice4, choice5, content, correct, create_date, filepath, modify_date, score, subject, teacher_id, time, view) values (?, ?, ?, ?, ?, ?, ?, ?, ?, ?, ?, ?, ?, ?, ?, ?)
make question 6167
Hibernate: insert into question (answer, choice1, choice2, choice3, choice4, choice5, content, correct, create_date, filepath, modify_date, score, subject, teacher_id, time, view) values (?, ?, ?, ?, ?, ?, ?, ?, ?, ?, ?, ?, ?, ?, ?, ?)
make question 6168
Hibernate: insert into question (answer, choice1, choice2, choice3, choice4, choice5, content, correct, create_date, filepath, modify_date, score, subject, teacher_id, time, view) values (?, ?, ?, ?, ?, ?, ?, ?, ?, ?, ?, ?, ?, ?, ?, ?)
make question 6169
Hibernate: insert into question (answer, choice1, choice2, choice3, choice4, choice5, content, correct, create_date, filepath, modify_date, score, subject, teacher_id, time, view) values (?, ?, ?, ?, ?, ?, ?, ?, ?, ?, ?, ?, ?, ?, ?, ?)
make question 6170
Hibernate: insert into question (answer, choice1, choice2, choice3, choice4, choice5, content, correct, create_date, filepath, modify_date, score, subject, teacher_id, time, view) values (?, ?, ?, ?, ?, ?, ?, ?, ?, ?, ?, ?, ?, ?, ?, ?)
make question 6171
Hibernate: insert into question (answer, choice1, choice2, choice3, choice4, choice5, content, correct, create_date, filepath, modify_date, score, subject, teacher_id, time, view) values (?, ?, ?, ?, ?, ?, ?, ?, ?, ?, ?, ?, ?, ?, ?, ?)
make question 6172
Hibernate: insert into question (answer, choice1, choice2, choice3, choice4, choice5, content, correct, create_date, filepath, modify_date, score, subject, teacher_id, time, view) values (?, ?, ?, ?, ?, ?, ?, ?, ?, ?, ?, ?, ?, ?, ?, ?)
make question 6173
Hibernate: insert into question (answer, choice1, choice2, choice3, choice4, choice5, content, correct, create_date, filepath, modify_date, score, subject, teacher_id, time, view) values (?, ?, ?, ?, ?, ?, ?, ?, ?, ?, ?, ?, ?, ?, ?, ?)
make question 6174
Hibernate: insert into question (answer, choice1, choice2, choice3, choice4, choice5, content, correct, create_date, filepath, modify_date, score, subject, teacher_id, time, view) values (?, ?, ?, ?, ?, ?, ?, ?, ?, ?, ?, ?, ?, ?, ?, ?)
make question 6175
Hibernate: insert into question (answer, choice1, choice2, choice3, choice4, choice5, content, correct, create_date, filepath, modify_date, score, subject, teacher_id, time, view) values (?, ?, ?, ?, ?, ?, ?, ?, ?, ?, ?, ?, ?, ?, ?, ?)
make question 6176
Hibernate: insert into question (answer, choice1, choice2, choice3, choice4, choice5, content, correct, create_date, filepath, modify_date, score, subject, teacher_id, time, view) values (?, ?, ?, ?, ?, ?, ?, ?, ?, ?, ?, ?, ?, ?, ?, ?)
make question 6177
Hibernate: insert into question (answer, choice1, choice2, choice3, choice4, choice5, content, correct, create_date, filepath, modify_date, score, subject, teacher_id, time, view) values (?, ?, ?, ?, ?, ?, ?, ?, ?, ?, ?, ?, ?, ?, ?, ?)
make question 6178
Hibernate: insert into question (answer, choice1, choice2, choice3, choice4, choice5, content, correct, create_date, filepath, modify_date, score, subject, teacher_id, time, view) values (?, ?, ?, ?, ?, ?, ?, ?, ?, ?, ?, ?, ?, ?, ?, ?)
make question 6179
Hibernate: insert into question (answer, choice1, choice2, choice3, choice4, choice5, content, correct, create_date, filepath, modify_date, score, subject, teacher_id, time, view) values (?, ?, ?, ?, ?, ?, ?, ?, ?, ?, ?, ?, ?, ?, ?, ?)
make question 6180
Hibernate: insert into question (answer, choice1, choice2, choice3, choice4, choice5, content, correct, create_date, filepath, modify_date, score, subject, teacher_id, time, view) values (?, ?, ?, ?, ?, ?, ?, ?, ?, ?, ?, ?, ?, ?, ?, ?)
make question 6181
Hibernate: insert into question (answer, choice1, choice2, choice3, choice4, choice5, content, correct, create_date, filepath, modify_date, score, subject, teacher_id, time, view) values (?, ?, ?, ?, ?, ?, ?, ?, ?, ?, ?, ?, ?, ?, ?, ?)
make question 6182
Hibernate: insert into question (answer, choice1, choice2, choice3, choice4, choice5, content, correct, create_date, filepath, modify_date, score, subject, teacher_id, time, view) values (?, ?, ?, ?, ?, ?, ?, ?, ?, ?, ?, ?, ?, ?, ?, ?)
make question 6183
Hibernate: insert into question (answer, choice1, choice2, choice3, choice4, choice5, content, correct, create_date, filepath, modify_date, score, subject, teacher_id, time, view) values (?, ?, ?, ?, ?, ?, ?, ?, ?, ?, ?, ?, ?, ?, ?, ?)
make question 6184
Hibernate: insert into question (answer, choice1, choice2, choice3, choice4, choice5, content, correct, create_date, filepath, modify_date, score, subject, teacher_id, time, view) values (?, ?, ?, ?, ?, ?, ?, ?, ?, ?, ?, ?, ?, ?, ?, ?)
make question 6185
Hibernate: insert into question (answer, choice1, choice2, choice3, choice4, choice5, content, correct, create_date, filepath, modify_date, score, subject, teacher_id, time, view) values (?, ?, ?, ?, ?, ?, ?, ?, ?, ?, ?, ?, ?, ?, ?, ?)
make question 6186
Hibernate: insert into question (answer, choice1, choice2, choice3, choice4, choice5, content, correct, create_date, filepath, modify_date, score, subject, teacher_id, time, view) values (?, ?, ?, ?, ?, ?, ?, ?, ?, ?, ?, ?, ?, ?, ?, ?)
make question 6187
Hibernate: insert into question (answer, choice1, choice2, choice3, choice4, choice5, content, correct, create_date, filepath, modify_date, score, subject, teacher_id, time, view) values (?, ?, ?, ?, ?, ?, ?, ?, ?, ?, ?, ?, ?, ?, ?, ?)
make question 6188
Hibernate: insert into question (answer, choice1, choice2, choice3, choice4, choice5, content, correct, create_date, filepath, modify_date, score, subject, teacher_id, time, view) values (?, ?, ?, ?, ?, ?, ?, ?, ?, ?, ?, ?, ?, ?, ?, ?)
make question 6189
Hibernate: insert into question (answer, choice1, choice2, choice3, choice4, choice5, content, correct, create_date, filepath, modify_date, score, subject, teacher_id, time, view) values (?, ?, ?, ?, ?, ?, ?, ?, ?, ?, ?, ?, ?, ?, ?, ?)
make question 6190
Hibernate: insert into question (answer, choice1, choice2, choice3, choice4, choice5, content, correct, create_date, filepath, modify_date, score, subject, teacher_id, time, view) values (?, ?, ?, ?, ?, ?, ?, ?, ?, ?, ?, ?, ?, ?, ?, ?)
make question 6191
Hibernate: insert into question (answer, choice1, choice2, choice3, choice4, choice5, content, correct, create_date, filepath, modify_date, score, subject, teacher_id, time, view) values (?, ?, ?, ?, ?, ?, ?, ?, ?, ?, ?, ?, ?, ?, ?, ?)
make question 6192
Hibernate: insert into question (answer, choice1, choice2, choice3, choice4, choice5, content, correct, create_date, filepath, modify_date, score, subject, teacher_id, time, view) values (?, ?, ?, ?, ?, ?, ?, ?, ?, ?, ?, ?, ?, ?, ?, ?)
make question 6193
Hibernate: insert into question (answer, choice1, choice2, choice3, choice4, choice5, content, correct, create_date, filepath, modify_date, score, subject, teacher_id, time, view) values (?, ?, ?, ?, ?, ?, ?, ?, ?, ?, ?, ?, ?, ?, ?, ?)
make question 6194
Hibernate: insert into question (answer, choice1, choice2, choice3, choice4, choice5, content, correct, create_date, filepath, modify_date, score, subject, teacher_id, time, view) values (?, ?, ?, ?, ?, ?, ?, ?, ?, ?, ?, ?, ?, ?, ?, ?)
make question 6195
Hibernate: insert into question (answer, choice1, choice2, choice3, choice4, choice5, content, correct, create_date, filepath, modify_date, score, subject, teacher_id, time, view) values (?, ?, ?, ?, ?, ?, ?, ?, ?, ?, ?, ?, ?, ?, ?, ?)
make question 6196
Hibernate: insert into question (answer, choice1, choice2, choice3, choice4, choice5, content, correct, create_date, filepath, modify_date, score, subject, teacher_id, time, view) values (?, ?, ?, ?, ?, ?, ?, ?, ?, ?, ?, ?, ?, ?, ?, ?)
make question 6197
Hibernate: insert into question (answer, choice1, choice2, choice3, choice4, choice5, content, correct, create_date, filepath, modify_date, score, subject, teacher_id, time, view) values (?, ?, ?, ?, ?, ?, ?, ?, ?, ?, ?, ?, ?, ?, ?, ?)
make question 6198
Hibernate: insert into question (answer, choice1, choice2, choice3, choice4, choice5, content, correct, create_date, filepath, modify_date, score, subject, teacher_id, time, view) values (?, ?, ?, ?, ?, ?, ?, ?, ?, ?, ?, ?, ?, ?, ?, ?)
make question 6199
Hibernate: insert into question (answer, choice1, choice2, choice3, choice4, choice5, content, correct, create_date, filepath, modify_date, score, subject, teacher_id, time, view) values (?, ?, ?, ?, ?, ?, ?, ?, ?, ?, ?, ?, ?, ?, ?, ?)
make question 6200
Hibernate: insert into question (answer, choice1, choice2, choice3, choice4, choice5, content, correct, create_date, filepath, modify_date, score, subject, teacher_id, time, view) values (?, ?, ?, ?, ?, ?, ?, ?, ?, ?, ?, ?, ?, ?, ?, ?)
make question 6201
Hibernate: insert into question (answer, choice1, choice2, choice3, choice4, choice5, content, correct, create_date, filepath, modify_date, score, subject, teacher_id, time, view) values (?, ?, ?, ?, ?, ?, ?, ?, ?, ?, ?, ?, ?, ?, ?, ?)
make question 6202
Hibernate: insert into question (answer, choice1, choice2, choice3, choice4, choice5, content, correct, create_date, filepath, modify_date, score, subject, teacher_id, time, view) values (?, ?, ?, ?, ?, ?, ?, ?, ?, ?, ?, ?, ?, ?, ?, ?)
make question 6203
Hibernate: insert into question (answer, choice1, choice2, choice3, choice4, choice5, content, correct, create_date, filepath, modify_date, score, subject, teacher_id, time, view) values (?, ?, ?, ?, ?, ?, ?, ?, ?, ?, ?, ?, ?, ?, ?, ?)
make question 6204
Hibernate: insert into question (answer, choice1, choice2, choice3, choice4, choice5, content, correct, create_date, filepath, modify_date, score, subject, teacher_id, time, view) values (?, ?, ?, ?, ?, ?, ?, ?, ?, ?, ?, ?, ?, ?, ?, ?)
make question 6205
Hibernate: insert into question (answer, choice1, choice2, choice3, choice4, choice5, content, correct, create_date, filepath, modify_date, score, subject, teacher_id, time, view) values (?, ?, ?, ?, ?, ?, ?, ?, ?, ?, ?, ?, ?, ?, ?, ?)
make question 6206
Hibernate: insert into question (answer, choice1, choice2, choice3, choice4, choice5, content, correct, create_date, filepath, modify_date, score, subject, teacher_id, time, view) values (?, ?, ?, ?, ?, ?, ?, ?, ?, ?, ?, ?, ?, ?, ?, ?)
make question 6207
Hibernate: insert into question (answer, choice1, choice2, choice3, choice4, choice5, content, correct, create_date, filepath, modify_date, score, subject, teacher_id, time, view) values (?, ?, ?, ?, ?, ?, ?, ?, ?, ?, ?, ?, ?, ?, ?, ?)
make question 6208
Hibernate: insert into question (answer, choice1, choice2, choice3, choice4, choice5, content, correct, create_date, filepath, modify_date, score, subject, teacher_id, time, view) values (?, ?, ?, ?, ?, ?, ?, ?, ?, ?, ?, ?, ?, ?, ?, ?)
make question 6209
Hibernate: insert into question (answer, choice1, choice2, choice3, choice4, choice5, content, correct, create_date, filepath, modify_date, score, subject, teacher_id, time, view) values (?, ?, ?, ?, ?, ?, ?, ?, ?, ?, ?, ?, ?, ?, ?, ?)
make question 6210
Hibernate: insert into question (answer, choice1, choice2, choice3, choice4, choice5, content, correct, create_date, filepath, modify_date, score, subject, teacher_id, time, view) values (?, ?, ?, ?, ?, ?, ?, ?, ?, ?, ?, ?, ?, ?, ?, ?)
make question 6211
Hibernate: insert into question (answer, choice1, choice2, choice3, choice4, choice5, content, correct, create_date, filepath, modify_date, score, subject, teacher_id, time, view) values (?, ?, ?, ?, ?, ?, ?, ?, ?, ?, ?, ?, ?, ?, ?, ?)
make question 6212
Hibernate: insert into question (answer, choice1, choice2, choice3, choice4, choice5, content, correct, create_date, filepath, modify_date, score, subject, teacher_id, time, view) values (?, ?, ?, ?, ?, ?, ?, ?, ?, ?, ?, ?, ?, ?, ?, ?)
make question 6213
Hibernate: insert into question (answer, choice1, choice2, choice3, choice4, choice5, content, correct, create_date, filepath, modify_date, score, subject, teacher_id, time, view) values (?, ?, ?, ?, ?, ?, ?, ?, ?, ?, ?, ?, ?, ?, ?, ?)
make question 6214
Hibernate: insert into question (answer, choice1, choice2, choice3, choice4, choice5, content, correct, create_date, filepath, modify_date, score, subject, teacher_id, time, view) values (?, ?, ?, ?, ?, ?, ?, ?, ?, ?, ?, ?, ?, ?, ?, ?)
make question 6215
Hibernate: insert into question (answer, choice1, choice2, choice3, choice4, choice5, content, correct, create_date, filepath, modify_date, score, subject, teacher_id, time, view) values (?, ?, ?, ?, ?, ?, ?, ?, ?, ?, ?, ?, ?, ?, ?, ?)
make question 6216
Hibernate: insert into question (answer, choice1, choice2, choice3, choice4, choice5, content, correct, create_date, filepath, modify_date, score, subject, teacher_id, time, view) values (?, ?, ?, ?, ?, ?, ?, ?, ?, ?, ?, ?, ?, ?, ?, ?)
make question 6217
Hibernate: insert into question (answer, choice1, choice2, choice3, choice4, choice5, content, correct, create_date, filepath, modify_date, score, subject, teacher_id, time, view) values (?, ?, ?, ?, ?, ?, ?, ?, ?, ?, ?, ?, ?, ?, ?, ?)
make question 6218
Hibernate: insert into question (answer, choice1, choice2, choice3, choice4, choice5, content, correct, create_date, filepath, modify_date, score, subject, teacher_id, time, view) values (?, ?, ?, ?, ?, ?, ?, ?, ?, ?, ?, ?, ?, ?, ?, ?)
make question 6219
Hibernate: insert into question (answer, choice1, choice2, choice3, choice4, choice5, content, correct, create_date, filepath, modify_date, score, subject, teacher_id, time, view) values (?, ?, ?, ?, ?, ?, ?, ?, ?, ?, ?, ?, ?, ?, ?, ?)
make question 6220
Hibernate: insert into question (answer, choice1, choice2, choice3, choice4, choice5, content, correct, create_date, filepath, modify_date, score, subject, teacher_id, time, view) values (?, ?, ?, ?, ?, ?, ?, ?, ?, ?, ?, ?, ?, ?, ?, ?)
make question 6221
Hibernate: insert into question (answer, choice1, choice2, choice3, choice4, choice5, content, correct, create_date, filepath, modify_date, score, subject, teacher_id, time, view) values (?, ?, ?, ?, ?, ?, ?, ?, ?, ?, ?, ?, ?, ?, ?, ?)
make question 6222
Hibernate: insert into question (answer, choice1, choice2, choice3, choice4, choice5, content, correct, create_date, filepath, modify_date, score, subject, teacher_id, time, view) values (?, ?, ?, ?, ?, ?, ?, ?, ?, ?, ?, ?, ?, ?, ?, ?)
make question 6223
Hibernate: insert into question (answer, choice1, choice2, choice3, choice4, choice5, content, correct, create_date, filepath, modify_date, score, subject, teacher_id, time, view) values (?, ?, ?, ?, ?, ?, ?, ?, ?, ?, ?, ?, ?, ?, ?, ?)
make question 6224
Hibernate: insert into question (answer, choice1, choice2, choice3, choice4, choice5, content, correct, create_date, filepath, modify_date, score, subject, teacher_id, time, view) values (?, ?, ?, ?, ?, ?, ?, ?, ?, ?, ?, ?, ?, ?, ?, ?)
make question 6225
Hibernate: insert into question (answer, choice1, choice2, choice3, choice4, choice5, content, correct, create_date, filepath, modify_date, score, subject, teacher_id, time, view) values (?, ?, ?, ?, ?, ?, ?, ?, ?, ?, ?, ?, ?, ?, ?, ?)
make question 6226
Hibernate: insert into question (answer, choice1, choice2, choice3, choice4, choice5, content, correct, create_date, filepath, modify_date, score, subject, teacher_id, time, view) values (?, ?, ?, ?, ?, ?, ?, ?, ?, ?, ?, ?, ?, ?, ?, ?)
make question 6227
Hibernate: insert into question (answer, choice1, choice2, choice3, choice4, choice5, content, correct, create_date, filepath, modify_date, score, subject, teacher_id, time, view) values (?, ?, ?, ?, ?, ?, ?, ?, ?, ?, ?, ?, ?, ?, ?, ?)
make question 6228
Hibernate: insert into question (answer, choice1, choice2, choice3, choice4, choice5, content, correct, create_date, filepath, modify_date, score, subject, teacher_id, time, view) values (?, ?, ?, ?, ?, ?, ?, ?, ?, ?, ?, ?, ?, ?, ?, ?)
make question 6229
Hibernate: insert into question (answer, choice1, choice2, choice3, choice4, choice5, content, correct, create_date, filepath, modify_date, score, subject, teacher_id, time, view) values (?, ?, ?, ?, ?, ?, ?, ?, ?, ?, ?, ?, ?, ?, ?, ?)
make question 6230
Hibernate: insert into question (answer, choice1, choice2, choice3, choice4, choice5, content, correct, create_date, filepath, modify_date, score, subject, teacher_id, time, view) values (?, ?, ?, ?, ?, ?, ?, ?, ?, ?, ?, ?, ?, ?, ?, ?)
make question 6231
Hibernate: insert into question (answer, choice1, choice2, choice3, choice4, choice5, content, correct, create_date, filepath, modify_date, score, subject, teacher_id, time, view) values (?, ?, ?, ?, ?, ?, ?, ?, ?, ?, ?, ?, ?, ?, ?, ?)
make question 6232
Hibernate: insert into question (answer, choice1, choice2, choice3, choice4, choice5, content, correct, create_date, filepath, modify_date, score, subject, teacher_id, time, view) values (?, ?, ?, ?, ?, ?, ?, ?, ?, ?, ?, ?, ?, ?, ?, ?)
make question 6233
Hibernate: insert into question (answer, choice1, choice2, choice3, choice4, choice5, content, correct, create_date, filepath, modify_date, score, subject, teacher_id, time, view) values (?, ?, ?, ?, ?, ?, ?, ?, ?, ?, ?, ?, ?, ?, ?, ?)
make question 6234
Hibernate: insert into question (answer, choice1, choice2, choice3, choice4, choice5, content, correct, create_date, filepath, modify_date, score, subject, teacher_id, time, view) values (?, ?, ?, ?, ?, ?, ?, ?, ?, ?, ?, ?, ?, ?, ?, ?)
make question 6235
Hibernate: insert into question (answer, choice1, choice2, choice3, choice4, choice5, content, correct, create_date, filepath, modify_date, score, subject, teacher_id, time, view) values (?, ?, ?, ?, ?, ?, ?, ?, ?, ?, ?, ?, ?, ?, ?, ?)
make question 6236
Hibernate: insert into question (answer, choice1, choice2, choice3, choice4, choice5, content, correct, create_date, filepath, modify_date, score, subject, teacher_id, time, view) values (?, ?, ?, ?, ?, ?, ?, ?, ?, ?, ?, ?, ?, ?, ?, ?)
make question 6237
Hibernate: insert into question (answer, choice1, choice2, choice3, choice4, choice5, content, correct, create_date, filepath, modify_date, score, subject, teacher_id, time, view) values (?, ?, ?, ?, ?, ?, ?, ?, ?, ?, ?, ?, ?, ?, ?, ?)
make question 6238
Hibernate: insert into question (answer, choice1, choice2, choice3, choice4, choice5, content, correct, create_date, filepath, modify_date, score, subject, teacher_id, time, view) values (?, ?, ?, ?, ?, ?, ?, ?, ?, ?, ?, ?, ?, ?, ?, ?)
make question 6239
Hibernate: insert into question (answer, choice1, choice2, choice3, choice4, choice5, content, correct, create_date, filepath, modify_date, score, subject, teacher_id, time, view) values (?, ?, ?, ?, ?, ?, ?, ?, ?, ?, ?, ?, ?, ?, ?, ?)
make question 6240
Hibernate: insert into question (answer, choice1, choice2, choice3, choice4, choice5, content, correct, create_date, filepath, modify_date, score, subject, teacher_id, time, view) values (?, ?, ?, ?, ?, ?, ?, ?, ?, ?, ?, ?, ?, ?, ?, ?)
make question 6241
Hibernate: insert into question (answer, choice1, choice2, choice3, choice4, choice5, content, correct, create_date, filepath, modify_date, score, subject, teacher_id, time, view) values (?, ?, ?, ?, ?, ?, ?, ?, ?, ?, ?, ?, ?, ?, ?, ?)
make question 6242
Hibernate: insert into question (answer, choice1, choice2, choice3, choice4, choice5, content, correct, create_date, filepath, modify_date, score, subject, teacher_id, time, view) values (?, ?, ?, ?, ?, ?, ?, ?, ?, ?, ?, ?, ?, ?, ?, ?)
make question 6243
Hibernate: insert into question (answer, choice1, choice2, choice3, choice4, choice5, content, correct, create_date, filepath, modify_date, score, subject, teacher_id, time, view) values (?, ?, ?, ?, ?, ?, ?, ?, ?, ?, ?, ?, ?, ?, ?, ?)
make question 6244
Hibernate: insert into question (answer, choice1, choice2, choice3, choice4, choice5, content, correct, create_date, filepath, modify_date, score, subject, teacher_id, time, view) values (?, ?, ?, ?, ?, ?, ?, ?, ?, ?, ?, ?, ?, ?, ?, ?)
make question 6245
Hibernate: insert into question (answer, choice1, choice2, choice3, choice4, choice5, content, correct, create_date, filepath, modify_date, score, subject, teacher_id, time, view) values (?, ?, ?, ?, ?, ?, ?, ?, ?, ?, ?, ?, ?, ?, ?, ?)
make question 6246
Hibernate: insert into question (answer, choice1, choice2, choice3, choice4, choice5, content, correct, create_date, filepath, modify_date, score, subject, teacher_id, time, view) values (?, ?, ?, ?, ?, ?, ?, ?, ?, ?, ?, ?, ?, ?, ?, ?)
make question 6247
Hibernate: insert into question (answer, choice1, choice2, choice3, choice4, choice5, content, correct, create_date, filepath, modify_date, score, subject, teacher_id, time, view) values (?, ?, ?, ?, ?, ?, ?, ?, ?, ?, ?, ?, ?, ?, ?, ?)
make question 6248
Hibernate: insert into question (answer, choice1, choice2, choice3, choice4, choice5, content, correct, create_date, filepath, modify_date, score, subject, teacher_id, time, view) values (?, ?, ?, ?, ?, ?, ?, ?, ?, ?, ?, ?, ?, ?, ?, ?)
make question 6249
Hibernate: insert into question (answer, choice1, choice2, choice3, choice4, choice5, content, correct, create_date, filepath, modify_date, score, subject, teacher_id, time, view) values (?, ?, ?, ?, ?, ?, ?, ?, ?, ?, ?, ?, ?, ?, ?, ?)
make question 6250
Hibernate: insert into question (answer, choice1, choice2, choice3, choice4, choice5, content, correct, create_date, filepath, modify_date, score, subject, teacher_id, time, view) values (?, ?, ?, ?, ?, ?, ?, ?, ?, ?, ?, ?, ?, ?, ?, ?)
make question 6251
Hibernate: insert into question (answer, choice1, choice2, choice3, choice4, choice5, content, correct, create_date, filepath, modify_date, score, subject, teacher_id, time, view) values (?, ?, ?, ?, ?, ?, ?, ?, ?, ?, ?, ?, ?, ?, ?, ?)
make question 6252
Hibernate: insert into question (answer, choice1, choice2, choice3, choice4, choice5, content, correct, create_date, filepath, modify_date, score, subject, teacher_id, time, view) values (?, ?, ?, ?, ?, ?, ?, ?, ?, ?, ?, ?, ?, ?, ?, ?)
make question 6253
Hibernate: insert into question (answer, choice1, choice2, choice3, choice4, choice5, content, correct, create_date, filepath, modify_date, score, subject, teacher_id, time, view) values (?, ?, ?, ?, ?, ?, ?, ?, ?, ?, ?, ?, ?, ?, ?, ?)
make question 6254
Hibernate: insert into question (answer, choice1, choice2, choice3, choice4, choice5, content, correct, create_date, filepath, modify_date, score, subject, teacher_id, time, view) values (?, ?, ?, ?, ?, ?, ?, ?, ?, ?, ?, ?, ?, ?, ?, ?)
make question 6255
Hibernate: insert into question (answer, choice1, choice2, choice3, choice4, choice5, content, correct, create_date, filepath, modify_date, score, subject, teacher_id, time, view) values (?, ?, ?, ?, ?, ?, ?, ?, ?, ?, ?, ?, ?, ?, ?, ?)
make question 6256
Hibernate: insert into question (answer, choice1, choice2, choice3, choice4, choice5, content, correct, create_date, filepath, modify_date, score, subject, teacher_id, time, view) values (?, ?, ?, ?, ?, ?, ?, ?, ?, ?, ?, ?, ?, ?, ?, ?)
make question 6257
Hibernate: insert into question (answer, choice1, choice2, choice3, choice4, choice5, content, correct, create_date, filepath, modify_date, score, subject, teacher_id, time, view) values (?, ?, ?, ?, ?, ?, ?, ?, ?, ?, ?, ?, ?, ?, ?, ?)
make question 6258
Hibernate: insert into question (answer, choice1, choice2, choice3, choice4, choice5, content, correct, create_date, filepath, modify_date, score, subject, teacher_id, time, view) values (?, ?, ?, ?, ?, ?, ?, ?, ?, ?, ?, ?, ?, ?, ?, ?)
make question 6259
Hibernate: insert into question (answer, choice1, choice2, choice3, choice4, choice5, content, correct, create_date, filepath, modify_date, score, subject, teacher_id, time, view) values (?, ?, ?, ?, ?, ?, ?, ?, ?, ?, ?, ?, ?, ?, ?, ?)
make question 6260
Hibernate: insert into question (answer, choice1, choice2, choice3, choice4, choice5, content, correct, create_date, filepath, modify_date, score, subject, teacher_id, time, view) values (?, ?, ?, ?, ?, ?, ?, ?, ?, ?, ?, ?, ?, ?, ?, ?)
make question 6261
Hibernate: insert into question (answer, choice1, choice2, choice3, choice4, choice5, content, correct, create_date, filepath, modify_date, score, subject, teacher_id, time, view) values (?, ?, ?, ?, ?, ?, ?, ?, ?, ?, ?, ?, ?, ?, ?, ?)
make question 6262
Hibernate: insert into question (answer, choice1, choice2, choice3, choice4, choice5, content, correct, create_date, filepath, modify_date, score, subject, teacher_id, time, view) values (?, ?, ?, ?, ?, ?, ?, ?, ?, ?, ?, ?, ?, ?, ?, ?)
make question 6263
Hibernate: insert into question (answer, choice1, choice2, choice3, choice4, choice5, content, correct, create_date, filepath, modify_date, score, subject, teacher_id, time, view) values (?, ?, ?, ?, ?, ?, ?, ?, ?, ?, ?, ?, ?, ?, ?, ?)
make question 6264
Hibernate: insert into question (answer, choice1, choice2, choice3, choice4, choice5, content, correct, create_date, filepath, modify_date, score, subject, teacher_id, time, view) values (?, ?, ?, ?, ?, ?, ?, ?, ?, ?, ?, ?, ?, ?, ?, ?)
make question 6265
Hibernate: insert into question (answer, choice1, choice2, choice3, choice4, choice5, content, correct, create_date, filepath, modify_date, score, subject, teacher_id, time, view) values (?, ?, ?, ?, ?, ?, ?, ?, ?, ?, ?, ?, ?, ?, ?, ?)
make question 6266
Hibernate: insert into question (answer, choice1, choice2, choice3, choice4, choice5, content, correct, create_date, filepath, modify_date, score, subject, teacher_id, time, view) values (?, ?, ?, ?, ?, ?, ?, ?, ?, ?, ?, ?, ?, ?, ?, ?)
make question 6267
Hibernate: insert into question (answer, choice1, choice2, choice3, choice4, choice5, content, correct, create_date, filepath, modify_date, score, subject, teacher_id, time, view) values (?, ?, ?, ?, ?, ?, ?, ?, ?, ?, ?, ?, ?, ?, ?, ?)
make question 6268
Hibernate: insert into question (answer, choice1, choice2, choice3, choice4, choice5, content, correct, create_date, filepath, modify_date, score, subject, teacher_id, time, view) values (?, ?, ?, ?, ?, ?, ?, ?, ?, ?, ?, ?, ?, ?, ?, ?)
make question 6269
Hibernate: insert into question (answer, choice1, choice2, choice3, choice4, choice5, content, correct, create_date, filepath, modify_date, score, subject, teacher_id, time, view) values (?, ?, ?, ?, ?, ?, ?, ?, ?, ?, ?, ?, ?, ?, ?, ?)
make question 6270
Hibernate: insert into question (answer, choice1, choice2, choice3, choice4, choice5, content, correct, create_date, filepath, modify_date, score, subject, teacher_id, time, view) values (?, ?, ?, ?, ?, ?, ?, ?, ?, ?, ?, ?, ?, ?, ?, ?)
make question 6271
Hibernate: insert into question (answer, choice1, choice2, choice3, choice4, choice5, content, correct, create_date, filepath, modify_date, score, subject, teacher_id, time, view) values (?, ?, ?, ?, ?, ?, ?, ?, ?, ?, ?, ?, ?, ?, ?, ?)
make question 6272
Hibernate: insert into question (answer, choice1, choice2, choice3, choice4, choice5, content, correct, create_date, filepath, modify_date, score, subject, teacher_id, time, view) values (?, ?, ?, ?, ?, ?, ?, ?, ?, ?, ?, ?, ?, ?, ?, ?)
make question 6273
Hibernate: insert into question (answer, choice1, choice2, choice3, choice4, choice5, content, correct, create_date, filepath, modify_date, score, subject, teacher_id, time, view) values (?, ?, ?, ?, ?, ?, ?, ?, ?, ?, ?, ?, ?, ?, ?, ?)
make question 6274
Hibernate: insert into question (answer, choice1, choice2, choice3, choice4, choice5, content, correct, create_date, filepath, modify_date, score, subject, teacher_id, time, view) values (?, ?, ?, ?, ?, ?, ?, ?, ?, ?, ?, ?, ?, ?, ?, ?)
make question 6275
Hibernate: insert into question (answer, choice1, choice2, choice3, choice4, choice5, content, correct, create_date, filepath, modify_date, score, subject, teacher_id, time, view) values (?, ?, ?, ?, ?, ?, ?, ?, ?, ?, ?, ?, ?, ?, ?, ?)
make question 6276
Hibernate: insert into question (answer, choice1, choice2, choice3, choice4, choice5, content, correct, create_date, filepath, modify_date, score, subject, teacher_id, time, view) values (?, ?, ?, ?, ?, ?, ?, ?, ?, ?, ?, ?, ?, ?, ?, ?)
make question 6277
Hibernate: insert into question (answer, choice1, choice2, choice3, choice4, choice5, content, correct, create_date, filepath, modify_date, score, subject, teacher_id, time, view) values (?, ?, ?, ?, ?, ?, ?, ?, ?, ?, ?, ?, ?, ?, ?, ?)
make question 6278
Hibernate: insert into question (answer, choice1, choice2, choice3, choice4, choice5, content, correct, create_date, filepath, modify_date, score, subject, teacher_id, time, view) values (?, ?, ?, ?, ?, ?, ?, ?, ?, ?, ?, ?, ?, ?, ?, ?)
make question 6279
Hibernate: insert into question (answer, choice1, choice2, choice3, choice4, choice5, content, correct, create_date, filepath, modify_date, score, subject, teacher_id, time, view) values (?, ?, ?, ?, ?, ?, ?, ?, ?, ?, ?, ?, ?, ?, ?, ?)
make question 6280
Hibernate: insert into question (answer, choice1, choice2, choice3, choice4, choice5, content, correct, create_date, filepath, modify_date, score, subject, teacher_id, time, view) values (?, ?, ?, ?, ?, ?, ?, ?, ?, ?, ?, ?, ?, ?, ?, ?)
make question 6281
Hibernate: insert into question (answer, choice1, choice2, choice3, choice4, choice5, content, correct, create_date, filepath, modify_date, score, subject, teacher_id, time, view) values (?, ?, ?, ?, ?, ?, ?, ?, ?, ?, ?, ?, ?, ?, ?, ?)
make question 6282
Hibernate: insert into question (answer, choice1, choice2, choice3, choice4, choice5, content, correct, create_date, filepath, modify_date, score, subject, teacher_id, time, view) values (?, ?, ?, ?, ?, ?, ?, ?, ?, ?, ?, ?, ?, ?, ?, ?)
make question 6283
Hibernate: insert into question (answer, choice1, choice2, choice3, choice4, choice5, content, correct, create_date, filepath, modify_date, score, subject, teacher_id, time, view) values (?, ?, ?, ?, ?, ?, ?, ?, ?, ?, ?, ?, ?, ?, ?, ?)
make question 6284
Hibernate: insert into question (answer, choice1, choice2, choice3, choice4, choice5, content, correct, create_date, filepath, modify_date, score, subject, teacher_id, time, view) values (?, ?, ?, ?, ?, ?, ?, ?, ?, ?, ?, ?, ?, ?, ?, ?)
make question 6285
Hibernate: insert into question (answer, choice1, choice2, choice3, choice4, choice5, content, correct, create_date, filepath, modify_date, score, subject, teacher_id, time, view) values (?, ?, ?, ?, ?, ?, ?, ?, ?, ?, ?, ?, ?, ?, ?, ?)
make question 6286
Hibernate: insert into question (answer, choice1, choice2, choice3, choice4, choice5, content, correct, create_date, filepath, modify_date, score, subject, teacher_id, time, view) values (?, ?, ?, ?, ?, ?, ?, ?, ?, ?, ?, ?, ?, ?, ?, ?)
make question 6287
Hibernate: insert into question (answer, choice1, choice2, choice3, choice4, choice5, content, correct, create_date, filepath, modify_date, score, subject, teacher_id, time, view) values (?, ?, ?, ?, ?, ?, ?, ?, ?, ?, ?, ?, ?, ?, ?, ?)
make question 6288
Hibernate: insert into question (answer, choice1, choice2, choice3, choice4, choice5, content, correct, create_date, filepath, modify_date, score, subject, teacher_id, time, view) values (?, ?, ?, ?, ?, ?, ?, ?, ?, ?, ?, ?, ?, ?, ?, ?)
make question 6289
Hibernate: insert into question (answer, choice1, choice2, choice3, choice4, choice5, content, correct, create_date, filepath, modify_date, score, subject, teacher_id, time, view) values (?, ?, ?, ?, ?, ?, ?, ?, ?, ?, ?, ?, ?, ?, ?, ?)
make question 6290
Hibernate: insert into question (answer, choice1, choice2, choice3, choice4, choice5, content, correct, create_date, filepath, modify_date, score, subject, teacher_id, time, view) values (?, ?, ?, ?, ?, ?, ?, ?, ?, ?, ?, ?, ?, ?, ?, ?)
make question 6291
Hibernate: insert into question (answer, choice1, choice2, choice3, choice4, choice5, content, correct, create_date, filepath, modify_date, score, subject, teacher_id, time, view) values (?, ?, ?, ?, ?, ?, ?, ?, ?, ?, ?, ?, ?, ?, ?, ?)
make question 6292
Hibernate: insert into question (answer, choice1, choice2, choice3, choice4, choice5, content, correct, create_date, filepath, modify_date, score, subject, teacher_id, time, view) values (?, ?, ?, ?, ?, ?, ?, ?, ?, ?, ?, ?, ?, ?, ?, ?)
make question 6293
Hibernate: insert into question (answer, choice1, choice2, choice3, choice4, choice5, content, correct, create_date, filepath, modify_date, score, subject, teacher_id, time, view) values (?, ?, ?, ?, ?, ?, ?, ?, ?, ?, ?, ?, ?, ?, ?, ?)
make question 6294
Hibernate: insert into question (answer, choice1, choice2, choice3, choice4, choice5, content, correct, create_date, filepath, modify_date, score, subject, teacher_id, time, view) values (?, ?, ?, ?, ?, ?, ?, ?, ?, ?, ?, ?, ?, ?, ?, ?)
make question 6295
Hibernate: insert into question (answer, choice1, choice2, choice3, choice4, choice5, content, correct, create_date, filepath, modify_date, score, subject, teacher_id, time, view) values (?, ?, ?, ?, ?, ?, ?, ?, ?, ?, ?, ?, ?, ?, ?, ?)
make question 6296
Hibernate: insert into question (answer, choice1, choice2, choice3, choice4, choice5, content, correct, create_date, filepath, modify_date, score, subject, teacher_id, time, view) values (?, ?, ?, ?, ?, ?, ?, ?, ?, ?, ?, ?, ?, ?, ?, ?)
make question 6297
Hibernate: insert into question (answer, choice1, choice2, choice3, choice4, choice5, content, correct, create_date, filepath, modify_date, score, subject, teacher_id, time, view) values (?, ?, ?, ?, ?, ?, ?, ?, ?, ?, ?, ?, ?, ?, ?, ?)
make question 6298
Hibernate: insert into question (answer, choice1, choice2, choice3, choice4, choice5, content, correct, create_date, filepath, modify_date, score, subject, teacher_id, time, view) values (?, ?, ?, ?, ?, ?, ?, ?, ?, ?, ?, ?, ?, ?, ?, ?)
make question 6299
Hibernate: insert into question (answer, choice1, choice2, choice3, choice4, choice5, content, correct, create_date, filepath, modify_date, score, subject, teacher_id, time, view) values (?, ?, ?, ?, ?, ?, ?, ?, ?, ?, ?, ?, ?, ?, ?, ?)
make question 6300
Hibernate: insert into question (answer, choice1, choice2, choice3, choice4, choice5, content, correct, create_date, filepath, modify_date, score, subject, teacher_id, time, view) values (?, ?, ?, ?, ?, ?, ?, ?, ?, ?, ?, ?, ?, ?, ?, ?)
make question 6301
Hibernate: insert into question (answer, choice1, choice2, choice3, choice4, choice5, content, correct, create_date, filepath, modify_date, score, subject, teacher_id, time, view) values (?, ?, ?, ?, ?, ?, ?, ?, ?, ?, ?, ?, ?, ?, ?, ?)
make question 6302
Hibernate: insert into question (answer, choice1, choice2, choice3, choice4, choice5, content, correct, create_date, filepath, modify_date, score, subject, teacher_id, time, view) values (?, ?, ?, ?, ?, ?, ?, ?, ?, ?, ?, ?, ?, ?, ?, ?)
make question 6303
Hibernate: insert into question (answer, choice1, choice2, choice3, choice4, choice5, content, correct, create_date, filepath, modify_date, score, subject, teacher_id, time, view) values (?, ?, ?, ?, ?, ?, ?, ?, ?, ?, ?, ?, ?, ?, ?, ?)
make question 6304
Hibernate: insert into question (answer, choice1, choice2, choice3, choice4, choice5, content, correct, create_date, filepath, modify_date, score, subject, teacher_id, time, view) values (?, ?, ?, ?, ?, ?, ?, ?, ?, ?, ?, ?, ?, ?, ?, ?)
make question 6305
Hibernate: insert into question (answer, choice1, choice2, choice3, choice4, choice5, content, correct, create_date, filepath, modify_date, score, subject, teacher_id, time, view) values (?, ?, ?, ?, ?, ?, ?, ?, ?, ?, ?, ?, ?, ?, ?, ?)
make question 6306
Hibernate: insert into question (answer, choice1, choice2, choice3, choice4, choice5, content, correct, create_date, filepath, modify_date, score, subject, teacher_id, time, view) values (?, ?, ?, ?, ?, ?, ?, ?, ?, ?, ?, ?, ?, ?, ?, ?)
make question 6307
Hibernate: insert into question (answer, choice1, choice2, choice3, choice4, choice5, content, correct, create_date, filepath, modify_date, score, subject, teacher_id, time, view) values (?, ?, ?, ?, ?, ?, ?, ?, ?, ?, ?, ?, ?, ?, ?, ?)
make question 6308
Hibernate: insert into question (answer, choice1, choice2, choice3, choice4, choice5, content, correct, create_date, filepath, modify_date, score, subject, teacher_id, time, view) values (?, ?, ?, ?, ?, ?, ?, ?, ?, ?, ?, ?, ?, ?, ?, ?)
make question 6309
Hibernate: insert into question (answer, choice1, choice2, choice3, choice4, choice5, content, correct, create_date, filepath, modify_date, score, subject, teacher_id, time, view) values (?, ?, ?, ?, ?, ?, ?, ?, ?, ?, ?, ?, ?, ?, ?, ?)
make question 6310
Hibernate: insert into question (answer, choice1, choice2, choice3, choice4, choice5, content, correct, create_date, filepath, modify_date, score, subject, teacher_id, time, view) values (?, ?, ?, ?, ?, ?, ?, ?, ?, ?, ?, ?, ?, ?, ?, ?)
make question 6311
Hibernate: insert into question (answer, choice1, choice2, choice3, choice4, choice5, content, correct, create_date, filepath, modify_date, score, subject, teacher_id, time, view) values (?, ?, ?, ?, ?, ?, ?, ?, ?, ?, ?, ?, ?, ?, ?, ?)
make question 6312
Hibernate: insert into question (answer, choice1, choice2, choice3, choice4, choice5, content, correct, create_date, filepath, modify_date, score, subject, teacher_id, time, view) values (?, ?, ?, ?, ?, ?, ?, ?, ?, ?, ?, ?, ?, ?, ?, ?)
make question 6313
Hibernate: insert into question (answer, choice1, choice2, choice3, choice4, choice5, content, correct, create_date, filepath, modify_date, score, subject, teacher_id, time, view) values (?, ?, ?, ?, ?, ?, ?, ?, ?, ?, ?, ?, ?, ?, ?, ?)
make question 6314
Hibernate: insert into question (answer, choice1, choice2, choice3, choice4, choice5, content, correct, create_date, filepath, modify_date, score, subject, teacher_id, time, view) values (?, ?, ?, ?, ?, ?, ?, ?, ?, ?, ?, ?, ?, ?, ?, ?)
make question 6315
Hibernate: insert into question (answer, choice1, choice2, choice3, choice4, choice5, content, correct, create_date, filepath, modify_date, score, subject, teacher_id, time, view) values (?, ?, ?, ?, ?, ?, ?, ?, ?, ?, ?, ?, ?, ?, ?, ?)
make question 6316
Hibernate: insert into question (answer, choice1, choice2, choice3, choice4, choice5, content, correct, create_date, filepath, modify_date, score, subject, teacher_id, time, view) values (?, ?, ?, ?, ?, ?, ?, ?, ?, ?, ?, ?, ?, ?, ?, ?)
make question 6317
Hibernate: insert into question (answer, choice1, choice2, choice3, choice4, choice5, content, correct, create_date, filepath, modify_date, score, subject, teacher_id, time, view) values (?, ?, ?, ?, ?, ?, ?, ?, ?, ?, ?, ?, ?, ?, ?, ?)
make question 6318
Hibernate: insert into question (answer, choice1, choice2, choice3, choice4, choice5, content, correct, create_date, filepath, modify_date, score, subject, teacher_id, time, view) values (?, ?, ?, ?, ?, ?, ?, ?, ?, ?, ?, ?, ?, ?, ?, ?)
make question 6319
Hibernate: insert into question (answer, choice1, choice2, choice3, choice4, choice5, content, correct, create_date, filepath, modify_date, score, subject, teacher_id, time, view) values (?, ?, ?, ?, ?, ?, ?, ?, ?, ?, ?, ?, ?, ?, ?, ?)
make question 6320
Hibernate: insert into question (answer, choice1, choice2, choice3, choice4, choice5, content, correct, create_date, filepath, modify_date, score, subject, teacher_id, time, view) values (?, ?, ?, ?, ?, ?, ?, ?, ?, ?, ?, ?, ?, ?, ?, ?)
make question 6321
Hibernate: insert into question (answer, choice1, choice2, choice3, choice4, choice5, content, correct, create_date, filepath, modify_date, score, subject, teacher_id, time, view) values (?, ?, ?, ?, ?, ?, ?, ?, ?, ?, ?, ?, ?, ?, ?, ?)
make question 6322
Hibernate: insert into question (answer, choice1, choice2, choice3, choice4, choice5, content, correct, create_date, filepath, modify_date, score, subject, teacher_id, time, view) values (?, ?, ?, ?, ?, ?, ?, ?, ?, ?, ?, ?, ?, ?, ?, ?)
make question 6323
Hibernate: insert into question (answer, choice1, choice2, choice3, choice4, choice5, content, correct, create_date, filepath, modify_date, score, subject, teacher_id, time, view) values (?, ?, ?, ?, ?, ?, ?, ?, ?, ?, ?, ?, ?, ?, ?, ?)
make question 6324
Hibernate: insert into question (answer, choice1, choice2, choice3, choice4, choice5, content, correct, create_date, filepath, modify_date, score, subject, teacher_id, time, view) values (?, ?, ?, ?, ?, ?, ?, ?, ?, ?, ?, ?, ?, ?, ?, ?)
make question 6325
Hibernate: insert into question (answer, choice1, choice2, choice3, choice4, choice5, content, correct, create_date, filepath, modify_date, score, subject, teacher_id, time, view) values (?, ?, ?, ?, ?, ?, ?, ?, ?, ?, ?, ?, ?, ?, ?, ?)
make question 6326
Hibernate: insert into question (answer, choice1, choice2, choice3, choice4, choice5, content, correct, create_date, filepath, modify_date, score, subject, teacher_id, time, view) values (?, ?, ?, ?, ?, ?, ?, ?, ?, ?, ?, ?, ?, ?, ?, ?)
make question 6327
Hibernate: insert into question (answer, choice1, choice2, choice3, choice4, choice5, content, correct, create_date, filepath, modify_date, score, subject, teacher_id, time, view) values (?, ?, ?, ?, ?, ?, ?, ?, ?, ?, ?, ?, ?, ?, ?, ?)
make question 6328
Hibernate: insert into question (answer, choice1, choice2, choice3, choice4, choice5, content, correct, create_date, filepath, modify_date, score, subject, teacher_id, time, view) values (?, ?, ?, ?, ?, ?, ?, ?, ?, ?, ?, ?, ?, ?, ?, ?)
make question 6329
Hibernate: insert into question (answer, choice1, choice2, choice3, choice4, choice5, content, correct, create_date, filepath, modify_date, score, subject, teacher_id, time, view) values (?, ?, ?, ?, ?, ?, ?, ?, ?, ?, ?, ?, ?, ?, ?, ?)
make question 6330
Hibernate: insert into question (answer, choice1, choice2, choice3, choice4, choice5, content, correct, create_date, filepath, modify_date, score, subject, teacher_id, time, view) values (?, ?, ?, ?, ?, ?, ?, ?, ?, ?, ?, ?, ?, ?, ?, ?)
make question 6331
Hibernate: insert into question (answer, choice1, choice2, choice3, choice4, choice5, content, correct, create_date, filepath, modify_date, score, subject, teacher_id, time, view) values (?, ?, ?, ?, ?, ?, ?, ?, ?, ?, ?, ?, ?, ?, ?, ?)
make question 6332
Hibernate: insert into question (answer, choice1, choice2, choice3, choice4, choice5, content, correct, create_date, filepath, modify_date, score, subject, teacher_id, time, view) values (?, ?, ?, ?, ?, ?, ?, ?, ?, ?, ?, ?, ?, ?, ?, ?)
make question 6333
Hibernate: insert into question (answer, choice1, choice2, choice3, choice4, choice5, content, correct, create_date, filepath, modify_date, score, subject, teacher_id, time, view) values (?, ?, ?, ?, ?, ?, ?, ?, ?, ?, ?, ?, ?, ?, ?, ?)
make question 6334
Hibernate: insert into question (answer, choice1, choice2, choice3, choice4, choice5, content, correct, create_date, filepath, modify_date, score, subject, teacher_id, time, view) values (?, ?, ?, ?, ?, ?, ?, ?, ?, ?, ?, ?, ?, ?, ?, ?)
make question 6335
Hibernate: insert into question (answer, choice1, choice2, choice3, choice4, choice5, content, correct, create_date, filepath, modify_date, score, subject, teacher_id, time, view) values (?, ?, ?, ?, ?, ?, ?, ?, ?, ?, ?, ?, ?, ?, ?, ?)
make question 6336
Hibernate: insert into question (answer, choice1, choice2, choice3, choice4, choice5, content, correct, create_date, filepath, modify_date, score, subject, teacher_id, time, view) values (?, ?, ?, ?, ?, ?, ?, ?, ?, ?, ?, ?, ?, ?, ?, ?)
make question 6337
Hibernate: insert into question (answer, choice1, choice2, choice3, choice4, choice5, content, correct, create_date, filepath, modify_date, score, subject, teacher_id, time, view) values (?, ?, ?, ?, ?, ?, ?, ?, ?, ?, ?, ?, ?, ?, ?, ?)
make question 6338
Hibernate: insert into question (answer, choice1, choice2, choice3, choice4, choice5, content, correct, create_date, filepath, modify_date, score, subject, teacher_id, time, view) values (?, ?, ?, ?, ?, ?, ?, ?, ?, ?, ?, ?, ?, ?, ?, ?)
make question 6339
Hibernate: insert into question (answer, choice1, choice2, choice3, choice4, choice5, content, correct, create_date, filepath, modify_date, score, subject, teacher_id, time, view) values (?, ?, ?, ?, ?, ?, ?, ?, ?, ?, ?, ?, ?, ?, ?, ?)
make question 6340
Hibernate: insert into question (answer, choice1, choice2, choice3, choice4, choice5, content, correct, create_date, filepath, modify_date, score, subject, teacher_id, time, view) values (?, ?, ?, ?, ?, ?, ?, ?, ?, ?, ?, ?, ?, ?, ?, ?)
make question 6341
Hibernate: insert into question (answer, choice1, choice2, choice3, choice4, choice5, content, correct, create_date, filepath, modify_date, score, subject, teacher_id, time, view) values (?, ?, ?, ?, ?, ?, ?, ?, ?, ?, ?, ?, ?, ?, ?, ?)
make question 6342
Hibernate: insert into question (answer, choice1, choice2, choice3, choice4, choice5, content, correct, create_date, filepath, modify_date, score, subject, teacher_id, time, view) values (?, ?, ?, ?, ?, ?, ?, ?, ?, ?, ?, ?, ?, ?, ?, ?)
make question 6343
Hibernate: insert into question (answer, choice1, choice2, choice3, choice4, choice5, content, correct, create_date, filepath, modify_date, score, subject, teacher_id, time, view) values (?, ?, ?, ?, ?, ?, ?, ?, ?, ?, ?, ?, ?, ?, ?, ?)
make question 6344
Hibernate: insert into question (answer, choice1, choice2, choice3, choice4, choice5, content, correct, create_date, filepath, modify_date, score, subject, teacher_id, time, view) values (?, ?, ?, ?, ?, ?, ?, ?, ?, ?, ?, ?, ?, ?, ?, ?)
make question 6345
Hibernate: insert into question (answer, choice1, choice2, choice3, choice4, choice5, content, correct, create_date, filepath, modify_date, score, subject, teacher_id, time, view) values (?, ?, ?, ?, ?, ?, ?, ?, ?, ?, ?, ?, ?, ?, ?, ?)
make question 6346
Hibernate: insert into question (answer, choice1, choice2, choice3, choice4, choice5, content, correct, create_date, filepath, modify_date, score, subject, teacher_id, time, view) values (?, ?, ?, ?, ?, ?, ?, ?, ?, ?, ?, ?, ?, ?, ?, ?)
make question 6347
Hibernate: insert into question (answer, choice1, choice2, choice3, choice4, choice5, content, correct, create_date, filepath, modify_date, score, subject, teacher_id, time, view) values (?, ?, ?, ?, ?, ?, ?, ?, ?, ?, ?, ?, ?, ?, ?, ?)
make question 6348
Hibernate: insert into question (answer, choice1, choice2, choice3, choice4, choice5, content, correct, create_date, filepath, modify_date, score, subject, teacher_id, time, view) values (?, ?, ?, ?, ?, ?, ?, ?, ?, ?, ?, ?, ?, ?, ?, ?)
make question 6349
Hibernate: insert into question (answer, choice1, choice2, choice3, choice4, choice5, content, correct, create_date, filepath, modify_date, score, subject, teacher_id, time, view) values (?, ?, ?, ?, ?, ?, ?, ?, ?, ?, ?, ?, ?, ?, ?, ?)
make question 6350
Hibernate: insert into question (answer, choice1, choice2, choice3, choice4, choice5, content, correct, create_date, filepath, modify_date, score, subject, teacher_id, time, view) values (?, ?, ?, ?, ?, ?, ?, ?, ?, ?, ?, ?, ?, ?, ?, ?)
make question 6351
Hibernate: insert into question (answer, choice1, choice2, choice3, choice4, choice5, content, correct, create_date, filepath, modify_date, score, subject, teacher_id, time, view) values (?, ?, ?, ?, ?, ?, ?, ?, ?, ?, ?, ?, ?, ?, ?, ?)
make question 6352
Hibernate: insert into question (answer, choice1, choice2, choice3, choice4, choice5, content, correct, create_date, filepath, modify_date, score, subject, teacher_id, time, view) values (?, ?, ?, ?, ?, ?, ?, ?, ?, ?, ?, ?, ?, ?, ?, ?)
make question 6353
Hibernate: insert into question (answer, choice1, choice2, choice3, choice4, choice5, content, correct, create_date, filepath, modify_date, score, subject, teacher_id, time, view) values (?, ?, ?, ?, ?, ?, ?, ?, ?, ?, ?, ?, ?, ?, ?, ?)
make question 6354
Hibernate: insert into question (answer, choice1, choice2, choice3, choice4, choice5, content, correct, create_date, filepath, modify_date, score, subject, teacher_id, time, view) values (?, ?, ?, ?, ?, ?, ?, ?, ?, ?, ?, ?, ?, ?, ?, ?)
make question 6355
Hibernate: insert into question (answer, choice1, choice2, choice3, choice4, choice5, content, correct, create_date, filepath, modify_date, score, subject, teacher_id, time, view) values (?, ?, ?, ?, ?, ?, ?, ?, ?, ?, ?, ?, ?, ?, ?, ?)
make question 6356
Hibernate: insert into question (answer, choice1, choice2, choice3, choice4, choice5, content, correct, create_date, filepath, modify_date, score, subject, teacher_id, time, view) values (?, ?, ?, ?, ?, ?, ?, ?, ?, ?, ?, ?, ?, ?, ?, ?)
make question 6357
Hibernate: insert into question (answer, choice1, choice2, choice3, choice4, choice5, content, correct, create_date, filepath, modify_date, score, subject, teacher_id, time, view) values (?, ?, ?, ?, ?, ?, ?, ?, ?, ?, ?, ?, ?, ?, ?, ?)
make question 6358
Hibernate: insert into question (answer, choice1, choice2, choice3, choice4, choice5, content, correct, create_date, filepath, modify_date, score, subject, teacher_id, time, view) values (?, ?, ?, ?, ?, ?, ?, ?, ?, ?, ?, ?, ?, ?, ?, ?)
make question 6359
Hibernate: insert into question (answer, choice1, choice2, choice3, choice4, choice5, content, correct, create_date, filepath, modify_date, score, subject, teacher_id, time, view) values (?, ?, ?, ?, ?, ?, ?, ?, ?, ?, ?, ?, ?, ?, ?, ?)
make question 6360
Hibernate: insert into question (answer, choice1, choice2, choice3, choice4, choice5, content, correct, create_date, filepath, modify_date, score, subject, teacher_id, time, view) values (?, ?, ?, ?, ?, ?, ?, ?, ?, ?, ?, ?, ?, ?, ?, ?)
make question 6361
Hibernate: insert into question (answer, choice1, choice2, choice3, choice4, choice5, content, correct, create_date, filepath, modify_date, score, subject, teacher_id, time, view) values (?, ?, ?, ?, ?, ?, ?, ?, ?, ?, ?, ?, ?, ?, ?, ?)
make question 6362
Hibernate: insert into question (answer, choice1, choice2, choice3, choice4, choice5, content, correct, create_date, filepath, modify_date, score, subject, teacher_id, time, view) values (?, ?, ?, ?, ?, ?, ?, ?, ?, ?, ?, ?, ?, ?, ?, ?)
make question 6363
Hibernate: insert into question (answer, choice1, choice2, choice3, choice4, choice5, content, correct, create_date, filepath, modify_date, score, subject, teacher_id, time, view) values (?, ?, ?, ?, ?, ?, ?, ?, ?, ?, ?, ?, ?, ?, ?, ?)
make question 6364
Hibernate: insert into question (answer, choice1, choice2, choice3, choice4, choice5, content, correct, create_date, filepath, modify_date, score, subject, teacher_id, time, view) values (?, ?, ?, ?, ?, ?, ?, ?, ?, ?, ?, ?, ?, ?, ?, ?)
make question 6365
Hibernate: insert into question (answer, choice1, choice2, choice3, choice4, choice5, content, correct, create_date, filepath, modify_date, score, subject, teacher_id, time, view) values (?, ?, ?, ?, ?, ?, ?, ?, ?, ?, ?, ?, ?, ?, ?, ?)
make question 6366
Hibernate: insert into question (answer, choice1, choice2, choice3, choice4, choice5, content, correct, create_date, filepath, modify_date, score, subject, teacher_id, time, view) values (?, ?, ?, ?, ?, ?, ?, ?, ?, ?, ?, ?, ?, ?, ?, ?)
make question 6367
Hibernate: insert into question (answer, choice1, choice2, choice3, choice4, choice5, content, correct, create_date, filepath, modify_date, score, subject, teacher_id, time, view) values (?, ?, ?, ?, ?, ?, ?, ?, ?, ?, ?, ?, ?, ?, ?, ?)
make question 6368
Hibernate: insert into question (answer, choice1, choice2, choice3, choice4, choice5, content, correct, create_date, filepath, modify_date, score, subject, teacher_id, time, view) values (?, ?, ?, ?, ?, ?, ?, ?, ?, ?, ?, ?, ?, ?, ?, ?)
make question 6369
Hibernate: insert into question (answer, choice1, choice2, choice3, choice4, choice5, content, correct, create_date, filepath, modify_date, score, subject, teacher_id, time, view) values (?, ?, ?, ?, ?, ?, ?, ?, ?, ?, ?, ?, ?, ?, ?, ?)
make question 6370
Hibernate: insert into question (answer, choice1, choice2, choice3, choice4, choice5, content, correct, create_date, filepath, modify_date, score, subject, teacher_id, time, view) values (?, ?, ?, ?, ?, ?, ?, ?, ?, ?, ?, ?, ?, ?, ?, ?)
make question 6371
Hibernate: insert into question (answer, choice1, choice2, choice3, choice4, choice5, content, correct, create_date, filepath, modify_date, score, subject, teacher_id, time, view) values (?, ?, ?, ?, ?, ?, ?, ?, ?, ?, ?, ?, ?, ?, ?, ?)
make question 6372
Hibernate: insert into question (answer, choice1, choice2, choice3, choice4, choice5, content, correct, create_date, filepath, modify_date, score, subject, teacher_id, time, view) values (?, ?, ?, ?, ?, ?, ?, ?, ?, ?, ?, ?, ?, ?, ?, ?)
make question 6373
Hibernate: insert into question (answer, choice1, choice2, choice3, choice4, choice5, content, correct, create_date, filepath, modify_date, score, subject, teacher_id, time, view) values (?, ?, ?, ?, ?, ?, ?, ?, ?, ?, ?, ?, ?, ?, ?, ?)
make question 6374
Hibernate: insert into question (answer, choice1, choice2, choice3, choice4, choice5, content, correct, create_date, filepath, modify_date, score, subject, teacher_id, time, view) values (?, ?, ?, ?, ?, ?, ?, ?, ?, ?, ?, ?, ?, ?, ?, ?)
make question 6375
Hibernate: insert into question (answer, choice1, choice2, choice3, choice4, choice5, content, correct, create_date, filepath, modify_date, score, subject, teacher_id, time, view) values (?, ?, ?, ?, ?, ?, ?, ?, ?, ?, ?, ?, ?, ?, ?, ?)
make question 6376
Hibernate: insert into question (answer, choice1, choice2, choice3, choice4, choice5, content, correct, create_date, filepath, modify_date, score, subject, teacher_id, time, view) values (?, ?, ?, ?, ?, ?, ?, ?, ?, ?, ?, ?, ?, ?, ?, ?)
make question 6377
Hibernate: insert into question (answer, choice1, choice2, choice3, choice4, choice5, content, correct, create_date, filepath, modify_date, score, subject, teacher_id, time, view) values (?, ?, ?, ?, ?, ?, ?, ?, ?, ?, ?, ?, ?, ?, ?, ?)
make question 6378
Hibernate: insert into question (answer, choice1, choice2, choice3, choice4, choice5, content, correct, create_date, filepath, modify_date, score, subject, teacher_id, time, view) values (?, ?, ?, ?, ?, ?, ?, ?, ?, ?, ?, ?, ?, ?, ?, ?)
make question 6379
Hibernate: insert into question (answer, choice1, choice2, choice3, choice4, choice5, content, correct, create_date, filepath, modify_date, score, subject, teacher_id, time, view) values (?, ?, ?, ?, ?, ?, ?, ?, ?, ?, ?, ?, ?, ?, ?, ?)
make question 6380
Hibernate: insert into question (answer, choice1, choice2, choice3, choice4, choice5, content, correct, create_date, filepath, modify_date, score, subject, teacher_id, time, view) values (?, ?, ?, ?, ?, ?, ?, ?, ?, ?, ?, ?, ?, ?, ?, ?)
make question 6381
Hibernate: insert into question (answer, choice1, choice2, choice3, choice4, choice5, content, correct, create_date, filepath, modify_date, score, subject, teacher_id, time, view) values (?, ?, ?, ?, ?, ?, ?, ?, ?, ?, ?, ?, ?, ?, ?, ?)
make question 6382
Hibernate: insert into question (answer, choice1, choice2, choice3, choice4, choice5, content, correct, create_date, filepath, modify_date, score, subject, teacher_id, time, view) values (?, ?, ?, ?, ?, ?, ?, ?, ?, ?, ?, ?, ?, ?, ?, ?)
make question 6383
Hibernate: insert into question (answer, choice1, choice2, choice3, choice4, choice5, content, correct, create_date, filepath, modify_date, score, subject, teacher_id, time, view) values (?, ?, ?, ?, ?, ?, ?, ?, ?, ?, ?, ?, ?, ?, ?, ?)
make question 6384
Hibernate: insert into question (answer, choice1, choice2, choice3, choice4, choice5, content, correct, create_date, filepath, modify_date, score, subject, teacher_id, time, view) values (?, ?, ?, ?, ?, ?, ?, ?, ?, ?, ?, ?, ?, ?, ?, ?)
make question 6385
Hibernate: insert into question (answer, choice1, choice2, choice3, choice4, choice5, content, correct, create_date, filepath, modify_date, score, subject, teacher_id, time, view) values (?, ?, ?, ?, ?, ?, ?, ?, ?, ?, ?, ?, ?, ?, ?, ?)
make question 6386
Hibernate: insert into question (answer, choice1, choice2, choice3, choice4, choice5, content, correct, create_date, filepath, modify_date, score, subject, teacher_id, time, view) values (?, ?, ?, ?, ?, ?, ?, ?, ?, ?, ?, ?, ?, ?, ?, ?)
make question 6387
Hibernate: insert into question (answer, choice1, choice2, choice3, choice4, choice5, content, correct, create_date, filepath, modify_date, score, subject, teacher_id, time, view) values (?, ?, ?, ?, ?, ?, ?, ?, ?, ?, ?, ?, ?, ?, ?, ?)
make question 6388
Hibernate: insert into question (answer, choice1, choice2, choice3, choice4, choice5, content, correct, create_date, filepath, modify_date, score, subject, teacher_id, time, view) values (?, ?, ?, ?, ?, ?, ?, ?, ?, ?, ?, ?, ?, ?, ?, ?)
make question 6389
Hibernate: insert into question (answer, choice1, choice2, choice3, choice4, choice5, content, correct, create_date, filepath, modify_date, score, subject, teacher_id, time, view) values (?, ?, ?, ?, ?, ?, ?, ?, ?, ?, ?, ?, ?, ?, ?, ?)
make question 6390
Hibernate: insert into question (answer, choice1, choice2, choice3, choice4, choice5, content, correct, create_date, filepath, modify_date, score, subject, teacher_id, time, view) values (?, ?, ?, ?, ?, ?, ?, ?, ?, ?, ?, ?, ?, ?, ?, ?)
make question 6391
Hibernate: insert into question (answer, choice1, choice2, choice3, choice4, choice5, content, correct, create_date, filepath, modify_date, score, subject, teacher_id, time, view) values (?, ?, ?, ?, ?, ?, ?, ?, ?, ?, ?, ?, ?, ?, ?, ?)
make question 6392
Hibernate: insert into question (answer, choice1, choice2, choice3, choice4, choice5, content, correct, create_date, filepath, modify_date, score, subject, teacher_id, time, view) values (?, ?, ?, ?, ?, ?, ?, ?, ?, ?, ?, ?, ?, ?, ?, ?)
make question 6393
Hibernate: insert into question (answer, choice1, choice2, choice3, choice4, choice5, content, correct, create_date, filepath, modify_date, score, subject, teacher_id, time, view) values (?, ?, ?, ?, ?, ?, ?, ?, ?, ?, ?, ?, ?, ?, ?, ?)
make question 6394
Hibernate: insert into question (answer, choice1, choice2, choice3, choice4, choice5, content, correct, create_date, filepath, modify_date, score, subject, teacher_id, time, view) values (?, ?, ?, ?, ?, ?, ?, ?, ?, ?, ?, ?, ?, ?, ?, ?)
make question 6395
Hibernate: insert into question (answer, choice1, choice2, choice3, choice4, choice5, content, correct, create_date, filepath, modify_date, score, subject, teacher_id, time, view) values (?, ?, ?, ?, ?, ?, ?, ?, ?, ?, ?, ?, ?, ?, ?, ?)
make question 6396
Hibernate: insert into question (answer, choice1, choice2, choice3, choice4, choice5, content, correct, create_date, filepath, modify_date, score, subject, teacher_id, time, view) values (?, ?, ?, ?, ?, ?, ?, ?, ?, ?, ?, ?, ?, ?, ?, ?)
make question 6397
Hibernate: insert into question (answer, choice1, choice2, choice3, choice4, choice5, content, correct, create_date, filepath, modify_date, score, subject, teacher_id, time, view) values (?, ?, ?, ?, ?, ?, ?, ?, ?, ?, ?, ?, ?, ?, ?, ?)
make question 6398
Hibernate: insert into question (answer, choice1, choice2, choice3, choice4, choice5, content, correct, create_date, filepath, modify_date, score, subject, teacher_id, time, view) values (?, ?, ?, ?, ?, ?, ?, ?, ?, ?, ?, ?, ?, ?, ?, ?)
make question 6399
Hibernate: insert into question (answer, choice1, choice2, choice3, choice4, choice5, content, correct, create_date, filepath, modify_date, score, subject, teacher_id, time, view) values (?, ?, ?, ?, ?, ?, ?, ?, ?, ?, ?, ?, ?, ?, ?, ?)
make question 6400
Hibernate: insert into question (answer, choice1, choice2, choice3, choice4, choice5, content, correct, create_date, filepath, modify_date, score, subject, teacher_id, time, view) values (?, ?, ?, ?, ?, ?, ?, ?, ?, ?, ?, ?, ?, ?, ?, ?)
make question 6401
Hibernate: insert into question (answer, choice1, choice2, choice3, choice4, choice5, content, correct, create_date, filepath, modify_date, score, subject, teacher_id, time, view) values (?, ?, ?, ?, ?, ?, ?, ?, ?, ?, ?, ?, ?, ?, ?, ?)
make question 6402
Hibernate: insert into question (answer, choice1, choice2, choice3, choice4, choice5, content, correct, create_date, filepath, modify_date, score, subject, teacher_id, time, view) values (?, ?, ?, ?, ?, ?, ?, ?, ?, ?, ?, ?, ?, ?, ?, ?)
make question 6403
Hibernate: insert into question (answer, choice1, choice2, choice3, choice4, choice5, content, correct, create_date, filepath, modify_date, score, subject, teacher_id, time, view) values (?, ?, ?, ?, ?, ?, ?, ?, ?, ?, ?, ?, ?, ?, ?, ?)
make question 6404
Hibernate: insert into question (answer, choice1, choice2, choice3, choice4, choice5, content, correct, create_date, filepath, modify_date, score, subject, teacher_id, time, view) values (?, ?, ?, ?, ?, ?, ?, ?, ?, ?, ?, ?, ?, ?, ?, ?)
make question 6405
Hibernate: insert into question (answer, choice1, choice2, choice3, choice4, choice5, content, correct, create_date, filepath, modify_date, score, subject, teacher_id, time, view) values (?, ?, ?, ?, ?, ?, ?, ?, ?, ?, ?, ?, ?, ?, ?, ?)
make question 6406
Hibernate: insert into question (answer, choice1, choice2, choice3, choice4, choice5, content, correct, create_date, filepath, modify_date, score, subject, teacher_id, time, view) values (?, ?, ?, ?, ?, ?, ?, ?, ?, ?, ?, ?, ?, ?, ?, ?)
make question 6407
Hibernate: insert into question (answer, choice1, choice2, choice3, choice4, choice5, content, correct, create_date, filepath, modify_date, score, subject, teacher_id, time, view) values (?, ?, ?, ?, ?, ?, ?, ?, ?, ?, ?, ?, ?, ?, ?, ?)
make question 6408
Hibernate: insert into question (answer, choice1, choice2, choice3, choice4, choice5, content, correct, create_date, filepath, modify_date, score, subject, teacher_id, time, view) values (?, ?, ?, ?, ?, ?, ?, ?, ?, ?, ?, ?, ?, ?, ?, ?)
make question 6409
Hibernate: insert into question (answer, choice1, choice2, choice3, choice4, choice5, content, correct, create_date, filepath, modify_date, score, subject, teacher_id, time, view) values (?, ?, ?, ?, ?, ?, ?, ?, ?, ?, ?, ?, ?, ?, ?, ?)
make question 6410
Hibernate: insert into question (answer, choice1, choice2, choice3, choice4, choice5, content, correct, create_date, filepath, modify_date, score, subject, teacher_id, time, view) values (?, ?, ?, ?, ?, ?, ?, ?, ?, ?, ?, ?, ?, ?, ?, ?)
make question 6411
Hibernate: insert into question (answer, choice1, choice2, choice3, choice4, choice5, content, correct, create_date, filepath, modify_date, score, subject, teacher_id, time, view) values (?, ?, ?, ?, ?, ?, ?, ?, ?, ?, ?, ?, ?, ?, ?, ?)
make question 6412
Hibernate: insert into question (answer, choice1, choice2, choice3, choice4, choice5, content, correct, create_date, filepath, modify_date, score, subject, teacher_id, time, view) values (?, ?, ?, ?, ?, ?, ?, ?, ?, ?, ?, ?, ?, ?, ?, ?)
make question 6413
Hibernate: insert into question (answer, choice1, choice2, choice3, choice4, choice5, content, correct, create_date, filepath, modify_date, score, subject, teacher_id, time, view) values (?, ?, ?, ?, ?, ?, ?, ?, ?, ?, ?, ?, ?, ?, ?, ?)
make question 6414
Hibernate: insert into question (answer, choice1, choice2, choice3, choice4, choice5, content, correct, create_date, filepath, modify_date, score, subject, teacher_id, time, view) values (?, ?, ?, ?, ?, ?, ?, ?, ?, ?, ?, ?, ?, ?, ?, ?)
make question 6415
Hibernate: insert into question (answer, choice1, choice2, choice3, choice4, choice5, content, correct, create_date, filepath, modify_date, score, subject, teacher_id, time, view) values (?, ?, ?, ?, ?, ?, ?, ?, ?, ?, ?, ?, ?, ?, ?, ?)
make question 6416
Hibernate: insert into question (answer, choice1, choice2, choice3, choice4, choice5, content, correct, create_date, filepath, modify_date, score, subject, teacher_id, time, view) values (?, ?, ?, ?, ?, ?, ?, ?, ?, ?, ?, ?, ?, ?, ?, ?)
make question 6417
Hibernate: insert into question (answer, choice1, choice2, choice3, choice4, choice5, content, correct, create_date, filepath, modify_date, score, subject, teacher_id, time, view) values (?, ?, ?, ?, ?, ?, ?, ?, ?, ?, ?, ?, ?, ?, ?, ?)
make question 6418
Hibernate: insert into question (answer, choice1, choice2, choice3, choice4, choice5, content, correct, create_date, filepath, modify_date, score, subject, teacher_id, time, view) values (?, ?, ?, ?, ?, ?, ?, ?, ?, ?, ?, ?, ?, ?, ?, ?)
make question 6419
Hibernate: insert into question (answer, choice1, choice2, choice3, choice4, choice5, content, correct, create_date, filepath, modify_date, score, subject, teacher_id, time, view) values (?, ?, ?, ?, ?, ?, ?, ?, ?, ?, ?, ?, ?, ?, ?, ?)
make question 6420
Hibernate: insert into question (answer, choice1, choice2, choice3, choice4, choice5, content, correct, create_date, filepath, modify_date, score, subject, teacher_id, time, view) values (?, ?, ?, ?, ?, ?, ?, ?, ?, ?, ?, ?, ?, ?, ?, ?)
make question 6421
Hibernate: insert into question (answer, choice1, choice2, choice3, choice4, choice5, content, correct, create_date, filepath, modify_date, score, subject, teacher_id, time, view) values (?, ?, ?, ?, ?, ?, ?, ?, ?, ?, ?, ?, ?, ?, ?, ?)
make question 6422
Hibernate: insert into question (answer, choice1, choice2, choice3, choice4, choice5, content, correct, create_date, filepath, modify_date, score, subject, teacher_id, time, view) values (?, ?, ?, ?, ?, ?, ?, ?, ?, ?, ?, ?, ?, ?, ?, ?)
make question 6423
Hibernate: insert into question (answer, choice1, choice2, choice3, choice4, choice5, content, correct, create_date, filepath, modify_date, score, subject, teacher_id, time, view) values (?, ?, ?, ?, ?, ?, ?, ?, ?, ?, ?, ?, ?, ?, ?, ?)
make question 6424
Hibernate: insert into question (answer, choice1, choice2, choice3, choice4, choice5, content, correct, create_date, filepath, modify_date, score, subject, teacher_id, time, view) values (?, ?, ?, ?, ?, ?, ?, ?, ?, ?, ?, ?, ?, ?, ?, ?)
make question 6425
Hibernate: insert into question (answer, choice1, choice2, choice3, choice4, choice5, content, correct, create_date, filepath, modify_date, score, subject, teacher_id, time, view) values (?, ?, ?, ?, ?, ?, ?, ?, ?, ?, ?, ?, ?, ?, ?, ?)
make question 6426
Hibernate: insert into question (answer, choice1, choice2, choice3, choice4, choice5, content, correct, create_date, filepath, modify_date, score, subject, teacher_id, time, view) values (?, ?, ?, ?, ?, ?, ?, ?, ?, ?, ?, ?, ?, ?, ?, ?)
make question 6427
Hibernate: insert into question (answer, choice1, choice2, choice3, choice4, choice5, content, correct, create_date, filepath, modify_date, score, subject, teacher_id, time, view) values (?, ?, ?, ?, ?, ?, ?, ?, ?, ?, ?, ?, ?, ?, ?, ?)
make question 6428
Hibernate: insert into question (answer, choice1, choice2, choice3, choice4, choice5, content, correct, create_date, filepath, modify_date, score, subject, teacher_id, time, view) values (?, ?, ?, ?, ?, ?, ?, ?, ?, ?, ?, ?, ?, ?, ?, ?)
make question 6429
Hibernate: insert into question (answer, choice1, choice2, choice3, choice4, choice5, content, correct, create_date, filepath, modify_date, score, subject, teacher_id, time, view) values (?, ?, ?, ?, ?, ?, ?, ?, ?, ?, ?, ?, ?, ?, ?, ?)
make question 6430
Hibernate: insert into question (answer, choice1, choice2, choice3, choice4, choice5, content, correct, create_date, filepath, modify_date, score, subject, teacher_id, time, view) values (?, ?, ?, ?, ?, ?, ?, ?, ?, ?, ?, ?, ?, ?, ?, ?)
make question 6431
Hibernate: insert into question (answer, choice1, choice2, choice3, choice4, choice5, content, correct, create_date, filepath, modify_date, score, subject, teacher_id, time, view) values (?, ?, ?, ?, ?, ?, ?, ?, ?, ?, ?, ?, ?, ?, ?, ?)
make question 6432
Hibernate: insert into question (answer, choice1, choice2, choice3, choice4, choice5, content, correct, create_date, filepath, modify_date, score, subject, teacher_id, time, view) values (?, ?, ?, ?, ?, ?, ?, ?, ?, ?, ?, ?, ?, ?, ?, ?)
make question 6433
Hibernate: insert into question (answer, choice1, choice2, choice3, choice4, choice5, content, correct, create_date, filepath, modify_date, score, subject, teacher_id, time, view) values (?, ?, ?, ?, ?, ?, ?, ?, ?, ?, ?, ?, ?, ?, ?, ?)
make question 6434
Hibernate: insert into question (answer, choice1, choice2, choice3, choice4, choice5, content, correct, create_date, filepath, modify_date, score, subject, teacher_id, time, view) values (?, ?, ?, ?, ?, ?, ?, ?, ?, ?, ?, ?, ?, ?, ?, ?)
make question 6435
Hibernate: insert into question (answer, choice1, choice2, choice3, choice4, choice5, content, correct, create_date, filepath, modify_date, score, subject, teacher_id, time, view) values (?, ?, ?, ?, ?, ?, ?, ?, ?, ?, ?, ?, ?, ?, ?, ?)
make question 6436
Hibernate: insert into question (answer, choice1, choice2, choice3, choice4, choice5, content, correct, create_date, filepath, modify_date, score, subject, teacher_id, time, view) values (?, ?, ?, ?, ?, ?, ?, ?, ?, ?, ?, ?, ?, ?, ?, ?)
make question 6437
Hibernate: insert into question (answer, choice1, choice2, choice3, choice4, choice5, content, correct, create_date, filepath, modify_date, score, subject, teacher_id, time, view) values (?, ?, ?, ?, ?, ?, ?, ?, ?, ?, ?, ?, ?, ?, ?, ?)
make question 6438
Hibernate: insert into question (answer, choice1, choice2, choice3, choice4, choice5, content, correct, create_date, filepath, modify_date, score, subject, teacher_id, time, view) values (?, ?, ?, ?, ?, ?, ?, ?, ?, ?, ?, ?, ?, ?, ?, ?)
make question 6439
Hibernate: insert into question (answer, choice1, choice2, choice3, choice4, choice5, content, correct, create_date, filepath, modify_date, score, subject, teacher_id, time, view) values (?, ?, ?, ?, ?, ?, ?, ?, ?, ?, ?, ?, ?, ?, ?, ?)
make question 6440
Hibernate: insert into question (answer, choice1, choice2, choice3, choice4, choice5, content, correct, create_date, filepath, modify_date, score, subject, teacher_id, time, view) values (?, ?, ?, ?, ?, ?, ?, ?, ?, ?, ?, ?, ?, ?, ?, ?)
make question 6441
Hibernate: insert into question (answer, choice1, choice2, choice3, choice4, choice5, content, correct, create_date, filepath, modify_date, score, subject, teacher_id, time, view) values (?, ?, ?, ?, ?, ?, ?, ?, ?, ?, ?, ?, ?, ?, ?, ?)
make question 6442
Hibernate: insert into question (answer, choice1, choice2, choice3, choice4, choice5, content, correct, create_date, filepath, modify_date, score, subject, teacher_id, time, view) values (?, ?, ?, ?, ?, ?, ?, ?, ?, ?, ?, ?, ?, ?, ?, ?)
make question 6443
Hibernate: insert into question (answer, choice1, choice2, choice3, choice4, choice5, content, correct, create_date, filepath, modify_date, score, subject, teacher_id, time, view) values (?, ?, ?, ?, ?, ?, ?, ?, ?, ?, ?, ?, ?, ?, ?, ?)
make question 6444
Hibernate: insert into question (answer, choice1, choice2, choice3, choice4, choice5, content, correct, create_date, filepath, modify_date, score, subject, teacher_id, time, view) values (?, ?, ?, ?, ?, ?, ?, ?, ?, ?, ?, ?, ?, ?, ?, ?)
make question 6445
Hibernate: insert into question (answer, choice1, choice2, choice3, choice4, choice5, content, correct, create_date, filepath, modify_date, score, subject, teacher_id, time, view) values (?, ?, ?, ?, ?, ?, ?, ?, ?, ?, ?, ?, ?, ?, ?, ?)
make question 6446
Hibernate: insert into question (answer, choice1, choice2, choice3, choice4, choice5, content, correct, create_date, filepath, modify_date, score, subject, teacher_id, time, view) values (?, ?, ?, ?, ?, ?, ?, ?, ?, ?, ?, ?, ?, ?, ?, ?)
make question 6447
Hibernate: insert into question (answer, choice1, choice2, choice3, choice4, choice5, content, correct, create_date, filepath, modify_date, score, subject, teacher_id, time, view) values (?, ?, ?, ?, ?, ?, ?, ?, ?, ?, ?, ?, ?, ?, ?, ?)
make question 6448
Hibernate: insert into question (answer, choice1, choice2, choice3, choice4, choice5, content, correct, create_date, filepath, modify_date, score, subject, teacher_id, time, view) values (?, ?, ?, ?, ?, ?, ?, ?, ?, ?, ?, ?, ?, ?, ?, ?)
make question 6449
Hibernate: insert into question (answer, choice1, choice2, choice3, choice4, choice5, content, correct, create_date, filepath, modify_date, score, subject, teacher_id, time, view) values (?, ?, ?, ?, ?, ?, ?, ?, ?, ?, ?, ?, ?, ?, ?, ?)
make question 6450
Hibernate: insert into question (answer, choice1, choice2, choice3, choice4, choice5, content, correct, create_date, filepath, modify_date, score, subject, teacher_id, time, view) values (?, ?, ?, ?, ?, ?, ?, ?, ?, ?, ?, ?, ?, ?, ?, ?)
make question 6451
Hibernate: insert into question (answer, choice1, choice2, choice3, choice4, choice5, content, correct, create_date, filepath, modify_date, score, subject, teacher_id, time, view) values (?, ?, ?, ?, ?, ?, ?, ?, ?, ?, ?, ?, ?, ?, ?, ?)
make question 6452
Hibernate: insert into question (answer, choice1, choice2, choice3, choice4, choice5, content, correct, create_date, filepath, modify_date, score, subject, teacher_id, time, view) values (?, ?, ?, ?, ?, ?, ?, ?, ?, ?, ?, ?, ?, ?, ?, ?)
make question 6453
Hibernate: insert into question (answer, choice1, choice2, choice3, choice4, choice5, content, correct, create_date, filepath, modify_date, score, subject, teacher_id, time, view) values (?, ?, ?, ?, ?, ?, ?, ?, ?, ?, ?, ?, ?, ?, ?, ?)
make question 6454
Hibernate: insert into question (answer, choice1, choice2, choice3, choice4, choice5, content, correct, create_date, filepath, modify_date, score, subject, teacher_id, time, view) values (?, ?, ?, ?, ?, ?, ?, ?, ?, ?, ?, ?, ?, ?, ?, ?)
make question 6455
Hibernate: insert into question (answer, choice1, choice2, choice3, choice4, choice5, content, correct, create_date, filepath, modify_date, score, subject, teacher_id, time, view) values (?, ?, ?, ?, ?, ?, ?, ?, ?, ?, ?, ?, ?, ?, ?, ?)
make question 6456
Hibernate: insert into question (answer, choice1, choice2, choice3, choice4, choice5, content, correct, create_date, filepath, modify_date, score, subject, teacher_id, time, view) values (?, ?, ?, ?, ?, ?, ?, ?, ?, ?, ?, ?, ?, ?, ?, ?)
make question 6457
Hibernate: insert into question (answer, choice1, choice2, choice3, choice4, choice5, content, correct, create_date, filepath, modify_date, score, subject, teacher_id, time, view) values (?, ?, ?, ?, ?, ?, ?, ?, ?, ?, ?, ?, ?, ?, ?, ?)
make question 6458
Hibernate: insert into question (answer, choice1, choice2, choice3, choice4, choice5, content, correct, create_date, filepath, modify_date, score, subject, teacher_id, time, view) values (?, ?, ?, ?, ?, ?, ?, ?, ?, ?, ?, ?, ?, ?, ?, ?)
make question 6459
Hibernate: insert into question (answer, choice1, choice2, choice3, choice4, choice5, content, correct, create_date, filepath, modify_date, score, subject, teacher_id, time, view) values (?, ?, ?, ?, ?, ?, ?, ?, ?, ?, ?, ?, ?, ?, ?, ?)
make question 6460
Hibernate: insert into question (answer, choice1, choice2, choice3, choice4, choice5, content, correct, create_date, filepath, modify_date, score, subject, teacher_id, time, view) values (?, ?, ?, ?, ?, ?, ?, ?, ?, ?, ?, ?, ?, ?, ?, ?)
make question 6461
Hibernate: insert into question (answer, choice1, choice2, choice3, choice4, choice5, content, correct, create_date, filepath, modify_date, score, subject, teacher_id, time, view) values (?, ?, ?, ?, ?, ?, ?, ?, ?, ?, ?, ?, ?, ?, ?, ?)
make question 6462
Hibernate: insert into question (answer, choice1, choice2, choice3, choice4, choice5, content, correct, create_date, filepath, modify_date, score, subject, teacher_id, time, view) values (?, ?, ?, ?, ?, ?, ?, ?, ?, ?, ?, ?, ?, ?, ?, ?)
make question 6463
Hibernate: insert into question (answer, choice1, choice2, choice3, choice4, choice5, content, correct, create_date, filepath, modify_date, score, subject, teacher_id, time, view) values (?, ?, ?, ?, ?, ?, ?, ?, ?, ?, ?, ?, ?, ?, ?, ?)
make question 6464
Hibernate: insert into question (answer, choice1, choice2, choice3, choice4, choice5, content, correct, create_date, filepath, modify_date, score, subject, teacher_id, time, view) values (?, ?, ?, ?, ?, ?, ?, ?, ?, ?, ?, ?, ?, ?, ?, ?)
make question 6465
Hibernate: insert into question (answer, choice1, choice2, choice3, choice4, choice5, content, correct, create_date, filepath, modify_date, score, subject, teacher_id, time, view) values (?, ?, ?, ?, ?, ?, ?, ?, ?, ?, ?, ?, ?, ?, ?, ?)
make question 6466
Hibernate: insert into question (answer, choice1, choice2, choice3, choice4, choice5, content, correct, create_date, filepath, modify_date, score, subject, teacher_id, time, view) values (?, ?, ?, ?, ?, ?, ?, ?, ?, ?, ?, ?, ?, ?, ?, ?)
make question 6467
Hibernate: insert into question (answer, choice1, choice2, choice3, choice4, choice5, content, correct, create_date, filepath, modify_date, score, subject, teacher_id, time, view) values (?, ?, ?, ?, ?, ?, ?, ?, ?, ?, ?, ?, ?, ?, ?, ?)
make question 6468
Hibernate: insert into question (answer, choice1, choice2, choice3, choice4, choice5, content, correct, create_date, filepath, modify_date, score, subject, teacher_id, time, view) values (?, ?, ?, ?, ?, ?, ?, ?, ?, ?, ?, ?, ?, ?, ?, ?)
make question 6469
Hibernate: insert into question (answer, choice1, choice2, choice3, choice4, choice5, content, correct, create_date, filepath, modify_date, score, subject, teacher_id, time, view) values (?, ?, ?, ?, ?, ?, ?, ?, ?, ?, ?, ?, ?, ?, ?, ?)
make question 6470
Hibernate: insert into question (answer, choice1, choice2, choice3, choice4, choice5, content, correct, create_date, filepath, modify_date, score, subject, teacher_id, time, view) values (?, ?, ?, ?, ?, ?, ?, ?, ?, ?, ?, ?, ?, ?, ?, ?)
make question 6471
Hibernate: insert into question (answer, choice1, choice2, choice3, choice4, choice5, content, correct, create_date, filepath, modify_date, score, subject, teacher_id, time, view) values (?, ?, ?, ?, ?, ?, ?, ?, ?, ?, ?, ?, ?, ?, ?, ?)
make question 6472
Hibernate: insert into question (answer, choice1, choice2, choice3, choice4, choice5, content, correct, create_date, filepath, modify_date, score, subject, teacher_id, time, view) values (?, ?, ?, ?, ?, ?, ?, ?, ?, ?, ?, ?, ?, ?, ?, ?)
make question 6473
Hibernate: insert into question (answer, choice1, choice2, choice3, choice4, choice5, content, correct, create_date, filepath, modify_date, score, subject, teacher_id, time, view) values (?, ?, ?, ?, ?, ?, ?, ?, ?, ?, ?, ?, ?, ?, ?, ?)
make question 6474
Hibernate: insert into question (answer, choice1, choice2, choice3, choice4, choice5, content, correct, create_date, filepath, modify_date, score, subject, teacher_id, time, view) values (?, ?, ?, ?, ?, ?, ?, ?, ?, ?, ?, ?, ?, ?, ?, ?)
make question 6475
Hibernate: insert into question (answer, choice1, choice2, choice3, choice4, choice5, content, correct, create_date, filepath, modify_date, score, subject, teacher_id, time, view) values (?, ?, ?, ?, ?, ?, ?, ?, ?, ?, ?, ?, ?, ?, ?, ?)
make question 6476
Hibernate: insert into question (answer, choice1, choice2, choice3, choice4, choice5, content, correct, create_date, filepath, modify_date, score, subject, teacher_id, time, view) values (?, ?, ?, ?, ?, ?, ?, ?, ?, ?, ?, ?, ?, ?, ?, ?)
make question 6477
Hibernate: insert into question (answer, choice1, choice2, choice3, choice4, choice5, content, correct, create_date, filepath, modify_date, score, subject, teacher_id, time, view) values (?, ?, ?, ?, ?, ?, ?, ?, ?, ?, ?, ?, ?, ?, ?, ?)
make question 6478
Hibernate: insert into question (answer, choice1, choice2, choice3, choice4, choice5, content, correct, create_date, filepath, modify_date, score, subject, teacher_id, time, view) values (?, ?, ?, ?, ?, ?, ?, ?, ?, ?, ?, ?, ?, ?, ?, ?)
make question 6479
Hibernate: insert into question (answer, choice1, choice2, choice3, choice4, choice5, content, correct, create_date, filepath, modify_date, score, subject, teacher_id, time, view) values (?, ?, ?, ?, ?, ?, ?, ?, ?, ?, ?, ?, ?, ?, ?, ?)
make question 6480
Hibernate: insert into question (answer, choice1, choice2, choice3, choice4, choice5, content, correct, create_date, filepath, modify_date, score, subject, teacher_id, time, view) values (?, ?, ?, ?, ?, ?, ?, ?, ?, ?, ?, ?, ?, ?, ?, ?)
make question 6481
Hibernate: insert into question (answer, choice1, choice2, choice3, choice4, choice5, content, correct, create_date, filepath, modify_date, score, subject, teacher_id, time, view) values (?, ?, ?, ?, ?, ?, ?, ?, ?, ?, ?, ?, ?, ?, ?, ?)
make question 6482
Hibernate: insert into question (answer, choice1, choice2, choice3, choice4, choice5, content, correct, create_date, filepath, modify_date, score, subject, teacher_id, time, view) values (?, ?, ?, ?, ?, ?, ?, ?, ?, ?, ?, ?, ?, ?, ?, ?)
make question 6483
Hibernate: insert into question (answer, choice1, choice2, choice3, choice4, choice5, content, correct, create_date, filepath, modify_date, score, subject, teacher_id, time, view) values (?, ?, ?, ?, ?, ?, ?, ?, ?, ?, ?, ?, ?, ?, ?, ?)
make question 6484
Hibernate: insert into question (answer, choice1, choice2, choice3, choice4, choice5, content, correct, create_date, filepath, modify_date, score, subject, teacher_id, time, view) values (?, ?, ?, ?, ?, ?, ?, ?, ?, ?, ?, ?, ?, ?, ?, ?)
make question 6485
Hibernate: insert into question (answer, choice1, choice2, choice3, choice4, choice5, content, correct, create_date, filepath, modify_date, score, subject, teacher_id, time, view) values (?, ?, ?, ?, ?, ?, ?, ?, ?, ?, ?, ?, ?, ?, ?, ?)
make question 6486
Hibernate: insert into question (answer, choice1, choice2, choice3, choice4, choice5, content, correct, create_date, filepath, modify_date, score, subject, teacher_id, time, view) values (?, ?, ?, ?, ?, ?, ?, ?, ?, ?, ?, ?, ?, ?, ?, ?)
make question 6487
Hibernate: insert into question (answer, choice1, choice2, choice3, choice4, choice5, content, correct, create_date, filepath, modify_date, score, subject, teacher_id, time, view) values (?, ?, ?, ?, ?, ?, ?, ?, ?, ?, ?, ?, ?, ?, ?, ?)
make question 6488
Hibernate: insert into question (answer, choice1, choice2, choice3, choice4, choice5, content, correct, create_date, filepath, modify_date, score, subject, teacher_id, time, view) values (?, ?, ?, ?, ?, ?, ?, ?, ?, ?, ?, ?, ?, ?, ?, ?)
make question 6489
Hibernate: insert into question (answer, choice1, choice2, choice3, choice4, choice5, content, correct, create_date, filepath, modify_date, score, subject, teacher_id, time, view) values (?, ?, ?, ?, ?, ?, ?, ?, ?, ?, ?, ?, ?, ?, ?, ?)
make question 6490
Hibernate: insert into question (answer, choice1, choice2, choice3, choice4, choice5, content, correct, create_date, filepath, modify_date, score, subject, teacher_id, time, view) values (?, ?, ?, ?, ?, ?, ?, ?, ?, ?, ?, ?, ?, ?, ?, ?)
make question 6491
Hibernate: insert into question (answer, choice1, choice2, choice3, choice4, choice5, content, correct, create_date, filepath, modify_date, score, subject, teacher_id, time, view) values (?, ?, ?, ?, ?, ?, ?, ?, ?, ?, ?, ?, ?, ?, ?, ?)
make question 6492
Hibernate: insert into question (answer, choice1, choice2, choice3, choice4, choice5, content, correct, create_date, filepath, modify_date, score, subject, teacher_id, time, view) values (?, ?, ?, ?, ?, ?, ?, ?, ?, ?, ?, ?, ?, ?, ?, ?)
make question 6493
Hibernate: insert into question (answer, choice1, choice2, choice3, choice4, choice5, content, correct, create_date, filepath, modify_date, score, subject, teacher_id, time, view) values (?, ?, ?, ?, ?, ?, ?, ?, ?, ?, ?, ?, ?, ?, ?, ?)
make question 6494
Hibernate: insert into question (answer, choice1, choice2, choice3, choice4, choice5, content, correct, create_date, filepath, modify_date, score, subject, teacher_id, time, view) values (?, ?, ?, ?, ?, ?, ?, ?, ?, ?, ?, ?, ?, ?, ?, ?)
make question 6495
Hibernate: insert into question (answer, choice1, choice2, choice3, choice4, choice5, content, correct, create_date, filepath, modify_date, score, subject, teacher_id, time, view) values (?, ?, ?, ?, ?, ?, ?, ?, ?, ?, ?, ?, ?, ?, ?, ?)
make question 6496
Hibernate: insert into question (answer, choice1, choice2, choice3, choice4, choice5, content, correct, create_date, filepath, modify_date, score, subject, teacher_id, time, view) values (?, ?, ?, ?, ?, ?, ?, ?, ?, ?, ?, ?, ?, ?, ?, ?)
make question 6497
Hibernate: insert into question (answer, choice1, choice2, choice3, choice4, choice5, content, correct, create_date, filepath, modify_date, score, subject, teacher_id, time, view) values (?, ?, ?, ?, ?, ?, ?, ?, ?, ?, ?, ?, ?, ?, ?, ?)
make question 6498
Hibernate: insert into question (answer, choice1, choice2, choice3, choice4, choice5, content, correct, create_date, filepath, modify_date, score, subject, teacher_id, time, view) values (?, ?, ?, ?, ?, ?, ?, ?, ?, ?, ?, ?, ?, ?, ?, ?)
make question 6499
Hibernate: insert into question (answer, choice1, choice2, choice3, choice4, choice5, content, correct, create_date, filepath, modify_date, score, subject, teacher_id, time, view) values (?, ?, ?, ?, ?, ?, ?, ?, ?, ?, ?, ?, ?, ?, ?, ?)
make question 6500
Hibernate: insert into question (answer, choice1, choice2, choice3, choice4, choice5, content, correct, create_date, filepath, modify_date, score, subject, teacher_id, time, view) values (?, ?, ?, ?, ?, ?, ?, ?, ?, ?, ?, ?, ?, ?, ?, ?)
make question 6501
Hibernate: insert into question (answer, choice1, choice2, choice3, choice4, choice5, content, correct, create_date, filepath, modify_date, score, subject, teacher_id, time, view) values (?, ?, ?, ?, ?, ?, ?, ?, ?, ?, ?, ?, ?, ?, ?, ?)
make question 6502
Hibernate: insert into question (answer, choice1, choice2, choice3, choice4, choice5, content, correct, create_date, filepath, modify_date, score, subject, teacher_id, time, view) values (?, ?, ?, ?, ?, ?, ?, ?, ?, ?, ?, ?, ?, ?, ?, ?)
make question 6503
Hibernate: insert into question (answer, choice1, choice2, choice3, choice4, choice5, content, correct, create_date, filepath, modify_date, score, subject, teacher_id, time, view) values (?, ?, ?, ?, ?, ?, ?, ?, ?, ?, ?, ?, ?, ?, ?, ?)
make question 6504
Hibernate: insert into question (answer, choice1, choice2, choice3, choice4, choice5, content, correct, create_date, filepath, modify_date, score, subject, teacher_id, time, view) values (?, ?, ?, ?, ?, ?, ?, ?, ?, ?, ?, ?, ?, ?, ?, ?)
make question 6505
Hibernate: insert into question (answer, choice1, choice2, choice3, choice4, choice5, content, correct, create_date, filepath, modify_date, score, subject, teacher_id, time, view) values (?, ?, ?, ?, ?, ?, ?, ?, ?, ?, ?, ?, ?, ?, ?, ?)
make question 6506
Hibernate: insert into question (answer, choice1, choice2, choice3, choice4, choice5, content, correct, create_date, filepath, modify_date, score, subject, teacher_id, time, view) values (?, ?, ?, ?, ?, ?, ?, ?, ?, ?, ?, ?, ?, ?, ?, ?)
make question 6507
Hibernate: insert into question (answer, choice1, choice2, choice3, choice4, choice5, content, correct, create_date, filepath, modify_date, score, subject, teacher_id, time, view) values (?, ?, ?, ?, ?, ?, ?, ?, ?, ?, ?, ?, ?, ?, ?, ?)
make question 6508
Hibernate: insert into question (answer, choice1, choice2, choice3, choice4, choice5, content, correct, create_date, filepath, modify_date, score, subject, teacher_id, time, view) values (?, ?, ?, ?, ?, ?, ?, ?, ?, ?, ?, ?, ?, ?, ?, ?)
make question 6509
Hibernate: insert into question (answer, choice1, choice2, choice3, choice4, choice5, content, correct, create_date, filepath, modify_date, score, subject, teacher_id, time, view) values (?, ?, ?, ?, ?, ?, ?, ?, ?, ?, ?, ?, ?, ?, ?, ?)
make question 6510
Hibernate: insert into question (answer, choice1, choice2, choice3, choice4, choice5, content, correct, create_date, filepath, modify_date, score, subject, teacher_id, time, view) values (?, ?, ?, ?, ?, ?, ?, ?, ?, ?, ?, ?, ?, ?, ?, ?)
make question 6511
Hibernate: insert into question (answer, choice1, choice2, choice3, choice4, choice5, content, correct, create_date, filepath, modify_date, score, subject, teacher_id, time, view) values (?, ?, ?, ?, ?, ?, ?, ?, ?, ?, ?, ?, ?, ?, ?, ?)
make question 6512
Hibernate: insert into question (answer, choice1, choice2, choice3, choice4, choice5, content, correct, create_date, filepath, modify_date, score, subject, teacher_id, time, view) values (?, ?, ?, ?, ?, ?, ?, ?, ?, ?, ?, ?, ?, ?, ?, ?)
make question 6513
Hibernate: insert into question (answer, choice1, choice2, choice3, choice4, choice5, content, correct, create_date, filepath, modify_date, score, subject, teacher_id, time, view) values (?, ?, ?, ?, ?, ?, ?, ?, ?, ?, ?, ?, ?, ?, ?, ?)
make question 6514
Hibernate: insert into question (answer, choice1, choice2, choice3, choice4, choice5, content, correct, create_date, filepath, modify_date, score, subject, teacher_id, time, view) values (?, ?, ?, ?, ?, ?, ?, ?, ?, ?, ?, ?, ?, ?, ?, ?)
make question 6515
Hibernate: insert into question (answer, choice1, choice2, choice3, choice4, choice5, content, correct, create_date, filepath, modify_date, score, subject, teacher_id, time, view) values (?, ?, ?, ?, ?, ?, ?, ?, ?, ?, ?, ?, ?, ?, ?, ?)
make question 6516
Hibernate: insert into question (answer, choice1, choice2, choice3, choice4, choice5, content, correct, create_date, filepath, modify_date, score, subject, teacher_id, time, view) values (?, ?, ?, ?, ?, ?, ?, ?, ?, ?, ?, ?, ?, ?, ?, ?)
make question 6517
Hibernate: insert into question (answer, choice1, choice2, choice3, choice4, choice5, content, correct, create_date, filepath, modify_date, score, subject, teacher_id, time, view) values (?, ?, ?, ?, ?, ?, ?, ?, ?, ?, ?, ?, ?, ?, ?, ?)
make question 6518
Hibernate: insert into question (answer, choice1, choice2, choice3, choice4, choice5, content, correct, create_date, filepath, modify_date, score, subject, teacher_id, time, view) values (?, ?, ?, ?, ?, ?, ?, ?, ?, ?, ?, ?, ?, ?, ?, ?)
make question 6519
Hibernate: insert into question (answer, choice1, choice2, choice3, choice4, choice5, content, correct, create_date, filepath, modify_date, score, subject, teacher_id, time, view) values (?, ?, ?, ?, ?, ?, ?, ?, ?, ?, ?, ?, ?, ?, ?, ?)
make question 6520
Hibernate: insert into question (answer, choice1, choice2, choice3, choice4, choice5, content, correct, create_date, filepath, modify_date, score, subject, teacher_id, time, view) values (?, ?, ?, ?, ?, ?, ?, ?, ?, ?, ?, ?, ?, ?, ?, ?)
make question 6521
Hibernate: insert into question (answer, choice1, choice2, choice3, choice4, choice5, content, correct, create_date, filepath, modify_date, score, subject, teacher_id, time, view) values (?, ?, ?, ?, ?, ?, ?, ?, ?, ?, ?, ?, ?, ?, ?, ?)
make question 6522
Hibernate: insert into question (answer, choice1, choice2, choice3, choice4, choice5, content, correct, create_date, filepath, modify_date, score, subject, teacher_id, time, view) values (?, ?, ?, ?, ?, ?, ?, ?, ?, ?, ?, ?, ?, ?, ?, ?)
make question 6523
Hibernate: insert into question (answer, choice1, choice2, choice3, choice4, choice5, content, correct, create_date, filepath, modify_date, score, subject, teacher_id, time, view) values (?, ?, ?, ?, ?, ?, ?, ?, ?, ?, ?, ?, ?, ?, ?, ?)
make question 6524
Hibernate: insert into question (answer, choice1, choice2, choice3, choice4, choice5, content, correct, create_date, filepath, modify_date, score, subject, teacher_id, time, view) values (?, ?, ?, ?, ?, ?, ?, ?, ?, ?, ?, ?, ?, ?, ?, ?)
make question 6525
Hibernate: insert into question (answer, choice1, choice2, choice3, choice4, choice5, content, correct, create_date, filepath, modify_date, score, subject, teacher_id, time, view) values (?, ?, ?, ?, ?, ?, ?, ?, ?, ?, ?, ?, ?, ?, ?, ?)
make question 6526
Hibernate: insert into question (answer, choice1, choice2, choice3, choice4, choice5, content, correct, create_date, filepath, modify_date, score, subject, teacher_id, time, view) values (?, ?, ?, ?, ?, ?, ?, ?, ?, ?, ?, ?, ?, ?, ?, ?)
make question 6527
Hibernate: insert into question (answer, choice1, choice2, choice3, choice4, choice5, content, correct, create_date, filepath, modify_date, score, subject, teacher_id, time, view) values (?, ?, ?, ?, ?, ?, ?, ?, ?, ?, ?, ?, ?, ?, ?, ?)
make question 6528
Hibernate: insert into question (answer, choice1, choice2, choice3, choice4, choice5, content, correct, create_date, filepath, modify_date, score, subject, teacher_id, time, view) values (?, ?, ?, ?, ?, ?, ?, ?, ?, ?, ?, ?, ?, ?, ?, ?)
make question 6529
Hibernate: insert into question (answer, choice1, choice2, choice3, choice4, choice5, content, correct, create_date, filepath, modify_date, score, subject, teacher_id, time, view) values (?, ?, ?, ?, ?, ?, ?, ?, ?, ?, ?, ?, ?, ?, ?, ?)
make question 6530
Hibernate: insert into question (answer, choice1, choice2, choice3, choice4, choice5, content, correct, create_date, filepath, modify_date, score, subject, teacher_id, time, view) values (?, ?, ?, ?, ?, ?, ?, ?, ?, ?, ?, ?, ?, ?, ?, ?)
make question 6531
Hibernate: insert into question (answer, choice1, choice2, choice3, choice4, choice5, content, correct, create_date, filepath, modify_date, score, subject, teacher_id, time, view) values (?, ?, ?, ?, ?, ?, ?, ?, ?, ?, ?, ?, ?, ?, ?, ?)
make question 6532
Hibernate: insert into question (answer, choice1, choice2, choice3, choice4, choice5, content, correct, create_date, filepath, modify_date, score, subject, teacher_id, time, view) values (?, ?, ?, ?, ?, ?, ?, ?, ?, ?, ?, ?, ?, ?, ?, ?)
make question 6533
Hibernate: insert into question (answer, choice1, choice2, choice3, choice4, choice5, content, correct, create_date, filepath, modify_date, score, subject, teacher_id, time, view) values (?, ?, ?, ?, ?, ?, ?, ?, ?, ?, ?, ?, ?, ?, ?, ?)
make question 6534
Hibernate: insert into question (answer, choice1, choice2, choice3, choice4, choice5, content, correct, create_date, filepath, modify_date, score, subject, teacher_id, time, view) values (?, ?, ?, ?, ?, ?, ?, ?, ?, ?, ?, ?, ?, ?, ?, ?)
make question 6535
Hibernate: insert into question (answer, choice1, choice2, choice3, choice4, choice5, content, correct, create_date, filepath, modify_date, score, subject, teacher_id, time, view) values (?, ?, ?, ?, ?, ?, ?, ?, ?, ?, ?, ?, ?, ?, ?, ?)
make question 6536
Hibernate: insert into question (answer, choice1, choice2, choice3, choice4, choice5, content, correct, create_date, filepath, modify_date, score, subject, teacher_id, time, view) values (?, ?, ?, ?, ?, ?, ?, ?, ?, ?, ?, ?, ?, ?, ?, ?)
make question 6537
Hibernate: insert into question (answer, choice1, choice2, choice3, choice4, choice5, content, correct, create_date, filepath, modify_date, score, subject, teacher_id, time, view) values (?, ?, ?, ?, ?, ?, ?, ?, ?, ?, ?, ?, ?, ?, ?, ?)
make question 6538
Hibernate: insert into question (answer, choice1, choice2, choice3, choice4, choice5, content, correct, create_date, filepath, modify_date, score, subject, teacher_id, time, view) values (?, ?, ?, ?, ?, ?, ?, ?, ?, ?, ?, ?, ?, ?, ?, ?)
make question 6539
Hibernate: insert into question (answer, choice1, choice2, choice3, choice4, choice5, content, correct, create_date, filepath, modify_date, score, subject, teacher_id, time, view) values (?, ?, ?, ?, ?, ?, ?, ?, ?, ?, ?, ?, ?, ?, ?, ?)
make question 6540
Hibernate: insert into question (answer, choice1, choice2, choice3, choice4, choice5, content, correct, create_date, filepath, modify_date, score, subject, teacher_id, time, view) values (?, ?, ?, ?, ?, ?, ?, ?, ?, ?, ?, ?, ?, ?, ?, ?)
make question 6541
Hibernate: insert into question (answer, choice1, choice2, choice3, choice4, choice5, content, correct, create_date, filepath, modify_date, score, subject, teacher_id, time, view) values (?, ?, ?, ?, ?, ?, ?, ?, ?, ?, ?, ?, ?, ?, ?, ?)
make question 6542
Hibernate: insert into question (answer, choice1, choice2, choice3, choice4, choice5, content, correct, create_date, filepath, modify_date, score, subject, teacher_id, time, view) values (?, ?, ?, ?, ?, ?, ?, ?, ?, ?, ?, ?, ?, ?, ?, ?)
make question 6543
Hibernate: insert into question (answer, choice1, choice2, choice3, choice4, choice5, content, correct, create_date, filepath, modify_date, score, subject, teacher_id, time, view) values (?, ?, ?, ?, ?, ?, ?, ?, ?, ?, ?, ?, ?, ?, ?, ?)
make question 6544
Hibernate: insert into question (answer, choice1, choice2, choice3, choice4, choice5, content, correct, create_date, filepath, modify_date, score, subject, teacher_id, time, view) values (?, ?, ?, ?, ?, ?, ?, ?, ?, ?, ?, ?, ?, ?, ?, ?)
make question 6545
Hibernate: insert into question (answer, choice1, choice2, choice3, choice4, choice5, content, correct, create_date, filepath, modify_date, score, subject, teacher_id, time, view) values (?, ?, ?, ?, ?, ?, ?, ?, ?, ?, ?, ?, ?, ?, ?, ?)
make question 6546
Hibernate: insert into question (answer, choice1, choice2, choice3, choice4, choice5, content, correct, create_date, filepath, modify_date, score, subject, teacher_id, time, view) values (?, ?, ?, ?, ?, ?, ?, ?, ?, ?, ?, ?, ?, ?, ?, ?)
make question 6547
Hibernate: insert into question (answer, choice1, choice2, choice3, choice4, choice5, content, correct, create_date, filepath, modify_date, score, subject, teacher_id, time, view) values (?, ?, ?, ?, ?, ?, ?, ?, ?, ?, ?, ?, ?, ?, ?, ?)
make question 6548
Hibernate: insert into question (answer, choice1, choice2, choice3, choice4, choice5, content, correct, create_date, filepath, modify_date, score, subject, teacher_id, time, view) values (?, ?, ?, ?, ?, ?, ?, ?, ?, ?, ?, ?, ?, ?, ?, ?)
make question 6549
Hibernate: insert into question (answer, choice1, choice2, choice3, choice4, choice5, content, correct, create_date, filepath, modify_date, score, subject, teacher_id, time, view) values (?, ?, ?, ?, ?, ?, ?, ?, ?, ?, ?, ?, ?, ?, ?, ?)
make question 6550
Hibernate: insert into question (answer, choice1, choice2, choice3, choice4, choice5, content, correct, create_date, filepath, modify_date, score, subject, teacher_id, time, view) values (?, ?, ?, ?, ?, ?, ?, ?, ?, ?, ?, ?, ?, ?, ?, ?)
make question 6551
Hibernate: insert into question (answer, choice1, choice2, choice3, choice4, choice5, content, correct, create_date, filepath, modify_date, score, subject, teacher_id, time, view) values (?, ?, ?, ?, ?, ?, ?, ?, ?, ?, ?, ?, ?, ?, ?, ?)
make question 6552
Hibernate: insert into question (answer, choice1, choice2, choice3, choice4, choice5, content, correct, create_date, filepath, modify_date, score, subject, teacher_id, time, view) values (?, ?, ?, ?, ?, ?, ?, ?, ?, ?, ?, ?, ?, ?, ?, ?)
make question 6553
Hibernate: insert into question (answer, choice1, choice2, choice3, choice4, choice5, content, correct, create_date, filepath, modify_date, score, subject, teacher_id, time, view) values (?, ?, ?, ?, ?, ?, ?, ?, ?, ?, ?, ?, ?, ?, ?, ?)
make question 6554
Hibernate: insert into question (answer, choice1, choice2, choice3, choice4, choice5, content, correct, create_date, filepath, modify_date, score, subject, teacher_id, time, view) values (?, ?, ?, ?, ?, ?, ?, ?, ?, ?, ?, ?, ?, ?, ?, ?)
make question 6555
Hibernate: insert into question (answer, choice1, choice2, choice3, choice4, choice5, content, correct, create_date, filepath, modify_date, score, subject, teacher_id, time, view) values (?, ?, ?, ?, ?, ?, ?, ?, ?, ?, ?, ?, ?, ?, ?, ?)
make question 6556
Hibernate: insert into question (answer, choice1, choice2, choice3, choice4, choice5, content, correct, create_date, filepath, modify_date, score, subject, teacher_id, time, view) values (?, ?, ?, ?, ?, ?, ?, ?, ?, ?, ?, ?, ?, ?, ?, ?)
make question 6557
Hibernate: insert into question (answer, choice1, choice2, choice3, choice4, choice5, content, correct, create_date, filepath, modify_date, score, subject, teacher_id, time, view) values (?, ?, ?, ?, ?, ?, ?, ?, ?, ?, ?, ?, ?, ?, ?, ?)
make question 6558
Hibernate: insert into question (answer, choice1, choice2, choice3, choice4, choice5, content, correct, create_date, filepath, modify_date, score, subject, teacher_id, time, view) values (?, ?, ?, ?, ?, ?, ?, ?, ?, ?, ?, ?, ?, ?, ?, ?)
make question 6559
Hibernate: insert into question (answer, choice1, choice2, choice3, choice4, choice5, content, correct, create_date, filepath, modify_date, score, subject, teacher_id, time, view) values (?, ?, ?, ?, ?, ?, ?, ?, ?, ?, ?, ?, ?, ?, ?, ?)
make question 6560
Hibernate: insert into question (answer, choice1, choice2, choice3, choice4, choice5, content, correct, create_date, filepath, modify_date, score, subject, teacher_id, time, view) values (?, ?, ?, ?, ?, ?, ?, ?, ?, ?, ?, ?, ?, ?, ?, ?)
make question 6561
Hibernate: insert into question (answer, choice1, choice2, choice3, choice4, choice5, content, correct, create_date, filepath, modify_date, score, subject, teacher_id, time, view) values (?, ?, ?, ?, ?, ?, ?, ?, ?, ?, ?, ?, ?, ?, ?, ?)
make question 6562
Hibernate: insert into question (answer, choice1, choice2, choice3, choice4, choice5, content, correct, create_date, filepath, modify_date, score, subject, teacher_id, time, view) values (?, ?, ?, ?, ?, ?, ?, ?, ?, ?, ?, ?, ?, ?, ?, ?)
make question 6563
Hibernate: insert into question (answer, choice1, choice2, choice3, choice4, choice5, content, correct, create_date, filepath, modify_date, score, subject, teacher_id, time, view) values (?, ?, ?, ?, ?, ?, ?, ?, ?, ?, ?, ?, ?, ?, ?, ?)
make question 6564
Hibernate: insert into question (answer, choice1, choice2, choice3, choice4, choice5, content, correct, create_date, filepath, modify_date, score, subject, teacher_id, time, view) values (?, ?, ?, ?, ?, ?, ?, ?, ?, ?, ?, ?, ?, ?, ?, ?)
make question 6565
Hibernate: insert into question (answer, choice1, choice2, choice3, choice4, choice5, content, correct, create_date, filepath, modify_date, score, subject, teacher_id, time, view) values (?, ?, ?, ?, ?, ?, ?, ?, ?, ?, ?, ?, ?, ?, ?, ?)
make question 6566
Hibernate: insert into question (answer, choice1, choice2, choice3, choice4, choice5, content, correct, create_date, filepath, modify_date, score, subject, teacher_id, time, view) values (?, ?, ?, ?, ?, ?, ?, ?, ?, ?, ?, ?, ?, ?, ?, ?)
make question 6567
Hibernate: insert into question (answer, choice1, choice2, choice3, choice4, choice5, content, correct, create_date, filepath, modify_date, score, subject, teacher_id, time, view) values (?, ?, ?, ?, ?, ?, ?, ?, ?, ?, ?, ?, ?, ?, ?, ?)
make question 6568
Hibernate: insert into question (answer, choice1, choice2, choice3, choice4, choice5, content, correct, create_date, filepath, modify_date, score, subject, teacher_id, time, view) values (?, ?, ?, ?, ?, ?, ?, ?, ?, ?, ?, ?, ?, ?, ?, ?)
make question 6569
Hibernate: insert into question (answer, choice1, choice2, choice3, choice4, choice5, content, correct, create_date, filepath, modify_date, score, subject, teacher_id, time, view) values (?, ?, ?, ?, ?, ?, ?, ?, ?, ?, ?, ?, ?, ?, ?, ?)
make question 6570
Hibernate: insert into question (answer, choice1, choice2, choice3, choice4, choice5, content, correct, create_date, filepath, modify_date, score, subject, teacher_id, time, view) values (?, ?, ?, ?, ?, ?, ?, ?, ?, ?, ?, ?, ?, ?, ?, ?)
make question 6571
Hibernate: insert into question (answer, choice1, choice2, choice3, choice4, choice5, content, correct, create_date, filepath, modify_date, score, subject, teacher_id, time, view) values (?, ?, ?, ?, ?, ?, ?, ?, ?, ?, ?, ?, ?, ?, ?, ?)
make question 6572
Hibernate: insert into question (answer, choice1, choice2, choice3, choice4, choice5, content, correct, create_date, filepath, modify_date, score, subject, teacher_id, time, view) values (?, ?, ?, ?, ?, ?, ?, ?, ?, ?, ?, ?, ?, ?, ?, ?)
make question 6573
Hibernate: insert into question (answer, choice1, choice2, choice3, choice4, choice5, content, correct, create_date, filepath, modify_date, score, subject, teacher_id, time, view) values (?, ?, ?, ?, ?, ?, ?, ?, ?, ?, ?, ?, ?, ?, ?, ?)
make question 6574
Hibernate: insert into question (answer, choice1, choice2, choice3, choice4, choice5, content, correct, create_date, filepath, modify_date, score, subject, teacher_id, time, view) values (?, ?, ?, ?, ?, ?, ?, ?, ?, ?, ?, ?, ?, ?, ?, ?)
make question 6575
Hibernate: insert into question (answer, choice1, choice2, choice3, choice4, choice5, content, correct, create_date, filepath, modify_date, score, subject, teacher_id, time, view) values (?, ?, ?, ?, ?, ?, ?, ?, ?, ?, ?, ?, ?, ?, ?, ?)
make question 6576
Hibernate: insert into question (answer, choice1, choice2, choice3, choice4, choice5, content, correct, create_date, filepath, modify_date, score, subject, teacher_id, time, view) values (?, ?, ?, ?, ?, ?, ?, ?, ?, ?, ?, ?, ?, ?, ?, ?)
make question 6577
Hibernate: insert into question (answer, choice1, choice2, choice3, choice4, choice5, content, correct, create_date, filepath, modify_date, score, subject, teacher_id, time, view) values (?, ?, ?, ?, ?, ?, ?, ?, ?, ?, ?, ?, ?, ?, ?, ?)
make question 6578
Hibernate: insert into question (answer, choice1, choice2, choice3, choice4, choice5, content, correct, create_date, filepath, modify_date, score, subject, teacher_id, time, view) values (?, ?, ?, ?, ?, ?, ?, ?, ?, ?, ?, ?, ?, ?, ?, ?)
make question 6579
Hibernate: insert into question (answer, choice1, choice2, choice3, choice4, choice5, content, correct, create_date, filepath, modify_date, score, subject, teacher_id, time, view) values (?, ?, ?, ?, ?, ?, ?, ?, ?, ?, ?, ?, ?, ?, ?, ?)
make question 6580
Hibernate: insert into question (answer, choice1, choice2, choice3, choice4, choice5, content, correct, create_date, filepath, modify_date, score, subject, teacher_id, time, view) values (?, ?, ?, ?, ?, ?, ?, ?, ?, ?, ?, ?, ?, ?, ?, ?)
make question 6581
Hibernate: insert into question (answer, choice1, choice2, choice3, choice4, choice5, content, correct, create_date, filepath, modify_date, score, subject, teacher_id, time, view) values (?, ?, ?, ?, ?, ?, ?, ?, ?, ?, ?, ?, ?, ?, ?, ?)
make question 6582
Hibernate: insert into question (answer, choice1, choice2, choice3, choice4, choice5, content, correct, create_date, filepath, modify_date, score, subject, teacher_id, time, view) values (?, ?, ?, ?, ?, ?, ?, ?, ?, ?, ?, ?, ?, ?, ?, ?)
make question 6583
Hibernate: insert into question (answer, choice1, choice2, choice3, choice4, choice5, content, correct, create_date, filepath, modify_date, score, subject, teacher_id, time, view) values (?, ?, ?, ?, ?, ?, ?, ?, ?, ?, ?, ?, ?, ?, ?, ?)
make question 6584
Hibernate: insert into question (answer, choice1, choice2, choice3, choice4, choice5, content, correct, create_date, filepath, modify_date, score, subject, teacher_id, time, view) values (?, ?, ?, ?, ?, ?, ?, ?, ?, ?, ?, ?, ?, ?, ?, ?)
make question 6585
Hibernate: insert into question (answer, choice1, choice2, choice3, choice4, choice5, content, correct, create_date, filepath, modify_date, score, subject, teacher_id, time, view) values (?, ?, ?, ?, ?, ?, ?, ?, ?, ?, ?, ?, ?, ?, ?, ?)
make question 6586
Hibernate: insert into question (answer, choice1, choice2, choice3, choice4, choice5, content, correct, create_date, filepath, modify_date, score, subject, teacher_id, time, view) values (?, ?, ?, ?, ?, ?, ?, ?, ?, ?, ?, ?, ?, ?, ?, ?)
make question 6587
Hibernate: insert into question (answer, choice1, choice2, choice3, choice4, choice5, content, correct, create_date, filepath, modify_date, score, subject, teacher_id, time, view) values (?, ?, ?, ?, ?, ?, ?, ?, ?, ?, ?, ?, ?, ?, ?, ?)
make question 6588
Hibernate: insert into question (answer, choice1, choice2, choice3, choice4, choice5, content, correct, create_date, filepath, modify_date, score, subject, teacher_id, time, view) values (?, ?, ?, ?, ?, ?, ?, ?, ?, ?, ?, ?, ?, ?, ?, ?)
make question 6589
Hibernate: insert into question (answer, choice1, choice2, choice3, choice4, choice5, content, correct, create_date, filepath, modify_date, score, subject, teacher_id, time, view) values (?, ?, ?, ?, ?, ?, ?, ?, ?, ?, ?, ?, ?, ?, ?, ?)
make question 6590
Hibernate: insert into question (answer, choice1, choice2, choice3, choice4, choice5, content, correct, create_date, filepath, modify_date, score, subject, teacher_id, time, view) values (?, ?, ?, ?, ?, ?, ?, ?, ?, ?, ?, ?, ?, ?, ?, ?)
make question 6591
Hibernate: insert into question (answer, choice1, choice2, choice3, choice4, choice5, content, correct, create_date, filepath, modify_date, score, subject, teacher_id, time, view) values (?, ?, ?, ?, ?, ?, ?, ?, ?, ?, ?, ?, ?, ?, ?, ?)
make question 6592
Hibernate: insert into question (answer, choice1, choice2, choice3, choice4, choice5, content, correct, create_date, filepath, modify_date, score, subject, teacher_id, time, view) values (?, ?, ?, ?, ?, ?, ?, ?, ?, ?, ?, ?, ?, ?, ?, ?)
make question 6593
Hibernate: insert into question (answer, choice1, choice2, choice3, choice4, choice5, content, correct, create_date, filepath, modify_date, score, subject, teacher_id, time, view) values (?, ?, ?, ?, ?, ?, ?, ?, ?, ?, ?, ?, ?, ?, ?, ?)
make question 6594
Hibernate: insert into question (answer, choice1, choice2, choice3, choice4, choice5, content, correct, create_date, filepath, modify_date, score, subject, teacher_id, time, view) values (?, ?, ?, ?, ?, ?, ?, ?, ?, ?, ?, ?, ?, ?, ?, ?)
make question 6595
Hibernate: insert into question (answer, choice1, choice2, choice3, choice4, choice5, content, correct, create_date, filepath, modify_date, score, subject, teacher_id, time, view) values (?, ?, ?, ?, ?, ?, ?, ?, ?, ?, ?, ?, ?, ?, ?, ?)
make question 6596
Hibernate: insert into question (answer, choice1, choice2, choice3, choice4, choice5, content, correct, create_date, filepath, modify_date, score, subject, teacher_id, time, view) values (?, ?, ?, ?, ?, ?, ?, ?, ?, ?, ?, ?, ?, ?, ?, ?)
make question 6597
Hibernate: insert into question (answer, choice1, choice2, choice3, choice4, choice5, content, correct, create_date, filepath, modify_date, score, subject, teacher_id, time, view) values (?, ?, ?, ?, ?, ?, ?, ?, ?, ?, ?, ?, ?, ?, ?, ?)
make question 6598
Hibernate: insert into question (answer, choice1, choice2, choice3, choice4, choice5, content, correct, create_date, filepath, modify_date, score, subject, teacher_id, time, view) values (?, ?, ?, ?, ?, ?, ?, ?, ?, ?, ?, ?, ?, ?, ?, ?)
make question 6599
Hibernate: insert into question (answer, choice1, choice2, choice3, choice4, choice5, content, correct, create_date, filepath, modify_date, score, subject, teacher_id, time, view) values (?, ?, ?, ?, ?, ?, ?, ?, ?, ?, ?, ?, ?, ?, ?, ?)
make question 6600
Hibernate: insert into question (answer, choice1, choice2, choice3, choice4, choice5, content, correct, create_date, filepath, modify_date, score, subject, teacher_id, time, view) values (?, ?, ?, ?, ?, ?, ?, ?, ?, ?, ?, ?, ?, ?, ?, ?)
make question 6601
Hibernate: insert into question (answer, choice1, choice2, choice3, choice4, choice5, content, correct, create_date, filepath, modify_date, score, subject, teacher_id, time, view) values (?, ?, ?, ?, ?, ?, ?, ?, ?, ?, ?, ?, ?, ?, ?, ?)
make question 6602
Hibernate: insert into question (answer, choice1, choice2, choice3, choice4, choice5, content, correct, create_date, filepath, modify_date, score, subject, teacher_id, time, view) values (?, ?, ?, ?, ?, ?, ?, ?, ?, ?, ?, ?, ?, ?, ?, ?)
make question 6603
Hibernate: insert into question (answer, choice1, choice2, choice3, choice4, choice5, content, correct, create_date, filepath, modify_date, score, subject, teacher_id, time, view) values (?, ?, ?, ?, ?, ?, ?, ?, ?, ?, ?, ?, ?, ?, ?, ?)
make question 6604
Hibernate: insert into question (answer, choice1, choice2, choice3, choice4, choice5, content, correct, create_date, filepath, modify_date, score, subject, teacher_id, time, view) values (?, ?, ?, ?, ?, ?, ?, ?, ?, ?, ?, ?, ?, ?, ?, ?)
make question 6605
Hibernate: insert into question (answer, choice1, choice2, choice3, choice4, choice5, content, correct, create_date, filepath, modify_date, score, subject, teacher_id, time, view) values (?, ?, ?, ?, ?, ?, ?, ?, ?, ?, ?, ?, ?, ?, ?, ?)
make question 6606
Hibernate: insert into question (answer, choice1, choice2, choice3, choice4, choice5, content, correct, create_date, filepath, modify_date, score, subject, teacher_id, time, view) values (?, ?, ?, ?, ?, ?, ?, ?, ?, ?, ?, ?, ?, ?, ?, ?)
make question 6607
Hibernate: insert into question (answer, choice1, choice2, choice3, choice4, choice5, content, correct, create_date, filepath, modify_date, score, subject, teacher_id, time, view) values (?, ?, ?, ?, ?, ?, ?, ?, ?, ?, ?, ?, ?, ?, ?, ?)
make question 6608
Hibernate: insert into question (answer, choice1, choice2, choice3, choice4, choice5, content, correct, create_date, filepath, modify_date, score, subject, teacher_id, time, view) values (?, ?, ?, ?, ?, ?, ?, ?, ?, ?, ?, ?, ?, ?, ?, ?)
make question 6609
Hibernate: insert into question (answer, choice1, choice2, choice3, choice4, choice5, content, correct, create_date, filepath, modify_date, score, subject, teacher_id, time, view) values (?, ?, ?, ?, ?, ?, ?, ?, ?, ?, ?, ?, ?, ?, ?, ?)
make question 6610
Hibernate: insert into question (answer, choice1, choice2, choice3, choice4, choice5, content, correct, create_date, filepath, modify_date, score, subject, teacher_id, time, view) values (?, ?, ?, ?, ?, ?, ?, ?, ?, ?, ?, ?, ?, ?, ?, ?)
make question 6611
Hibernate: insert into question (answer, choice1, choice2, choice3, choice4, choice5, content, correct, create_date, filepath, modify_date, score, subject, teacher_id, time, view) values (?, ?, ?, ?, ?, ?, ?, ?, ?, ?, ?, ?, ?, ?, ?, ?)
make question 6612
Hibernate: insert into question (answer, choice1, choice2, choice3, choice4, choice5, content, correct, create_date, filepath, modify_date, score, subject, teacher_id, time, view) values (?, ?, ?, ?, ?, ?, ?, ?, ?, ?, ?, ?, ?, ?, ?, ?)
make question 6613
Hibernate: insert into question (answer, choice1, choice2, choice3, choice4, choice5, content, correct, create_date, filepath, modify_date, score, subject, teacher_id, time, view) values (?, ?, ?, ?, ?, ?, ?, ?, ?, ?, ?, ?, ?, ?, ?, ?)
make question 6614
Hibernate: insert into question (answer, choice1, choice2, choice3, choice4, choice5, content, correct, create_date, filepath, modify_date, score, subject, teacher_id, time, view) values (?, ?, ?, ?, ?, ?, ?, ?, ?, ?, ?, ?, ?, ?, ?, ?)
make question 6615
Hibernate: insert into question (answer, choice1, choice2, choice3, choice4, choice5, content, correct, create_date, filepath, modify_date, score, subject, teacher_id, time, view) values (?, ?, ?, ?, ?, ?, ?, ?, ?, ?, ?, ?, ?, ?, ?, ?)
make question 6616
Hibernate: insert into question (answer, choice1, choice2, choice3, choice4, choice5, content, correct, create_date, filepath, modify_date, score, subject, teacher_id, time, view) values (?, ?, ?, ?, ?, ?, ?, ?, ?, ?, ?, ?, ?, ?, ?, ?)
make question 6617
Hibernate: insert into question (answer, choice1, choice2, choice3, choice4, choice5, content, correct, create_date, filepath, modify_date, score, subject, teacher_id, time, view) values (?, ?, ?, ?, ?, ?, ?, ?, ?, ?, ?, ?, ?, ?, ?, ?)
make question 6618
Hibernate: insert into question (answer, choice1, choice2, choice3, choice4, choice5, content, correct, create_date, filepath, modify_date, score, subject, teacher_id, time, view) values (?, ?, ?, ?, ?, ?, ?, ?, ?, ?, ?, ?, ?, ?, ?, ?)
make question 6619
Hibernate: insert into question (answer, choice1, choice2, choice3, choice4, choice5, content, correct, create_date, filepath, modify_date, score, subject, teacher_id, time, view) values (?, ?, ?, ?, ?, ?, ?, ?, ?, ?, ?, ?, ?, ?, ?, ?)
make question 6620
Hibernate: insert into question (answer, choice1, choice2, choice3, choice4, choice5, content, correct, create_date, filepath, modify_date, score, subject, teacher_id, time, view) values (?, ?, ?, ?, ?, ?, ?, ?, ?, ?, ?, ?, ?, ?, ?, ?)
make question 6621
Hibernate: insert into question (answer, choice1, choice2, choice3, choice4, choice5, content, correct, create_date, filepath, modify_date, score, subject, teacher_id, time, view) values (?, ?, ?, ?, ?, ?, ?, ?, ?, ?, ?, ?, ?, ?, ?, ?)
make question 6622
Hibernate: insert into question (answer, choice1, choice2, choice3, choice4, choice5, content, correct, create_date, filepath, modify_date, score, subject, teacher_id, time, view) values (?, ?, ?, ?, ?, ?, ?, ?, ?, ?, ?, ?, ?, ?, ?, ?)
make question 6623
Hibernate: insert into question (answer, choice1, choice2, choice3, choice4, choice5, content, correct, create_date, filepath, modify_date, score, subject, teacher_id, time, view) values (?, ?, ?, ?, ?, ?, ?, ?, ?, ?, ?, ?, ?, ?, ?, ?)
make question 6624
Hibernate: insert into question (answer, choice1, choice2, choice3, choice4, choice5, content, correct, create_date, filepath, modify_date, score, subject, teacher_id, time, view) values (?, ?, ?, ?, ?, ?, ?, ?, ?, ?, ?, ?, ?, ?, ?, ?)
make question 6625
Hibernate: insert into question (answer, choice1, choice2, choice3, choice4, choice5, content, correct, create_date, filepath, modify_date, score, subject, teacher_id, time, view) values (?, ?, ?, ?, ?, ?, ?, ?, ?, ?, ?, ?, ?, ?, ?, ?)
make question 6626
Hibernate: insert into question (answer, choice1, choice2, choice3, choice4, choice5, content, correct, create_date, filepath, modify_date, score, subject, teacher_id, time, view) values (?, ?, ?, ?, ?, ?, ?, ?, ?, ?, ?, ?, ?, ?, ?, ?)
make question 6627
Hibernate: insert into question (answer, choice1, choice2, choice3, choice4, choice5, content, correct, create_date, filepath, modify_date, score, subject, teacher_id, time, view) values (?, ?, ?, ?, ?, ?, ?, ?, ?, ?, ?, ?, ?, ?, ?, ?)
make question 6628
Hibernate: insert into question (answer, choice1, choice2, choice3, choice4, choice5, content, correct, create_date, filepath, modify_date, score, subject, teacher_id, time, view) values (?, ?, ?, ?, ?, ?, ?, ?, ?, ?, ?, ?, ?, ?, ?, ?)
make question 6629
Hibernate: insert into question (answer, choice1, choice2, choice3, choice4, choice5, content, correct, create_date, filepath, modify_date, score, subject, teacher_id, time, view) values (?, ?, ?, ?, ?, ?, ?, ?, ?, ?, ?, ?, ?, ?, ?, ?)
make question 6630
Hibernate: insert into question (answer, choice1, choice2, choice3, choice4, choice5, content, correct, create_date, filepath, modify_date, score, subject, teacher_id, time, view) values (?, ?, ?, ?, ?, ?, ?, ?, ?, ?, ?, ?, ?, ?, ?, ?)
make question 6631
Hibernate: insert into question (answer, choice1, choice2, choice3, choice4, choice5, content, correct, create_date, filepath, modify_date, score, subject, teacher_id, time, view) values (?, ?, ?, ?, ?, ?, ?, ?, ?, ?, ?, ?, ?, ?, ?, ?)
make question 6632
Hibernate: insert into question (answer, choice1, choice2, choice3, choice4, choice5, content, correct, create_date, filepath, modify_date, score, subject, teacher_id, time, view) values (?, ?, ?, ?, ?, ?, ?, ?, ?, ?, ?, ?, ?, ?, ?, ?)
make question 6633
Hibernate: insert into question (answer, choice1, choice2, choice3, choice4, choice5, content, correct, create_date, filepath, modify_date, score, subject, teacher_id, time, view) values (?, ?, ?, ?, ?, ?, ?, ?, ?, ?, ?, ?, ?, ?, ?, ?)
make question 6634
Hibernate: insert into question (answer, choice1, choice2, choice3, choice4, choice5, content, correct, create_date, filepath, modify_date, score, subject, teacher_id, time, view) values (?, ?, ?, ?, ?, ?, ?, ?, ?, ?, ?, ?, ?, ?, ?, ?)
make question 6635
Hibernate: insert into question (answer, choice1, choice2, choice3, choice4, choice5, content, correct, create_date, filepath, modify_date, score, subject, teacher_id, time, view) values (?, ?, ?, ?, ?, ?, ?, ?, ?, ?, ?, ?, ?, ?, ?, ?)
make question 6636
Hibernate: insert into question (answer, choice1, choice2, choice3, choice4, choice5, content, correct, create_date, filepath, modify_date, score, subject, teacher_id, time, view) values (?, ?, ?, ?, ?, ?, ?, ?, ?, ?, ?, ?, ?, ?, ?, ?)
make question 6637
Hibernate: insert into question (answer, choice1, choice2, choice3, choice4, choice5, content, correct, create_date, filepath, modify_date, score, subject, teacher_id, time, view) values (?, ?, ?, ?, ?, ?, ?, ?, ?, ?, ?, ?, ?, ?, ?, ?)
make question 6638
Hibernate: insert into question (answer, choice1, choice2, choice3, choice4, choice5, content, correct, create_date, filepath, modify_date, score, subject, teacher_id, time, view) values (?, ?, ?, ?, ?, ?, ?, ?, ?, ?, ?, ?, ?, ?, ?, ?)
make question 6639
Hibernate: insert into question (answer, choice1, choice2, choice3, choice4, choice5, content, correct, create_date, filepath, modify_date, score, subject, teacher_id, time, view) values (?, ?, ?, ?, ?, ?, ?, ?, ?, ?, ?, ?, ?, ?, ?, ?)
make question 6640
Hibernate: insert into question (answer, choice1, choice2, choice3, choice4, choice5, content, correct, create_date, filepath, modify_date, score, subject, teacher_id, time, view) values (?, ?, ?, ?, ?, ?, ?, ?, ?, ?, ?, ?, ?, ?, ?, ?)
make question 6641
Hibernate: insert into question (answer, choice1, choice2, choice3, choice4, choice5, content, correct, create_date, filepath, modify_date, score, subject, teacher_id, time, view) values (?, ?, ?, ?, ?, ?, ?, ?, ?, ?, ?, ?, ?, ?, ?, ?)
make question 6642
Hibernate: insert into question (answer, choice1, choice2, choice3, choice4, choice5, content, correct, create_date, filepath, modify_date, score, subject, teacher_id, time, view) values (?, ?, ?, ?, ?, ?, ?, ?, ?, ?, ?, ?, ?, ?, ?, ?)
make question 6643
Hibernate: insert into question (answer, choice1, choice2, choice3, choice4, choice5, content, correct, create_date, filepath, modify_date, score, subject, teacher_id, time, view) values (?, ?, ?, ?, ?, ?, ?, ?, ?, ?, ?, ?, ?, ?, ?, ?)
make question 6644
Hibernate: insert into question (answer, choice1, choice2, choice3, choice4, choice5, content, correct, create_date, filepath, modify_date, score, subject, teacher_id, time, view) values (?, ?, ?, ?, ?, ?, ?, ?, ?, ?, ?, ?, ?, ?, ?, ?)
make question 6645
Hibernate: insert into question (answer, choice1, choice2, choice3, choice4, choice5, content, correct, create_date, filepath, modify_date, score, subject, teacher_id, time, view) values (?, ?, ?, ?, ?, ?, ?, ?, ?, ?, ?, ?, ?, ?, ?, ?)
make question 6646
Hibernate: insert into question (answer, choice1, choice2, choice3, choice4, choice5, content, correct, create_date, filepath, modify_date, score, subject, teacher_id, time, view) values (?, ?, ?, ?, ?, ?, ?, ?, ?, ?, ?, ?, ?, ?, ?, ?)
make question 6647
Hibernate: insert into question (answer, choice1, choice2, choice3, choice4, choice5, content, correct, create_date, filepath, modify_date, score, subject, teacher_id, time, view) values (?, ?, ?, ?, ?, ?, ?, ?, ?, ?, ?, ?, ?, ?, ?, ?)
make question 6648
Hibernate: insert into question (answer, choice1, choice2, choice3, choice4, choice5, content, correct, create_date, filepath, modify_date, score, subject, teacher_id, time, view) values (?, ?, ?, ?, ?, ?, ?, ?, ?, ?, ?, ?, ?, ?, ?, ?)
make question 6649
Hibernate: insert into question (answer, choice1, choice2, choice3, choice4, choice5, content, correct, create_date, filepath, modify_date, score, subject, teacher_id, time, view) values (?, ?, ?, ?, ?, ?, ?, ?, ?, ?, ?, ?, ?, ?, ?, ?)
make question 6650
Hibernate: insert into question (answer, choice1, choice2, choice3, choice4, choice5, content, correct, create_date, filepath, modify_date, score, subject, teacher_id, time, view) values (?, ?, ?, ?, ?, ?, ?, ?, ?, ?, ?, ?, ?, ?, ?, ?)
make question 6651
Hibernate: insert into question (answer, choice1, choice2, choice3, choice4, choice5, content, correct, create_date, filepath, modify_date, score, subject, teacher_id, time, view) values (?, ?, ?, ?, ?, ?, ?, ?, ?, ?, ?, ?, ?, ?, ?, ?)
make question 6652
Hibernate: insert into question (answer, choice1, choice2, choice3, choice4, choice5, content, correct, create_date, filepath, modify_date, score, subject, teacher_id, time, view) values (?, ?, ?, ?, ?, ?, ?, ?, ?, ?, ?, ?, ?, ?, ?, ?)
make question 6653
Hibernate: insert into question (answer, choice1, choice2, choice3, choice4, choice5, content, correct, create_date, filepath, modify_date, score, subject, teacher_id, time, view) values (?, ?, ?, ?, ?, ?, ?, ?, ?, ?, ?, ?, ?, ?, ?, ?)
make question 6654
Hibernate: insert into question (answer, choice1, choice2, choice3, choice4, choice5, content, correct, create_date, filepath, modify_date, score, subject, teacher_id, time, view) values (?, ?, ?, ?, ?, ?, ?, ?, ?, ?, ?, ?, ?, ?, ?, ?)
make question 6655
Hibernate: insert into question (answer, choice1, choice2, choice3, choice4, choice5, content, correct, create_date, filepath, modify_date, score, subject, teacher_id, time, view) values (?, ?, ?, ?, ?, ?, ?, ?, ?, ?, ?, ?, ?, ?, ?, ?)
make question 6656
Hibernate: insert into question (answer, choice1, choice2, choice3, choice4, choice5, content, correct, create_date, filepath, modify_date, score, subject, teacher_id, time, view) values (?, ?, ?, ?, ?, ?, ?, ?, ?, ?, ?, ?, ?, ?, ?, ?)
make question 6657
Hibernate: insert into question (answer, choice1, choice2, choice3, choice4, choice5, content, correct, create_date, filepath, modify_date, score, subject, teacher_id, time, view) values (?, ?, ?, ?, ?, ?, ?, ?, ?, ?, ?, ?, ?, ?, ?, ?)
make question 6658
Hibernate: insert into question (answer, choice1, choice2, choice3, choice4, choice5, content, correct, create_date, filepath, modify_date, score, subject, teacher_id, time, view) values (?, ?, ?, ?, ?, ?, ?, ?, ?, ?, ?, ?, ?, ?, ?, ?)
make question 6659
Hibernate: insert into question (answer, choice1, choice2, choice3, choice4, choice5, content, correct, create_date, filepath, modify_date, score, subject, teacher_id, time, view) values (?, ?, ?, ?, ?, ?, ?, ?, ?, ?, ?, ?, ?, ?, ?, ?)
make question 6660
Hibernate: insert into question (answer, choice1, choice2, choice3, choice4, choice5, content, correct, create_date, filepath, modify_date, score, subject, teacher_id, time, view) values (?, ?, ?, ?, ?, ?, ?, ?, ?, ?, ?, ?, ?, ?, ?, ?)
make question 6661
Hibernate: insert into question (answer, choice1, choice2, choice3, choice4, choice5, content, correct, create_date, filepath, modify_date, score, subject, teacher_id, time, view) values (?, ?, ?, ?, ?, ?, ?, ?, ?, ?, ?, ?, ?, ?, ?, ?)
make question 6662
Hibernate: insert into question (answer, choice1, choice2, choice3, choice4, choice5, content, correct, create_date, filepath, modify_date, score, subject, teacher_id, time, view) values (?, ?, ?, ?, ?, ?, ?, ?, ?, ?, ?, ?, ?, ?, ?, ?)
make question 6663
Hibernate: insert into question (answer, choice1, choice2, choice3, choice4, choice5, content, correct, create_date, filepath, modify_date, score, subject, teacher_id, time, view) values (?, ?, ?, ?, ?, ?, ?, ?, ?, ?, ?, ?, ?, ?, ?, ?)
make question 6664
Hibernate: insert into question (answer, choice1, choice2, choice3, choice4, choice5, content, correct, create_date, filepath, modify_date, score, subject, teacher_id, time, view) values (?, ?, ?, ?, ?, ?, ?, ?, ?, ?, ?, ?, ?, ?, ?, ?)
make question 6665
Hibernate: insert into question (answer, choice1, choice2, choice3, choice4, choice5, content, correct, create_date, filepath, modify_date, score, subject, teacher_id, time, view) values (?, ?, ?, ?, ?, ?, ?, ?, ?, ?, ?, ?, ?, ?, ?, ?)
make question 6666
Hibernate: insert into question (answer, choice1, choice2, choice3, choice4, choice5, content, correct, create_date, filepath, modify_date, score, subject, teacher_id, time, view) values (?, ?, ?, ?, ?, ?, ?, ?, ?, ?, ?, ?, ?, ?, ?, ?)
make question 6667
Hibernate: insert into question (answer, choice1, choice2, choice3, choice4, choice5, content, correct, create_date, filepath, modify_date, score, subject, teacher_id, time, view) values (?, ?, ?, ?, ?, ?, ?, ?, ?, ?, ?, ?, ?, ?, ?, ?)
make question 6668
Hibernate: insert into question (answer, choice1, choice2, choice3, choice4, choice5, content, correct, create_date, filepath, modify_date, score, subject, teacher_id, time, view) values (?, ?, ?, ?, ?, ?, ?, ?, ?, ?, ?, ?, ?, ?, ?, ?)
make question 6669
Hibernate: insert into question (answer, choice1, choice2, choice3, choice4, choice5, content, correct, create_date, filepath, modify_date, score, subject, teacher_id, time, view) values (?, ?, ?, ?, ?, ?, ?, ?, ?, ?, ?, ?, ?, ?, ?, ?)
make question 6670
Hibernate: insert into question (answer, choice1, choice2, choice3, choice4, choice5, content, correct, create_date, filepath, modify_date, score, subject, teacher_id, time, view) values (?, ?, ?, ?, ?, ?, ?, ?, ?, ?, ?, ?, ?, ?, ?, ?)
make question 6671
Hibernate: insert into question (answer, choice1, choice2, choice3, choice4, choice5, content, correct, create_date, filepath, modify_date, score, subject, teacher_id, time, view) values (?, ?, ?, ?, ?, ?, ?, ?, ?, ?, ?, ?, ?, ?, ?, ?)
make question 6672
Hibernate: insert into question (answer, choice1, choice2, choice3, choice4, choice5, content, correct, create_date, filepath, modify_date, score, subject, teacher_id, time, view) values (?, ?, ?, ?, ?, ?, ?, ?, ?, ?, ?, ?, ?, ?, ?, ?)
make question 6673
Hibernate: insert into question (answer, choice1, choice2, choice3, choice4, choice5, content, correct, create_date, filepath, modify_date, score, subject, teacher_id, time, view) values (?, ?, ?, ?, ?, ?, ?, ?, ?, ?, ?, ?, ?, ?, ?, ?)
make question 6674
Hibernate: insert into question (answer, choice1, choice2, choice3, choice4, choice5, content, correct, create_date, filepath, modify_date, score, subject, teacher_id, time, view) values (?, ?, ?, ?, ?, ?, ?, ?, ?, ?, ?, ?, ?, ?, ?, ?)
make question 6675
Hibernate: insert into question (answer, choice1, choice2, choice3, choice4, choice5, content, correct, create_date, filepath, modify_date, score, subject, teacher_id, time, view) values (?, ?, ?, ?, ?, ?, ?, ?, ?, ?, ?, ?, ?, ?, ?, ?)
make question 6676
Hibernate: insert into question (answer, choice1, choice2, choice3, choice4, choice5, content, correct, create_date, filepath, modify_date, score, subject, teacher_id, time, view) values (?, ?, ?, ?, ?, ?, ?, ?, ?, ?, ?, ?, ?, ?, ?, ?)
make question 6677
Hibernate: insert into question (answer, choice1, choice2, choice3, choice4, choice5, content, correct, create_date, filepath, modify_date, score, subject, teacher_id, time, view) values (?, ?, ?, ?, ?, ?, ?, ?, ?, ?, ?, ?, ?, ?, ?, ?)
make question 6678
Hibernate: insert into question (answer, choice1, choice2, choice3, choice4, choice5, content, correct, create_date, filepath, modify_date, score, subject, teacher_id, time, view) values (?, ?, ?, ?, ?, ?, ?, ?, ?, ?, ?, ?, ?, ?, ?, ?)
make question 6679
Hibernate: insert into question (answer, choice1, choice2, choice3, choice4, choice5, content, correct, create_date, filepath, modify_date, score, subject, teacher_id, time, view) values (?, ?, ?, ?, ?, ?, ?, ?, ?, ?, ?, ?, ?, ?, ?, ?)
make question 6680
Hibernate: insert into question (answer, choice1, choice2, choice3, choice4, choice5, content, correct, create_date, filepath, modify_date, score, subject, teacher_id, time, view) values (?, ?, ?, ?, ?, ?, ?, ?, ?, ?, ?, ?, ?, ?, ?, ?)
make question 6681
Hibernate: insert into question (answer, choice1, choice2, choice3, choice4, choice5, content, correct, create_date, filepath, modify_date, score, subject, teacher_id, time, view) values (?, ?, ?, ?, ?, ?, ?, ?, ?, ?, ?, ?, ?, ?, ?, ?)
make question 6682
Hibernate: insert into question (answer, choice1, choice2, choice3, choice4, choice5, content, correct, create_date, filepath, modify_date, score, subject, teacher_id, time, view) values (?, ?, ?, ?, ?, ?, ?, ?, ?, ?, ?, ?, ?, ?, ?, ?)
make question 6683
Hibernate: insert into question (answer, choice1, choice2, choice3, choice4, choice5, content, correct, create_date, filepath, modify_date, score, subject, teacher_id, time, view) values (?, ?, ?, ?, ?, ?, ?, ?, ?, ?, ?, ?, ?, ?, ?, ?)
make question 6684
Hibernate: insert into question (answer, choice1, choice2, choice3, choice4, choice5, content, correct, create_date, filepath, modify_date, score, subject, teacher_id, time, view) values (?, ?, ?, ?, ?, ?, ?, ?, ?, ?, ?, ?, ?, ?, ?, ?)
make question 6685
Hibernate: insert into question (answer, choice1, choice2, choice3, choice4, choice5, content, correct, create_date, filepath, modify_date, score, subject, teacher_id, time, view) values (?, ?, ?, ?, ?, ?, ?, ?, ?, ?, ?, ?, ?, ?, ?, ?)
make question 6686
Hibernate: insert into question (answer, choice1, choice2, choice3, choice4, choice5, content, correct, create_date, filepath, modify_date, score, subject, teacher_id, time, view) values (?, ?, ?, ?, ?, ?, ?, ?, ?, ?, ?, ?, ?, ?, ?, ?)
make question 6687
Hibernate: insert into question (answer, choice1, choice2, choice3, choice4, choice5, content, correct, create_date, filepath, modify_date, score, subject, teacher_id, time, view) values (?, ?, ?, ?, ?, ?, ?, ?, ?, ?, ?, ?, ?, ?, ?, ?)
make question 6688
Hibernate: insert into question (answer, choice1, choice2, choice3, choice4, choice5, content, correct, create_date, filepath, modify_date, score, subject, teacher_id, time, view) values (?, ?, ?, ?, ?, ?, ?, ?, ?, ?, ?, ?, ?, ?, ?, ?)
make question 6689
Hibernate: insert into question (answer, choice1, choice2, choice3, choice4, choice5, content, correct, create_date, filepath, modify_date, score, subject, teacher_id, time, view) values (?, ?, ?, ?, ?, ?, ?, ?, ?, ?, ?, ?, ?, ?, ?, ?)
make question 6690
Hibernate: insert into question (answer, choice1, choice2, choice3, choice4, choice5, content, correct, create_date, filepath, modify_date, score, subject, teacher_id, time, view) values (?, ?, ?, ?, ?, ?, ?, ?, ?, ?, ?, ?, ?, ?, ?, ?)
make question 6691
Hibernate: insert into question (answer, choice1, choice2, choice3, choice4, choice5, content, correct, create_date, filepath, modify_date, score, subject, teacher_id, time, view) values (?, ?, ?, ?, ?, ?, ?, ?, ?, ?, ?, ?, ?, ?, ?, ?)
make question 6692
Hibernate: insert into question (answer, choice1, choice2, choice3, choice4, choice5, content, correct, create_date, filepath, modify_date, score, subject, teacher_id, time, view) values (?, ?, ?, ?, ?, ?, ?, ?, ?, ?, ?, ?, ?, ?, ?, ?)
make question 6693
Hibernate: insert into question (answer, choice1, choice2, choice3, choice4, choice5, content, correct, create_date, filepath, modify_date, score, subject, teacher_id, time, view) values (?, ?, ?, ?, ?, ?, ?, ?, ?, ?, ?, ?, ?, ?, ?, ?)
make question 6694
Hibernate: insert into question (answer, choice1, choice2, choice3, choice4, choice5, content, correct, create_date, filepath, modify_date, score, subject, teacher_id, time, view) values (?, ?, ?, ?, ?, ?, ?, ?, ?, ?, ?, ?, ?, ?, ?, ?)
make question 6695
Hibernate: insert into question (answer, choice1, choice2, choice3, choice4, choice5, content, correct, create_date, filepath, modify_date, score, subject, teacher_id, time, view) values (?, ?, ?, ?, ?, ?, ?, ?, ?, ?, ?, ?, ?, ?, ?, ?)
make question 6696
Hibernate: insert into question (answer, choice1, choice2, choice3, choice4, choice5, content, correct, create_date, filepath, modify_date, score, subject, teacher_id, time, view) values (?, ?, ?, ?, ?, ?, ?, ?, ?, ?, ?, ?, ?, ?, ?, ?)
make question 6697
Hibernate: insert into question (answer, choice1, choice2, choice3, choice4, choice5, content, correct, create_date, filepath, modify_date, score, subject, teacher_id, time, view) values (?, ?, ?, ?, ?, ?, ?, ?, ?, ?, ?, ?, ?, ?, ?, ?)
make question 6698
Hibernate: insert into question (answer, choice1, choice2, choice3, choice4, choice5, content, correct, create_date, filepath, modify_date, score, subject, teacher_id, time, view) values (?, ?, ?, ?, ?, ?, ?, ?, ?, ?, ?, ?, ?, ?, ?, ?)
make question 6699
Hibernate: insert into question (answer, choice1, choice2, choice3, choice4, choice5, content, correct, create_date, filepath, modify_date, score, subject, teacher_id, time, view) values (?, ?, ?, ?, ?, ?, ?, ?, ?, ?, ?, ?, ?, ?, ?, ?)
make question 6700
Hibernate: insert into question (answer, choice1, choice2, choice3, choice4, choice5, content, correct, create_date, filepath, modify_date, score, subject, teacher_id, time, view) values (?, ?, ?, ?, ?, ?, ?, ?, ?, ?, ?, ?, ?, ?, ?, ?)
make question 6701
Hibernate: insert into question (answer, choice1, choice2, choice3, choice4, choice5, content, correct, create_date, filepath, modify_date, score, subject, teacher_id, time, view) values (?, ?, ?, ?, ?, ?, ?, ?, ?, ?, ?, ?, ?, ?, ?, ?)
make question 6702
Hibernate: insert into question (answer, choice1, choice2, choice3, choice4, choice5, content, correct, create_date, filepath, modify_date, score, subject, teacher_id, time, view) values (?, ?, ?, ?, ?, ?, ?, ?, ?, ?, ?, ?, ?, ?, ?, ?)
make question 6703
Hibernate: insert into question (answer, choice1, choice2, choice3, choice4, choice5, content, correct, create_date, filepath, modify_date, score, subject, teacher_id, time, view) values (?, ?, ?, ?, ?, ?, ?, ?, ?, ?, ?, ?, ?, ?, ?, ?)
make question 6704
Hibernate: insert into question (answer, choice1, choice2, choice3, choice4, choice5, content, correct, create_date, filepath, modify_date, score, subject, teacher_id, time, view) values (?, ?, ?, ?, ?, ?, ?, ?, ?, ?, ?, ?, ?, ?, ?, ?)
make question 6705
Hibernate: insert into question (answer, choice1, choice2, choice3, choice4, choice5, content, correct, create_date, filepath, modify_date, score, subject, teacher_id, time, view) values (?, ?, ?, ?, ?, ?, ?, ?, ?, ?, ?, ?, ?, ?, ?, ?)
make question 6706
Hibernate: insert into question (answer, choice1, choice2, choice3, choice4, choice5, content, correct, create_date, filepath, modify_date, score, subject, teacher_id, time, view) values (?, ?, ?, ?, ?, ?, ?, ?, ?, ?, ?, ?, ?, ?, ?, ?)
make question 6707
Hibernate: insert into question (answer, choice1, choice2, choice3, choice4, choice5, content, correct, create_date, filepath, modify_date, score, subject, teacher_id, time, view) values (?, ?, ?, ?, ?, ?, ?, ?, ?, ?, ?, ?, ?, ?, ?, ?)
make question 6708
Hibernate: insert into question (answer, choice1, choice2, choice3, choice4, choice5, content, correct, create_date, filepath, modify_date, score, subject, teacher_id, time, view) values (?, ?, ?, ?, ?, ?, ?, ?, ?, ?, ?, ?, ?, ?, ?, ?)
make question 6709
Hibernate: insert into question (answer, choice1, choice2, choice3, choice4, choice5, content, correct, create_date, filepath, modify_date, score, subject, teacher_id, time, view) values (?, ?, ?, ?, ?, ?, ?, ?, ?, ?, ?, ?, ?, ?, ?, ?)
make question 6710
Hibernate: insert into question (answer, choice1, choice2, choice3, choice4, choice5, content, correct, create_date, filepath, modify_date, score, subject, teacher_id, time, view) values (?, ?, ?, ?, ?, ?, ?, ?, ?, ?, ?, ?, ?, ?, ?, ?)
make question 6711
Hibernate: insert into question (answer, choice1, choice2, choice3, choice4, choice5, content, correct, create_date, filepath, modify_date, score, subject, teacher_id, time, view) values (?, ?, ?, ?, ?, ?, ?, ?, ?, ?, ?, ?, ?, ?, ?, ?)
make question 6712
Hibernate: insert into question (answer, choice1, choice2, choice3, choice4, choice5, content, correct, create_date, filepath, modify_date, score, subject, teacher_id, time, view) values (?, ?, ?, ?, ?, ?, ?, ?, ?, ?, ?, ?, ?, ?, ?, ?)
make question 6713
Hibernate: insert into question (answer, choice1, choice2, choice3, choice4, choice5, content, correct, create_date, filepath, modify_date, score, subject, teacher_id, time, view) values (?, ?, ?, ?, ?, ?, ?, ?, ?, ?, ?, ?, ?, ?, ?, ?)
make question 6714
Hibernate: insert into question (answer, choice1, choice2, choice3, choice4, choice5, content, correct, create_date, filepath, modify_date, score, subject, teacher_id, time, view) values (?, ?, ?, ?, ?, ?, ?, ?, ?, ?, ?, ?, ?, ?, ?, ?)
make question 6715
Hibernate: insert into question (answer, choice1, choice2, choice3, choice4, choice5, content, correct, create_date, filepath, modify_date, score, subject, teacher_id, time, view) values (?, ?, ?, ?, ?, ?, ?, ?, ?, ?, ?, ?, ?, ?, ?, ?)
make question 6716
Hibernate: insert into question (answer, choice1, choice2, choice3, choice4, choice5, content, correct, create_date, filepath, modify_date, score, subject, teacher_id, time, view) values (?, ?, ?, ?, ?, ?, ?, ?, ?, ?, ?, ?, ?, ?, ?, ?)
make question 6717
Hibernate: insert into question (answer, choice1, choice2, choice3, choice4, choice5, content, correct, create_date, filepath, modify_date, score, subject, teacher_id, time, view) values (?, ?, ?, ?, ?, ?, ?, ?, ?, ?, ?, ?, ?, ?, ?, ?)
make question 6718
Hibernate: insert into question (answer, choice1, choice2, choice3, choice4, choice5, content, correct, create_date, filepath, modify_date, score, subject, teacher_id, time, view) values (?, ?, ?, ?, ?, ?, ?, ?, ?, ?, ?, ?, ?, ?, ?, ?)
make question 6719
Hibernate: insert into question (answer, choice1, choice2, choice3, choice4, choice5, content, correct, create_date, filepath, modify_date, score, subject, teacher_id, time, view) values (?, ?, ?, ?, ?, ?, ?, ?, ?, ?, ?, ?, ?, ?, ?, ?)
make question 6720
Hibernate: insert into question (answer, choice1, choice2, choice3, choice4, choice5, content, correct, create_date, filepath, modify_date, score, subject, teacher_id, time, view) values (?, ?, ?, ?, ?, ?, ?, ?, ?, ?, ?, ?, ?, ?, ?, ?)
make question 6721
Hibernate: insert into question (answer, choice1, choice2, choice3, choice4, choice5, content, correct, create_date, filepath, modify_date, score, subject, teacher_id, time, view) values (?, ?, ?, ?, ?, ?, ?, ?, ?, ?, ?, ?, ?, ?, ?, ?)
make question 6722
Hibernate: insert into question (answer, choice1, choice2, choice3, choice4, choice5, content, correct, create_date, filepath, modify_date, score, subject, teacher_id, time, view) values (?, ?, ?, ?, ?, ?, ?, ?, ?, ?, ?, ?, ?, ?, ?, ?)
make question 6723
Hibernate: insert into question (answer, choice1, choice2, choice3, choice4, choice5, content, correct, create_date, filepath, modify_date, score, subject, teacher_id, time, view) values (?, ?, ?, ?, ?, ?, ?, ?, ?, ?, ?, ?, ?, ?, ?, ?)
make question 6724
Hibernate: insert into question (answer, choice1, choice2, choice3, choice4, choice5, content, correct, create_date, filepath, modify_date, score, subject, teacher_id, time, view) values (?, ?, ?, ?, ?, ?, ?, ?, ?, ?, ?, ?, ?, ?, ?, ?)
make question 6725
Hibernate: insert into question (answer, choice1, choice2, choice3, choice4, choice5, content, correct, create_date, filepath, modify_date, score, subject, teacher_id, time, view) values (?, ?, ?, ?, ?, ?, ?, ?, ?, ?, ?, ?, ?, ?, ?, ?)
make question 6726
Hibernate: insert into question (answer, choice1, choice2, choice3, choice4, choice5, content, correct, create_date, filepath, modify_date, score, subject, teacher_id, time, view) values (?, ?, ?, ?, ?, ?, ?, ?, ?, ?, ?, ?, ?, ?, ?, ?)
make question 6727
Hibernate: insert into question (answer, choice1, choice2, choice3, choice4, choice5, content, correct, create_date, filepath, modify_date, score, subject, teacher_id, time, view) values (?, ?, ?, ?, ?, ?, ?, ?, ?, ?, ?, ?, ?, ?, ?, ?)
make question 6728
Hibernate: insert into question (answer, choice1, choice2, choice3, choice4, choice5, content, correct, create_date, filepath, modify_date, score, subject, teacher_id, time, view) values (?, ?, ?, ?, ?, ?, ?, ?, ?, ?, ?, ?, ?, ?, ?, ?)
make question 6729
Hibernate: insert into question (answer, choice1, choice2, choice3, choice4, choice5, content, correct, create_date, filepath, modify_date, score, subject, teacher_id, time, view) values (?, ?, ?, ?, ?, ?, ?, ?, ?, ?, ?, ?, ?, ?, ?, ?)
make question 6730
Hibernate: insert into question (answer, choice1, choice2, choice3, choice4, choice5, content, correct, create_date, filepath, modify_date, score, subject, teacher_id, time, view) values (?, ?, ?, ?, ?, ?, ?, ?, ?, ?, ?, ?, ?, ?, ?, ?)
make question 6731
Hibernate: insert into question (answer, choice1, choice2, choice3, choice4, choice5, content, correct, create_date, filepath, modify_date, score, subject, teacher_id, time, view) values (?, ?, ?, ?, ?, ?, ?, ?, ?, ?, ?, ?, ?, ?, ?, ?)
make question 6732
Hibernate: insert into question (answer, choice1, choice2, choice3, choice4, choice5, content, correct, create_date, filepath, modify_date, score, subject, teacher_id, time, view) values (?, ?, ?, ?, ?, ?, ?, ?, ?, ?, ?, ?, ?, ?, ?, ?)
make question 6733
Hibernate: insert into question (answer, choice1, choice2, choice3, choice4, choice5, content, correct, create_date, filepath, modify_date, score, subject, teacher_id, time, view) values (?, ?, ?, ?, ?, ?, ?, ?, ?, ?, ?, ?, ?, ?, ?, ?)
make question 6734
Hibernate: insert into question (answer, choice1, choice2, choice3, choice4, choice5, content, correct, create_date, filepath, modify_date, score, subject, teacher_id, time, view) values (?, ?, ?, ?, ?, ?, ?, ?, ?, ?, ?, ?, ?, ?, ?, ?)
make question 6735
Hibernate: insert into question (answer, choice1, choice2, choice3, choice4, choice5, content, correct, create_date, filepath, modify_date, score, subject, teacher_id, time, view) values (?, ?, ?, ?, ?, ?, ?, ?, ?, ?, ?, ?, ?, ?, ?, ?)
make question 6736
Hibernate: insert into question (answer, choice1, choice2, choice3, choice4, choice5, content, correct, create_date, filepath, modify_date, score, subject, teacher_id, time, view) values (?, ?, ?, ?, ?, ?, ?, ?, ?, ?, ?, ?, ?, ?, ?, ?)
make question 6737
Hibernate: insert into question (answer, choice1, choice2, choice3, choice4, choice5, content, correct, create_date, filepath, modify_date, score, subject, teacher_id, time, view) values (?, ?, ?, ?, ?, ?, ?, ?, ?, ?, ?, ?, ?, ?, ?, ?)
make question 6738
Hibernate: insert into question (answer, choice1, choice2, choice3, choice4, choice5, content, correct, create_date, filepath, modify_date, score, subject, teacher_id, time, view) values (?, ?, ?, ?, ?, ?, ?, ?, ?, ?, ?, ?, ?, ?, ?, ?)
make question 6739
Hibernate: insert into question (answer, choice1, choice2, choice3, choice4, choice5, content, correct, create_date, filepath, modify_date, score, subject, teacher_id, time, view) values (?, ?, ?, ?, ?, ?, ?, ?, ?, ?, ?, ?, ?, ?, ?, ?)
make question 6740
Hibernate: insert into question (answer, choice1, choice2, choice3, choice4, choice5, content, correct, create_date, filepath, modify_date, score, subject, teacher_id, time, view) values (?, ?, ?, ?, ?, ?, ?, ?, ?, ?, ?, ?, ?, ?, ?, ?)
make question 6741
Hibernate: insert into question (answer, choice1, choice2, choice3, choice4, choice5, content, correct, create_date, filepath, modify_date, score, subject, teacher_id, time, view) values (?, ?, ?, ?, ?, ?, ?, ?, ?, ?, ?, ?, ?, ?, ?, ?)
make question 6742
Hibernate: insert into question (answer, choice1, choice2, choice3, choice4, choice5, content, correct, create_date, filepath, modify_date, score, subject, teacher_id, time, view) values (?, ?, ?, ?, ?, ?, ?, ?, ?, ?, ?, ?, ?, ?, ?, ?)
make question 6743
Hibernate: insert into question (answer, choice1, choice2, choice3, choice4, choice5, content, correct, create_date, filepath, modify_date, score, subject, teacher_id, time, view) values (?, ?, ?, ?, ?, ?, ?, ?, ?, ?, ?, ?, ?, ?, ?, ?)
make question 6744
Hibernate: insert into question (answer, choice1, choice2, choice3, choice4, choice5, content, correct, create_date, filepath, modify_date, score, subject, teacher_id, time, view) values (?, ?, ?, ?, ?, ?, ?, ?, ?, ?, ?, ?, ?, ?, ?, ?)
make question 6745
Hibernate: insert into question (answer, choice1, choice2, choice3, choice4, choice5, content, correct, create_date, filepath, modify_date, score, subject, teacher_id, time, view) values (?, ?, ?, ?, ?, ?, ?, ?, ?, ?, ?, ?, ?, ?, ?, ?)
make question 6746
Hibernate: insert into question (answer, choice1, choice2, choice3, choice4, choice5, content, correct, create_date, filepath, modify_date, score, subject, teacher_id, time, view) values (?, ?, ?, ?, ?, ?, ?, ?, ?, ?, ?, ?, ?, ?, ?, ?)
make question 6747
Hibernate: insert into question (answer, choice1, choice2, choice3, choice4, choice5, content, correct, create_date, filepath, modify_date, score, subject, teacher_id, time, view) values (?, ?, ?, ?, ?, ?, ?, ?, ?, ?, ?, ?, ?, ?, ?, ?)
make question 6748
Hibernate: insert into question (answer, choice1, choice2, choice3, choice4, choice5, content, correct, create_date, filepath, modify_date, score, subject, teacher_id, time, view) values (?, ?, ?, ?, ?, ?, ?, ?, ?, ?, ?, ?, ?, ?, ?, ?)
make question 6749
Hibernate: insert into question (answer, choice1, choice2, choice3, choice4, choice5, content, correct, create_date, filepath, modify_date, score, subject, teacher_id, time, view) values (?, ?, ?, ?, ?, ?, ?, ?, ?, ?, ?, ?, ?, ?, ?, ?)
make question 6750
Hibernate: insert into question (answer, choice1, choice2, choice3, choice4, choice5, content, correct, create_date, filepath, modify_date, score, subject, teacher_id, time, view) values (?, ?, ?, ?, ?, ?, ?, ?, ?, ?, ?, ?, ?, ?, ?, ?)
make question 6751
Hibernate: insert into question (answer, choice1, choice2, choice3, choice4, choice5, content, correct, create_date, filepath, modify_date, score, subject, teacher_id, time, view) values (?, ?, ?, ?, ?, ?, ?, ?, ?, ?, ?, ?, ?, ?, ?, ?)
make question 6752
Hibernate: insert into question (answer, choice1, choice2, choice3, choice4, choice5, content, correct, create_date, filepath, modify_date, score, subject, teacher_id, time, view) values (?, ?, ?, ?, ?, ?, ?, ?, ?, ?, ?, ?, ?, ?, ?, ?)
make question 6753
Hibernate: insert into question (answer, choice1, choice2, choice3, choice4, choice5, content, correct, create_date, filepath, modify_date, score, subject, teacher_id, time, view) values (?, ?, ?, ?, ?, ?, ?, ?, ?, ?, ?, ?, ?, ?, ?, ?)
make question 6754
Hibernate: insert into question (answer, choice1, choice2, choice3, choice4, choice5, content, correct, create_date, filepath, modify_date, score, subject, teacher_id, time, view) values (?, ?, ?, ?, ?, ?, ?, ?, ?, ?, ?, ?, ?, ?, ?, ?)
make question 6755
Hibernate: insert into question (answer, choice1, choice2, choice3, choice4, choice5, content, correct, create_date, filepath, modify_date, score, subject, teacher_id, time, view) values (?, ?, ?, ?, ?, ?, ?, ?, ?, ?, ?, ?, ?, ?, ?, ?)
make question 6756
Hibernate: insert into question (answer, choice1, choice2, choice3, choice4, choice5, content, correct, create_date, filepath, modify_date, score, subject, teacher_id, time, view) values (?, ?, ?, ?, ?, ?, ?, ?, ?, ?, ?, ?, ?, ?, ?, ?)
make question 6757
Hibernate: insert into question (answer, choice1, choice2, choice3, choice4, choice5, content, correct, create_date, filepath, modify_date, score, subject, teacher_id, time, view) values (?, ?, ?, ?, ?, ?, ?, ?, ?, ?, ?, ?, ?, ?, ?, ?)
make question 6758
Hibernate: insert into question (answer, choice1, choice2, choice3, choice4, choice5, content, correct, create_date, filepath, modify_date, score, subject, teacher_id, time, view) values (?, ?, ?, ?, ?, ?, ?, ?, ?, ?, ?, ?, ?, ?, ?, ?)
make question 6759
Hibernate: insert into question (answer, choice1, choice2, choice3, choice4, choice5, content, correct, create_date, filepath, modify_date, score, subject, teacher_id, time, view) values (?, ?, ?, ?, ?, ?, ?, ?, ?, ?, ?, ?, ?, ?, ?, ?)
make question 6760
Hibernate: insert into question (answer, choice1, choice2, choice3, choice4, choice5, content, correct, create_date, filepath, modify_date, score, subject, teacher_id, time, view) values (?, ?, ?, ?, ?, ?, ?, ?, ?, ?, ?, ?, ?, ?, ?, ?)
make question 6761
Hibernate: insert into question (answer, choice1, choice2, choice3, choice4, choice5, content, correct, create_date, filepath, modify_date, score, subject, teacher_id, time, view) values (?, ?, ?, ?, ?, ?, ?, ?, ?, ?, ?, ?, ?, ?, ?, ?)
make question 6762
Hibernate: insert into question (answer, choice1, choice2, choice3, choice4, choice5, content, correct, create_date, filepath, modify_date, score, subject, teacher_id, time, view) values (?, ?, ?, ?, ?, ?, ?, ?, ?, ?, ?, ?, ?, ?, ?, ?)
make question 6763
Hibernate: insert into question (answer, choice1, choice2, choice3, choice4, choice5, content, correct, create_date, filepath, modify_date, score, subject, teacher_id, time, view) values (?, ?, ?, ?, ?, ?, ?, ?, ?, ?, ?, ?, ?, ?, ?, ?)
make question 6764
Hibernate: insert into question (answer, choice1, choice2, choice3, choice4, choice5, content, correct, create_date, filepath, modify_date, score, subject, teacher_id, time, view) values (?, ?, ?, ?, ?, ?, ?, ?, ?, ?, ?, ?, ?, ?, ?, ?)
make question 6765
Hibernate: insert into question (answer, choice1, choice2, choice3, choice4, choice5, content, correct, create_date, filepath, modify_date, score, subject, teacher_id, time, view) values (?, ?, ?, ?, ?, ?, ?, ?, ?, ?, ?, ?, ?, ?, ?, ?)
make question 6766
Hibernate: insert into question (answer, choice1, choice2, choice3, choice4, choice5, content, correct, create_date, filepath, modify_date, score, subject, teacher_id, time, view) values (?, ?, ?, ?, ?, ?, ?, ?, ?, ?, ?, ?, ?, ?, ?, ?)
make question 6767
Hibernate: insert into question (answer, choice1, choice2, choice3, choice4, choice5, content, correct, create_date, filepath, modify_date, score, subject, teacher_id, time, view) values (?, ?, ?, ?, ?, ?, ?, ?, ?, ?, ?, ?, ?, ?, ?, ?)
make question 6768
Hibernate: insert into question (answer, choice1, choice2, choice3, choice4, choice5, content, correct, create_date, filepath, modify_date, score, subject, teacher_id, time, view) values (?, ?, ?, ?, ?, ?, ?, ?, ?, ?, ?, ?, ?, ?, ?, ?)
make question 6769
Hibernate: insert into question (answer, choice1, choice2, choice3, choice4, choice5, content, correct, create_date, filepath, modify_date, score, subject, teacher_id, time, view) values (?, ?, ?, ?, ?, ?, ?, ?, ?, ?, ?, ?, ?, ?, ?, ?)
make question 6770
Hibernate: insert into question (answer, choice1, choice2, choice3, choice4, choice5, content, correct, create_date, filepath, modify_date, score, subject, teacher_id, time, view) values (?, ?, ?, ?, ?, ?, ?, ?, ?, ?, ?, ?, ?, ?, ?, ?)
make question 6771
Hibernate: insert into question (answer, choice1, choice2, choice3, choice4, choice5, content, correct, create_date, filepath, modify_date, score, subject, teacher_id, time, view) values (?, ?, ?, ?, ?, ?, ?, ?, ?, ?, ?, ?, ?, ?, ?, ?)
make question 6772
Hibernate: insert into question (answer, choice1, choice2, choice3, choice4, choice5, content, correct, create_date, filepath, modify_date, score, subject, teacher_id, time, view) values (?, ?, ?, ?, ?, ?, ?, ?, ?, ?, ?, ?, ?, ?, ?, ?)
make question 6773
Hibernate: insert into question (answer, choice1, choice2, choice3, choice4, choice5, content, correct, create_date, filepath, modify_date, score, subject, teacher_id, time, view) values (?, ?, ?, ?, ?, ?, ?, ?, ?, ?, ?, ?, ?, ?, ?, ?)
make question 6774
Hibernate: insert into question (answer, choice1, choice2, choice3, choice4, choice5, content, correct, create_date, filepath, modify_date, score, subject, teacher_id, time, view) values (?, ?, ?, ?, ?, ?, ?, ?, ?, ?, ?, ?, ?, ?, ?, ?)
make question 6775
Hibernate: insert into question (answer, choice1, choice2, choice3, choice4, choice5, content, correct, create_date, filepath, modify_date, score, subject, teacher_id, time, view) values (?, ?, ?, ?, ?, ?, ?, ?, ?, ?, ?, ?, ?, ?, ?, ?)
make question 6776
Hibernate: insert into question (answer, choice1, choice2, choice3, choice4, choice5, content, correct, create_date, filepath, modify_date, score, subject, teacher_id, time, view) values (?, ?, ?, ?, ?, ?, ?, ?, ?, ?, ?, ?, ?, ?, ?, ?)
make question 6777
Hibernate: insert into question (answer, choice1, choice2, choice3, choice4, choice5, content, correct, create_date, filepath, modify_date, score, subject, teacher_id, time, view) values (?, ?, ?, ?, ?, ?, ?, ?, ?, ?, ?, ?, ?, ?, ?, ?)
make question 6778
Hibernate: insert into question (answer, choice1, choice2, choice3, choice4, choice5, content, correct, create_date, filepath, modify_date, score, subject, teacher_id, time, view) values (?, ?, ?, ?, ?, ?, ?, ?, ?, ?, ?, ?, ?, ?, ?, ?)
make question 6779
Hibernate: insert into question (answer, choice1, choice2, choice3, choice4, choice5, content, correct, create_date, filepath, modify_date, score, subject, teacher_id, time, view) values (?, ?, ?, ?, ?, ?, ?, ?, ?, ?, ?, ?, ?, ?, ?, ?)
make question 6780
Hibernate: insert into question (answer, choice1, choice2, choice3, choice4, choice5, content, correct, create_date, filepath, modify_date, score, subject, teacher_id, time, view) values (?, ?, ?, ?, ?, ?, ?, ?, ?, ?, ?, ?, ?, ?, ?, ?)
make question 6781
Hibernate: insert into question (answer, choice1, choice2, choice3, choice4, choice5, content, correct, create_date, filepath, modify_date, score, subject, teacher_id, time, view) values (?, ?, ?, ?, ?, ?, ?, ?, ?, ?, ?, ?, ?, ?, ?, ?)
make question 6782
Hibernate: insert into question (answer, choice1, choice2, choice3, choice4, choice5, content, correct, create_date, filepath, modify_date, score, subject, teacher_id, time, view) values (?, ?, ?, ?, ?, ?, ?, ?, ?, ?, ?, ?, ?, ?, ?, ?)
make question 6783
Hibernate: insert into question (answer, choice1, choice2, choice3, choice4, choice5, content, correct, create_date, filepath, modify_date, score, subject, teacher_id, time, view) values (?, ?, ?, ?, ?, ?, ?, ?, ?, ?, ?, ?, ?, ?, ?, ?)
make question 6784
Hibernate: insert into question (answer, choice1, choice2, choice3, choice4, choice5, content, correct, create_date, filepath, modify_date, score, subject, teacher_id, time, view) values (?, ?, ?, ?, ?, ?, ?, ?, ?, ?, ?, ?, ?, ?, ?, ?)
make question 6785
Hibernate: insert into question (answer, choice1, choice2, choice3, choice4, choice5, content, correct, create_date, filepath, modify_date, score, subject, teacher_id, time, view) values (?, ?, ?, ?, ?, ?, ?, ?, ?, ?, ?, ?, ?, ?, ?, ?)
make question 6786
Hibernate: insert into question (answer, choice1, choice2, choice3, choice4, choice5, content, correct, create_date, filepath, modify_date, score, subject, teacher_id, time, view) values (?, ?, ?, ?, ?, ?, ?, ?, ?, ?, ?, ?, ?, ?, ?, ?)
make question 6787
Hibernate: insert into question (answer, choice1, choice2, choice3, choice4, choice5, content, correct, create_date, filepath, modify_date, score, subject, teacher_id, time, view) values (?, ?, ?, ?, ?, ?, ?, ?, ?, ?, ?, ?, ?, ?, ?, ?)
make question 6788
Hibernate: insert into question (answer, choice1, choice2, choice3, choice4, choice5, content, correct, create_date, filepath, modify_date, score, subject, teacher_id, time, view) values (?, ?, ?, ?, ?, ?, ?, ?, ?, ?, ?, ?, ?, ?, ?, ?)
make question 6789
Hibernate: insert into question (answer, choice1, choice2, choice3, choice4, choice5, content, correct, create_date, filepath, modify_date, score, subject, teacher_id, time, view) values (?, ?, ?, ?, ?, ?, ?, ?, ?, ?, ?, ?, ?, ?, ?, ?)
make question 6790
Hibernate: insert into question (answer, choice1, choice2, choice3, choice4, choice5, content, correct, create_date, filepath, modify_date, score, subject, teacher_id, time, view) values (?, ?, ?, ?, ?, ?, ?, ?, ?, ?, ?, ?, ?, ?, ?, ?)
make question 6791
Hibernate: insert into question (answer, choice1, choice2, choice3, choice4, choice5, content, correct, create_date, filepath, modify_date, score, subject, teacher_id, time, view) values (?, ?, ?, ?, ?, ?, ?, ?, ?, ?, ?, ?, ?, ?, ?, ?)
make question 6792
Hibernate: insert into question (answer, choice1, choice2, choice3, choice4, choice5, content, correct, create_date, filepath, modify_date, score, subject, teacher_id, time, view) values (?, ?, ?, ?, ?, ?, ?, ?, ?, ?, ?, ?, ?, ?, ?, ?)
make question 6793
Hibernate: insert into question (answer, choice1, choice2, choice3, choice4, choice5, content, correct, create_date, filepath, modify_date, score, subject, teacher_id, time, view) values (?, ?, ?, ?, ?, ?, ?, ?, ?, ?, ?, ?, ?, ?, ?, ?)
make question 6794
Hibernate: insert into question (answer, choice1, choice2, choice3, choice4, choice5, content, correct, create_date, filepath, modify_date, score, subject, teacher_id, time, view) values (?, ?, ?, ?, ?, ?, ?, ?, ?, ?, ?, ?, ?, ?, ?, ?)
make question 6795
Hibernate: insert into question (answer, choice1, choice2, choice3, choice4, choice5, content, correct, create_date, filepath, modify_date, score, subject, teacher_id, time, view) values (?, ?, ?, ?, ?, ?, ?, ?, ?, ?, ?, ?, ?, ?, ?, ?)
make question 6796
Hibernate: insert into question (answer, choice1, choice2, choice3, choice4, choice5, content, correct, create_date, filepath, modify_date, score, subject, teacher_id, time, view) values (?, ?, ?, ?, ?, ?, ?, ?, ?, ?, ?, ?, ?, ?, ?, ?)
make question 6797
Hibernate: insert into question (answer, choice1, choice2, choice3, choice4, choice5, content, correct, create_date, filepath, modify_date, score, subject, teacher_id, time, view) values (?, ?, ?, ?, ?, ?, ?, ?, ?, ?, ?, ?, ?, ?, ?, ?)
make question 6798
Hibernate: insert into question (answer, choice1, choice2, choice3, choice4, choice5, content, correct, create_date, filepath, modify_date, score, subject, teacher_id, time, view) values (?, ?, ?, ?, ?, ?, ?, ?, ?, ?, ?, ?, ?, ?, ?, ?)
make question 6799
Hibernate: insert into question (answer, choice1, choice2, choice3, choice4, choice5, content, correct, create_date, filepath, modify_date, score, subject, teacher_id, time, view) values (?, ?, ?, ?, ?, ?, ?, ?, ?, ?, ?, ?, ?, ?, ?, ?)
make question 6800
Hibernate: insert into question (answer, choice1, choice2, choice3, choice4, choice5, content, correct, create_date, filepath, modify_date, score, subject, teacher_id, time, view) values (?, ?, ?, ?, ?, ?, ?, ?, ?, ?, ?, ?, ?, ?, ?, ?)
make question 6801
Hibernate: insert into question (answer, choice1, choice2, choice3, choice4, choice5, content, correct, create_date, filepath, modify_date, score, subject, teacher_id, time, view) values (?, ?, ?, ?, ?, ?, ?, ?, ?, ?, ?, ?, ?, ?, ?, ?)
make question 6802
Hibernate: insert into question (answer, choice1, choice2, choice3, choice4, choice5, content, correct, create_date, filepath, modify_date, score, subject, teacher_id, time, view) values (?, ?, ?, ?, ?, ?, ?, ?, ?, ?, ?, ?, ?, ?, ?, ?)
make question 6803
Hibernate: insert into question (answer, choice1, choice2, choice3, choice4, choice5, content, correct, create_date, filepath, modify_date, score, subject, teacher_id, time, view) values (?, ?, ?, ?, ?, ?, ?, ?, ?, ?, ?, ?, ?, ?, ?, ?)
make question 6804
Hibernate: insert into question (answer, choice1, choice2, choice3, choice4, choice5, content, correct, create_date, filepath, modify_date, score, subject, teacher_id, time, view) values (?, ?, ?, ?, ?, ?, ?, ?, ?, ?, ?, ?, ?, ?, ?, ?)
make question 6805
Hibernate: insert into question (answer, choice1, choice2, choice3, choice4, choice5, content, correct, create_date, filepath, modify_date, score, subject, teacher_id, time, view) values (?, ?, ?, ?, ?, ?, ?, ?, ?, ?, ?, ?, ?, ?, ?, ?)
make question 6806
Hibernate: insert into question (answer, choice1, choice2, choice3, choice4, choice5, content, correct, create_date, filepath, modify_date, score, subject, teacher_id, time, view) values (?, ?, ?, ?, ?, ?, ?, ?, ?, ?, ?, ?, ?, ?, ?, ?)
make question 6807
Hibernate: insert into question (answer, choice1, choice2, choice3, choice4, choice5, content, correct, create_date, filepath, modify_date, score, subject, teacher_id, time, view) values (?, ?, ?, ?, ?, ?, ?, ?, ?, ?, ?, ?, ?, ?, ?, ?)
make question 6808
Hibernate: insert into question (answer, choice1, choice2, choice3, choice4, choice5, content, correct, create_date, filepath, modify_date, score, subject, teacher_id, time, view) values (?, ?, ?, ?, ?, ?, ?, ?, ?, ?, ?, ?, ?, ?, ?, ?)
make question 6809
Hibernate: insert into question (answer, choice1, choice2, choice3, choice4, choice5, content, correct, create_date, filepath, modify_date, score, subject, teacher_id, time, view) values (?, ?, ?, ?, ?, ?, ?, ?, ?, ?, ?, ?, ?, ?, ?, ?)
make question 6810
Hibernate: insert into question (answer, choice1, choice2, choice3, choice4, choice5, content, correct, create_date, filepath, modify_date, score, subject, teacher_id, time, view) values (?, ?, ?, ?, ?, ?, ?, ?, ?, ?, ?, ?, ?, ?, ?, ?)
make question 6811
Hibernate: insert into question (answer, choice1, choice2, choice3, choice4, choice5, content, correct, create_date, filepath, modify_date, score, subject, teacher_id, time, view) values (?, ?, ?, ?, ?, ?, ?, ?, ?, ?, ?, ?, ?, ?, ?, ?)
make question 6812
Hibernate: insert into question (answer, choice1, choice2, choice3, choice4, choice5, content, correct, create_date, filepath, modify_date, score, subject, teacher_id, time, view) values (?, ?, ?, ?, ?, ?, ?, ?, ?, ?, ?, ?, ?, ?, ?, ?)
make question 6813
Hibernate: insert into question (answer, choice1, choice2, choice3, choice4, choice5, content, correct, create_date, filepath, modify_date, score, subject, teacher_id, time, view) values (?, ?, ?, ?, ?, ?, ?, ?, ?, ?, ?, ?, ?, ?, ?, ?)
make question 6814
Hibernate: insert into question (answer, choice1, choice2, choice3, choice4, choice5, content, correct, create_date, filepath, modify_date, score, subject, teacher_id, time, view) values (?, ?, ?, ?, ?, ?, ?, ?, ?, ?, ?, ?, ?, ?, ?, ?)
make question 6815
Hibernate: insert into question (answer, choice1, choice2, choice3, choice4, choice5, content, correct, create_date, filepath, modify_date, score, subject, teacher_id, time, view) values (?, ?, ?, ?, ?, ?, ?, ?, ?, ?, ?, ?, ?, ?, ?, ?)
make question 6816
Hibernate: insert into question (answer, choice1, choice2, choice3, choice4, choice5, content, correct, create_date, filepath, modify_date, score, subject, teacher_id, time, view) values (?, ?, ?, ?, ?, ?, ?, ?, ?, ?, ?, ?, ?, ?, ?, ?)
make question 6817
Hibernate: insert into question (answer, choice1, choice2, choice3, choice4, choice5, content, correct, create_date, filepath, modify_date, score, subject, teacher_id, time, view) values (?, ?, ?, ?, ?, ?, ?, ?, ?, ?, ?, ?, ?, ?, ?, ?)
make question 6818
Hibernate: insert into question (answer, choice1, choice2, choice3, choice4, choice5, content, correct, create_date, filepath, modify_date, score, subject, teacher_id, time, view) values (?, ?, ?, ?, ?, ?, ?, ?, ?, ?, ?, ?, ?, ?, ?, ?)
make question 6819
Hibernate: insert into question (answer, choice1, choice2, choice3, choice4, choice5, content, correct, create_date, filepath, modify_date, score, subject, teacher_id, time, view) values (?, ?, ?, ?, ?, ?, ?, ?, ?, ?, ?, ?, ?, ?, ?, ?)
make question 6820
Hibernate: insert into question (answer, choice1, choice2, choice3, choice4, choice5, content, correct, create_date, filepath, modify_date, score, subject, teacher_id, time, view) values (?, ?, ?, ?, ?, ?, ?, ?, ?, ?, ?, ?, ?, ?, ?, ?)
make question 6821
Hibernate: insert into question (answer, choice1, choice2, choice3, choice4, choice5, content, correct, create_date, filepath, modify_date, score, subject, teacher_id, time, view) values (?, ?, ?, ?, ?, ?, ?, ?, ?, ?, ?, ?, ?, ?, ?, ?)
make question 6822
Hibernate: insert into question (answer, choice1, choice2, choice3, choice4, choice5, content, correct, create_date, filepath, modify_date, score, subject, teacher_id, time, view) values (?, ?, ?, ?, ?, ?, ?, ?, ?, ?, ?, ?, ?, ?, ?, ?)
make question 6823
Hibernate: insert into question (answer, choice1, choice2, choice3, choice4, choice5, content, correct, create_date, filepath, modify_date, score, subject, teacher_id, time, view) values (?, ?, ?, ?, ?, ?, ?, ?, ?, ?, ?, ?, ?, ?, ?, ?)
make question 6824
Hibernate: insert into question (answer, choice1, choice2, choice3, choice4, choice5, content, correct, create_date, filepath, modify_date, score, subject, teacher_id, time, view) values (?, ?, ?, ?, ?, ?, ?, ?, ?, ?, ?, ?, ?, ?, ?, ?)
make question 6825
Hibernate: insert into question (answer, choice1, choice2, choice3, choice4, choice5, content, correct, create_date, filepath, modify_date, score, subject, teacher_id, time, view) values (?, ?, ?, ?, ?, ?, ?, ?, ?, ?, ?, ?, ?, ?, ?, ?)
make question 6826
Hibernate: insert into question (answer, choice1, choice2, choice3, choice4, choice5, content, correct, create_date, filepath, modify_date, score, subject, teacher_id, time, view) values (?, ?, ?, ?, ?, ?, ?, ?, ?, ?, ?, ?, ?, ?, ?, ?)
make question 6827
Hibernate: insert into question (answer, choice1, choice2, choice3, choice4, choice5, content, correct, create_date, filepath, modify_date, score, subject, teacher_id, time, view) values (?, ?, ?, ?, ?, ?, ?, ?, ?, ?, ?, ?, ?, ?, ?, ?)
make question 6828
Hibernate: insert into question (answer, choice1, choice2, choice3, choice4, choice5, content, correct, create_date, filepath, modify_date, score, subject, teacher_id, time, view) values (?, ?, ?, ?, ?, ?, ?, ?, ?, ?, ?, ?, ?, ?, ?, ?)
make question 6829
Hibernate: insert into question (answer, choice1, choice2, choice3, choice4, choice5, content, correct, create_date, filepath, modify_date, score, subject, teacher_id, time, view) values (?, ?, ?, ?, ?, ?, ?, ?, ?, ?, ?, ?, ?, ?, ?, ?)
make question 6830
Hibernate: insert into question (answer, choice1, choice2, choice3, choice4, choice5, content, correct, create_date, filepath, modify_date, score, subject, teacher_id, time, view) values (?, ?, ?, ?, ?, ?, ?, ?, ?, ?, ?, ?, ?, ?, ?, ?)
make question 6831
Hibernate: insert into question (answer, choice1, choice2, choice3, choice4, choice5, content, correct, create_date, filepath, modify_date, score, subject, teacher_id, time, view) values (?, ?, ?, ?, ?, ?, ?, ?, ?, ?, ?, ?, ?, ?, ?, ?)
make question 6832
Hibernate: insert into question (answer, choice1, choice2, choice3, choice4, choice5, content, correct, create_date, filepath, modify_date, score, subject, teacher_id, time, view) values (?, ?, ?, ?, ?, ?, ?, ?, ?, ?, ?, ?, ?, ?, ?, ?)
make question 6833
Hibernate: insert into question (answer, choice1, choice2, choice3, choice4, choice5, content, correct, create_date, filepath, modify_date, score, subject, teacher_id, time, view) values (?, ?, ?, ?, ?, ?, ?, ?, ?, ?, ?, ?, ?, ?, ?, ?)
make question 6834
Hibernate: insert into question (answer, choice1, choice2, choice3, choice4, choice5, content, correct, create_date, filepath, modify_date, score, subject, teacher_id, time, view) values (?, ?, ?, ?, ?, ?, ?, ?, ?, ?, ?, ?, ?, ?, ?, ?)
make question 6835
Hibernate: insert into question (answer, choice1, choice2, choice3, choice4, choice5, content, correct, create_date, filepath, modify_date, score, subject, teacher_id, time, view) values (?, ?, ?, ?, ?, ?, ?, ?, ?, ?, ?, ?, ?, ?, ?, ?)
make question 6836
Hibernate: insert into question (answer, choice1, choice2, choice3, choice4, choice5, content, correct, create_date, filepath, modify_date, score, subject, teacher_id, time, view) values (?, ?, ?, ?, ?, ?, ?, ?, ?, ?, ?, ?, ?, ?, ?, ?)
make question 6837
Hibernate: insert into question (answer, choice1, choice2, choice3, choice4, choice5, content, correct, create_date, filepath, modify_date, score, subject, teacher_id, time, view) values (?, ?, ?, ?, ?, ?, ?, ?, ?, ?, ?, ?, ?, ?, ?, ?)
make question 6838
Hibernate: insert into question (answer, choice1, choice2, choice3, choice4, choice5, content, correct, create_date, filepath, modify_date, score, subject, teacher_id, time, view) values (?, ?, ?, ?, ?, ?, ?, ?, ?, ?, ?, ?, ?, ?, ?, ?)
make question 6839
Hibernate: insert into question (answer, choice1, choice2, choice3, choice4, choice5, content, correct, create_date, filepath, modify_date, score, subject, teacher_id, time, view) values (?, ?, ?, ?, ?, ?, ?, ?, ?, ?, ?, ?, ?, ?, ?, ?)
make question 6840
Hibernate: insert into question (answer, choice1, choice2, choice3, choice4, choice5, content, correct, create_date, filepath, modify_date, score, subject, teacher_id, time, view) values (?, ?, ?, ?, ?, ?, ?, ?, ?, ?, ?, ?, ?, ?, ?, ?)
make question 6841
Hibernate: insert into question (answer, choice1, choice2, choice3, choice4, choice5, content, correct, create_date, filepath, modify_date, score, subject, teacher_id, time, view) values (?, ?, ?, ?, ?, ?, ?, ?, ?, ?, ?, ?, ?, ?, ?, ?)
make question 6842
Hibernate: insert into question (answer, choice1, choice2, choice3, choice4, choice5, content, correct, create_date, filepath, modify_date, score, subject, teacher_id, time, view) values (?, ?, ?, ?, ?, ?, ?, ?, ?, ?, ?, ?, ?, ?, ?, ?)
make question 6843
Hibernate: insert into question (answer, choice1, choice2, choice3, choice4, choice5, content, correct, create_date, filepath, modify_date, score, subject, teacher_id, time, view) values (?, ?, ?, ?, ?, ?, ?, ?, ?, ?, ?, ?, ?, ?, ?, ?)
make question 6844
Hibernate: insert into question (answer, choice1, choice2, choice3, choice4, choice5, content, correct, create_date, filepath, modify_date, score, subject, teacher_id, time, view) values (?, ?, ?, ?, ?, ?, ?, ?, ?, ?, ?, ?, ?, ?, ?, ?)
make question 6845
Hibernate: insert into question (answer, choice1, choice2, choice3, choice4, choice5, content, correct, create_date, filepath, modify_date, score, subject, teacher_id, time, view) values (?, ?, ?, ?, ?, ?, ?, ?, ?, ?, ?, ?, ?, ?, ?, ?)
make question 6846
Hibernate: insert into question (answer, choice1, choice2, choice3, choice4, choice5, content, correct, create_date, filepath, modify_date, score, subject, teacher_id, time, view) values (?, ?, ?, ?, ?, ?, ?, ?, ?, ?, ?, ?, ?, ?, ?, ?)
make question 6847
Hibernate: insert into question (answer, choice1, choice2, choice3, choice4, choice5, content, correct, create_date, filepath, modify_date, score, subject, teacher_id, time, view) values (?, ?, ?, ?, ?, ?, ?, ?, ?, ?, ?, ?, ?, ?, ?, ?)
make question 6848
Hibernate: insert into question (answer, choice1, choice2, choice3, choice4, choice5, content, correct, create_date, filepath, modify_date, score, subject, teacher_id, time, view) values (?, ?, ?, ?, ?, ?, ?, ?, ?, ?, ?, ?, ?, ?, ?, ?)
make question 6849
Hibernate: insert into question (answer, choice1, choice2, choice3, choice4, choice5, content, correct, create_date, filepath, modify_date, score, subject, teacher_id, time, view) values (?, ?, ?, ?, ?, ?, ?, ?, ?, ?, ?, ?, ?, ?, ?, ?)
make question 6850
Hibernate: insert into question (answer, choice1, choice2, choice3, choice4, choice5, content, correct, create_date, filepath, modify_date, score, subject, teacher_id, time, view) values (?, ?, ?, ?, ?, ?, ?, ?, ?, ?, ?, ?, ?, ?, ?, ?)
make question 6851
Hibernate: insert into question (answer, choice1, choice2, choice3, choice4, choice5, content, correct, create_date, filepath, modify_date, score, subject, teacher_id, time, view) values (?, ?, ?, ?, ?, ?, ?, ?, ?, ?, ?, ?, ?, ?, ?, ?)
make question 6852
Hibernate: insert into question (answer, choice1, choice2, choice3, choice4, choice5, content, correct, create_date, filepath, modify_date, score, subject, teacher_id, time, view) values (?, ?, ?, ?, ?, ?, ?, ?, ?, ?, ?, ?, ?, ?, ?, ?)
make question 6853
Hibernate: insert into question (answer, choice1, choice2, choice3, choice4, choice5, content, correct, create_date, filepath, modify_date, score, subject, teacher_id, time, view) values (?, ?, ?, ?, ?, ?, ?, ?, ?, ?, ?, ?, ?, ?, ?, ?)
make question 6854
Hibernate: insert into question (answer, choice1, choice2, choice3, choice4, choice5, content, correct, create_date, filepath, modify_date, score, subject, teacher_id, time, view) values (?, ?, ?, ?, ?, ?, ?, ?, ?, ?, ?, ?, ?, ?, ?, ?)
make question 6855
Hibernate: insert into question (answer, choice1, choice2, choice3, choice4, choice5, content, correct, create_date, filepath, modify_date, score, subject, teacher_id, time, view) values (?, ?, ?, ?, ?, ?, ?, ?, ?, ?, ?, ?, ?, ?, ?, ?)
make question 6856
Hibernate: insert into question (answer, choice1, choice2, choice3, choice4, choice5, content, correct, create_date, filepath, modify_date, score, subject, teacher_id, time, view) values (?, ?, ?, ?, ?, ?, ?, ?, ?, ?, ?, ?, ?, ?, ?, ?)
make question 6857
Hibernate: insert into question (answer, choice1, choice2, choice3, choice4, choice5, content, correct, create_date, filepath, modify_date, score, subject, teacher_id, time, view) values (?, ?, ?, ?, ?, ?, ?, ?, ?, ?, ?, ?, ?, ?, ?, ?)
make question 6858
Hibernate: insert into question (answer, choice1, choice2, choice3, choice4, choice5, content, correct, create_date, filepath, modify_date, score, subject, teacher_id, time, view) values (?, ?, ?, ?, ?, ?, ?, ?, ?, ?, ?, ?, ?, ?, ?, ?)
make question 6859
Hibernate: insert into question (answer, choice1, choice2, choice3, choice4, choice5, content, correct, create_date, filepath, modify_date, score, subject, teacher_id, time, view) values (?, ?, ?, ?, ?, ?, ?, ?, ?, ?, ?, ?, ?, ?, ?, ?)
make question 6860
Hibernate: insert into question (answer, choice1, choice2, choice3, choice4, choice5, content, correct, create_date, filepath, modify_date, score, subject, teacher_id, time, view) values (?, ?, ?, ?, ?, ?, ?, ?, ?, ?, ?, ?, ?, ?, ?, ?)
make question 6861
Hibernate: insert into question (answer, choice1, choice2, choice3, choice4, choice5, content, correct, create_date, filepath, modify_date, score, subject, teacher_id, time, view) values (?, ?, ?, ?, ?, ?, ?, ?, ?, ?, ?, ?, ?, ?, ?, ?)
make question 6862
Hibernate: insert into question (answer, choice1, choice2, choice3, choice4, choice5, content, correct, create_date, filepath, modify_date, score, subject, teacher_id, time, view) values (?, ?, ?, ?, ?, ?, ?, ?, ?, ?, ?, ?, ?, ?, ?, ?)
make question 6863
Hibernate: insert into question (answer, choice1, choice2, choice3, choice4, choice5, content, correct, create_date, filepath, modify_date, score, subject, teacher_id, time, view) values (?, ?, ?, ?, ?, ?, ?, ?, ?, ?, ?, ?, ?, ?, ?, ?)
make question 6864
Hibernate: insert into question (answer, choice1, choice2, choice3, choice4, choice5, content, correct, create_date, filepath, modify_date, score, subject, teacher_id, time, view) values (?, ?, ?, ?, ?, ?, ?, ?, ?, ?, ?, ?, ?, ?, ?, ?)
make question 6865
Hibernate: insert into question (answer, choice1, choice2, choice3, choice4, choice5, content, correct, create_date, filepath, modify_date, score, subject, teacher_id, time, view) values (?, ?, ?, ?, ?, ?, ?, ?, ?, ?, ?, ?, ?, ?, ?, ?)
make question 6866
Hibernate: insert into question (answer, choice1, choice2, choice3, choice4, choice5, content, correct, create_date, filepath, modify_date, score, subject, teacher_id, time, view) values (?, ?, ?, ?, ?, ?, ?, ?, ?, ?, ?, ?, ?, ?, ?, ?)
make question 6867
Hibernate: insert into question (answer, choice1, choice2, choice3, choice4, choice5, content, correct, create_date, filepath, modify_date, score, subject, teacher_id, time, view) values (?, ?, ?, ?, ?, ?, ?, ?, ?, ?, ?, ?, ?, ?, ?, ?)
make question 6868
Hibernate: insert into question (answer, choice1, choice2, choice3, choice4, choice5, content, correct, create_date, filepath, modify_date, score, subject, teacher_id, time, view) values (?, ?, ?, ?, ?, ?, ?, ?, ?, ?, ?, ?, ?, ?, ?, ?)
make question 6869
Hibernate: insert into question (answer, choice1, choice2, choice3, choice4, choice5, content, correct, create_date, filepath, modify_date, score, subject, teacher_id, time, view) values (?, ?, ?, ?, ?, ?, ?, ?, ?, ?, ?, ?, ?, ?, ?, ?)
make question 6870
Hibernate: insert into question (answer, choice1, choice2, choice3, choice4, choice5, content, correct, create_date, filepath, modify_date, score, subject, teacher_id, time, view) values (?, ?, ?, ?, ?, ?, ?, ?, ?, ?, ?, ?, ?, ?, ?, ?)
make question 6871
Hibernate: insert into question (answer, choice1, choice2, choice3, choice4, choice5, content, correct, create_date, filepath, modify_date, score, subject, teacher_id, time, view) values (?, ?, ?, ?, ?, ?, ?, ?, ?, ?, ?, ?, ?, ?, ?, ?)
make question 6872
Hibernate: insert into question (answer, choice1, choice2, choice3, choice4, choice5, content, correct, create_date, filepath, modify_date, score, subject, teacher_id, time, view) values (?, ?, ?, ?, ?, ?, ?, ?, ?, ?, ?, ?, ?, ?, ?, ?)
make question 6873
Hibernate: insert into question (answer, choice1, choice2, choice3, choice4, choice5, content, correct, create_date, filepath, modify_date, score, subject, teacher_id, time, view) values (?, ?, ?, ?, ?, ?, ?, ?, ?, ?, ?, ?, ?, ?, ?, ?)
make question 6874
Hibernate: insert into question (answer, choice1, choice2, choice3, choice4, choice5, content, correct, create_date, filepath, modify_date, score, subject, teacher_id, time, view) values (?, ?, ?, ?, ?, ?, ?, ?, ?, ?, ?, ?, ?, ?, ?, ?)
make question 6875
Hibernate: insert into question (answer, choice1, choice2, choice3, choice4, choice5, content, correct, create_date, filepath, modify_date, score, subject, teacher_id, time, view) values (?, ?, ?, ?, ?, ?, ?, ?, ?, ?, ?, ?, ?, ?, ?, ?)
make question 6876
Hibernate: insert into question (answer, choice1, choice2, choice3, choice4, choice5, content, correct, create_date, filepath, modify_date, score, subject, teacher_id, time, view) values (?, ?, ?, ?, ?, ?, ?, ?, ?, ?, ?, ?, ?, ?, ?, ?)
make question 6877
Hibernate: insert into question (answer, choice1, choice2, choice3, choice4, choice5, content, correct, create_date, filepath, modify_date, score, subject, teacher_id, time, view) values (?, ?, ?, ?, ?, ?, ?, ?, ?, ?, ?, ?, ?, ?, ?, ?)
make question 6878
Hibernate: insert into question (answer, choice1, choice2, choice3, choice4, choice5, content, correct, create_date, filepath, modify_date, score, subject, teacher_id, time, view) values (?, ?, ?, ?, ?, ?, ?, ?, ?, ?, ?, ?, ?, ?, ?, ?)
make question 6879
Hibernate: insert into question (answer, choice1, choice2, choice3, choice4, choice5, content, correct, create_date, filepath, modify_date, score, subject, teacher_id, time, view) values (?, ?, ?, ?, ?, ?, ?, ?, ?, ?, ?, ?, ?, ?, ?, ?)
make question 6880
Hibernate: insert into question (answer, choice1, choice2, choice3, choice4, choice5, content, correct, create_date, filepath, modify_date, score, subject, teacher_id, time, view) values (?, ?, ?, ?, ?, ?, ?, ?, ?, ?, ?, ?, ?, ?, ?, ?)
make question 6881
Hibernate: insert into question (answer, choice1, choice2, choice3, choice4, choice5, content, correct, create_date, filepath, modify_date, score, subject, teacher_id, time, view) values (?, ?, ?, ?, ?, ?, ?, ?, ?, ?, ?, ?, ?, ?, ?, ?)
make question 6882
Hibernate: insert into question (answer, choice1, choice2, choice3, choice4, choice5, content, correct, create_date, filepath, modify_date, score, subject, teacher_id, time, view) values (?, ?, ?, ?, ?, ?, ?, ?, ?, ?, ?, ?, ?, ?, ?, ?)
make question 6883
Hibernate: insert into question (answer, choice1, choice2, choice3, choice4, choice5, content, correct, create_date, filepath, modify_date, score, subject, teacher_id, time, view) values (?, ?, ?, ?, ?, ?, ?, ?, ?, ?, ?, ?, ?, ?, ?, ?)
make question 6884
Hibernate: insert into question (answer, choice1, choice2, choice3, choice4, choice5, content, correct, create_date, filepath, modify_date, score, subject, teacher_id, time, view) values (?, ?, ?, ?, ?, ?, ?, ?, ?, ?, ?, ?, ?, ?, ?, ?)
make question 6885
Hibernate: insert into question (answer, choice1, choice2, choice3, choice4, choice5, content, correct, create_date, filepath, modify_date, score, subject, teacher_id, time, view) values (?, ?, ?, ?, ?, ?, ?, ?, ?, ?, ?, ?, ?, ?, ?, ?)
make question 6886
Hibernate: insert into question (answer, choice1, choice2, choice3, choice4, choice5, content, correct, create_date, filepath, modify_date, score, subject, teacher_id, time, view) values (?, ?, ?, ?, ?, ?, ?, ?, ?, ?, ?, ?, ?, ?, ?, ?)
make question 6887
Hibernate: insert into question (answer, choice1, choice2, choice3, choice4, choice5, content, correct, create_date, filepath, modify_date, score, subject, teacher_id, time, view) values (?, ?, ?, ?, ?, ?, ?, ?, ?, ?, ?, ?, ?, ?, ?, ?)
make question 6888
Hibernate: insert into question (answer, choice1, choice2, choice3, choice4, choice5, content, correct, create_date, filepath, modify_date, score, subject, teacher_id, time, view) values (?, ?, ?, ?, ?, ?, ?, ?, ?, ?, ?, ?, ?, ?, ?, ?)
make question 6889
Hibernate: insert into question (answer, choice1, choice2, choice3, choice4, choice5, content, correct, create_date, filepath, modify_date, score, subject, teacher_id, time, view) values (?, ?, ?, ?, ?, ?, ?, ?, ?, ?, ?, ?, ?, ?, ?, ?)
make question 6890
Hibernate: insert into question (answer, choice1, choice2, choice3, choice4, choice5, content, correct, create_date, filepath, modify_date, score, subject, teacher_id, time, view) values (?, ?, ?, ?, ?, ?, ?, ?, ?, ?, ?, ?, ?, ?, ?, ?)
make question 6891
Hibernate: insert into question (answer, choice1, choice2, choice3, choice4, choice5, content, correct, create_date, filepath, modify_date, score, subject, teacher_id, time, view) values (?, ?, ?, ?, ?, ?, ?, ?, ?, ?, ?, ?, ?, ?, ?, ?)
make question 6892
Hibernate: insert into question (answer, choice1, choice2, choice3, choice4, choice5, content, correct, create_date, filepath, modify_date, score, subject, teacher_id, time, view) values (?, ?, ?, ?, ?, ?, ?, ?, ?, ?, ?, ?, ?, ?, ?, ?)
make question 6893
Hibernate: insert into question (answer, choice1, choice2, choice3, choice4, choice5, content, correct, create_date, filepath, modify_date, score, subject, teacher_id, time, view) values (?, ?, ?, ?, ?, ?, ?, ?, ?, ?, ?, ?, ?, ?, ?, ?)
make question 6894
Hibernate: insert into question (answer, choice1, choice2, choice3, choice4, choice5, content, correct, create_date, filepath, modify_date, score, subject, teacher_id, time, view) values (?, ?, ?, ?, ?, ?, ?, ?, ?, ?, ?, ?, ?, ?, ?, ?)
make question 6895
Hibernate: insert into question (answer, choice1, choice2, choice3, choice4, choice5, content, correct, create_date, filepath, modify_date, score, subject, teacher_id, time, view) values (?, ?, ?, ?, ?, ?, ?, ?, ?, ?, ?, ?, ?, ?, ?, ?)
make question 6896
Hibernate: insert into question (answer, choice1, choice2, choice3, choice4, choice5, content, correct, create_date, filepath, modify_date, score, subject, teacher_id, time, view) values (?, ?, ?, ?, ?, ?, ?, ?, ?, ?, ?, ?, ?, ?, ?, ?)
make question 6897
Hibernate: insert into question (answer, choice1, choice2, choice3, choice4, choice5, content, correct, create_date, filepath, modify_date, score, subject, teacher_id, time, view) values (?, ?, ?, ?, ?, ?, ?, ?, ?, ?, ?, ?, ?, ?, ?, ?)
make question 6898
Hibernate: insert into question (answer, choice1, choice2, choice3, choice4, choice5, content, correct, create_date, filepath, modify_date, score, subject, teacher_id, time, view) values (?, ?, ?, ?, ?, ?, ?, ?, ?, ?, ?, ?, ?, ?, ?, ?)
make question 6899
Hibernate: insert into question (answer, choice1, choice2, choice3, choice4, choice5, content, correct, create_date, filepath, modify_date, score, subject, teacher_id, time, view) values (?, ?, ?, ?, ?, ?, ?, ?, ?, ?, ?, ?, ?, ?, ?, ?)
make question 6900
Hibernate: insert into question (answer, choice1, choice2, choice3, choice4, choice5, content, correct, create_date, filepath, modify_date, score, subject, teacher_id, time, view) values (?, ?, ?, ?, ?, ?, ?, ?, ?, ?, ?, ?, ?, ?, ?, ?)
make question 6901
Hibernate: insert into question (answer, choice1, choice2, choice3, choice4, choice5, content, correct, create_date, filepath, modify_date, score, subject, teacher_id, time, view) values (?, ?, ?, ?, ?, ?, ?, ?, ?, ?, ?, ?, ?, ?, ?, ?)
make question 6902
Hibernate: insert into question (answer, choice1, choice2, choice3, choice4, choice5, content, correct, create_date, filepath, modify_date, score, subject, teacher_id, time, view) values (?, ?, ?, ?, ?, ?, ?, ?, ?, ?, ?, ?, ?, ?, ?, ?)
make question 6903
Hibernate: insert into question (answer, choice1, choice2, choice3, choice4, choice5, content, correct, create_date, filepath, modify_date, score, subject, teacher_id, time, view) values (?, ?, ?, ?, ?, ?, ?, ?, ?, ?, ?, ?, ?, ?, ?, ?)
make question 6904
Hibernate: insert into question (answer, choice1, choice2, choice3, choice4, choice5, content, correct, create_date, filepath, modify_date, score, subject, teacher_id, time, view) values (?, ?, ?, ?, ?, ?, ?, ?, ?, ?, ?, ?, ?, ?, ?, ?)
make question 6905
Hibernate: insert into question (answer, choice1, choice2, choice3, choice4, choice5, content, correct, create_date, filepath, modify_date, score, subject, teacher_id, time, view) values (?, ?, ?, ?, ?, ?, ?, ?, ?, ?, ?, ?, ?, ?, ?, ?)
make question 6906
Hibernate: insert into question (answer, choice1, choice2, choice3, choice4, choice5, content, correct, create_date, filepath, modify_date, score, subject, teacher_id, time, view) values (?, ?, ?, ?, ?, ?, ?, ?, ?, ?, ?, ?, ?, ?, ?, ?)
make question 6907
Hibernate: insert into question (answer, choice1, choice2, choice3, choice4, choice5, content, correct, create_date, filepath, modify_date, score, subject, teacher_id, time, view) values (?, ?, ?, ?, ?, ?, ?, ?, ?, ?, ?, ?, ?, ?, ?, ?)
make question 6908
Hibernate: insert into question (answer, choice1, choice2, choice3, choice4, choice5, content, correct, create_date, filepath, modify_date, score, subject, teacher_id, time, view) values (?, ?, ?, ?, ?, ?, ?, ?, ?, ?, ?, ?, ?, ?, ?, ?)
make question 6909
Hibernate: insert into question (answer, choice1, choice2, choice3, choice4, choice5, content, correct, create_date, filepath, modify_date, score, subject, teacher_id, time, view) values (?, ?, ?, ?, ?, ?, ?, ?, ?, ?, ?, ?, ?, ?, ?, ?)
make question 6910
Hibernate: insert into question (answer, choice1, choice2, choice3, choice4, choice5, content, correct, create_date, filepath, modify_date, score, subject, teacher_id, time, view) values (?, ?, ?, ?, ?, ?, ?, ?, ?, ?, ?, ?, ?, ?, ?, ?)
make question 6911
Hibernate: insert into question (answer, choice1, choice2, choice3, choice4, choice5, content, correct, create_date, filepath, modify_date, score, subject, teacher_id, time, view) values (?, ?, ?, ?, ?, ?, ?, ?, ?, ?, ?, ?, ?, ?, ?, ?)
make question 6912
Hibernate: insert into question (answer, choice1, choice2, choice3, choice4, choice5, content, correct, create_date, filepath, modify_date, score, subject, teacher_id, time, view) values (?, ?, ?, ?, ?, ?, ?, ?, ?, ?, ?, ?, ?, ?, ?, ?)
make question 6913
Hibernate: insert into question (answer, choice1, choice2, choice3, choice4, choice5, content, correct, create_date, filepath, modify_date, score, subject, teacher_id, time, view) values (?, ?, ?, ?, ?, ?, ?, ?, ?, ?, ?, ?, ?, ?, ?, ?)
make question 6914
Hibernate: insert into question (answer, choice1, choice2, choice3, choice4, choice5, content, correct, create_date, filepath, modify_date, score, subject, teacher_id, time, view) values (?, ?, ?, ?, ?, ?, ?, ?, ?, ?, ?, ?, ?, ?, ?, ?)
make question 6915
Hibernate: insert into question (answer, choice1, choice2, choice3, choice4, choice5, content, correct, create_date, filepath, modify_date, score, subject, teacher_id, time, view) values (?, ?, ?, ?, ?, ?, ?, ?, ?, ?, ?, ?, ?, ?, ?, ?)
make question 6916
Hibernate: insert into question (answer, choice1, choice2, choice3, choice4, choice5, content, correct, create_date, filepath, modify_date, score, subject, teacher_id, time, view) values (?, ?, ?, ?, ?, ?, ?, ?, ?, ?, ?, ?, ?, ?, ?, ?)
make question 6917
Hibernate: insert into question (answer, choice1, choice2, choice3, choice4, choice5, content, correct, create_date, filepath, modify_date, score, subject, teacher_id, time, view) values (?, ?, ?, ?, ?, ?, ?, ?, ?, ?, ?, ?, ?, ?, ?, ?)
make question 6918
Hibernate: insert into question (answer, choice1, choice2, choice3, choice4, choice5, content, correct, create_date, filepath, modify_date, score, subject, teacher_id, time, view) values (?, ?, ?, ?, ?, ?, ?, ?, ?, ?, ?, ?, ?, ?, ?, ?)
make question 6919
Hibernate: insert into question (answer, choice1, choice2, choice3, choice4, choice5, content, correct, create_date, filepath, modify_date, score, subject, teacher_id, time, view) values (?, ?, ?, ?, ?, ?, ?, ?, ?, ?, ?, ?, ?, ?, ?, ?)
make question 6920
Hibernate: insert into question (answer, choice1, choice2, choice3, choice4, choice5, content, correct, create_date, filepath, modify_date, score, subject, teacher_id, time, view) values (?, ?, ?, ?, ?, ?, ?, ?, ?, ?, ?, ?, ?, ?, ?, ?)
make question 6921
Hibernate: insert into question (answer, choice1, choice2, choice3, choice4, choice5, content, correct, create_date, filepath, modify_date, score, subject, teacher_id, time, view) values (?, ?, ?, ?, ?, ?, ?, ?, ?, ?, ?, ?, ?, ?, ?, ?)
make question 6922
Hibernate: insert into question (answer, choice1, choice2, choice3, choice4, choice5, content, correct, create_date, filepath, modify_date, score, subject, teacher_id, time, view) values (?, ?, ?, ?, ?, ?, ?, ?, ?, ?, ?, ?, ?, ?, ?, ?)
make question 6923
Hibernate: insert into question (answer, choice1, choice2, choice3, choice4, choice5, content, correct, create_date, filepath, modify_date, score, subject, teacher_id, time, view) values (?, ?, ?, ?, ?, ?, ?, ?, ?, ?, ?, ?, ?, ?, ?, ?)
make question 6924
Hibernate: insert into question (answer, choice1, choice2, choice3, choice4, choice5, content, correct, create_date, filepath, modify_date, score, subject, teacher_id, time, view) values (?, ?, ?, ?, ?, ?, ?, ?, ?, ?, ?, ?, ?, ?, ?, ?)
make question 6925
Hibernate: insert into question (answer, choice1, choice2, choice3, choice4, choice5, content, correct, create_date, filepath, modify_date, score, subject, teacher_id, time, view) values (?, ?, ?, ?, ?, ?, ?, ?, ?, ?, ?, ?, ?, ?, ?, ?)
make question 6926
Hibernate: insert into question (answer, choice1, choice2, choice3, choice4, choice5, content, correct, create_date, filepath, modify_date, score, subject, teacher_id, time, view) values (?, ?, ?, ?, ?, ?, ?, ?, ?, ?, ?, ?, ?, ?, ?, ?)
make question 6927
Hibernate: insert into question (answer, choice1, choice2, choice3, choice4, choice5, content, correct, create_date, filepath, modify_date, score, subject, teacher_id, time, view) values (?, ?, ?, ?, ?, ?, ?, ?, ?, ?, ?, ?, ?, ?, ?, ?)
make question 6928
Hibernate: insert into question (answer, choice1, choice2, choice3, choice4, choice5, content, correct, create_date, filepath, modify_date, score, subject, teacher_id, time, view) values (?, ?, ?, ?, ?, ?, ?, ?, ?, ?, ?, ?, ?, ?, ?, ?)
make question 6929
Hibernate: insert into question (answer, choice1, choice2, choice3, choice4, choice5, content, correct, create_date, filepath, modify_date, score, subject, teacher_id, time, view) values (?, ?, ?, ?, ?, ?, ?, ?, ?, ?, ?, ?, ?, ?, ?, ?)
make question 6930
Hibernate: insert into question (answer, choice1, choice2, choice3, choice4, choice5, content, correct, create_date, filepath, modify_date, score, subject, teacher_id, time, view) values (?, ?, ?, ?, ?, ?, ?, ?, ?, ?, ?, ?, ?, ?, ?, ?)
make question 6931
Hibernate: insert into question (answer, choice1, choice2, choice3, choice4, choice5, content, correct, create_date, filepath, modify_date, score, subject, teacher_id, time, view) values (?, ?, ?, ?, ?, ?, ?, ?, ?, ?, ?, ?, ?, ?, ?, ?)
make question 6932
Hibernate: insert into question (answer, choice1, choice2, choice3, choice4, choice5, content, correct, create_date, filepath, modify_date, score, subject, teacher_id, time, view) values (?, ?, ?, ?, ?, ?, ?, ?, ?, ?, ?, ?, ?, ?, ?, ?)
make question 6933
Hibernate: insert into question (answer, choice1, choice2, choice3, choice4, choice5, content, correct, create_date, filepath, modify_date, score, subject, teacher_id, time, view) values (?, ?, ?, ?, ?, ?, ?, ?, ?, ?, ?, ?, ?, ?, ?, ?)
make question 6934
Hibernate: insert into question (answer, choice1, choice2, choice3, choice4, choice5, content, correct, create_date, filepath, modify_date, score, subject, teacher_id, time, view) values (?, ?, ?, ?, ?, ?, ?, ?, ?, ?, ?, ?, ?, ?, ?, ?)
make question 6935
Hibernate: insert into question (answer, choice1, choice2, choice3, choice4, choice5, content, correct, create_date, filepath, modify_date, score, subject, teacher_id, time, view) values (?, ?, ?, ?, ?, ?, ?, ?, ?, ?, ?, ?, ?, ?, ?, ?)
make question 6936
Hibernate: insert into question (answer, choice1, choice2, choice3, choice4, choice5, content, correct, create_date, filepath, modify_date, score, subject, teacher_id, time, view) values (?, ?, ?, ?, ?, ?, ?, ?, ?, ?, ?, ?, ?, ?, ?, ?)
make question 6937
Hibernate: insert into question (answer, choice1, choice2, choice3, choice4, choice5, content, correct, create_date, filepath, modify_date, score, subject, teacher_id, time, view) values (?, ?, ?, ?, ?, ?, ?, ?, ?, ?, ?, ?, ?, ?, ?, ?)
make question 6938
Hibernate: insert into question (answer, choice1, choice2, choice3, choice4, choice5, content, correct, create_date, filepath, modify_date, score, subject, teacher_id, time, view) values (?, ?, ?, ?, ?, ?, ?, ?, ?, ?, ?, ?, ?, ?, ?, ?)
make question 6939
Hibernate: insert into question (answer, choice1, choice2, choice3, choice4, choice5, content, correct, create_date, filepath, modify_date, score, subject, teacher_id, time, view) values (?, ?, ?, ?, ?, ?, ?, ?, ?, ?, ?, ?, ?, ?, ?, ?)
make question 6940
Hibernate: insert into question (answer, choice1, choice2, choice3, choice4, choice5, content, correct, create_date, filepath, modify_date, score, subject, teacher_id, time, view) values (?, ?, ?, ?, ?, ?, ?, ?, ?, ?, ?, ?, ?, ?, ?, ?)
make question 6941
Hibernate: insert into question (answer, choice1, choice2, choice3, choice4, choice5, content, correct, create_date, filepath, modify_date, score, subject, teacher_id, time, view) values (?, ?, ?, ?, ?, ?, ?, ?, ?, ?, ?, ?, ?, ?, ?, ?)
make question 6942
Hibernate: insert into question (answer, choice1, choice2, choice3, choice4, choice5, content, correct, create_date, filepath, modify_date, score, subject, teacher_id, time, view) values (?, ?, ?, ?, ?, ?, ?, ?, ?, ?, ?, ?, ?, ?, ?, ?)
make question 6943
Hibernate: insert into question (answer, choice1, choice2, choice3, choice4, choice5, content, correct, create_date, filepath, modify_date, score, subject, teacher_id, time, view) values (?, ?, ?, ?, ?, ?, ?, ?, ?, ?, ?, ?, ?, ?, ?, ?)
make question 6944
Hibernate: insert into question (answer, choice1, choice2, choice3, choice4, choice5, content, correct, create_date, filepath, modify_date, score, subject, teacher_id, time, view) values (?, ?, ?, ?, ?, ?, ?, ?, ?, ?, ?, ?, ?, ?, ?, ?)
make question 6945
Hibernate: insert into question (answer, choice1, choice2, choice3, choice4, choice5, content, correct, create_date, filepath, modify_date, score, subject, teacher_id, time, view) values (?, ?, ?, ?, ?, ?, ?, ?, ?, ?, ?, ?, ?, ?, ?, ?)
make question 6946
Hibernate: insert into question (answer, choice1, choice2, choice3, choice4, choice5, content, correct, create_date, filepath, modify_date, score, subject, teacher_id, time, view) values (?, ?, ?, ?, ?, ?, ?, ?, ?, ?, ?, ?, ?, ?, ?, ?)
make question 6947
Hibernate: insert into question (answer, choice1, choice2, choice3, choice4, choice5, content, correct, create_date, filepath, modify_date, score, subject, teacher_id, time, view) values (?, ?, ?, ?, ?, ?, ?, ?, ?, ?, ?, ?, ?, ?, ?, ?)
make question 6948
Hibernate: insert into question (answer, choice1, choice2, choice3, choice4, choice5, content, correct, create_date, filepath, modify_date, score, subject, teacher_id, time, view) values (?, ?, ?, ?, ?, ?, ?, ?, ?, ?, ?, ?, ?, ?, ?, ?)
make question 6949
Hibernate: insert into question (answer, choice1, choice2, choice3, choice4, choice5, content, correct, create_date, filepath, modify_date, score, subject, teacher_id, time, view) values (?, ?, ?, ?, ?, ?, ?, ?, ?, ?, ?, ?, ?, ?, ?, ?)
make question 6950
Hibernate: insert into question (answer, choice1, choice2, choice3, choice4, choice5, content, correct, create_date, filepath, modify_date, score, subject, teacher_id, time, view) values (?, ?, ?, ?, ?, ?, ?, ?, ?, ?, ?, ?, ?, ?, ?, ?)
make question 6951
Hibernate: insert into question (answer, choice1, choice2, choice3, choice4, choice5, content, correct, create_date, filepath, modify_date, score, subject, teacher_id, time, view) values (?, ?, ?, ?, ?, ?, ?, ?, ?, ?, ?, ?, ?, ?, ?, ?)
make question 6952
Hibernate: insert into question (answer, choice1, choice2, choice3, choice4, choice5, content, correct, create_date, filepath, modify_date, score, subject, teacher_id, time, view) values (?, ?, ?, ?, ?, ?, ?, ?, ?, ?, ?, ?, ?, ?, ?, ?)
make question 6953
Hibernate: insert into question (answer, choice1, choice2, choice3, choice4, choice5, content, correct, create_date, filepath, modify_date, score, subject, teacher_id, time, view) values (?, ?, ?, ?, ?, ?, ?, ?, ?, ?, ?, ?, ?, ?, ?, ?)
make question 6954
Hibernate: insert into question (answer, choice1, choice2, choice3, choice4, choice5, content, correct, create_date, filepath, modify_date, score, subject, teacher_id, time, view) values (?, ?, ?, ?, ?, ?, ?, ?, ?, ?, ?, ?, ?, ?, ?, ?)
make question 6955
Hibernate: insert into question (answer, choice1, choice2, choice3, choice4, choice5, content, correct, create_date, filepath, modify_date, score, subject, teacher_id, time, view) values (?, ?, ?, ?, ?, ?, ?, ?, ?, ?, ?, ?, ?, ?, ?, ?)
make question 6956
Hibernate: insert into question (answer, choice1, choice2, choice3, choice4, choice5, content, correct, create_date, filepath, modify_date, score, subject, teacher_id, time, view) values (?, ?, ?, ?, ?, ?, ?, ?, ?, ?, ?, ?, ?, ?, ?, ?)
make question 6957
Hibernate: insert into question (answer, choice1, choice2, choice3, choice4, choice5, content, correct, create_date, filepath, modify_date, score, subject, teacher_id, time, view) values (?, ?, ?, ?, ?, ?, ?, ?, ?, ?, ?, ?, ?, ?, ?, ?)
make question 6958
Hibernate: insert into question (answer, choice1, choice2, choice3, choice4, choice5, content, correct, create_date, filepath, modify_date, score, subject, teacher_id, time, view) values (?, ?, ?, ?, ?, ?, ?, ?, ?, ?, ?, ?, ?, ?, ?, ?)
make question 6959
Hibernate: insert into question (answer, choice1, choice2, choice3, choice4, choice5, content, correct, create_date, filepath, modify_date, score, subject, teacher_id, time, view) values (?, ?, ?, ?, ?, ?, ?, ?, ?, ?, ?, ?, ?, ?, ?, ?)
make question 6960
Hibernate: insert into question (answer, choice1, choice2, choice3, choice4, choice5, content, correct, create_date, filepath, modify_date, score, subject, teacher_id, time, view) values (?, ?, ?, ?, ?, ?, ?, ?, ?, ?, ?, ?, ?, ?, ?, ?)
make question 6961
Hibernate: insert into question (answer, choice1, choice2, choice3, choice4, choice5, content, correct, create_date, filepath, modify_date, score, subject, teacher_id, time, view) values (?, ?, ?, ?, ?, ?, ?, ?, ?, ?, ?, ?, ?, ?, ?, ?)
make question 6962
Hibernate: insert into question (answer, choice1, choice2, choice3, choice4, choice5, content, correct, create_date, filepath, modify_date, score, subject, teacher_id, time, view) values (?, ?, ?, ?, ?, ?, ?, ?, ?, ?, ?, ?, ?, ?, ?, ?)
make question 6963
Hibernate: insert into question (answer, choice1, choice2, choice3, choice4, choice5, content, correct, create_date, filepath, modify_date, score, subject, teacher_id, time, view) values (?, ?, ?, ?, ?, ?, ?, ?, ?, ?, ?, ?, ?, ?, ?, ?)
make question 6964
Hibernate: insert into question (answer, choice1, choice2, choice3, choice4, choice5, content, correct, create_date, filepath, modify_date, score, subject, teacher_id, time, view) values (?, ?, ?, ?, ?, ?, ?, ?, ?, ?, ?, ?, ?, ?, ?, ?)
make question 6965
Hibernate: insert into question (answer, choice1, choice2, choice3, choice4, choice5, content, correct, create_date, filepath, modify_date, score, subject, teacher_id, time, view) values (?, ?, ?, ?, ?, ?, ?, ?, ?, ?, ?, ?, ?, ?, ?, ?)
make question 6966
Hibernate: insert into question (answer, choice1, choice2, choice3, choice4, choice5, content, correct, create_date, filepath, modify_date, score, subject, teacher_id, time, view) values (?, ?, ?, ?, ?, ?, ?, ?, ?, ?, ?, ?, ?, ?, ?, ?)
make question 6967
Hibernate: insert into question (answer, choice1, choice2, choice3, choice4, choice5, content, correct, create_date, filepath, modify_date, score, subject, teacher_id, time, view) values (?, ?, ?, ?, ?, ?, ?, ?, ?, ?, ?, ?, ?, ?, ?, ?)
make question 6968
Hibernate: insert into question (answer, choice1, choice2, choice3, choice4, choice5, content, correct, create_date, filepath, modify_date, score, subject, teacher_id, time, view) values (?, ?, ?, ?, ?, ?, ?, ?, ?, ?, ?, ?, ?, ?, ?, ?)
make question 6969
Hibernate: insert into question (answer, choice1, choice2, choice3, choice4, choice5, content, correct, create_date, filepath, modify_date, score, subject, teacher_id, time, view) values (?, ?, ?, ?, ?, ?, ?, ?, ?, ?, ?, ?, ?, ?, ?, ?)
make question 6970
Hibernate: insert into question (answer, choice1, choice2, choice3, choice4, choice5, content, correct, create_date, filepath, modify_date, score, subject, teacher_id, time, view) values (?, ?, ?, ?, ?, ?, ?, ?, ?, ?, ?, ?, ?, ?, ?, ?)
make question 6971
Hibernate: insert into question (answer, choice1, choice2, choice3, choice4, choice5, content, correct, create_date, filepath, modify_date, score, subject, teacher_id, time, view) values (?, ?, ?, ?, ?, ?, ?, ?, ?, ?, ?, ?, ?, ?, ?, ?)
make question 6972
Hibernate: insert into question (answer, choice1, choice2, choice3, choice4, choice5, content, correct, create_date, filepath, modify_date, score, subject, teacher_id, time, view) values (?, ?, ?, ?, ?, ?, ?, ?, ?, ?, ?, ?, ?, ?, ?, ?)
make question 6973
Hibernate: insert into question (answer, choice1, choice2, choice3, choice4, choice5, content, correct, create_date, filepath, modify_date, score, subject, teacher_id, time, view) values (?, ?, ?, ?, ?, ?, ?, ?, ?, ?, ?, ?, ?, ?, ?, ?)
make question 6974
Hibernate: insert into question (answer, choice1, choice2, choice3, choice4, choice5, content, correct, create_date, filepath, modify_date, score, subject, teacher_id, time, view) values (?, ?, ?, ?, ?, ?, ?, ?, ?, ?, ?, ?, ?, ?, ?, ?)
make question 6975
Hibernate: insert into question (answer, choice1, choice2, choice3, choice4, choice5, content, correct, create_date, filepath, modify_date, score, subject, teacher_id, time, view) values (?, ?, ?, ?, ?, ?, ?, ?, ?, ?, ?, ?, ?, ?, ?, ?)
make question 6976
Hibernate: insert into question (answer, choice1, choice2, choice3, choice4, choice5, content, correct, create_date, filepath, modify_date, score, subject, teacher_id, time, view) values (?, ?, ?, ?, ?, ?, ?, ?, ?, ?, ?, ?, ?, ?, ?, ?)
make question 6977
Hibernate: insert into question (answer, choice1, choice2, choice3, choice4, choice5, content, correct, create_date, filepath, modify_date, score, subject, teacher_id, time, view) values (?, ?, ?, ?, ?, ?, ?, ?, ?, ?, ?, ?, ?, ?, ?, ?)
make question 6978
Hibernate: insert into question (answer, choice1, choice2, choice3, choice4, choice5, content, correct, create_date, filepath, modify_date, score, subject, teacher_id, time, view) values (?, ?, ?, ?, ?, ?, ?, ?, ?, ?, ?, ?, ?, ?, ?, ?)
make question 6979
Hibernate: insert into question (answer, choice1, choice2, choice3, choice4, choice5, content, correct, create_date, filepath, modify_date, score, subject, teacher_id, time, view) values (?, ?, ?, ?, ?, ?, ?, ?, ?, ?, ?, ?, ?, ?, ?, ?)
make question 6980
Hibernate: insert into question (answer, choice1, choice2, choice3, choice4, choice5, content, correct, create_date, filepath, modify_date, score, subject, teacher_id, time, view) values (?, ?, ?, ?, ?, ?, ?, ?, ?, ?, ?, ?, ?, ?, ?, ?)
make question 6981
Hibernate: insert into question (answer, choice1, choice2, choice3, choice4, choice5, content, correct, create_date, filepath, modify_date, score, subject, teacher_id, time, view) values (?, ?, ?, ?, ?, ?, ?, ?, ?, ?, ?, ?, ?, ?, ?, ?)
make question 6982
Hibernate: insert into question (answer, choice1, choice2, choice3, choice4, choice5, content, correct, create_date, filepath, modify_date, score, subject, teacher_id, time, view) values (?, ?, ?, ?, ?, ?, ?, ?, ?, ?, ?, ?, ?, ?, ?, ?)
make question 6983
Hibernate: insert into question (answer, choice1, choice2, choice3, choice4, choice5, content, correct, create_date, filepath, modify_date, score, subject, teacher_id, time, view) values (?, ?, ?, ?, ?, ?, ?, ?, ?, ?, ?, ?, ?, ?, ?, ?)
make question 6984
Hibernate: insert into question (answer, choice1, choice2, choice3, choice4, choice5, content, correct, create_date, filepath, modify_date, score, subject, teacher_id, time, view) values (?, ?, ?, ?, ?, ?, ?, ?, ?, ?, ?, ?, ?, ?, ?, ?)
make question 6985
Hibernate: insert into question (answer, choice1, choice2, choice3, choice4, choice5, content, correct, create_date, filepath, modify_date, score, subject, teacher_id, time, view) values (?, ?, ?, ?, ?, ?, ?, ?, ?, ?, ?, ?, ?, ?, ?, ?)
make question 6986
Hibernate: insert into question (answer, choice1, choice2, choice3, choice4, choice5, content, correct, create_date, filepath, modify_date, score, subject, teacher_id, time, view) values (?, ?, ?, ?, ?, ?, ?, ?, ?, ?, ?, ?, ?, ?, ?, ?)
make question 6987
Hibernate: insert into question (answer, choice1, choice2, choice3, choice4, choice5, content, correct, create_date, filepath, modify_date, score, subject, teacher_id, time, view) values (?, ?, ?, ?, ?, ?, ?, ?, ?, ?, ?, ?, ?, ?, ?, ?)
make question 6988
Hibernate: insert into question (answer, choice1, choice2, choice3, choice4, choice5, content, correct, create_date, filepath, modify_date, score, subject, teacher_id, time, view) values (?, ?, ?, ?, ?, ?, ?, ?, ?, ?, ?, ?, ?, ?, ?, ?)
make question 6989
Hibernate: insert into question (answer, choice1, choice2, choice3, choice4, choice5, content, correct, create_date, filepath, modify_date, score, subject, teacher_id, time, view) values (?, ?, ?, ?, ?, ?, ?, ?, ?, ?, ?, ?, ?, ?, ?, ?)
make question 6990
Hibernate: insert into question (answer, choice1, choice2, choice3, choice4, choice5, content, correct, create_date, filepath, modify_date, score, subject, teacher_id, time, view) values (?, ?, ?, ?, ?, ?, ?, ?, ?, ?, ?, ?, ?, ?, ?, ?)
make question 6991
Hibernate: insert into question (answer, choice1, choice2, choice3, choice4, choice5, content, correct, create_date, filepath, modify_date, score, subject, teacher_id, time, view) values (?, ?, ?, ?, ?, ?, ?, ?, ?, ?, ?, ?, ?, ?, ?, ?)
make question 6992
Hibernate: insert into question (answer, choice1, choice2, choice3, choice4, choice5, content, correct, create_date, filepath, modify_date, score, subject, teacher_id, time, view) values (?, ?, ?, ?, ?, ?, ?, ?, ?, ?, ?, ?, ?, ?, ?, ?)
make question 6993
Hibernate: insert into question (answer, choice1, choice2, choice3, choice4, choice5, content, correct, create_date, filepath, modify_date, score, subject, teacher_id, time, view) values (?, ?, ?, ?, ?, ?, ?, ?, ?, ?, ?, ?, ?, ?, ?, ?)
make question 6994
Hibernate: insert into question (answer, choice1, choice2, choice3, choice4, choice5, content, correct, create_date, filepath, modify_date, score, subject, teacher_id, time, view) values (?, ?, ?, ?, ?, ?, ?, ?, ?, ?, ?, ?, ?, ?, ?, ?)
make question 6995
Hibernate: insert into question (answer, choice1, choice2, choice3, choice4, choice5, content, correct, create_date, filepath, modify_date, score, subject, teacher_id, time, view) values (?, ?, ?, ?, ?, ?, ?, ?, ?, ?, ?, ?, ?, ?, ?, ?)
make question 6996
Hibernate: insert into question (answer, choice1, choice2, choice3, choice4, choice5, content, correct, create_date, filepath, modify_date, score, subject, teacher_id, time, view) values (?, ?, ?, ?, ?, ?, ?, ?, ?, ?, ?, ?, ?, ?, ?, ?)
make question 6997
Hibernate: insert into question (answer, choice1, choice2, choice3, choice4, choice5, content, correct, create_date, filepath, modify_date, score, subject, teacher_id, time, view) values (?, ?, ?, ?, ?, ?, ?, ?, ?, ?, ?, ?, ?, ?, ?, ?)
make question 6998
Hibernate: insert into question (answer, choice1, choice2, choice3, choice4, choice5, content, correct, create_date, filepath, modify_date, score, subject, teacher_id, time, view) values (?, ?, ?, ?, ?, ?, ?, ?, ?, ?, ?, ?, ?, ?, ?, ?)
make question 6999
Hibernate: insert into question (answer, choice1, choice2, choice3, choice4, choice5, content, correct, create_date, filepath, modify_date, score, subject, teacher_id, time, view) values (?, ?, ?, ?, ?, ?, ?, ?, ?, ?, ?, ?, ?, ?, ?, ?)
make question 7000
Hibernate: insert into question (answer, choice1, choice2, choice3, choice4, choice5, content, correct, create_date, filepath, modify_date, score, subject, teacher_id, time, view) values (?, ?, ?, ?, ?, ?, ?, ?, ?, ?, ?, ?, ?, ?, ?, ?)
make question 7001
Hibernate: insert into question (answer, choice1, choice2, choice3, choice4, choice5, content, correct, create_date, filepath, modify_date, score, subject, teacher_id, time, view) values (?, ?, ?, ?, ?, ?, ?, ?, ?, ?, ?, ?, ?, ?, ?, ?)
make question 7002
Hibernate: insert into question (answer, choice1, choice2, choice3, choice4, choice5, content, correct, create_date, filepath, modify_date, score, subject, teacher_id, time, view) values (?, ?, ?, ?, ?, ?, ?, ?, ?, ?, ?, ?, ?, ?, ?, ?)
make question 7003
Hibernate: insert into question (answer, choice1, choice2, choice3, choice4, choice5, content, correct, create_date, filepath, modify_date, score, subject, teacher_id, time, view) values (?, ?, ?, ?, ?, ?, ?, ?, ?, ?, ?, ?, ?, ?, ?, ?)
make question 7004
Hibernate: insert into question (answer, choice1, choice2, choice3, choice4, choice5, content, correct, create_date, filepath, modify_date, score, subject, teacher_id, time, view) values (?, ?, ?, ?, ?, ?, ?, ?, ?, ?, ?, ?, ?, ?, ?, ?)
make question 7005
Hibernate: insert into question (answer, choice1, choice2, choice3, choice4, choice5, content, correct, create_date, filepath, modify_date, score, subject, teacher_id, time, view) values (?, ?, ?, ?, ?, ?, ?, ?, ?, ?, ?, ?, ?, ?, ?, ?)
make question 7006
Hibernate: insert into question (answer, choice1, choice2, choice3, choice4, choice5, content, correct, create_date, filepath, modify_date, score, subject, teacher_id, time, view) values (?, ?, ?, ?, ?, ?, ?, ?, ?, ?, ?, ?, ?, ?, ?, ?)
make question 7007
Hibernate: insert into question (answer, choice1, choice2, choice3, choice4, choice5, content, correct, create_date, filepath, modify_date, score, subject, teacher_id, time, view) values (?, ?, ?, ?, ?, ?, ?, ?, ?, ?, ?, ?, ?, ?, ?, ?)
make question 7008
Hibernate: insert into question (answer, choice1, choice2, choice3, choice4, choice5, content, correct, create_date, filepath, modify_date, score, subject, teacher_id, time, view) values (?, ?, ?, ?, ?, ?, ?, ?, ?, ?, ?, ?, ?, ?, ?, ?)
make question 7009
Hibernate: insert into question (answer, choice1, choice2, choice3, choice4, choice5, content, correct, create_date, filepath, modify_date, score, subject, teacher_id, time, view) values (?, ?, ?, ?, ?, ?, ?, ?, ?, ?, ?, ?, ?, ?, ?, ?)
make question 7010
Hibernate: insert into question (answer, choice1, choice2, choice3, choice4, choice5, content, correct, create_date, filepath, modify_date, score, subject, teacher_id, time, view) values (?, ?, ?, ?, ?, ?, ?, ?, ?, ?, ?, ?, ?, ?, ?, ?)
make question 7011
Hibernate: insert into question (answer, choice1, choice2, choice3, choice4, choice5, content, correct, create_date, filepath, modify_date, score, subject, teacher_id, time, view) values (?, ?, ?, ?, ?, ?, ?, ?, ?, ?, ?, ?, ?, ?, ?, ?)
make question 7012
Hibernate: insert into question (answer, choice1, choice2, choice3, choice4, choice5, content, correct, create_date, filepath, modify_date, score, subject, teacher_id, time, view) values (?, ?, ?, ?, ?, ?, ?, ?, ?, ?, ?, ?, ?, ?, ?, ?)
make question 7013
Hibernate: insert into question (answer, choice1, choice2, choice3, choice4, choice5, content, correct, create_date, filepath, modify_date, score, subject, teacher_id, time, view) values (?, ?, ?, ?, ?, ?, ?, ?, ?, ?, ?, ?, ?, ?, ?, ?)
make question 7014
Hibernate: insert into question (answer, choice1, choice2, choice3, choice4, choice5, content, correct, create_date, filepath, modify_date, score, subject, teacher_id, time, view) values (?, ?, ?, ?, ?, ?, ?, ?, ?, ?, ?, ?, ?, ?, ?, ?)
make question 7015
Hibernate: insert into question (answer, choice1, choice2, choice3, choice4, choice5, content, correct, create_date, filepath, modify_date, score, subject, teacher_id, time, view) values (?, ?, ?, ?, ?, ?, ?, ?, ?, ?, ?, ?, ?, ?, ?, ?)
make question 7016
Hibernate: insert into question (answer, choice1, choice2, choice3, choice4, choice5, content, correct, create_date, filepath, modify_date, score, subject, teacher_id, time, view) values (?, ?, ?, ?, ?, ?, ?, ?, ?, ?, ?, ?, ?, ?, ?, ?)
make question 7017
Hibernate: insert into question (answer, choice1, choice2, choice3, choice4, choice5, content, correct, create_date, filepath, modify_date, score, subject, teacher_id, time, view) values (?, ?, ?, ?, ?, ?, ?, ?, ?, ?, ?, ?, ?, ?, ?, ?)
make question 7018
Hibernate: insert into question (answer, choice1, choice2, choice3, choice4, choice5, content, correct, create_date, filepath, modify_date, score, subject, teacher_id, time, view) values (?, ?, ?, ?, ?, ?, ?, ?, ?, ?, ?, ?, ?, ?, ?, ?)
make question 7019
Hibernate: insert into question (answer, choice1, choice2, choice3, choice4, choice5, content, correct, create_date, filepath, modify_date, score, subject, teacher_id, time, view) values (?, ?, ?, ?, ?, ?, ?, ?, ?, ?, ?, ?, ?, ?, ?, ?)
make question 7020
Hibernate: insert into question (answer, choice1, choice2, choice3, choice4, choice5, content, correct, create_date, filepath, modify_date, score, subject, teacher_id, time, view) values (?, ?, ?, ?, ?, ?, ?, ?, ?, ?, ?, ?, ?, ?, ?, ?)
make question 7021
Hibernate: insert into question (answer, choice1, choice2, choice3, choice4, choice5, content, correct, create_date, filepath, modify_date, score, subject, teacher_id, time, view) values (?, ?, ?, ?, ?, ?, ?, ?, ?, ?, ?, ?, ?, ?, ?, ?)
make question 7022
Hibernate: insert into question (answer, choice1, choice2, choice3, choice4, choice5, content, correct, create_date, filepath, modify_date, score, subject, teacher_id, time, view) values (?, ?, ?, ?, ?, ?, ?, ?, ?, ?, ?, ?, ?, ?, ?, ?)
make question 7023
Hibernate: insert into question (answer, choice1, choice2, choice3, choice4, choice5, content, correct, create_date, filepath, modify_date, score, subject, teacher_id, time, view) values (?, ?, ?, ?, ?, ?, ?, ?, ?, ?, ?, ?, ?, ?, ?, ?)
make question 7024
Hibernate: insert into question (answer, choice1, choice2, choice3, choice4, choice5, content, correct, create_date, filepath, modify_date, score, subject, teacher_id, time, view) values (?, ?, ?, ?, ?, ?, ?, ?, ?, ?, ?, ?, ?, ?, ?, ?)
make question 7025
Hibernate: insert into question (answer, choice1, choice2, choice3, choice4, choice5, content, correct, create_date, filepath, modify_date, score, subject, teacher_id, time, view) values (?, ?, ?, ?, ?, ?, ?, ?, ?, ?, ?, ?, ?, ?, ?, ?)
make question 7026
Hibernate: insert into question (answer, choice1, choice2, choice3, choice4, choice5, content, correct, create_date, filepath, modify_date, score, subject, teacher_id, time, view) values (?, ?, ?, ?, ?, ?, ?, ?, ?, ?, ?, ?, ?, ?, ?, ?)
make question 7027
Hibernate: insert into question (answer, choice1, choice2, choice3, choice4, choice5, content, correct, create_date, filepath, modify_date, score, subject, teacher_id, time, view) values (?, ?, ?, ?, ?, ?, ?, ?, ?, ?, ?, ?, ?, ?, ?, ?)
make question 7028
Hibernate: insert into question (answer, choice1, choice2, choice3, choice4, choice5, content, correct, create_date, filepath, modify_date, score, subject, teacher_id, time, view) values (?, ?, ?, ?, ?, ?, ?, ?, ?, ?, ?, ?, ?, ?, ?, ?)
make question 7029
Hibernate: insert into question (answer, choice1, choice2, choice3, choice4, choice5, content, correct, create_date, filepath, modify_date, score, subject, teacher_id, time, view) values (?, ?, ?, ?, ?, ?, ?, ?, ?, ?, ?, ?, ?, ?, ?, ?)
make question 7030
Hibernate: insert into question (answer, choice1, choice2, choice3, choice4, choice5, content, correct, create_date, filepath, modify_date, score, subject, teacher_id, time, view) values (?, ?, ?, ?, ?, ?, ?, ?, ?, ?, ?, ?, ?, ?, ?, ?)
make question 7031
Hibernate: insert into question (answer, choice1, choice2, choice3, choice4, choice5, content, correct, create_date, filepath, modify_date, score, subject, teacher_id, time, view) values (?, ?, ?, ?, ?, ?, ?, ?, ?, ?, ?, ?, ?, ?, ?, ?)
make question 7032
Hibernate: insert into question (answer, choice1, choice2, choice3, choice4, choice5, content, correct, create_date, filepath, modify_date, score, subject, teacher_id, time, view) values (?, ?, ?, ?, ?, ?, ?, ?, ?, ?, ?, ?, ?, ?, ?, ?)
make question 7033
Hibernate: insert into question (answer, choice1, choice2, choice3, choice4, choice5, content, correct, create_date, filepath, modify_date, score, subject, teacher_id, time, view) values (?, ?, ?, ?, ?, ?, ?, ?, ?, ?, ?, ?, ?, ?, ?, ?)
make question 7034
Hibernate: insert into question (answer, choice1, choice2, choice3, choice4, choice5, content, correct, create_date, filepath, modify_date, score, subject, teacher_id, time, view) values (?, ?, ?, ?, ?, ?, ?, ?, ?, ?, ?, ?, ?, ?, ?, ?)
make question 7035
Hibernate: insert into question (answer, choice1, choice2, choice3, choice4, choice5, content, correct, create_date, filepath, modify_date, score, subject, teacher_id, time, view) values (?, ?, ?, ?, ?, ?, ?, ?, ?, ?, ?, ?, ?, ?, ?, ?)
make question 7036
Hibernate: insert into question (answer, choice1, choice2, choice3, choice4, choice5, content, correct, create_date, filepath, modify_date, score, subject, teacher_id, time, view) values (?, ?, ?, ?, ?, ?, ?, ?, ?, ?, ?, ?, ?, ?, ?, ?)
make question 7037
Hibernate: insert into question (answer, choice1, choice2, choice3, choice4, choice5, content, correct, create_date, filepath, modify_date, score, subject, teacher_id, time, view) values (?, ?, ?, ?, ?, ?, ?, ?, ?, ?, ?, ?, ?, ?, ?, ?)
make question 7038
Hibernate: insert into question (answer, choice1, choice2, choice3, choice4, choice5, content, correct, create_date, filepath, modify_date, score, subject, teacher_id, time, view) values (?, ?, ?, ?, ?, ?, ?, ?, ?, ?, ?, ?, ?, ?, ?, ?)
make question 7039
Hibernate: insert into question (answer, choice1, choice2, choice3, choice4, choice5, content, correct, create_date, filepath, modify_date, score, subject, teacher_id, time, view) values (?, ?, ?, ?, ?, ?, ?, ?, ?, ?, ?, ?, ?, ?, ?, ?)
make question 7040
Hibernate: insert into question (answer, choice1, choice2, choice3, choice4, choice5, content, correct, create_date, filepath, modify_date, score, subject, teacher_id, time, view) values (?, ?, ?, ?, ?, ?, ?, ?, ?, ?, ?, ?, ?, ?, ?, ?)
make question 7041
Hibernate: insert into question (answer, choice1, choice2, choice3, choice4, choice5, content, correct, create_date, filepath, modify_date, score, subject, teacher_id, time, view) values (?, ?, ?, ?, ?, ?, ?, ?, ?, ?, ?, ?, ?, ?, ?, ?)
make question 7042
Hibernate: insert into question (answer, choice1, choice2, choice3, choice4, choice5, content, correct, create_date, filepath, modify_date, score, subject, teacher_id, time, view) values (?, ?, ?, ?, ?, ?, ?, ?, ?, ?, ?, ?, ?, ?, ?, ?)
make question 7043
Hibernate: insert into question (answer, choice1, choice2, choice3, choice4, choice5, content, correct, create_date, filepath, modify_date, score, subject, teacher_id, time, view) values (?, ?, ?, ?, ?, ?, ?, ?, ?, ?, ?, ?, ?, ?, ?, ?)
make question 7044
Hibernate: insert into question (answer, choice1, choice2, choice3, choice4, choice5, content, correct, create_date, filepath, modify_date, score, subject, teacher_id, time, view) values (?, ?, ?, ?, ?, ?, ?, ?, ?, ?, ?, ?, ?, ?, ?, ?)
make question 7045
Hibernate: insert into question (answer, choice1, choice2, choice3, choice4, choice5, content, correct, create_date, filepath, modify_date, score, subject, teacher_id, time, view) values (?, ?, ?, ?, ?, ?, ?, ?, ?, ?, ?, ?, ?, ?, ?, ?)
make question 7046
Hibernate: insert into question (answer, choice1, choice2, choice3, choice4, choice5, content, correct, create_date, filepath, modify_date, score, subject, teacher_id, time, view) values (?, ?, ?, ?, ?, ?, ?, ?, ?, ?, ?, ?, ?, ?, ?, ?)
make question 7047
Hibernate: insert into question (answer, choice1, choice2, choice3, choice4, choice5, content, correct, create_date, filepath, modify_date, score, subject, teacher_id, time, view) values (?, ?, ?, ?, ?, ?, ?, ?, ?, ?, ?, ?, ?, ?, ?, ?)
make question 7048
Hibernate: insert into question (answer, choice1, choice2, choice3, choice4, choice5, content, correct, create_date, filepath, modify_date, score, subject, teacher_id, time, view) values (?, ?, ?, ?, ?, ?, ?, ?, ?, ?, ?, ?, ?, ?, ?, ?)
make question 7049
Hibernate: insert into question (answer, choice1, choice2, choice3, choice4, choice5, content, correct, create_date, filepath, modify_date, score, subject, teacher_id, time, view) values (?, ?, ?, ?, ?, ?, ?, ?, ?, ?, ?, ?, ?, ?, ?, ?)
make question 7050
Hibernate: insert into question (answer, choice1, choice2, choice3, choice4, choice5, content, correct, create_date, filepath, modify_date, score, subject, teacher_id, time, view) values (?, ?, ?, ?, ?, ?, ?, ?, ?, ?, ?, ?, ?, ?, ?, ?)
make question 7051
Hibernate: insert into question (answer, choice1, choice2, choice3, choice4, choice5, content, correct, create_date, filepath, modify_date, score, subject, teacher_id, time, view) values (?, ?, ?, ?, ?, ?, ?, ?, ?, ?, ?, ?, ?, ?, ?, ?)
make question 7052
Hibernate: insert into question (answer, choice1, choice2, choice3, choice4, choice5, content, correct, create_date, filepath, modify_date, score, subject, teacher_id, time, view) values (?, ?, ?, ?, ?, ?, ?, ?, ?, ?, ?, ?, ?, ?, ?, ?)
make question 7053
Hibernate: insert into question (answer, choice1, choice2, choice3, choice4, choice5, content, correct, create_date, filepath, modify_date, score, subject, teacher_id, time, view) values (?, ?, ?, ?, ?, ?, ?, ?, ?, ?, ?, ?, ?, ?, ?, ?)
make question 7054
Hibernate: insert into question (answer, choice1, choice2, choice3, choice4, choice5, content, correct, create_date, filepath, modify_date, score, subject, teacher_id, time, view) values (?, ?, ?, ?, ?, ?, ?, ?, ?, ?, ?, ?, ?, ?, ?, ?)
make question 7055
Hibernate: insert into question (answer, choice1, choice2, choice3, choice4, choice5, content, correct, create_date, filepath, modify_date, score, subject, teacher_id, time, view) values (?, ?, ?, ?, ?, ?, ?, ?, ?, ?, ?, ?, ?, ?, ?, ?)
make question 7056
Hibernate: insert into question (answer, choice1, choice2, choice3, choice4, choice5, content, correct, create_date, filepath, modify_date, score, subject, teacher_id, time, view) values (?, ?, ?, ?, ?, ?, ?, ?, ?, ?, ?, ?, ?, ?, ?, ?)
make question 7057
Hibernate: insert into question (answer, choice1, choice2, choice3, choice4, choice5, content, correct, create_date, filepath, modify_date, score, subject, teacher_id, time, view) values (?, ?, ?, ?, ?, ?, ?, ?, ?, ?, ?, ?, ?, ?, ?, ?)
make question 7058
Hibernate: insert into question (answer, choice1, choice2, choice3, choice4, choice5, content, correct, create_date, filepath, modify_date, score, subject, teacher_id, time, view) values (?, ?, ?, ?, ?, ?, ?, ?, ?, ?, ?, ?, ?, ?, ?, ?)
make question 7059
Hibernate: insert into question (answer, choice1, choice2, choice3, choice4, choice5, content, correct, create_date, filepath, modify_date, score, subject, teacher_id, time, view) values (?, ?, ?, ?, ?, ?, ?, ?, ?, ?, ?, ?, ?, ?, ?, ?)
make question 7060
Hibernate: insert into question (answer, choice1, choice2, choice3, choice4, choice5, content, correct, create_date, filepath, modify_date, score, subject, teacher_id, time, view) values (?, ?, ?, ?, ?, ?, ?, ?, ?, ?, ?, ?, ?, ?, ?, ?)
make question 7061
Hibernate: insert into question (answer, choice1, choice2, choice3, choice4, choice5, content, correct, create_date, filepath, modify_date, score, subject, teacher_id, time, view) values (?, ?, ?, ?, ?, ?, ?, ?, ?, ?, ?, ?, ?, ?, ?, ?)
make question 7062
Hibernate: insert into question (answer, choice1, choice2, choice3, choice4, choice5, content, correct, create_date, filepath, modify_date, score, subject, teacher_id, time, view) values (?, ?, ?, ?, ?, ?, ?, ?, ?, ?, ?, ?, ?, ?, ?, ?)
make question 7063
Hibernate: insert into question (answer, choice1, choice2, choice3, choice4, choice5, content, correct, create_date, filepath, modify_date, score, subject, teacher_id, time, view) values (?, ?, ?, ?, ?, ?, ?, ?, ?, ?, ?, ?, ?, ?, ?, ?)
make question 7064
Hibernate: insert into question (answer, choice1, choice2, choice3, choice4, choice5, content, correct, create_date, filepath, modify_date, score, subject, teacher_id, time, view) values (?, ?, ?, ?, ?, ?, ?, ?, ?, ?, ?, ?, ?, ?, ?, ?)
make question 7065
Hibernate: insert into question (answer, choice1, choice2, choice3, choice4, choice5, content, correct, create_date, filepath, modify_date, score, subject, teacher_id, time, view) values (?, ?, ?, ?, ?, ?, ?, ?, ?, ?, ?, ?, ?, ?, ?, ?)
make question 7066
Hibernate: insert into question (answer, choice1, choice2, choice3, choice4, choice5, content, correct, create_date, filepath, modify_date, score, subject, teacher_id, time, view) values (?, ?, ?, ?, ?, ?, ?, ?, ?, ?, ?, ?, ?, ?, ?, ?)
make question 7067
Hibernate: insert into question (answer, choice1, choice2, choice3, choice4, choice5, content, correct, create_date, filepath, modify_date, score, subject, teacher_id, time, view) values (?, ?, ?, ?, ?, ?, ?, ?, ?, ?, ?, ?, ?, ?, ?, ?)
make question 7068
Hibernate: insert into question (answer, choice1, choice2, choice3, choice4, choice5, content, correct, create_date, filepath, modify_date, score, subject, teacher_id, time, view) values (?, ?, ?, ?, ?, ?, ?, ?, ?, ?, ?, ?, ?, ?, ?, ?)
make question 7069
Hibernate: insert into question (answer, choice1, choice2, choice3, choice4, choice5, content, correct, create_date, filepath, modify_date, score, subject, teacher_id, time, view) values (?, ?, ?, ?, ?, ?, ?, ?, ?, ?, ?, ?, ?, ?, ?, ?)
make question 7070
Hibernate: insert into question (answer, choice1, choice2, choice3, choice4, choice5, content, correct, create_date, filepath, modify_date, score, subject, teacher_id, time, view) values (?, ?, ?, ?, ?, ?, ?, ?, ?, ?, ?, ?, ?, ?, ?, ?)
make question 7071
Hibernate: insert into question (answer, choice1, choice2, choice3, choice4, choice5, content, correct, create_date, filepath, modify_date, score, subject, teacher_id, time, view) values (?, ?, ?, ?, ?, ?, ?, ?, ?, ?, ?, ?, ?, ?, ?, ?)
make question 7072
Hibernate: insert into question (answer, choice1, choice2, choice3, choice4, choice5, content, correct, create_date, filepath, modify_date, score, subject, teacher_id, time, view) values (?, ?, ?, ?, ?, ?, ?, ?, ?, ?, ?, ?, ?, ?, ?, ?)
make question 7073
Hibernate: insert into question (answer, choice1, choice2, choice3, choice4, choice5, content, correct, create_date, filepath, modify_date, score, subject, teacher_id, time, view) values (?, ?, ?, ?, ?, ?, ?, ?, ?, ?, ?, ?, ?, ?, ?, ?)
make question 7074
Hibernate: insert into question (answer, choice1, choice2, choice3, choice4, choice5, content, correct, create_date, filepath, modify_date, score, subject, teacher_id, time, view) values (?, ?, ?, ?, ?, ?, ?, ?, ?, ?, ?, ?, ?, ?, ?, ?)
make question 7075
Hibernate: insert into question (answer, choice1, choice2, choice3, choice4, choice5, content, correct, create_date, filepath, modify_date, score, subject, teacher_id, time, view) values (?, ?, ?, ?, ?, ?, ?, ?, ?, ?, ?, ?, ?, ?, ?, ?)
make question 7076
Hibernate: insert into question (answer, choice1, choice2, choice3, choice4, choice5, content, correct, create_date, filepath, modify_date, score, subject, teacher_id, time, view) values (?, ?, ?, ?, ?, ?, ?, ?, ?, ?, ?, ?, ?, ?, ?, ?)
make question 7077
Hibernate: insert into question (answer, choice1, choice2, choice3, choice4, choice5, content, correct, create_date, filepath, modify_date, score, subject, teacher_id, time, view) values (?, ?, ?, ?, ?, ?, ?, ?, ?, ?, ?, ?, ?, ?, ?, ?)
make question 7078
Hibernate: insert into question (answer, choice1, choice2, choice3, choice4, choice5, content, correct, create_date, filepath, modify_date, score, subject, teacher_id, time, view) values (?, ?, ?, ?, ?, ?, ?, ?, ?, ?, ?, ?, ?, ?, ?, ?)
make question 7079
Hibernate: insert into question (answer, choice1, choice2, choice3, choice4, choice5, content, correct, create_date, filepath, modify_date, score, subject, teacher_id, time, view) values (?, ?, ?, ?, ?, ?, ?, ?, ?, ?, ?, ?, ?, ?, ?, ?)
make question 7080
Hibernate: insert into question (answer, choice1, choice2, choice3, choice4, choice5, content, correct, create_date, filepath, modify_date, score, subject, teacher_id, time, view) values (?, ?, ?, ?, ?, ?, ?, ?, ?, ?, ?, ?, ?, ?, ?, ?)
make question 7081
Hibernate: insert into question (answer, choice1, choice2, choice3, choice4, choice5, content, correct, create_date, filepath, modify_date, score, subject, teacher_id, time, view) values (?, ?, ?, ?, ?, ?, ?, ?, ?, ?, ?, ?, ?, ?, ?, ?)
make question 7082
Hibernate: insert into question (answer, choice1, choice2, choice3, choice4, choice5, content, correct, create_date, filepath, modify_date, score, subject, teacher_id, time, view) values (?, ?, ?, ?, ?, ?, ?, ?, ?, ?, ?, ?, ?, ?, ?, ?)
make question 7083
Hibernate: insert into question (answer, choice1, choice2, choice3, choice4, choice5, content, correct, create_date, filepath, modify_date, score, subject, teacher_id, time, view) values (?, ?, ?, ?, ?, ?, ?, ?, ?, ?, ?, ?, ?, ?, ?, ?)
make question 7084
Hibernate: insert into question (answer, choice1, choice2, choice3, choice4, choice5, content, correct, create_date, filepath, modify_date, score, subject, teacher_id, time, view) values (?, ?, ?, ?, ?, ?, ?, ?, ?, ?, ?, ?, ?, ?, ?, ?)
make question 7085
Hibernate: insert into question (answer, choice1, choice2, choice3, choice4, choice5, content, correct, create_date, filepath, modify_date, score, subject, teacher_id, time, view) values (?, ?, ?, ?, ?, ?, ?, ?, ?, ?, ?, ?, ?, ?, ?, ?)
make question 7086
Hibernate: insert into question (answer, choice1, choice2, choice3, choice4, choice5, content, correct, create_date, filepath, modify_date, score, subject, teacher_id, time, view) values (?, ?, ?, ?, ?, ?, ?, ?, ?, ?, ?, ?, ?, ?, ?, ?)
make question 7087
Hibernate: insert into question (answer, choice1, choice2, choice3, choice4, choice5, content, correct, create_date, filepath, modify_date, score, subject, teacher_id, time, view) values (?, ?, ?, ?, ?, ?, ?, ?, ?, ?, ?, ?, ?, ?, ?, ?)
make question 7088
Hibernate: insert into question (answer, choice1, choice2, choice3, choice4, choice5, content, correct, create_date, filepath, modify_date, score, subject, teacher_id, time, view) values (?, ?, ?, ?, ?, ?, ?, ?, ?, ?, ?, ?, ?, ?, ?, ?)
make question 7089
Hibernate: insert into question (answer, choice1, choice2, choice3, choice4, choice5, content, correct, create_date, filepath, modify_date, score, subject, teacher_id, time, view) values (?, ?, ?, ?, ?, ?, ?, ?, ?, ?, ?, ?, ?, ?, ?, ?)
make question 7090
Hibernate: insert into question (answer, choice1, choice2, choice3, choice4, choice5, content, correct, create_date, filepath, modify_date, score, subject, teacher_id, time, view) values (?, ?, ?, ?, ?, ?, ?, ?, ?, ?, ?, ?, ?, ?, ?, ?)
make question 7091
Hibernate: insert into question (answer, choice1, choice2, choice3, choice4, choice5, content, correct, create_date, filepath, modify_date, score, subject, teacher_id, time, view) values (?, ?, ?, ?, ?, ?, ?, ?, ?, ?, ?, ?, ?, ?, ?, ?)
make question 7092
Hibernate: insert into question (answer, choice1, choice2, choice3, choice4, choice5, content, correct, create_date, filepath, modify_date, score, subject, teacher_id, time, view) values (?, ?, ?, ?, ?, ?, ?, ?, ?, ?, ?, ?, ?, ?, ?, ?)
make question 7093
Hibernate: insert into question (answer, choice1, choice2, choice3, choice4, choice5, content, correct, create_date, filepath, modify_date, score, subject, teacher_id, time, view) values (?, ?, ?, ?, ?, ?, ?, ?, ?, ?, ?, ?, ?, ?, ?, ?)
make question 7094
Hibernate: insert into question (answer, choice1, choice2, choice3, choice4, choice5, content, correct, create_date, filepath, modify_date, score, subject, teacher_id, time, view) values (?, ?, ?, ?, ?, ?, ?, ?, ?, ?, ?, ?, ?, ?, ?, ?)
make question 7095
Hibernate: insert into question (answer, choice1, choice2, choice3, choice4, choice5, content, correct, create_date, filepath, modify_date, score, subject, teacher_id, time, view) values (?, ?, ?, ?, ?, ?, ?, ?, ?, ?, ?, ?, ?, ?, ?, ?)
make question 7096
Hibernate: insert into question (answer, choice1, choice2, choice3, choice4, choice5, content, correct, create_date, filepath, modify_date, score, subject, teacher_id, time, view) values (?, ?, ?, ?, ?, ?, ?, ?, ?, ?, ?, ?, ?, ?, ?, ?)
make question 7097
Hibernate: insert into question (answer, choice1, choice2, choice3, choice4, choice5, content, correct, create_date, filepath, modify_date, score, subject, teacher_id, time, view) values (?, ?, ?, ?, ?, ?, ?, ?, ?, ?, ?, ?, ?, ?, ?, ?)
make question 7098
Hibernate: insert into question (answer, choice1, choice2, choice3, choice4, choice5, content, correct, create_date, filepath, modify_date, score, subject, teacher_id, time, view) values (?, ?, ?, ?, ?, ?, ?, ?, ?, ?, ?, ?, ?, ?, ?, ?)
make question 7099
Hibernate: insert into question (answer, choice1, choice2, choice3, choice4, choice5, content, correct, create_date, filepath, modify_date, score, subject, teacher_id, time, view) values (?, ?, ?, ?, ?, ?, ?, ?, ?, ?, ?, ?, ?, ?, ?, ?)
make question 7100
Hibernate: insert into question (answer, choice1, choice2, choice3, choice4, choice5, content, correct, create_date, filepath, modify_date, score, subject, teacher_id, time, view) values (?, ?, ?, ?, ?, ?, ?, ?, ?, ?, ?, ?, ?, ?, ?, ?)
make question 7101
Hibernate: insert into question (answer, choice1, choice2, choice3, choice4, choice5, content, correct, create_date, filepath, modify_date, score, subject, teacher_id, time, view) values (?, ?, ?, ?, ?, ?, ?, ?, ?, ?, ?, ?, ?, ?, ?, ?)
make question 7102
Hibernate: insert into question (answer, choice1, choice2, choice3, choice4, choice5, content, correct, create_date, filepath, modify_date, score, subject, teacher_id, time, view) values (?, ?, ?, ?, ?, ?, ?, ?, ?, ?, ?, ?, ?, ?, ?, ?)
make question 7103
Hibernate: insert into question (answer, choice1, choice2, choice3, choice4, choice5, content, correct, create_date, filepath, modify_date, score, subject, teacher_id, time, view) values (?, ?, ?, ?, ?, ?, ?, ?, ?, ?, ?, ?, ?, ?, ?, ?)
make question 7104
Hibernate: insert into question (answer, choice1, choice2, choice3, choice4, choice5, content, correct, create_date, filepath, modify_date, score, subject, teacher_id, time, view) values (?, ?, ?, ?, ?, ?, ?, ?, ?, ?, ?, ?, ?, ?, ?, ?)
make question 7105
Hibernate: insert into question (answer, choice1, choice2, choice3, choice4, choice5, content, correct, create_date, filepath, modify_date, score, subject, teacher_id, time, view) values (?, ?, ?, ?, ?, ?, ?, ?, ?, ?, ?, ?, ?, ?, ?, ?)
make question 7106
Hibernate: insert into question (answer, choice1, choice2, choice3, choice4, choice5, content, correct, create_date, filepath, modify_date, score, subject, teacher_id, time, view) values (?, ?, ?, ?, ?, ?, ?, ?, ?, ?, ?, ?, ?, ?, ?, ?)
make question 7107
Hibernate: insert into question (answer, choice1, choice2, choice3, choice4, choice5, content, correct, create_date, filepath, modify_date, score, subject, teacher_id, time, view) values (?, ?, ?, ?, ?, ?, ?, ?, ?, ?, ?, ?, ?, ?, ?, ?)
make question 7108
Hibernate: insert into question (answer, choice1, choice2, choice3, choice4, choice5, content, correct, create_date, filepath, modify_date, score, subject, teacher_id, time, view) values (?, ?, ?, ?, ?, ?, ?, ?, ?, ?, ?, ?, ?, ?, ?, ?)
make question 7109
Hibernate: insert into question (answer, choice1, choice2, choice3, choice4, choice5, content, correct, create_date, filepath, modify_date, score, subject, teacher_id, time, view) values (?, ?, ?, ?, ?, ?, ?, ?, ?, ?, ?, ?, ?, ?, ?, ?)
make question 7110
Hibernate: insert into question (answer, choice1, choice2, choice3, choice4, choice5, content, correct, create_date, filepath, modify_date, score, subject, teacher_id, time, view) values (?, ?, ?, ?, ?, ?, ?, ?, ?, ?, ?, ?, ?, ?, ?, ?)
make question 7111
Hibernate: insert into question (answer, choice1, choice2, choice3, choice4, choice5, content, correct, create_date, filepath, modify_date, score, subject, teacher_id, time, view) values (?, ?, ?, ?, ?, ?, ?, ?, ?, ?, ?, ?, ?, ?, ?, ?)
make question 7112
Hibernate: insert into question (answer, choice1, choice2, choice3, choice4, choice5, content, correct, create_date, filepath, modify_date, score, subject, teacher_id, time, view) values (?, ?, ?, ?, ?, ?, ?, ?, ?, ?, ?, ?, ?, ?, ?, ?)
make question 7113
Hibernate: insert into question (answer, choice1, choice2, choice3, choice4, choice5, content, correct, create_date, filepath, modify_date, score, subject, teacher_id, time, view) values (?, ?, ?, ?, ?, ?, ?, ?, ?, ?, ?, ?, ?, ?, ?, ?)
make question 7114
Hibernate: insert into question (answer, choice1, choice2, choice3, choice4, choice5, content, correct, create_date, filepath, modify_date, score, subject, teacher_id, time, view) values (?, ?, ?, ?, ?, ?, ?, ?, ?, ?, ?, ?, ?, ?, ?, ?)
make question 7115
Hibernate: insert into question (answer, choice1, choice2, choice3, choice4, choice5, content, correct, create_date, filepath, modify_date, score, subject, teacher_id, time, view) values (?, ?, ?, ?, ?, ?, ?, ?, ?, ?, ?, ?, ?, ?, ?, ?)
make question 7116
Hibernate: insert into question (answer, choice1, choice2, choice3, choice4, choice5, content, correct, create_date, filepath, modify_date, score, subject, teacher_id, time, view) values (?, ?, ?, ?, ?, ?, ?, ?, ?, ?, ?, ?, ?, ?, ?, ?)
make question 7117
Hibernate: insert into question (answer, choice1, choice2, choice3, choice4, choice5, content, correct, create_date, filepath, modify_date, score, subject, teacher_id, time, view) values (?, ?, ?, ?, ?, ?, ?, ?, ?, ?, ?, ?, ?, ?, ?, ?)
make question 7118
Hibernate: insert into question (answer, choice1, choice2, choice3, choice4, choice5, content, correct, create_date, filepath, modify_date, score, subject, teacher_id, time, view) values (?, ?, ?, ?, ?, ?, ?, ?, ?, ?, ?, ?, ?, ?, ?, ?)
make question 7119
Hibernate: insert into question (answer, choice1, choice2, choice3, choice4, choice5, content, correct, create_date, filepath, modify_date, score, subject, teacher_id, time, view) values (?, ?, ?, ?, ?, ?, ?, ?, ?, ?, ?, ?, ?, ?, ?, ?)
make question 7120
Hibernate: insert into question (answer, choice1, choice2, choice3, choice4, choice5, content, correct, create_date, filepath, modify_date, score, subject, teacher_id, time, view) values (?, ?, ?, ?, ?, ?, ?, ?, ?, ?, ?, ?, ?, ?, ?, ?)
make question 7121
Hibernate: insert into question (answer, choice1, choice2, choice3, choice4, choice5, content, correct, create_date, filepath, modify_date, score, subject, teacher_id, time, view) values (?, ?, ?, ?, ?, ?, ?, ?, ?, ?, ?, ?, ?, ?, ?, ?)
make question 7122
Hibernate: insert into question (answer, choice1, choice2, choice3, choice4, choice5, content, correct, create_date, filepath, modify_date, score, subject, teacher_id, time, view) values (?, ?, ?, ?, ?, ?, ?, ?, ?, ?, ?, ?, ?, ?, ?, ?)
make question 7123
Hibernate: insert into question (answer, choice1, choice2, choice3, choice4, choice5, content, correct, create_date, filepath, modify_date, score, subject, teacher_id, time, view) values (?, ?, ?, ?, ?, ?, ?, ?, ?, ?, ?, ?, ?, ?, ?, ?)
make question 7124
Hibernate: insert into question (answer, choice1, choice2, choice3, choice4, choice5, content, correct, create_date, filepath, modify_date, score, subject, teacher_id, time, view) values (?, ?, ?, ?, ?, ?, ?, ?, ?, ?, ?, ?, ?, ?, ?, ?)
make question 7125
Hibernate: insert into question (answer, choice1, choice2, choice3, choice4, choice5, content, correct, create_date, filepath, modify_date, score, subject, teacher_id, time, view) values (?, ?, ?, ?, ?, ?, ?, ?, ?, ?, ?, ?, ?, ?, ?, ?)
make question 7126
Hibernate: insert into question (answer, choice1, choice2, choice3, choice4, choice5, content, correct, create_date, filepath, modify_date, score, subject, teacher_id, time, view) values (?, ?, ?, ?, ?, ?, ?, ?, ?, ?, ?, ?, ?, ?, ?, ?)
make question 7127
Hibernate: insert into question (answer, choice1, choice2, choice3, choice4, choice5, content, correct, create_date, filepath, modify_date, score, subject, teacher_id, time, view) values (?, ?, ?, ?, ?, ?, ?, ?, ?, ?, ?, ?, ?, ?, ?, ?)
make question 7128
Hibernate: insert into question (answer, choice1, choice2, choice3, choice4, choice5, content, correct, create_date, filepath, modify_date, score, subject, teacher_id, time, view) values (?, ?, ?, ?, ?, ?, ?, ?, ?, ?, ?, ?, ?, ?, ?, ?)
make question 7129
Hibernate: insert into question (answer, choice1, choice2, choice3, choice4, choice5, content, correct, create_date, filepath, modify_date, score, subject, teacher_id, time, view) values (?, ?, ?, ?, ?, ?, ?, ?, ?, ?, ?, ?, ?, ?, ?, ?)
make question 7130
Hibernate: insert into question (answer, choice1, choice2, choice3, choice4, choice5, content, correct, create_date, filepath, modify_date, score, subject, teacher_id, time, view) values (?, ?, ?, ?, ?, ?, ?, ?, ?, ?, ?, ?, ?, ?, ?, ?)
make question 7131
Hibernate: insert into question (answer, choice1, choice2, choice3, choice4, choice5, content, correct, create_date, filepath, modify_date, score, subject, teacher_id, time, view) values (?, ?, ?, ?, ?, ?, ?, ?, ?, ?, ?, ?, ?, ?, ?, ?)
make question 7132
Hibernate: insert into question (answer, choice1, choice2, choice3, choice4, choice5, content, correct, create_date, filepath, modify_date, score, subject, teacher_id, time, view) values (?, ?, ?, ?, ?, ?, ?, ?, ?, ?, ?, ?, ?, ?, ?, ?)
make question 7133
Hibernate: insert into question (answer, choice1, choice2, choice3, choice4, choice5, content, correct, create_date, filepath, modify_date, score, subject, teacher_id, time, view) values (?, ?, ?, ?, ?, ?, ?, ?, ?, ?, ?, ?, ?, ?, ?, ?)
make question 7134
Hibernate: insert into question (answer, choice1, choice2, choice3, choice4, choice5, content, correct, create_date, filepath, modify_date, score, subject, teacher_id, time, view) values (?, ?, ?, ?, ?, ?, ?, ?, ?, ?, ?, ?, ?, ?, ?, ?)
make question 7135
Hibernate: insert into question (answer, choice1, choice2, choice3, choice4, choice5, content, correct, create_date, filepath, modify_date, score, subject, teacher_id, time, view) values (?, ?, ?, ?, ?, ?, ?, ?, ?, ?, ?, ?, ?, ?, ?, ?)
make question 7136
Hibernate: insert into question (answer, choice1, choice2, choice3, choice4, choice5, content, correct, create_date, filepath, modify_date, score, subject, teacher_id, time, view) values (?, ?, ?, ?, ?, ?, ?, ?, ?, ?, ?, ?, ?, ?, ?, ?)
make question 7137
Hibernate: insert into question (answer, choice1, choice2, choice3, choice4, choice5, content, correct, create_date, filepath, modify_date, score, subject, teacher_id, time, view) values (?, ?, ?, ?, ?, ?, ?, ?, ?, ?, ?, ?, ?, ?, ?, ?)
make question 7138
Hibernate: insert into question (answer, choice1, choice2, choice3, choice4, choice5, content, correct, create_date, filepath, modify_date, score, subject, teacher_id, time, view) values (?, ?, ?, ?, ?, ?, ?, ?, ?, ?, ?, ?, ?, ?, ?, ?)
make question 7139
Hibernate: insert into question (answer, choice1, choice2, choice3, choice4, choice5, content, correct, create_date, filepath, modify_date, score, subject, teacher_id, time, view) values (?, ?, ?, ?, ?, ?, ?, ?, ?, ?, ?, ?, ?, ?, ?, ?)
make question 7140
Hibernate: insert into question (answer, choice1, choice2, choice3, choice4, choice5, content, correct, create_date, filepath, modify_date, score, subject, teacher_id, time, view) values (?, ?, ?, ?, ?, ?, ?, ?, ?, ?, ?, ?, ?, ?, ?, ?)
make question 7141
Hibernate: insert into question (answer, choice1, choice2, choice3, choice4, choice5, content, correct, create_date, filepath, modify_date, score, subject, teacher_id, time, view) values (?, ?, ?, ?, ?, ?, ?, ?, ?, ?, ?, ?, ?, ?, ?, ?)
make question 7142
Hibernate: insert into question (answer, choice1, choice2, choice3, choice4, choice5, content, correct, create_date, filepath, modify_date, score, subject, teacher_id, time, view) values (?, ?, ?, ?, ?, ?, ?, ?, ?, ?, ?, ?, ?, ?, ?, ?)
make question 7143
Hibernate: insert into question (answer, choice1, choice2, choice3, choice4, choice5, content, correct, create_date, filepath, modify_date, score, subject, teacher_id, time, view) values (?, ?, ?, ?, ?, ?, ?, ?, ?, ?, ?, ?, ?, ?, ?, ?)
make question 7144
Hibernate: insert into question (answer, choice1, choice2, choice3, choice4, choice5, content, correct, create_date, filepath, modify_date, score, subject, teacher_id, time, view) values (?, ?, ?, ?, ?, ?, ?, ?, ?, ?, ?, ?, ?, ?, ?, ?)
make question 7145
Hibernate: insert into question (answer, choice1, choice2, choice3, choice4, choice5, content, correct, create_date, filepath, modify_date, score, subject, teacher_id, time, view) values (?, ?, ?, ?, ?, ?, ?, ?, ?, ?, ?, ?, ?, ?, ?, ?)
make question 7146
Hibernate: insert into question (answer, choice1, choice2, choice3, choice4, choice5, content, correct, create_date, filepath, modify_date, score, subject, teacher_id, time, view) values (?, ?, ?, ?, ?, ?, ?, ?, ?, ?, ?, ?, ?, ?, ?, ?)
make question 7147
Hibernate: insert into question (answer, choice1, choice2, choice3, choice4, choice5, content, correct, create_date, filepath, modify_date, score, subject, teacher_id, time, view) values (?, ?, ?, ?, ?, ?, ?, ?, ?, ?, ?, ?, ?, ?, ?, ?)
make question 7148
Hibernate: insert into question (answer, choice1, choice2, choice3, choice4, choice5, content, correct, create_date, filepath, modify_date, score, subject, teacher_id, time, view) values (?, ?, ?, ?, ?, ?, ?, ?, ?, ?, ?, ?, ?, ?, ?, ?)
make question 7149
Hibernate: insert into question (answer, choice1, choice2, choice3, choice4, choice5, content, correct, create_date, filepath, modify_date, score, subject, teacher_id, time, view) values (?, ?, ?, ?, ?, ?, ?, ?, ?, ?, ?, ?, ?, ?, ?, ?)
make question 7150
Hibernate: insert into question (answer, choice1, choice2, choice3, choice4, choice5, content, correct, create_date, filepath, modify_date, score, subject, teacher_id, time, view) values (?, ?, ?, ?, ?, ?, ?, ?, ?, ?, ?, ?, ?, ?, ?, ?)
make question 7151
Hibernate: insert into question (answer, choice1, choice2, choice3, choice4, choice5, content, correct, create_date, filepath, modify_date, score, subject, teacher_id, time, view) values (?, ?, ?, ?, ?, ?, ?, ?, ?, ?, ?, ?, ?, ?, ?, ?)
make question 7152
Hibernate: insert into question (answer, choice1, choice2, choice3, choice4, choice5, content, correct, create_date, filepath, modify_date, score, subject, teacher_id, time, view) values (?, ?, ?, ?, ?, ?, ?, ?, ?, ?, ?, ?, ?, ?, ?, ?)
make question 7153
Hibernate: insert into question (answer, choice1, choice2, choice3, choice4, choice5, content, correct, create_date, filepath, modify_date, score, subject, teacher_id, time, view) values (?, ?, ?, ?, ?, ?, ?, ?, ?, ?, ?, ?, ?, ?, ?, ?)
make question 7154
Hibernate: insert into question (answer, choice1, choice2, choice3, choice4, choice5, content, correct, create_date, filepath, modify_date, score, subject, teacher_id, time, view) values (?, ?, ?, ?, ?, ?, ?, ?, ?, ?, ?, ?, ?, ?, ?, ?)
make question 7155
Hibernate: insert into question (answer, choice1, choice2, choice3, choice4, choice5, content, correct, create_date, filepath, modify_date, score, subject, teacher_id, time, view) values (?, ?, ?, ?, ?, ?, ?, ?, ?, ?, ?, ?, ?, ?, ?, ?)
make question 7156
Hibernate: insert into question (answer, choice1, choice2, choice3, choice4, choice5, content, correct, create_date, filepath, modify_date, score, subject, teacher_id, time, view) values (?, ?, ?, ?, ?, ?, ?, ?, ?, ?, ?, ?, ?, ?, ?, ?)
make question 7157
Hibernate: insert into question (answer, choice1, choice2, choice3, choice4, choice5, content, correct, create_date, filepath, modify_date, score, subject, teacher_id, time, view) values (?, ?, ?, ?, ?, ?, ?, ?, ?, ?, ?, ?, ?, ?, ?, ?)
make question 7158
Hibernate: insert into question (answer, choice1, choice2, choice3, choice4, choice5, content, correct, create_date, filepath, modify_date, score, subject, teacher_id, time, view) values (?, ?, ?, ?, ?, ?, ?, ?, ?, ?, ?, ?, ?, ?, ?, ?)
make question 7159
Hibernate: insert into question (answer, choice1, choice2, choice3, choice4, choice5, content, correct, create_date, filepath, modify_date, score, subject, teacher_id, time, view) values (?, ?, ?, ?, ?, ?, ?, ?, ?, ?, ?, ?, ?, ?, ?, ?)
make question 7160
Hibernate: insert into question (answer, choice1, choice2, choice3, choice4, choice5, content, correct, create_date, filepath, modify_date, score, subject, teacher_id, time, view) values (?, ?, ?, ?, ?, ?, ?, ?, ?, ?, ?, ?, ?, ?, ?, ?)
make question 7161
Hibernate: insert into question (answer, choice1, choice2, choice3, choice4, choice5, content, correct, create_date, filepath, modify_date, score, subject, teacher_id, time, view) values (?, ?, ?, ?, ?, ?, ?, ?, ?, ?, ?, ?, ?, ?, ?, ?)
make question 7162
Hibernate: insert into question (answer, choice1, choice2, choice3, choice4, choice5, content, correct, create_date, filepath, modify_date, score, subject, teacher_id, time, view) values (?, ?, ?, ?, ?, ?, ?, ?, ?, ?, ?, ?, ?, ?, ?, ?)
make question 7163
Hibernate: insert into question (answer, choice1, choice2, choice3, choice4, choice5, content, correct, create_date, filepath, modify_date, score, subject, teacher_id, time, view) values (?, ?, ?, ?, ?, ?, ?, ?, ?, ?, ?, ?, ?, ?, ?, ?)
make question 7164
Hibernate: insert into question (answer, choice1, choice2, choice3, choice4, choice5, content, correct, create_date, filepath, modify_date, score, subject, teacher_id, time, view) values (?, ?, ?, ?, ?, ?, ?, ?, ?, ?, ?, ?, ?, ?, ?, ?)
make question 7165
Hibernate: insert into question (answer, choice1, choice2, choice3, choice4, choice5, content, correct, create_date, filepath, modify_date, score, subject, teacher_id, time, view) values (?, ?, ?, ?, ?, ?, ?, ?, ?, ?, ?, ?, ?, ?, ?, ?)
make question 7166
Hibernate: insert into question (answer, choice1, choice2, choice3, choice4, choice5, content, correct, create_date, filepath, modify_date, score, subject, teacher_id, time, view) values (?, ?, ?, ?, ?, ?, ?, ?, ?, ?, ?, ?, ?, ?, ?, ?)
make question 7167
Hibernate: insert into question (answer, choice1, choice2, choice3, choice4, choice5, content, correct, create_date, filepath, modify_date, score, subject, teacher_id, time, view) values (?, ?, ?, ?, ?, ?, ?, ?, ?, ?, ?, ?, ?, ?, ?, ?)
make question 7168
Hibernate: insert into question (answer, choice1, choice2, choice3, choice4, choice5, content, correct, create_date, filepath, modify_date, score, subject, teacher_id, time, view) values (?, ?, ?, ?, ?, ?, ?, ?, ?, ?, ?, ?, ?, ?, ?, ?)
make question 7169
Hibernate: insert into question (answer, choice1, choice2, choice3, choice4, choice5, content, correct, create_date, filepath, modify_date, score, subject, teacher_id, time, view) values (?, ?, ?, ?, ?, ?, ?, ?, ?, ?, ?, ?, ?, ?, ?, ?)
make question 7170
Hibernate: insert into question (answer, choice1, choice2, choice3, choice4, choice5, content, correct, create_date, filepath, modify_date, score, subject, teacher_id, time, view) values (?, ?, ?, ?, ?, ?, ?, ?, ?, ?, ?, ?, ?, ?, ?, ?)
make question 7171
Hibernate: insert into question (answer, choice1, choice2, choice3, choice4, choice5, content, correct, create_date, filepath, modify_date, score, subject, teacher_id, time, view) values (?, ?, ?, ?, ?, ?, ?, ?, ?, ?, ?, ?, ?, ?, ?, ?)
make question 7172
Hibernate: insert into question (answer, choice1, choice2, choice3, choice4, choice5, content, correct, create_date, filepath, modify_date, score, subject, teacher_id, time, view) values (?, ?, ?, ?, ?, ?, ?, ?, ?, ?, ?, ?, ?, ?, ?, ?)
make question 7173
Hibernate: insert into question (answer, choice1, choice2, choice3, choice4, choice5, content, correct, create_date, filepath, modify_date, score, subject, teacher_id, time, view) values (?, ?, ?, ?, ?, ?, ?, ?, ?, ?, ?, ?, ?, ?, ?, ?)
make question 7174
Hibernate: insert into question (answer, choice1, choice2, choice3, choice4, choice5, content, correct, create_date, filepath, modify_date, score, subject, teacher_id, time, view) values (?, ?, ?, ?, ?, ?, ?, ?, ?, ?, ?, ?, ?, ?, ?, ?)
make question 7175
Hibernate: insert into question (answer, choice1, choice2, choice3, choice4, choice5, content, correct, create_date, filepath, modify_date, score, subject, teacher_id, time, view) values (?, ?, ?, ?, ?, ?, ?, ?, ?, ?, ?, ?, ?, ?, ?, ?)
make question 7176
Hibernate: insert into question (answer, choice1, choice2, choice3, choice4, choice5, content, correct, create_date, filepath, modify_date, score, subject, teacher_id, time, view) values (?, ?, ?, ?, ?, ?, ?, ?, ?, ?, ?, ?, ?, ?, ?, ?)
make question 7177
Hibernate: insert into question (answer, choice1, choice2, choice3, choice4, choice5, content, correct, create_date, filepath, modify_date, score, subject, teacher_id, time, view) values (?, ?, ?, ?, ?, ?, ?, ?, ?, ?, ?, ?, ?, ?, ?, ?)
make question 7178
Hibernate: insert into question (answer, choice1, choice2, choice3, choice4, choice5, content, correct, create_date, filepath, modify_date, score, subject, teacher_id, time, view) values (?, ?, ?, ?, ?, ?, ?, ?, ?, ?, ?, ?, ?, ?, ?, ?)
make question 7179
Hibernate: insert into question (answer, choice1, choice2, choice3, choice4, choice5, content, correct, create_date, filepath, modify_date, score, subject, teacher_id, time, view) values (?, ?, ?, ?, ?, ?, ?, ?, ?, ?, ?, ?, ?, ?, ?, ?)
make question 7180
Hibernate: insert into question (answer, choice1, choice2, choice3, choice4, choice5, content, correct, create_date, filepath, modify_date, score, subject, teacher_id, time, view) values (?, ?, ?, ?, ?, ?, ?, ?, ?, ?, ?, ?, ?, ?, ?, ?)
make question 7181
Hibernate: insert into question (answer, choice1, choice2, choice3, choice4, choice5, content, correct, create_date, filepath, modify_date, score, subject, teacher_id, time, view) values (?, ?, ?, ?, ?, ?, ?, ?, ?, ?, ?, ?, ?, ?, ?, ?)
make question 7182
Hibernate: insert into question (answer, choice1, choice2, choice3, choice4, choice5, content, correct, create_date, filepath, modify_date, score, subject, teacher_id, time, view) values (?, ?, ?, ?, ?, ?, ?, ?, ?, ?, ?, ?, ?, ?, ?, ?)
make question 7183
Hibernate: insert into question (answer, choice1, choice2, choice3, choice4, choice5, content, correct, create_date, filepath, modify_date, score, subject, teacher_id, time, view) values (?, ?, ?, ?, ?, ?, ?, ?, ?, ?, ?, ?, ?, ?, ?, ?)
make question 7184
Hibernate: insert into question (answer, choice1, choice2, choice3, choice4, choice5, content, correct, create_date, filepath, modify_date, score, subject, teacher_id, time, view) values (?, ?, ?, ?, ?, ?, ?, ?, ?, ?, ?, ?, ?, ?, ?, ?)
make question 7185
Hibernate: insert into question (answer, choice1, choice2, choice3, choice4, choice5, content, correct, create_date, filepath, modify_date, score, subject, teacher_id, time, view) values (?, ?, ?, ?, ?, ?, ?, ?, ?, ?, ?, ?, ?, ?, ?, ?)
make question 7186
Hibernate: insert into question (answer, choice1, choice2, choice3, choice4, choice5, content, correct, create_date, filepath, modify_date, score, subject, teacher_id, time, view) values (?, ?, ?, ?, ?, ?, ?, ?, ?, ?, ?, ?, ?, ?, ?, ?)
make question 7187
Hibernate: insert into question (answer, choice1, choice2, choice3, choice4, choice5, content, correct, create_date, filepath, modify_date, score, subject, teacher_id, time, view) values (?, ?, ?, ?, ?, ?, ?, ?, ?, ?, ?, ?, ?, ?, ?, ?)
make question 7188
Hibernate: insert into question (answer, choice1, choice2, choice3, choice4, choice5, content, correct, create_date, filepath, modify_date, score, subject, teacher_id, time, view) values (?, ?, ?, ?, ?, ?, ?, ?, ?, ?, ?, ?, ?, ?, ?, ?)
make question 7189
Hibernate: insert into question (answer, choice1, choice2, choice3, choice4, choice5, content, correct, create_date, filepath, modify_date, score, subject, teacher_id, time, view) values (?, ?, ?, ?, ?, ?, ?, ?, ?, ?, ?, ?, ?, ?, ?, ?)
make question 7190
Hibernate: insert into question (answer, choice1, choice2, choice3, choice4, choice5, content, correct, create_date, filepath, modify_date, score, subject, teacher_id, time, view) values (?, ?, ?, ?, ?, ?, ?, ?, ?, ?, ?, ?, ?, ?, ?, ?)
make question 7191
Hibernate: insert into question (answer, choice1, choice2, choice3, choice4, choice5, content, correct, create_date, filepath, modify_date, score, subject, teacher_id, time, view) values (?, ?, ?, ?, ?, ?, ?, ?, ?, ?, ?, ?, ?, ?, ?, ?)
make question 7192
Hibernate: insert into question (answer, choice1, choice2, choice3, choice4, choice5, content, correct, create_date, filepath, modify_date, score, subject, teacher_id, time, view) values (?, ?, ?, ?, ?, ?, ?, ?, ?, ?, ?, ?, ?, ?, ?, ?)
make question 7193
Hibernate: insert into question (answer, choice1, choice2, choice3, choice4, choice5, content, correct, create_date, filepath, modify_date, score, subject, teacher_id, time, view) values (?, ?, ?, ?, ?, ?, ?, ?, ?, ?, ?, ?, ?, ?, ?, ?)
make question 7194
Hibernate: insert into question (answer, choice1, choice2, choice3, choice4, choice5, content, correct, create_date, filepath, modify_date, score, subject, teacher_id, time, view) values (?, ?, ?, ?, ?, ?, ?, ?, ?, ?, ?, ?, ?, ?, ?, ?)
make question 7195
Hibernate: insert into question (answer, choice1, choice2, choice3, choice4, choice5, content, correct, create_date, filepath, modify_date, score, subject, teacher_id, time, view) values (?, ?, ?, ?, ?, ?, ?, ?, ?, ?, ?, ?, ?, ?, ?, ?)
make question 7196
Hibernate: insert into question (answer, choice1, choice2, choice3, choice4, choice5, content, correct, create_date, filepath, modify_date, score, subject, teacher_id, time, view) values (?, ?, ?, ?, ?, ?, ?, ?, ?, ?, ?, ?, ?, ?, ?, ?)
make question 7197
Hibernate: insert into question (answer, choice1, choice2, choice3, choice4, choice5, content, correct, create_date, filepath, modify_date, score, subject, teacher_id, time, view) values (?, ?, ?, ?, ?, ?, ?, ?, ?, ?, ?, ?, ?, ?, ?, ?)
make question 7198
Hibernate: insert into question (answer, choice1, choice2, choice3, choice4, choice5, content, correct, create_date, filepath, modify_date, score, subject, teacher_id, time, view) values (?, ?, ?, ?, ?, ?, ?, ?, ?, ?, ?, ?, ?, ?, ?, ?)
make question 7199
Hibernate: insert into question (answer, choice1, choice2, choice3, choice4, choice5, content, correct, create_date, filepath, modify_date, score, subject, teacher_id, time, view) values (?, ?, ?, ?, ?, ?, ?, ?, ?, ?, ?, ?, ?, ?, ?, ?)
make question 7200
Hibernate: insert into question (answer, choice1, choice2, choice3, choice4, choice5, content, correct, create_date, filepath, modify_date, score, subject, teacher_id, time, view) values (?, ?, ?, ?, ?, ?, ?, ?, ?, ?, ?, ?, ?, ?, ?, ?)
make question 7201
Hibernate: insert into question (answer, choice1, choice2, choice3, choice4, choice5, content, correct, create_date, filepath, modify_date, score, subject, teacher_id, time, view) values (?, ?, ?, ?, ?, ?, ?, ?, ?, ?, ?, ?, ?, ?, ?, ?)
make question 7202
Hibernate: insert into question (answer, choice1, choice2, choice3, choice4, choice5, content, correct, create_date, filepath, modify_date, score, subject, teacher_id, time, view) values (?, ?, ?, ?, ?, ?, ?, ?, ?, ?, ?, ?, ?, ?, ?, ?)
make question 7203
Hibernate: insert into question (answer, choice1, choice2, choice3, choice4, choice5, content, correct, create_date, filepath, modify_date, score, subject, teacher_id, time, view) values (?, ?, ?, ?, ?, ?, ?, ?, ?, ?, ?, ?, ?, ?, ?, ?)
make question 7204
Hibernate: insert into question (answer, choice1, choice2, choice3, choice4, choice5, content, correct, create_date, filepath, modify_date, score, subject, teacher_id, time, view) values (?, ?, ?, ?, ?, ?, ?, ?, ?, ?, ?, ?, ?, ?, ?, ?)
make question 7205
Hibernate: insert into question (answer, choice1, choice2, choice3, choice4, choice5, content, correct, create_date, filepath, modify_date, score, subject, teacher_id, time, view) values (?, ?, ?, ?, ?, ?, ?, ?, ?, ?, ?, ?, ?, ?, ?, ?)
make question 7206
Hibernate: insert into question (answer, choice1, choice2, choice3, choice4, choice5, content, correct, create_date, filepath, modify_date, score, subject, teacher_id, time, view) values (?, ?, ?, ?, ?, ?, ?, ?, ?, ?, ?, ?, ?, ?, ?, ?)
make question 7207
Hibernate: insert into question (answer, choice1, choice2, choice3, choice4, choice5, content, correct, create_date, filepath, modify_date, score, subject, teacher_id, time, view) values (?, ?, ?, ?, ?, ?, ?, ?, ?, ?, ?, ?, ?, ?, ?, ?)
make question 7208
Hibernate: insert into question (answer, choice1, choice2, choice3, choice4, choice5, content, correct, create_date, filepath, modify_date, score, subject, teacher_id, time, view) values (?, ?, ?, ?, ?, ?, ?, ?, ?, ?, ?, ?, ?, ?, ?, ?)
make question 7209
Hibernate: insert into question (answer, choice1, choice2, choice3, choice4, choice5, content, correct, create_date, filepath, modify_date, score, subject, teacher_id, time, view) values (?, ?, ?, ?, ?, ?, ?, ?, ?, ?, ?, ?, ?, ?, ?, ?)
make question 7210
Hibernate: insert into question (answer, choice1, choice2, choice3, choice4, choice5, content, correct, create_date, filepath, modify_date, score, subject, teacher_id, time, view) values (?, ?, ?, ?, ?, ?, ?, ?, ?, ?, ?, ?, ?, ?, ?, ?)
make question 7211
Hibernate: insert into question (answer, choice1, choice2, choice3, choice4, choice5, content, correct, create_date, filepath, modify_date, score, subject, teacher_id, time, view) values (?, ?, ?, ?, ?, ?, ?, ?, ?, ?, ?, ?, ?, ?, ?, ?)
make question 7212
Hibernate: insert into question (answer, choice1, choice2, choice3, choice4, choice5, content, correct, create_date, filepath, modify_date, score, subject, teacher_id, time, view) values (?, ?, ?, ?, ?, ?, ?, ?, ?, ?, ?, ?, ?, ?, ?, ?)
make question 7213
Hibernate: insert into question (answer, choice1, choice2, choice3, choice4, choice5, content, correct, create_date, filepath, modify_date, score, subject, teacher_id, time, view) values (?, ?, ?, ?, ?, ?, ?, ?, ?, ?, ?, ?, ?, ?, ?, ?)
make question 7214
Hibernate: insert into question (answer, choice1, choice2, choice3, choice4, choice5, content, correct, create_date, filepath, modify_date, score, subject, teacher_id, time, view) values (?, ?, ?, ?, ?, ?, ?, ?, ?, ?, ?, ?, ?, ?, ?, ?)
make question 7215
Hibernate: insert into question (answer, choice1, choice2, choice3, choice4, choice5, content, correct, create_date, filepath, modify_date, score, subject, teacher_id, time, view) values (?, ?, ?, ?, ?, ?, ?, ?, ?, ?, ?, ?, ?, ?, ?, ?)
make question 7216
Hibernate: insert into question (answer, choice1, choice2, choice3, choice4, choice5, content, correct, create_date, filepath, modify_date, score, subject, teacher_id, time, view) values (?, ?, ?, ?, ?, ?, ?, ?, ?, ?, ?, ?, ?, ?, ?, ?)
make question 7217
Hibernate: insert into question (answer, choice1, choice2, choice3, choice4, choice5, content, correct, create_date, filepath, modify_date, score, subject, teacher_id, time, view) values (?, ?, ?, ?, ?, ?, ?, ?, ?, ?, ?, ?, ?, ?, ?, ?)
make question 7218
Hibernate: insert into question (answer, choice1, choice2, choice3, choice4, choice5, content, correct, create_date, filepath, modify_date, score, subject, teacher_id, time, view) values (?, ?, ?, ?, ?, ?, ?, ?, ?, ?, ?, ?, ?, ?, ?, ?)
make question 7219
Hibernate: insert into question (answer, choice1, choice2, choice3, choice4, choice5, content, correct, create_date, filepath, modify_date, score, subject, teacher_id, time, view) values (?, ?, ?, ?, ?, ?, ?, ?, ?, ?, ?, ?, ?, ?, ?, ?)
make question 7220
Hibernate: insert into question (answer, choice1, choice2, choice3, choice4, choice5, content, correct, create_date, filepath, modify_date, score, subject, teacher_id, time, view) values (?, ?, ?, ?, ?, ?, ?, ?, ?, ?, ?, ?, ?, ?, ?, ?)
make question 7221
Hibernate: insert into question (answer, choice1, choice2, choice3, choice4, choice5, content, correct, create_date, filepath, modify_date, score, subject, teacher_id, time, view) values (?, ?, ?, ?, ?, ?, ?, ?, ?, ?, ?, ?, ?, ?, ?, ?)
make question 7222
Hibernate: insert into question (answer, choice1, choice2, choice3, choice4, choice5, content, correct, create_date, filepath, modify_date, score, subject, teacher_id, time, view) values (?, ?, ?, ?, ?, ?, ?, ?, ?, ?, ?, ?, ?, ?, ?, ?)
make question 7223
Hibernate: insert into question (answer, choice1, choice2, choice3, choice4, choice5, content, correct, create_date, filepath, modify_date, score, subject, teacher_id, time, view) values (?, ?, ?, ?, ?, ?, ?, ?, ?, ?, ?, ?, ?, ?, ?, ?)
make question 7224
Hibernate: insert into question (answer, choice1, choice2, choice3, choice4, choice5, content, correct, create_date, filepath, modify_date, score, subject, teacher_id, time, view) values (?, ?, ?, ?, ?, ?, ?, ?, ?, ?, ?, ?, ?, ?, ?, ?)
make question 7225
Hibernate: insert into question (answer, choice1, choice2, choice3, choice4, choice5, content, correct, create_date, filepath, modify_date, score, subject, teacher_id, time, view) values (?, ?, ?, ?, ?, ?, ?, ?, ?, ?, ?, ?, ?, ?, ?, ?)
make question 7226
Hibernate: insert into question (answer, choice1, choice2, choice3, choice4, choice5, content, correct, create_date, filepath, modify_date, score, subject, teacher_id, time, view) values (?, ?, ?, ?, ?, ?, ?, ?, ?, ?, ?, ?, ?, ?, ?, ?)
make question 7227
Hibernate: insert into question (answer, choice1, choice2, choice3, choice4, choice5, content, correct, create_date, filepath, modify_date, score, subject, teacher_id, time, view) values (?, ?, ?, ?, ?, ?, ?, ?, ?, ?, ?, ?, ?, ?, ?, ?)
make question 7228
Hibernate: insert into question (answer, choice1, choice2, choice3, choice4, choice5, content, correct, create_date, filepath, modify_date, score, subject, teacher_id, time, view) values (?, ?, ?, ?, ?, ?, ?, ?, ?, ?, ?, ?, ?, ?, ?, ?)
make question 7229
Hibernate: insert into question (answer, choice1, choice2, choice3, choice4, choice5, content, correct, create_date, filepath, modify_date, score, subject, teacher_id, time, view) values (?, ?, ?, ?, ?, ?, ?, ?, ?, ?, ?, ?, ?, ?, ?, ?)
make question 7230
Hibernate: insert into question (answer, choice1, choice2, choice3, choice4, choice5, content, correct, create_date, filepath, modify_date, score, subject, teacher_id, time, view) values (?, ?, ?, ?, ?, ?, ?, ?, ?, ?, ?, ?, ?, ?, ?, ?)
make question 7231
Hibernate: insert into question (answer, choice1, choice2, choice3, choice4, choice5, content, correct, create_date, filepath, modify_date, score, subject, teacher_id, time, view) values (?, ?, ?, ?, ?, ?, ?, ?, ?, ?, ?, ?, ?, ?, ?, ?)
make question 7232
Hibernate: insert into question (answer, choice1, choice2, choice3, choice4, choice5, content, correct, create_date, filepath, modify_date, score, subject, teacher_id, time, view) values (?, ?, ?, ?, ?, ?, ?, ?, ?, ?, ?, ?, ?, ?, ?, ?)
make question 7233
Hibernate: insert into question (answer, choice1, choice2, choice3, choice4, choice5, content, correct, create_date, filepath, modify_date, score, subject, teacher_id, time, view) values (?, ?, ?, ?, ?, ?, ?, ?, ?, ?, ?, ?, ?, ?, ?, ?)
make question 7234
Hibernate: insert into question (answer, choice1, choice2, choice3, choice4, choice5, content, correct, create_date, filepath, modify_date, score, subject, teacher_id, time, view) values (?, ?, ?, ?, ?, ?, ?, ?, ?, ?, ?, ?, ?, ?, ?, ?)
make question 7235
Hibernate: insert into question (answer, choice1, choice2, choice3, choice4, choice5, content, correct, create_date, filepath, modify_date, score, subject, teacher_id, time, view) values (?, ?, ?, ?, ?, ?, ?, ?, ?, ?, ?, ?, ?, ?, ?, ?)
make question 7236
Hibernate: insert into question (answer, choice1, choice2, choice3, choice4, choice5, content, correct, create_date, filepath, modify_date, score, subject, teacher_id, time, view) values (?, ?, ?, ?, ?, ?, ?, ?, ?, ?, ?, ?, ?, ?, ?, ?)
make question 7237
Hibernate: insert into question (answer, choice1, choice2, choice3, choice4, choice5, content, correct, create_date, filepath, modify_date, score, subject, teacher_id, time, view) values (?, ?, ?, ?, ?, ?, ?, ?, ?, ?, ?, ?, ?, ?, ?, ?)
make question 7238
Hibernate: insert into question (answer, choice1, choice2, choice3, choice4, choice5, content, correct, create_date, filepath, modify_date, score, subject, teacher_id, time, view) values (?, ?, ?, ?, ?, ?, ?, ?, ?, ?, ?, ?, ?, ?, ?, ?)
make question 7239
Hibernate: insert into question (answer, choice1, choice2, choice3, choice4, choice5, content, correct, create_date, filepath, modify_date, score, subject, teacher_id, time, view) values (?, ?, ?, ?, ?, ?, ?, ?, ?, ?, ?, ?, ?, ?, ?, ?)
make question 7240
Hibernate: insert into question (answer, choice1, choice2, choice3, choice4, choice5, content, correct, create_date, filepath, modify_date, score, subject, teacher_id, time, view) values (?, ?, ?, ?, ?, ?, ?, ?, ?, ?, ?, ?, ?, ?, ?, ?)
make question 7241
Hibernate: insert into question (answer, choice1, choice2, choice3, choice4, choice5, content, correct, create_date, filepath, modify_date, score, subject, teacher_id, time, view) values (?, ?, ?, ?, ?, ?, ?, ?, ?, ?, ?, ?, ?, ?, ?, ?)
make question 7242
Hibernate: insert into question (answer, choice1, choice2, choice3, choice4, choice5, content, correct, create_date, filepath, modify_date, score, subject, teacher_id, time, view) values (?, ?, ?, ?, ?, ?, ?, ?, ?, ?, ?, ?, ?, ?, ?, ?)
make question 7243
Hibernate: insert into question (answer, choice1, choice2, choice3, choice4, choice5, content, correct, create_date, filepath, modify_date, score, subject, teacher_id, time, view) values (?, ?, ?, ?, ?, ?, ?, ?, ?, ?, ?, ?, ?, ?, ?, ?)
make question 7244
Hibernate: insert into question (answer, choice1, choice2, choice3, choice4, choice5, content, correct, create_date, filepath, modify_date, score, subject, teacher_id, time, view) values (?, ?, ?, ?, ?, ?, ?, ?, ?, ?, ?, ?, ?, ?, ?, ?)
make question 7245
Hibernate: insert into question (answer, choice1, choice2, choice3, choice4, choice5, content, correct, create_date, filepath, modify_date, score, subject, teacher_id, time, view) values (?, ?, ?, ?, ?, ?, ?, ?, ?, ?, ?, ?, ?, ?, ?, ?)
make question 7246
Hibernate: insert into question (answer, choice1, choice2, choice3, choice4, choice5, content, correct, create_date, filepath, modify_date, score, subject, teacher_id, time, view) values (?, ?, ?, ?, ?, ?, ?, ?, ?, ?, ?, ?, ?, ?, ?, ?)
make question 7247
Hibernate: insert into question (answer, choice1, choice2, choice3, choice4, choice5, content, correct, create_date, filepath, modify_date, score, subject, teacher_id, time, view) values (?, ?, ?, ?, ?, ?, ?, ?, ?, ?, ?, ?, ?, ?, ?, ?)
make question 7248
Hibernate: insert into question (answer, choice1, choice2, choice3, choice4, choice5, content, correct, create_date, filepath, modify_date, score, subject, teacher_id, time, view) values (?, ?, ?, ?, ?, ?, ?, ?, ?, ?, ?, ?, ?, ?, ?, ?)
make question 7249
Hibernate: insert into question (answer, choice1, choice2, choice3, choice4, choice5, content, correct, create_date, filepath, modify_date, score, subject, teacher_id, time, view) values (?, ?, ?, ?, ?, ?, ?, ?, ?, ?, ?, ?, ?, ?, ?, ?)
make question 7250
Hibernate: insert into question (answer, choice1, choice2, choice3, choice4, choice5, content, correct, create_date, filepath, modify_date, score, subject, teacher_id, time, view) values (?, ?, ?, ?, ?, ?, ?, ?, ?, ?, ?, ?, ?, ?, ?, ?)
make question 7251
Hibernate: insert into question (answer, choice1, choice2, choice3, choice4, choice5, content, correct, create_date, filepath, modify_date, score, subject, teacher_id, time, view) values (?, ?, ?, ?, ?, ?, ?, ?, ?, ?, ?, ?, ?, ?, ?, ?)
make question 7252
Hibernate: insert into question (answer, choice1, choice2, choice3, choice4, choice5, content, correct, create_date, filepath, modify_date, score, subject, teacher_id, time, view) values (?, ?, ?, ?, ?, ?, ?, ?, ?, ?, ?, ?, ?, ?, ?, ?)
make question 7253
Hibernate: insert into question (answer, choice1, choice2, choice3, choice4, choice5, content, correct, create_date, filepath, modify_date, score, subject, teacher_id, time, view) values (?, ?, ?, ?, ?, ?, ?, ?, ?, ?, ?, ?, ?, ?, ?, ?)
make question 7254
Hibernate: insert into question (answer, choice1, choice2, choice3, choice4, choice5, content, correct, create_date, filepath, modify_date, score, subject, teacher_id, time, view) values (?, ?, ?, ?, ?, ?, ?, ?, ?, ?, ?, ?, ?, ?, ?, ?)
make question 7255
Hibernate: insert into question (answer, choice1, choice2, choice3, choice4, choice5, content, correct, create_date, filepath, modify_date, score, subject, teacher_id, time, view) values (?, ?, ?, ?, ?, ?, ?, ?, ?, ?, ?, ?, ?, ?, ?, ?)
make question 7256
Hibernate: insert into question (answer, choice1, choice2, choice3, choice4, choice5, content, correct, create_date, filepath, modify_date, score, subject, teacher_id, time, view) values (?, ?, ?, ?, ?, ?, ?, ?, ?, ?, ?, ?, ?, ?, ?, ?)
make question 7257
Hibernate: insert into question (answer, choice1, choice2, choice3, choice4, choice5, content, correct, create_date, filepath, modify_date, score, subject, teacher_id, time, view) values (?, ?, ?, ?, ?, ?, ?, ?, ?, ?, ?, ?, ?, ?, ?, ?)
make question 7258
Hibernate: insert into question (answer, choice1, choice2, choice3, choice4, choice5, content, correct, create_date, filepath, modify_date, score, subject, teacher_id, time, view) values (?, ?, ?, ?, ?, ?, ?, ?, ?, ?, ?, ?, ?, ?, ?, ?)
make question 7259
Hibernate: insert into question (answer, choice1, choice2, choice3, choice4, choice5, content, correct, create_date, filepath, modify_date, score, subject, teacher_id, time, view) values (?, ?, ?, ?, ?, ?, ?, ?, ?, ?, ?, ?, ?, ?, ?, ?)
make question 7260
Hibernate: insert into question (answer, choice1, choice2, choice3, choice4, choice5, content, correct, create_date, filepath, modify_date, score, subject, teacher_id, time, view) values (?, ?, ?, ?, ?, ?, ?, ?, ?, ?, ?, ?, ?, ?, ?, ?)
make question 7261
Hibernate: insert into question (answer, choice1, choice2, choice3, choice4, choice5, content, correct, create_date, filepath, modify_date, score, subject, teacher_id, time, view) values (?, ?, ?, ?, ?, ?, ?, ?, ?, ?, ?, ?, ?, ?, ?, ?)
make question 7262
Hibernate: insert into question (answer, choice1, choice2, choice3, choice4, choice5, content, correct, create_date, filepath, modify_date, score, subject, teacher_id, time, view) values (?, ?, ?, ?, ?, ?, ?, ?, ?, ?, ?, ?, ?, ?, ?, ?)
make question 7263
Hibernate: insert into question (answer, choice1, choice2, choice3, choice4, choice5, content, correct, create_date, filepath, modify_date, score, subject, teacher_id, time, view) values (?, ?, ?, ?, ?, ?, ?, ?, ?, ?, ?, ?, ?, ?, ?, ?)
make question 7264
Hibernate: insert into question (answer, choice1, choice2, choice3, choice4, choice5, content, correct, create_date, filepath, modify_date, score, subject, teacher_id, time, view) values (?, ?, ?, ?, ?, ?, ?, ?, ?, ?, ?, ?, ?, ?, ?, ?)
make question 7265
Hibernate: insert into question (answer, choice1, choice2, choice3, choice4, choice5, content, correct, create_date, filepath, modify_date, score, subject, teacher_id, time, view) values (?, ?, ?, ?, ?, ?, ?, ?, ?, ?, ?, ?, ?, ?, ?, ?)
make question 7266
Hibernate: insert into question (answer, choice1, choice2, choice3, choice4, choice5, content, correct, create_date, filepath, modify_date, score, subject, teacher_id, time, view) values (?, ?, ?, ?, ?, ?, ?, ?, ?, ?, ?, ?, ?, ?, ?, ?)
make question 7267
Hibernate: insert into question (answer, choice1, choice2, choice3, choice4, choice5, content, correct, create_date, filepath, modify_date, score, subject, teacher_id, time, view) values (?, ?, ?, ?, ?, ?, ?, ?, ?, ?, ?, ?, ?, ?, ?, ?)
make question 7268
Hibernate: insert into question (answer, choice1, choice2, choice3, choice4, choice5, content, correct, create_date, filepath, modify_date, score, subject, teacher_id, time, view) values (?, ?, ?, ?, ?, ?, ?, ?, ?, ?, ?, ?, ?, ?, ?, ?)
make question 7269
Hibernate: insert into question (answer, choice1, choice2, choice3, choice4, choice5, content, correct, create_date, filepath, modify_date, score, subject, teacher_id, time, view) values (?, ?, ?, ?, ?, ?, ?, ?, ?, ?, ?, ?, ?, ?, ?, ?)
make question 7270
Hibernate: insert into question (answer, choice1, choice2, choice3, choice4, choice5, content, correct, create_date, filepath, modify_date, score, subject, teacher_id, time, view) values (?, ?, ?, ?, ?, ?, ?, ?, ?, ?, ?, ?, ?, ?, ?, ?)
make question 7271
Hibernate: insert into question (answer, choice1, choice2, choice3, choice4, choice5, content, correct, create_date, filepath, modify_date, score, subject, teacher_id, time, view) values (?, ?, ?, ?, ?, ?, ?, ?, ?, ?, ?, ?, ?, ?, ?, ?)
make question 7272
Hibernate: insert into question (answer, choice1, choice2, choice3, choice4, choice5, content, correct, create_date, filepath, modify_date, score, subject, teacher_id, time, view) values (?, ?, ?, ?, ?, ?, ?, ?, ?, ?, ?, ?, ?, ?, ?, ?)
make question 7273
Hibernate: insert into question (answer, choice1, choice2, choice3, choice4, choice5, content, correct, create_date, filepath, modify_date, score, subject, teacher_id, time, view) values (?, ?, ?, ?, ?, ?, ?, ?, ?, ?, ?, ?, ?, ?, ?, ?)
make question 7274
Hibernate: insert into question (answer, choice1, choice2, choice3, choice4, choice5, content, correct, create_date, filepath, modify_date, score, subject, teacher_id, time, view) values (?, ?, ?, ?, ?, ?, ?, ?, ?, ?, ?, ?, ?, ?, ?, ?)
make question 7275
Hibernate: insert into question (answer, choice1, choice2, choice3, choice4, choice5, content, correct, create_date, filepath, modify_date, score, subject, teacher_id, time, view) values (?, ?, ?, ?, ?, ?, ?, ?, ?, ?, ?, ?, ?, ?, ?, ?)
make question 7276
Hibernate: insert into question (answer, choice1, choice2, choice3, choice4, choice5, content, correct, create_date, filepath, modify_date, score, subject, teacher_id, time, view) values (?, ?, ?, ?, ?, ?, ?, ?, ?, ?, ?, ?, ?, ?, ?, ?)
make question 7277
Hibernate: insert into question (answer, choice1, choice2, choice3, choice4, choice5, content, correct, create_date, filepath, modify_date, score, subject, teacher_id, time, view) values (?, ?, ?, ?, ?, ?, ?, ?, ?, ?, ?, ?, ?, ?, ?, ?)
make question 7278
Hibernate: insert into question (answer, choice1, choice2, choice3, choice4, choice5, content, correct, create_date, filepath, modify_date, score, subject, teacher_id, time, view) values (?, ?, ?, ?, ?, ?, ?, ?, ?, ?, ?, ?, ?, ?, ?, ?)
make question 7279
Hibernate: insert into question (answer, choice1, choice2, choice3, choice4, choice5, content, correct, create_date, filepath, modify_date, score, subject, teacher_id, time, view) values (?, ?, ?, ?, ?, ?, ?, ?, ?, ?, ?, ?, ?, ?, ?, ?)
make question 7280
Hibernate: insert into question (answer, choice1, choice2, choice3, choice4, choice5, content, correct, create_date, filepath, modify_date, score, subject, teacher_id, time, view) values (?, ?, ?, ?, ?, ?, ?, ?, ?, ?, ?, ?, ?, ?, ?, ?)
make question 7281
Hibernate: insert into question (answer, choice1, choice2, choice3, choice4, choice5, content, correct, create_date, filepath, modify_date, score, subject, teacher_id, time, view) values (?, ?, ?, ?, ?, ?, ?, ?, ?, ?, ?, ?, ?, ?, ?, ?)
make question 7282
Hibernate: insert into question (answer, choice1, choice2, choice3, choice4, choice5, content, correct, create_date, filepath, modify_date, score, subject, teacher_id, time, view) values (?, ?, ?, ?, ?, ?, ?, ?, ?, ?, ?, ?, ?, ?, ?, ?)
make question 7283
Hibernate: insert into question (answer, choice1, choice2, choice3, choice4, choice5, content, correct, create_date, filepath, modify_date, score, subject, teacher_id, time, view) values (?, ?, ?, ?, ?, ?, ?, ?, ?, ?, ?, ?, ?, ?, ?, ?)
make question 7284
Hibernate: insert into question (answer, choice1, choice2, choice3, choice4, choice5, content, correct, create_date, filepath, modify_date, score, subject, teacher_id, time, view) values (?, ?, ?, ?, ?, ?, ?, ?, ?, ?, ?, ?, ?, ?, ?, ?)
make question 7285
Hibernate: insert into question (answer, choice1, choice2, choice3, choice4, choice5, content, correct, create_date, filepath, modify_date, score, subject, teacher_id, time, view) values (?, ?, ?, ?, ?, ?, ?, ?, ?, ?, ?, ?, ?, ?, ?, ?)
make question 7286
Hibernate: insert into question (answer, choice1, choice2, choice3, choice4, choice5, content, correct, create_date, filepath, modify_date, score, subject, teacher_id, time, view) values (?, ?, ?, ?, ?, ?, ?, ?, ?, ?, ?, ?, ?, ?, ?, ?)
make question 7287
Hibernate: insert into question (answer, choice1, choice2, choice3, choice4, choice5, content, correct, create_date, filepath, modify_date, score, subject, teacher_id, time, view) values (?, ?, ?, ?, ?, ?, ?, ?, ?, ?, ?, ?, ?, ?, ?, ?)
make question 7288
Hibernate: insert into question (answer, choice1, choice2, choice3, choice4, choice5, content, correct, create_date, filepath, modify_date, score, subject, teacher_id, time, view) values (?, ?, ?, ?, ?, ?, ?, ?, ?, ?, ?, ?, ?, ?, ?, ?)
make question 7289
Hibernate: insert into question (answer, choice1, choice2, choice3, choice4, choice5, content, correct, create_date, filepath, modify_date, score, subject, teacher_id, time, view) values (?, ?, ?, ?, ?, ?, ?, ?, ?, ?, ?, ?, ?, ?, ?, ?)
make question 7290
Hibernate: insert into question (answer, choice1, choice2, choice3, choice4, choice5, content, correct, create_date, filepath, modify_date, score, subject, teacher_id, time, view) values (?, ?, ?, ?, ?, ?, ?, ?, ?, ?, ?, ?, ?, ?, ?, ?)
make question 7291
Hibernate: insert into question (answer, choice1, choice2, choice3, choice4, choice5, content, correct, create_date, filepath, modify_date, score, subject, teacher_id, time, view) values (?, ?, ?, ?, ?, ?, ?, ?, ?, ?, ?, ?, ?, ?, ?, ?)
make question 7292
Hibernate: insert into question (answer, choice1, choice2, choice3, choice4, choice5, content, correct, create_date, filepath, modify_date, score, subject, teacher_id, time, view) values (?, ?, ?, ?, ?, ?, ?, ?, ?, ?, ?, ?, ?, ?, ?, ?)
make question 7293
Hibernate: insert into question (answer, choice1, choice2, choice3, choice4, choice5, content, correct, create_date, filepath, modify_date, score, subject, teacher_id, time, view) values (?, ?, ?, ?, ?, ?, ?, ?, ?, ?, ?, ?, ?, ?, ?, ?)
make question 7294
Hibernate: insert into question (answer, choice1, choice2, choice3, choice4, choice5, content, correct, create_date, filepath, modify_date, score, subject, teacher_id, time, view) values (?, ?, ?, ?, ?, ?, ?, ?, ?, ?, ?, ?, ?, ?, ?, ?)
make question 7295
Hibernate: insert into question (answer, choice1, choice2, choice3, choice4, choice5, content, correct, create_date, filepath, modify_date, score, subject, teacher_id, time, view) values (?, ?, ?, ?, ?, ?, ?, ?, ?, ?, ?, ?, ?, ?, ?, ?)
make question 7296
Hibernate: insert into question (answer, choice1, choice2, choice3, choice4, choice5, content, correct, create_date, filepath, modify_date, score, subject, teacher_id, time, view) values (?, ?, ?, ?, ?, ?, ?, ?, ?, ?, ?, ?, ?, ?, ?, ?)
make question 7297
Hibernate: insert into question (answer, choice1, choice2, choice3, choice4, choice5, content, correct, create_date, filepath, modify_date, score, subject, teacher_id, time, view) values (?, ?, ?, ?, ?, ?, ?, ?, ?, ?, ?, ?, ?, ?, ?, ?)
make question 7298
Hibernate: insert into question (answer, choice1, choice2, choice3, choice4, choice5, content, correct, create_date, filepath, modify_date, score, subject, teacher_id, time, view) values (?, ?, ?, ?, ?, ?, ?, ?, ?, ?, ?, ?, ?, ?, ?, ?)
make question 7299
Hibernate: insert into question (answer, choice1, choice2, choice3, choice4, choice5, content, correct, create_date, filepath, modify_date, score, subject, teacher_id, time, view) values (?, ?, ?, ?, ?, ?, ?, ?, ?, ?, ?, ?, ?, ?, ?, ?)
make question 7300
Hibernate: insert into question (answer, choice1, choice2, choice3, choice4, choice5, content, correct, create_date, filepath, modify_date, score, subject, teacher_id, time, view) values (?, ?, ?, ?, ?, ?, ?, ?, ?, ?, ?, ?, ?, ?, ?, ?)
make question 7301
Hibernate: insert into question (answer, choice1, choice2, choice3, choice4, choice5, content, correct, create_date, filepath, modify_date, score, subject, teacher_id, time, view) values (?, ?, ?, ?, ?, ?, ?, ?, ?, ?, ?, ?, ?, ?, ?, ?)
make question 7302
Hibernate: insert into question (answer, choice1, choice2, choice3, choice4, choice5, content, correct, create_date, filepath, modify_date, score, subject, teacher_id, time, view) values (?, ?, ?, ?, ?, ?, ?, ?, ?, ?, ?, ?, ?, ?, ?, ?)
make question 7303
Hibernate: insert into question (answer, choice1, choice2, choice3, choice4, choice5, content, correct, create_date, filepath, modify_date, score, subject, teacher_id, time, view) values (?, ?, ?, ?, ?, ?, ?, ?, ?, ?, ?, ?, ?, ?, ?, ?)
make question 7304
Hibernate: insert into question (answer, choice1, choice2, choice3, choice4, choice5, content, correct, create_date, filepath, modify_date, score, subject, teacher_id, time, view) values (?, ?, ?, ?, ?, ?, ?, ?, ?, ?, ?, ?, ?, ?, ?, ?)
make question 7305
Hibernate: insert into question (answer, choice1, choice2, choice3, choice4, choice5, content, correct, create_date, filepath, modify_date, score, subject, teacher_id, time, view) values (?, ?, ?, ?, ?, ?, ?, ?, ?, ?, ?, ?, ?, ?, ?, ?)
make question 7306
Hibernate: insert into question (answer, choice1, choice2, choice3, choice4, choice5, content, correct, create_date, filepath, modify_date, score, subject, teacher_id, time, view) values (?, ?, ?, ?, ?, ?, ?, ?, ?, ?, ?, ?, ?, ?, ?, ?)
make question 7307
Hibernate: insert into question (answer, choice1, choice2, choice3, choice4, choice5, content, correct, create_date, filepath, modify_date, score, subject, teacher_id, time, view) values (?, ?, ?, ?, ?, ?, ?, ?, ?, ?, ?, ?, ?, ?, ?, ?)
make question 7308
Hibernate: insert into question (answer, choice1, choice2, choice3, choice4, choice5, content, correct, create_date, filepath, modify_date, score, subject, teacher_id, time, view) values (?, ?, ?, ?, ?, ?, ?, ?, ?, ?, ?, ?, ?, ?, ?, ?)
make question 7309
Hibernate: insert into question (answer, choice1, choice2, choice3, choice4, choice5, content, correct, create_date, filepath, modify_date, score, subject, teacher_id, time, view) values (?, ?, ?, ?, ?, ?, ?, ?, ?, ?, ?, ?, ?, ?, ?, ?)
make question 7310
Hibernate: insert into question (answer, choice1, choice2, choice3, choice4, choice5, content, correct, create_date, filepath, modify_date, score, subject, teacher_id, time, view) values (?, ?, ?, ?, ?, ?, ?, ?, ?, ?, ?, ?, ?, ?, ?, ?)
make question 7311
Hibernate: insert into question (answer, choice1, choice2, choice3, choice4, choice5, content, correct, create_date, filepath, modify_date, score, subject, teacher_id, time, view) values (?, ?, ?, ?, ?, ?, ?, ?, ?, ?, ?, ?, ?, ?, ?, ?)
make question 7312
Hibernate: insert into question (answer, choice1, choice2, choice3, choice4, choice5, content, correct, create_date, filepath, modify_date, score, subject, teacher_id, time, view) values (?, ?, ?, ?, ?, ?, ?, ?, ?, ?, ?, ?, ?, ?, ?, ?)
make question 7313
Hibernate: insert into question (answer, choice1, choice2, choice3, choice4, choice5, content, correct, create_date, filepath, modify_date, score, subject, teacher_id, time, view) values (?, ?, ?, ?, ?, ?, ?, ?, ?, ?, ?, ?, ?, ?, ?, ?)
make question 7314
Hibernate: insert into question (answer, choice1, choice2, choice3, choice4, choice5, content, correct, create_date, filepath, modify_date, score, subject, teacher_id, time, view) values (?, ?, ?, ?, ?, ?, ?, ?, ?, ?, ?, ?, ?, ?, ?, ?)
make question 7315
Hibernate: insert into question (answer, choice1, choice2, choice3, choice4, choice5, content, correct, create_date, filepath, modify_date, score, subject, teacher_id, time, view) values (?, ?, ?, ?, ?, ?, ?, ?, ?, ?, ?, ?, ?, ?, ?, ?)
make question 7316
Hibernate: insert into question (answer, choice1, choice2, choice3, choice4, choice5, content, correct, create_date, filepath, modify_date, score, subject, teacher_id, time, view) values (?, ?, ?, ?, ?, ?, ?, ?, ?, ?, ?, ?, ?, ?, ?, ?)
make question 7317
Hibernate: insert into question (answer, choice1, choice2, choice3, choice4, choice5, content, correct, create_date, filepath, modify_date, score, subject, teacher_id, time, view) values (?, ?, ?, ?, ?, ?, ?, ?, ?, ?, ?, ?, ?, ?, ?, ?)
make question 7318
Hibernate: insert into question (answer, choice1, choice2, choice3, choice4, choice5, content, correct, create_date, filepath, modify_date, score, subject, teacher_id, time, view) values (?, ?, ?, ?, ?, ?, ?, ?, ?, ?, ?, ?, ?, ?, ?, ?)
make question 7319
Hibernate: insert into question (answer, choice1, choice2, choice3, choice4, choice5, content, correct, create_date, filepath, modify_date, score, subject, teacher_id, time, view) values (?, ?, ?, ?, ?, ?, ?, ?, ?, ?, ?, ?, ?, ?, ?, ?)
make question 7320
Hibernate: insert into question (answer, choice1, choice2, choice3, choice4, choice5, content, correct, create_date, filepath, modify_date, score, subject, teacher_id, time, view) values (?, ?, ?, ?, ?, ?, ?, ?, ?, ?, ?, ?, ?, ?, ?, ?)
make question 7321
Hibernate: insert into question (answer, choice1, choice2, choice3, choice4, choice5, content, correct, create_date, filepath, modify_date, score, subject, teacher_id, time, view) values (?, ?, ?, ?, ?, ?, ?, ?, ?, ?, ?, ?, ?, ?, ?, ?)
make question 7322
Hibernate: insert into question (answer, choice1, choice2, choice3, choice4, choice5, content, correct, create_date, filepath, modify_date, score, subject, teacher_id, time, view) values (?, ?, ?, ?, ?, ?, ?, ?, ?, ?, ?, ?, ?, ?, ?, ?)
make question 7323
Hibernate: insert into question (answer, choice1, choice2, choice3, choice4, choice5, content, correct, create_date, filepath, modify_date, score, subject, teacher_id, time, view) values (?, ?, ?, ?, ?, ?, ?, ?, ?, ?, ?, ?, ?, ?, ?, ?)
make question 7324
Hibernate: insert into question (answer, choice1, choice2, choice3, choice4, choice5, content, correct, create_date, filepath, modify_date, score, subject, teacher_id, time, view) values (?, ?, ?, ?, ?, ?, ?, ?, ?, ?, ?, ?, ?, ?, ?, ?)
make question 7325
Hibernate: insert into question (answer, choice1, choice2, choice3, choice4, choice5, content, correct, create_date, filepath, modify_date, score, subject, teacher_id, time, view) values (?, ?, ?, ?, ?, ?, ?, ?, ?, ?, ?, ?, ?, ?, ?, ?)
make question 7326
Hibernate: insert into question (answer, choice1, choice2, choice3, choice4, choice5, content, correct, create_date, filepath, modify_date, score, subject, teacher_id, time, view) values (?, ?, ?, ?, ?, ?, ?, ?, ?, ?, ?, ?, ?, ?, ?, ?)
make question 7327
Hibernate: insert into question (answer, choice1, choice2, choice3, choice4, choice5, content, correct, create_date, filepath, modify_date, score, subject, teacher_id, time, view) values (?, ?, ?, ?, ?, ?, ?, ?, ?, ?, ?, ?, ?, ?, ?, ?)
make question 7328
Hibernate: insert into question (answer, choice1, choice2, choice3, choice4, choice5, content, correct, create_date, filepath, modify_date, score, subject, teacher_id, time, view) values (?, ?, ?, ?, ?, ?, ?, ?, ?, ?, ?, ?, ?, ?, ?, ?)
make question 7329
Hibernate: insert into question (answer, choice1, choice2, choice3, choice4, choice5, content, correct, create_date, filepath, modify_date, score, subject, teacher_id, time, view) values (?, ?, ?, ?, ?, ?, ?, ?, ?, ?, ?, ?, ?, ?, ?, ?)
make question 7330
Hibernate: insert into question (answer, choice1, choice2, choice3, choice4, choice5, content, correct, create_date, filepath, modify_date, score, subject, teacher_id, time, view) values (?, ?, ?, ?, ?, ?, ?, ?, ?, ?, ?, ?, ?, ?, ?, ?)
make question 7331
Hibernate: insert into question (answer, choice1, choice2, choice3, choice4, choice5, content, correct, create_date, filepath, modify_date, score, subject, teacher_id, time, view) values (?, ?, ?, ?, ?, ?, ?, ?, ?, ?, ?, ?, ?, ?, ?, ?)
make question 7332
Hibernate: insert into question (answer, choice1, choice2, choice3, choice4, choice5, content, correct, create_date, filepath, modify_date, score, subject, teacher_id, time, view) values (?, ?, ?, ?, ?, ?, ?, ?, ?, ?, ?, ?, ?, ?, ?, ?)
make question 7333
Hibernate: insert into question (answer, choice1, choice2, choice3, choice4, choice5, content, correct, create_date, filepath, modify_date, score, subject, teacher_id, time, view) values (?, ?, ?, ?, ?, ?, ?, ?, ?, ?, ?, ?, ?, ?, ?, ?)
make question 7334
Hibernate: insert into question (answer, choice1, choice2, choice3, choice4, choice5, content, correct, create_date, filepath, modify_date, score, subject, teacher_id, time, view) values (?, ?, ?, ?, ?, ?, ?, ?, ?, ?, ?, ?, ?, ?, ?, ?)
make question 7335
Hibernate: insert into question (answer, choice1, choice2, choice3, choice4, choice5, content, correct, create_date, filepath, modify_date, score, subject, teacher_id, time, view) values (?, ?, ?, ?, ?, ?, ?, ?, ?, ?, ?, ?, ?, ?, ?, ?)
make question 7336
Hibernate: insert into question (answer, choice1, choice2, choice3, choice4, choice5, content, correct, create_date, filepath, modify_date, score, subject, teacher_id, time, view) values (?, ?, ?, ?, ?, ?, ?, ?, ?, ?, ?, ?, ?, ?, ?, ?)
make question 7337
Hibernate: insert into question (answer, choice1, choice2, choice3, choice4, choice5, content, correct, create_date, filepath, modify_date, score, subject, teacher_id, time, view) values (?, ?, ?, ?, ?, ?, ?, ?, ?, ?, ?, ?, ?, ?, ?, ?)
make question 7338
Hibernate: insert into question (answer, choice1, choice2, choice3, choice4, choice5, content, correct, create_date, filepath, modify_date, score, subject, teacher_id, time, view) values (?, ?, ?, ?, ?, ?, ?, ?, ?, ?, ?, ?, ?, ?, ?, ?)
make question 7339
Hibernate: insert into question (answer, choice1, choice2, choice3, choice4, choice5, content, correct, create_date, filepath, modify_date, score, subject, teacher_id, time, view) values (?, ?, ?, ?, ?, ?, ?, ?, ?, ?, ?, ?, ?, ?, ?, ?)
make question 7340
Hibernate: insert into question (answer, choice1, choice2, choice3, choice4, choice5, content, correct, create_date, filepath, modify_date, score, subject, teacher_id, time, view) values (?, ?, ?, ?, ?, ?, ?, ?, ?, ?, ?, ?, ?, ?, ?, ?)
make question 7341
Hibernate: insert into question (answer, choice1, choice2, choice3, choice4, choice5, content, correct, create_date, filepath, modify_date, score, subject, teacher_id, time, view) values (?, ?, ?, ?, ?, ?, ?, ?, ?, ?, ?, ?, ?, ?, ?, ?)
make question 7342
Hibernate: insert into question (answer, choice1, choice2, choice3, choice4, choice5, content, correct, create_date, filepath, modify_date, score, subject, teacher_id, time, view) values (?, ?, ?, ?, ?, ?, ?, ?, ?, ?, ?, ?, ?, ?, ?, ?)
make question 7343
Hibernate: insert into question (answer, choice1, choice2, choice3, choice4, choice5, content, correct, create_date, filepath, modify_date, score, subject, teacher_id, time, view) values (?, ?, ?, ?, ?, ?, ?, ?, ?, ?, ?, ?, ?, ?, ?, ?)
make question 7344
Hibernate: insert into question (answer, choice1, choice2, choice3, choice4, choice5, content, correct, create_date, filepath, modify_date, score, subject, teacher_id, time, view) values (?, ?, ?, ?, ?, ?, ?, ?, ?, ?, ?, ?, ?, ?, ?, ?)
make question 7345
Hibernate: insert into question (answer, choice1, choice2, choice3, choice4, choice5, content, correct, create_date, filepath, modify_date, score, subject, teacher_id, time, view) values (?, ?, ?, ?, ?, ?, ?, ?, ?, ?, ?, ?, ?, ?, ?, ?)
make question 7346
Hibernate: insert into question (answer, choice1, choice2, choice3, choice4, choice5, content, correct, create_date, filepath, modify_date, score, subject, teacher_id, time, view) values (?, ?, ?, ?, ?, ?, ?, ?, ?, ?, ?, ?, ?, ?, ?, ?)
make question 7347
Hibernate: insert into question (answer, choice1, choice2, choice3, choice4, choice5, content, correct, create_date, filepath, modify_date, score, subject, teacher_id, time, view) values (?, ?, ?, ?, ?, ?, ?, ?, ?, ?, ?, ?, ?, ?, ?, ?)
make question 7348
Hibernate: insert into question (answer, choice1, choice2, choice3, choice4, choice5, content, correct, create_date, filepath, modify_date, score, subject, teacher_id, time, view) values (?, ?, ?, ?, ?, ?, ?, ?, ?, ?, ?, ?, ?, ?, ?, ?)
make question 7349
Hibernate: insert into question (answer, choice1, choice2, choice3, choice4, choice5, content, correct, create_date, filepath, modify_date, score, subject, teacher_id, time, view) values (?, ?, ?, ?, ?, ?, ?, ?, ?, ?, ?, ?, ?, ?, ?, ?)
make question 7350
Hibernate: insert into question (answer, choice1, choice2, choice3, choice4, choice5, content, correct, create_date, filepath, modify_date, score, subject, teacher_id, time, view) values (?, ?, ?, ?, ?, ?, ?, ?, ?, ?, ?, ?, ?, ?, ?, ?)
make question 7351
Hibernate: insert into question (answer, choice1, choice2, choice3, choice4, choice5, content, correct, create_date, filepath, modify_date, score, subject, teacher_id, time, view) values (?, ?, ?, ?, ?, ?, ?, ?, ?, ?, ?, ?, ?, ?, ?, ?)
make question 7352
Hibernate: insert into question (answer, choice1, choice2, choice3, choice4, choice5, content, correct, create_date, filepath, modify_date, score, subject, teacher_id, time, view) values (?, ?, ?, ?, ?, ?, ?, ?, ?, ?, ?, ?, ?, ?, ?, ?)
make question 7353
Hibernate: insert into question (answer, choice1, choice2, choice3, choice4, choice5, content, correct, create_date, filepath, modify_date, score, subject, teacher_id, time, view) values (?, ?, ?, ?, ?, ?, ?, ?, ?, ?, ?, ?, ?, ?, ?, ?)
make question 7354
Hibernate: insert into question (answer, choice1, choice2, choice3, choice4, choice5, content, correct, create_date, filepath, modify_date, score, subject, teacher_id, time, view) values (?, ?, ?, ?, ?, ?, ?, ?, ?, ?, ?, ?, ?, ?, ?, ?)
make question 7355
Hibernate: insert into question (answer, choice1, choice2, choice3, choice4, choice5, content, correct, create_date, filepath, modify_date, score, subject, teacher_id, time, view) values (?, ?, ?, ?, ?, ?, ?, ?, ?, ?, ?, ?, ?, ?, ?, ?)
make question 7356
Hibernate: insert into question (answer, choice1, choice2, choice3, choice4, choice5, content, correct, create_date, filepath, modify_date, score, subject, teacher_id, time, view) values (?, ?, ?, ?, ?, ?, ?, ?, ?, ?, ?, ?, ?, ?, ?, ?)
make question 7357
Hibernate: insert into question (answer, choice1, choice2, choice3, choice4, choice5, content, correct, create_date, filepath, modify_date, score, subject, teacher_id, time, view) values (?, ?, ?, ?, ?, ?, ?, ?, ?, ?, ?, ?, ?, ?, ?, ?)
make question 7358
Hibernate: insert into question (answer, choice1, choice2, choice3, choice4, choice5, content, correct, create_date, filepath, modify_date, score, subject, teacher_id, time, view) values (?, ?, ?, ?, ?, ?, ?, ?, ?, ?, ?, ?, ?, ?, ?, ?)
make question 7359
Hibernate: insert into question (answer, choice1, choice2, choice3, choice4, choice5, content, correct, create_date, filepath, modify_date, score, subject, teacher_id, time, view) values (?, ?, ?, ?, ?, ?, ?, ?, ?, ?, ?, ?, ?, ?, ?, ?)
make question 7360
Hibernate: insert into question (answer, choice1, choice2, choice3, choice4, choice5, content, correct, create_date, filepath, modify_date, score, subject, teacher_id, time, view) values (?, ?, ?, ?, ?, ?, ?, ?, ?, ?, ?, ?, ?, ?, ?, ?)
make question 7361
Hibernate: insert into question (answer, choice1, choice2, choice3, choice4, choice5, content, correct, create_date, filepath, modify_date, score, subject, teacher_id, time, view) values (?, ?, ?, ?, ?, ?, ?, ?, ?, ?, ?, ?, ?, ?, ?, ?)
make question 7362
Hibernate: insert into question (answer, choice1, choice2, choice3, choice4, choice5, content, correct, create_date, filepath, modify_date, score, subject, teacher_id, time, view) values (?, ?, ?, ?, ?, ?, ?, ?, ?, ?, ?, ?, ?, ?, ?, ?)
make question 7363
Hibernate: insert into question (answer, choice1, choice2, choice3, choice4, choice5, content, correct, create_date, filepath, modify_date, score, subject, teacher_id, time, view) values (?, ?, ?, ?, ?, ?, ?, ?, ?, ?, ?, ?, ?, ?, ?, ?)
make question 7364
Hibernate: insert into question (answer, choice1, choice2, choice3, choice4, choice5, content, correct, create_date, filepath, modify_date, score, subject, teacher_id, time, view) values (?, ?, ?, ?, ?, ?, ?, ?, ?, ?, ?, ?, ?, ?, ?, ?)
make question 7365
Hibernate: insert into question (answer, choice1, choice2, choice3, choice4, choice5, content, correct, create_date, filepath, modify_date, score, subject, teacher_id, time, view) values (?, ?, ?, ?, ?, ?, ?, ?, ?, ?, ?, ?, ?, ?, ?, ?)
make question 7366
Hibernate: insert into question (answer, choice1, choice2, choice3, choice4, choice5, content, correct, create_date, filepath, modify_date, score, subject, teacher_id, time, view) values (?, ?, ?, ?, ?, ?, ?, ?, ?, ?, ?, ?, ?, ?, ?, ?)
make question 7367
Hibernate: insert into question (answer, choice1, choice2, choice3, choice4, choice5, content, correct, create_date, filepath, modify_date, score, subject, teacher_id, time, view) values (?, ?, ?, ?, ?, ?, ?, ?, ?, ?, ?, ?, ?, ?, ?, ?)
make question 7368
Hibernate: insert into question (answer, choice1, choice2, choice3, choice4, choice5, content, correct, create_date, filepath, modify_date, score, subject, teacher_id, time, view) values (?, ?, ?, ?, ?, ?, ?, ?, ?, ?, ?, ?, ?, ?, ?, ?)
make question 7369
Hibernate: insert into question (answer, choice1, choice2, choice3, choice4, choice5, content, correct, create_date, filepath, modify_date, score, subject, teacher_id, time, view) values (?, ?, ?, ?, ?, ?, ?, ?, ?, ?, ?, ?, ?, ?, ?, ?)
make question 7370
Hibernate: insert into question (answer, choice1, choice2, choice3, choice4, choice5, content, correct, create_date, filepath, modify_date, score, subject, teacher_id, time, view) values (?, ?, ?, ?, ?, ?, ?, ?, ?, ?, ?, ?, ?, ?, ?, ?)
make question 7371
Hibernate: insert into question (answer, choice1, choice2, choice3, choice4, choice5, content, correct, create_date, filepath, modify_date, score, subject, teacher_id, time, view) values (?, ?, ?, ?, ?, ?, ?, ?, ?, ?, ?, ?, ?, ?, ?, ?)
make question 7372
Hibernate: insert into question (answer, choice1, choice2, choice3, choice4, choice5, content, correct, create_date, filepath, modify_date, score, subject, teacher_id, time, view) values (?, ?, ?, ?, ?, ?, ?, ?, ?, ?, ?, ?, ?, ?, ?, ?)
make question 7373
Hibernate: insert into question (answer, choice1, choice2, choice3, choice4, choice5, content, correct, create_date, filepath, modify_date, score, subject, teacher_id, time, view) values (?, ?, ?, ?, ?, ?, ?, ?, ?, ?, ?, ?, ?, ?, ?, ?)
make question 7374
Hibernate: insert into question (answer, choice1, choice2, choice3, choice4, choice5, content, correct, create_date, filepath, modify_date, score, subject, teacher_id, time, view) values (?, ?, ?, ?, ?, ?, ?, ?, ?, ?, ?, ?, ?, ?, ?, ?)
make question 7375
Hibernate: insert into question (answer, choice1, choice2, choice3, choice4, choice5, content, correct, create_date, filepath, modify_date, score, subject, teacher_id, time, view) values (?, ?, ?, ?, ?, ?, ?, ?, ?, ?, ?, ?, ?, ?, ?, ?)
make question 7376
Hibernate: insert into question (answer, choice1, choice2, choice3, choice4, choice5, content, correct, create_date, filepath, modify_date, score, subject, teacher_id, time, view) values (?, ?, ?, ?, ?, ?, ?, ?, ?, ?, ?, ?, ?, ?, ?, ?)
make question 7377
Hibernate: insert into question (answer, choice1, choice2, choice3, choice4, choice5, content, correct, create_date, filepath, modify_date, score, subject, teacher_id, time, view) values (?, ?, ?, ?, ?, ?, ?, ?, ?, ?, ?, ?, ?, ?, ?, ?)
make question 7378
Hibernate: insert into question (answer, choice1, choice2, choice3, choice4, choice5, content, correct, create_date, filepath, modify_date, score, subject, teacher_id, time, view) values (?, ?, ?, ?, ?, ?, ?, ?, ?, ?, ?, ?, ?, ?, ?, ?)
make question 7379
Hibernate: insert into question (answer, choice1, choice2, choice3, choice4, choice5, content, correct, create_date, filepath, modify_date, score, subject, teacher_id, time, view) values (?, ?, ?, ?, ?, ?, ?, ?, ?, ?, ?, ?, ?, ?, ?, ?)
make question 7380
Hibernate: insert into question (answer, choice1, choice2, choice3, choice4, choice5, content, correct, create_date, filepath, modify_date, score, subject, teacher_id, time, view) values (?, ?, ?, ?, ?, ?, ?, ?, ?, ?, ?, ?, ?, ?, ?, ?)
make question 7381
Hibernate: insert into question (answer, choice1, choice2, choice3, choice4, choice5, content, correct, create_date, filepath, modify_date, score, subject, teacher_id, time, view) values (?, ?, ?, ?, ?, ?, ?, ?, ?, ?, ?, ?, ?, ?, ?, ?)
make question 7382
Hibernate: insert into question (answer, choice1, choice2, choice3, choice4, choice5, content, correct, create_date, filepath, modify_date, score, subject, teacher_id, time, view) values (?, ?, ?, ?, ?, ?, ?, ?, ?, ?, ?, ?, ?, ?, ?, ?)
make question 7383
Hibernate: insert into question (answer, choice1, choice2, choice3, choice4, choice5, content, correct, create_date, filepath, modify_date, score, subject, teacher_id, time, view) values (?, ?, ?, ?, ?, ?, ?, ?, ?, ?, ?, ?, ?, ?, ?, ?)
make question 7384
Hibernate: insert into question (answer, choice1, choice2, choice3, choice4, choice5, content, correct, create_date, filepath, modify_date, score, subject, teacher_id, time, view) values (?, ?, ?, ?, ?, ?, ?, ?, ?, ?, ?, ?, ?, ?, ?, ?)
make question 7385
Hibernate: insert into question (answer, choice1, choice2, choice3, choice4, choice5, content, correct, create_date, filepath, modify_date, score, subject, teacher_id, time, view) values (?, ?, ?, ?, ?, ?, ?, ?, ?, ?, ?, ?, ?, ?, ?, ?)
make question 7386
Hibernate: insert into question (answer, choice1, choice2, choice3, choice4, choice5, content, correct, create_date, filepath, modify_date, score, subject, teacher_id, time, view) values (?, ?, ?, ?, ?, ?, ?, ?, ?, ?, ?, ?, ?, ?, ?, ?)
make question 7387
Hibernate: insert into question (answer, choice1, choice2, choice3, choice4, choice5, content, correct, create_date, filepath, modify_date, score, subject, teacher_id, time, view) values (?, ?, ?, ?, ?, ?, ?, ?, ?, ?, ?, ?, ?, ?, ?, ?)
make question 7388
Hibernate: insert into question (answer, choice1, choice2, choice3, choice4, choice5, content, correct, create_date, filepath, modify_date, score, subject, teacher_id, time, view) values (?, ?, ?, ?, ?, ?, ?, ?, ?, ?, ?, ?, ?, ?, ?, ?)
make question 7389
Hibernate: insert into question (answer, choice1, choice2, choice3, choice4, choice5, content, correct, create_date, filepath, modify_date, score, subject, teacher_id, time, view) values (?, ?, ?, ?, ?, ?, ?, ?, ?, ?, ?, ?, ?, ?, ?, ?)
make question 7390
Hibernate: insert into question (answer, choice1, choice2, choice3, choice4, choice5, content, correct, create_date, filepath, modify_date, score, subject, teacher_id, time, view) values (?, ?, ?, ?, ?, ?, ?, ?, ?, ?, ?, ?, ?, ?, ?, ?)
make question 7391
Hibernate: insert into question (answer, choice1, choice2, choice3, choice4, choice5, content, correct, create_date, filepath, modify_date, score, subject, teacher_id, time, view) values (?, ?, ?, ?, ?, ?, ?, ?, ?, ?, ?, ?, ?, ?, ?, ?)
make question 7392
Hibernate: insert into question (answer, choice1, choice2, choice3, choice4, choice5, content, correct, create_date, filepath, modify_date, score, subject, teacher_id, time, view) values (?, ?, ?, ?, ?, ?, ?, ?, ?, ?, ?, ?, ?, ?, ?, ?)
make question 7393
Hibernate: insert into question (answer, choice1, choice2, choice3, choice4, choice5, content, correct, create_date, filepath, modify_date, score, subject, teacher_id, time, view) values (?, ?, ?, ?, ?, ?, ?, ?, ?, ?, ?, ?, ?, ?, ?, ?)
make question 7394
Hibernate: insert into question (answer, choice1, choice2, choice3, choice4, choice5, content, correct, create_date, filepath, modify_date, score, subject, teacher_id, time, view) values (?, ?, ?, ?, ?, ?, ?, ?, ?, ?, ?, ?, ?, ?, ?, ?)
make question 7395
Hibernate: insert into question (answer, choice1, choice2, choice3, choice4, choice5, content, correct, create_date, filepath, modify_date, score, subject, teacher_id, time, view) values (?, ?, ?, ?, ?, ?, ?, ?, ?, ?, ?, ?, ?, ?, ?, ?)
make question 7396
Hibernate: insert into question (answer, choice1, choice2, choice3, choice4, choice5, content, correct, create_date, filepath, modify_date, score, subject, teacher_id, time, view) values (?, ?, ?, ?, ?, ?, ?, ?, ?, ?, ?, ?, ?, ?, ?, ?)
make question 7397
Hibernate: insert into question (answer, choice1, choice2, choice3, choice4, choice5, content, correct, create_date, filepath, modify_date, score, subject, teacher_id, time, view) values (?, ?, ?, ?, ?, ?, ?, ?, ?, ?, ?, ?, ?, ?, ?, ?)
make question 7398
Hibernate: insert into question (answer, choice1, choice2, choice3, choice4, choice5, content, correct, create_date, filepath, modify_date, score, subject, teacher_id, time, view) values (?, ?, ?, ?, ?, ?, ?, ?, ?, ?, ?, ?, ?, ?, ?, ?)
make question 7399
Hibernate: insert into question (answer, choice1, choice2, choice3, choice4, choice5, content, correct, create_date, filepath, modify_date, score, subject, teacher_id, time, view) values (?, ?, ?, ?, ?, ?, ?, ?, ?, ?, ?, ?, ?, ?, ?, ?)
make question 7400
Hibernate: insert into question (answer, choice1, choice2, choice3, choice4, choice5, content, correct, create_date, filepath, modify_date, score, subject, teacher_id, time, view) values (?, ?, ?, ?, ?, ?, ?, ?, ?, ?, ?, ?, ?, ?, ?, ?)
make question 7401
Hibernate: insert into question (answer, choice1, choice2, choice3, choice4, choice5, content, correct, create_date, filepath, modify_date, score, subject, teacher_id, time, view) values (?, ?, ?, ?, ?, ?, ?, ?, ?, ?, ?, ?, ?, ?, ?, ?)
make question 7402
Hibernate: insert into question (answer, choice1, choice2, choice3, choice4, choice5, content, correct, create_date, filepath, modify_date, score, subject, teacher_id, time, view) values (?, ?, ?, ?, ?, ?, ?, ?, ?, ?, ?, ?, ?, ?, ?, ?)
make question 7403
Hibernate: insert into question (answer, choice1, choice2, choice3, choice4, choice5, content, correct, create_date, filepath, modify_date, score, subject, teacher_id, time, view) values (?, ?, ?, ?, ?, ?, ?, ?, ?, ?, ?, ?, ?, ?, ?, ?)
make question 7404
Hibernate: insert into question (answer, choice1, choice2, choice3, choice4, choice5, content, correct, create_date, filepath, modify_date, score, subject, teacher_id, time, view) values (?, ?, ?, ?, ?, ?, ?, ?, ?, ?, ?, ?, ?, ?, ?, ?)
make question 7405
Hibernate: insert into question (answer, choice1, choice2, choice3, choice4, choice5, content, correct, create_date, filepath, modify_date, score, subject, teacher_id, time, view) values (?, ?, ?, ?, ?, ?, ?, ?, ?, ?, ?, ?, ?, ?, ?, ?)
make question 7406
Hibernate: insert into question (answer, choice1, choice2, choice3, choice4, choice5, content, correct, create_date, filepath, modify_date, score, subject, teacher_id, time, view) values (?, ?, ?, ?, ?, ?, ?, ?, ?, ?, ?, ?, ?, ?, ?, ?)
make question 7407
Hibernate: insert into question (answer, choice1, choice2, choice3, choice4, choice5, content, correct, create_date, filepath, modify_date, score, subject, teacher_id, time, view) values (?, ?, ?, ?, ?, ?, ?, ?, ?, ?, ?, ?, ?, ?, ?, ?)
make question 7408
Hibernate: insert into question (answer, choice1, choice2, choice3, choice4, choice5, content, correct, create_date, filepath, modify_date, score, subject, teacher_id, time, view) values (?, ?, ?, ?, ?, ?, ?, ?, ?, ?, ?, ?, ?, ?, ?, ?)
make question 7409
Hibernate: insert into question (answer, choice1, choice2, choice3, choice4, choice5, content, correct, create_date, filepath, modify_date, score, subject, teacher_id, time, view) values (?, ?, ?, ?, ?, ?, ?, ?, ?, ?, ?, ?, ?, ?, ?, ?)
make question 7410
Hibernate: insert into question (answer, choice1, choice2, choice3, choice4, choice5, content, correct, create_date, filepath, modify_date, score, subject, teacher_id, time, view) values (?, ?, ?, ?, ?, ?, ?, ?, ?, ?, ?, ?, ?, ?, ?, ?)
make question 7411
Hibernate: insert into question (answer, choice1, choice2, choice3, choice4, choice5, content, correct, create_date, filepath, modify_date, score, subject, teacher_id, time, view) values (?, ?, ?, ?, ?, ?, ?, ?, ?, ?, ?, ?, ?, ?, ?, ?)
make question 7412
Hibernate: insert into question (answer, choice1, choice2, choice3, choice4, choice5, content, correct, create_date, filepath, modify_date, score, subject, teacher_id, time, view) values (?, ?, ?, ?, ?, ?, ?, ?, ?, ?, ?, ?, ?, ?, ?, ?)
make question 7413
Hibernate: insert into question (answer, choice1, choice2, choice3, choice4, choice5, content, correct, create_date, filepath, modify_date, score, subject, teacher_id, time, view) values (?, ?, ?, ?, ?, ?, ?, ?, ?, ?, ?, ?, ?, ?, ?, ?)
make question 7414
Hibernate: insert into question (answer, choice1, choice2, choice3, choice4, choice5, content, correct, create_date, filepath, modify_date, score, subject, teacher_id, time, view) values (?, ?, ?, ?, ?, ?, ?, ?, ?, ?, ?, ?, ?, ?, ?, ?)
make question 7415
Hibernate: insert into question (answer, choice1, choice2, choice3, choice4, choice5, content, correct, create_date, filepath, modify_date, score, subject, teacher_id, time, view) values (?, ?, ?, ?, ?, ?, ?, ?, ?, ?, ?, ?, ?, ?, ?, ?)
make question 7416
Hibernate: insert into question (answer, choice1, choice2, choice3, choice4, choice5, content, correct, create_date, filepath, modify_date, score, subject, teacher_id, time, view) values (?, ?, ?, ?, ?, ?, ?, ?, ?, ?, ?, ?, ?, ?, ?, ?)
make question 7417
Hibernate: insert into question (answer, choice1, choice2, choice3, choice4, choice5, content, correct, create_date, filepath, modify_date, score, subject, teacher_id, time, view) values (?, ?, ?, ?, ?, ?, ?, ?, ?, ?, ?, ?, ?, ?, ?, ?)
make question 7418
Hibernate: insert into question (answer, choice1, choice2, choice3, choice4, choice5, content, correct, create_date, filepath, modify_date, score, subject, teacher_id, time, view) values (?, ?, ?, ?, ?, ?, ?, ?, ?, ?, ?, ?, ?, ?, ?, ?)
make question 7419
Hibernate: insert into question (answer, choice1, choice2, choice3, choice4, choice5, content, correct, create_date, filepath, modify_date, score, subject, teacher_id, time, view) values (?, ?, ?, ?, ?, ?, ?, ?, ?, ?, ?, ?, ?, ?, ?, ?)
make question 7420
Hibernate: insert into question (answer, choice1, choice2, choice3, choice4, choice5, content, correct, create_date, filepath, modify_date, score, subject, teacher_id, time, view) values (?, ?, ?, ?, ?, ?, ?, ?, ?, ?, ?, ?, ?, ?, ?, ?)
make question 7421
Hibernate: insert into question (answer, choice1, choice2, choice3, choice4, choice5, content, correct, create_date, filepath, modify_date, score, subject, teacher_id, time, view) values (?, ?, ?, ?, ?, ?, ?, ?, ?, ?, ?, ?, ?, ?, ?, ?)
make question 7422
Hibernate: insert into question (answer, choice1, choice2, choice3, choice4, choice5, content, correct, create_date, filepath, modify_date, score, subject, teacher_id, time, view) values (?, ?, ?, ?, ?, ?, ?, ?, ?, ?, ?, ?, ?, ?, ?, ?)
make question 7423
Hibernate: insert into question (answer, choice1, choice2, choice3, choice4, choice5, content, correct, create_date, filepath, modify_date, score, subject, teacher_id, time, view) values (?, ?, ?, ?, ?, ?, ?, ?, ?, ?, ?, ?, ?, ?, ?, ?)
make question 7424
Hibernate: insert into question (answer, choice1, choice2, choice3, choice4, choice5, content, correct, create_date, filepath, modify_date, score, subject, teacher_id, time, view) values (?, ?, ?, ?, ?, ?, ?, ?, ?, ?, ?, ?, ?, ?, ?, ?)
make question 7425
Hibernate: insert into question (answer, choice1, choice2, choice3, choice4, choice5, content, correct, create_date, filepath, modify_date, score, subject, teacher_id, time, view) values (?, ?, ?, ?, ?, ?, ?, ?, ?, ?, ?, ?, ?, ?, ?, ?)
make question 7426
Hibernate: insert into question (answer, choice1, choice2, choice3, choice4, choice5, content, correct, create_date, filepath, modify_date, score, subject, teacher_id, time, view) values (?, ?, ?, ?, ?, ?, ?, ?, ?, ?, ?, ?, ?, ?, ?, ?)
make question 7427
Hibernate: insert into question (answer, choice1, choice2, choice3, choice4, choice5, content, correct, create_date, filepath, modify_date, score, subject, teacher_id, time, view) values (?, ?, ?, ?, ?, ?, ?, ?, ?, ?, ?, ?, ?, ?, ?, ?)
make question 7428
Hibernate: insert into question (answer, choice1, choice2, choice3, choice4, choice5, content, correct, create_date, filepath, modify_date, score, subject, teacher_id, time, view) values (?, ?, ?, ?, ?, ?, ?, ?, ?, ?, ?, ?, ?, ?, ?, ?)
make question 7429
Hibernate: insert into question (answer, choice1, choice2, choice3, choice4, choice5, content, correct, create_date, filepath, modify_date, score, subject, teacher_id, time, view) values (?, ?, ?, ?, ?, ?, ?, ?, ?, ?, ?, ?, ?, ?, ?, ?)
make question 7430
Hibernate: insert into question (answer, choice1, choice2, choice3, choice4, choice5, content, correct, create_date, filepath, modify_date, score, subject, teacher_id, time, view) values (?, ?, ?, ?, ?, ?, ?, ?, ?, ?, ?, ?, ?, ?, ?, ?)
make question 7431
Hibernate: insert into question (answer, choice1, choice2, choice3, choice4, choice5, content, correct, create_date, filepath, modify_date, score, subject, teacher_id, time, view) values (?, ?, ?, ?, ?, ?, ?, ?, ?, ?, ?, ?, ?, ?, ?, ?)
make question 7432
Hibernate: insert into question (answer, choice1, choice2, choice3, choice4, choice5, content, correct, create_date, filepath, modify_date, score, subject, teacher_id, time, view) values (?, ?, ?, ?, ?, ?, ?, ?, ?, ?, ?, ?, ?, ?, ?, ?)
make question 7433
Hibernate: insert into question (answer, choice1, choice2, choice3, choice4, choice5, content, correct, create_date, filepath, modify_date, score, subject, teacher_id, time, view) values (?, ?, ?, ?, ?, ?, ?, ?, ?, ?, ?, ?, ?, ?, ?, ?)
make question 7434
Hibernate: insert into question (answer, choice1, choice2, choice3, choice4, choice5, content, correct, create_date, filepath, modify_date, score, subject, teacher_id, time, view) values (?, ?, ?, ?, ?, ?, ?, ?, ?, ?, ?, ?, ?, ?, ?, ?)
make question 7435
Hibernate: insert into question (answer, choice1, choice2, choice3, choice4, choice5, content, correct, create_date, filepath, modify_date, score, subject, teacher_id, time, view) values (?, ?, ?, ?, ?, ?, ?, ?, ?, ?, ?, ?, ?, ?, ?, ?)
make question 7436
Hibernate: insert into question (answer, choice1, choice2, choice3, choice4, choice5, content, correct, create_date, filepath, modify_date, score, subject, teacher_id, time, view) values (?, ?, ?, ?, ?, ?, ?, ?, ?, ?, ?, ?, ?, ?, ?, ?)
make question 7437
Hibernate: insert into question (answer, choice1, choice2, choice3, choice4, choice5, content, correct, create_date, filepath, modify_date, score, subject, teacher_id, time, view) values (?, ?, ?, ?, ?, ?, ?, ?, ?, ?, ?, ?, ?, ?, ?, ?)
make question 7438
Hibernate: insert into question (answer, choice1, choice2, choice3, choice4, choice5, content, correct, create_date, filepath, modify_date, score, subject, teacher_id, time, view) values (?, ?, ?, ?, ?, ?, ?, ?, ?, ?, ?, ?, ?, ?, ?, ?)
make question 7439
Hibernate: insert into question (answer, choice1, choice2, choice3, choice4, choice5, content, correct, create_date, filepath, modify_date, score, subject, teacher_id, time, view) values (?, ?, ?, ?, ?, ?, ?, ?, ?, ?, ?, ?, ?, ?, ?, ?)
make question 7440
Hibernate: insert into question (answer, choice1, choice2, choice3, choice4, choice5, content, correct, create_date, filepath, modify_date, score, subject, teacher_id, time, view) values (?, ?, ?, ?, ?, ?, ?, ?, ?, ?, ?, ?, ?, ?, ?, ?)
make question 7441
Hibernate: insert into question (answer, choice1, choice2, choice3, choice4, choice5, content, correct, create_date, filepath, modify_date, score, subject, teacher_id, time, view) values (?, ?, ?, ?, ?, ?, ?, ?, ?, ?, ?, ?, ?, ?, ?, ?)
make question 7442
Hibernate: insert into question (answer, choice1, choice2, choice3, choice4, choice5, content, correct, create_date, filepath, modify_date, score, subject, teacher_id, time, view) values (?, ?, ?, ?, ?, ?, ?, ?, ?, ?, ?, ?, ?, ?, ?, ?)
make question 7443
Hibernate: insert into question (answer, choice1, choice2, choice3, choice4, choice5, content, correct, create_date, filepath, modify_date, score, subject, teacher_id, time, view) values (?, ?, ?, ?, ?, ?, ?, ?, ?, ?, ?, ?, ?, ?, ?, ?)
make question 7444
Hibernate: insert into question (answer, choice1, choice2, choice3, choice4, choice5, content, correct, create_date, filepath, modify_date, score, subject, teacher_id, time, view) values (?, ?, ?, ?, ?, ?, ?, ?, ?, ?, ?, ?, ?, ?, ?, ?)
make question 7445
Hibernate: insert into question (answer, choice1, choice2, choice3, choice4, choice5, content, correct, create_date, filepath, modify_date, score, subject, teacher_id, time, view) values (?, ?, ?, ?, ?, ?, ?, ?, ?, ?, ?, ?, ?, ?, ?, ?)
make question 7446
Hibernate: insert into question (answer, choice1, choice2, choice3, choice4, choice5, content, correct, create_date, filepath, modify_date, score, subject, teacher_id, time, view) values (?, ?, ?, ?, ?, ?, ?, ?, ?, ?, ?, ?, ?, ?, ?, ?)
make question 7447
Hibernate: insert into question (answer, choice1, choice2, choice3, choice4, choice5, content, correct, create_date, filepath, modify_date, score, subject, teacher_id, time, view) values (?, ?, ?, ?, ?, ?, ?, ?, ?, ?, ?, ?, ?, ?, ?, ?)
make question 7448
Hibernate: insert into question (answer, choice1, choice2, choice3, choice4, choice5, content, correct, create_date, filepath, modify_date, score, subject, teacher_id, time, view) values (?, ?, ?, ?, ?, ?, ?, ?, ?, ?, ?, ?, ?, ?, ?, ?)
make question 7449
Hibernate: insert into question (answer, choice1, choice2, choice3, choice4, choice5, content, correct, create_date, filepath, modify_date, score, subject, teacher_id, time, view) values (?, ?, ?, ?, ?, ?, ?, ?, ?, ?, ?, ?, ?, ?, ?, ?)
make question 7450
Hibernate: insert into question (answer, choice1, choice2, choice3, choice4, choice5, content, correct, create_date, filepath, modify_date, score, subject, teacher_id, time, view) values (?, ?, ?, ?, ?, ?, ?, ?, ?, ?, ?, ?, ?, ?, ?, ?)
make question 7451
Hibernate: insert into question (answer, choice1, choice2, choice3, choice4, choice5, content, correct, create_date, filepath, modify_date, score, subject, teacher_id, time, view) values (?, ?, ?, ?, ?, ?, ?, ?, ?, ?, ?, ?, ?, ?, ?, ?)
make question 7452
Hibernate: insert into question (answer, choice1, choice2, choice3, choice4, choice5, content, correct, create_date, filepath, modify_date, score, subject, teacher_id, time, view) values (?, ?, ?, ?, ?, ?, ?, ?, ?, ?, ?, ?, ?, ?, ?, ?)
make question 7453
Hibernate: insert into question (answer, choice1, choice2, choice3, choice4, choice5, content, correct, create_date, filepath, modify_date, score, subject, teacher_id, time, view) values (?, ?, ?, ?, ?, ?, ?, ?, ?, ?, ?, ?, ?, ?, ?, ?)
make question 7454
Hibernate: insert into question (answer, choice1, choice2, choice3, choice4, choice5, content, correct, create_date, filepath, modify_date, score, subject, teacher_id, time, view) values (?, ?, ?, ?, ?, ?, ?, ?, ?, ?, ?, ?, ?, ?, ?, ?)
make question 7455
Hibernate: insert into question (answer, choice1, choice2, choice3, choice4, choice5, content, correct, create_date, filepath, modify_date, score, subject, teacher_id, time, view) values (?, ?, ?, ?, ?, ?, ?, ?, ?, ?, ?, ?, ?, ?, ?, ?)
make question 7456
Hibernate: insert into question (answer, choice1, choice2, choice3, choice4, choice5, content, correct, create_date, filepath, modify_date, score, subject, teacher_id, time, view) values (?, ?, ?, ?, ?, ?, ?, ?, ?, ?, ?, ?, ?, ?, ?, ?)
make question 7457
Hibernate: insert into question (answer, choice1, choice2, choice3, choice4, choice5, content, correct, create_date, filepath, modify_date, score, subject, teacher_id, time, view) values (?, ?, ?, ?, ?, ?, ?, ?, ?, ?, ?, ?, ?, ?, ?, ?)
make question 7458
Hibernate: insert into question (answer, choice1, choice2, choice3, choice4, choice5, content, correct, create_date, filepath, modify_date, score, subject, teacher_id, time, view) values (?, ?, ?, ?, ?, ?, ?, ?, ?, ?, ?, ?, ?, ?, ?, ?)
make question 7459
Hibernate: insert into question (answer, choice1, choice2, choice3, choice4, choice5, content, correct, create_date, filepath, modify_date, score, subject, teacher_id, time, view) values (?, ?, ?, ?, ?, ?, ?, ?, ?, ?, ?, ?, ?, ?, ?, ?)
make question 7460
Hibernate: insert into question (answer, choice1, choice2, choice3, choice4, choice5, content, correct, create_date, filepath, modify_date, score, subject, teacher_id, time, view) values (?, ?, ?, ?, ?, ?, ?, ?, ?, ?, ?, ?, ?, ?, ?, ?)
make question 7461
Hibernate: insert into question (answer, choice1, choice2, choice3, choice4, choice5, content, correct, create_date, filepath, modify_date, score, subject, teacher_id, time, view) values (?, ?, ?, ?, ?, ?, ?, ?, ?, ?, ?, ?, ?, ?, ?, ?)
make question 7462
Hibernate: insert into question (answer, choice1, choice2, choice3, choice4, choice5, content, correct, create_date, filepath, modify_date, score, subject, teacher_id, time, view) values (?, ?, ?, ?, ?, ?, ?, ?, ?, ?, ?, ?, ?, ?, ?, ?)
make question 7463
Hibernate: insert into question (answer, choice1, choice2, choice3, choice4, choice5, content, correct, create_date, filepath, modify_date, score, subject, teacher_id, time, view) values (?, ?, ?, ?, ?, ?, ?, ?, ?, ?, ?, ?, ?, ?, ?, ?)
make question 7464
Hibernate: insert into question (answer, choice1, choice2, choice3, choice4, choice5, content, correct, create_date, filepath, modify_date, score, subject, teacher_id, time, view) values (?, ?, ?, ?, ?, ?, ?, ?, ?, ?, ?, ?, ?, ?, ?, ?)
make question 7465
Hibernate: insert into question (answer, choice1, choice2, choice3, choice4, choice5, content, correct, create_date, filepath, modify_date, score, subject, teacher_id, time, view) values (?, ?, ?, ?, ?, ?, ?, ?, ?, ?, ?, ?, ?, ?, ?, ?)
make question 7466
Hibernate: insert into question (answer, choice1, choice2, choice3, choice4, choice5, content, correct, create_date, filepath, modify_date, score, subject, teacher_id, time, view) values (?, ?, ?, ?, ?, ?, ?, ?, ?, ?, ?, ?, ?, ?, ?, ?)
make question 7467
Hibernate: insert into question (answer, choice1, choice2, choice3, choice4, choice5, content, correct, create_date, filepath, modify_date, score, subject, teacher_id, time, view) values (?, ?, ?, ?, ?, ?, ?, ?, ?, ?, ?, ?, ?, ?, ?, ?)
make question 7468
Hibernate: insert into question (answer, choice1, choice2, choice3, choice4, choice5, content, correct, create_date, filepath, modify_date, score, subject, teacher_id, time, view) values (?, ?, ?, ?, ?, ?, ?, ?, ?, ?, ?, ?, ?, ?, ?, ?)
make question 7469
Hibernate: insert into question (answer, choice1, choice2, choice3, choice4, choice5, content, correct, create_date, filepath, modify_date, score, subject, teacher_id, time, view) values (?, ?, ?, ?, ?, ?, ?, ?, ?, ?, ?, ?, ?, ?, ?, ?)
make question 7470
Hibernate: insert into question (answer, choice1, choice2, choice3, choice4, choice5, content, correct, create_date, filepath, modify_date, score, subject, teacher_id, time, view) values (?, ?, ?, ?, ?, ?, ?, ?, ?, ?, ?, ?, ?, ?, ?, ?)
make question 7471
Hibernate: insert into question (answer, choice1, choice2, choice3, choice4, choice5, content, correct, create_date, filepath, modify_date, score, subject, teacher_id, time, view) values (?, ?, ?, ?, ?, ?, ?, ?, ?, ?, ?, ?, ?, ?, ?, ?)
make question 7472
Hibernate: insert into question (answer, choice1, choice2, choice3, choice4, choice5, content, correct, create_date, filepath, modify_date, score, subject, teacher_id, time, view) values (?, ?, ?, ?, ?, ?, ?, ?, ?, ?, ?, ?, ?, ?, ?, ?)
make question 7473
Hibernate: insert into question (answer, choice1, choice2, choice3, choice4, choice5, content, correct, create_date, filepath, modify_date, score, subject, teacher_id, time, view) values (?, ?, ?, ?, ?, ?, ?, ?, ?, ?, ?, ?, ?, ?, ?, ?)
make question 7474
Hibernate: insert into question (answer, choice1, choice2, choice3, choice4, choice5, content, correct, create_date, filepath, modify_date, score, subject, teacher_id, time, view) values (?, ?, ?, ?, ?, ?, ?, ?, ?, ?, ?, ?, ?, ?, ?, ?)
make question 7475
Hibernate: insert into question (answer, choice1, choice2, choice3, choice4, choice5, content, correct, create_date, filepath, modify_date, score, subject, teacher_id, time, view) values (?, ?, ?, ?, ?, ?, ?, ?, ?, ?, ?, ?, ?, ?, ?, ?)
make question 7476
Hibernate: insert into question (answer, choice1, choice2, choice3, choice4, choice5, content, correct, create_date, filepath, modify_date, score, subject, teacher_id, time, view) values (?, ?, ?, ?, ?, ?, ?, ?, ?, ?, ?, ?, ?, ?, ?, ?)
make question 7477
Hibernate: insert into question (answer, choice1, choice2, choice3, choice4, choice5, content, correct, create_date, filepath, modify_date, score, subject, teacher_id, time, view) values (?, ?, ?, ?, ?, ?, ?, ?, ?, ?, ?, ?, ?, ?, ?, ?)
make question 7478
Hibernate: insert into question (answer, choice1, choice2, choice3, choice4, choice5, content, correct, create_date, filepath, modify_date, score, subject, teacher_id, time, view) values (?, ?, ?, ?, ?, ?, ?, ?, ?, ?, ?, ?, ?, ?, ?, ?)
make question 7479
Hibernate: insert into question (answer, choice1, choice2, choice3, choice4, choice5, content, correct, create_date, filepath, modify_date, score, subject, teacher_id, time, view) values (?, ?, ?, ?, ?, ?, ?, ?, ?, ?, ?, ?, ?, ?, ?, ?)
make question 7480
Hibernate: insert into question (answer, choice1, choice2, choice3, choice4, choice5, content, correct, create_date, filepath, modify_date, score, subject, teacher_id, time, view) values (?, ?, ?, ?, ?, ?, ?, ?, ?, ?, ?, ?, ?, ?, ?, ?)
make question 7481
Hibernate: insert into question (answer, choice1, choice2, choice3, choice4, choice5, content, correct, create_date, filepath, modify_date, score, subject, teacher_id, time, view) values (?, ?, ?, ?, ?, ?, ?, ?, ?, ?, ?, ?, ?, ?, ?, ?)
make question 7482
Hibernate: insert into question (answer, choice1, choice2, choice3, choice4, choice5, content, correct, create_date, filepath, modify_date, score, subject, teacher_id, time, view) values (?, ?, ?, ?, ?, ?, ?, ?, ?, ?, ?, ?, ?, ?, ?, ?)
make question 7483
Hibernate: insert into question (answer, choice1, choice2, choice3, choice4, choice5, content, correct, create_date, filepath, modify_date, score, subject, teacher_id, time, view) values (?, ?, ?, ?, ?, ?, ?, ?, ?, ?, ?, ?, ?, ?, ?, ?)
make question 7484
Hibernate: insert into question (answer, choice1, choice2, choice3, choice4, choice5, content, correct, create_date, filepath, modify_date, score, subject, teacher_id, time, view) values (?, ?, ?, ?, ?, ?, ?, ?, ?, ?, ?, ?, ?, ?, ?, ?)
make question 7485
Hibernate: insert into question (answer, choice1, choice2, choice3, choice4, choice5, content, correct, create_date, filepath, modify_date, score, subject, teacher_id, time, view) values (?, ?, ?, ?, ?, ?, ?, ?, ?, ?, ?, ?, ?, ?, ?, ?)
make question 7486
Hibernate: insert into question (answer, choice1, choice2, choice3, choice4, choice5, content, correct, create_date, filepath, modify_date, score, subject, teacher_id, time, view) values (?, ?, ?, ?, ?, ?, ?, ?, ?, ?, ?, ?, ?, ?, ?, ?)
make question 7487
Hibernate: insert into question (answer, choice1, choice2, choice3, choice4, choice5, content, correct, create_date, filepath, modify_date, score, subject, teacher_id, time, view) values (?, ?, ?, ?, ?, ?, ?, ?, ?, ?, ?, ?, ?, ?, ?, ?)
make question 7488
Hibernate: insert into question (answer, choice1, choice2, choice3, choice4, choice5, content, correct, create_date, filepath, modify_date, score, subject, teacher_id, time, view) values (?, ?, ?, ?, ?, ?, ?, ?, ?, ?, ?, ?, ?, ?, ?, ?)
make question 7489
Hibernate: insert into question (answer, choice1, choice2, choice3, choice4, choice5, content, correct, create_date, filepath, modify_date, score, subject, teacher_id, time, view) values (?, ?, ?, ?, ?, ?, ?, ?, ?, ?, ?, ?, ?, ?, ?, ?)
make question 7490
Hibernate: insert into question (answer, choice1, choice2, choice3, choice4, choice5, content, correct, create_date, filepath, modify_date, score, subject, teacher_id, time, view) values (?, ?, ?, ?, ?, ?, ?, ?, ?, ?, ?, ?, ?, ?, ?, ?)
make question 7491
Hibernate: insert into question (answer, choice1, choice2, choice3, choice4, choice5, content, correct, create_date, filepath, modify_date, score, subject, teacher_id, time, view) values (?, ?, ?, ?, ?, ?, ?, ?, ?, ?, ?, ?, ?, ?, ?, ?)
make question 7492
Hibernate: insert into question (answer, choice1, choice2, choice3, choice4, choice5, content, correct, create_date, filepath, modify_date, score, subject, teacher_id, time, view) values (?, ?, ?, ?, ?, ?, ?, ?, ?, ?, ?, ?, ?, ?, ?, ?)
make question 7493
Hibernate: insert into question (answer, choice1, choice2, choice3, choice4, choice5, content, correct, create_date, filepath, modify_date, score, subject, teacher_id, time, view) values (?, ?, ?, ?, ?, ?, ?, ?, ?, ?, ?, ?, ?, ?, ?, ?)
make question 7494
Hibernate: insert into question (answer, choice1, choice2, choice3, choice4, choice5, content, correct, create_date, filepath, modify_date, score, subject, teacher_id, time, view) values (?, ?, ?, ?, ?, ?, ?, ?, ?, ?, ?, ?, ?, ?, ?, ?)
make question 7495
Hibernate: insert into question (answer, choice1, choice2, choice3, choice4, choice5, content, correct, create_date, filepath, modify_date, score, subject, teacher_id, time, view) values (?, ?, ?, ?, ?, ?, ?, ?, ?, ?, ?, ?, ?, ?, ?, ?)
make question 7496
Hibernate: insert into question (answer, choice1, choice2, choice3, choice4, choice5, content, correct, create_date, filepath, modify_date, score, subject, teacher_id, time, view) values (?, ?, ?, ?, ?, ?, ?, ?, ?, ?, ?, ?, ?, ?, ?, ?)
make question 7497
Hibernate: insert into question (answer, choice1, choice2, choice3, choice4, choice5, content, correct, create_date, filepath, modify_date, score, subject, teacher_id, time, view) values (?, ?, ?, ?, ?, ?, ?, ?, ?, ?, ?, ?, ?, ?, ?, ?)
make question 7498
Hibernate: insert into question (answer, choice1, choice2, choice3, choice4, choice5, content, correct, create_date, filepath, modify_date, score, subject, teacher_id, time, view) values (?, ?, ?, ?, ?, ?, ?, ?, ?, ?, ?, ?, ?, ?, ?, ?)
make question 7499
Hibernate: insert into question (answer, choice1, choice2, choice3, choice4, choice5, content, correct, create_date, filepath, modify_date, score, subject, teacher_id, time, view) values (?, ?, ?, ?, ?, ?, ?, ?, ?, ?, ?, ?, ?, ?, ?, ?)
make question 7500
Hibernate: insert into question (answer, choice1, choice2, choice3, choice4, choice5, content, correct, create_date, filepath, modify_date, score, subject, teacher_id, time, view) values (?, ?, ?, ?, ?, ?, ?, ?, ?, ?, ?, ?, ?, ?, ?, ?)
make question 7501
Hibernate: insert into question (answer, choice1, choice2, choice3, choice4, choice5, content, correct, create_date, filepath, modify_date, score, subject, teacher_id, time, view) values (?, ?, ?, ?, ?, ?, ?, ?, ?, ?, ?, ?, ?, ?, ?, ?)
make question 7502
Hibernate: insert into question (answer, choice1, choice2, choice3, choice4, choice5, content, correct, create_date, filepath, modify_date, score, subject, teacher_id, time, view) values (?, ?, ?, ?, ?, ?, ?, ?, ?, ?, ?, ?, ?, ?, ?, ?)
make question 7503
Hibernate: insert into question (answer, choice1, choice2, choice3, choice4, choice5, content, correct, create_date, filepath, modify_date, score, subject, teacher_id, time, view) values (?, ?, ?, ?, ?, ?, ?, ?, ?, ?, ?, ?, ?, ?, ?, ?)
make question 7504
Hibernate: insert into question (answer, choice1, choice2, choice3, choice4, choice5, content, correct, create_date, filepath, modify_date, score, subject, teacher_id, time, view) values (?, ?, ?, ?, ?, ?, ?, ?, ?, ?, ?, ?, ?, ?, ?, ?)
make question 7505
Hibernate: insert into question (answer, choice1, choice2, choice3, choice4, choice5, content, correct, create_date, filepath, modify_date, score, subject, teacher_id, time, view) values (?, ?, ?, ?, ?, ?, ?, ?, ?, ?, ?, ?, ?, ?, ?, ?)
make question 7506
Hibernate: insert into question (answer, choice1, choice2, choice3, choice4, choice5, content, correct, create_date, filepath, modify_date, score, subject, teacher_id, time, view) values (?, ?, ?, ?, ?, ?, ?, ?, ?, ?, ?, ?, ?, ?, ?, ?)
make question 7507
Hibernate: insert into question (answer, choice1, choice2, choice3, choice4, choice5, content, correct, create_date, filepath, modify_date, score, subject, teacher_id, time, view) values (?, ?, ?, ?, ?, ?, ?, ?, ?, ?, ?, ?, ?, ?, ?, ?)
make question 7508
Hibernate: insert into question (answer, choice1, choice2, choice3, choice4, choice5, content, correct, create_date, filepath, modify_date, score, subject, teacher_id, time, view) values (?, ?, ?, ?, ?, ?, ?, ?, ?, ?, ?, ?, ?, ?, ?, ?)
make question 7509
Hibernate: insert into question (answer, choice1, choice2, choice3, choice4, choice5, content, correct, create_date, filepath, modify_date, score, subject, teacher_id, time, view) values (?, ?, ?, ?, ?, ?, ?, ?, ?, ?, ?, ?, ?, ?, ?, ?)
make question 7510
Hibernate: insert into question (answer, choice1, choice2, choice3, choice4, choice5, content, correct, create_date, filepath, modify_date, score, subject, teacher_id, time, view) values (?, ?, ?, ?, ?, ?, ?, ?, ?, ?, ?, ?, ?, ?, ?, ?)
make question 7511
Hibernate: insert into question (answer, choice1, choice2, choice3, choice4, choice5, content, correct, create_date, filepath, modify_date, score, subject, teacher_id, time, view) values (?, ?, ?, ?, ?, ?, ?, ?, ?, ?, ?, ?, ?, ?, ?, ?)
make question 7512
Hibernate: insert into question (answer, choice1, choice2, choice3, choice4, choice5, content, correct, create_date, filepath, modify_date, score, subject, teacher_id, time, view) values (?, ?, ?, ?, ?, ?, ?, ?, ?, ?, ?, ?, ?, ?, ?, ?)
make question 7513
Hibernate: insert into question (answer, choice1, choice2, choice3, choice4, choice5, content, correct, create_date, filepath, modify_date, score, subject, teacher_id, time, view) values (?, ?, ?, ?, ?, ?, ?, ?, ?, ?, ?, ?, ?, ?, ?, ?)
make question 7514
Hibernate: insert into question (answer, choice1, choice2, choice3, choice4, choice5, content, correct, create_date, filepath, modify_date, score, subject, teacher_id, time, view) values (?, ?, ?, ?, ?, ?, ?, ?, ?, ?, ?, ?, ?, ?, ?, ?)
make question 7515
Hibernate: insert into question (answer, choice1, choice2, choice3, choice4, choice5, content, correct, create_date, filepath, modify_date, score, subject, teacher_id, time, view) values (?, ?, ?, ?, ?, ?, ?, ?, ?, ?, ?, ?, ?, ?, ?, ?)
make question 7516
Hibernate: insert into question (answer, choice1, choice2, choice3, choice4, choice5, content, correct, create_date, filepath, modify_date, score, subject, teacher_id, time, view) values (?, ?, ?, ?, ?, ?, ?, ?, ?, ?, ?, ?, ?, ?, ?, ?)
make question 7517
Hibernate: insert into question (answer, choice1, choice2, choice3, choice4, choice5, content, correct, create_date, filepath, modify_date, score, subject, teacher_id, time, view) values (?, ?, ?, ?, ?, ?, ?, ?, ?, ?, ?, ?, ?, ?, ?, ?)
make question 7518
Hibernate: insert into question (answer, choice1, choice2, choice3, choice4, choice5, content, correct, create_date, filepath, modify_date, score, subject, teacher_id, time, view) values (?, ?, ?, ?, ?, ?, ?, ?, ?, ?, ?, ?, ?, ?, ?, ?)
make question 7519
Hibernate: insert into question (answer, choice1, choice2, choice3, choice4, choice5, content, correct, create_date, filepath, modify_date, score, subject, teacher_id, time, view) values (?, ?, ?, ?, ?, ?, ?, ?, ?, ?, ?, ?, ?, ?, ?, ?)
make question 7520
Hibernate: insert into question (answer, choice1, choice2, choice3, choice4, choice5, content, correct, create_date, filepath, modify_date, score, subject, teacher_id, time, view) values (?, ?, ?, ?, ?, ?, ?, ?, ?, ?, ?, ?, ?, ?, ?, ?)
make question 7521
Hibernate: insert into question (answer, choice1, choice2, choice3, choice4, choice5, content, correct, create_date, filepath, modify_date, score, subject, teacher_id, time, view) values (?, ?, ?, ?, ?, ?, ?, ?, ?, ?, ?, ?, ?, ?, ?, ?)
make question 7522
Hibernate: insert into question (answer, choice1, choice2, choice3, choice4, choice5, content, correct, create_date, filepath, modify_date, score, subject, teacher_id, time, view) values (?, ?, ?, ?, ?, ?, ?, ?, ?, ?, ?, ?, ?, ?, ?, ?)
make question 7523
Hibernate: insert into question (answer, choice1, choice2, choice3, choice4, choice5, content, correct, create_date, filepath, modify_date, score, subject, teacher_id, time, view) values (?, ?, ?, ?, ?, ?, ?, ?, ?, ?, ?, ?, ?, ?, ?, ?)
make question 7524
Hibernate: insert into question (answer, choice1, choice2, choice3, choice4, choice5, content, correct, create_date, filepath, modify_date, score, subject, teacher_id, time, view) values (?, ?, ?, ?, ?, ?, ?, ?, ?, ?, ?, ?, ?, ?, ?, ?)
make question 7525
Hibernate: insert into question (answer, choice1, choice2, choice3, choice4, choice5, content, correct, create_date, filepath, modify_date, score, subject, teacher_id, time, view) values (?, ?, ?, ?, ?, ?, ?, ?, ?, ?, ?, ?, ?, ?, ?, ?)
make question 7526
Hibernate: insert into question (answer, choice1, choice2, choice3, choice4, choice5, content, correct, create_date, filepath, modify_date, score, subject, teacher_id, time, view) values (?, ?, ?, ?, ?, ?, ?, ?, ?, ?, ?, ?, ?, ?, ?, ?)
make question 7527
Hibernate: insert into question (answer, choice1, choice2, choice3, choice4, choice5, content, correct, create_date, filepath, modify_date, score, subject, teacher_id, time, view) values (?, ?, ?, ?, ?, ?, ?, ?, ?, ?, ?, ?, ?, ?, ?, ?)
make question 7528
Hibernate: insert into question (answer, choice1, choice2, choice3, choice4, choice5, content, correct, create_date, filepath, modify_date, score, subject, teacher_id, time, view) values (?, ?, ?, ?, ?, ?, ?, ?, ?, ?, ?, ?, ?, ?, ?, ?)
make question 7529
Hibernate: insert into question (answer, choice1, choice2, choice3, choice4, choice5, content, correct, create_date, filepath, modify_date, score, subject, teacher_id, time, view) values (?, ?, ?, ?, ?, ?, ?, ?, ?, ?, ?, ?, ?, ?, ?, ?)
make question 7530
Hibernate: insert into question (answer, choice1, choice2, choice3, choice4, choice5, content, correct, create_date, filepath, modify_date, score, subject, teacher_id, time, view) values (?, ?, ?, ?, ?, ?, ?, ?, ?, ?, ?, ?, ?, ?, ?, ?)
make question 7531
Hibernate: insert into question (answer, choice1, choice2, choice3, choice4, choice5, content, correct, create_date, filepath, modify_date, score, subject, teacher_id, time, view) values (?, ?, ?, ?, ?, ?, ?, ?, ?, ?, ?, ?, ?, ?, ?, ?)
make question 7532
Hibernate: insert into question (answer, choice1, choice2, choice3, choice4, choice5, content, correct, create_date, filepath, modify_date, score, subject, teacher_id, time, view) values (?, ?, ?, ?, ?, ?, ?, ?, ?, ?, ?, ?, ?, ?, ?, ?)
make question 7533
Hibernate: insert into question (answer, choice1, choice2, choice3, choice4, choice5, content, correct, create_date, filepath, modify_date, score, subject, teacher_id, time, view) values (?, ?, ?, ?, ?, ?, ?, ?, ?, ?, ?, ?, ?, ?, ?, ?)
make question 7534
Hibernate: insert into question (answer, choice1, choice2, choice3, choice4, choice5, content, correct, create_date, filepath, modify_date, score, subject, teacher_id, time, view) values (?, ?, ?, ?, ?, ?, ?, ?, ?, ?, ?, ?, ?, ?, ?, ?)
make question 7535
Hibernate: insert into question (answer, choice1, choice2, choice3, choice4, choice5, content, correct, create_date, filepath, modify_date, score, subject, teacher_id, time, view) values (?, ?, ?, ?, ?, ?, ?, ?, ?, ?, ?, ?, ?, ?, ?, ?)
make question 7536
Hibernate: insert into question (answer, choice1, choice2, choice3, choice4, choice5, content, correct, create_date, filepath, modify_date, score, subject, teacher_id, time, view) values (?, ?, ?, ?, ?, ?, ?, ?, ?, ?, ?, ?, ?, ?, ?, ?)
make question 7537
Hibernate: insert into question (answer, choice1, choice2, choice3, choice4, choice5, content, correct, create_date, filepath, modify_date, score, subject, teacher_id, time, view) values (?, ?, ?, ?, ?, ?, ?, ?, ?, ?, ?, ?, ?, ?, ?, ?)
make question 7538
Hibernate: insert into question (answer, choice1, choice2, choice3, choice4, choice5, content, correct, create_date, filepath, modify_date, score, subject, teacher_id, time, view) values (?, ?, ?, ?, ?, ?, ?, ?, ?, ?, ?, ?, ?, ?, ?, ?)
make question 7539
Hibernate: insert into question (answer, choice1, choice2, choice3, choice4, choice5, content, correct, create_date, filepath, modify_date, score, subject, teacher_id, time, view) values (?, ?, ?, ?, ?, ?, ?, ?, ?, ?, ?, ?, ?, ?, ?, ?)
make question 7540
Hibernate: insert into question (answer, choice1, choice2, choice3, choice4, choice5, content, correct, create_date, filepath, modify_date, score, subject, teacher_id, time, view) values (?, ?, ?, ?, ?, ?, ?, ?, ?, ?, ?, ?, ?, ?, ?, ?)
make question 7541
Hibernate: insert into question (answer, choice1, choice2, choice3, choice4, choice5, content, correct, create_date, filepath, modify_date, score, subject, teacher_id, time, view) values (?, ?, ?, ?, ?, ?, ?, ?, ?, ?, ?, ?, ?, ?, ?, ?)
make question 7542
Hibernate: insert into question (answer, choice1, choice2, choice3, choice4, choice5, content, correct, create_date, filepath, modify_date, score, subject, teacher_id, time, view) values (?, ?, ?, ?, ?, ?, ?, ?, ?, ?, ?, ?, ?, ?, ?, ?)
make question 7543
Hibernate: insert into question (answer, choice1, choice2, choice3, choice4, choice5, content, correct, create_date, filepath, modify_date, score, subject, teacher_id, time, view) values (?, ?, ?, ?, ?, ?, ?, ?, ?, ?, ?, ?, ?, ?, ?, ?)
make question 7544
Hibernate: insert into question (answer, choice1, choice2, choice3, choice4, choice5, content, correct, create_date, filepath, modify_date, score, subject, teacher_id, time, view) values (?, ?, ?, ?, ?, ?, ?, ?, ?, ?, ?, ?, ?, ?, ?, ?)
make question 7545
Hibernate: insert into question (answer, choice1, choice2, choice3, choice4, choice5, content, correct, create_date, filepath, modify_date, score, subject, teacher_id, time, view) values (?, ?, ?, ?, ?, ?, ?, ?, ?, ?, ?, ?, ?, ?, ?, ?)
make question 7546
Hibernate: insert into question (answer, choice1, choice2, choice3, choice4, choice5, content, correct, create_date, filepath, modify_date, score, subject, teacher_id, time, view) values (?, ?, ?, ?, ?, ?, ?, ?, ?, ?, ?, ?, ?, ?, ?, ?)
make question 7547
Hibernate: insert into question (answer, choice1, choice2, choice3, choice4, choice5, content, correct, create_date, filepath, modify_date, score, subject, teacher_id, time, view) values (?, ?, ?, ?, ?, ?, ?, ?, ?, ?, ?, ?, ?, ?, ?, ?)
make question 7548
Hibernate: insert into question (answer, choice1, choice2, choice3, choice4, choice5, content, correct, create_date, filepath, modify_date, score, subject, teacher_id, time, view) values (?, ?, ?, ?, ?, ?, ?, ?, ?, ?, ?, ?, ?, ?, ?, ?)
make question 7549
Hibernate: insert into question (answer, choice1, choice2, choice3, choice4, choice5, content, correct, create_date, filepath, modify_date, score, subject, teacher_id, time, view) values (?, ?, ?, ?, ?, ?, ?, ?, ?, ?, ?, ?, ?, ?, ?, ?)
make question 7550
Hibernate: insert into question (answer, choice1, choice2, choice3, choice4, choice5, content, correct, create_date, filepath, modify_date, score, subject, teacher_id, time, view) values (?, ?, ?, ?, ?, ?, ?, ?, ?, ?, ?, ?, ?, ?, ?, ?)
make question 7551
Hibernate: insert into question (answer, choice1, choice2, choice3, choice4, choice5, content, correct, create_date, filepath, modify_date, score, subject, teacher_id, time, view) values (?, ?, ?, ?, ?, ?, ?, ?, ?, ?, ?, ?, ?, ?, ?, ?)
make question 7552
Hibernate: insert into question (answer, choice1, choice2, choice3, choice4, choice5, content, correct, create_date, filepath, modify_date, score, subject, teacher_id, time, view) values (?, ?, ?, ?, ?, ?, ?, ?, ?, ?, ?, ?, ?, ?, ?, ?)
make question 7553
Hibernate: insert into question (answer, choice1, choice2, choice3, choice4, choice5, content, correct, create_date, filepath, modify_date, score, subject, teacher_id, time, view) values (?, ?, ?, ?, ?, ?, ?, ?, ?, ?, ?, ?, ?, ?, ?, ?)
make question 7554
Hibernate: insert into question (answer, choice1, choice2, choice3, choice4, choice5, content, correct, create_date, filepath, modify_date, score, subject, teacher_id, time, view) values (?, ?, ?, ?, ?, ?, ?, ?, ?, ?, ?, ?, ?, ?, ?, ?)
make question 7555
Hibernate: insert into question (answer, choice1, choice2, choice3, choice4, choice5, content, correct, create_date, filepath, modify_date, score, subject, teacher_id, time, view) values (?, ?, ?, ?, ?, ?, ?, ?, ?, ?, ?, ?, ?, ?, ?, ?)
make question 7556
Hibernate: insert into question (answer, choice1, choice2, choice3, choice4, choice5, content, correct, create_date, filepath, modify_date, score, subject, teacher_id, time, view) values (?, ?, ?, ?, ?, ?, ?, ?, ?, ?, ?, ?, ?, ?, ?, ?)
make question 7557
Hibernate: insert into question (answer, choice1, choice2, choice3, choice4, choice5, content, correct, create_date, filepath, modify_date, score, subject, teacher_id, time, view) values (?, ?, ?, ?, ?, ?, ?, ?, ?, ?, ?, ?, ?, ?, ?, ?)
make question 7558
Hibernate: insert into question (answer, choice1, choice2, choice3, choice4, choice5, content, correct, create_date, filepath, modify_date, score, subject, teacher_id, time, view) values (?, ?, ?, ?, ?, ?, ?, ?, ?, ?, ?, ?, ?, ?, ?, ?)
make question 7559
Hibernate: insert into question (answer, choice1, choice2, choice3, choice4, choice5, content, correct, create_date, filepath, modify_date, score, subject, teacher_id, time, view) values (?, ?, ?, ?, ?, ?, ?, ?, ?, ?, ?, ?, ?, ?, ?, ?)
make question 7560
Hibernate: insert into question (answer, choice1, choice2, choice3, choice4, choice5, content, correct, create_date, filepath, modify_date, score, subject, teacher_id, time, view) values (?, ?, ?, ?, ?, ?, ?, ?, ?, ?, ?, ?, ?, ?, ?, ?)
make question 7561
Hibernate: insert into question (answer, choice1, choice2, choice3, choice4, choice5, content, correct, create_date, filepath, modify_date, score, subject, teacher_id, time, view) values (?, ?, ?, ?, ?, ?, ?, ?, ?, ?, ?, ?, ?, ?, ?, ?)
make question 7562
Hibernate: insert into question (answer, choice1, choice2, choice3, choice4, choice5, content, correct, create_date, filepath, modify_date, score, subject, teacher_id, time, view) values (?, ?, ?, ?, ?, ?, ?, ?, ?, ?, ?, ?, ?, ?, ?, ?)
make question 7563
Hibernate: insert into question (answer, choice1, choice2, choice3, choice4, choice5, content, correct, create_date, filepath, modify_date, score, subject, teacher_id, time, view) values (?, ?, ?, ?, ?, ?, ?, ?, ?, ?, ?, ?, ?, ?, ?, ?)
make question 7564
Hibernate: insert into question (answer, choice1, choice2, choice3, choice4, choice5, content, correct, create_date, filepath, modify_date, score, subject, teacher_id, time, view) values (?, ?, ?, ?, ?, ?, ?, ?, ?, ?, ?, ?, ?, ?, ?, ?)
make question 7565
Hibernate: insert into question (answer, choice1, choice2, choice3, choice4, choice5, content, correct, create_date, filepath, modify_date, score, subject, teacher_id, time, view) values (?, ?, ?, ?, ?, ?, ?, ?, ?, ?, ?, ?, ?, ?, ?, ?)
make question 7566
Hibernate: insert into question (answer, choice1, choice2, choice3, choice4, choice5, content, correct, create_date, filepath, modify_date, score, subject, teacher_id, time, view) values (?, ?, ?, ?, ?, ?, ?, ?, ?, ?, ?, ?, ?, ?, ?, ?)
make question 7567
Hibernate: insert into question (answer, choice1, choice2, choice3, choice4, choice5, content, correct, create_date, filepath, modify_date, score, subject, teacher_id, time, view) values (?, ?, ?, ?, ?, ?, ?, ?, ?, ?, ?, ?, ?, ?, ?, ?)
make question 7568
Hibernate: insert into question (answer, choice1, choice2, choice3, choice4, choice5, content, correct, create_date, filepath, modify_date, score, subject, teacher_id, time, view) values (?, ?, ?, ?, ?, ?, ?, ?, ?, ?, ?, ?, ?, ?, ?, ?)
make question 7569
Hibernate: insert into question (answer, choice1, choice2, choice3, choice4, choice5, content, correct, create_date, filepath, modify_date, score, subject, teacher_id, time, view) values (?, ?, ?, ?, ?, ?, ?, ?, ?, ?, ?, ?, ?, ?, ?, ?)
make question 7570
Hibernate: insert into question (answer, choice1, choice2, choice3, choice4, choice5, content, correct, create_date, filepath, modify_date, score, subject, teacher_id, time, view) values (?, ?, ?, ?, ?, ?, ?, ?, ?, ?, ?, ?, ?, ?, ?, ?)
make question 7571
Hibernate: insert into question (answer, choice1, choice2, choice3, choice4, choice5, content, correct, create_date, filepath, modify_date, score, subject, teacher_id, time, view) values (?, ?, ?, ?, ?, ?, ?, ?, ?, ?, ?, ?, ?, ?, ?, ?)
make question 7572
Hibernate: insert into question (answer, choice1, choice2, choice3, choice4, choice5, content, correct, create_date, filepath, modify_date, score, subject, teacher_id, time, view) values (?, ?, ?, ?, ?, ?, ?, ?, ?, ?, ?, ?, ?, ?, ?, ?)
make question 7573
Hibernate: insert into question (answer, choice1, choice2, choice3, choice4, choice5, content, correct, create_date, filepath, modify_date, score, subject, teacher_id, time, view) values (?, ?, ?, ?, ?, ?, ?, ?, ?, ?, ?, ?, ?, ?, ?, ?)
make question 7574
Hibernate: insert into question (answer, choice1, choice2, choice3, choice4, choice5, content, correct, create_date, filepath, modify_date, score, subject, teacher_id, time, view) values (?, ?, ?, ?, ?, ?, ?, ?, ?, ?, ?, ?, ?, ?, ?, ?)
make question 7575
Hibernate: insert into question (answer, choice1, choice2, choice3, choice4, choice5, content, correct, create_date, filepath, modify_date, score, subject, teacher_id, time, view) values (?, ?, ?, ?, ?, ?, ?, ?, ?, ?, ?, ?, ?, ?, ?, ?)
make question 7576
Hibernate: insert into question (answer, choice1, choice2, choice3, choice4, choice5, content, correct, create_date, filepath, modify_date, score, subject, teacher_id, time, view) values (?, ?, ?, ?, ?, ?, ?, ?, ?, ?, ?, ?, ?, ?, ?, ?)
make question 7577
Hibernate: insert into question (answer, choice1, choice2, choice3, choice4, choice5, content, correct, create_date, filepath, modify_date, score, subject, teacher_id, time, view) values (?, ?, ?, ?, ?, ?, ?, ?, ?, ?, ?, ?, ?, ?, ?, ?)
make question 7578
Hibernate: insert into question (answer, choice1, choice2, choice3, choice4, choice5, content, correct, create_date, filepath, modify_date, score, subject, teacher_id, time, view) values (?, ?, ?, ?, ?, ?, ?, ?, ?, ?, ?, ?, ?, ?, ?, ?)
make question 7579
Hibernate: insert into question (answer, choice1, choice2, choice3, choice4, choice5, content, correct, create_date, filepath, modify_date, score, subject, teacher_id, time, view) values (?, ?, ?, ?, ?, ?, ?, ?, ?, ?, ?, ?, ?, ?, ?, ?)
make question 7580
Hibernate: insert into question (answer, choice1, choice2, choice3, choice4, choice5, content, correct, create_date, filepath, modify_date, score, subject, teacher_id, time, view) values (?, ?, ?, ?, ?, ?, ?, ?, ?, ?, ?, ?, ?, ?, ?, ?)
make question 7581
Hibernate: insert into question (answer, choice1, choice2, choice3, choice4, choice5, content, correct, create_date, filepath, modify_date, score, subject, teacher_id, time, view) values (?, ?, ?, ?, ?, ?, ?, ?, ?, ?, ?, ?, ?, ?, ?, ?)
make question 7582
Hibernate: insert into question (answer, choice1, choice2, choice3, choice4, choice5, content, correct, create_date, filepath, modify_date, score, subject, teacher_id, time, view) values (?, ?, ?, ?, ?, ?, ?, ?, ?, ?, ?, ?, ?, ?, ?, ?)
make question 7583
Hibernate: insert into question (answer, choice1, choice2, choice3, choice4, choice5, content, correct, create_date, filepath, modify_date, score, subject, teacher_id, time, view) values (?, ?, ?, ?, ?, ?, ?, ?, ?, ?, ?, ?, ?, ?, ?, ?)
make question 7584
Hibernate: insert into question (answer, choice1, choice2, choice3, choice4, choice5, content, correct, create_date, filepath, modify_date, score, subject, teacher_id, time, view) values (?, ?, ?, ?, ?, ?, ?, ?, ?, ?, ?, ?, ?, ?, ?, ?)
make question 7585
Hibernate: insert into question (answer, choice1, choice2, choice3, choice4, choice5, content, correct, create_date, filepath, modify_date, score, subject, teacher_id, time, view) values (?, ?, ?, ?, ?, ?, ?, ?, ?, ?, ?, ?, ?, ?, ?, ?)
make question 7586
Hibernate: insert into question (answer, choice1, choice2, choice3, choice4, choice5, content, correct, create_date, filepath, modify_date, score, subject, teacher_id, time, view) values (?, ?, ?, ?, ?, ?, ?, ?, ?, ?, ?, ?, ?, ?, ?, ?)
make question 7587
Hibernate: insert into question (answer, choice1, choice2, choice3, choice4, choice5, content, correct, create_date, filepath, modify_date, score, subject, teacher_id, time, view) values (?, ?, ?, ?, ?, ?, ?, ?, ?, ?, ?, ?, ?, ?, ?, ?)
make question 7588
Hibernate: insert into question (answer, choice1, choice2, choice3, choice4, choice5, content, correct, create_date, filepath, modify_date, score, subject, teacher_id, time, view) values (?, ?, ?, ?, ?, ?, ?, ?, ?, ?, ?, ?, ?, ?, ?, ?)
make question 7589
Hibernate: insert into question (answer, choice1, choice2, choice3, choice4, choice5, content, correct, create_date, filepath, modify_date, score, subject, teacher_id, time, view) values (?, ?, ?, ?, ?, ?, ?, ?, ?, ?, ?, ?, ?, ?, ?, ?)
make question 7590
Hibernate: insert into question (answer, choice1, choice2, choice3, choice4, choice5, content, correct, create_date, filepath, modify_date, score, subject, teacher_id, time, view) values (?, ?, ?, ?, ?, ?, ?, ?, ?, ?, ?, ?, ?, ?, ?, ?)
make question 7591
Hibernate: insert into question (answer, choice1, choice2, choice3, choice4, choice5, content, correct, create_date, filepath, modify_date, score, subject, teacher_id, time, view) values (?, ?, ?, ?, ?, ?, ?, ?, ?, ?, ?, ?, ?, ?, ?, ?)
make question 7592
Hibernate: insert into question (answer, choice1, choice2, choice3, choice4, choice5, content, correct, create_date, filepath, modify_date, score, subject, teacher_id, time, view) values (?, ?, ?, ?, ?, ?, ?, ?, ?, ?, ?, ?, ?, ?, ?, ?)
make question 7593
Hibernate: insert into question (answer, choice1, choice2, choice3, choice4, choice5, content, correct, create_date, filepath, modify_date, score, subject, teacher_id, time, view) values (?, ?, ?, ?, ?, ?, ?, ?, ?, ?, ?, ?, ?, ?, ?, ?)
make question 7594
Hibernate: insert into question (answer, choice1, choice2, choice3, choice4, choice5, content, correct, create_date, filepath, modify_date, score, subject, teacher_id, time, view) values (?, ?, ?, ?, ?, ?, ?, ?, ?, ?, ?, ?, ?, ?, ?, ?)
make question 7595
Hibernate: insert into question (answer, choice1, choice2, choice3, choice4, choice5, content, correct, create_date, filepath, modify_date, score, subject, teacher_id, time, view) values (?, ?, ?, ?, ?, ?, ?, ?, ?, ?, ?, ?, ?, ?, ?, ?)
make question 7596
Hibernate: insert into question (answer, choice1, choice2, choice3, choice4, choice5, content, correct, create_date, filepath, modify_date, score, subject, teacher_id, time, view) values (?, ?, ?, ?, ?, ?, ?, ?, ?, ?, ?, ?, ?, ?, ?, ?)
make question 7597
Hibernate: insert into question (answer, choice1, choice2, choice3, choice4, choice5, content, correct, create_date, filepath, modify_date, score, subject, teacher_id, time, view) values (?, ?, ?, ?, ?, ?, ?, ?, ?, ?, ?, ?, ?, ?, ?, ?)
make question 7598
Hibernate: insert into question (answer, choice1, choice2, choice3, choice4, choice5, content, correct, create_date, filepath, modify_date, score, subject, teacher_id, time, view) values (?, ?, ?, ?, ?, ?, ?, ?, ?, ?, ?, ?, ?, ?, ?, ?)
make question 7599
Hibernate: insert into question (answer, choice1, choice2, choice3, choice4, choice5, content, correct, create_date, filepath, modify_date, score, subject, teacher_id, time, view) values (?, ?, ?, ?, ?, ?, ?, ?, ?, ?, ?, ?, ?, ?, ?, ?)
make question 7600
Hibernate: insert into question (answer, choice1, choice2, choice3, choice4, choice5, content, correct, create_date, filepath, modify_date, score, subject, teacher_id, time, view) values (?, ?, ?, ?, ?, ?, ?, ?, ?, ?, ?, ?, ?, ?, ?, ?)
make question 7601
Hibernate: insert into question (answer, choice1, choice2, choice3, choice4, choice5, content, correct, create_date, filepath, modify_date, score, subject, teacher_id, time, view) values (?, ?, ?, ?, ?, ?, ?, ?, ?, ?, ?, ?, ?, ?, ?, ?)
make question 7602
Hibernate: insert into question (answer, choice1, choice2, choice3, choice4, choice5, content, correct, create_date, filepath, modify_date, score, subject, teacher_id, time, view) values (?, ?, ?, ?, ?, ?, ?, ?, ?, ?, ?, ?, ?, ?, ?, ?)
make question 7603
Hibernate: insert into question (answer, choice1, choice2, choice3, choice4, choice5, content, correct, create_date, filepath, modify_date, score, subject, teacher_id, time, view) values (?, ?, ?, ?, ?, ?, ?, ?, ?, ?, ?, ?, ?, ?, ?, ?)
make question 7604
Hibernate: insert into question (answer, choice1, choice2, choice3, choice4, choice5, content, correct, create_date, filepath, modify_date, score, subject, teacher_id, time, view) values (?, ?, ?, ?, ?, ?, ?, ?, ?, ?, ?, ?, ?, ?, ?, ?)
make question 7605
Hibernate: insert into question (answer, choice1, choice2, choice3, choice4, choice5, content, correct, create_date, filepath, modify_date, score, subject, teacher_id, time, view) values (?, ?, ?, ?, ?, ?, ?, ?, ?, ?, ?, ?, ?, ?, ?, ?)
make question 7606
Hibernate: insert into question (answer, choice1, choice2, choice3, choice4, choice5, content, correct, create_date, filepath, modify_date, score, subject, teacher_id, time, view) values (?, ?, ?, ?, ?, ?, ?, ?, ?, ?, ?, ?, ?, ?, ?, ?)
make question 7607
Hibernate: insert into question (answer, choice1, choice2, choice3, choice4, choice5, content, correct, create_date, filepath, modify_date, score, subject, teacher_id, time, view) values (?, ?, ?, ?, ?, ?, ?, ?, ?, ?, ?, ?, ?, ?, ?, ?)
make question 7608
Hibernate: insert into question (answer, choice1, choice2, choice3, choice4, choice5, content, correct, create_date, filepath, modify_date, score, subject, teacher_id, time, view) values (?, ?, ?, ?, ?, ?, ?, ?, ?, ?, ?, ?, ?, ?, ?, ?)
make question 7609
Hibernate: insert into question (answer, choice1, choice2, choice3, choice4, choice5, content, correct, create_date, filepath, modify_date, score, subject, teacher_id, time, view) values (?, ?, ?, ?, ?, ?, ?, ?, ?, ?, ?, ?, ?, ?, ?, ?)
make question 7610
Hibernate: insert into question (answer, choice1, choice2, choice3, choice4, choice5, content, correct, create_date, filepath, modify_date, score, subject, teacher_id, time, view) values (?, ?, ?, ?, ?, ?, ?, ?, ?, ?, ?, ?, ?, ?, ?, ?)
make question 7611
Hibernate: insert into question (answer, choice1, choice2, choice3, choice4, choice5, content, correct, create_date, filepath, modify_date, score, subject, teacher_id, time, view) values (?, ?, ?, ?, ?, ?, ?, ?, ?, ?, ?, ?, ?, ?, ?, ?)
make question 7612
Hibernate: insert into question (answer, choice1, choice2, choice3, choice4, choice5, content, correct, create_date, filepath, modify_date, score, subject, teacher_id, time, view) values (?, ?, ?, ?, ?, ?, ?, ?, ?, ?, ?, ?, ?, ?, ?, ?)
make question 7613
Hibernate: insert into question (answer, choice1, choice2, choice3, choice4, choice5, content, correct, create_date, filepath, modify_date, score, subject, teacher_id, time, view) values (?, ?, ?, ?, ?, ?, ?, ?, ?, ?, ?, ?, ?, ?, ?, ?)
make question 7614
Hibernate: insert into question (answer, choice1, choice2, choice3, choice4, choice5, content, correct, create_date, filepath, modify_date, score, subject, teacher_id, time, view) values (?, ?, ?, ?, ?, ?, ?, ?, ?, ?, ?, ?, ?, ?, ?, ?)
make question 7615
Hibernate: insert into question (answer, choice1, choice2, choice3, choice4, choice5, content, correct, create_date, filepath, modify_date, score, subject, teacher_id, time, view) values (?, ?, ?, ?, ?, ?, ?, ?, ?, ?, ?, ?, ?, ?, ?, ?)
make question 7616
Hibernate: insert into question (answer, choice1, choice2, choice3, choice4, choice5, content, correct, create_date, filepath, modify_date, score, subject, teacher_id, time, view) values (?, ?, ?, ?, ?, ?, ?, ?, ?, ?, ?, ?, ?, ?, ?, ?)
make question 7617
Hibernate: insert into question (answer, choice1, choice2, choice3, choice4, choice5, content, correct, create_date, filepath, modify_date, score, subject, teacher_id, time, view) values (?, ?, ?, ?, ?, ?, ?, ?, ?, ?, ?, ?, ?, ?, ?, ?)
make question 7618
Hibernate: insert into question (answer, choice1, choice2, choice3, choice4, choice5, content, correct, create_date, filepath, modify_date, score, subject, teacher_id, time, view) values (?, ?, ?, ?, ?, ?, ?, ?, ?, ?, ?, ?, ?, ?, ?, ?)
make question 7619
Hibernate: insert into question (answer, choice1, choice2, choice3, choice4, choice5, content, correct, create_date, filepath, modify_date, score, subject, teacher_id, time, view) values (?, ?, ?, ?, ?, ?, ?, ?, ?, ?, ?, ?, ?, ?, ?, ?)
make question 7620
Hibernate: insert into question (answer, choice1, choice2, choice3, choice4, choice5, content, correct, create_date, filepath, modify_date, score, subject, teacher_id, time, view) values (?, ?, ?, ?, ?, ?, ?, ?, ?, ?, ?, ?, ?, ?, ?, ?)
make question 7621
Hibernate: insert into question (answer, choice1, choice2, choice3, choice4, choice5, content, correct, create_date, filepath, modify_date, score, subject, teacher_id, time, view) values (?, ?, ?, ?, ?, ?, ?, ?, ?, ?, ?, ?, ?, ?, ?, ?)
make question 7622
Hibernate: insert into question (answer, choice1, choice2, choice3, choice4, choice5, content, correct, create_date, filepath, modify_date, score, subject, teacher_id, time, view) values (?, ?, ?, ?, ?, ?, ?, ?, ?, ?, ?, ?, ?, ?, ?, ?)
make question 7623
Hibernate: insert into question (answer, choice1, choice2, choice3, choice4, choice5, content, correct, create_date, filepath, modify_date, score, subject, teacher_id, time, view) values (?, ?, ?, ?, ?, ?, ?, ?, ?, ?, ?, ?, ?, ?, ?, ?)
make question 7624
Hibernate: insert into question (answer, choice1, choice2, choice3, choice4, choice5, content, correct, create_date, filepath, modify_date, score, subject, teacher_id, time, view) values (?, ?, ?, ?, ?, ?, ?, ?, ?, ?, ?, ?, ?, ?, ?, ?)
make question 7625
Hibernate: insert into question (answer, choice1, choice2, choice3, choice4, choice5, content, correct, create_date, filepath, modify_date, score, subject, teacher_id, time, view) values (?, ?, ?, ?, ?, ?, ?, ?, ?, ?, ?, ?, ?, ?, ?, ?)
make question 7626
Hibernate: insert into question (answer, choice1, choice2, choice3, choice4, choice5, content, correct, create_date, filepath, modify_date, score, subject, teacher_id, time, view) values (?, ?, ?, ?, ?, ?, ?, ?, ?, ?, ?, ?, ?, ?, ?, ?)
make question 7627
Hibernate: insert into question (answer, choice1, choice2, choice3, choice4, choice5, content, correct, create_date, filepath, modify_date, score, subject, teacher_id, time, view) values (?, ?, ?, ?, ?, ?, ?, ?, ?, ?, ?, ?, ?, ?, ?, ?)
make question 7628
Hibernate: insert into question (answer, choice1, choice2, choice3, choice4, choice5, content, correct, create_date, filepath, modify_date, score, subject, teacher_id, time, view) values (?, ?, ?, ?, ?, ?, ?, ?, ?, ?, ?, ?, ?, ?, ?, ?)
make question 7629
Hibernate: insert into question (answer, choice1, choice2, choice3, choice4, choice5, content, correct, create_date, filepath, modify_date, score, subject, teacher_id, time, view) values (?, ?, ?, ?, ?, ?, ?, ?, ?, ?, ?, ?, ?, ?, ?, ?)
make question 7630
Hibernate: insert into question (answer, choice1, choice2, choice3, choice4, choice5, content, correct, create_date, filepath, modify_date, score, subject, teacher_id, time, view) values (?, ?, ?, ?, ?, ?, ?, ?, ?, ?, ?, ?, ?, ?, ?, ?)
make question 7631
Hibernate: insert into question (answer, choice1, choice2, choice3, choice4, choice5, content, correct, create_date, filepath, modify_date, score, subject, teacher_id, time, view) values (?, ?, ?, ?, ?, ?, ?, ?, ?, ?, ?, ?, ?, ?, ?, ?)
make question 7632
Hibernate: insert into question (answer, choice1, choice2, choice3, choice4, choice5, content, correct, create_date, filepath, modify_date, score, subject, teacher_id, time, view) values (?, ?, ?, ?, ?, ?, ?, ?, ?, ?, ?, ?, ?, ?, ?, ?)
make question 7633
Hibernate: insert into question (answer, choice1, choice2, choice3, choice4, choice5, content, correct, create_date, filepath, modify_date, score, subject, teacher_id, time, view) values (?, ?, ?, ?, ?, ?, ?, ?, ?, ?, ?, ?, ?, ?, ?, ?)
make question 7634
Hibernate: insert into question (answer, choice1, choice2, choice3, choice4, choice5, content, correct, create_date, filepath, modify_date, score, subject, teacher_id, time, view) values (?, ?, ?, ?, ?, ?, ?, ?, ?, ?, ?, ?, ?, ?, ?, ?)
make question 7635
Hibernate: insert into question (answer, choice1, choice2, choice3, choice4, choice5, content, correct, create_date, filepath, modify_date, score, subject, teacher_id, time, view) values (?, ?, ?, ?, ?, ?, ?, ?, ?, ?, ?, ?, ?, ?, ?, ?)
make question 7636
Hibernate: insert into question (answer, choice1, choice2, choice3, choice4, choice5, content, correct, create_date, filepath, modify_date, score, subject, teacher_id, time, view) values (?, ?, ?, ?, ?, ?, ?, ?, ?, ?, ?, ?, ?, ?, ?, ?)
make question 7637
Hibernate: insert into question (answer, choice1, choice2, choice3, choice4, choice5, content, correct, create_date, filepath, modify_date, score, subject, teacher_id, time, view) values (?, ?, ?, ?, ?, ?, ?, ?, ?, ?, ?, ?, ?, ?, ?, ?)
make question 7638
Hibernate: insert into question (answer, choice1, choice2, choice3, choice4, choice5, content, correct, create_date, filepath, modify_date, score, subject, teacher_id, time, view) values (?, ?, ?, ?, ?, ?, ?, ?, ?, ?, ?, ?, ?, ?, ?, ?)
make question 7639
Hibernate: insert into question (answer, choice1, choice2, choice3, choice4, choice5, content, correct, create_date, filepath, modify_date, score, subject, teacher_id, time, view) values (?, ?, ?, ?, ?, ?, ?, ?, ?, ?, ?, ?, ?, ?, ?, ?)
make question 7640
Hibernate: insert into question (answer, choice1, choice2, choice3, choice4, choice5, content, correct, create_date, filepath, modify_date, score, subject, teacher_id, time, view) values (?, ?, ?, ?, ?, ?, ?, ?, ?, ?, ?, ?, ?, ?, ?, ?)
make question 7641
Hibernate: insert into question (answer, choice1, choice2, choice3, choice4, choice5, content, correct, create_date, filepath, modify_date, score, subject, teacher_id, time, view) values (?, ?, ?, ?, ?, ?, ?, ?, ?, ?, ?, ?, ?, ?, ?, ?)
make question 7642
Hibernate: insert into question (answer, choice1, choice2, choice3, choice4, choice5, content, correct, create_date, filepath, modify_date, score, subject, teacher_id, time, view) values (?, ?, ?, ?, ?, ?, ?, ?, ?, ?, ?, ?, ?, ?, ?, ?)
make question 7643
Hibernate: insert into question (answer, choice1, choice2, choice3, choice4, choice5, content, correct, create_date, filepath, modify_date, score, subject, teacher_id, time, view) values (?, ?, ?, ?, ?, ?, ?, ?, ?, ?, ?, ?, ?, ?, ?, ?)
make question 7644
Hibernate: insert into question (answer, choice1, choice2, choice3, choice4, choice5, content, correct, create_date, filepath, modify_date, score, subject, teacher_id, time, view) values (?, ?, ?, ?, ?, ?, ?, ?, ?, ?, ?, ?, ?, ?, ?, ?)
make question 7645
Hibernate: insert into question (answer, choice1, choice2, choice3, choice4, choice5, content, correct, create_date, filepath, modify_date, score, subject, teacher_id, time, view) values (?, ?, ?, ?, ?, ?, ?, ?, ?, ?, ?, ?, ?, ?, ?, ?)
make question 7646
Hibernate: insert into question (answer, choice1, choice2, choice3, choice4, choice5, content, correct, create_date, filepath, modify_date, score, subject, teacher_id, time, view) values (?, ?, ?, ?, ?, ?, ?, ?, ?, ?, ?, ?, ?, ?, ?, ?)
make question 7647
Hibernate: insert into question (answer, choice1, choice2, choice3, choice4, choice5, content, correct, create_date, filepath, modify_date, score, subject, teacher_id, time, view) values (?, ?, ?, ?, ?, ?, ?, ?, ?, ?, ?, ?, ?, ?, ?, ?)
make question 7648
Hibernate: insert into question (answer, choice1, choice2, choice3, choice4, choice5, content, correct, create_date, filepath, modify_date, score, subject, teacher_id, time, view) values (?, ?, ?, ?, ?, ?, ?, ?, ?, ?, ?, ?, ?, ?, ?, ?)
make question 7649
Hibernate: insert into question (answer, choice1, choice2, choice3, choice4, choice5, content, correct, create_date, filepath, modify_date, score, subject, teacher_id, time, view) values (?, ?, ?, ?, ?, ?, ?, ?, ?, ?, ?, ?, ?, ?, ?, ?)
make question 7650
Hibernate: insert into question (answer, choice1, choice2, choice3, choice4, choice5, content, correct, create_date, filepath, modify_date, score, subject, teacher_id, time, view) values (?, ?, ?, ?, ?, ?, ?, ?, ?, ?, ?, ?, ?, ?, ?, ?)
make question 7651
Hibernate: insert into question (answer, choice1, choice2, choice3, choice4, choice5, content, correct, create_date, filepath, modify_date, score, subject, teacher_id, time, view) values (?, ?, ?, ?, ?, ?, ?, ?, ?, ?, ?, ?, ?, ?, ?, ?)
make question 7652
Hibernate: insert into question (answer, choice1, choice2, choice3, choice4, choice5, content, correct, create_date, filepath, modify_date, score, subject, teacher_id, time, view) values (?, ?, ?, ?, ?, ?, ?, ?, ?, ?, ?, ?, ?, ?, ?, ?)
make question 7653
Hibernate: insert into question (answer, choice1, choice2, choice3, choice4, choice5, content, correct, create_date, filepath, modify_date, score, subject, teacher_id, time, view) values (?, ?, ?, ?, ?, ?, ?, ?, ?, ?, ?, ?, ?, ?, ?, ?)
make question 7654
Hibernate: insert into question (answer, choice1, choice2, choice3, choice4, choice5, content, correct, create_date, filepath, modify_date, score, subject, teacher_id, time, view) values (?, ?, ?, ?, ?, ?, ?, ?, ?, ?, ?, ?, ?, ?, ?, ?)
make question 7655
Hibernate: insert into question (answer, choice1, choice2, choice3, choice4, choice5, content, correct, create_date, filepath, modify_date, score, subject, teacher_id, time, view) values (?, ?, ?, ?, ?, ?, ?, ?, ?, ?, ?, ?, ?, ?, ?, ?)
make question 7656
Hibernate: insert into question (answer, choice1, choice2, choice3, choice4, choice5, content, correct, create_date, filepath, modify_date, score, subject, teacher_id, time, view) values (?, ?, ?, ?, ?, ?, ?, ?, ?, ?, ?, ?, ?, ?, ?, ?)
make question 7657
Hibernate: insert into question (answer, choice1, choice2, choice3, choice4, choice5, content, correct, create_date, filepath, modify_date, score, subject, teacher_id, time, view) values (?, ?, ?, ?, ?, ?, ?, ?, ?, ?, ?, ?, ?, ?, ?, ?)
make question 7658
Hibernate: insert into question (answer, choice1, choice2, choice3, choice4, choice5, content, correct, create_date, filepath, modify_date, score, subject, teacher_id, time, view) values (?, ?, ?, ?, ?, ?, ?, ?, ?, ?, ?, ?, ?, ?, ?, ?)
make question 7659
Hibernate: insert into question (answer, choice1, choice2, choice3, choice4, choice5, content, correct, create_date, filepath, modify_date, score, subject, teacher_id, time, view) values (?, ?, ?, ?, ?, ?, ?, ?, ?, ?, ?, ?, ?, ?, ?, ?)
make question 7660
Hibernate: insert into question (answer, choice1, choice2, choice3, choice4, choice5, content, correct, create_date, filepath, modify_date, score, subject, teacher_id, time, view) values (?, ?, ?, ?, ?, ?, ?, ?, ?, ?, ?, ?, ?, ?, ?, ?)
make question 7661
Hibernate: insert into question (answer, choice1, choice2, choice3, choice4, choice5, content, correct, create_date, filepath, modify_date, score, subject, teacher_id, time, view) values (?, ?, ?, ?, ?, ?, ?, ?, ?, ?, ?, ?, ?, ?, ?, ?)
make question 7662
Hibernate: insert into question (answer, choice1, choice2, choice3, choice4, choice5, content, correct, create_date, filepath, modify_date, score, subject, teacher_id, time, view) values (?, ?, ?, ?, ?, ?, ?, ?, ?, ?, ?, ?, ?, ?, ?, ?)
make question 7663
Hibernate: insert into question (answer, choice1, choice2, choice3, choice4, choice5, content, correct, create_date, filepath, modify_date, score, subject, teacher_id, time, view) values (?, ?, ?, ?, ?, ?, ?, ?, ?, ?, ?, ?, ?, ?, ?, ?)
make question 7664
Hibernate: insert into question (answer, choice1, choice2, choice3, choice4, choice5, content, correct, create_date, filepath, modify_date, score, subject, teacher_id, time, view) values (?, ?, ?, ?, ?, ?, ?, ?, ?, ?, ?, ?, ?, ?, ?, ?)
make question 7665
Hibernate: insert into question (answer, choice1, choice2, choice3, choice4, choice5, content, correct, create_date, filepath, modify_date, score, subject, teacher_id, time, view) values (?, ?, ?, ?, ?, ?, ?, ?, ?, ?, ?, ?, ?, ?, ?, ?)
make question 7666
Hibernate: insert into question (answer, choice1, choice2, choice3, choice4, choice5, content, correct, create_date, filepath, modify_date, score, subject, teacher_id, time, view) values (?, ?, ?, ?, ?, ?, ?, ?, ?, ?, ?, ?, ?, ?, ?, ?)
make question 7667
Hibernate: insert into question (answer, choice1, choice2, choice3, choice4, choice5, content, correct, create_date, filepath, modify_date, score, subject, teacher_id, time, view) values (?, ?, ?, ?, ?, ?, ?, ?, ?, ?, ?, ?, ?, ?, ?, ?)
make question 7668
Hibernate: insert into question (answer, choice1, choice2, choice3, choice4, choice5, content, correct, create_date, filepath, modify_date, score, subject, teacher_id, time, view) values (?, ?, ?, ?, ?, ?, ?, ?, ?, ?, ?, ?, ?, ?, ?, ?)
make question 7669
Hibernate: insert into question (answer, choice1, choice2, choice3, choice4, choice5, content, correct, create_date, filepath, modify_date, score, subject, teacher_id, time, view) values (?, ?, ?, ?, ?, ?, ?, ?, ?, ?, ?, ?, ?, ?, ?, ?)
make question 7670
Hibernate: insert into question (answer, choice1, choice2, choice3, choice4, choice5, content, correct, create_date, filepath, modify_date, score, subject, teacher_id, time, view) values (?, ?, ?, ?, ?, ?, ?, ?, ?, ?, ?, ?, ?, ?, ?, ?)
make question 7671
Hibernate: insert into question (answer, choice1, choice2, choice3, choice4, choice5, content, correct, create_date, filepath, modify_date, score, subject, teacher_id, time, view) values (?, ?, ?, ?, ?, ?, ?, ?, ?, ?, ?, ?, ?, ?, ?, ?)
make question 7672
Hibernate: insert into question (answer, choice1, choice2, choice3, choice4, choice5, content, correct, create_date, filepath, modify_date, score, subject, teacher_id, time, view) values (?, ?, ?, ?, ?, ?, ?, ?, ?, ?, ?, ?, ?, ?, ?, ?)
make question 7673
Hibernate: insert into question (answer, choice1, choice2, choice3, choice4, choice5, content, correct, create_date, filepath, modify_date, score, subject, teacher_id, time, view) values (?, ?, ?, ?, ?, ?, ?, ?, ?, ?, ?, ?, ?, ?, ?, ?)
make question 7674
Hibernate: insert into question (answer, choice1, choice2, choice3, choice4, choice5, content, correct, create_date, filepath, modify_date, score, subject, teacher_id, time, view) values (?, ?, ?, ?, ?, ?, ?, ?, ?, ?, ?, ?, ?, ?, ?, ?)
make question 7675
Hibernate: insert into question (answer, choice1, choice2, choice3, choice4, choice5, content, correct, create_date, filepath, modify_date, score, subject, teacher_id, time, view) values (?, ?, ?, ?, ?, ?, ?, ?, ?, ?, ?, ?, ?, ?, ?, ?)
make question 7676
Hibernate: insert into question (answer, choice1, choice2, choice3, choice4, choice5, content, correct, create_date, filepath, modify_date, score, subject, teacher_id, time, view) values (?, ?, ?, ?, ?, ?, ?, ?, ?, ?, ?, ?, ?, ?, ?, ?)
make question 7677
Hibernate: insert into question (answer, choice1, choice2, choice3, choice4, choice5, content, correct, create_date, filepath, modify_date, score, subject, teacher_id, time, view) values (?, ?, ?, ?, ?, ?, ?, ?, ?, ?, ?, ?, ?, ?, ?, ?)
make question 7678
Hibernate: insert into question (answer, choice1, choice2, choice3, choice4, choice5, content, correct, create_date, filepath, modify_date, score, subject, teacher_id, time, view) values (?, ?, ?, ?, ?, ?, ?, ?, ?, ?, ?, ?, ?, ?, ?, ?)
make question 7679
Hibernate: insert into question (answer, choice1, choice2, choice3, choice4, choice5, content, correct, create_date, filepath, modify_date, score, subject, teacher_id, time, view) values (?, ?, ?, ?, ?, ?, ?, ?, ?, ?, ?, ?, ?, ?, ?, ?)
make question 7680
Hibernate: insert into question (answer, choice1, choice2, choice3, choice4, choice5, content, correct, create_date, filepath, modify_date, score, subject, teacher_id, time, view) values (?, ?, ?, ?, ?, ?, ?, ?, ?, ?, ?, ?, ?, ?, ?, ?)
make question 7681
Hibernate: insert into question (answer, choice1, choice2, choice3, choice4, choice5, content, correct, create_date, filepath, modify_date, score, subject, teacher_id, time, view) values (?, ?, ?, ?, ?, ?, ?, ?, ?, ?, ?, ?, ?, ?, ?, ?)
make question 7682
Hibernate: insert into question (answer, choice1, choice2, choice3, choice4, choice5, content, correct, create_date, filepath, modify_date, score, subject, teacher_id, time, view) values (?, ?, ?, ?, ?, ?, ?, ?, ?, ?, ?, ?, ?, ?, ?, ?)
make question 7683
Hibernate: insert into question (answer, choice1, choice2, choice3, choice4, choice5, content, correct, create_date, filepath, modify_date, score, subject, teacher_id, time, view) values (?, ?, ?, ?, ?, ?, ?, ?, ?, ?, ?, ?, ?, ?, ?, ?)
make question 7684
Hibernate: insert into question (answer, choice1, choice2, choice3, choice4, choice5, content, correct, create_date, filepath, modify_date, score, subject, teacher_id, time, view) values (?, ?, ?, ?, ?, ?, ?, ?, ?, ?, ?, ?, ?, ?, ?, ?)
make question 7685
Hibernate: insert into question (answer, choice1, choice2, choice3, choice4, choice5, content, correct, create_date, filepath, modify_date, score, subject, teacher_id, time, view) values (?, ?, ?, ?, ?, ?, ?, ?, ?, ?, ?, ?, ?, ?, ?, ?)
make question 7686
Hibernate: insert into question (answer, choice1, choice2, choice3, choice4, choice5, content, correct, create_date, filepath, modify_date, score, subject, teacher_id, time, view) values (?, ?, ?, ?, ?, ?, ?, ?, ?, ?, ?, ?, ?, ?, ?, ?)
make question 7687
Hibernate: insert into question (answer, choice1, choice2, choice3, choice4, choice5, content, correct, create_date, filepath, modify_date, score, subject, teacher_id, time, view) values (?, ?, ?, ?, ?, ?, ?, ?, ?, ?, ?, ?, ?, ?, ?, ?)
make question 7688
Hibernate: insert into question (answer, choice1, choice2, choice3, choice4, choice5, content, correct, create_date, filepath, modify_date, score, subject, teacher_id, time, view) values (?, ?, ?, ?, ?, ?, ?, ?, ?, ?, ?, ?, ?, ?, ?, ?)
make question 7689
Hibernate: insert into question (answer, choice1, choice2, choice3, choice4, choice5, content, correct, create_date, filepath, modify_date, score, subject, teacher_id, time, view) values (?, ?, ?, ?, ?, ?, ?, ?, ?, ?, ?, ?, ?, ?, ?, ?)
make question 7690
Hibernate: insert into question (answer, choice1, choice2, choice3, choice4, choice5, content, correct, create_date, filepath, modify_date, score, subject, teacher_id, time, view) values (?, ?, ?, ?, ?, ?, ?, ?, ?, ?, ?, ?, ?, ?, ?, ?)
make question 7691
Hibernate: insert into question (answer, choice1, choice2, choice3, choice4, choice5, content, correct, create_date, filepath, modify_date, score, subject, teacher_id, time, view) values (?, ?, ?, ?, ?, ?, ?, ?, ?, ?, ?, ?, ?, ?, ?, ?)
make question 7692
Hibernate: insert into question (answer, choice1, choice2, choice3, choice4, choice5, content, correct, create_date, filepath, modify_date, score, subject, teacher_id, time, view) values (?, ?, ?, ?, ?, ?, ?, ?, ?, ?, ?, ?, ?, ?, ?, ?)
make question 7693
Hibernate: insert into question (answer, choice1, choice2, choice3, choice4, choice5, content, correct, create_date, filepath, modify_date, score, subject, teacher_id, time, view) values (?, ?, ?, ?, ?, ?, ?, ?, ?, ?, ?, ?, ?, ?, ?, ?)
make question 7694
Hibernate: insert into question (answer, choice1, choice2, choice3, choice4, choice5, content, correct, create_date, filepath, modify_date, score, subject, teacher_id, time, view) values (?, ?, ?, ?, ?, ?, ?, ?, ?, ?, ?, ?, ?, ?, ?, ?)
make question 7695
Hibernate: insert into question (answer, choice1, choice2, choice3, choice4, choice5, content, correct, create_date, filepath, modify_date, score, subject, teacher_id, time, view) values (?, ?, ?, ?, ?, ?, ?, ?, ?, ?, ?, ?, ?, ?, ?, ?)
make question 7696
Hibernate: insert into question (answer, choice1, choice2, choice3, choice4, choice5, content, correct, create_date, filepath, modify_date, score, subject, teacher_id, time, view) values (?, ?, ?, ?, ?, ?, ?, ?, ?, ?, ?, ?, ?, ?, ?, ?)
make question 7697
Hibernate: insert into question (answer, choice1, choice2, choice3, choice4, choice5, content, correct, create_date, filepath, modify_date, score, subject, teacher_id, time, view) values (?, ?, ?, ?, ?, ?, ?, ?, ?, ?, ?, ?, ?, ?, ?, ?)
make question 7698
Hibernate: insert into question (answer, choice1, choice2, choice3, choice4, choice5, content, correct, create_date, filepath, modify_date, score, subject, teacher_id, time, view) values (?, ?, ?, ?, ?, ?, ?, ?, ?, ?, ?, ?, ?, ?, ?, ?)
make question 7699
Hibernate: insert into question (answer, choice1, choice2, choice3, choice4, choice5, content, correct, create_date, filepath, modify_date, score, subject, teacher_id, time, view) values (?, ?, ?, ?, ?, ?, ?, ?, ?, ?, ?, ?, ?, ?, ?, ?)
make question 7700
Hibernate: insert into question (answer, choice1, choice2, choice3, choice4, choice5, content, correct, create_date, filepath, modify_date, score, subject, teacher_id, time, view) values (?, ?, ?, ?, ?, ?, ?, ?, ?, ?, ?, ?, ?, ?, ?, ?)
make question 7701
Hibernate: insert into question (answer, choice1, choice2, choice3, choice4, choice5, content, correct, create_date, filepath, modify_date, score, subject, teacher_id, time, view) values (?, ?, ?, ?, ?, ?, ?, ?, ?, ?, ?, ?, ?, ?, ?, ?)
make question 7702
Hibernate: insert into question (answer, choice1, choice2, choice3, choice4, choice5, content, correct, create_date, filepath, modify_date, score, subject, teacher_id, time, view) values (?, ?, ?, ?, ?, ?, ?, ?, ?, ?, ?, ?, ?, ?, ?, ?)
make question 7703
Hibernate: insert into question (answer, choice1, choice2, choice3, choice4, choice5, content, correct, create_date, filepath, modify_date, score, subject, teacher_id, time, view) values (?, ?, ?, ?, ?, ?, ?, ?, ?, ?, ?, ?, ?, ?, ?, ?)
make question 7704
Hibernate: insert into question (answer, choice1, choice2, choice3, choice4, choice5, content, correct, create_date, filepath, modify_date, score, subject, teacher_id, time, view) values (?, ?, ?, ?, ?, ?, ?, ?, ?, ?, ?, ?, ?, ?, ?, ?)
make question 7705
Hibernate: insert into question (answer, choice1, choice2, choice3, choice4, choice5, content, correct, create_date, filepath, modify_date, score, subject, teacher_id, time, view) values (?, ?, ?, ?, ?, ?, ?, ?, ?, ?, ?, ?, ?, ?, ?, ?)
make question 7706
Hibernate: insert into question (answer, choice1, choice2, choice3, choice4, choice5, content, correct, create_date, filepath, modify_date, score, subject, teacher_id, time, view) values (?, ?, ?, ?, ?, ?, ?, ?, ?, ?, ?, ?, ?, ?, ?, ?)
make question 7707
Hibernate: insert into question (answer, choice1, choice2, choice3, choice4, choice5, content, correct, create_date, filepath, modify_date, score, subject, teacher_id, time, view) values (?, ?, ?, ?, ?, ?, ?, ?, ?, ?, ?, ?, ?, ?, ?, ?)
make question 7708
Hibernate: insert into question (answer, choice1, choice2, choice3, choice4, choice5, content, correct, create_date, filepath, modify_date, score, subject, teacher_id, time, view) values (?, ?, ?, ?, ?, ?, ?, ?, ?, ?, ?, ?, ?, ?, ?, ?)
make question 7709
Hibernate: insert into question (answer, choice1, choice2, choice3, choice4, choice5, content, correct, create_date, filepath, modify_date, score, subject, teacher_id, time, view) values (?, ?, ?, ?, ?, ?, ?, ?, ?, ?, ?, ?, ?, ?, ?, ?)
make question 7710
Hibernate: insert into question (answer, choice1, choice2, choice3, choice4, choice5, content, correct, create_date, filepath, modify_date, score, subject, teacher_id, time, view) values (?, ?, ?, ?, ?, ?, ?, ?, ?, ?, ?, ?, ?, ?, ?, ?)
make question 7711
Hibernate: insert into question (answer, choice1, choice2, choice3, choice4, choice5, content, correct, create_date, filepath, modify_date, score, subject, teacher_id, time, view) values (?, ?, ?, ?, ?, ?, ?, ?, ?, ?, ?, ?, ?, ?, ?, ?)
make question 7712
Hibernate: insert into question (answer, choice1, choice2, choice3, choice4, choice5, content, correct, create_date, filepath, modify_date, score, subject, teacher_id, time, view) values (?, ?, ?, ?, ?, ?, ?, ?, ?, ?, ?, ?, ?, ?, ?, ?)
make question 7713
Hibernate: insert into question (answer, choice1, choice2, choice3, choice4, choice5, content, correct, create_date, filepath, modify_date, score, subject, teacher_id, time, view) values (?, ?, ?, ?, ?, ?, ?, ?, ?, ?, ?, ?, ?, ?, ?, ?)
make question 7714
Hibernate: insert into question (answer, choice1, choice2, choice3, choice4, choice5, content, correct, create_date, filepath, modify_date, score, subject, teacher_id, time, view) values (?, ?, ?, ?, ?, ?, ?, ?, ?, ?, ?, ?, ?, ?, ?, ?)
make question 7715
Hibernate: insert into question (answer, choice1, choice2, choice3, choice4, choice5, content, correct, create_date, filepath, modify_date, score, subject, teacher_id, time, view) values (?, ?, ?, ?, ?, ?, ?, ?, ?, ?, ?, ?, ?, ?, ?, ?)
make question 7716
Hibernate: insert into question (answer, choice1, choice2, choice3, choice4, choice5, content, correct, create_date, filepath, modify_date, score, subject, teacher_id, time, view) values (?, ?, ?, ?, ?, ?, ?, ?, ?, ?, ?, ?, ?, ?, ?, ?)
make question 7717
Hibernate: insert into question (answer, choice1, choice2, choice3, choice4, choice5, content, correct, create_date, filepath, modify_date, score, subject, teacher_id, time, view) values (?, ?, ?, ?, ?, ?, ?, ?, ?, ?, ?, ?, ?, ?, ?, ?)
make question 7718
Hibernate: insert into question (answer, choice1, choice2, choice3, choice4, choice5, content, correct, create_date, filepath, modify_date, score, subject, teacher_id, time, view) values (?, ?, ?, ?, ?, ?, ?, ?, ?, ?, ?, ?, ?, ?, ?, ?)
make question 7719
Hibernate: insert into question (answer, choice1, choice2, choice3, choice4, choice5, content, correct, create_date, filepath, modify_date, score, subject, teacher_id, time, view) values (?, ?, ?, ?, ?, ?, ?, ?, ?, ?, ?, ?, ?, ?, ?, ?)
make question 7720
Hibernate: insert into question (answer, choice1, choice2, choice3, choice4, choice5, content, correct, create_date, filepath, modify_date, score, subject, teacher_id, time, view) values (?, ?, ?, ?, ?, ?, ?, ?, ?, ?, ?, ?, ?, ?, ?, ?)
make question 7721
Hibernate: insert into question (answer, choice1, choice2, choice3, choice4, choice5, content, correct, create_date, filepath, modify_date, score, subject, teacher_id, time, view) values (?, ?, ?, ?, ?, ?, ?, ?, ?, ?, ?, ?, ?, ?, ?, ?)
make question 7722
Hibernate: insert into question (answer, choice1, choice2, choice3, choice4, choice5, content, correct, create_date, filepath, modify_date, score, subject, teacher_id, time, view) values (?, ?, ?, ?, ?, ?, ?, ?, ?, ?, ?, ?, ?, ?, ?, ?)
make question 7723
Hibernate: insert into question (answer, choice1, choice2, choice3, choice4, choice5, content, correct, create_date, filepath, modify_date, score, subject, teacher_id, time, view) values (?, ?, ?, ?, ?, ?, ?, ?, ?, ?, ?, ?, ?, ?, ?, ?)
make question 7724
Hibernate: insert into question (answer, choice1, choice2, choice3, choice4, choice5, content, correct, create_date, filepath, modify_date, score, subject, teacher_id, time, view) values (?, ?, ?, ?, ?, ?, ?, ?, ?, ?, ?, ?, ?, ?, ?, ?)
make question 7725
Hibernate: insert into question (answer, choice1, choice2, choice3, choice4, choice5, content, correct, create_date, filepath, modify_date, score, subject, teacher_id, time, view) values (?, ?, ?, ?, ?, ?, ?, ?, ?, ?, ?, ?, ?, ?, ?, ?)
make question 7726
Hibernate: insert into question (answer, choice1, choice2, choice3, choice4, choice5, content, correct, create_date, filepath, modify_date, score, subject, teacher_id, time, view) values (?, ?, ?, ?, ?, ?, ?, ?, ?, ?, ?, ?, ?, ?, ?, ?)
make question 7727
Hibernate: insert into question (answer, choice1, choice2, choice3, choice4, choice5, content, correct, create_date, filepath, modify_date, score, subject, teacher_id, time, view) values (?, ?, ?, ?, ?, ?, ?, ?, ?, ?, ?, ?, ?, ?, ?, ?)
make question 7728
Hibernate: insert into question (answer, choice1, choice2, choice3, choice4, choice5, content, correct, create_date, filepath, modify_date, score, subject, teacher_id, time, view) values (?, ?, ?, ?, ?, ?, ?, ?, ?, ?, ?, ?, ?, ?, ?, ?)
make question 7729
Hibernate: insert into question (answer, choice1, choice2, choice3, choice4, choice5, content, correct, create_date, filepath, modify_date, score, subject, teacher_id, time, view) values (?, ?, ?, ?, ?, ?, ?, ?, ?, ?, ?, ?, ?, ?, ?, ?)
make question 7730
Hibernate: insert into question (answer, choice1, choice2, choice3, choice4, choice5, content, correct, create_date, filepath, modify_date, score, subject, teacher_id, time, view) values (?, ?, ?, ?, ?, ?, ?, ?, ?, ?, ?, ?, ?, ?, ?, ?)
make question 7731
Hibernate: insert into question (answer, choice1, choice2, choice3, choice4, choice5, content, correct, create_date, filepath, modify_date, score, subject, teacher_id, time, view) values (?, ?, ?, ?, ?, ?, ?, ?, ?, ?, ?, ?, ?, ?, ?, ?)
make question 7732
Hibernate: insert into question (answer, choice1, choice2, choice3, choice4, choice5, content, correct, create_date, filepath, modify_date, score, subject, teacher_id, time, view) values (?, ?, ?, ?, ?, ?, ?, ?, ?, ?, ?, ?, ?, ?, ?, ?)
make question 7733
Hibernate: insert into question (answer, choice1, choice2, choice3, choice4, choice5, content, correct, create_date, filepath, modify_date, score, subject, teacher_id, time, view) values (?, ?, ?, ?, ?, ?, ?, ?, ?, ?, ?, ?, ?, ?, ?, ?)
make question 7734
Hibernate: insert into question (answer, choice1, choice2, choice3, choice4, choice5, content, correct, create_date, filepath, modify_date, score, subject, teacher_id, time, view) values (?, ?, ?, ?, ?, ?, ?, ?, ?, ?, ?, ?, ?, ?, ?, ?)
make question 7735
Hibernate: insert into question (answer, choice1, choice2, choice3, choice4, choice5, content, correct, create_date, filepath, modify_date, score, subject, teacher_id, time, view) values (?, ?, ?, ?, ?, ?, ?, ?, ?, ?, ?, ?, ?, ?, ?, ?)
make question 7736
Hibernate: insert into question (answer, choice1, choice2, choice3, choice4, choice5, content, correct, create_date, filepath, modify_date, score, subject, teacher_id, time, view) values (?, ?, ?, ?, ?, ?, ?, ?, ?, ?, ?, ?, ?, ?, ?, ?)
make question 7737
Hibernate: insert into question (answer, choice1, choice2, choice3, choice4, choice5, content, correct, create_date, filepath, modify_date, score, subject, teacher_id, time, view) values (?, ?, ?, ?, ?, ?, ?, ?, ?, ?, ?, ?, ?, ?, ?, ?)
make question 7738
Hibernate: insert into question (answer, choice1, choice2, choice3, choice4, choice5, content, correct, create_date, filepath, modify_date, score, subject, teacher_id, time, view) values (?, ?, ?, ?, ?, ?, ?, ?, ?, ?, ?, ?, ?, ?, ?, ?)
make question 7739
Hibernate: insert into question (answer, choice1, choice2, choice3, choice4, choice5, content, correct, create_date, filepath, modify_date, score, subject, teacher_id, time, view) values (?, ?, ?, ?, ?, ?, ?, ?, ?, ?, ?, ?, ?, ?, ?, ?)
make question 7740
Hibernate: insert into question (answer, choice1, choice2, choice3, choice4, choice5, content, correct, create_date, filepath, modify_date, score, subject, teacher_id, time, view) values (?, ?, ?, ?, ?, ?, ?, ?, ?, ?, ?, ?, ?, ?, ?, ?)
make question 7741
Hibernate: insert into question (answer, choice1, choice2, choice3, choice4, choice5, content, correct, create_date, filepath, modify_date, score, subject, teacher_id, time, view) values (?, ?, ?, ?, ?, ?, ?, ?, ?, ?, ?, ?, ?, ?, ?, ?)
make question 7742
Hibernate: insert into question (answer, choice1, choice2, choice3, choice4, choice5, content, correct, create_date, filepath, modify_date, score, subject, teacher_id, time, view) values (?, ?, ?, ?, ?, ?, ?, ?, ?, ?, ?, ?, ?, ?, ?, ?)
make question 7743
Hibernate: insert into question (answer, choice1, choice2, choice3, choice4, choice5, content, correct, create_date, filepath, modify_date, score, subject, teacher_id, time, view) values (?, ?, ?, ?, ?, ?, ?, ?, ?, ?, ?, ?, ?, ?, ?, ?)
make question 7744
Hibernate: insert into question (answer, choice1, choice2, choice3, choice4, choice5, content, correct, create_date, filepath, modify_date, score, subject, teacher_id, time, view) values (?, ?, ?, ?, ?, ?, ?, ?, ?, ?, ?, ?, ?, ?, ?, ?)
make question 7745
Hibernate: insert into question (answer, choice1, choice2, choice3, choice4, choice5, content, correct, create_date, filepath, modify_date, score, subject, teacher_id, time, view) values (?, ?, ?, ?, ?, ?, ?, ?, ?, ?, ?, ?, ?, ?, ?, ?)
make question 7746
Hibernate: insert into question (answer, choice1, choice2, choice3, choice4, choice5, content, correct, create_date, filepath, modify_date, score, subject, teacher_id, time, view) values (?, ?, ?, ?, ?, ?, ?, ?, ?, ?, ?, ?, ?, ?, ?, ?)
make question 7747
Hibernate: insert into question (answer, choice1, choice2, choice3, choice4, choice5, content, correct, create_date, filepath, modify_date, score, subject, teacher_id, time, view) values (?, ?, ?, ?, ?, ?, ?, ?, ?, ?, ?, ?, ?, ?, ?, ?)
make question 7748
Hibernate: insert into question (answer, choice1, choice2, choice3, choice4, choice5, content, correct, create_date, filepath, modify_date, score, subject, teacher_id, time, view) values (?, ?, ?, ?, ?, ?, ?, ?, ?, ?, ?, ?, ?, ?, ?, ?)
make question 7749
Hibernate: insert into question (answer, choice1, choice2, choice3, choice4, choice5, content, correct, create_date, filepath, modify_date, score, subject, teacher_id, time, view) values (?, ?, ?, ?, ?, ?, ?, ?, ?, ?, ?, ?, ?, ?, ?, ?)
make question 7750
Hibernate: insert into question (answer, choice1, choice2, choice3, choice4, choice5, content, correct, create_date, filepath, modify_date, score, subject, teacher_id, time, view) values (?, ?, ?, ?, ?, ?, ?, ?, ?, ?, ?, ?, ?, ?, ?, ?)
make question 7751
Hibernate: insert into question (answer, choice1, choice2, choice3, choice4, choice5, content, correct, create_date, filepath, modify_date, score, subject, teacher_id, time, view) values (?, ?, ?, ?, ?, ?, ?, ?, ?, ?, ?, ?, ?, ?, ?, ?)
make question 7752
Hibernate: insert into question (answer, choice1, choice2, choice3, choice4, choice5, content, correct, create_date, filepath, modify_date, score, subject, teacher_id, time, view) values (?, ?, ?, ?, ?, ?, ?, ?, ?, ?, ?, ?, ?, ?, ?, ?)
make question 7753
Hibernate: insert into question (answer, choice1, choice2, choice3, choice4, choice5, content, correct, create_date, filepath, modify_date, score, subject, teacher_id, time, view) values (?, ?, ?, ?, ?, ?, ?, ?, ?, ?, ?, ?, ?, ?, ?, ?)
make question 7754
Hibernate: insert into question (answer, choice1, choice2, choice3, choice4, choice5, content, correct, create_date, filepath, modify_date, score, subject, teacher_id, time, view) values (?, ?, ?, ?, ?, ?, ?, ?, ?, ?, ?, ?, ?, ?, ?, ?)
make question 7755
Hibernate: insert into question (answer, choice1, choice2, choice3, choice4, choice5, content, correct, create_date, filepath, modify_date, score, subject, teacher_id, time, view) values (?, ?, ?, ?, ?, ?, ?, ?, ?, ?, ?, ?, ?, ?, ?, ?)
make question 7756
Hibernate: insert into question (answer, choice1, choice2, choice3, choice4, choice5, content, correct, create_date, filepath, modify_date, score, subject, teacher_id, time, view) values (?, ?, ?, ?, ?, ?, ?, ?, ?, ?, ?, ?, ?, ?, ?, ?)
make question 7757
Hibernate: insert into question (answer, choice1, choice2, choice3, choice4, choice5, content, correct, create_date, filepath, modify_date, score, subject, teacher_id, time, view) values (?, ?, ?, ?, ?, ?, ?, ?, ?, ?, ?, ?, ?, ?, ?, ?)
make question 7758
Hibernate: insert into question (answer, choice1, choice2, choice3, choice4, choice5, content, correct, create_date, filepath, modify_date, score, subject, teacher_id, time, view) values (?, ?, ?, ?, ?, ?, ?, ?, ?, ?, ?, ?, ?, ?, ?, ?)
make question 7759
Hibernate: insert into question (answer, choice1, choice2, choice3, choice4, choice5, content, correct, create_date, filepath, modify_date, score, subject, teacher_id, time, view) values (?, ?, ?, ?, ?, ?, ?, ?, ?, ?, ?, ?, ?, ?, ?, ?)
make question 7760
Hibernate: insert into question (answer, choice1, choice2, choice3, choice4, choice5, content, correct, create_date, filepath, modify_date, score, subject, teacher_id, time, view) values (?, ?, ?, ?, ?, ?, ?, ?, ?, ?, ?, ?, ?, ?, ?, ?)
make question 7761
Hibernate: insert into question (answer, choice1, choice2, choice3, choice4, choice5, content, correct, create_date, filepath, modify_date, score, subject, teacher_id, time, view) values (?, ?, ?, ?, ?, ?, ?, ?, ?, ?, ?, ?, ?, ?, ?, ?)
make question 7762
Hibernate: insert into question (answer, choice1, choice2, choice3, choice4, choice5, content, correct, create_date, filepath, modify_date, score, subject, teacher_id, time, view) values (?, ?, ?, ?, ?, ?, ?, ?, ?, ?, ?, ?, ?, ?, ?, ?)
make question 7763
Hibernate: insert into question (answer, choice1, choice2, choice3, choice4, choice5, content, correct, create_date, filepath, modify_date, score, subject, teacher_id, time, view) values (?, ?, ?, ?, ?, ?, ?, ?, ?, ?, ?, ?, ?, ?, ?, ?)
make question 7764
Hibernate: insert into question (answer, choice1, choice2, choice3, choice4, choice5, content, correct, create_date, filepath, modify_date, score, subject, teacher_id, time, view) values (?, ?, ?, ?, ?, ?, ?, ?, ?, ?, ?, ?, ?, ?, ?, ?)
make question 7765
Hibernate: insert into question (answer, choice1, choice2, choice3, choice4, choice5, content, correct, create_date, filepath, modify_date, score, subject, teacher_id, time, view) values (?, ?, ?, ?, ?, ?, ?, ?, ?, ?, ?, ?, ?, ?, ?, ?)
make question 7766
Hibernate: insert into question (answer, choice1, choice2, choice3, choice4, choice5, content, correct, create_date, filepath, modify_date, score, subject, teacher_id, time, view) values (?, ?, ?, ?, ?, ?, ?, ?, ?, ?, ?, ?, ?, ?, ?, ?)
make question 7767
Hibernate: insert into question (answer, choice1, choice2, choice3, choice4, choice5, content, correct, create_date, filepath, modify_date, score, subject, teacher_id, time, view) values (?, ?, ?, ?, ?, ?, ?, ?, ?, ?, ?, ?, ?, ?, ?, ?)
make question 7768
Hibernate: insert into question (answer, choice1, choice2, choice3, choice4, choice5, content, correct, create_date, filepath, modify_date, score, subject, teacher_id, time, view) values (?, ?, ?, ?, ?, ?, ?, ?, ?, ?, ?, ?, ?, ?, ?, ?)
make question 7769
Hibernate: insert into question (answer, choice1, choice2, choice3, choice4, choice5, content, correct, create_date, filepath, modify_date, score, subject, teacher_id, time, view) values (?, ?, ?, ?, ?, ?, ?, ?, ?, ?, ?, ?, ?, ?, ?, ?)
make question 7770
Hibernate: insert into question (answer, choice1, choice2, choice3, choice4, choice5, content, correct, create_date, filepath, modify_date, score, subject, teacher_id, time, view) values (?, ?, ?, ?, ?, ?, ?, ?, ?, ?, ?, ?, ?, ?, ?, ?)
make question 7771
Hibernate: insert into question (answer, choice1, choice2, choice3, choice4, choice5, content, correct, create_date, filepath, modify_date, score, subject, teacher_id, time, view) values (?, ?, ?, ?, ?, ?, ?, ?, ?, ?, ?, ?, ?, ?, ?, ?)
make question 7772
Hibernate: insert into question (answer, choice1, choice2, choice3, choice4, choice5, content, correct, create_date, filepath, modify_date, score, subject, teacher_id, time, view) values (?, ?, ?, ?, ?, ?, ?, ?, ?, ?, ?, ?, ?, ?, ?, ?)
make question 7773
Hibernate: insert into question (answer, choice1, choice2, choice3, choice4, choice5, content, correct, create_date, filepath, modify_date, score, subject, teacher_id, time, view) values (?, ?, ?, ?, ?, ?, ?, ?, ?, ?, ?, ?, ?, ?, ?, ?)
make question 7774
Hibernate: insert into question (answer, choice1, choice2, choice3, choice4, choice5, content, correct, create_date, filepath, modify_date, score, subject, teacher_id, time, view) values (?, ?, ?, ?, ?, ?, ?, ?, ?, ?, ?, ?, ?, ?, ?, ?)
make question 7775
Hibernate: insert into question (answer, choice1, choice2, choice3, choice4, choice5, content, correct, create_date, filepath, modify_date, score, subject, teacher_id, time, view) values (?, ?, ?, ?, ?, ?, ?, ?, ?, ?, ?, ?, ?, ?, ?, ?)
make question 7776
Hibernate: insert into question (answer, choice1, choice2, choice3, choice4, choice5, content, correct, create_date, filepath, modify_date, score, subject, teacher_id, time, view) values (?, ?, ?, ?, ?, ?, ?, ?, ?, ?, ?, ?, ?, ?, ?, ?)
make question 7777
Hibernate: insert into question (answer, choice1, choice2, choice3, choice4, choice5, content, correct, create_date, filepath, modify_date, score, subject, teacher_id, time, view) values (?, ?, ?, ?, ?, ?, ?, ?, ?, ?, ?, ?, ?, ?, ?, ?)
make question 7778
Hibernate: insert into question (answer, choice1, choice2, choice3, choice4, choice5, content, correct, create_date, filepath, modify_date, score, subject, teacher_id, time, view) values (?, ?, ?, ?, ?, ?, ?, ?, ?, ?, ?, ?, ?, ?, ?, ?)
make question 7779
Hibernate: insert into question (answer, choice1, choice2, choice3, choice4, choice5, content, correct, create_date, filepath, modify_date, score, subject, teacher_id, time, view) values (?, ?, ?, ?, ?, ?, ?, ?, ?, ?, ?, ?, ?, ?, ?, ?)
make question 7780
Hibernate: insert into question (answer, choice1, choice2, choice3, choice4, choice5, content, correct, create_date, filepath, modify_date, score, subject, teacher_id, time, view) values (?, ?, ?, ?, ?, ?, ?, ?, ?, ?, ?, ?, ?, ?, ?, ?)
make question 7781
Hibernate: insert into question (answer, choice1, choice2, choice3, choice4, choice5, content, correct, create_date, filepath, modify_date, score, subject, teacher_id, time, view) values (?, ?, ?, ?, ?, ?, ?, ?, ?, ?, ?, ?, ?, ?, ?, ?)
make question 7782
Hibernate: insert into question (answer, choice1, choice2, choice3, choice4, choice5, content, correct, create_date, filepath, modify_date, score, subject, teacher_id, time, view) values (?, ?, ?, ?, ?, ?, ?, ?, ?, ?, ?, ?, ?, ?, ?, ?)
make question 7783
Hibernate: insert into question (answer, choice1, choice2, choice3, choice4, choice5, content, correct, create_date, filepath, modify_date, score, subject, teacher_id, time, view) values (?, ?, ?, ?, ?, ?, ?, ?, ?, ?, ?, ?, ?, ?, ?, ?)
make question 7784
Hibernate: insert into question (answer, choice1, choice2, choice3, choice4, choice5, content, correct, create_date, filepath, modify_date, score, subject, teacher_id, time, view) values (?, ?, ?, ?, ?, ?, ?, ?, ?, ?, ?, ?, ?, ?, ?, ?)
make question 7785
Hibernate: insert into question (answer, choice1, choice2, choice3, choice4, choice5, content, correct, create_date, filepath, modify_date, score, subject, teacher_id, time, view) values (?, ?, ?, ?, ?, ?, ?, ?, ?, ?, ?, ?, ?, ?, ?, ?)
make question 7786
Hibernate: insert into question (answer, choice1, choice2, choice3, choice4, choice5, content, correct, create_date, filepath, modify_date, score, subject, teacher_id, time, view) values (?, ?, ?, ?, ?, ?, ?, ?, ?, ?, ?, ?, ?, ?, ?, ?)
make question 7787
Hibernate: insert into question (answer, choice1, choice2, choice3, choice4, choice5, content, correct, create_date, filepath, modify_date, score, subject, teacher_id, time, view) values (?, ?, ?, ?, ?, ?, ?, ?, ?, ?, ?, ?, ?, ?, ?, ?)
make question 7788
Hibernate: insert into question (answer, choice1, choice2, choice3, choice4, choice5, content, correct, create_date, filepath, modify_date, score, subject, teacher_id, time, view) values (?, ?, ?, ?, ?, ?, ?, ?, ?, ?, ?, ?, ?, ?, ?, ?)
make question 7789
Hibernate: insert into question (answer, choice1, choice2, choice3, choice4, choice5, content, correct, create_date, filepath, modify_date, score, subject, teacher_id, time, view) values (?, ?, ?, ?, ?, ?, ?, ?, ?, ?, ?, ?, ?, ?, ?, ?)
make question 7790
Hibernate: insert into question (answer, choice1, choice2, choice3, choice4, choice5, content, correct, create_date, filepath, modify_date, score, subject, teacher_id, time, view) values (?, ?, ?, ?, ?, ?, ?, ?, ?, ?, ?, ?, ?, ?, ?, ?)
make question 7791
Hibernate: insert into question (answer, choice1, choice2, choice3, choice4, choice5, content, correct, create_date, filepath, modify_date, score, subject, teacher_id, time, view) values (?, ?, ?, ?, ?, ?, ?, ?, ?, ?, ?, ?, ?, ?, ?, ?)
make question 7792
Hibernate: insert into question (answer, choice1, choice2, choice3, choice4, choice5, content, correct, create_date, filepath, modify_date, score, subject, teacher_id, time, view) values (?, ?, ?, ?, ?, ?, ?, ?, ?, ?, ?, ?, ?, ?, ?, ?)
make question 7793
Hibernate: insert into question (answer, choice1, choice2, choice3, choice4, choice5, content, correct, create_date, filepath, modify_date, score, subject, teacher_id, time, view) values (?, ?, ?, ?, ?, ?, ?, ?, ?, ?, ?, ?, ?, ?, ?, ?)
make question 7794
Hibernate: insert into question (answer, choice1, choice2, choice3, choice4, choice5, content, correct, create_date, filepath, modify_date, score, subject, teacher_id, time, view) values (?, ?, ?, ?, ?, ?, ?, ?, ?, ?, ?, ?, ?, ?, ?, ?)
make question 7795
Hibernate: insert into question (answer, choice1, choice2, choice3, choice4, choice5, content, correct, create_date, filepath, modify_date, score, subject, teacher_id, time, view) values (?, ?, ?, ?, ?, ?, ?, ?, ?, ?, ?, ?, ?, ?, ?, ?)
make question 7796
Hibernate: insert into question (answer, choice1, choice2, choice3, choice4, choice5, content, correct, create_date, filepath, modify_date, score, subject, teacher_id, time, view) values (?, ?, ?, ?, ?, ?, ?, ?, ?, ?, ?, ?, ?, ?, ?, ?)
make question 7797
Hibernate: insert into question (answer, choice1, choice2, choice3, choice4, choice5, content, correct, create_date, filepath, modify_date, score, subject, teacher_id, time, view) values (?, ?, ?, ?, ?, ?, ?, ?, ?, ?, ?, ?, ?, ?, ?, ?)
make question 7798
Hibernate: insert into question (answer, choice1, choice2, choice3, choice4, choice5, content, correct, create_date, filepath, modify_date, score, subject, teacher_id, time, view) values (?, ?, ?, ?, ?, ?, ?, ?, ?, ?, ?, ?, ?, ?, ?, ?)
make question 7799
Hibernate: insert into question (answer, choice1, choice2, choice3, choice4, choice5, content, correct, create_date, filepath, modify_date, score, subject, teacher_id, time, view) values (?, ?, ?, ?, ?, ?, ?, ?, ?, ?, ?, ?, ?, ?, ?, ?)
make question 7800
Hibernate: insert into question (answer, choice1, choice2, choice3, choice4, choice5, content, correct, create_date, filepath, modify_date, score, subject, teacher_id, time, view) values (?, ?, ?, ?, ?, ?, ?, ?, ?, ?, ?, ?, ?, ?, ?, ?)
make question 7801
Hibernate: insert into question (answer, choice1, choice2, choice3, choice4, choice5, content, correct, create_date, filepath, modify_date, score, subject, teacher_id, time, view) values (?, ?, ?, ?, ?, ?, ?, ?, ?, ?, ?, ?, ?, ?, ?, ?)
make question 7802
Hibernate: insert into question (answer, choice1, choice2, choice3, choice4, choice5, content, correct, create_date, filepath, modify_date, score, subject, teacher_id, time, view) values (?, ?, ?, ?, ?, ?, ?, ?, ?, ?, ?, ?, ?, ?, ?, ?)
make question 7803
Hibernate: insert into question (answer, choice1, choice2, choice3, choice4, choice5, content, correct, create_date, filepath, modify_date, score, subject, teacher_id, time, view) values (?, ?, ?, ?, ?, ?, ?, ?, ?, ?, ?, ?, ?, ?, ?, ?)
make question 7804
Hibernate: insert into question (answer, choice1, choice2, choice3, choice4, choice5, content, correct, create_date, filepath, modify_date, score, subject, teacher_id, time, view) values (?, ?, ?, ?, ?, ?, ?, ?, ?, ?, ?, ?, ?, ?, ?, ?)
make question 7805
Hibernate: insert into question (answer, choice1, choice2, choice3, choice4, choice5, content, correct, create_date, filepath, modify_date, score, subject, teacher_id, time, view) values (?, ?, ?, ?, ?, ?, ?, ?, ?, ?, ?, ?, ?, ?, ?, ?)
make question 7806
Hibernate: insert into question (answer, choice1, choice2, choice3, choice4, choice5, content, correct, create_date, filepath, modify_date, score, subject, teacher_id, time, view) values (?, ?, ?, ?, ?, ?, ?, ?, ?, ?, ?, ?, ?, ?, ?, ?)
make question 7807
Hibernate: insert into question (answer, choice1, choice2, choice3, choice4, choice5, content, correct, create_date, filepath, modify_date, score, subject, teacher_id, time, view) values (?, ?, ?, ?, ?, ?, ?, ?, ?, ?, ?, ?, ?, ?, ?, ?)
make question 7808
Hibernate: insert into question (answer, choice1, choice2, choice3, choice4, choice5, content, correct, create_date, filepath, modify_date, score, subject, teacher_id, time, view) values (?, ?, ?, ?, ?, ?, ?, ?, ?, ?, ?, ?, ?, ?, ?, ?)
make question 7809
Hibernate: insert into question (answer, choice1, choice2, choice3, choice4, choice5, content, correct, create_date, filepath, modify_date, score, subject, teacher_id, time, view) values (?, ?, ?, ?, ?, ?, ?, ?, ?, ?, ?, ?, ?, ?, ?, ?)
make question 7810
Hibernate: insert into question (answer, choice1, choice2, choice3, choice4, choice5, content, correct, create_date, filepath, modify_date, score, subject, teacher_id, time, view) values (?, ?, ?, ?, ?, ?, ?, ?, ?, ?, ?, ?, ?, ?, ?, ?)
make question 7811
Hibernate: insert into question (answer, choice1, choice2, choice3, choice4, choice5, content, correct, create_date, filepath, modify_date, score, subject, teacher_id, time, view) values (?, ?, ?, ?, ?, ?, ?, ?, ?, ?, ?, ?, ?, ?, ?, ?)
make question 7812
Hibernate: insert into question (answer, choice1, choice2, choice3, choice4, choice5, content, correct, create_date, filepath, modify_date, score, subject, teacher_id, time, view) values (?, ?, ?, ?, ?, ?, ?, ?, ?, ?, ?, ?, ?, ?, ?, ?)
make question 7813
Hibernate: insert into question (answer, choice1, choice2, choice3, choice4, choice5, content, correct, create_date, filepath, modify_date, score, subject, teacher_id, time, view) values (?, ?, ?, ?, ?, ?, ?, ?, ?, ?, ?, ?, ?, ?, ?, ?)
make question 7814
Hibernate: insert into question (answer, choice1, choice2, choice3, choice4, choice5, content, correct, create_date, filepath, modify_date, score, subject, teacher_id, time, view) values (?, ?, ?, ?, ?, ?, ?, ?, ?, ?, ?, ?, ?, ?, ?, ?)
make question 7815
Hibernate: insert into question (answer, choice1, choice2, choice3, choice4, choice5, content, correct, create_date, filepath, modify_date, score, subject, teacher_id, time, view) values (?, ?, ?, ?, ?, ?, ?, ?, ?, ?, ?, ?, ?, ?, ?, ?)
make question 7816
Hibernate: insert into question (answer, choice1, choice2, choice3, choice4, choice5, content, correct, create_date, filepath, modify_date, score, subject, teacher_id, time, view) values (?, ?, ?, ?, ?, ?, ?, ?, ?, ?, ?, ?, ?, ?, ?, ?)
make question 7817
Hibernate: insert into question (answer, choice1, choice2, choice3, choice4, choice5, content, correct, create_date, filepath, modify_date, score, subject, teacher_id, time, view) values (?, ?, ?, ?, ?, ?, ?, ?, ?, ?, ?, ?, ?, ?, ?, ?)
make question 7818
Hibernate: insert into question (answer, choice1, choice2, choice3, choice4, choice5, content, correct, create_date, filepath, modify_date, score, subject, teacher_id, time, view) values (?, ?, ?, ?, ?, ?, ?, ?, ?, ?, ?, ?, ?, ?, ?, ?)
make question 7819
Hibernate: insert into question (answer, choice1, choice2, choice3, choice4, choice5, content, correct, create_date, filepath, modify_date, score, subject, teacher_id, time, view) values (?, ?, ?, ?, ?, ?, ?, ?, ?, ?, ?, ?, ?, ?, ?, ?)
make question 7820
Hibernate: insert into question (answer, choice1, choice2, choice3, choice4, choice5, content, correct, create_date, filepath, modify_date, score, subject, teacher_id, time, view) values (?, ?, ?, ?, ?, ?, ?, ?, ?, ?, ?, ?, ?, ?, ?, ?)
make question 7821
Hibernate: insert into question (answer, choice1, choice2, choice3, choice4, choice5, content, correct, create_date, filepath, modify_date, score, subject, teacher_id, time, view) values (?, ?, ?, ?, ?, ?, ?, ?, ?, ?, ?, ?, ?, ?, ?, ?)
make question 7822
Hibernate: insert into question (answer, choice1, choice2, choice3, choice4, choice5, content, correct, create_date, filepath, modify_date, score, subject, teacher_id, time, view) values (?, ?, ?, ?, ?, ?, ?, ?, ?, ?, ?, ?, ?, ?, ?, ?)
make question 7823
Hibernate: insert into question (answer, choice1, choice2, choice3, choice4, choice5, content, correct, create_date, filepath, modify_date, score, subject, teacher_id, time, view) values (?, ?, ?, ?, ?, ?, ?, ?, ?, ?, ?, ?, ?, ?, ?, ?)
make question 7824
Hibernate: insert into question (answer, choice1, choice2, choice3, choice4, choice5, content, correct, create_date, filepath, modify_date, score, subject, teacher_id, time, view) values (?, ?, ?, ?, ?, ?, ?, ?, ?, ?, ?, ?, ?, ?, ?, ?)
make question 7825
Hibernate: insert into question (answer, choice1, choice2, choice3, choice4, choice5, content, correct, create_date, filepath, modify_date, score, subject, teacher_id, time, view) values (?, ?, ?, ?, ?, ?, ?, ?, ?, ?, ?, ?, ?, ?, ?, ?)
make question 7826
Hibernate: insert into question (answer, choice1, choice2, choice3, choice4, choice5, content, correct, create_date, filepath, modify_date, score, subject, teacher_id, time, view) values (?, ?, ?, ?, ?, ?, ?, ?, ?, ?, ?, ?, ?, ?, ?, ?)
make question 7827
Hibernate: insert into question (answer, choice1, choice2, choice3, choice4, choice5, content, correct, create_date, filepath, modify_date, score, subject, teacher_id, time, view) values (?, ?, ?, ?, ?, ?, ?, ?, ?, ?, ?, ?, ?, ?, ?, ?)
make question 7828
Hibernate: insert into question (answer, choice1, choice2, choice3, choice4, choice5, content, correct, create_date, filepath, modify_date, score, subject, teacher_id, time, view) values (?, ?, ?, ?, ?, ?, ?, ?, ?, ?, ?, ?, ?, ?, ?, ?)
make question 7829
Hibernate: insert into question (answer, choice1, choice2, choice3, choice4, choice5, content, correct, create_date, filepath, modify_date, score, subject, teacher_id, time, view) values (?, ?, ?, ?, ?, ?, ?, ?, ?, ?, ?, ?, ?, ?, ?, ?)
make question 7830
Hibernate: insert into question (answer, choice1, choice2, choice3, choice4, choice5, content, correct, create_date, filepath, modify_date, score, subject, teacher_id, time, view) values (?, ?, ?, ?, ?, ?, ?, ?, ?, ?, ?, ?, ?, ?, ?, ?)
make question 7831
Hibernate: insert into question (answer, choice1, choice2, choice3, choice4, choice5, content, correct, create_date, filepath, modify_date, score, subject, teacher_id, time, view) values (?, ?, ?, ?, ?, ?, ?, ?, ?, ?, ?, ?, ?, ?, ?, ?)
make question 7832
Hibernate: insert into question (answer, choice1, choice2, choice3, choice4, choice5, content, correct, create_date, filepath, modify_date, score, subject, teacher_id, time, view) values (?, ?, ?, ?, ?, ?, ?, ?, ?, ?, ?, ?, ?, ?, ?, ?)
make question 7833
Hibernate: insert into question (answer, choice1, choice2, choice3, choice4, choice5, content, correct, create_date, filepath, modify_date, score, subject, teacher_id, time, view) values (?, ?, ?, ?, ?, ?, ?, ?, ?, ?, ?, ?, ?, ?, ?, ?)
make question 7834
Hibernate: insert into question (answer, choice1, choice2, choice3, choice4, choice5, content, correct, create_date, filepath, modify_date, score, subject, teacher_id, time, view) values (?, ?, ?, ?, ?, ?, ?, ?, ?, ?, ?, ?, ?, ?, ?, ?)
make question 7835
Hibernate: insert into question (answer, choice1, choice2, choice3, choice4, choice5, content, correct, create_date, filepath, modify_date, score, subject, teacher_id, time, view) values (?, ?, ?, ?, ?, ?, ?, ?, ?, ?, ?, ?, ?, ?, ?, ?)
make question 7836
Hibernate: insert into question (answer, choice1, choice2, choice3, choice4, choice5, content, correct, create_date, filepath, modify_date, score, subject, teacher_id, time, view) values (?, ?, ?, ?, ?, ?, ?, ?, ?, ?, ?, ?, ?, ?, ?, ?)
make question 7837
Hibernate: insert into question (answer, choice1, choice2, choice3, choice4, choice5, content, correct, create_date, filepath, modify_date, score, subject, teacher_id, time, view) values (?, ?, ?, ?, ?, ?, ?, ?, ?, ?, ?, ?, ?, ?, ?, ?)
make question 7838
Hibernate: insert into question (answer, choice1, choice2, choice3, choice4, choice5, content, correct, create_date, filepath, modify_date, score, subject, teacher_id, time, view) values (?, ?, ?, ?, ?, ?, ?, ?, ?, ?, ?, ?, ?, ?, ?, ?)
make question 7839
Hibernate: insert into question (answer, choice1, choice2, choice3, choice4, choice5, content, correct, create_date, filepath, modify_date, score, subject, teacher_id, time, view) values (?, ?, ?, ?, ?, ?, ?, ?, ?, ?, ?, ?, ?, ?, ?, ?)
make question 7840
Hibernate: insert into question (answer, choice1, choice2, choice3, choice4, choice5, content, correct, create_date, filepath, modify_date, score, subject, teacher_id, time, view) values (?, ?, ?, ?, ?, ?, ?, ?, ?, ?, ?, ?, ?, ?, ?, ?)
make question 7841
Hibernate: insert into question (answer, choice1, choice2, choice3, choice4, choice5, content, correct, create_date, filepath, modify_date, score, subject, teacher_id, time, view) values (?, ?, ?, ?, ?, ?, ?, ?, ?, ?, ?, ?, ?, ?, ?, ?)
make question 7842
Hibernate: insert into question (answer, choice1, choice2, choice3, choice4, choice5, content, correct, create_date, filepath, modify_date, score, subject, teacher_id, time, view) values (?, ?, ?, ?, ?, ?, ?, ?, ?, ?, ?, ?, ?, ?, ?, ?)
make question 7843
Hibernate: insert into question (answer, choice1, choice2, choice3, choice4, choice5, content, correct, create_date, filepath, modify_date, score, subject, teacher_id, time, view) values (?, ?, ?, ?, ?, ?, ?, ?, ?, ?, ?, ?, ?, ?, ?, ?)
make question 7844
Hibernate: insert into question (answer, choice1, choice2, choice3, choice4, choice5, content, correct, create_date, filepath, modify_date, score, subject, teacher_id, time, view) values (?, ?, ?, ?, ?, ?, ?, ?, ?, ?, ?, ?, ?, ?, ?, ?)
make question 7845
Hibernate: insert into question (answer, choice1, choice2, choice3, choice4, choice5, content, correct, create_date, filepath, modify_date, score, subject, teacher_id, time, view) values (?, ?, ?, ?, ?, ?, ?, ?, ?, ?, ?, ?, ?, ?, ?, ?)
make question 7846
Hibernate: insert into question (answer, choice1, choice2, choice3, choice4, choice5, content, correct, create_date, filepath, modify_date, score, subject, teacher_id, time, view) values (?, ?, ?, ?, ?, ?, ?, ?, ?, ?, ?, ?, ?, ?, ?, ?)
make question 7847
Hibernate: insert into question (answer, choice1, choice2, choice3, choice4, choice5, content, correct, create_date, filepath, modify_date, score, subject, teacher_id, time, view) values (?, ?, ?, ?, ?, ?, ?, ?, ?, ?, ?, ?, ?, ?, ?, ?)
make question 7848
Hibernate: insert into question (answer, choice1, choice2, choice3, choice4, choice5, content, correct, create_date, filepath, modify_date, score, subject, teacher_id, time, view) values (?, ?, ?, ?, ?, ?, ?, ?, ?, ?, ?, ?, ?, ?, ?, ?)
make question 7849
Hibernate: insert into question (answer, choice1, choice2, choice3, choice4, choice5, content, correct, create_date, filepath, modify_date, score, subject, teacher_id, time, view) values (?, ?, ?, ?, ?, ?, ?, ?, ?, ?, ?, ?, ?, ?, ?, ?)
make question 7850
Hibernate: insert into question (answer, choice1, choice2, choice3, choice4, choice5, content, correct, create_date, filepath, modify_date, score, subject, teacher_id, time, view) values (?, ?, ?, ?, ?, ?, ?, ?, ?, ?, ?, ?, ?, ?, ?, ?)
make question 7851
Hibernate: insert into question (answer, choice1, choice2, choice3, choice4, choice5, content, correct, create_date, filepath, modify_date, score, subject, teacher_id, time, view) values (?, ?, ?, ?, ?, ?, ?, ?, ?, ?, ?, ?, ?, ?, ?, ?)
make question 7852
Hibernate: insert into question (answer, choice1, choice2, choice3, choice4, choice5, content, correct, create_date, filepath, modify_date, score, subject, teacher_id, time, view) values (?, ?, ?, ?, ?, ?, ?, ?, ?, ?, ?, ?, ?, ?, ?, ?)
make question 7853
Hibernate: insert into question (answer, choice1, choice2, choice3, choice4, choice5, content, correct, create_date, filepath, modify_date, score, subject, teacher_id, time, view) values (?, ?, ?, ?, ?, ?, ?, ?, ?, ?, ?, ?, ?, ?, ?, ?)
make question 7854
Hibernate: insert into question (answer, choice1, choice2, choice3, choice4, choice5, content, correct, create_date, filepath, modify_date, score, subject, teacher_id, time, view) values (?, ?, ?, ?, ?, ?, ?, ?, ?, ?, ?, ?, ?, ?, ?, ?)
make question 7855
Hibernate: insert into question (answer, choice1, choice2, choice3, choice4, choice5, content, correct, create_date, filepath, modify_date, score, subject, teacher_id, time, view) values (?, ?, ?, ?, ?, ?, ?, ?, ?, ?, ?, ?, ?, ?, ?, ?)
make question 7856
Hibernate: insert into question (answer, choice1, choice2, choice3, choice4, choice5, content, correct, create_date, filepath, modify_date, score, subject, teacher_id, time, view) values (?, ?, ?, ?, ?, ?, ?, ?, ?, ?, ?, ?, ?, ?, ?, ?)
make question 7857
Hibernate: insert into question (answer, choice1, choice2, choice3, choice4, choice5, content, correct, create_date, filepath, modify_date, score, subject, teacher_id, time, view) values (?, ?, ?, ?, ?, ?, ?, ?, ?, ?, ?, ?, ?, ?, ?, ?)
make question 7858
Hibernate: insert into question (answer, choice1, choice2, choice3, choice4, choice5, content, correct, create_date, filepath, modify_date, score, subject, teacher_id, time, view) values (?, ?, ?, ?, ?, ?, ?, ?, ?, ?, ?, ?, ?, ?, ?, ?)
make question 7859
Hibernate: insert into question (answer, choice1, choice2, choice3, choice4, choice5, content, correct, create_date, filepath, modify_date, score, subject, teacher_id, time, view) values (?, ?, ?, ?, ?, ?, ?, ?, ?, ?, ?, ?, ?, ?, ?, ?)
make question 7860
Hibernate: insert into question (answer, choice1, choice2, choice3, choice4, choice5, content, correct, create_date, filepath, modify_date, score, subject, teacher_id, time, view) values (?, ?, ?, ?, ?, ?, ?, ?, ?, ?, ?, ?, ?, ?, ?, ?)
make question 7861
Hibernate: insert into question (answer, choice1, choice2, choice3, choice4, choice5, content, correct, create_date, filepath, modify_date, score, subject, teacher_id, time, view) values (?, ?, ?, ?, ?, ?, ?, ?, ?, ?, ?, ?, ?, ?, ?, ?)
make question 7862
Hibernate: insert into question (answer, choice1, choice2, choice3, choice4, choice5, content, correct, create_date, filepath, modify_date, score, subject, teacher_id, time, view) values (?, ?, ?, ?, ?, ?, ?, ?, ?, ?, ?, ?, ?, ?, ?, ?)
make question 7863
Hibernate: insert into question (answer, choice1, choice2, choice3, choice4, choice5, content, correct, create_date, filepath, modify_date, score, subject, teacher_id, time, view) values (?, ?, ?, ?, ?, ?, ?, ?, ?, ?, ?, ?, ?, ?, ?, ?)
make question 7864
Hibernate: insert into question (answer, choice1, choice2, choice3, choice4, choice5, content, correct, create_date, filepath, modify_date, score, subject, teacher_id, time, view) values (?, ?, ?, ?, ?, ?, ?, ?, ?, ?, ?, ?, ?, ?, ?, ?)
make question 7865
Hibernate: insert into question (answer, choice1, choice2, choice3, choice4, choice5, content, correct, create_date, filepath, modify_date, score, subject, teacher_id, time, view) values (?, ?, ?, ?, ?, ?, ?, ?, ?, ?, ?, ?, ?, ?, ?, ?)
make question 7866
Hibernate: insert into question (answer, choice1, choice2, choice3, choice4, choice5, content, correct, create_date, filepath, modify_date, score, subject, teacher_id, time, view) values (?, ?, ?, ?, ?, ?, ?, ?, ?, ?, ?, ?, ?, ?, ?, ?)
make question 7867
Hibernate: insert into question (answer, choice1, choice2, choice3, choice4, choice5, content, correct, create_date, filepath, modify_date, score, subject, teacher_id, time, view) values (?, ?, ?, ?, ?, ?, ?, ?, ?, ?, ?, ?, ?, ?, ?, ?)
make question 7868
Hibernate: insert into question (answer, choice1, choice2, choice3, choice4, choice5, content, correct, create_date, filepath, modify_date, score, subject, teacher_id, time, view) values (?, ?, ?, ?, ?, ?, ?, ?, ?, ?, ?, ?, ?, ?, ?, ?)
make question 7869
Hibernate: insert into question (answer, choice1, choice2, choice3, choice4, choice5, content, correct, create_date, filepath, modify_date, score, subject, teacher_id, time, view) values (?, ?, ?, ?, ?, ?, ?, ?, ?, ?, ?, ?, ?, ?, ?, ?)
make question 7870
Hibernate: insert into question (answer, choice1, choice2, choice3, choice4, choice5, content, correct, create_date, filepath, modify_date, score, subject, teacher_id, time, view) values (?, ?, ?, ?, ?, ?, ?, ?, ?, ?, ?, ?, ?, ?, ?, ?)
make question 7871
Hibernate: insert into question (answer, choice1, choice2, choice3, choice4, choice5, content, correct, create_date, filepath, modify_date, score, subject, teacher_id, time, view) values (?, ?, ?, ?, ?, ?, ?, ?, ?, ?, ?, ?, ?, ?, ?, ?)
make question 7872
Hibernate: insert into question (answer, choice1, choice2, choice3, choice4, choice5, content, correct, create_date, filepath, modify_date, score, subject, teacher_id, time, view) values (?, ?, ?, ?, ?, ?, ?, ?, ?, ?, ?, ?, ?, ?, ?, ?)
make question 7873
Hibernate: insert into question (answer, choice1, choice2, choice3, choice4, choice5, content, correct, create_date, filepath, modify_date, score, subject, teacher_id, time, view) values (?, ?, ?, ?, ?, ?, ?, ?, ?, ?, ?, ?, ?, ?, ?, ?)
make question 7874
Hibernate: insert into question (answer, choice1, choice2, choice3, choice4, choice5, content, correct, create_date, filepath, modify_date, score, subject, teacher_id, time, view) values (?, ?, ?, ?, ?, ?, ?, ?, ?, ?, ?, ?, ?, ?, ?, ?)
make question 7875
Hibernate: insert into question (answer, choice1, choice2, choice3, choice4, choice5, content, correct, create_date, filepath, modify_date, score, subject, teacher_id, time, view) values (?, ?, ?, ?, ?, ?, ?, ?, ?, ?, ?, ?, ?, ?, ?, ?)
make question 7876
Hibernate: insert into question (answer, choice1, choice2, choice3, choice4, choice5, content, correct, create_date, filepath, modify_date, score, subject, teacher_id, time, view) values (?, ?, ?, ?, ?, ?, ?, ?, ?, ?, ?, ?, ?, ?, ?, ?)
make question 7877
Hibernate: insert into question (answer, choice1, choice2, choice3, choice4, choice5, content, correct, create_date, filepath, modify_date, score, subject, teacher_id, time, view) values (?, ?, ?, ?, ?, ?, ?, ?, ?, ?, ?, ?, ?, ?, ?, ?)
make question 7878
Hibernate: insert into question (answer, choice1, choice2, choice3, choice4, choice5, content, correct, create_date, filepath, modify_date, score, subject, teacher_id, time, view) values (?, ?, ?, ?, ?, ?, ?, ?, ?, ?, ?, ?, ?, ?, ?, ?)
make question 7879
Hibernate: insert into question (answer, choice1, choice2, choice3, choice4, choice5, content, correct, create_date, filepath, modify_date, score, subject, teacher_id, time, view) values (?, ?, ?, ?, ?, ?, ?, ?, ?, ?, ?, ?, ?, ?, ?, ?)
make question 7880
Hibernate: insert into question (answer, choice1, choice2, choice3, choice4, choice5, content, correct, create_date, filepath, modify_date, score, subject, teacher_id, time, view) values (?, ?, ?, ?, ?, ?, ?, ?, ?, ?, ?, ?, ?, ?, ?, ?)
make question 7881
Hibernate: insert into question (answer, choice1, choice2, choice3, choice4, choice5, content, correct, create_date, filepath, modify_date, score, subject, teacher_id, time, view) values (?, ?, ?, ?, ?, ?, ?, ?, ?, ?, ?, ?, ?, ?, ?, ?)
make question 7882
Hibernate: insert into question (answer, choice1, choice2, choice3, choice4, choice5, content, correct, create_date, filepath, modify_date, score, subject, teacher_id, time, view) values (?, ?, ?, ?, ?, ?, ?, ?, ?, ?, ?, ?, ?, ?, ?, ?)
make question 7883
Hibernate: insert into question (answer, choice1, choice2, choice3, choice4, choice5, content, correct, create_date, filepath, modify_date, score, subject, teacher_id, time, view) values (?, ?, ?, ?, ?, ?, ?, ?, ?, ?, ?, ?, ?, ?, ?, ?)
make question 7884
Hibernate: insert into question (answer, choice1, choice2, choice3, choice4, choice5, content, correct, create_date, filepath, modify_date, score, subject, teacher_id, time, view) values (?, ?, ?, ?, ?, ?, ?, ?, ?, ?, ?, ?, ?, ?, ?, ?)
make question 7885
Hibernate: insert into question (answer, choice1, choice2, choice3, choice4, choice5, content, correct, create_date, filepath, modify_date, score, subject, teacher_id, time, view) values (?, ?, ?, ?, ?, ?, ?, ?, ?, ?, ?, ?, ?, ?, ?, ?)
make question 7886
Hibernate: insert into question (answer, choice1, choice2, choice3, choice4, choice5, content, correct, create_date, filepath, modify_date, score, subject, teacher_id, time, view) values (?, ?, ?, ?, ?, ?, ?, ?, ?, ?, ?, ?, ?, ?, ?, ?)
make question 7887
Hibernate: insert into question (answer, choice1, choice2, choice3, choice4, choice5, content, correct, create_date, filepath, modify_date, score, subject, teacher_id, time, view) values (?, ?, ?, ?, ?, ?, ?, ?, ?, ?, ?, ?, ?, ?, ?, ?)
make question 7888
Hibernate: insert into question (answer, choice1, choice2, choice3, choice4, choice5, content, correct, create_date, filepath, modify_date, score, subject, teacher_id, time, view) values (?, ?, ?, ?, ?, ?, ?, ?, ?, ?, ?, ?, ?, ?, ?, ?)
make question 7889
Hibernate: insert into question (answer, choice1, choice2, choice3, choice4, choice5, content, correct, create_date, filepath, modify_date, score, subject, teacher_id, time, view) values (?, ?, ?, ?, ?, ?, ?, ?, ?, ?, ?, ?, ?, ?, ?, ?)
make question 7890
Hibernate: insert into question (answer, choice1, choice2, choice3, choice4, choice5, content, correct, create_date, filepath, modify_date, score, subject, teacher_id, time, view) values (?, ?, ?, ?, ?, ?, ?, ?, ?, ?, ?, ?, ?, ?, ?, ?)
make question 7891
Hibernate: insert into question (answer, choice1, choice2, choice3, choice4, choice5, content, correct, create_date, filepath, modify_date, score, subject, teacher_id, time, view) values (?, ?, ?, ?, ?, ?, ?, ?, ?, ?, ?, ?, ?, ?, ?, ?)
make question 7892
Hibernate: insert into question (answer, choice1, choice2, choice3, choice4, choice5, content, correct, create_date, filepath, modify_date, score, subject, teacher_id, time, view) values (?, ?, ?, ?, ?, ?, ?, ?, ?, ?, ?, ?, ?, ?, ?, ?)
make question 7893
Hibernate: insert into question (answer, choice1, choice2, choice3, choice4, choice5, content, correct, create_date, filepath, modify_date, score, subject, teacher_id, time, view) values (?, ?, ?, ?, ?, ?, ?, ?, ?, ?, ?, ?, ?, ?, ?, ?)
make question 7894
Hibernate: insert into question (answer, choice1, choice2, choice3, choice4, choice5, content, correct, create_date, filepath, modify_date, score, subject, teacher_id, time, view) values (?, ?, ?, ?, ?, ?, ?, ?, ?, ?, ?, ?, ?, ?, ?, ?)
make question 7895
Hibernate: insert into question (answer, choice1, choice2, choice3, choice4, choice5, content, correct, create_date, filepath, modify_date, score, subject, teacher_id, time, view) values (?, ?, ?, ?, ?, ?, ?, ?, ?, ?, ?, ?, ?, ?, ?, ?)
make question 7896
Hibernate: insert into question (answer, choice1, choice2, choice3, choice4, choice5, content, correct, create_date, filepath, modify_date, score, subject, teacher_id, time, view) values (?, ?, ?, ?, ?, ?, ?, ?, ?, ?, ?, ?, ?, ?, ?, ?)
make question 7897
Hibernate: insert into question (answer, choice1, choice2, choice3, choice4, choice5, content, correct, create_date, filepath, modify_date, score, subject, teacher_id, time, view) values (?, ?, ?, ?, ?, ?, ?, ?, ?, ?, ?, ?, ?, ?, ?, ?)
make question 7898
Hibernate: insert into question (answer, choice1, choice2, choice3, choice4, choice5, content, correct, create_date, filepath, modify_date, score, subject, teacher_id, time, view) values (?, ?, ?, ?, ?, ?, ?, ?, ?, ?, ?, ?, ?, ?, ?, ?)
make question 7899
Hibernate: insert into question (answer, choice1, choice2, choice3, choice4, choice5, content, correct, create_date, filepath, modify_date, score, subject, teacher_id, time, view) values (?, ?, ?, ?, ?, ?, ?, ?, ?, ?, ?, ?, ?, ?, ?, ?)
make question 7900
Hibernate: insert into question (answer, choice1, choice2, choice3, choice4, choice5, content, correct, create_date, filepath, modify_date, score, subject, teacher_id, time, view) values (?, ?, ?, ?, ?, ?, ?, ?, ?, ?, ?, ?, ?, ?, ?, ?)
make question 7901
Hibernate: insert into question (answer, choice1, choice2, choice3, choice4, choice5, content, correct, create_date, filepath, modify_date, score, subject, teacher_id, time, view) values (?, ?, ?, ?, ?, ?, ?, ?, ?, ?, ?, ?, ?, ?, ?, ?)
make question 7902
Hibernate: insert into question (answer, choice1, choice2, choice3, choice4, choice5, content, correct, create_date, filepath, modify_date, score, subject, teacher_id, time, view) values (?, ?, ?, ?, ?, ?, ?, ?, ?, ?, ?, ?, ?, ?, ?, ?)
make question 7903
Hibernate: insert into question (answer, choice1, choice2, choice3, choice4, choice5, content, correct, create_date, filepath, modify_date, score, subject, teacher_id, time, view) values (?, ?, ?, ?, ?, ?, ?, ?, ?, ?, ?, ?, ?, ?, ?, ?)
make question 7904
Hibernate: insert into question (answer, choice1, choice2, choice3, choice4, choice5, content, correct, create_date, filepath, modify_date, score, subject, teacher_id, time, view) values (?, ?, ?, ?, ?, ?, ?, ?, ?, ?, ?, ?, ?, ?, ?, ?)
make question 7905
Hibernate: insert into question (answer, choice1, choice2, choice3, choice4, choice5, content, correct, create_date, filepath, modify_date, score, subject, teacher_id, time, view) values (?, ?, ?, ?, ?, ?, ?, ?, ?, ?, ?, ?, ?, ?, ?, ?)
make question 7906
Hibernate: insert into question (answer, choice1, choice2, choice3, choice4, choice5, content, correct, create_date, filepath, modify_date, score, subject, teacher_id, time, view) values (?, ?, ?, ?, ?, ?, ?, ?, ?, ?, ?, ?, ?, ?, ?, ?)
make question 7907
Hibernate: insert into question (answer, choice1, choice2, choice3, choice4, choice5, content, correct, create_date, filepath, modify_date, score, subject, teacher_id, time, view) values (?, ?, ?, ?, ?, ?, ?, ?, ?, ?, ?, ?, ?, ?, ?, ?)
make question 7908
Hibernate: insert into question (answer, choice1, choice2, choice3, choice4, choice5, content, correct, create_date, filepath, modify_date, score, subject, teacher_id, time, view) values (?, ?, ?, ?, ?, ?, ?, ?, ?, ?, ?, ?, ?, ?, ?, ?)
make question 7909
Hibernate: insert into question (answer, choice1, choice2, choice3, choice4, choice5, content, correct, create_date, filepath, modify_date, score, subject, teacher_id, time, view) values (?, ?, ?, ?, ?, ?, ?, ?, ?, ?, ?, ?, ?, ?, ?, ?)
make question 7910
Hibernate: insert into question (answer, choice1, choice2, choice3, choice4, choice5, content, correct, create_date, filepath, modify_date, score, subject, teacher_id, time, view) values (?, ?, ?, ?, ?, ?, ?, ?, ?, ?, ?, ?, ?, ?, ?, ?)
make question 7911
Hibernate: insert into question (answer, choice1, choice2, choice3, choice4, choice5, content, correct, create_date, filepath, modify_date, score, subject, teacher_id, time, view) values (?, ?, ?, ?, ?, ?, ?, ?, ?, ?, ?, ?, ?, ?, ?, ?)
make question 7912
Hibernate: insert into question (answer, choice1, choice2, choice3, choice4, choice5, content, correct, create_date, filepath, modify_date, score, subject, teacher_id, time, view) values (?, ?, ?, ?, ?, ?, ?, ?, ?, ?, ?, ?, ?, ?, ?, ?)
make question 7913
Hibernate: insert into question (answer, choice1, choice2, choice3, choice4, choice5, content, correct, create_date, filepath, modify_date, score, subject, teacher_id, time, view) values (?, ?, ?, ?, ?, ?, ?, ?, ?, ?, ?, ?, ?, ?, ?, ?)
make question 7914
Hibernate: insert into question (answer, choice1, choice2, choice3, choice4, choice5, content, correct, create_date, filepath, modify_date, score, subject, teacher_id, time, view) values (?, ?, ?, ?, ?, ?, ?, ?, ?, ?, ?, ?, ?, ?, ?, ?)
make question 7915
Hibernate: insert into question (answer, choice1, choice2, choice3, choice4, choice5, content, correct, create_date, filepath, modify_date, score, subject, teacher_id, time, view) values (?, ?, ?, ?, ?, ?, ?, ?, ?, ?, ?, ?, ?, ?, ?, ?)
make question 7916
Hibernate: insert into question (answer, choice1, choice2, choice3, choice4, choice5, content, correct, create_date, filepath, modify_date, score, subject, teacher_id, time, view) values (?, ?, ?, ?, ?, ?, ?, ?, ?, ?, ?, ?, ?, ?, ?, ?)
make question 7917
Hibernate: insert into question (answer, choice1, choice2, choice3, choice4, choice5, content, correct, create_date, filepath, modify_date, score, subject, teacher_id, time, view) values (?, ?, ?, ?, ?, ?, ?, ?, ?, ?, ?, ?, ?, ?, ?, ?)
make question 7918
Hibernate: insert into question (answer, choice1, choice2, choice3, choice4, choice5, content, correct, create_date, filepath, modify_date, score, subject, teacher_id, time, view) values (?, ?, ?, ?, ?, ?, ?, ?, ?, ?, ?, ?, ?, ?, ?, ?)
make question 7919
Hibernate: insert into question (answer, choice1, choice2, choice3, choice4, choice5, content, correct, create_date, filepath, modify_date, score, subject, teacher_id, time, view) values (?, ?, ?, ?, ?, ?, ?, ?, ?, ?, ?, ?, ?, ?, ?, ?)
make question 7920
Hibernate: insert into question (answer, choice1, choice2, choice3, choice4, choice5, content, correct, create_date, filepath, modify_date, score, subject, teacher_id, time, view) values (?, ?, ?, ?, ?, ?, ?, ?, ?, ?, ?, ?, ?, ?, ?, ?)
make question 7921
Hibernate: insert into question (answer, choice1, choice2, choice3, choice4, choice5, content, correct, create_date, filepath, modify_date, score, subject, teacher_id, time, view) values (?, ?, ?, ?, ?, ?, ?, ?, ?, ?, ?, ?, ?, ?, ?, ?)
make question 7922
Hibernate: insert into question (answer, choice1, choice2, choice3, choice4, choice5, content, correct, create_date, filepath, modify_date, score, subject, teacher_id, time, view) values (?, ?, ?, ?, ?, ?, ?, ?, ?, ?, ?, ?, ?, ?, ?, ?)
make question 7923
Hibernate: insert into question (answer, choice1, choice2, choice3, choice4, choice5, content, correct, create_date, filepath, modify_date, score, subject, teacher_id, time, view) values (?, ?, ?, ?, ?, ?, ?, ?, ?, ?, ?, ?, ?, ?, ?, ?)
make question 7924
Hibernate: insert into question (answer, choice1, choice2, choice3, choice4, choice5, content, correct, create_date, filepath, modify_date, score, subject, teacher_id, time, view) values (?, ?, ?, ?, ?, ?, ?, ?, ?, ?, ?, ?, ?, ?, ?, ?)
make question 7925
Hibernate: insert into question (answer, choice1, choice2, choice3, choice4, choice5, content, correct, create_date, filepath, modify_date, score, subject, teacher_id, time, view) values (?, ?, ?, ?, ?, ?, ?, ?, ?, ?, ?, ?, ?, ?, ?, ?)
make question 7926
Hibernate: insert into question (answer, choice1, choice2, choice3, choice4, choice5, content, correct, create_date, filepath, modify_date, score, subject, teacher_id, time, view) values (?, ?, ?, ?, ?, ?, ?, ?, ?, ?, ?, ?, ?, ?, ?, ?)
make question 7927
Hibernate: insert into question (answer, choice1, choice2, choice3, choice4, choice5, content, correct, create_date, filepath, modify_date, score, subject, teacher_id, time, view) values (?, ?, ?, ?, ?, ?, ?, ?, ?, ?, ?, ?, ?, ?, ?, ?)
make question 7928
Hibernate: insert into question (answer, choice1, choice2, choice3, choice4, choice5, content, correct, create_date, filepath, modify_date, score, subject, teacher_id, time, view) values (?, ?, ?, ?, ?, ?, ?, ?, ?, ?, ?, ?, ?, ?, ?, ?)
make question 7929
Hibernate: insert into question (answer, choice1, choice2, choice3, choice4, choice5, content, correct, create_date, filepath, modify_date, score, subject, teacher_id, time, view) values (?, ?, ?, ?, ?, ?, ?, ?, ?, ?, ?, ?, ?, ?, ?, ?)
make question 7930
Hibernate: insert into question (answer, choice1, choice2, choice3, choice4, choice5, content, correct, create_date, filepath, modify_date, score, subject, teacher_id, time, view) values (?, ?, ?, ?, ?, ?, ?, ?, ?, ?, ?, ?, ?, ?, ?, ?)
make question 7931
Hibernate: insert into question (answer, choice1, choice2, choice3, choice4, choice5, content, correct, create_date, filepath, modify_date, score, subject, teacher_id, time, view) values (?, ?, ?, ?, ?, ?, ?, ?, ?, ?, ?, ?, ?, ?, ?, ?)
make question 7932
Hibernate: insert into question (answer, choice1, choice2, choice3, choice4, choice5, content, correct, create_date, filepath, modify_date, score, subject, teacher_id, time, view) values (?, ?, ?, ?, ?, ?, ?, ?, ?, ?, ?, ?, ?, ?, ?, ?)
make question 7933
Hibernate: insert into question (answer, choice1, choice2, choice3, choice4, choice5, content, correct, create_date, filepath, modify_date, score, subject, teacher_id, time, view) values (?, ?, ?, ?, ?, ?, ?, ?, ?, ?, ?, ?, ?, ?, ?, ?)
make question 7934
Hibernate: insert into question (answer, choice1, choice2, choice3, choice4, choice5, content, correct, create_date, filepath, modify_date, score, subject, teacher_id, time, view) values (?, ?, ?, ?, ?, ?, ?, ?, ?, ?, ?, ?, ?, ?, ?, ?)
make question 7935
Hibernate: insert into question (answer, choice1, choice2, choice3, choice4, choice5, content, correct, create_date, filepath, modify_date, score, subject, teacher_id, time, view) values (?, ?, ?, ?, ?, ?, ?, ?, ?, ?, ?, ?, ?, ?, ?, ?)
make question 7936
Hibernate: insert into question (answer, choice1, choice2, choice3, choice4, choice5, content, correct, create_date, filepath, modify_date, score, subject, teacher_id, time, view) values (?, ?, ?, ?, ?, ?, ?, ?, ?, ?, ?, ?, ?, ?, ?, ?)
make question 7937
Hibernate: insert into question (answer, choice1, choice2, choice3, choice4, choice5, content, correct, create_date, filepath, modify_date, score, subject, teacher_id, time, view) values (?, ?, ?, ?, ?, ?, ?, ?, ?, ?, ?, ?, ?, ?, ?, ?)
make question 7938
Hibernate: insert into question (answer, choice1, choice2, choice3, choice4, choice5, content, correct, create_date, filepath, modify_date, score, subject, teacher_id, time, view) values (?, ?, ?, ?, ?, ?, ?, ?, ?, ?, ?, ?, ?, ?, ?, ?)
make question 7939
Hibernate: insert into question (answer, choice1, choice2, choice3, choice4, choice5, content, correct, create_date, filepath, modify_date, score, subject, teacher_id, time, view) values (?, ?, ?, ?, ?, ?, ?, ?, ?, ?, ?, ?, ?, ?, ?, ?)
make question 7940
Hibernate: insert into question (answer, choice1, choice2, choice3, choice4, choice5, content, correct, create_date, filepath, modify_date, score, subject, teacher_id, time, view) values (?, ?, ?, ?, ?, ?, ?, ?, ?, ?, ?, ?, ?, ?, ?, ?)
make question 7941
Hibernate: insert into question (answer, choice1, choice2, choice3, choice4, choice5, content, correct, create_date, filepath, modify_date, score, subject, teacher_id, time, view) values (?, ?, ?, ?, ?, ?, ?, ?, ?, ?, ?, ?, ?, ?, ?, ?)
make question 7942
Hibernate: insert into question (answer, choice1, choice2, choice3, choice4, choice5, content, correct, create_date, filepath, modify_date, score, subject, teacher_id, time, view) values (?, ?, ?, ?, ?, ?, ?, ?, ?, ?, ?, ?, ?, ?, ?, ?)
make question 7943
Hibernate: insert into question (answer, choice1, choice2, choice3, choice4, choice5, content, correct, create_date, filepath, modify_date, score, subject, teacher_id, time, view) values (?, ?, ?, ?, ?, ?, ?, ?, ?, ?, ?, ?, ?, ?, ?, ?)
make question 7944
Hibernate: insert into question (answer, choice1, choice2, choice3, choice4, choice5, content, correct, create_date, filepath, modify_date, score, subject, teacher_id, time, view) values (?, ?, ?, ?, ?, ?, ?, ?, ?, ?, ?, ?, ?, ?, ?, ?)
make question 7945
Hibernate: insert into question (answer, choice1, choice2, choice3, choice4, choice5, content, correct, create_date, filepath, modify_date, score, subject, teacher_id, time, view) values (?, ?, ?, ?, ?, ?, ?, ?, ?, ?, ?, ?, ?, ?, ?, ?)
make question 7946
Hibernate: insert into question (answer, choice1, choice2, choice3, choice4, choice5, content, correct, create_date, filepath, modify_date, score, subject, teacher_id, time, view) values (?, ?, ?, ?, ?, ?, ?, ?, ?, ?, ?, ?, ?, ?, ?, ?)
make question 7947
Hibernate: insert into question (answer, choice1, choice2, choice3, choice4, choice5, content, correct, create_date, filepath, modify_date, score, subject, teacher_id, time, view) values (?, ?, ?, ?, ?, ?, ?, ?, ?, ?, ?, ?, ?, ?, ?, ?)
make question 7948
Hibernate: insert into question (answer, choice1, choice2, choice3, choice4, choice5, content, correct, create_date, filepath, modify_date, score, subject, teacher_id, time, view) values (?, ?, ?, ?, ?, ?, ?, ?, ?, ?, ?, ?, ?, ?, ?, ?)
make question 7949
Hibernate: insert into question (answer, choice1, choice2, choice3, choice4, choice5, content, correct, create_date, filepath, modify_date, score, subject, teacher_id, time, view) values (?, ?, ?, ?, ?, ?, ?, ?, ?, ?, ?, ?, ?, ?, ?, ?)
make question 7950
Hibernate: insert into question (answer, choice1, choice2, choice3, choice4, choice5, content, correct, create_date, filepath, modify_date, score, subject, teacher_id, time, view) values (?, ?, ?, ?, ?, ?, ?, ?, ?, ?, ?, ?, ?, ?, ?, ?)
make question 7951
Hibernate: insert into question (answer, choice1, choice2, choice3, choice4, choice5, content, correct, create_date, filepath, modify_date, score, subject, teacher_id, time, view) values (?, ?, ?, ?, ?, ?, ?, ?, ?, ?, ?, ?, ?, ?, ?, ?)
make question 7952
Hibernate: insert into question (answer, choice1, choice2, choice3, choice4, choice5, content, correct, create_date, filepath, modify_date, score, subject, teacher_id, time, view) values (?, ?, ?, ?, ?, ?, ?, ?, ?, ?, ?, ?, ?, ?, ?, ?)
make question 7953
Hibernate: insert into question (answer, choice1, choice2, choice3, choice4, choice5, content, correct, create_date, filepath, modify_date, score, subject, teacher_id, time, view) values (?, ?, ?, ?, ?, ?, ?, ?, ?, ?, ?, ?, ?, ?, ?, ?)
make question 7954
Hibernate: insert into question (answer, choice1, choice2, choice3, choice4, choice5, content, correct, create_date, filepath, modify_date, score, subject, teacher_id, time, view) values (?, ?, ?, ?, ?, ?, ?, ?, ?, ?, ?, ?, ?, ?, ?, ?)
make question 7955
Hibernate: insert into question (answer, choice1, choice2, choice3, choice4, choice5, content, correct, create_date, filepath, modify_date, score, subject, teacher_id, time, view) values (?, ?, ?, ?, ?, ?, ?, ?, ?, ?, ?, ?, ?, ?, ?, ?)
make question 7956
Hibernate: insert into question (answer, choice1, choice2, choice3, choice4, choice5, content, correct, create_date, filepath, modify_date, score, subject, teacher_id, time, view) values (?, ?, ?, ?, ?, ?, ?, ?, ?, ?, ?, ?, ?, ?, ?, ?)
make question 7957
Hibernate: insert into question (answer, choice1, choice2, choice3, choice4, choice5, content, correct, create_date, filepath, modify_date, score, subject, teacher_id, time, view) values (?, ?, ?, ?, ?, ?, ?, ?, ?, ?, ?, ?, ?, ?, ?, ?)
make question 7958
Hibernate: insert into question (answer, choice1, choice2, choice3, choice4, choice5, content, correct, create_date, filepath, modify_date, score, subject, teacher_id, time, view) values (?, ?, ?, ?, ?, ?, ?, ?, ?, ?, ?, ?, ?, ?, ?, ?)
make question 7959
Hibernate: insert into question (answer, choice1, choice2, choice3, choice4, choice5, content, correct, create_date, filepath, modify_date, score, subject, teacher_id, time, view) values (?, ?, ?, ?, ?, ?, ?, ?, ?, ?, ?, ?, ?, ?, ?, ?)
make question 7960
Hibernate: insert into question (answer, choice1, choice2, choice3, choice4, choice5, content, correct, create_date, filepath, modify_date, score, subject, teacher_id, time, view) values (?, ?, ?, ?, ?, ?, ?, ?, ?, ?, ?, ?, ?, ?, ?, ?)
make question 7961
Hibernate: insert into question (answer, choice1, choice2, choice3, choice4, choice5, content, correct, create_date, filepath, modify_date, score, subject, teacher_id, time, view) values (?, ?, ?, ?, ?, ?, ?, ?, ?, ?, ?, ?, ?, ?, ?, ?)
make question 7962
Hibernate: insert into question (answer, choice1, choice2, choice3, choice4, choice5, content, correct, create_date, filepath, modify_date, score, subject, teacher_id, time, view) values (?, ?, ?, ?, ?, ?, ?, ?, ?, ?, ?, ?, ?, ?, ?, ?)
make question 7963
Hibernate: insert into question (answer, choice1, choice2, choice3, choice4, choice5, content, correct, create_date, filepath, modify_date, score, subject, teacher_id, time, view) values (?, ?, ?, ?, ?, ?, ?, ?, ?, ?, ?, ?, ?, ?, ?, ?)
make question 7964
Hibernate: insert into question (answer, choice1, choice2, choice3, choice4, choice5, content, correct, create_date, filepath, modify_date, score, subject, teacher_id, time, view) values (?, ?, ?, ?, ?, ?, ?, ?, ?, ?, ?, ?, ?, ?, ?, ?)
make question 7965
Hibernate: insert into question (answer, choice1, choice2, choice3, choice4, choice5, content, correct, create_date, filepath, modify_date, score, subject, teacher_id, time, view) values (?, ?, ?, ?, ?, ?, ?, ?, ?, ?, ?, ?, ?, ?, ?, ?)
make question 7966
Hibernate: insert into question (answer, choice1, choice2, choice3, choice4, choice5, content, correct, create_date, filepath, modify_date, score, subject, teacher_id, time, view) values (?, ?, ?, ?, ?, ?, ?, ?, ?, ?, ?, ?, ?, ?, ?, ?)
make question 7967
Hibernate: insert into question (answer, choice1, choice2, choice3, choice4, choice5, content, correct, create_date, filepath, modify_date, score, subject, teacher_id, time, view) values (?, ?, ?, ?, ?, ?, ?, ?, ?, ?, ?, ?, ?, ?, ?, ?)
make question 7968
Hibernate: insert into question (answer, choice1, choice2, choice3, choice4, choice5, content, correct, create_date, filepath, modify_date, score, subject, teacher_id, time, view) values (?, ?, ?, ?, ?, ?, ?, ?, ?, ?, ?, ?, ?, ?, ?, ?)
make question 7969
Hibernate: insert into question (answer, choice1, choice2, choice3, choice4, choice5, content, correct, create_date, filepath, modify_date, score, subject, teacher_id, time, view) values (?, ?, ?, ?, ?, ?, ?, ?, ?, ?, ?, ?, ?, ?, ?, ?)
make question 7970
Hibernate: insert into question (answer, choice1, choice2, choice3, choice4, choice5, content, correct, create_date, filepath, modify_date, score, subject, teacher_id, time, view) values (?, ?, ?, ?, ?, ?, ?, ?, ?, ?, ?, ?, ?, ?, ?, ?)
make question 7971
Hibernate: insert into question (answer, choice1, choice2, choice3, choice4, choice5, content, correct, create_date, filepath, modify_date, score, subject, teacher_id, time, view) values (?, ?, ?, ?, ?, ?, ?, ?, ?, ?, ?, ?, ?, ?, ?, ?)
make question 7972
Hibernate: insert into question (answer, choice1, choice2, choice3, choice4, choice5, content, correct, create_date, filepath, modify_date, score, subject, teacher_id, time, view) values (?, ?, ?, ?, ?, ?, ?, ?, ?, ?, ?, ?, ?, ?, ?, ?)
make question 7973
Hibernate: insert into question (answer, choice1, choice2, choice3, choice4, choice5, content, correct, create_date, filepath, modify_date, score, subject, teacher_id, time, view) values (?, ?, ?, ?, ?, ?, ?, ?, ?, ?, ?, ?, ?, ?, ?, ?)
make question 7974
Hibernate: insert into question (answer, choice1, choice2, choice3, choice4, choice5, content, correct, create_date, filepath, modify_date, score, subject, teacher_id, time, view) values (?, ?, ?, ?, ?, ?, ?, ?, ?, ?, ?, ?, ?, ?, ?, ?)
make question 7975
Hibernate: insert into question (answer, choice1, choice2, choice3, choice4, choice5, content, correct, create_date, filepath, modify_date, score, subject, teacher_id, time, view) values (?, ?, ?, ?, ?, ?, ?, ?, ?, ?, ?, ?, ?, ?, ?, ?)
make question 7976
Hibernate: insert into question (answer, choice1, choice2, choice3, choice4, choice5, content, correct, create_date, filepath, modify_date, score, subject, teacher_id, time, view) values (?, ?, ?, ?, ?, ?, ?, ?, ?, ?, ?, ?, ?, ?, ?, ?)
make question 7977
Hibernate: insert into question (answer, choice1, choice2, choice3, choice4, choice5, content, correct, create_date, filepath, modify_date, score, subject, teacher_id, time, view) values (?, ?, ?, ?, ?, ?, ?, ?, ?, ?, ?, ?, ?, ?, ?, ?)
make question 7978
Hibernate: insert into question (answer, choice1, choice2, choice3, choice4, choice5, content, correct, create_date, filepath, modify_date, score, subject, teacher_id, time, view) values (?, ?, ?, ?, ?, ?, ?, ?, ?, ?, ?, ?, ?, ?, ?, ?)
make question 7979
Hibernate: insert into question (answer, choice1, choice2, choice3, choice4, choice5, content, correct, create_date, filepath, modify_date, score, subject, teacher_id, time, view) values (?, ?, ?, ?, ?, ?, ?, ?, ?, ?, ?, ?, ?, ?, ?, ?)
make question 7980
Hibernate: insert into question (answer, choice1, choice2, choice3, choice4, choice5, content, correct, create_date, filepath, modify_date, score, subject, teacher_id, time, view) values (?, ?, ?, ?, ?, ?, ?, ?, ?, ?, ?, ?, ?, ?, ?, ?)
make question 7981
Hibernate: insert into question (answer, choice1, choice2, choice3, choice4, choice5, content, correct, create_date, filepath, modify_date, score, subject, teacher_id, time, view) values (?, ?, ?, ?, ?, ?, ?, ?, ?, ?, ?, ?, ?, ?, ?, ?)
make question 7982
Hibernate: insert into question (answer, choice1, choice2, choice3, choice4, choice5, content, correct, create_date, filepath, modify_date, score, subject, teacher_id, time, view) values (?, ?, ?, ?, ?, ?, ?, ?, ?, ?, ?, ?, ?, ?, ?, ?)
make question 7983
Hibernate: insert into question (answer, choice1, choice2, choice3, choice4, choice5, content, correct, create_date, filepath, modify_date, score, subject, teacher_id, time, view) values (?, ?, ?, ?, ?, ?, ?, ?, ?, ?, ?, ?, ?, ?, ?, ?)
make question 7984
Hibernate: insert into question (answer, choice1, choice2, choice3, choice4, choice5, content, correct, create_date, filepath, modify_date, score, subject, teacher_id, time, view) values (?, ?, ?, ?, ?, ?, ?, ?, ?, ?, ?, ?, ?, ?, ?, ?)
make question 7985
Hibernate: insert into question (answer, choice1, choice2, choice3, choice4, choice5, content, correct, create_date, filepath, modify_date, score, subject, teacher_id, time, view) values (?, ?, ?, ?, ?, ?, ?, ?, ?, ?, ?, ?, ?, ?, ?, ?)
make question 7986
Hibernate: insert into question (answer, choice1, choice2, choice3, choice4, choice5, content, correct, create_date, filepath, modify_date, score, subject, teacher_id, time, view) values (?, ?, ?, ?, ?, ?, ?, ?, ?, ?, ?, ?, ?, ?, ?, ?)
make question 7987
Hibernate: insert into question (answer, choice1, choice2, choice3, choice4, choice5, content, correct, create_date, filepath, modify_date, score, subject, teacher_id, time, view) values (?, ?, ?, ?, ?, ?, ?, ?, ?, ?, ?, ?, ?, ?, ?, ?)
make question 7988
Hibernate: insert into question (answer, choice1, choice2, choice3, choice4, choice5, content, correct, create_date, filepath, modify_date, score, subject, teacher_id, time, view) values (?, ?, ?, ?, ?, ?, ?, ?, ?, ?, ?, ?, ?, ?, ?, ?)
make question 7989
Hibernate: insert into question (answer, choice1, choice2, choice3, choice4, choice5, content, correct, create_date, filepath, modify_date, score, subject, teacher_id, time, view) values (?, ?, ?, ?, ?, ?, ?, ?, ?, ?, ?, ?, ?, ?, ?, ?)
make question 7990
Hibernate: insert into question (answer, choice1, choice2, choice3, choice4, choice5, content, correct, create_date, filepath, modify_date, score, subject, teacher_id, time, view) values (?, ?, ?, ?, ?, ?, ?, ?, ?, ?, ?, ?, ?, ?, ?, ?)
make question 7991
Hibernate: insert into question (answer, choice1, choice2, choice3, choice4, choice5, content, correct, create_date, filepath, modify_date, score, subject, teacher_id, time, view) values (?, ?, ?, ?, ?, ?, ?, ?, ?, ?, ?, ?, ?, ?, ?, ?)
make question 7992
Hibernate: insert into question (answer, choice1, choice2, choice3, choice4, choice5, content, correct, create_date, filepath, modify_date, score, subject, teacher_id, time, view) values (?, ?, ?, ?, ?, ?, ?, ?, ?, ?, ?, ?, ?, ?, ?, ?)
make question 7993
Hibernate: insert into question (answer, choice1, choice2, choice3, choice4, choice5, content, correct, create_date, filepath, modify_date, score, subject, teacher_id, time, view) values (?, ?, ?, ?, ?, ?, ?, ?, ?, ?, ?, ?, ?, ?, ?, ?)
make question 7994
Hibernate: insert into question (answer, choice1, choice2, choice3, choice4, choice5, content, correct, create_date, filepath, modify_date, score, subject, teacher_id, time, view) values (?, ?, ?, ?, ?, ?, ?, ?, ?, ?, ?, ?, ?, ?, ?, ?)
make question 7995
Hibernate: insert into question (answer, choice1, choice2, choice3, choice4, choice5, content, correct, create_date, filepath, modify_date, score, subject, teacher_id, time, view) values (?, ?, ?, ?, ?, ?, ?, ?, ?, ?, ?, ?, ?, ?, ?, ?)
make question 7996
Hibernate: insert into question (answer, choice1, choice2, choice3, choice4, choice5, content, correct, create_date, filepath, modify_date, score, subject, teacher_id, time, view) values (?, ?, ?, ?, ?, ?, ?, ?, ?, ?, ?, ?, ?, ?, ?, ?)
make question 7997
Hibernate: insert into question (answer, choice1, choice2, choice3, choice4, choice5, content, correct, create_date, filepath, modify_date, score, subject, teacher_id, time, view) values (?, ?, ?, ?, ?, ?, ?, ?, ?, ?, ?, ?, ?, ?, ?, ?)
make question 7998
Hibernate: insert into question (answer, choice1, choice2, choice3, choice4, choice5, content, correct, create_date, filepath, modify_date, score, subject, teacher_id, time, view) values (?, ?, ?, ?, ?, ?, ?, ?, ?, ?, ?, ?, ?, ?, ?, ?)
make question 7999
Hibernate: insert into question (answer, choice1, choice2, choice3, choice4, choice5, content, correct, create_date, filepath, modify_date, score, subject, teacher_id, time, view) values (?, ?, ?, ?, ?, ?, ?, ?, ?, ?, ?, ?, ?, ?, ?, ?)
make question 8000
Hibernate: insert into question (answer, choice1, choice2, choice3, choice4, choice5, content, correct, create_date, filepath, modify_date, score, subject, teacher_id, time, view) values (?, ?, ?, ?, ?, ?, ?, ?, ?, ?, ?, ?, ?, ?, ?, ?)
make question 8001
Hibernate: insert into question (answer, choice1, choice2, choice3, choice4, choice5, content, correct, create_date, filepath, modify_date, score, subject, teacher_id, time, view) values (?, ?, ?, ?, ?, ?, ?, ?, ?, ?, ?, ?, ?, ?, ?, ?)
make question 8002
Hibernate: insert into question (answer, choice1, choice2, choice3, choice4, choice5, content, correct, create_date, filepath, modify_date, score, subject, teacher_id, time, view) values (?, ?, ?, ?, ?, ?, ?, ?, ?, ?, ?, ?, ?, ?, ?, ?)
make question 8003
Hibernate: insert into question (answer, choice1, choice2, choice3, choice4, choice5, content, correct, create_date, filepath, modify_date, score, subject, teacher_id, time, view) values (?, ?, ?, ?, ?, ?, ?, ?, ?, ?, ?, ?, ?, ?, ?, ?)
make question 8004
Hibernate: insert into question (answer, choice1, choice2, choice3, choice4, choice5, content, correct, create_date, filepath, modify_date, score, subject, teacher_id, time, view) values (?, ?, ?, ?, ?, ?, ?, ?, ?, ?, ?, ?, ?, ?, ?, ?)
make question 8005
Hibernate: insert into question (answer, choice1, choice2, choice3, choice4, choice5, content, correct, create_date, filepath, modify_date, score, subject, teacher_id, time, view) values (?, ?, ?, ?, ?, ?, ?, ?, ?, ?, ?, ?, ?, ?, ?, ?)
make question 8006
Hibernate: insert into question (answer, choice1, choice2, choice3, choice4, choice5, content, correct, create_date, filepath, modify_date, score, subject, teacher_id, time, view) values (?, ?, ?, ?, ?, ?, ?, ?, ?, ?, ?, ?, ?, ?, ?, ?)
make question 8007
Hibernate: insert into question (answer, choice1, choice2, choice3, choice4, choice5, content, correct, create_date, filepath, modify_date, score, subject, teacher_id, time, view) values (?, ?, ?, ?, ?, ?, ?, ?, ?, ?, ?, ?, ?, ?, ?, ?)
make question 8008
Hibernate: insert into question (answer, choice1, choice2, choice3, choice4, choice5, content, correct, create_date, filepath, modify_date, score, subject, teacher_id, time, view) values (?, ?, ?, ?, ?, ?, ?, ?, ?, ?, ?, ?, ?, ?, ?, ?)
make question 8009
Hibernate: insert into question (answer, choice1, choice2, choice3, choice4, choice5, content, correct, create_date, filepath, modify_date, score, subject, teacher_id, time, view) values (?, ?, ?, ?, ?, ?, ?, ?, ?, ?, ?, ?, ?, ?, ?, ?)
make question 8010
Hibernate: insert into question (answer, choice1, choice2, choice3, choice4, choice5, content, correct, create_date, filepath, modify_date, score, subject, teacher_id, time, view) values (?, ?, ?, ?, ?, ?, ?, ?, ?, ?, ?, ?, ?, ?, ?, ?)
make question 8011
Hibernate: insert into question (answer, choice1, choice2, choice3, choice4, choice5, content, correct, create_date, filepath, modify_date, score, subject, teacher_id, time, view) values (?, ?, ?, ?, ?, ?, ?, ?, ?, ?, ?, ?, ?, ?, ?, ?)
make question 8012
Hibernate: insert into question (answer, choice1, choice2, choice3, choice4, choice5, content, correct, create_date, filepath, modify_date, score, subject, teacher_id, time, view) values (?, ?, ?, ?, ?, ?, ?, ?, ?, ?, ?, ?, ?, ?, ?, ?)
make question 8013
Hibernate: insert into question (answer, choice1, choice2, choice3, choice4, choice5, content, correct, create_date, filepath, modify_date, score, subject, teacher_id, time, view) values (?, ?, ?, ?, ?, ?, ?, ?, ?, ?, ?, ?, ?, ?, ?, ?)
make question 8014
Hibernate: insert into question (answer, choice1, choice2, choice3, choice4, choice5, content, correct, create_date, filepath, modify_date, score, subject, teacher_id, time, view) values (?, ?, ?, ?, ?, ?, ?, ?, ?, ?, ?, ?, ?, ?, ?, ?)
make question 8015
Hibernate: insert into question (answer, choice1, choice2, choice3, choice4, choice5, content, correct, create_date, filepath, modify_date, score, subject, teacher_id, time, view) values (?, ?, ?, ?, ?, ?, ?, ?, ?, ?, ?, ?, ?, ?, ?, ?)
make question 8016
Hibernate: insert into question (answer, choice1, choice2, choice3, choice4, choice5, content, correct, create_date, filepath, modify_date, score, subject, teacher_id, time, view) values (?, ?, ?, ?, ?, ?, ?, ?, ?, ?, ?, ?, ?, ?, ?, ?)
make question 8017
Hibernate: insert into question (answer, choice1, choice2, choice3, choice4, choice5, content, correct, create_date, filepath, modify_date, score, subject, teacher_id, time, view) values (?, ?, ?, ?, ?, ?, ?, ?, ?, ?, ?, ?, ?, ?, ?, ?)
make question 8018
Hibernate: insert into question (answer, choice1, choice2, choice3, choice4, choice5, content, correct, create_date, filepath, modify_date, score, subject, teacher_id, time, view) values (?, ?, ?, ?, ?, ?, ?, ?, ?, ?, ?, ?, ?, ?, ?, ?)
make question 8019
Hibernate: insert into question (answer, choice1, choice2, choice3, choice4, choice5, content, correct, create_date, filepath, modify_date, score, subject, teacher_id, time, view) values (?, ?, ?, ?, ?, ?, ?, ?, ?, ?, ?, ?, ?, ?, ?, ?)
make question 8020
Hibernate: insert into question (answer, choice1, choice2, choice3, choice4, choice5, content, correct, create_date, filepath, modify_date, score, subject, teacher_id, time, view) values (?, ?, ?, ?, ?, ?, ?, ?, ?, ?, ?, ?, ?, ?, ?, ?)
make question 8021
Hibernate: insert into question (answer, choice1, choice2, choice3, choice4, choice5, content, correct, create_date, filepath, modify_date, score, subject, teacher_id, time, view) values (?, ?, ?, ?, ?, ?, ?, ?, ?, ?, ?, ?, ?, ?, ?, ?)
make question 8022
Hibernate: insert into question (answer, choice1, choice2, choice3, choice4, choice5, content, correct, create_date, filepath, modify_date, score, subject, teacher_id, time, view) values (?, ?, ?, ?, ?, ?, ?, ?, ?, ?, ?, ?, ?, ?, ?, ?)
make question 8023
Hibernate: insert into question (answer, choice1, choice2, choice3, choice4, choice5, content, correct, create_date, filepath, modify_date, score, subject, teacher_id, time, view) values (?, ?, ?, ?, ?, ?, ?, ?, ?, ?, ?, ?, ?, ?, ?, ?)
make question 8024
Hibernate: insert into question (answer, choice1, choice2, choice3, choice4, choice5, content, correct, create_date, filepath, modify_date, score, subject, teacher_id, time, view) values (?, ?, ?, ?, ?, ?, ?, ?, ?, ?, ?, ?, ?, ?, ?, ?)
make question 8025
Hibernate: insert into question (answer, choice1, choice2, choice3, choice4, choice5, content, correct, create_date, filepath, modify_date, score, subject, teacher_id, time, view) values (?, ?, ?, ?, ?, ?, ?, ?, ?, ?, ?, ?, ?, ?, ?, ?)
make question 8026
Hibernate: insert into question (answer, choice1, choice2, choice3, choice4, choice5, content, correct, create_date, filepath, modify_date, score, subject, teacher_id, time, view) values (?, ?, ?, ?, ?, ?, ?, ?, ?, ?, ?, ?, ?, ?, ?, ?)
make question 8027
Hibernate: insert into question (answer, choice1, choice2, choice3, choice4, choice5, content, correct, create_date, filepath, modify_date, score, subject, teacher_id, time, view) values (?, ?, ?, ?, ?, ?, ?, ?, ?, ?, ?, ?, ?, ?, ?, ?)
make question 8028
Hibernate: insert into question (answer, choice1, choice2, choice3, choice4, choice5, content, correct, create_date, filepath, modify_date, score, subject, teacher_id, time, view) values (?, ?, ?, ?, ?, ?, ?, ?, ?, ?, ?, ?, ?, ?, ?, ?)
make question 8029
Hibernate: insert into question (answer, choice1, choice2, choice3, choice4, choice5, content, correct, create_date, filepath, modify_date, score, subject, teacher_id, time, view) values (?, ?, ?, ?, ?, ?, ?, ?, ?, ?, ?, ?, ?, ?, ?, ?)
make question 8030
Hibernate: insert into question (answer, choice1, choice2, choice3, choice4, choice5, content, correct, create_date, filepath, modify_date, score, subject, teacher_id, time, view) values (?, ?, ?, ?, ?, ?, ?, ?, ?, ?, ?, ?, ?, ?, ?, ?)
make question 8031
Hibernate: insert into question (answer, choice1, choice2, choice3, choice4, choice5, content, correct, create_date, filepath, modify_date, score, subject, teacher_id, time, view) values (?, ?, ?, ?, ?, ?, ?, ?, ?, ?, ?, ?, ?, ?, ?, ?)
make question 8032
Hibernate: insert into question (answer, choice1, choice2, choice3, choice4, choice5, content, correct, create_date, filepath, modify_date, score, subject, teacher_id, time, view) values (?, ?, ?, ?, ?, ?, ?, ?, ?, ?, ?, ?, ?, ?, ?, ?)
make question 8033
Hibernate: insert into question (answer, choice1, choice2, choice3, choice4, choice5, content, correct, create_date, filepath, modify_date, score, subject, teacher_id, time, view) values (?, ?, ?, ?, ?, ?, ?, ?, ?, ?, ?, ?, ?, ?, ?, ?)
make question 8034
Hibernate: insert into question (answer, choice1, choice2, choice3, choice4, choice5, content, correct, create_date, filepath, modify_date, score, subject, teacher_id, time, view) values (?, ?, ?, ?, ?, ?, ?, ?, ?, ?, ?, ?, ?, ?, ?, ?)
make question 8035
Hibernate: insert into question (answer, choice1, choice2, choice3, choice4, choice5, content, correct, create_date, filepath, modify_date, score, subject, teacher_id, time, view) values (?, ?, ?, ?, ?, ?, ?, ?, ?, ?, ?, ?, ?, ?, ?, ?)
make question 8036
Hibernate: insert into question (answer, choice1, choice2, choice3, choice4, choice5, content, correct, create_date, filepath, modify_date, score, subject, teacher_id, time, view) values (?, ?, ?, ?, ?, ?, ?, ?, ?, ?, ?, ?, ?, ?, ?, ?)
make question 8037
Hibernate: insert into question (answer, choice1, choice2, choice3, choice4, choice5, content, correct, create_date, filepath, modify_date, score, subject, teacher_id, time, view) values (?, ?, ?, ?, ?, ?, ?, ?, ?, ?, ?, ?, ?, ?, ?, ?)
make question 8038
Hibernate: insert into question (answer, choice1, choice2, choice3, choice4, choice5, content, correct, create_date, filepath, modify_date, score, subject, teacher_id, time, view) values (?, ?, ?, ?, ?, ?, ?, ?, ?, ?, ?, ?, ?, ?, ?, ?)
make question 8039
Hibernate: insert into question (answer, choice1, choice2, choice3, choice4, choice5, content, correct, create_date, filepath, modify_date, score, subject, teacher_id, time, view) values (?, ?, ?, ?, ?, ?, ?, ?, ?, ?, ?, ?, ?, ?, ?, ?)
make question 8040
Hibernate: insert into question (answer, choice1, choice2, choice3, choice4, choice5, content, correct, create_date, filepath, modify_date, score, subject, teacher_id, time, view) values (?, ?, ?, ?, ?, ?, ?, ?, ?, ?, ?, ?, ?, ?, ?, ?)
make question 8041
Hibernate: insert into question (answer, choice1, choice2, choice3, choice4, choice5, content, correct, create_date, filepath, modify_date, score, subject, teacher_id, time, view) values (?, ?, ?, ?, ?, ?, ?, ?, ?, ?, ?, ?, ?, ?, ?, ?)
make question 8042
Hibernate: insert into question (answer, choice1, choice2, choice3, choice4, choice5, content, correct, create_date, filepath, modify_date, score, subject, teacher_id, time, view) values (?, ?, ?, ?, ?, ?, ?, ?, ?, ?, ?, ?, ?, ?, ?, ?)
make question 8043
Hibernate: insert into question (answer, choice1, choice2, choice3, choice4, choice5, content, correct, create_date, filepath, modify_date, score, subject, teacher_id, time, view) values (?, ?, ?, ?, ?, ?, ?, ?, ?, ?, ?, ?, ?, ?, ?, ?)
make question 8044
Hibernate: insert into question (answer, choice1, choice2, choice3, choice4, choice5, content, correct, create_date, filepath, modify_date, score, subject, teacher_id, time, view) values (?, ?, ?, ?, ?, ?, ?, ?, ?, ?, ?, ?, ?, ?, ?, ?)
make question 8045
Hibernate: insert into question (answer, choice1, choice2, choice3, choice4, choice5, content, correct, create_date, filepath, modify_date, score, subject, teacher_id, time, view) values (?, ?, ?, ?, ?, ?, ?, ?, ?, ?, ?, ?, ?, ?, ?, ?)
make question 8046
Hibernate: insert into question (answer, choice1, choice2, choice3, choice4, choice5, content, correct, create_date, filepath, modify_date, score, subject, teacher_id, time, view) values (?, ?, ?, ?, ?, ?, ?, ?, ?, ?, ?, ?, ?, ?, ?, ?)
make question 8047
Hibernate: insert into question (answer, choice1, choice2, choice3, choice4, choice5, content, correct, create_date, filepath, modify_date, score, subject, teacher_id, time, view) values (?, ?, ?, ?, ?, ?, ?, ?, ?, ?, ?, ?, ?, ?, ?, ?)
make question 8048
Hibernate: insert into question (answer, choice1, choice2, choice3, choice4, choice5, content, correct, create_date, filepath, modify_date, score, subject, teacher_id, time, view) values (?, ?, ?, ?, ?, ?, ?, ?, ?, ?, ?, ?, ?, ?, ?, ?)
make question 8049
Hibernate: insert into question (answer, choice1, choice2, choice3, choice4, choice5, content, correct, create_date, filepath, modify_date, score, subject, teacher_id, time, view) values (?, ?, ?, ?, ?, ?, ?, ?, ?, ?, ?, ?, ?, ?, ?, ?)
make question 8050
Hibernate: insert into question (answer, choice1, choice2, choice3, choice4, choice5, content, correct, create_date, filepath, modify_date, score, subject, teacher_id, time, view) values (?, ?, ?, ?, ?, ?, ?, ?, ?, ?, ?, ?, ?, ?, ?, ?)
make question 8051
Hibernate: insert into question (answer, choice1, choice2, choice3, choice4, choice5, content, correct, create_date, filepath, modify_date, score, subject, teacher_id, time, view) values (?, ?, ?, ?, ?, ?, ?, ?, ?, ?, ?, ?, ?, ?, ?, ?)
make question 8052
Hibernate: insert into question (answer, choice1, choice2, choice3, choice4, choice5, content, correct, create_date, filepath, modify_date, score, subject, teacher_id, time, view) values (?, ?, ?, ?, ?, ?, ?, ?, ?, ?, ?, ?, ?, ?, ?, ?)
make question 8053
Hibernate: insert into question (answer, choice1, choice2, choice3, choice4, choice5, content, correct, create_date, filepath, modify_date, score, subject, teacher_id, time, view) values (?, ?, ?, ?, ?, ?, ?, ?, ?, ?, ?, ?, ?, ?, ?, ?)
make question 8054
Hibernate: insert into question (answer, choice1, choice2, choice3, choice4, choice5, content, correct, create_date, filepath, modify_date, score, subject, teacher_id, time, view) values (?, ?, ?, ?, ?, ?, ?, ?, ?, ?, ?, ?, ?, ?, ?, ?)
make question 8055
Hibernate: insert into question (answer, choice1, choice2, choice3, choice4, choice5, content, correct, create_date, filepath, modify_date, score, subject, teacher_id, time, view) values (?, ?, ?, ?, ?, ?, ?, ?, ?, ?, ?, ?, ?, ?, ?, ?)
make question 8056
Hibernate: insert into question (answer, choice1, choice2, choice3, choice4, choice5, content, correct, create_date, filepath, modify_date, score, subject, teacher_id, time, view) values (?, ?, ?, ?, ?, ?, ?, ?, ?, ?, ?, ?, ?, ?, ?, ?)
make question 8057
Hibernate: insert into question (answer, choice1, choice2, choice3, choice4, choice5, content, correct, create_date, filepath, modify_date, score, subject, teacher_id, time, view) values (?, ?, ?, ?, ?, ?, ?, ?, ?, ?, ?, ?, ?, ?, ?, ?)
make question 8058
Hibernate: insert into question (answer, choice1, choice2, choice3, choice4, choice5, content, correct, create_date, filepath, modify_date, score, subject, teacher_id, time, view) values (?, ?, ?, ?, ?, ?, ?, ?, ?, ?, ?, ?, ?, ?, ?, ?)
make question 8059
Hibernate: insert into question (answer, choice1, choice2, choice3, choice4, choice5, content, correct, create_date, filepath, modify_date, score, subject, teacher_id, time, view) values (?, ?, ?, ?, ?, ?, ?, ?, ?, ?, ?, ?, ?, ?, ?, ?)
make question 8060
Hibernate: insert into question (answer, choice1, choice2, choice3, choice4, choice5, content, correct, create_date, filepath, modify_date, score, subject, teacher_id, time, view) values (?, ?, ?, ?, ?, ?, ?, ?, ?, ?, ?, ?, ?, ?, ?, ?)
make question 8061
Hibernate: insert into question (answer, choice1, choice2, choice3, choice4, choice5, content, correct, create_date, filepath, modify_date, score, subject, teacher_id, time, view) values (?, ?, ?, ?, ?, ?, ?, ?, ?, ?, ?, ?, ?, ?, ?, ?)
make question 8062
Hibernate: insert into question (answer, choice1, choice2, choice3, choice4, choice5, content, correct, create_date, filepath, modify_date, score, subject, teacher_id, time, view) values (?, ?, ?, ?, ?, ?, ?, ?, ?, ?, ?, ?, ?, ?, ?, ?)
make question 8063
Hibernate: insert into question (answer, choice1, choice2, choice3, choice4, choice5, content, correct, create_date, filepath, modify_date, score, subject, teacher_id, time, view) values (?, ?, ?, ?, ?, ?, ?, ?, ?, ?, ?, ?, ?, ?, ?, ?)
make question 8064
Hibernate: insert into question (answer, choice1, choice2, choice3, choice4, choice5, content, correct, create_date, filepath, modify_date, score, subject, teacher_id, time, view) values (?, ?, ?, ?, ?, ?, ?, ?, ?, ?, ?, ?, ?, ?, ?, ?)
make question 8065
Hibernate: insert into question (answer, choice1, choice2, choice3, choice4, choice5, content, correct, create_date, filepath, modify_date, score, subject, teacher_id, time, view) values (?, ?, ?, ?, ?, ?, ?, ?, ?, ?, ?, ?, ?, ?, ?, ?)
make question 8066
Hibernate: insert into question (answer, choice1, choice2, choice3, choice4, choice5, content, correct, create_date, filepath, modify_date, score, subject, teacher_id, time, view) values (?, ?, ?, ?, ?, ?, ?, ?, ?, ?, ?, ?, ?, ?, ?, ?)
make question 8067
Hibernate: insert into question (answer, choice1, choice2, choice3, choice4, choice5, content, correct, create_date, filepath, modify_date, score, subject, teacher_id, time, view) values (?, ?, ?, ?, ?, ?, ?, ?, ?, ?, ?, ?, ?, ?, ?, ?)
make question 8068
Hibernate: insert into question (answer, choice1, choice2, choice3, choice4, choice5, content, correct, create_date, filepath, modify_date, score, subject, teacher_id, time, view) values (?, ?, ?, ?, ?, ?, ?, ?, ?, ?, ?, ?, ?, ?, ?, ?)
make question 8069
Hibernate: insert into question (answer, choice1, choice2, choice3, choice4, choice5, content, correct, create_date, filepath, modify_date, score, subject, teacher_id, time, view) values (?, ?, ?, ?, ?, ?, ?, ?, ?, ?, ?, ?, ?, ?, ?, ?)
make question 8070
Hibernate: insert into question (answer, choice1, choice2, choice3, choice4, choice5, content, correct, create_date, filepath, modify_date, score, subject, teacher_id, time, view) values (?, ?, ?, ?, ?, ?, ?, ?, ?, ?, ?, ?, ?, ?, ?, ?)
make question 8071
Hibernate: insert into question (answer, choice1, choice2, choice3, choice4, choice5, content, correct, create_date, filepath, modify_date, score, subject, teacher_id, time, view) values (?, ?, ?, ?, ?, ?, ?, ?, ?, ?, ?, ?, ?, ?, ?, ?)
make question 8072
Hibernate: insert into question (answer, choice1, choice2, choice3, choice4, choice5, content, correct, create_date, filepath, modify_date, score, subject, teacher_id, time, view) values (?, ?, ?, ?, ?, ?, ?, ?, ?, ?, ?, ?, ?, ?, ?, ?)
make question 8073
Hibernate: insert into question (answer, choice1, choice2, choice3, choice4, choice5, content, correct, create_date, filepath, modify_date, score, subject, teacher_id, time, view) values (?, ?, ?, ?, ?, ?, ?, ?, ?, ?, ?, ?, ?, ?, ?, ?)
make question 8074
Hibernate: insert into question (answer, choice1, choice2, choice3, choice4, choice5, content, correct, create_date, filepath, modify_date, score, subject, teacher_id, time, view) values (?, ?, ?, ?, ?, ?, ?, ?, ?, ?, ?, ?, ?, ?, ?, ?)
make question 8075
Hibernate: insert into question (answer, choice1, choice2, choice3, choice4, choice5, content, correct, create_date, filepath, modify_date, score, subject, teacher_id, time, view) values (?, ?, ?, ?, ?, ?, ?, ?, ?, ?, ?, ?, ?, ?, ?, ?)
make question 8076
Hibernate: insert into question (answer, choice1, choice2, choice3, choice4, choice5, content, correct, create_date, filepath, modify_date, score, subject, teacher_id, time, view) values (?, ?, ?, ?, ?, ?, ?, ?, ?, ?, ?, ?, ?, ?, ?, ?)
make question 8077
Hibernate: insert into question (answer, choice1, choice2, choice3, choice4, choice5, content, correct, create_date, filepath, modify_date, score, subject, teacher_id, time, view) values (?, ?, ?, ?, ?, ?, ?, ?, ?, ?, ?, ?, ?, ?, ?, ?)
make question 8078
Hibernate: insert into question (answer, choice1, choice2, choice3, choice4, choice5, content, correct, create_date, filepath, modify_date, score, subject, teacher_id, time, view) values (?, ?, ?, ?, ?, ?, ?, ?, ?, ?, ?, ?, ?, ?, ?, ?)
make question 8079
Hibernate: insert into question (answer, choice1, choice2, choice3, choice4, choice5, content, correct, create_date, filepath, modify_date, score, subject, teacher_id, time, view) values (?, ?, ?, ?, ?, ?, ?, ?, ?, ?, ?, ?, ?, ?, ?, ?)
make question 8080
Hibernate: insert into question (answer, choice1, choice2, choice3, choice4, choice5, content, correct, create_date, filepath, modify_date, score, subject, teacher_id, time, view) values (?, ?, ?, ?, ?, ?, ?, ?, ?, ?, ?, ?, ?, ?, ?, ?)
make question 8081
Hibernate: insert into question (answer, choice1, choice2, choice3, choice4, choice5, content, correct, create_date, filepath, modify_date, score, subject, teacher_id, time, view) values (?, ?, ?, ?, ?, ?, ?, ?, ?, ?, ?, ?, ?, ?, ?, ?)
make question 8082
Hibernate: insert into question (answer, choice1, choice2, choice3, choice4, choice5, content, correct, create_date, filepath, modify_date, score, subject, teacher_id, time, view) values (?, ?, ?, ?, ?, ?, ?, ?, ?, ?, ?, ?, ?, ?, ?, ?)
make question 8083
Hibernate: insert into question (answer, choice1, choice2, choice3, choice4, choice5, content, correct, create_date, filepath, modify_date, score, subject, teacher_id, time, view) values (?, ?, ?, ?, ?, ?, ?, ?, ?, ?, ?, ?, ?, ?, ?, ?)
make question 8084
Hibernate: insert into question (answer, choice1, choice2, choice3, choice4, choice5, content, correct, create_date, filepath, modify_date, score, subject, teacher_id, time, view) values (?, ?, ?, ?, ?, ?, ?, ?, ?, ?, ?, ?, ?, ?, ?, ?)
make question 8085
Hibernate: insert into question (answer, choice1, choice2, choice3, choice4, choice5, content, correct, create_date, filepath, modify_date, score, subject, teacher_id, time, view) values (?, ?, ?, ?, ?, ?, ?, ?, ?, ?, ?, ?, ?, ?, ?, ?)
make question 8086
Hibernate: insert into question (answer, choice1, choice2, choice3, choice4, choice5, content, correct, create_date, filepath, modify_date, score, subject, teacher_id, time, view) values (?, ?, ?, ?, ?, ?, ?, ?, ?, ?, ?, ?, ?, ?, ?, ?)
make question 8087
Hibernate: insert into question (answer, choice1, choice2, choice3, choice4, choice5, content, correct, create_date, filepath, modify_date, score, subject, teacher_id, time, view) values (?, ?, ?, ?, ?, ?, ?, ?, ?, ?, ?, ?, ?, ?, ?, ?)
make question 8088
Hibernate: insert into question (answer, choice1, choice2, choice3, choice4, choice5, content, correct, create_date, filepath, modify_date, score, subject, teacher_id, time, view) values (?, ?, ?, ?, ?, ?, ?, ?, ?, ?, ?, ?, ?, ?, ?, ?)
make question 8089
Hibernate: insert into question (answer, choice1, choice2, choice3, choice4, choice5, content, correct, create_date, filepath, modify_date, score, subject, teacher_id, time, view) values (?, ?, ?, ?, ?, ?, ?, ?, ?, ?, ?, ?, ?, ?, ?, ?)
make question 8090
Hibernate: insert into question (answer, choice1, choice2, choice3, choice4, choice5, content, correct, create_date, filepath, modify_date, score, subject, teacher_id, time, view) values (?, ?, ?, ?, ?, ?, ?, ?, ?, ?, ?, ?, ?, ?, ?, ?)
make question 8091
Hibernate: insert into question (answer, choice1, choice2, choice3, choice4, choice5, content, correct, create_date, filepath, modify_date, score, subject, teacher_id, time, view) values (?, ?, ?, ?, ?, ?, ?, ?, ?, ?, ?, ?, ?, ?, ?, ?)
make question 8092
Hibernate: insert into question (answer, choice1, choice2, choice3, choice4, choice5, content, correct, create_date, filepath, modify_date, score, subject, teacher_id, time, view) values (?, ?, ?, ?, ?, ?, ?, ?, ?, ?, ?, ?, ?, ?, ?, ?)
make question 8093
Hibernate: insert into question (answer, choice1, choice2, choice3, choice4, choice5, content, correct, create_date, filepath, modify_date, score, subject, teacher_id, time, view) values (?, ?, ?, ?, ?, ?, ?, ?, ?, ?, ?, ?, ?, ?, ?, ?)
make question 8094
Hibernate: insert into question (answer, choice1, choice2, choice3, choice4, choice5, content, correct, create_date, filepath, modify_date, score, subject, teacher_id, time, view) values (?, ?, ?, ?, ?, ?, ?, ?, ?, ?, ?, ?, ?, ?, ?, ?)
make question 8095
Hibernate: insert into question (answer, choice1, choice2, choice3, choice4, choice5, content, correct, create_date, filepath, modify_date, score, subject, teacher_id, time, view) values (?, ?, ?, ?, ?, ?, ?, ?, ?, ?, ?, ?, ?, ?, ?, ?)
make question 8096
Hibernate: insert into question (answer, choice1, choice2, choice3, choice4, choice5, content, correct, create_date, filepath, modify_date, score, subject, teacher_id, time, view) values (?, ?, ?, ?, ?, ?, ?, ?, ?, ?, ?, ?, ?, ?, ?, ?)
make question 8097
Hibernate: insert into question (answer, choice1, choice2, choice3, choice4, choice5, content, correct, create_date, filepath, modify_date, score, subject, teacher_id, time, view) values (?, ?, ?, ?, ?, ?, ?, ?, ?, ?, ?, ?, ?, ?, ?, ?)
make question 8098
Hibernate: insert into question (answer, choice1, choice2, choice3, choice4, choice5, content, correct, create_date, filepath, modify_date, score, subject, teacher_id, time, view) values (?, ?, ?, ?, ?, ?, ?, ?, ?, ?, ?, ?, ?, ?, ?, ?)
make question 8099
Hibernate: insert into question (answer, choice1, choice2, choice3, choice4, choice5, content, correct, create_date, filepath, modify_date, score, subject, teacher_id, time, view) values (?, ?, ?, ?, ?, ?, ?, ?, ?, ?, ?, ?, ?, ?, ?, ?)
make question 8100
Hibernate: insert into question (answer, choice1, choice2, choice3, choice4, choice5, content, correct, create_date, filepath, modify_date, score, subject, teacher_id, time, view) values (?, ?, ?, ?, ?, ?, ?, ?, ?, ?, ?, ?, ?, ?, ?, ?)
make question 8101
Hibernate: insert into question (answer, choice1, choice2, choice3, choice4, choice5, content, correct, create_date, filepath, modify_date, score, subject, teacher_id, time, view) values (?, ?, ?, ?, ?, ?, ?, ?, ?, ?, ?, ?, ?, ?, ?, ?)
make question 8102
Hibernate: insert into question (answer, choice1, choice2, choice3, choice4, choice5, content, correct, create_date, filepath, modify_date, score, subject, teacher_id, time, view) values (?, ?, ?, ?, ?, ?, ?, ?, ?, ?, ?, ?, ?, ?, ?, ?)
make question 8103
Hibernate: insert into question (answer, choice1, choice2, choice3, choice4, choice5, content, correct, create_date, filepath, modify_date, score, subject, teacher_id, time, view) values (?, ?, ?, ?, ?, ?, ?, ?, ?, ?, ?, ?, ?, ?, ?, ?)
make question 8104
Hibernate: insert into question (answer, choice1, choice2, choice3, choice4, choice5, content, correct, create_date, filepath, modify_date, score, subject, teacher_id, time, view) values (?, ?, ?, ?, ?, ?, ?, ?, ?, ?, ?, ?, ?, ?, ?, ?)
make question 8105
Hibernate: insert into question (answer, choice1, choice2, choice3, choice4, choice5, content, correct, create_date, filepath, modify_date, score, subject, teacher_id, time, view) values (?, ?, ?, ?, ?, ?, ?, ?, ?, ?, ?, ?, ?, ?, ?, ?)
make question 8106
Hibernate: insert into question (answer, choice1, choice2, choice3, choice4, choice5, content, correct, create_date, filepath, modify_date, score, subject, teacher_id, time, view) values (?, ?, ?, ?, ?, ?, ?, ?, ?, ?, ?, ?, ?, ?, ?, ?)
make question 8107
Hibernate: insert into question (answer, choice1, choice2, choice3, choice4, choice5, content, correct, create_date, filepath, modify_date, score, subject, teacher_id, time, view) values (?, ?, ?, ?, ?, ?, ?, ?, ?, ?, ?, ?, ?, ?, ?, ?)
make question 8108
Hibernate: insert into question (answer, choice1, choice2, choice3, choice4, choice5, content, correct, create_date, filepath, modify_date, score, subject, teacher_id, time, view) values (?, ?, ?, ?, ?, ?, ?, ?, ?, ?, ?, ?, ?, ?, ?, ?)
make question 8109
Hibernate: insert into question (answer, choice1, choice2, choice3, choice4, choice5, content, correct, create_date, filepath, modify_date, score, subject, teacher_id, time, view) values (?, ?, ?, ?, ?, ?, ?, ?, ?, ?, ?, ?, ?, ?, ?, ?)
make question 8110
Hibernate: insert into question (answer, choice1, choice2, choice3, choice4, choice5, content, correct, create_date, filepath, modify_date, score, subject, teacher_id, time, view) values (?, ?, ?, ?, ?, ?, ?, ?, ?, ?, ?, ?, ?, ?, ?, ?)
make question 8111
Hibernate: insert into question (answer, choice1, choice2, choice3, choice4, choice5, content, correct, create_date, filepath, modify_date, score, subject, teacher_id, time, view) values (?, ?, ?, ?, ?, ?, ?, ?, ?, ?, ?, ?, ?, ?, ?, ?)
make question 8112
Hibernate: insert into question (answer, choice1, choice2, choice3, choice4, choice5, content, correct, create_date, filepath, modify_date, score, subject, teacher_id, time, view) values (?, ?, ?, ?, ?, ?, ?, ?, ?, ?, ?, ?, ?, ?, ?, ?)
make question 8113
Hibernate: insert into question (answer, choice1, choice2, choice3, choice4, choice5, content, correct, create_date, filepath, modify_date, score, subject, teacher_id, time, view) values (?, ?, ?, ?, ?, ?, ?, ?, ?, ?, ?, ?, ?, ?, ?, ?)
make question 8114
Hibernate: insert into question (answer, choice1, choice2, choice3, choice4, choice5, content, correct, create_date, filepath, modify_date, score, subject, teacher_id, time, view) values (?, ?, ?, ?, ?, ?, ?, ?, ?, ?, ?, ?, ?, ?, ?, ?)
make question 8115
Hibernate: insert into question (answer, choice1, choice2, choice3, choice4, choice5, content, correct, create_date, filepath, modify_date, score, subject, teacher_id, time, view) values (?, ?, ?, ?, ?, ?, ?, ?, ?, ?, ?, ?, ?, ?, ?, ?)
make question 8116
Hibernate: insert into question (answer, choice1, choice2, choice3, choice4, choice5, content, correct, create_date, filepath, modify_date, score, subject, teacher_id, time, view) values (?, ?, ?, ?, ?, ?, ?, ?, ?, ?, ?, ?, ?, ?, ?, ?)
make question 8117
Hibernate: insert into question (answer, choice1, choice2, choice3, choice4, choice5, content, correct, create_date, filepath, modify_date, score, subject, teacher_id, time, view) values (?, ?, ?, ?, ?, ?, ?, ?, ?, ?, ?, ?, ?, ?, ?, ?)
make question 8118
Hibernate: insert into question (answer, choice1, choice2, choice3, choice4, choice5, content, correct, create_date, filepath, modify_date, score, subject, teacher_id, time, view) values (?, ?, ?, ?, ?, ?, ?, ?, ?, ?, ?, ?, ?, ?, ?, ?)
make question 8119
Hibernate: insert into question (answer, choice1, choice2, choice3, choice4, choice5, content, correct, create_date, filepath, modify_date, score, subject, teacher_id, time, view) values (?, ?, ?, ?, ?, ?, ?, ?, ?, ?, ?, ?, ?, ?, ?, ?)
make question 8120
Hibernate: insert into question (answer, choice1, choice2, choice3, choice4, choice5, content, correct, create_date, filepath, modify_date, score, subject, teacher_id, time, view) values (?, ?, ?, ?, ?, ?, ?, ?, ?, ?, ?, ?, ?, ?, ?, ?)
make question 8121
Hibernate: insert into question (answer, choice1, choice2, choice3, choice4, choice5, content, correct, create_date, filepath, modify_date, score, subject, teacher_id, time, view) values (?, ?, ?, ?, ?, ?, ?, ?, ?, ?, ?, ?, ?, ?, ?, ?)
make question 8122
Hibernate: insert into question (answer, choice1, choice2, choice3, choice4, choice5, content, correct, create_date, filepath, modify_date, score, subject, teacher_id, time, view) values (?, ?, ?, ?, ?, ?, ?, ?, ?, ?, ?, ?, ?, ?, ?, ?)
make question 8123
Hibernate: insert into question (answer, choice1, choice2, choice3, choice4, choice5, content, correct, create_date, filepath, modify_date, score, subject, teacher_id, time, view) values (?, ?, ?, ?, ?, ?, ?, ?, ?, ?, ?, ?, ?, ?, ?, ?)
make question 8124
Hibernate: insert into question (answer, choice1, choice2, choice3, choice4, choice5, content, correct, create_date, filepath, modify_date, score, subject, teacher_id, time, view) values (?, ?, ?, ?, ?, ?, ?, ?, ?, ?, ?, ?, ?, ?, ?, ?)
make question 8125
Hibernate: insert into question (answer, choice1, choice2, choice3, choice4, choice5, content, correct, create_date, filepath, modify_date, score, subject, teacher_id, time, view) values (?, ?, ?, ?, ?, ?, ?, ?, ?, ?, ?, ?, ?, ?, ?, ?)
make question 8126
Hibernate: insert into question (answer, choice1, choice2, choice3, choice4, choice5, content, correct, create_date, filepath, modify_date, score, subject, teacher_id, time, view) values (?, ?, ?, ?, ?, ?, ?, ?, ?, ?, ?, ?, ?, ?, ?, ?)
make question 8127
Hibernate: insert into question (answer, choice1, choice2, choice3, choice4, choice5, content, correct, create_date, filepath, modify_date, score, subject, teacher_id, time, view) values (?, ?, ?, ?, ?, ?, ?, ?, ?, ?, ?, ?, ?, ?, ?, ?)
make question 8128
Hibernate: insert into question (answer, choice1, choice2, choice3, choice4, choice5, content, correct, create_date, filepath, modify_date, score, subject, teacher_id, time, view) values (?, ?, ?, ?, ?, ?, ?, ?, ?, ?, ?, ?, ?, ?, ?, ?)
make question 8129
Hibernate: insert into question (answer, choice1, choice2, choice3, choice4, choice5, content, correct, create_date, filepath, modify_date, score, subject, teacher_id, time, view) values (?, ?, ?, ?, ?, ?, ?, ?, ?, ?, ?, ?, ?, ?, ?, ?)
make question 8130
Hibernate: insert into question (answer, choice1, choice2, choice3, choice4, choice5, content, correct, create_date, filepath, modify_date, score, subject, teacher_id, time, view) values (?, ?, ?, ?, ?, ?, ?, ?, ?, ?, ?, ?, ?, ?, ?, ?)
make question 8131
Hibernate: insert into question (answer, choice1, choice2, choice3, choice4, choice5, content, correct, create_date, filepath, modify_date, score, subject, teacher_id, time, view) values (?, ?, ?, ?, ?, ?, ?, ?, ?, ?, ?, ?, ?, ?, ?, ?)
make question 8132
Hibernate: insert into question (answer, choice1, choice2, choice3, choice4, choice5, content, correct, create_date, filepath, modify_date, score, subject, teacher_id, time, view) values (?, ?, ?, ?, ?, ?, ?, ?, ?, ?, ?, ?, ?, ?, ?, ?)
make question 8133
Hibernate: insert into question (answer, choice1, choice2, choice3, choice4, choice5, content, correct, create_date, filepath, modify_date, score, subject, teacher_id, time, view) values (?, ?, ?, ?, ?, ?, ?, ?, ?, ?, ?, ?, ?, ?, ?, ?)
make question 8134
Hibernate: insert into question (answer, choice1, choice2, choice3, choice4, choice5, content, correct, create_date, filepath, modify_date, score, subject, teacher_id, time, view) values (?, ?, ?, ?, ?, ?, ?, ?, ?, ?, ?, ?, ?, ?, ?, ?)
make question 8135
Hibernate: insert into question (answer, choice1, choice2, choice3, choice4, choice5, content, correct, create_date, filepath, modify_date, score, subject, teacher_id, time, view) values (?, ?, ?, ?, ?, ?, ?, ?, ?, ?, ?, ?, ?, ?, ?, ?)
make question 8136
Hibernate: insert into question (answer, choice1, choice2, choice3, choice4, choice5, content, correct, create_date, filepath, modify_date, score, subject, teacher_id, time, view) values (?, ?, ?, ?, ?, ?, ?, ?, ?, ?, ?, ?, ?, ?, ?, ?)
make question 8137
Hibernate: insert into question (answer, choice1, choice2, choice3, choice4, choice5, content, correct, create_date, filepath, modify_date, score, subject, teacher_id, time, view) values (?, ?, ?, ?, ?, ?, ?, ?, ?, ?, ?, ?, ?, ?, ?, ?)
make question 8138
Hibernate: insert into question (answer, choice1, choice2, choice3, choice4, choice5, content, correct, create_date, filepath, modify_date, score, subject, teacher_id, time, view) values (?, ?, ?, ?, ?, ?, ?, ?, ?, ?, ?, ?, ?, ?, ?, ?)
make question 8139
Hibernate: insert into question (answer, choice1, choice2, choice3, choice4, choice5, content, correct, create_date, filepath, modify_date, score, subject, teacher_id, time, view) values (?, ?, ?, ?, ?, ?, ?, ?, ?, ?, ?, ?, ?, ?, ?, ?)
make question 8140
Hibernate: insert into question (answer, choice1, choice2, choice3, choice4, choice5, content, correct, create_date, filepath, modify_date, score, subject, teacher_id, time, view) values (?, ?, ?, ?, ?, ?, ?, ?, ?, ?, ?, ?, ?, ?, ?, ?)
make question 8141
Hibernate: insert into question (answer, choice1, choice2, choice3, choice4, choice5, content, correct, create_date, filepath, modify_date, score, subject, teacher_id, time, view) values (?, ?, ?, ?, ?, ?, ?, ?, ?, ?, ?, ?, ?, ?, ?, ?)
make question 8142
Hibernate: insert into question (answer, choice1, choice2, choice3, choice4, choice5, content, correct, create_date, filepath, modify_date, score, subject, teacher_id, time, view) values (?, ?, ?, ?, ?, ?, ?, ?, ?, ?, ?, ?, ?, ?, ?, ?)
make question 8143
Hibernate: insert into question (answer, choice1, choice2, choice3, choice4, choice5, content, correct, create_date, filepath, modify_date, score, subject, teacher_id, time, view) values (?, ?, ?, ?, ?, ?, ?, ?, ?, ?, ?, ?, ?, ?, ?, ?)
make question 8144
Hibernate: insert into question (answer, choice1, choice2, choice3, choice4, choice5, content, correct, create_date, filepath, modify_date, score, subject, teacher_id, time, view) values (?, ?, ?, ?, ?, ?, ?, ?, ?, ?, ?, ?, ?, ?, ?, ?)
make question 8145
Hibernate: insert into question (answer, choice1, choice2, choice3, choice4, choice5, content, correct, create_date, filepath, modify_date, score, subject, teacher_id, time, view) values (?, ?, ?, ?, ?, ?, ?, ?, ?, ?, ?, ?, ?, ?, ?, ?)
make question 8146
Hibernate: insert into question (answer, choice1, choice2, choice3, choice4, choice5, content, correct, create_date, filepath, modify_date, score, subject, teacher_id, time, view) values (?, ?, ?, ?, ?, ?, ?, ?, ?, ?, ?, ?, ?, ?, ?, ?)
make question 8147
Hibernate: insert into question (answer, choice1, choice2, choice3, choice4, choice5, content, correct, create_date, filepath, modify_date, score, subject, teacher_id, time, view) values (?, ?, ?, ?, ?, ?, ?, ?, ?, ?, ?, ?, ?, ?, ?, ?)
make question 8148
Hibernate: insert into question (answer, choice1, choice2, choice3, choice4, choice5, content, correct, create_date, filepath, modify_date, score, subject, teacher_id, time, view) values (?, ?, ?, ?, ?, ?, ?, ?, ?, ?, ?, ?, ?, ?, ?, ?)
make question 8149
Hibernate: insert into question (answer, choice1, choice2, choice3, choice4, choice5, content, correct, create_date, filepath, modify_date, score, subject, teacher_id, time, view) values (?, ?, ?, ?, ?, ?, ?, ?, ?, ?, ?, ?, ?, ?, ?, ?)
make question 8150
Hibernate: insert into question (answer, choice1, choice2, choice3, choice4, choice5, content, correct, create_date, filepath, modify_date, score, subject, teacher_id, time, view) values (?, ?, ?, ?, ?, ?, ?, ?, ?, ?, ?, ?, ?, ?, ?, ?)
make question 8151
Hibernate: insert into question (answer, choice1, choice2, choice3, choice4, choice5, content, correct, create_date, filepath, modify_date, score, subject, teacher_id, time, view) values (?, ?, ?, ?, ?, ?, ?, ?, ?, ?, ?, ?, ?, ?, ?, ?)
make question 8152
Hibernate: insert into question (answer, choice1, choice2, choice3, choice4, choice5, content, correct, create_date, filepath, modify_date, score, subject, teacher_id, time, view) values (?, ?, ?, ?, ?, ?, ?, ?, ?, ?, ?, ?, ?, ?, ?, ?)
make question 8153
Hibernate: insert into question (answer, choice1, choice2, choice3, choice4, choice5, content, correct, create_date, filepath, modify_date, score, subject, teacher_id, time, view) values (?, ?, ?, ?, ?, ?, ?, ?, ?, ?, ?, ?, ?, ?, ?, ?)
make question 8154
Hibernate: insert into question (answer, choice1, choice2, choice3, choice4, choice5, content, correct, create_date, filepath, modify_date, score, subject, teacher_id, time, view) values (?, ?, ?, ?, ?, ?, ?, ?, ?, ?, ?, ?, ?, ?, ?, ?)
make question 8155
Hibernate: insert into question (answer, choice1, choice2, choice3, choice4, choice5, content, correct, create_date, filepath, modify_date, score, subject, teacher_id, time, view) values (?, ?, ?, ?, ?, ?, ?, ?, ?, ?, ?, ?, ?, ?, ?, ?)
make question 8156
Hibernate: insert into question (answer, choice1, choice2, choice3, choice4, choice5, content, correct, create_date, filepath, modify_date, score, subject, teacher_id, time, view) values (?, ?, ?, ?, ?, ?, ?, ?, ?, ?, ?, ?, ?, ?, ?, ?)
make question 8157
Hibernate: insert into question (answer, choice1, choice2, choice3, choice4, choice5, content, correct, create_date, filepath, modify_date, score, subject, teacher_id, time, view) values (?, ?, ?, ?, ?, ?, ?, ?, ?, ?, ?, ?, ?, ?, ?, ?)
make question 8158
Hibernate: insert into question (answer, choice1, choice2, choice3, choice4, choice5, content, correct, create_date, filepath, modify_date, score, subject, teacher_id, time, view) values (?, ?, ?, ?, ?, ?, ?, ?, ?, ?, ?, ?, ?, ?, ?, ?)
make question 8159
Hibernate: insert into question (answer, choice1, choice2, choice3, choice4, choice5, content, correct, create_date, filepath, modify_date, score, subject, teacher_id, time, view) values (?, ?, ?, ?, ?, ?, ?, ?, ?, ?, ?, ?, ?, ?, ?, ?)
make question 8160
Hibernate: insert into question (answer, choice1, choice2, choice3, choice4, choice5, content, correct, create_date, filepath, modify_date, score, subject, teacher_id, time, view) values (?, ?, ?, ?, ?, ?, ?, ?, ?, ?, ?, ?, ?, ?, ?, ?)
make question 8161
Hibernate: insert into question (answer, choice1, choice2, choice3, choice4, choice5, content, correct, create_date, filepath, modify_date, score, subject, teacher_id, time, view) values (?, ?, ?, ?, ?, ?, ?, ?, ?, ?, ?, ?, ?, ?, ?, ?)
make question 8162
Hibernate: insert into question (answer, choice1, choice2, choice3, choice4, choice5, content, correct, create_date, filepath, modify_date, score, subject, teacher_id, time, view) values (?, ?, ?, ?, ?, ?, ?, ?, ?, ?, ?, ?, ?, ?, ?, ?)
make question 8163
Hibernate: insert into question (answer, choice1, choice2, choice3, choice4, choice5, content, correct, create_date, filepath, modify_date, score, subject, teacher_id, time, view) values (?, ?, ?, ?, ?, ?, ?, ?, ?, ?, ?, ?, ?, ?, ?, ?)
make question 8164
Hibernate: insert into question (answer, choice1, choice2, choice3, choice4, choice5, content, correct, create_date, filepath, modify_date, score, subject, teacher_id, time, view) values (?, ?, ?, ?, ?, ?, ?, ?, ?, ?, ?, ?, ?, ?, ?, ?)
make question 8165
Hibernate: insert into question (answer, choice1, choice2, choice3, choice4, choice5, content, correct, create_date, filepath, modify_date, score, subject, teacher_id, time, view) values (?, ?, ?, ?, ?, ?, ?, ?, ?, ?, ?, ?, ?, ?, ?, ?)
make question 8166
Hibernate: insert into question (answer, choice1, choice2, choice3, choice4, choice5, content, correct, create_date, filepath, modify_date, score, subject, teacher_id, time, view) values (?, ?, ?, ?, ?, ?, ?, ?, ?, ?, ?, ?, ?, ?, ?, ?)
make question 8167
Hibernate: insert into question (answer, choice1, choice2, choice3, choice4, choice5, content, correct, create_date, filepath, modify_date, score, subject, teacher_id, time, view) values (?, ?, ?, ?, ?, ?, ?, ?, ?, ?, ?, ?, ?, ?, ?, ?)
make question 8168
Hibernate: insert into question (answer, choice1, choice2, choice3, choice4, choice5, content, correct, create_date, filepath, modify_date, score, subject, teacher_id, time, view) values (?, ?, ?, ?, ?, ?, ?, ?, ?, ?, ?, ?, ?, ?, ?, ?)
make question 8169
Hibernate: insert into question (answer, choice1, choice2, choice3, choice4, choice5, content, correct, create_date, filepath, modify_date, score, subject, teacher_id, time, view) values (?, ?, ?, ?, ?, ?, ?, ?, ?, ?, ?, ?, ?, ?, ?, ?)
make question 8170
Hibernate: insert into question (answer, choice1, choice2, choice3, choice4, choice5, content, correct, create_date, filepath, modify_date, score, subject, teacher_id, time, view) values (?, ?, ?, ?, ?, ?, ?, ?, ?, ?, ?, ?, ?, ?, ?, ?)
make question 8171
Hibernate: insert into question (answer, choice1, choice2, choice3, choice4, choice5, content, correct, create_date, filepath, modify_date, score, subject, teacher_id, time, view) values (?, ?, ?, ?, ?, ?, ?, ?, ?, ?, ?, ?, ?, ?, ?, ?)
make question 8172
Hibernate: insert into question (answer, choice1, choice2, choice3, choice4, choice5, content, correct, create_date, filepath, modify_date, score, subject, teacher_id, time, view) values (?, ?, ?, ?, ?, ?, ?, ?, ?, ?, ?, ?, ?, ?, ?, ?)
make question 8173
Hibernate: insert into question (answer, choice1, choice2, choice3, choice4, choice5, content, correct, create_date, filepath, modify_date, score, subject, teacher_id, time, view) values (?, ?, ?, ?, ?, ?, ?, ?, ?, ?, ?, ?, ?, ?, ?, ?)
make question 8174
Hibernate: insert into question (answer, choice1, choice2, choice3, choice4, choice5, content, correct, create_date, filepath, modify_date, score, subject, teacher_id, time, view) values (?, ?, ?, ?, ?, ?, ?, ?, ?, ?, ?, ?, ?, ?, ?, ?)
make question 8175
Hibernate: insert into question (answer, choice1, choice2, choice3, choice4, choice5, content, correct, create_date, filepath, modify_date, score, subject, teacher_id, time, view) values (?, ?, ?, ?, ?, ?, ?, ?, ?, ?, ?, ?, ?, ?, ?, ?)
make question 8176
Hibernate: insert into question (answer, choice1, choice2, choice3, choice4, choice5, content, correct, create_date, filepath, modify_date, score, subject, teacher_id, time, view) values (?, ?, ?, ?, ?, ?, ?, ?, ?, ?, ?, ?, ?, ?, ?, ?)
make question 8177
Hibernate: insert into question (answer, choice1, choice2, choice3, choice4, choice5, content, correct, create_date, filepath, modify_date, score, subject, teacher_id, time, view) values (?, ?, ?, ?, ?, ?, ?, ?, ?, ?, ?, ?, ?, ?, ?, ?)
make question 8178
Hibernate: insert into question (answer, choice1, choice2, choice3, choice4, choice5, content, correct, create_date, filepath, modify_date, score, subject, teacher_id, time, view) values (?, ?, ?, ?, ?, ?, ?, ?, ?, ?, ?, ?, ?, ?, ?, ?)
make question 8179
Hibernate: insert into question (answer, choice1, choice2, choice3, choice4, choice5, content, correct, create_date, filepath, modify_date, score, subject, teacher_id, time, view) values (?, ?, ?, ?, ?, ?, ?, ?, ?, ?, ?, ?, ?, ?, ?, ?)
make question 8180
Hibernate: insert into question (answer, choice1, choice2, choice3, choice4, choice5, content, correct, create_date, filepath, modify_date, score, subject, teacher_id, time, view) values (?, ?, ?, ?, ?, ?, ?, ?, ?, ?, ?, ?, ?, ?, ?, ?)
make question 8181
Hibernate: insert into question (answer, choice1, choice2, choice3, choice4, choice5, content, correct, create_date, filepath, modify_date, score, subject, teacher_id, time, view) values (?, ?, ?, ?, ?, ?, ?, ?, ?, ?, ?, ?, ?, ?, ?, ?)
make question 8182
Hibernate: insert into question (answer, choice1, choice2, choice3, choice4, choice5, content, correct, create_date, filepath, modify_date, score, subject, teacher_id, time, view) values (?, ?, ?, ?, ?, ?, ?, ?, ?, ?, ?, ?, ?, ?, ?, ?)
make question 8183
Hibernate: insert into question (answer, choice1, choice2, choice3, choice4, choice5, content, correct, create_date, filepath, modify_date, score, subject, teacher_id, time, view) values (?, ?, ?, ?, ?, ?, ?, ?, ?, ?, ?, ?, ?, ?, ?, ?)
make question 8184
Hibernate: insert into question (answer, choice1, choice2, choice3, choice4, choice5, content, correct, create_date, filepath, modify_date, score, subject, teacher_id, time, view) values (?, ?, ?, ?, ?, ?, ?, ?, ?, ?, ?, ?, ?, ?, ?, ?)
make question 8185
Hibernate: insert into question (answer, choice1, choice2, choice3, choice4, choice5, content, correct, create_date, filepath, modify_date, score, subject, teacher_id, time, view) values (?, ?, ?, ?, ?, ?, ?, ?, ?, ?, ?, ?, ?, ?, ?, ?)
make question 8186
Hibernate: insert into question (answer, choice1, choice2, choice3, choice4, choice5, content, correct, create_date, filepath, modify_date, score, subject, teacher_id, time, view) values (?, ?, ?, ?, ?, ?, ?, ?, ?, ?, ?, ?, ?, ?, ?, ?)
make question 8187
Hibernate: insert into question (answer, choice1, choice2, choice3, choice4, choice5, content, correct, create_date, filepath, modify_date, score, subject, teacher_id, time, view) values (?, ?, ?, ?, ?, ?, ?, ?, ?, ?, ?, ?, ?, ?, ?, ?)
make question 8188
Hibernate: insert into question (answer, choice1, choice2, choice3, choice4, choice5, content, correct, create_date, filepath, modify_date, score, subject, teacher_id, time, view) values (?, ?, ?, ?, ?, ?, ?, ?, ?, ?, ?, ?, ?, ?, ?, ?)
make question 8189
Hibernate: insert into question (answer, choice1, choice2, choice3, choice4, choice5, content, correct, create_date, filepath, modify_date, score, subject, teacher_id, time, view) values (?, ?, ?, ?, ?, ?, ?, ?, ?, ?, ?, ?, ?, ?, ?, ?)
make question 8190
Hibernate: insert into question (answer, choice1, choice2, choice3, choice4, choice5, content, correct, create_date, filepath, modify_date, score, subject, teacher_id, time, view) values (?, ?, ?, ?, ?, ?, ?, ?, ?, ?, ?, ?, ?, ?, ?, ?)
make question 8191
Hibernate: insert into question (answer, choice1, choice2, choice3, choice4, choice5, content, correct, create_date, filepath, modify_date, score, subject, teacher_id, time, view) values (?, ?, ?, ?, ?, ?, ?, ?, ?, ?, ?, ?, ?, ?, ?, ?)
make question 8192
Hibernate: insert into question (answer, choice1, choice2, choice3, choice4, choice5, content, correct, create_date, filepath, modify_date, score, subject, teacher_id, time, view) values (?, ?, ?, ?, ?, ?, ?, ?, ?, ?, ?, ?, ?, ?, ?, ?)
make question 8193
Hibernate: insert into question (answer, choice1, choice2, choice3, choice4, choice5, content, correct, create_date, filepath, modify_date, score, subject, teacher_id, time, view) values (?, ?, ?, ?, ?, ?, ?, ?, ?, ?, ?, ?, ?, ?, ?, ?)
make question 8194
Hibernate: insert into question (answer, choice1, choice2, choice3, choice4, choice5, content, correct, create_date, filepath, modify_date, score, subject, teacher_id, time, view) values (?, ?, ?, ?, ?, ?, ?, ?, ?, ?, ?, ?, ?, ?, ?, ?)
make question 8195
Hibernate: insert into question (answer, choice1, choice2, choice3, choice4, choice5, content, correct, create_date, filepath, modify_date, score, subject, teacher_id, time, view) values (?, ?, ?, ?, ?, ?, ?, ?, ?, ?, ?, ?, ?, ?, ?, ?)
make question 8196
Hibernate: insert into question (answer, choice1, choice2, choice3, choice4, choice5, content, correct, create_date, filepath, modify_date, score, subject, teacher_id, time, view) values (?, ?, ?, ?, ?, ?, ?, ?, ?, ?, ?, ?, ?, ?, ?, ?)
make question 8197
Hibernate: insert into question (answer, choice1, choice2, choice3, choice4, choice5, content, correct, create_date, filepath, modify_date, score, subject, teacher_id, time, view) values (?, ?, ?, ?, ?, ?, ?, ?, ?, ?, ?, ?, ?, ?, ?, ?)
make question 8198
Hibernate: insert into question (answer, choice1, choice2, choice3, choice4, choice5, content, correct, create_date, filepath, modify_date, score, subject, teacher_id, time, view) values (?, ?, ?, ?, ?, ?, ?, ?, ?, ?, ?, ?, ?, ?, ?, ?)
make question 8199
Hibernate: insert into question (answer, choice1, choice2, choice3, choice4, choice5, content, correct, create_date, filepath, modify_date, score, subject, teacher_id, time, view) values (?, ?, ?, ?, ?, ?, ?, ?, ?, ?, ?, ?, ?, ?, ?, ?)
make question 8200
Hibernate: insert into question (answer, choice1, choice2, choice3, choice4, choice5, content, correct, create_date, filepath, modify_date, score, subject, teacher_id, time, view) values (?, ?, ?, ?, ?, ?, ?, ?, ?, ?, ?, ?, ?, ?, ?, ?)
make question 8201
Hibernate: insert into question (answer, choice1, choice2, choice3, choice4, choice5, content, correct, create_date, filepath, modify_date, score, subject, teacher_id, time, view) values (?, ?, ?, ?, ?, ?, ?, ?, ?, ?, ?, ?, ?, ?, ?, ?)
make question 8202
Hibernate: insert into question (answer, choice1, choice2, choice3, choice4, choice5, content, correct, create_date, filepath, modify_date, score, subject, teacher_id, time, view) values (?, ?, ?, ?, ?, ?, ?, ?, ?, ?, ?, ?, ?, ?, ?, ?)
make question 8203
Hibernate: insert into question (answer, choice1, choice2, choice3, choice4, choice5, content, correct, create_date, filepath, modify_date, score, subject, teacher_id, time, view) values (?, ?, ?, ?, ?, ?, ?, ?, ?, ?, ?, ?, ?, ?, ?, ?)
make question 8204
Hibernate: insert into question (answer, choice1, choice2, choice3, choice4, choice5, content, correct, create_date, filepath, modify_date, score, subject, teacher_id, time, view) values (?, ?, ?, ?, ?, ?, ?, ?, ?, ?, ?, ?, ?, ?, ?, ?)
make question 8205
Hibernate: insert into question (answer, choice1, choice2, choice3, choice4, choice5, content, correct, create_date, filepath, modify_date, score, subject, teacher_id, time, view) values (?, ?, ?, ?, ?, ?, ?, ?, ?, ?, ?, ?, ?, ?, ?, ?)
make question 8206
Hibernate: insert into question (answer, choice1, choice2, choice3, choice4, choice5, content, correct, create_date, filepath, modify_date, score, subject, teacher_id, time, view) values (?, ?, ?, ?, ?, ?, ?, ?, ?, ?, ?, ?, ?, ?, ?, ?)
make question 8207
Hibernate: insert into question (answer, choice1, choice2, choice3, choice4, choice5, content, correct, create_date, filepath, modify_date, score, subject, teacher_id, time, view) values (?, ?, ?, ?, ?, ?, ?, ?, ?, ?, ?, ?, ?, ?, ?, ?)
make question 8208
Hibernate: insert into question (answer, choice1, choice2, choice3, choice4, choice5, content, correct, create_date, filepath, modify_date, score, subject, teacher_id, time, view) values (?, ?, ?, ?, ?, ?, ?, ?, ?, ?, ?, ?, ?, ?, ?, ?)
make question 8209
Hibernate: insert into question (answer, choice1, choice2, choice3, choice4, choice5, content, correct, create_date, filepath, modify_date, score, subject, teacher_id, time, view) values (?, ?, ?, ?, ?, ?, ?, ?, ?, ?, ?, ?, ?, ?, ?, ?)
make question 8210
Hibernate: insert into question (answer, choice1, choice2, choice3, choice4, choice5, content, correct, create_date, filepath, modify_date, score, subject, teacher_id, time, view) values (?, ?, ?, ?, ?, ?, ?, ?, ?, ?, ?, ?, ?, ?, ?, ?)
make question 8211
Hibernate: insert into question (answer, choice1, choice2, choice3, choice4, choice5, content, correct, create_date, filepath, modify_date, score, subject, teacher_id, time, view) values (?, ?, ?, ?, ?, ?, ?, ?, ?, ?, ?, ?, ?, ?, ?, ?)
make question 8212
Hibernate: insert into question (answer, choice1, choice2, choice3, choice4, choice5, content, correct, create_date, filepath, modify_date, score, subject, teacher_id, time, view) values (?, ?, ?, ?, ?, ?, ?, ?, ?, ?, ?, ?, ?, ?, ?, ?)
make question 8213
Hibernate: insert into question (answer, choice1, choice2, choice3, choice4, choice5, content, correct, create_date, filepath, modify_date, score, subject, teacher_id, time, view) values (?, ?, ?, ?, ?, ?, ?, ?, ?, ?, ?, ?, ?, ?, ?, ?)
make question 8214
Hibernate: insert into question (answer, choice1, choice2, choice3, choice4, choice5, content, correct, create_date, filepath, modify_date, score, subject, teacher_id, time, view) values (?, ?, ?, ?, ?, ?, ?, ?, ?, ?, ?, ?, ?, ?, ?, ?)
make question 8215
Hibernate: insert into question (answer, choice1, choice2, choice3, choice4, choice5, content, correct, create_date, filepath, modify_date, score, subject, teacher_id, time, view) values (?, ?, ?, ?, ?, ?, ?, ?, ?, ?, ?, ?, ?, ?, ?, ?)
make question 8216
Hibernate: insert into question (answer, choice1, choice2, choice3, choice4, choice5, content, correct, create_date, filepath, modify_date, score, subject, teacher_id, time, view) values (?, ?, ?, ?, ?, ?, ?, ?, ?, ?, ?, ?, ?, ?, ?, ?)
make question 8217
Hibernate: insert into question (answer, choice1, choice2, choice3, choice4, choice5, content, correct, create_date, filepath, modify_date, score, subject, teacher_id, time, view) values (?, ?, ?, ?, ?, ?, ?, ?, ?, ?, ?, ?, ?, ?, ?, ?)
make question 8218
Hibernate: insert into question (answer, choice1, choice2, choice3, choice4, choice5, content, correct, create_date, filepath, modify_date, score, subject, teacher_id, time, view) values (?, ?, ?, ?, ?, ?, ?, ?, ?, ?, ?, ?, ?, ?, ?, ?)
make question 8219
Hibernate: insert into question (answer, choice1, choice2, choice3, choice4, choice5, content, correct, create_date, filepath, modify_date, score, subject, teacher_id, time, view) values (?, ?, ?, ?, ?, ?, ?, ?, ?, ?, ?, ?, ?, ?, ?, ?)
make question 8220
Hibernate: insert into question (answer, choice1, choice2, choice3, choice4, choice5, content, correct, create_date, filepath, modify_date, score, subject, teacher_id, time, view) values (?, ?, ?, ?, ?, ?, ?, ?, ?, ?, ?, ?, ?, ?, ?, ?)
make question 8221
Hibernate: insert into question (answer, choice1, choice2, choice3, choice4, choice5, content, correct, create_date, filepath, modify_date, score, subject, teacher_id, time, view) values (?, ?, ?, ?, ?, ?, ?, ?, ?, ?, ?, ?, ?, ?, ?, ?)
make question 8222
Hibernate: insert into question (answer, choice1, choice2, choice3, choice4, choice5, content, correct, create_date, filepath, modify_date, score, subject, teacher_id, time, view) values (?, ?, ?, ?, ?, ?, ?, ?, ?, ?, ?, ?, ?, ?, ?, ?)
make question 8223
Hibernate: insert into question (answer, choice1, choice2, choice3, choice4, choice5, content, correct, create_date, filepath, modify_date, score, subject, teacher_id, time, view) values (?, ?, ?, ?, ?, ?, ?, ?, ?, ?, ?, ?, ?, ?, ?, ?)
make question 8224
Hibernate: insert into question (answer, choice1, choice2, choice3, choice4, choice5, content, correct, create_date, filepath, modify_date, score, subject, teacher_id, time, view) values (?, ?, ?, ?, ?, ?, ?, ?, ?, ?, ?, ?, ?, ?, ?, ?)
make question 8225
Hibernate: insert into question (answer, choice1, choice2, choice3, choice4, choice5, content, correct, create_date, filepath, modify_date, score, subject, teacher_id, time, view) values (?, ?, ?, ?, ?, ?, ?, ?, ?, ?, ?, ?, ?, ?, ?, ?)
make question 8226
Hibernate: insert into question (answer, choice1, choice2, choice3, choice4, choice5, content, correct, create_date, filepath, modify_date, score, subject, teacher_id, time, view) values (?, ?, ?, ?, ?, ?, ?, ?, ?, ?, ?, ?, ?, ?, ?, ?)
make question 8227
Hibernate: insert into question (answer, choice1, choice2, choice3, choice4, choice5, content, correct, create_date, filepath, modify_date, score, subject, teacher_id, time, view) values (?, ?, ?, ?, ?, ?, ?, ?, ?, ?, ?, ?, ?, ?, ?, ?)
make question 8228
Hibernate: insert into question (answer, choice1, choice2, choice3, choice4, choice5, content, correct, create_date, filepath, modify_date, score, subject, teacher_id, time, view) values (?, ?, ?, ?, ?, ?, ?, ?, ?, ?, ?, ?, ?, ?, ?, ?)
make question 8229
Hibernate: insert into question (answer, choice1, choice2, choice3, choice4, choice5, content, correct, create_date, filepath, modify_date, score, subject, teacher_id, time, view) values (?, ?, ?, ?, ?, ?, ?, ?, ?, ?, ?, ?, ?, ?, ?, ?)
make question 8230
Hibernate: insert into question (answer, choice1, choice2, choice3, choice4, choice5, content, correct, create_date, filepath, modify_date, score, subject, teacher_id, time, view) values (?, ?, ?, ?, ?, ?, ?, ?, ?, ?, ?, ?, ?, ?, ?, ?)
make question 8231
Hibernate: insert into question (answer, choice1, choice2, choice3, choice4, choice5, content, correct, create_date, filepath, modify_date, score, subject, teacher_id, time, view) values (?, ?, ?, ?, ?, ?, ?, ?, ?, ?, ?, ?, ?, ?, ?, ?)
make question 8232
Hibernate: insert into question (answer, choice1, choice2, choice3, choice4, choice5, content, correct, create_date, filepath, modify_date, score, subject, teacher_id, time, view) values (?, ?, ?, ?, ?, ?, ?, ?, ?, ?, ?, ?, ?, ?, ?, ?)
make question 8233
Hibernate: insert into question (answer, choice1, choice2, choice3, choice4, choice5, content, correct, create_date, filepath, modify_date, score, subject, teacher_id, time, view) values (?, ?, ?, ?, ?, ?, ?, ?, ?, ?, ?, ?, ?, ?, ?, ?)
make question 8234
Hibernate: insert into question (answer, choice1, choice2, choice3, choice4, choice5, content, correct, create_date, filepath, modify_date, score, subject, teacher_id, time, view) values (?, ?, ?, ?, ?, ?, ?, ?, ?, ?, ?, ?, ?, ?, ?, ?)
make question 8235
Hibernate: insert into question (answer, choice1, choice2, choice3, choice4, choice5, content, correct, create_date, filepath, modify_date, score, subject, teacher_id, time, view) values (?, ?, ?, ?, ?, ?, ?, ?, ?, ?, ?, ?, ?, ?, ?, ?)
make question 8236
Hibernate: insert into question (answer, choice1, choice2, choice3, choice4, choice5, content, correct, create_date, filepath, modify_date, score, subject, teacher_id, time, view) values (?, ?, ?, ?, ?, ?, ?, ?, ?, ?, ?, ?, ?, ?, ?, ?)
make question 8237
Hibernate: insert into question (answer, choice1, choice2, choice3, choice4, choice5, content, correct, create_date, filepath, modify_date, score, subject, teacher_id, time, view) values (?, ?, ?, ?, ?, ?, ?, ?, ?, ?, ?, ?, ?, ?, ?, ?)
make question 8238
Hibernate: insert into question (answer, choice1, choice2, choice3, choice4, choice5, content, correct, create_date, filepath, modify_date, score, subject, teacher_id, time, view) values (?, ?, ?, ?, ?, ?, ?, ?, ?, ?, ?, ?, ?, ?, ?, ?)
make question 8239
Hibernate: insert into question (answer, choice1, choice2, choice3, choice4, choice5, content, correct, create_date, filepath, modify_date, score, subject, teacher_id, time, view) values (?, ?, ?, ?, ?, ?, ?, ?, ?, ?, ?, ?, ?, ?, ?, ?)
make question 8240
Hibernate: insert into question (answer, choice1, choice2, choice3, choice4, choice5, content, correct, create_date, filepath, modify_date, score, subject, teacher_id, time, view) values (?, ?, ?, ?, ?, ?, ?, ?, ?, ?, ?, ?, ?, ?, ?, ?)
make question 8241
Hibernate: insert into question (answer, choice1, choice2, choice3, choice4, choice5, content, correct, create_date, filepath, modify_date, score, subject, teacher_id, time, view) values (?, ?, ?, ?, ?, ?, ?, ?, ?, ?, ?, ?, ?, ?, ?, ?)
make question 8242
Hibernate: insert into question (answer, choice1, choice2, choice3, choice4, choice5, content, correct, create_date, filepath, modify_date, score, subject, teacher_id, time, view) values (?, ?, ?, ?, ?, ?, ?, ?, ?, ?, ?, ?, ?, ?, ?, ?)
make question 8243
Hibernate: insert into question (answer, choice1, choice2, choice3, choice4, choice5, content, correct, create_date, filepath, modify_date, score, subject, teacher_id, time, view) values (?, ?, ?, ?, ?, ?, ?, ?, ?, ?, ?, ?, ?, ?, ?, ?)
make question 8244
Hibernate: insert into question (answer, choice1, choice2, choice3, choice4, choice5, content, correct, create_date, filepath, modify_date, score, subject, teacher_id, time, view) values (?, ?, ?, ?, ?, ?, ?, ?, ?, ?, ?, ?, ?, ?, ?, ?)
make question 8245
Hibernate: insert into question (answer, choice1, choice2, choice3, choice4, choice5, content, correct, create_date, filepath, modify_date, score, subject, teacher_id, time, view) values (?, ?, ?, ?, ?, ?, ?, ?, ?, ?, ?, ?, ?, ?, ?, ?)
make question 8246
Hibernate: insert into question (answer, choice1, choice2, choice3, choice4, choice5, content, correct, create_date, filepath, modify_date, score, subject, teacher_id, time, view) values (?, ?, ?, ?, ?, ?, ?, ?, ?, ?, ?, ?, ?, ?, ?, ?)
make question 8247
Hibernate: insert into question (answer, choice1, choice2, choice3, choice4, choice5, content, correct, create_date, filepath, modify_date, score, subject, teacher_id, time, view) values (?, ?, ?, ?, ?, ?, ?, ?, ?, ?, ?, ?, ?, ?, ?, ?)
make question 8248
Hibernate: insert into question (answer, choice1, choice2, choice3, choice4, choice5, content, correct, create_date, filepath, modify_date, score, subject, teacher_id, time, view) values (?, ?, ?, ?, ?, ?, ?, ?, ?, ?, ?, ?, ?, ?, ?, ?)
make question 8249
Hibernate: insert into question (answer, choice1, choice2, choice3, choice4, choice5, content, correct, create_date, filepath, modify_date, score, subject, teacher_id, time, view) values (?, ?, ?, ?, ?, ?, ?, ?, ?, ?, ?, ?, ?, ?, ?, ?)
make question 8250
Hibernate: insert into question (answer, choice1, choice2, choice3, choice4, choice5, content, correct, create_date, filepath, modify_date, score, subject, teacher_id, time, view) values (?, ?, ?, ?, ?, ?, ?, ?, ?, ?, ?, ?, ?, ?, ?, ?)
make question 8251
Hibernate: insert into question (answer, choice1, choice2, choice3, choice4, choice5, content, correct, create_date, filepath, modify_date, score, subject, teacher_id, time, view) values (?, ?, ?, ?, ?, ?, ?, ?, ?, ?, ?, ?, ?, ?, ?, ?)
make question 8252
Hibernate: insert into question (answer, choice1, choice2, choice3, choice4, choice5, content, correct, create_date, filepath, modify_date, score, subject, teacher_id, time, view) values (?, ?, ?, ?, ?, ?, ?, ?, ?, ?, ?, ?, ?, ?, ?, ?)
make question 8253
Hibernate: insert into question (answer, choice1, choice2, choice3, choice4, choice5, content, correct, create_date, filepath, modify_date, score, subject, teacher_id, time, view) values (?, ?, ?, ?, ?, ?, ?, ?, ?, ?, ?, ?, ?, ?, ?, ?)
make question 8254
Hibernate: insert into question (answer, choice1, choice2, choice3, choice4, choice5, content, correct, create_date, filepath, modify_date, score, subject, teacher_id, time, view) values (?, ?, ?, ?, ?, ?, ?, ?, ?, ?, ?, ?, ?, ?, ?, ?)
make question 8255
Hibernate: insert into question (answer, choice1, choice2, choice3, choice4, choice5, content, correct, create_date, filepath, modify_date, score, subject, teacher_id, time, view) values (?, ?, ?, ?, ?, ?, ?, ?, ?, ?, ?, ?, ?, ?, ?, ?)
make question 8256
Hibernate: insert into question (answer, choice1, choice2, choice3, choice4, choice5, content, correct, create_date, filepath, modify_date, score, subject, teacher_id, time, view) values (?, ?, ?, ?, ?, ?, ?, ?, ?, ?, ?, ?, ?, ?, ?, ?)
make question 8257
Hibernate: insert into question (answer, choice1, choice2, choice3, choice4, choice5, content, correct, create_date, filepath, modify_date, score, subject, teacher_id, time, view) values (?, ?, ?, ?, ?, ?, ?, ?, ?, ?, ?, ?, ?, ?, ?, ?)
make question 8258
Hibernate: insert into question (answer, choice1, choice2, choice3, choice4, choice5, content, correct, create_date, filepath, modify_date, score, subject, teacher_id, time, view) values (?, ?, ?, ?, ?, ?, ?, ?, ?, ?, ?, ?, ?, ?, ?, ?)
make question 8259
Hibernate: insert into question (answer, choice1, choice2, choice3, choice4, choice5, content, correct, create_date, filepath, modify_date, score, subject, teacher_id, time, view) values (?, ?, ?, ?, ?, ?, ?, ?, ?, ?, ?, ?, ?, ?, ?, ?)
make question 8260
Hibernate: insert into question (answer, choice1, choice2, choice3, choice4, choice5, content, correct, create_date, filepath, modify_date, score, subject, teacher_id, time, view) values (?, ?, ?, ?, ?, ?, ?, ?, ?, ?, ?, ?, ?, ?, ?, ?)
make question 8261
Hibernate: insert into question (answer, choice1, choice2, choice3, choice4, choice5, content, correct, create_date, filepath, modify_date, score, subject, teacher_id, time, view) values (?, ?, ?, ?, ?, ?, ?, ?, ?, ?, ?, ?, ?, ?, ?, ?)
make question 8262
Hibernate: insert into question (answer, choice1, choice2, choice3, choice4, choice5, content, correct, create_date, filepath, modify_date, score, subject, teacher_id, time, view) values (?, ?, ?, ?, ?, ?, ?, ?, ?, ?, ?, ?, ?, ?, ?, ?)
make question 8263
Hibernate: insert into question (answer, choice1, choice2, choice3, choice4, choice5, content, correct, create_date, filepath, modify_date, score, subject, teacher_id, time, view) values (?, ?, ?, ?, ?, ?, ?, ?, ?, ?, ?, ?, ?, ?, ?, ?)
make question 8264
Hibernate: insert into question (answer, choice1, choice2, choice3, choice4, choice5, content, correct, create_date, filepath, modify_date, score, subject, teacher_id, time, view) values (?, ?, ?, ?, ?, ?, ?, ?, ?, ?, ?, ?, ?, ?, ?, ?)
make question 8265
Hibernate: insert into question (answer, choice1, choice2, choice3, choice4, choice5, content, correct, create_date, filepath, modify_date, score, subject, teacher_id, time, view) values (?, ?, ?, ?, ?, ?, ?, ?, ?, ?, ?, ?, ?, ?, ?, ?)
make question 8266
Hibernate: insert into question (answer, choice1, choice2, choice3, choice4, choice5, content, correct, create_date, filepath, modify_date, score, subject, teacher_id, time, view) values (?, ?, ?, ?, ?, ?, ?, ?, ?, ?, ?, ?, ?, ?, ?, ?)
make question 8267
Hibernate: insert into question (answer, choice1, choice2, choice3, choice4, choice5, content, correct, create_date, filepath, modify_date, score, subject, teacher_id, time, view) values (?, ?, ?, ?, ?, ?, ?, ?, ?, ?, ?, ?, ?, ?, ?, ?)
make question 8268
Hibernate: insert into question (answer, choice1, choice2, choice3, choice4, choice5, content, correct, create_date, filepath, modify_date, score, subject, teacher_id, time, view) values (?, ?, ?, ?, ?, ?, ?, ?, ?, ?, ?, ?, ?, ?, ?, ?)
make question 8269
Hibernate: insert into question (answer, choice1, choice2, choice3, choice4, choice5, content, correct, create_date, filepath, modify_date, score, subject, teacher_id, time, view) values (?, ?, ?, ?, ?, ?, ?, ?, ?, ?, ?, ?, ?, ?, ?, ?)
make question 8270
Hibernate: insert into question (answer, choice1, choice2, choice3, choice4, choice5, content, correct, create_date, filepath, modify_date, score, subject, teacher_id, time, view) values (?, ?, ?, ?, ?, ?, ?, ?, ?, ?, ?, ?, ?, ?, ?, ?)
make question 8271
Hibernate: insert into question (answer, choice1, choice2, choice3, choice4, choice5, content, correct, create_date, filepath, modify_date, score, subject, teacher_id, time, view) values (?, ?, ?, ?, ?, ?, ?, ?, ?, ?, ?, ?, ?, ?, ?, ?)
make question 8272
Hibernate: insert into question (answer, choice1, choice2, choice3, choice4, choice5, content, correct, create_date, filepath, modify_date, score, subject, teacher_id, time, view) values (?, ?, ?, ?, ?, ?, ?, ?, ?, ?, ?, ?, ?, ?, ?, ?)
make question 8273
Hibernate: insert into question (answer, choice1, choice2, choice3, choice4, choice5, content, correct, create_date, filepath, modify_date, score, subject, teacher_id, time, view) values (?, ?, ?, ?, ?, ?, ?, ?, ?, ?, ?, ?, ?, ?, ?, ?)
make question 8274
Hibernate: insert into question (answer, choice1, choice2, choice3, choice4, choice5, content, correct, create_date, filepath, modify_date, score, subject, teacher_id, time, view) values (?, ?, ?, ?, ?, ?, ?, ?, ?, ?, ?, ?, ?, ?, ?, ?)
make question 8275
Hibernate: insert into question (answer, choice1, choice2, choice3, choice4, choice5, content, correct, create_date, filepath, modify_date, score, subject, teacher_id, time, view) values (?, ?, ?, ?, ?, ?, ?, ?, ?, ?, ?, ?, ?, ?, ?, ?)
make question 8276
Hibernate: insert into question (answer, choice1, choice2, choice3, choice4, choice5, content, correct, create_date, filepath, modify_date, score, subject, teacher_id, time, view) values (?, ?, ?, ?, ?, ?, ?, ?, ?, ?, ?, ?, ?, ?, ?, ?)
make question 8277
Hibernate: insert into question (answer, choice1, choice2, choice3, choice4, choice5, content, correct, create_date, filepath, modify_date, score, subject, teacher_id, time, view) values (?, ?, ?, ?, ?, ?, ?, ?, ?, ?, ?, ?, ?, ?, ?, ?)
make question 8278
Hibernate: insert into question (answer, choice1, choice2, choice3, choice4, choice5, content, correct, create_date, filepath, modify_date, score, subject, teacher_id, time, view) values (?, ?, ?, ?, ?, ?, ?, ?, ?, ?, ?, ?, ?, ?, ?, ?)
make question 8279
Hibernate: insert into question (answer, choice1, choice2, choice3, choice4, choice5, content, correct, create_date, filepath, modify_date, score, subject, teacher_id, time, view) values (?, ?, ?, ?, ?, ?, ?, ?, ?, ?, ?, ?, ?, ?, ?, ?)
make question 8280
Hibernate: insert into question (answer, choice1, choice2, choice3, choice4, choice5, content, correct, create_date, filepath, modify_date, score, subject, teacher_id, time, view) values (?, ?, ?, ?, ?, ?, ?, ?, ?, ?, ?, ?, ?, ?, ?, ?)
make question 8281
Hibernate: insert into question (answer, choice1, choice2, choice3, choice4, choice5, content, correct, create_date, filepath, modify_date, score, subject, teacher_id, time, view) values (?, ?, ?, ?, ?, ?, ?, ?, ?, ?, ?, ?, ?, ?, ?, ?)
make question 8282
Hibernate: insert into question (answer, choice1, choice2, choice3, choice4, choice5, content, correct, create_date, filepath, modify_date, score, subject, teacher_id, time, view) values (?, ?, ?, ?, ?, ?, ?, ?, ?, ?, ?, ?, ?, ?, ?, ?)
make question 8283
Hibernate: insert into question (answer, choice1, choice2, choice3, choice4, choice5, content, correct, create_date, filepath, modify_date, score, subject, teacher_id, time, view) values (?, ?, ?, ?, ?, ?, ?, ?, ?, ?, ?, ?, ?, ?, ?, ?)
make question 8284
Hibernate: insert into question (answer, choice1, choice2, choice3, choice4, choice5, content, correct, create_date, filepath, modify_date, score, subject, teacher_id, time, view) values (?, ?, ?, ?, ?, ?, ?, ?, ?, ?, ?, ?, ?, ?, ?, ?)
make question 8285
Hibernate: insert into question (answer, choice1, choice2, choice3, choice4, choice5, content, correct, create_date, filepath, modify_date, score, subject, teacher_id, time, view) values (?, ?, ?, ?, ?, ?, ?, ?, ?, ?, ?, ?, ?, ?, ?, ?)
make question 8286
Hibernate: insert into question (answer, choice1, choice2, choice3, choice4, choice5, content, correct, create_date, filepath, modify_date, score, subject, teacher_id, time, view) values (?, ?, ?, ?, ?, ?, ?, ?, ?, ?, ?, ?, ?, ?, ?, ?)
make question 8287
Hibernate: insert into question (answer, choice1, choice2, choice3, choice4, choice5, content, correct, create_date, filepath, modify_date, score, subject, teacher_id, time, view) values (?, ?, ?, ?, ?, ?, ?, ?, ?, ?, ?, ?, ?, ?, ?, ?)
make question 8288
Hibernate: insert into question (answer, choice1, choice2, choice3, choice4, choice5, content, correct, create_date, filepath, modify_date, score, subject, teacher_id, time, view) values (?, ?, ?, ?, ?, ?, ?, ?, ?, ?, ?, ?, ?, ?, ?, ?)
make question 8289
Hibernate: insert into question (answer, choice1, choice2, choice3, choice4, choice5, content, correct, create_date, filepath, modify_date, score, subject, teacher_id, time, view) values (?, ?, ?, ?, ?, ?, ?, ?, ?, ?, ?, ?, ?, ?, ?, ?)
make question 8290
Hibernate: insert into question (answer, choice1, choice2, choice3, choice4, choice5, content, correct, create_date, filepath, modify_date, score, subject, teacher_id, time, view) values (?, ?, ?, ?, ?, ?, ?, ?, ?, ?, ?, ?, ?, ?, ?, ?)
make question 8291
Hibernate: insert into question (answer, choice1, choice2, choice3, choice4, choice5, content, correct, create_date, filepath, modify_date, score, subject, teacher_id, time, view) values (?, ?, ?, ?, ?, ?, ?, ?, ?, ?, ?, ?, ?, ?, ?, ?)
make question 8292
Hibernate: insert into question (answer, choice1, choice2, choice3, choice4, choice5, content, correct, create_date, filepath, modify_date, score, subject, teacher_id, time, view) values (?, ?, ?, ?, ?, ?, ?, ?, ?, ?, ?, ?, ?, ?, ?, ?)
make question 8293
Hibernate: insert into question (answer, choice1, choice2, choice3, choice4, choice5, content, correct, create_date, filepath, modify_date, score, subject, teacher_id, time, view) values (?, ?, ?, ?, ?, ?, ?, ?, ?, ?, ?, ?, ?, ?, ?, ?)
make question 8294
Hibernate: insert into question (answer, choice1, choice2, choice3, choice4, choice5, content, correct, create_date, filepath, modify_date, score, subject, teacher_id, time, view) values (?, ?, ?, ?, ?, ?, ?, ?, ?, ?, ?, ?, ?, ?, ?, ?)
make question 8295
Hibernate: insert into question (answer, choice1, choice2, choice3, choice4, choice5, content, correct, create_date, filepath, modify_date, score, subject, teacher_id, time, view) values (?, ?, ?, ?, ?, ?, ?, ?, ?, ?, ?, ?, ?, ?, ?, ?)
make question 8296
Hibernate: insert into question (answer, choice1, choice2, choice3, choice4, choice5, content, correct, create_date, filepath, modify_date, score, subject, teacher_id, time, view) values (?, ?, ?, ?, ?, ?, ?, ?, ?, ?, ?, ?, ?, ?, ?, ?)
make question 8297
Hibernate: insert into question (answer, choice1, choice2, choice3, choice4, choice5, content, correct, create_date, filepath, modify_date, score, subject, teacher_id, time, view) values (?, ?, ?, ?, ?, ?, ?, ?, ?, ?, ?, ?, ?, ?, ?, ?)
make question 8298
Hibernate: insert into question (answer, choice1, choice2, choice3, choice4, choice5, content, correct, create_date, filepath, modify_date, score, subject, teacher_id, time, view) values (?, ?, ?, ?, ?, ?, ?, ?, ?, ?, ?, ?, ?, ?, ?, ?)
make question 8299
Hibernate: insert into question (answer, choice1, choice2, choice3, choice4, choice5, content, correct, create_date, filepath, modify_date, score, subject, teacher_id, time, view) values (?, ?, ?, ?, ?, ?, ?, ?, ?, ?, ?, ?, ?, ?, ?, ?)
make question 8300
Hibernate: insert into question (answer, choice1, choice2, choice3, choice4, choice5, content, correct, create_date, filepath, modify_date, score, subject, teacher_id, time, view) values (?, ?, ?, ?, ?, ?, ?, ?, ?, ?, ?, ?, ?, ?, ?, ?)
make question 8301
Hibernate: insert into question (answer, choice1, choice2, choice3, choice4, choice5, content, correct, create_date, filepath, modify_date, score, subject, teacher_id, time, view) values (?, ?, ?, ?, ?, ?, ?, ?, ?, ?, ?, ?, ?, ?, ?, ?)
make question 8302
Hibernate: insert into question (answer, choice1, choice2, choice3, choice4, choice5, content, correct, create_date, filepath, modify_date, score, subject, teacher_id, time, view) values (?, ?, ?, ?, ?, ?, ?, ?, ?, ?, ?, ?, ?, ?, ?, ?)
make question 8303
Hibernate: insert into question (answer, choice1, choice2, choice3, choice4, choice5, content, correct, create_date, filepath, modify_date, score, subject, teacher_id, time, view) values (?, ?, ?, ?, ?, ?, ?, ?, ?, ?, ?, ?, ?, ?, ?, ?)
make question 8304
Hibernate: insert into question (answer, choice1, choice2, choice3, choice4, choice5, content, correct, create_date, filepath, modify_date, score, subject, teacher_id, time, view) values (?, ?, ?, ?, ?, ?, ?, ?, ?, ?, ?, ?, ?, ?, ?, ?)
make question 8305
Hibernate: insert into question (answer, choice1, choice2, choice3, choice4, choice5, content, correct, create_date, filepath, modify_date, score, subject, teacher_id, time, view) values (?, ?, ?, ?, ?, ?, ?, ?, ?, ?, ?, ?, ?, ?, ?, ?)
make question 8306
Hibernate: insert into question (answer, choice1, choice2, choice3, choice4, choice5, content, correct, create_date, filepath, modify_date, score, subject, teacher_id, time, view) values (?, ?, ?, ?, ?, ?, ?, ?, ?, ?, ?, ?, ?, ?, ?, ?)
make question 8307
Hibernate: insert into question (answer, choice1, choice2, choice3, choice4, choice5, content, correct, create_date, filepath, modify_date, score, subject, teacher_id, time, view) values (?, ?, ?, ?, ?, ?, ?, ?, ?, ?, ?, ?, ?, ?, ?, ?)
make question 8308
Hibernate: insert into question (answer, choice1, choice2, choice3, choice4, choice5, content, correct, create_date, filepath, modify_date, score, subject, teacher_id, time, view) values (?, ?, ?, ?, ?, ?, ?, ?, ?, ?, ?, ?, ?, ?, ?, ?)
make question 8309
Hibernate: insert into question (answer, choice1, choice2, choice3, choice4, choice5, content, correct, create_date, filepath, modify_date, score, subject, teacher_id, time, view) values (?, ?, ?, ?, ?, ?, ?, ?, ?, ?, ?, ?, ?, ?, ?, ?)
make question 8310
Hibernate: insert into question (answer, choice1, choice2, choice3, choice4, choice5, content, correct, create_date, filepath, modify_date, score, subject, teacher_id, time, view) values (?, ?, ?, ?, ?, ?, ?, ?, ?, ?, ?, ?, ?, ?, ?, ?)
make question 8311
Hibernate: insert into question (answer, choice1, choice2, choice3, choice4, choice5, content, correct, create_date, filepath, modify_date, score, subject, teacher_id, time, view) values (?, ?, ?, ?, ?, ?, ?, ?, ?, ?, ?, ?, ?, ?, ?, ?)
make question 8312
Hibernate: insert into question (answer, choice1, choice2, choice3, choice4, choice5, content, correct, create_date, filepath, modify_date, score, subject, teacher_id, time, view) values (?, ?, ?, ?, ?, ?, ?, ?, ?, ?, ?, ?, ?, ?, ?, ?)
make question 8313
Hibernate: insert into question (answer, choice1, choice2, choice3, choice4, choice5, content, correct, create_date, filepath, modify_date, score, subject, teacher_id, time, view) values (?, ?, ?, ?, ?, ?, ?, ?, ?, ?, ?, ?, ?, ?, ?, ?)
make question 8314
Hibernate: insert into question (answer, choice1, choice2, choice3, choice4, choice5, content, correct, create_date, filepath, modify_date, score, subject, teacher_id, time, view) values (?, ?, ?, ?, ?, ?, ?, ?, ?, ?, ?, ?, ?, ?, ?, ?)
make question 8315
Hibernate: insert into question (answer, choice1, choice2, choice3, choice4, choice5, content, correct, create_date, filepath, modify_date, score, subject, teacher_id, time, view) values (?, ?, ?, ?, ?, ?, ?, ?, ?, ?, ?, ?, ?, ?, ?, ?)
make question 8316
Hibernate: insert into question (answer, choice1, choice2, choice3, choice4, choice5, content, correct, create_date, filepath, modify_date, score, subject, teacher_id, time, view) values (?, ?, ?, ?, ?, ?, ?, ?, ?, ?, ?, ?, ?, ?, ?, ?)
make question 8317
Hibernate: insert into question (answer, choice1, choice2, choice3, choice4, choice5, content, correct, create_date, filepath, modify_date, score, subject, teacher_id, time, view) values (?, ?, ?, ?, ?, ?, ?, ?, ?, ?, ?, ?, ?, ?, ?, ?)
make question 8318
Hibernate: insert into question (answer, choice1, choice2, choice3, choice4, choice5, content, correct, create_date, filepath, modify_date, score, subject, teacher_id, time, view) values (?, ?, ?, ?, ?, ?, ?, ?, ?, ?, ?, ?, ?, ?, ?, ?)
make question 8319
Hibernate: insert into question (answer, choice1, choice2, choice3, choice4, choice5, content, correct, create_date, filepath, modify_date, score, subject, teacher_id, time, view) values (?, ?, ?, ?, ?, ?, ?, ?, ?, ?, ?, ?, ?, ?, ?, ?)
make question 8320
Hibernate: insert into question (answer, choice1, choice2, choice3, choice4, choice5, content, correct, create_date, filepath, modify_date, score, subject, teacher_id, time, view) values (?, ?, ?, ?, ?, ?, ?, ?, ?, ?, ?, ?, ?, ?, ?, ?)
make question 8321
Hibernate: insert into question (answer, choice1, choice2, choice3, choice4, choice5, content, correct, create_date, filepath, modify_date, score, subject, teacher_id, time, view) values (?, ?, ?, ?, ?, ?, ?, ?, ?, ?, ?, ?, ?, ?, ?, ?)
make question 8322
Hibernate: insert into question (answer, choice1, choice2, choice3, choice4, choice5, content, correct, create_date, filepath, modify_date, score, subject, teacher_id, time, view) values (?, ?, ?, ?, ?, ?, ?, ?, ?, ?, ?, ?, ?, ?, ?, ?)
make question 8323
Hibernate: insert into question (answer, choice1, choice2, choice3, choice4, choice5, content, correct, create_date, filepath, modify_date, score, subject, teacher_id, time, view) values (?, ?, ?, ?, ?, ?, ?, ?, ?, ?, ?, ?, ?, ?, ?, ?)
make question 8324
Hibernate: insert into question (answer, choice1, choice2, choice3, choice4, choice5, content, correct, create_date, filepath, modify_date, score, subject, teacher_id, time, view) values (?, ?, ?, ?, ?, ?, ?, ?, ?, ?, ?, ?, ?, ?, ?, ?)
make question 8325
Hibernate: insert into question (answer, choice1, choice2, choice3, choice4, choice5, content, correct, create_date, filepath, modify_date, score, subject, teacher_id, time, view) values (?, ?, ?, ?, ?, ?, ?, ?, ?, ?, ?, ?, ?, ?, ?, ?)
make question 8326
Hibernate: insert into question (answer, choice1, choice2, choice3, choice4, choice5, content, correct, create_date, filepath, modify_date, score, subject, teacher_id, time, view) values (?, ?, ?, ?, ?, ?, ?, ?, ?, ?, ?, ?, ?, ?, ?, ?)
make question 8327
Hibernate: insert into question (answer, choice1, choice2, choice3, choice4, choice5, content, correct, create_date, filepath, modify_date, score, subject, teacher_id, time, view) values (?, ?, ?, ?, ?, ?, ?, ?, ?, ?, ?, ?, ?, ?, ?, ?)
make question 8328
Hibernate: insert into question (answer, choice1, choice2, choice3, choice4, choice5, content, correct, create_date, filepath, modify_date, score, subject, teacher_id, time, view) values (?, ?, ?, ?, ?, ?, ?, ?, ?, ?, ?, ?, ?, ?, ?, ?)
make question 8329
Hibernate: insert into question (answer, choice1, choice2, choice3, choice4, choice5, content, correct, create_date, filepath, modify_date, score, subject, teacher_id, time, view) values (?, ?, ?, ?, ?, ?, ?, ?, ?, ?, ?, ?, ?, ?, ?, ?)
make question 8330
Hibernate: insert into question (answer, choice1, choice2, choice3, choice4, choice5, content, correct, create_date, filepath, modify_date, score, subject, teacher_id, time, view) values (?, ?, ?, ?, ?, ?, ?, ?, ?, ?, ?, ?, ?, ?, ?, ?)
make question 8331
Hibernate: insert into question (answer, choice1, choice2, choice3, choice4, choice5, content, correct, create_date, filepath, modify_date, score, subject, teacher_id, time, view) values (?, ?, ?, ?, ?, ?, ?, ?, ?, ?, ?, ?, ?, ?, ?, ?)
make question 8332
Hibernate: insert into question (answer, choice1, choice2, choice3, choice4, choice5, content, correct, create_date, filepath, modify_date, score, subject, teacher_id, time, view) values (?, ?, ?, ?, ?, ?, ?, ?, ?, ?, ?, ?, ?, ?, ?, ?)
make question 8333
Hibernate: insert into question (answer, choice1, choice2, choice3, choice4, choice5, content, correct, create_date, filepath, modify_date, score, subject, teacher_id, time, view) values (?, ?, ?, ?, ?, ?, ?, ?, ?, ?, ?, ?, ?, ?, ?, ?)
make question 8334
Hibernate: insert into question (answer, choice1, choice2, choice3, choice4, choice5, content, correct, create_date, filepath, modify_date, score, subject, teacher_id, time, view) values (?, ?, ?, ?, ?, ?, ?, ?, ?, ?, ?, ?, ?, ?, ?, ?)
make question 8335
Hibernate: insert into question (answer, choice1, choice2, choice3, choice4, choice5, content, correct, create_date, filepath, modify_date, score, subject, teacher_id, time, view) values (?, ?, ?, ?, ?, ?, ?, ?, ?, ?, ?, ?, ?, ?, ?, ?)
make question 8336
Hibernate: insert into question (answer, choice1, choice2, choice3, choice4, choice5, content, correct, create_date, filepath, modify_date, score, subject, teacher_id, time, view) values (?, ?, ?, ?, ?, ?, ?, ?, ?, ?, ?, ?, ?, ?, ?, ?)
make question 8337
Hibernate: insert into question (answer, choice1, choice2, choice3, choice4, choice5, content, correct, create_date, filepath, modify_date, score, subject, teacher_id, time, view) values (?, ?, ?, ?, ?, ?, ?, ?, ?, ?, ?, ?, ?, ?, ?, ?)
make question 8338
Hibernate: insert into question (answer, choice1, choice2, choice3, choice4, choice5, content, correct, create_date, filepath, modify_date, score, subject, teacher_id, time, view) values (?, ?, ?, ?, ?, ?, ?, ?, ?, ?, ?, ?, ?, ?, ?, ?)
make question 8339
Hibernate: insert into question (answer, choice1, choice2, choice3, choice4, choice5, content, correct, create_date, filepath, modify_date, score, subject, teacher_id, time, view) values (?, ?, ?, ?, ?, ?, ?, ?, ?, ?, ?, ?, ?, ?, ?, ?)
make question 8340
Hibernate: insert into question (answer, choice1, choice2, choice3, choice4, choice5, content, correct, create_date, filepath, modify_date, score, subject, teacher_id, time, view) values (?, ?, ?, ?, ?, ?, ?, ?, ?, ?, ?, ?, ?, ?, ?, ?)
make question 8341
Hibernate: insert into question (answer, choice1, choice2, choice3, choice4, choice5, content, correct, create_date, filepath, modify_date, score, subject, teacher_id, time, view) values (?, ?, ?, ?, ?, ?, ?, ?, ?, ?, ?, ?, ?, ?, ?, ?)
make question 8342
Hibernate: insert into question (answer, choice1, choice2, choice3, choice4, choice5, content, correct, create_date, filepath, modify_date, score, subject, teacher_id, time, view) values (?, ?, ?, ?, ?, ?, ?, ?, ?, ?, ?, ?, ?, ?, ?, ?)
make question 8343
Hibernate: insert into question (answer, choice1, choice2, choice3, choice4, choice5, content, correct, create_date, filepath, modify_date, score, subject, teacher_id, time, view) values (?, ?, ?, ?, ?, ?, ?, ?, ?, ?, ?, ?, ?, ?, ?, ?)
make question 8344
Hibernate: insert into question (answer, choice1, choice2, choice3, choice4, choice5, content, correct, create_date, filepath, modify_date, score, subject, teacher_id, time, view) values (?, ?, ?, ?, ?, ?, ?, ?, ?, ?, ?, ?, ?, ?, ?, ?)
make question 8345
Hibernate: insert into question (answer, choice1, choice2, choice3, choice4, choice5, content, correct, create_date, filepath, modify_date, score, subject, teacher_id, time, view) values (?, ?, ?, ?, ?, ?, ?, ?, ?, ?, ?, ?, ?, ?, ?, ?)
make question 8346
Hibernate: insert into question (answer, choice1, choice2, choice3, choice4, choice5, content, correct, create_date, filepath, modify_date, score, subject, teacher_id, time, view) values (?, ?, ?, ?, ?, ?, ?, ?, ?, ?, ?, ?, ?, ?, ?, ?)
make question 8347
Hibernate: insert into question (answer, choice1, choice2, choice3, choice4, choice5, content, correct, create_date, filepath, modify_date, score, subject, teacher_id, time, view) values (?, ?, ?, ?, ?, ?, ?, ?, ?, ?, ?, ?, ?, ?, ?, ?)
make question 8348
Hibernate: insert into question (answer, choice1, choice2, choice3, choice4, choice5, content, correct, create_date, filepath, modify_date, score, subject, teacher_id, time, view) values (?, ?, ?, ?, ?, ?, ?, ?, ?, ?, ?, ?, ?, ?, ?, ?)
make question 8349
Hibernate: insert into question (answer, choice1, choice2, choice3, choice4, choice5, content, correct, create_date, filepath, modify_date, score, subject, teacher_id, time, view) values (?, ?, ?, ?, ?, ?, ?, ?, ?, ?, ?, ?, ?, ?, ?, ?)
make question 8350
Hibernate: insert into question (answer, choice1, choice2, choice3, choice4, choice5, content, correct, create_date, filepath, modify_date, score, subject, teacher_id, time, view) values (?, ?, ?, ?, ?, ?, ?, ?, ?, ?, ?, ?, ?, ?, ?, ?)
make question 8351
Hibernate: insert into question (answer, choice1, choice2, choice3, choice4, choice5, content, correct, create_date, filepath, modify_date, score, subject, teacher_id, time, view) values (?, ?, ?, ?, ?, ?, ?, ?, ?, ?, ?, ?, ?, ?, ?, ?)
make question 8352
Hibernate: insert into question (answer, choice1, choice2, choice3, choice4, choice5, content, correct, create_date, filepath, modify_date, score, subject, teacher_id, time, view) values (?, ?, ?, ?, ?, ?, ?, ?, ?, ?, ?, ?, ?, ?, ?, ?)
make question 8353
Hibernate: insert into question (answer, choice1, choice2, choice3, choice4, choice5, content, correct, create_date, filepath, modify_date, score, subject, teacher_id, time, view) values (?, ?, ?, ?, ?, ?, ?, ?, ?, ?, ?, ?, ?, ?, ?, ?)
make question 8354
Hibernate: insert into question (answer, choice1, choice2, choice3, choice4, choice5, content, correct, create_date, filepath, modify_date, score, subject, teacher_id, time, view) values (?, ?, ?, ?, ?, ?, ?, ?, ?, ?, ?, ?, ?, ?, ?, ?)
make question 8355
Hibernate: insert into question (answer, choice1, choice2, choice3, choice4, choice5, content, correct, create_date, filepath, modify_date, score, subject, teacher_id, time, view) values (?, ?, ?, ?, ?, ?, ?, ?, ?, ?, ?, ?, ?, ?, ?, ?)
make question 8356
Hibernate: insert into question (answer, choice1, choice2, choice3, choice4, choice5, content, correct, create_date, filepath, modify_date, score, subject, teacher_id, time, view) values (?, ?, ?, ?, ?, ?, ?, ?, ?, ?, ?, ?, ?, ?, ?, ?)
make question 8357
Hibernate: insert into question (answer, choice1, choice2, choice3, choice4, choice5, content, correct, create_date, filepath, modify_date, score, subject, teacher_id, time, view) values (?, ?, ?, ?, ?, ?, ?, ?, ?, ?, ?, ?, ?, ?, ?, ?)
make question 8358
Hibernate: insert into question (answer, choice1, choice2, choice3, choice4, choice5, content, correct, create_date, filepath, modify_date, score, subject, teacher_id, time, view) values (?, ?, ?, ?, ?, ?, ?, ?, ?, ?, ?, ?, ?, ?, ?, ?)
make question 8359
Hibernate: insert into question (answer, choice1, choice2, choice3, choice4, choice5, content, correct, create_date, filepath, modify_date, score, subject, teacher_id, time, view) values (?, ?, ?, ?, ?, ?, ?, ?, ?, ?, ?, ?, ?, ?, ?, ?)
make question 8360
Hibernate: insert into question (answer, choice1, choice2, choice3, choice4, choice5, content, correct, create_date, filepath, modify_date, score, subject, teacher_id, time, view) values (?, ?, ?, ?, ?, ?, ?, ?, ?, ?, ?, ?, ?, ?, ?, ?)
make question 8361
Hibernate: insert into question (answer, choice1, choice2, choice3, choice4, choice5, content, correct, create_date, filepath, modify_date, score, subject, teacher_id, time, view) values (?, ?, ?, ?, ?, ?, ?, ?, ?, ?, ?, ?, ?, ?, ?, ?)
make question 8362
Hibernate: insert into question (answer, choice1, choice2, choice3, choice4, choice5, content, correct, create_date, filepath, modify_date, score, subject, teacher_id, time, view) values (?, ?, ?, ?, ?, ?, ?, ?, ?, ?, ?, ?, ?, ?, ?, ?)
make question 8363
Hibernate: insert into question (answer, choice1, choice2, choice3, choice4, choice5, content, correct, create_date, filepath, modify_date, score, subject, teacher_id, time, view) values (?, ?, ?, ?, ?, ?, ?, ?, ?, ?, ?, ?, ?, ?, ?, ?)
make question 8364
Hibernate: insert into question (answer, choice1, choice2, choice3, choice4, choice5, content, correct, create_date, filepath, modify_date, score, subject, teacher_id, time, view) values (?, ?, ?, ?, ?, ?, ?, ?, ?, ?, ?, ?, ?, ?, ?, ?)
make question 8365
Hibernate: insert into question (answer, choice1, choice2, choice3, choice4, choice5, content, correct, create_date, filepath, modify_date, score, subject, teacher_id, time, view) values (?, ?, ?, ?, ?, ?, ?, ?, ?, ?, ?, ?, ?, ?, ?, ?)
make question 8366
Hibernate: insert into question (answer, choice1, choice2, choice3, choice4, choice5, content, correct, create_date, filepath, modify_date, score, subject, teacher_id, time, view) values (?, ?, ?, ?, ?, ?, ?, ?, ?, ?, ?, ?, ?, ?, ?, ?)
make question 8367
Hibernate: insert into question (answer, choice1, choice2, choice3, choice4, choice5, content, correct, create_date, filepath, modify_date, score, subject, teacher_id, time, view) values (?, ?, ?, ?, ?, ?, ?, ?, ?, ?, ?, ?, ?, ?, ?, ?)
make question 8368
Hibernate: insert into question (answer, choice1, choice2, choice3, choice4, choice5, content, correct, create_date, filepath, modify_date, score, subject, teacher_id, time, view) values (?, ?, ?, ?, ?, ?, ?, ?, ?, ?, ?, ?, ?, ?, ?, ?)
make question 8369
Hibernate: insert into question (answer, choice1, choice2, choice3, choice4, choice5, content, correct, create_date, filepath, modify_date, score, subject, teacher_id, time, view) values (?, ?, ?, ?, ?, ?, ?, ?, ?, ?, ?, ?, ?, ?, ?, ?)
make question 8370
Hibernate: insert into question (answer, choice1, choice2, choice3, choice4, choice5, content, correct, create_date, filepath, modify_date, score, subject, teacher_id, time, view) values (?, ?, ?, ?, ?, ?, ?, ?, ?, ?, ?, ?, ?, ?, ?, ?)
make question 8371
Hibernate: insert into question (answer, choice1, choice2, choice3, choice4, choice5, content, correct, create_date, filepath, modify_date, score, subject, teacher_id, time, view) values (?, ?, ?, ?, ?, ?, ?, ?, ?, ?, ?, ?, ?, ?, ?, ?)
make question 8372
Hibernate: insert into question (answer, choice1, choice2, choice3, choice4, choice5, content, correct, create_date, filepath, modify_date, score, subject, teacher_id, time, view) values (?, ?, ?, ?, ?, ?, ?, ?, ?, ?, ?, ?, ?, ?, ?, ?)
make question 8373
Hibernate: insert into question (answer, choice1, choice2, choice3, choice4, choice5, content, correct, create_date, filepath, modify_date, score, subject, teacher_id, time, view) values (?, ?, ?, ?, ?, ?, ?, ?, ?, ?, ?, ?, ?, ?, ?, ?)
make question 8374
Hibernate: insert into question (answer, choice1, choice2, choice3, choice4, choice5, content, correct, create_date, filepath, modify_date, score, subject, teacher_id, time, view) values (?, ?, ?, ?, ?, ?, ?, ?, ?, ?, ?, ?, ?, ?, ?, ?)
make question 8375
Hibernate: insert into question (answer, choice1, choice2, choice3, choice4, choice5, content, correct, create_date, filepath, modify_date, score, subject, teacher_id, time, view) values (?, ?, ?, ?, ?, ?, ?, ?, ?, ?, ?, ?, ?, ?, ?, ?)
make question 8376
Hibernate: insert into question (answer, choice1, choice2, choice3, choice4, choice5, content, correct, create_date, filepath, modify_date, score, subject, teacher_id, time, view) values (?, ?, ?, ?, ?, ?, ?, ?, ?, ?, ?, ?, ?, ?, ?, ?)
make question 8377
Hibernate: insert into question (answer, choice1, choice2, choice3, choice4, choice5, content, correct, create_date, filepath, modify_date, score, subject, teacher_id, time, view) values (?, ?, ?, ?, ?, ?, ?, ?, ?, ?, ?, ?, ?, ?, ?, ?)
make question 8378
Hibernate: insert into question (answer, choice1, choice2, choice3, choice4, choice5, content, correct, create_date, filepath, modify_date, score, subject, teacher_id, time, view) values (?, ?, ?, ?, ?, ?, ?, ?, ?, ?, ?, ?, ?, ?, ?, ?)
make question 8379
Hibernate: insert into question (answer, choice1, choice2, choice3, choice4, choice5, content, correct, create_date, filepath, modify_date, score, subject, teacher_id, time, view) values (?, ?, ?, ?, ?, ?, ?, ?, ?, ?, ?, ?, ?, ?, ?, ?)
make question 8380
Hibernate: insert into question (answer, choice1, choice2, choice3, choice4, choice5, content, correct, create_date, filepath, modify_date, score, subject, teacher_id, time, view) values (?, ?, ?, ?, ?, ?, ?, ?, ?, ?, ?, ?, ?, ?, ?, ?)
make question 8381
Hibernate: insert into question (answer, choice1, choice2, choice3, choice4, choice5, content, correct, create_date, filepath, modify_date, score, subject, teacher_id, time, view) values (?, ?, ?, ?, ?, ?, ?, ?, ?, ?, ?, ?, ?, ?, ?, ?)
make question 8382
Hibernate: insert into question (answer, choice1, choice2, choice3, choice4, choice5, content, correct, create_date, filepath, modify_date, score, subject, teacher_id, time, view) values (?, ?, ?, ?, ?, ?, ?, ?, ?, ?, ?, ?, ?, ?, ?, ?)
make question 8383
Hibernate: insert into question (answer, choice1, choice2, choice3, choice4, choice5, content, correct, create_date, filepath, modify_date, score, subject, teacher_id, time, view) values (?, ?, ?, ?, ?, ?, ?, ?, ?, ?, ?, ?, ?, ?, ?, ?)
make question 8384
Hibernate: insert into question (answer, choice1, choice2, choice3, choice4, choice5, content, correct, create_date, filepath, modify_date, score, subject, teacher_id, time, view) values (?, ?, ?, ?, ?, ?, ?, ?, ?, ?, ?, ?, ?, ?, ?, ?)
make question 8385
Hibernate: insert into question (answer, choice1, choice2, choice3, choice4, choice5, content, correct, create_date, filepath, modify_date, score, subject, teacher_id, time, view) values (?, ?, ?, ?, ?, ?, ?, ?, ?, ?, ?, ?, ?, ?, ?, ?)
make question 8386
Hibernate: insert into question (answer, choice1, choice2, choice3, choice4, choice5, content, correct, create_date, filepath, modify_date, score, subject, teacher_id, time, view) values (?, ?, ?, ?, ?, ?, ?, ?, ?, ?, ?, ?, ?, ?, ?, ?)
make question 8387
Hibernate: insert into question (answer, choice1, choice2, choice3, choice4, choice5, content, correct, create_date, filepath, modify_date, score, subject, teacher_id, time, view) values (?, ?, ?, ?, ?, ?, ?, ?, ?, ?, ?, ?, ?, ?, ?, ?)
make question 8388
Hibernate: insert into question (answer, choice1, choice2, choice3, choice4, choice5, content, correct, create_date, filepath, modify_date, score, subject, teacher_id, time, view) values (?, ?, ?, ?, ?, ?, ?, ?, ?, ?, ?, ?, ?, ?, ?, ?)
make question 8389
Hibernate: insert into question (answer, choice1, choice2, choice3, choice4, choice5, content, correct, create_date, filepath, modify_date, score, subject, teacher_id, time, view) values (?, ?, ?, ?, ?, ?, ?, ?, ?, ?, ?, ?, ?, ?, ?, ?)
make question 8390
Hibernate: insert into question (answer, choice1, choice2, choice3, choice4, choice5, content, correct, create_date, filepath, modify_date, score, subject, teacher_id, time, view) values (?, ?, ?, ?, ?, ?, ?, ?, ?, ?, ?, ?, ?, ?, ?, ?)
make question 8391
Hibernate: insert into question (answer, choice1, choice2, choice3, choice4, choice5, content, correct, create_date, filepath, modify_date, score, subject, teacher_id, time, view) values (?, ?, ?, ?, ?, ?, ?, ?, ?, ?, ?, ?, ?, ?, ?, ?)
make question 8392
Hibernate: insert into question (answer, choice1, choice2, choice3, choice4, choice5, content, correct, create_date, filepath, modify_date, score, subject, teacher_id, time, view) values (?, ?, ?, ?, ?, ?, ?, ?, ?, ?, ?, ?, ?, ?, ?, ?)
make question 8393
Hibernate: insert into question (answer, choice1, choice2, choice3, choice4, choice5, content, correct, create_date, filepath, modify_date, score, subject, teacher_id, time, view) values (?, ?, ?, ?, ?, ?, ?, ?, ?, ?, ?, ?, ?, ?, ?, ?)
make question 8394
Hibernate: insert into question (answer, choice1, choice2, choice3, choice4, choice5, content, correct, create_date, filepath, modify_date, score, subject, teacher_id, time, view) values (?, ?, ?, ?, ?, ?, ?, ?, ?, ?, ?, ?, ?, ?, ?, ?)
make question 8395
Hibernate: insert into question (answer, choice1, choice2, choice3, choice4, choice5, content, correct, create_date, filepath, modify_date, score, subject, teacher_id, time, view) values (?, ?, ?, ?, ?, ?, ?, ?, ?, ?, ?, ?, ?, ?, ?, ?)
make question 8396
Hibernate: insert into question (answer, choice1, choice2, choice3, choice4, choice5, content, correct, create_date, filepath, modify_date, score, subject, teacher_id, time, view) values (?, ?, ?, ?, ?, ?, ?, ?, ?, ?, ?, ?, ?, ?, ?, ?)
make question 8397
Hibernate: insert into question (answer, choice1, choice2, choice3, choice4, choice5, content, correct, create_date, filepath, modify_date, score, subject, teacher_id, time, view) values (?, ?, ?, ?, ?, ?, ?, ?, ?, ?, ?, ?, ?, ?, ?, ?)
make question 8398
Hibernate: insert into question (answer, choice1, choice2, choice3, choice4, choice5, content, correct, create_date, filepath, modify_date, score, subject, teacher_id, time, view) values (?, ?, ?, ?, ?, ?, ?, ?, ?, ?, ?, ?, ?, ?, ?, ?)
make question 8399
Hibernate: insert into question (answer, choice1, choice2, choice3, choice4, choice5, content, correct, create_date, filepath, modify_date, score, subject, teacher_id, time, view) values (?, ?, ?, ?, ?, ?, ?, ?, ?, ?, ?, ?, ?, ?, ?, ?)
make question 8400
Hibernate: insert into question (answer, choice1, choice2, choice3, choice4, choice5, content, correct, create_date, filepath, modify_date, score, subject, teacher_id, time, view) values (?, ?, ?, ?, ?, ?, ?, ?, ?, ?, ?, ?, ?, ?, ?, ?)
make question 8401
Hibernate: insert into question (answer, choice1, choice2, choice3, choice4, choice5, content, correct, create_date, filepath, modify_date, score, subject, teacher_id, time, view) values (?, ?, ?, ?, ?, ?, ?, ?, ?, ?, ?, ?, ?, ?, ?, ?)
make question 8402
Hibernate: insert into question (answer, choice1, choice2, choice3, choice4, choice5, content, correct, create_date, filepath, modify_date, score, subject, teacher_id, time, view) values (?, ?, ?, ?, ?, ?, ?, ?, ?, ?, ?, ?, ?, ?, ?, ?)
make question 8403
Hibernate: insert into question (answer, choice1, choice2, choice3, choice4, choice5, content, correct, create_date, filepath, modify_date, score, subject, teacher_id, time, view) values (?, ?, ?, ?, ?, ?, ?, ?, ?, ?, ?, ?, ?, ?, ?, ?)
make question 8404
Hibernate: insert into question (answer, choice1, choice2, choice3, choice4, choice5, content, correct, create_date, filepath, modify_date, score, subject, teacher_id, time, view) values (?, ?, ?, ?, ?, ?, ?, ?, ?, ?, ?, ?, ?, ?, ?, ?)
make question 8405
Hibernate: insert into question (answer, choice1, choice2, choice3, choice4, choice5, content, correct, create_date, filepath, modify_date, score, subject, teacher_id, time, view) values (?, ?, ?, ?, ?, ?, ?, ?, ?, ?, ?, ?, ?, ?, ?, ?)
make question 8406
Hibernate: insert into question (answer, choice1, choice2, choice3, choice4, choice5, content, correct, create_date, filepath, modify_date, score, subject, teacher_id, time, view) values (?, ?, ?, ?, ?, ?, ?, ?, ?, ?, ?, ?, ?, ?, ?, ?)
make question 8407
Hibernate: insert into question (answer, choice1, choice2, choice3, choice4, choice5, content, correct, create_date, filepath, modify_date, score, subject, teacher_id, time, view) values (?, ?, ?, ?, ?, ?, ?, ?, ?, ?, ?, ?, ?, ?, ?, ?)
make question 8408
Hibernate: insert into question (answer, choice1, choice2, choice3, choice4, choice5, content, correct, create_date, filepath, modify_date, score, subject, teacher_id, time, view) values (?, ?, ?, ?, ?, ?, ?, ?, ?, ?, ?, ?, ?, ?, ?, ?)
make question 8409
Hibernate: insert into question (answer, choice1, choice2, choice3, choice4, choice5, content, correct, create_date, filepath, modify_date, score, subject, teacher_id, time, view) values (?, ?, ?, ?, ?, ?, ?, ?, ?, ?, ?, ?, ?, ?, ?, ?)
make question 8410
Hibernate: insert into question (answer, choice1, choice2, choice3, choice4, choice5, content, correct, create_date, filepath, modify_date, score, subject, teacher_id, time, view) values (?, ?, ?, ?, ?, ?, ?, ?, ?, ?, ?, ?, ?, ?, ?, ?)
make question 8411
Hibernate: insert into question (answer, choice1, choice2, choice3, choice4, choice5, content, correct, create_date, filepath, modify_date, score, subject, teacher_id, time, view) values (?, ?, ?, ?, ?, ?, ?, ?, ?, ?, ?, ?, ?, ?, ?, ?)
make question 8412
Hibernate: insert into question (answer, choice1, choice2, choice3, choice4, choice5, content, correct, create_date, filepath, modify_date, score, subject, teacher_id, time, view) values (?, ?, ?, ?, ?, ?, ?, ?, ?, ?, ?, ?, ?, ?, ?, ?)
make question 8413
Hibernate: insert into question (answer, choice1, choice2, choice3, choice4, choice5, content, correct, create_date, filepath, modify_date, score, subject, teacher_id, time, view) values (?, ?, ?, ?, ?, ?, ?, ?, ?, ?, ?, ?, ?, ?, ?, ?)
make question 8414
Hibernate: insert into question (answer, choice1, choice2, choice3, choice4, choice5, content, correct, create_date, filepath, modify_date, score, subject, teacher_id, time, view) values (?, ?, ?, ?, ?, ?, ?, ?, ?, ?, ?, ?, ?, ?, ?, ?)
make question 8415
Hibernate: insert into question (answer, choice1, choice2, choice3, choice4, choice5, content, correct, create_date, filepath, modify_date, score, subject, teacher_id, time, view) values (?, ?, ?, ?, ?, ?, ?, ?, ?, ?, ?, ?, ?, ?, ?, ?)
make question 8416
Hibernate: insert into question (answer, choice1, choice2, choice3, choice4, choice5, content, correct, create_date, filepath, modify_date, score, subject, teacher_id, time, view) values (?, ?, ?, ?, ?, ?, ?, ?, ?, ?, ?, ?, ?, ?, ?, ?)
make question 8417
Hibernate: insert into question (answer, choice1, choice2, choice3, choice4, choice5, content, correct, create_date, filepath, modify_date, score, subject, teacher_id, time, view) values (?, ?, ?, ?, ?, ?, ?, ?, ?, ?, ?, ?, ?, ?, ?, ?)
make question 8418
Hibernate: insert into question (answer, choice1, choice2, choice3, choice4, choice5, content, correct, create_date, filepath, modify_date, score, subject, teacher_id, time, view) values (?, ?, ?, ?, ?, ?, ?, ?, ?, ?, ?, ?, ?, ?, ?, ?)
make question 8419
Hibernate: insert into question (answer, choice1, choice2, choice3, choice4, choice5, content, correct, create_date, filepath, modify_date, score, subject, teacher_id, time, view) values (?, ?, ?, ?, ?, ?, ?, ?, ?, ?, ?, ?, ?, ?, ?, ?)
make question 8420
Hibernate: insert into question (answer, choice1, choice2, choice3, choice4, choice5, content, correct, create_date, filepath, modify_date, score, subject, teacher_id, time, view) values (?, ?, ?, ?, ?, ?, ?, ?, ?, ?, ?, ?, ?, ?, ?, ?)
make question 8421
Hibernate: insert into question (answer, choice1, choice2, choice3, choice4, choice5, content, correct, create_date, filepath, modify_date, score, subject, teacher_id, time, view) values (?, ?, ?, ?, ?, ?, ?, ?, ?, ?, ?, ?, ?, ?, ?, ?)
make question 8422
Hibernate: insert into question (answer, choice1, choice2, choice3, choice4, choice5, content, correct, create_date, filepath, modify_date, score, subject, teacher_id, time, view) values (?, ?, ?, ?, ?, ?, ?, ?, ?, ?, ?, ?, ?, ?, ?, ?)
make question 8423
Hibernate: insert into question (answer, choice1, choice2, choice3, choice4, choice5, content, correct, create_date, filepath, modify_date, score, subject, teacher_id, time, view) values (?, ?, ?, ?, ?, ?, ?, ?, ?, ?, ?, ?, ?, ?, ?, ?)
make question 8424
Hibernate: insert into question (answer, choice1, choice2, choice3, choice4, choice5, content, correct, create_date, filepath, modify_date, score, subject, teacher_id, time, view) values (?, ?, ?, ?, ?, ?, ?, ?, ?, ?, ?, ?, ?, ?, ?, ?)
make question 8425
Hibernate: insert into question (answer, choice1, choice2, choice3, choice4, choice5, content, correct, create_date, filepath, modify_date, score, subject, teacher_id, time, view) values (?, ?, ?, ?, ?, ?, ?, ?, ?, ?, ?, ?, ?, ?, ?, ?)
make question 8426
Hibernate: insert into question (answer, choice1, choice2, choice3, choice4, choice5, content, correct, create_date, filepath, modify_date, score, subject, teacher_id, time, view) values (?, ?, ?, ?, ?, ?, ?, ?, ?, ?, ?, ?, ?, ?, ?, ?)
make question 8427
Hibernate: insert into question (answer, choice1, choice2, choice3, choice4, choice5, content, correct, create_date, filepath, modify_date, score, subject, teacher_id, time, view) values (?, ?, ?, ?, ?, ?, ?, ?, ?, ?, ?, ?, ?, ?, ?, ?)
make question 8428
Hibernate: insert into question (answer, choice1, choice2, choice3, choice4, choice5, content, correct, create_date, filepath, modify_date, score, subject, teacher_id, time, view) values (?, ?, ?, ?, ?, ?, ?, ?, ?, ?, ?, ?, ?, ?, ?, ?)
make question 8429
Hibernate: insert into question (answer, choice1, choice2, choice3, choice4, choice5, content, correct, create_date, filepath, modify_date, score, subject, teacher_id, time, view) values (?, ?, ?, ?, ?, ?, ?, ?, ?, ?, ?, ?, ?, ?, ?, ?)
make question 8430
Hibernate: insert into question (answer, choice1, choice2, choice3, choice4, choice5, content, correct, create_date, filepath, modify_date, score, subject, teacher_id, time, view) values (?, ?, ?, ?, ?, ?, ?, ?, ?, ?, ?, ?, ?, ?, ?, ?)
make question 8431
Hibernate: insert into question (answer, choice1, choice2, choice3, choice4, choice5, content, correct, create_date, filepath, modify_date, score, subject, teacher_id, time, view) values (?, ?, ?, ?, ?, ?, ?, ?, ?, ?, ?, ?, ?, ?, ?, ?)
make question 8432
Hibernate: insert into question (answer, choice1, choice2, choice3, choice4, choice5, content, correct, create_date, filepath, modify_date, score, subject, teacher_id, time, view) values (?, ?, ?, ?, ?, ?, ?, ?, ?, ?, ?, ?, ?, ?, ?, ?)
make question 8433
Hibernate: insert into question (answer, choice1, choice2, choice3, choice4, choice5, content, correct, create_date, filepath, modify_date, score, subject, teacher_id, time, view) values (?, ?, ?, ?, ?, ?, ?, ?, ?, ?, ?, ?, ?, ?, ?, ?)
make question 8434
Hibernate: insert into question (answer, choice1, choice2, choice3, choice4, choice5, content, correct, create_date, filepath, modify_date, score, subject, teacher_id, time, view) values (?, ?, ?, ?, ?, ?, ?, ?, ?, ?, ?, ?, ?, ?, ?, ?)
make question 8435
Hibernate: insert into question (answer, choice1, choice2, choice3, choice4, choice5, content, correct, create_date, filepath, modify_date, score, subject, teacher_id, time, view) values (?, ?, ?, ?, ?, ?, ?, ?, ?, ?, ?, ?, ?, ?, ?, ?)
make question 8436
Hibernate: insert into question (answer, choice1, choice2, choice3, choice4, choice5, content, correct, create_date, filepath, modify_date, score, subject, teacher_id, time, view) values (?, ?, ?, ?, ?, ?, ?, ?, ?, ?, ?, ?, ?, ?, ?, ?)
make question 8437
Hibernate: insert into question (answer, choice1, choice2, choice3, choice4, choice5, content, correct, create_date, filepath, modify_date, score, subject, teacher_id, time, view) values (?, ?, ?, ?, ?, ?, ?, ?, ?, ?, ?, ?, ?, ?, ?, ?)
make question 8438
Hibernate: insert into question (answer, choice1, choice2, choice3, choice4, choice5, content, correct, create_date, filepath, modify_date, score, subject, teacher_id, time, view) values (?, ?, ?, ?, ?, ?, ?, ?, ?, ?, ?, ?, ?, ?, ?, ?)
make question 8439
Hibernate: insert into question (answer, choice1, choice2, choice3, choice4, choice5, content, correct, create_date, filepath, modify_date, score, subject, teacher_id, time, view) values (?, ?, ?, ?, ?, ?, ?, ?, ?, ?, ?, ?, ?, ?, ?, ?)
make question 8440
Hibernate: insert into question (answer, choice1, choice2, choice3, choice4, choice5, content, correct, create_date, filepath, modify_date, score, subject, teacher_id, time, view) values (?, ?, ?, ?, ?, ?, ?, ?, ?, ?, ?, ?, ?, ?, ?, ?)
make question 8441
Hibernate: insert into question (answer, choice1, choice2, choice3, choice4, choice5, content, correct, create_date, filepath, modify_date, score, subject, teacher_id, time, view) values (?, ?, ?, ?, ?, ?, ?, ?, ?, ?, ?, ?, ?, ?, ?, ?)
make question 8442
Hibernate: insert into question (answer, choice1, choice2, choice3, choice4, choice5, content, correct, create_date, filepath, modify_date, score, subject, teacher_id, time, view) values (?, ?, ?, ?, ?, ?, ?, ?, ?, ?, ?, ?, ?, ?, ?, ?)
make question 8443
Hibernate: insert into question (answer, choice1, choice2, choice3, choice4, choice5, content, correct, create_date, filepath, modify_date, score, subject, teacher_id, time, view) values (?, ?, ?, ?, ?, ?, ?, ?, ?, ?, ?, ?, ?, ?, ?, ?)
make question 8444
Hibernate: insert into question (answer, choice1, choice2, choice3, choice4, choice5, content, correct, create_date, filepath, modify_date, score, subject, teacher_id, time, view) values (?, ?, ?, ?, ?, ?, ?, ?, ?, ?, ?, ?, ?, ?, ?, ?)
make question 8445
Hibernate: insert into question (answer, choice1, choice2, choice3, choice4, choice5, content, correct, create_date, filepath, modify_date, score, subject, teacher_id, time, view) values (?, ?, ?, ?, ?, ?, ?, ?, ?, ?, ?, ?, ?, ?, ?, ?)
make question 8446
Hibernate: insert into question (answer, choice1, choice2, choice3, choice4, choice5, content, correct, create_date, filepath, modify_date, score, subject, teacher_id, time, view) values (?, ?, ?, ?, ?, ?, ?, ?, ?, ?, ?, ?, ?, ?, ?, ?)
make question 8447
Hibernate: insert into question (answer, choice1, choice2, choice3, choice4, choice5, content, correct, create_date, filepath, modify_date, score, subject, teacher_id, time, view) values (?, ?, ?, ?, ?, ?, ?, ?, ?, ?, ?, ?, ?, ?, ?, ?)
make question 8448
Hibernate: insert into question (answer, choice1, choice2, choice3, choice4, choice5, content, correct, create_date, filepath, modify_date, score, subject, teacher_id, time, view) values (?, ?, ?, ?, ?, ?, ?, ?, ?, ?, ?, ?, ?, ?, ?, ?)
make question 8449
Hibernate: insert into question (answer, choice1, choice2, choice3, choice4, choice5, content, correct, create_date, filepath, modify_date, score, subject, teacher_id, time, view) values (?, ?, ?, ?, ?, ?, ?, ?, ?, ?, ?, ?, ?, ?, ?, ?)
make question 8450
Hibernate: insert into question (answer, choice1, choice2, choice3, choice4, choice5, content, correct, create_date, filepath, modify_date, score, subject, teacher_id, time, view) values (?, ?, ?, ?, ?, ?, ?, ?, ?, ?, ?, ?, ?, ?, ?, ?)
make question 8451
Hibernate: insert into question (answer, choice1, choice2, choice3, choice4, choice5, content, correct, create_date, filepath, modify_date, score, subject, teacher_id, time, view) values (?, ?, ?, ?, ?, ?, ?, ?, ?, ?, ?, ?, ?, ?, ?, ?)
make question 8452
Hibernate: insert into question (answer, choice1, choice2, choice3, choice4, choice5, content, correct, create_date, filepath, modify_date, score, subject, teacher_id, time, view) values (?, ?, ?, ?, ?, ?, ?, ?, ?, ?, ?, ?, ?, ?, ?, ?)
make question 8453
Hibernate: insert into question (answer, choice1, choice2, choice3, choice4, choice5, content, correct, create_date, filepath, modify_date, score, subject, teacher_id, time, view) values (?, ?, ?, ?, ?, ?, ?, ?, ?, ?, ?, ?, ?, ?, ?, ?)
make question 8454
Hibernate: insert into question (answer, choice1, choice2, choice3, choice4, choice5, content, correct, create_date, filepath, modify_date, score, subject, teacher_id, time, view) values (?, ?, ?, ?, ?, ?, ?, ?, ?, ?, ?, ?, ?, ?, ?, ?)
make question 8455
Hibernate: insert into question (answer, choice1, choice2, choice3, choice4, choice5, content, correct, create_date, filepath, modify_date, score, subject, teacher_id, time, view) values (?, ?, ?, ?, ?, ?, ?, ?, ?, ?, ?, ?, ?, ?, ?, ?)
make question 8456
Hibernate: insert into question (answer, choice1, choice2, choice3, choice4, choice5, content, correct, create_date, filepath, modify_date, score, subject, teacher_id, time, view) values (?, ?, ?, ?, ?, ?, ?, ?, ?, ?, ?, ?, ?, ?, ?, ?)
make question 8457
Hibernate: insert into question (answer, choice1, choice2, choice3, choice4, choice5, content, correct, create_date, filepath, modify_date, score, subject, teacher_id, time, view) values (?, ?, ?, ?, ?, ?, ?, ?, ?, ?, ?, ?, ?, ?, ?, ?)
make question 8458
Hibernate: insert into question (answer, choice1, choice2, choice3, choice4, choice5, content, correct, create_date, filepath, modify_date, score, subject, teacher_id, time, view) values (?, ?, ?, ?, ?, ?, ?, ?, ?, ?, ?, ?, ?, ?, ?, ?)
make question 8459
Hibernate: insert into question (answer, choice1, choice2, choice3, choice4, choice5, content, correct, create_date, filepath, modify_date, score, subject, teacher_id, time, view) values (?, ?, ?, ?, ?, ?, ?, ?, ?, ?, ?, ?, ?, ?, ?, ?)
make question 8460
Hibernate: insert into question (answer, choice1, choice2, choice3, choice4, choice5, content, correct, create_date, filepath, modify_date, score, subject, teacher_id, time, view) values (?, ?, ?, ?, ?, ?, ?, ?, ?, ?, ?, ?, ?, ?, ?, ?)
make question 8461
Hibernate: insert into question (answer, choice1, choice2, choice3, choice4, choice5, content, correct, create_date, filepath, modify_date, score, subject, teacher_id, time, view) values (?, ?, ?, ?, ?, ?, ?, ?, ?, ?, ?, ?, ?, ?, ?, ?)
make question 8462
Hibernate: insert into question (answer, choice1, choice2, choice3, choice4, choice5, content, correct, create_date, filepath, modify_date, score, subject, teacher_id, time, view) values (?, ?, ?, ?, ?, ?, ?, ?, ?, ?, ?, ?, ?, ?, ?, ?)
make question 8463
Hibernate: insert into question (answer, choice1, choice2, choice3, choice4, choice5, content, correct, create_date, filepath, modify_date, score, subject, teacher_id, time, view) values (?, ?, ?, ?, ?, ?, ?, ?, ?, ?, ?, ?, ?, ?, ?, ?)
make question 8464
Hibernate: insert into question (answer, choice1, choice2, choice3, choice4, choice5, content, correct, create_date, filepath, modify_date, score, subject, teacher_id, time, view) values (?, ?, ?, ?, ?, ?, ?, ?, ?, ?, ?, ?, ?, ?, ?, ?)
make question 8465
Hibernate: insert into question (answer, choice1, choice2, choice3, choice4, choice5, content, correct, create_date, filepath, modify_date, score, subject, teacher_id, time, view) values (?, ?, ?, ?, ?, ?, ?, ?, ?, ?, ?, ?, ?, ?, ?, ?)
make question 8466
Hibernate: insert into question (answer, choice1, choice2, choice3, choice4, choice5, content, correct, create_date, filepath, modify_date, score, subject, teacher_id, time, view) values (?, ?, ?, ?, ?, ?, ?, ?, ?, ?, ?, ?, ?, ?, ?, ?)
make question 8467
Hibernate: insert into question (answer, choice1, choice2, choice3, choice4, choice5, content, correct, create_date, filepath, modify_date, score, subject, teacher_id, time, view) values (?, ?, ?, ?, ?, ?, ?, ?, ?, ?, ?, ?, ?, ?, ?, ?)
make question 8468
Hibernate: insert into question (answer, choice1, choice2, choice3, choice4, choice5, content, correct, create_date, filepath, modify_date, score, subject, teacher_id, time, view) values (?, ?, ?, ?, ?, ?, ?, ?, ?, ?, ?, ?, ?, ?, ?, ?)
make question 8469
Hibernate: insert into question (answer, choice1, choice2, choice3, choice4, choice5, content, correct, create_date, filepath, modify_date, score, subject, teacher_id, time, view) values (?, ?, ?, ?, ?, ?, ?, ?, ?, ?, ?, ?, ?, ?, ?, ?)
make question 8470
Hibernate: insert into question (answer, choice1, choice2, choice3, choice4, choice5, content, correct, create_date, filepath, modify_date, score, subject, teacher_id, time, view) values (?, ?, ?, ?, ?, ?, ?, ?, ?, ?, ?, ?, ?, ?, ?, ?)
make question 8471
Hibernate: insert into question (answer, choice1, choice2, choice3, choice4, choice5, content, correct, create_date, filepath, modify_date, score, subject, teacher_id, time, view) values (?, ?, ?, ?, ?, ?, ?, ?, ?, ?, ?, ?, ?, ?, ?, ?)
make question 8472
Hibernate: insert into question (answer, choice1, choice2, choice3, choice4, choice5, content, correct, create_date, filepath, modify_date, score, subject, teacher_id, time, view) values (?, ?, ?, ?, ?, ?, ?, ?, ?, ?, ?, ?, ?, ?, ?, ?)
make question 8473
Hibernate: insert into question (answer, choice1, choice2, choice3, choice4, choice5, content, correct, create_date, filepath, modify_date, score, subject, teacher_id, time, view) values (?, ?, ?, ?, ?, ?, ?, ?, ?, ?, ?, ?, ?, ?, ?, ?)
make question 8474
Hibernate: insert into question (answer, choice1, choice2, choice3, choice4, choice5, content, correct, create_date, filepath, modify_date, score, subject, teacher_id, time, view) values (?, ?, ?, ?, ?, ?, ?, ?, ?, ?, ?, ?, ?, ?, ?, ?)
make question 8475
Hibernate: insert into question (answer, choice1, choice2, choice3, choice4, choice5, content, correct, create_date, filepath, modify_date, score, subject, teacher_id, time, view) values (?, ?, ?, ?, ?, ?, ?, ?, ?, ?, ?, ?, ?, ?, ?, ?)
make question 8476
Hibernate: insert into question (answer, choice1, choice2, choice3, choice4, choice5, content, correct, create_date, filepath, modify_date, score, subject, teacher_id, time, view) values (?, ?, ?, ?, ?, ?, ?, ?, ?, ?, ?, ?, ?, ?, ?, ?)
make question 8477
Hibernate: insert into question (answer, choice1, choice2, choice3, choice4, choice5, content, correct, create_date, filepath, modify_date, score, subject, teacher_id, time, view) values (?, ?, ?, ?, ?, ?, ?, ?, ?, ?, ?, ?, ?, ?, ?, ?)
make question 8478
Hibernate: insert into question (answer, choice1, choice2, choice3, choice4, choice5, content, correct, create_date, filepath, modify_date, score, subject, teacher_id, time, view) values (?, ?, ?, ?, ?, ?, ?, ?, ?, ?, ?, ?, ?, ?, ?, ?)
make question 8479
Hibernate: insert into question (answer, choice1, choice2, choice3, choice4, choice5, content, correct, create_date, filepath, modify_date, score, subject, teacher_id, time, view) values (?, ?, ?, ?, ?, ?, ?, ?, ?, ?, ?, ?, ?, ?, ?, ?)
make question 8480
Hibernate: insert into question (answer, choice1, choice2, choice3, choice4, choice5, content, correct, create_date, filepath, modify_date, score, subject, teacher_id, time, view) values (?, ?, ?, ?, ?, ?, ?, ?, ?, ?, ?, ?, ?, ?, ?, ?)
make question 8481
Hibernate: insert into question (answer, choice1, choice2, choice3, choice4, choice5, content, correct, create_date, filepath, modify_date, score, subject, teacher_id, time, view) values (?, ?, ?, ?, ?, ?, ?, ?, ?, ?, ?, ?, ?, ?, ?, ?)
make question 8482
Hibernate: insert into question (answer, choice1, choice2, choice3, choice4, choice5, content, correct, create_date, filepath, modify_date, score, subject, teacher_id, time, view) values (?, ?, ?, ?, ?, ?, ?, ?, ?, ?, ?, ?, ?, ?, ?, ?)
make question 8483
Hibernate: insert into question (answer, choice1, choice2, choice3, choice4, choice5, content, correct, create_date, filepath, modify_date, score, subject, teacher_id, time, view) values (?, ?, ?, ?, ?, ?, ?, ?, ?, ?, ?, ?, ?, ?, ?, ?)
make question 8484
Hibernate: insert into question (answer, choice1, choice2, choice3, choice4, choice5, content, correct, create_date, filepath, modify_date, score, subject, teacher_id, time, view) values (?, ?, ?, ?, ?, ?, ?, ?, ?, ?, ?, ?, ?, ?, ?, ?)
make question 8485
Hibernate: insert into question (answer, choice1, choice2, choice3, choice4, choice5, content, correct, create_date, filepath, modify_date, score, subject, teacher_id, time, view) values (?, ?, ?, ?, ?, ?, ?, ?, ?, ?, ?, ?, ?, ?, ?, ?)
make question 8486
Hibernate: insert into question (answer, choice1, choice2, choice3, choice4, choice5, content, correct, create_date, filepath, modify_date, score, subject, teacher_id, time, view) values (?, ?, ?, ?, ?, ?, ?, ?, ?, ?, ?, ?, ?, ?, ?, ?)
make question 8487
Hibernate: insert into question (answer, choice1, choice2, choice3, choice4, choice5, content, correct, create_date, filepath, modify_date, score, subject, teacher_id, time, view) values (?, ?, ?, ?, ?, ?, ?, ?, ?, ?, ?, ?, ?, ?, ?, ?)
make question 8488
Hibernate: insert into question (answer, choice1, choice2, choice3, choice4, choice5, content, correct, create_date, filepath, modify_date, score, subject, teacher_id, time, view) values (?, ?, ?, ?, ?, ?, ?, ?, ?, ?, ?, ?, ?, ?, ?, ?)
make question 8489
Hibernate: insert into question (answer, choice1, choice2, choice3, choice4, choice5, content, correct, create_date, filepath, modify_date, score, subject, teacher_id, time, view) values (?, ?, ?, ?, ?, ?, ?, ?, ?, ?, ?, ?, ?, ?, ?, ?)
make question 8490
Hibernate: insert into question (answer, choice1, choice2, choice3, choice4, choice5, content, correct, create_date, filepath, modify_date, score, subject, teacher_id, time, view) values (?, ?, ?, ?, ?, ?, ?, ?, ?, ?, ?, ?, ?, ?, ?, ?)
make question 8491
Hibernate: insert into question (answer, choice1, choice2, choice3, choice4, choice5, content, correct, create_date, filepath, modify_date, score, subject, teacher_id, time, view) values (?, ?, ?, ?, ?, ?, ?, ?, ?, ?, ?, ?, ?, ?, ?, ?)
make question 8492
Hibernate: insert into question (answer, choice1, choice2, choice3, choice4, choice5, content, correct, create_date, filepath, modify_date, score, subject, teacher_id, time, view) values (?, ?, ?, ?, ?, ?, ?, ?, ?, ?, ?, ?, ?, ?, ?, ?)
make question 8493
Hibernate: insert into question (answer, choice1, choice2, choice3, choice4, choice5, content, correct, create_date, filepath, modify_date, score, subject, teacher_id, time, view) values (?, ?, ?, ?, ?, ?, ?, ?, ?, ?, ?, ?, ?, ?, ?, ?)
make question 8494
Hibernate: insert into question (answer, choice1, choice2, choice3, choice4, choice5, content, correct, create_date, filepath, modify_date, score, subject, teacher_id, time, view) values (?, ?, ?, ?, ?, ?, ?, ?, ?, ?, ?, ?, ?, ?, ?, ?)
make question 8495
Hibernate: insert into question (answer, choice1, choice2, choice3, choice4, choice5, content, correct, create_date, filepath, modify_date, score, subject, teacher_id, time, view) values (?, ?, ?, ?, ?, ?, ?, ?, ?, ?, ?, ?, ?, ?, ?, ?)
make question 8496
Hibernate: insert into question (answer, choice1, choice2, choice3, choice4, choice5, content, correct, create_date, filepath, modify_date, score, subject, teacher_id, time, view) values (?, ?, ?, ?, ?, ?, ?, ?, ?, ?, ?, ?, ?, ?, ?, ?)
make question 8497
Hibernate: insert into question (answer, choice1, choice2, choice3, choice4, choice5, content, correct, create_date, filepath, modify_date, score, subject, teacher_id, time, view) values (?, ?, ?, ?, ?, ?, ?, ?, ?, ?, ?, ?, ?, ?, ?, ?)
make question 8498
Hibernate: insert into question (answer, choice1, choice2, choice3, choice4, choice5, content, correct, create_date, filepath, modify_date, score, subject, teacher_id, time, view) values (?, ?, ?, ?, ?, ?, ?, ?, ?, ?, ?, ?, ?, ?, ?, ?)
make question 8499
Hibernate: insert into question (answer, choice1, choice2, choice3, choice4, choice5, content, correct, create_date, filepath, modify_date, score, subject, teacher_id, time, view) values (?, ?, ?, ?, ?, ?, ?, ?, ?, ?, ?, ?, ?, ?, ?, ?)
make question 8500
Hibernate: insert into question (answer, choice1, choice2, choice3, choice4, choice5, content, correct, create_date, filepath, modify_date, score, subject, teacher_id, time, view) values (?, ?, ?, ?, ?, ?, ?, ?, ?, ?, ?, ?, ?, ?, ?, ?)
make question 8501
Hibernate: insert into question (answer, choice1, choice2, choice3, choice4, choice5, content, correct, create_date, filepath, modify_date, score, subject, teacher_id, time, view) values (?, ?, ?, ?, ?, ?, ?, ?, ?, ?, ?, ?, ?, ?, ?, ?)
make question 8502
Hibernate: insert into question (answer, choice1, choice2, choice3, choice4, choice5, content, correct, create_date, filepath, modify_date, score, subject, teacher_id, time, view) values (?, ?, ?, ?, ?, ?, ?, ?, ?, ?, ?, ?, ?, ?, ?, ?)
make question 8503
Hibernate: insert into question (answer, choice1, choice2, choice3, choice4, choice5, content, correct, create_date, filepath, modify_date, score, subject, teacher_id, time, view) values (?, ?, ?, ?, ?, ?, ?, ?, ?, ?, ?, ?, ?, ?, ?, ?)
make question 8504
Hibernate: insert into question (answer, choice1, choice2, choice3, choice4, choice5, content, correct, create_date, filepath, modify_date, score, subject, teacher_id, time, view) values (?, ?, ?, ?, ?, ?, ?, ?, ?, ?, ?, ?, ?, ?, ?, ?)
make question 8505
Hibernate: insert into question (answer, choice1, choice2, choice3, choice4, choice5, content, correct, create_date, filepath, modify_date, score, subject, teacher_id, time, view) values (?, ?, ?, ?, ?, ?, ?, ?, ?, ?, ?, ?, ?, ?, ?, ?)
make question 8506
Hibernate: insert into question (answer, choice1, choice2, choice3, choice4, choice5, content, correct, create_date, filepath, modify_date, score, subject, teacher_id, time, view) values (?, ?, ?, ?, ?, ?, ?, ?, ?, ?, ?, ?, ?, ?, ?, ?)
make question 8507
Hibernate: insert into question (answer, choice1, choice2, choice3, choice4, choice5, content, correct, create_date, filepath, modify_date, score, subject, teacher_id, time, view) values (?, ?, ?, ?, ?, ?, ?, ?, ?, ?, ?, ?, ?, ?, ?, ?)
make question 8508
Hibernate: insert into question (answer, choice1, choice2, choice3, choice4, choice5, content, correct, create_date, filepath, modify_date, score, subject, teacher_id, time, view) values (?, ?, ?, ?, ?, ?, ?, ?, ?, ?, ?, ?, ?, ?, ?, ?)
make question 8509
Hibernate: insert into question (answer, choice1, choice2, choice3, choice4, choice5, content, correct, create_date, filepath, modify_date, score, subject, teacher_id, time, view) values (?, ?, ?, ?, ?, ?, ?, ?, ?, ?, ?, ?, ?, ?, ?, ?)
make question 8510
Hibernate: insert into question (answer, choice1, choice2, choice3, choice4, choice5, content, correct, create_date, filepath, modify_date, score, subject, teacher_id, time, view) values (?, ?, ?, ?, ?, ?, ?, ?, ?, ?, ?, ?, ?, ?, ?, ?)
make question 8511
Hibernate: insert into question (answer, choice1, choice2, choice3, choice4, choice5, content, correct, create_date, filepath, modify_date, score, subject, teacher_id, time, view) values (?, ?, ?, ?, ?, ?, ?, ?, ?, ?, ?, ?, ?, ?, ?, ?)
make question 8512
Hibernate: insert into question (answer, choice1, choice2, choice3, choice4, choice5, content, correct, create_date, filepath, modify_date, score, subject, teacher_id, time, view) values (?, ?, ?, ?, ?, ?, ?, ?, ?, ?, ?, ?, ?, ?, ?, ?)
make question 8513
Hibernate: insert into question (answer, choice1, choice2, choice3, choice4, choice5, content, correct, create_date, filepath, modify_date, score, subject, teacher_id, time, view) values (?, ?, ?, ?, ?, ?, ?, ?, ?, ?, ?, ?, ?, ?, ?, ?)
make question 8514
Hibernate: insert into question (answer, choice1, choice2, choice3, choice4, choice5, content, correct, create_date, filepath, modify_date, score, subject, teacher_id, time, view) values (?, ?, ?, ?, ?, ?, ?, ?, ?, ?, ?, ?, ?, ?, ?, ?)
make question 8515
Hibernate: insert into question (answer, choice1, choice2, choice3, choice4, choice5, content, correct, create_date, filepath, modify_date, score, subject, teacher_id, time, view) values (?, ?, ?, ?, ?, ?, ?, ?, ?, ?, ?, ?, ?, ?, ?, ?)
make question 8516
Hibernate: insert into question (answer, choice1, choice2, choice3, choice4, choice5, content, correct, create_date, filepath, modify_date, score, subject, teacher_id, time, view) values (?, ?, ?, ?, ?, ?, ?, ?, ?, ?, ?, ?, ?, ?, ?, ?)
make question 8517
Hibernate: insert into question (answer, choice1, choice2, choice3, choice4, choice5, content, correct, create_date, filepath, modify_date, score, subject, teacher_id, time, view) values (?, ?, ?, ?, ?, ?, ?, ?, ?, ?, ?, ?, ?, ?, ?, ?)
make question 8518
Hibernate: insert into question (answer, choice1, choice2, choice3, choice4, choice5, content, correct, create_date, filepath, modify_date, score, subject, teacher_id, time, view) values (?, ?, ?, ?, ?, ?, ?, ?, ?, ?, ?, ?, ?, ?, ?, ?)
make question 8519
Hibernate: insert into question (answer, choice1, choice2, choice3, choice4, choice5, content, correct, create_date, filepath, modify_date, score, subject, teacher_id, time, view) values (?, ?, ?, ?, ?, ?, ?, ?, ?, ?, ?, ?, ?, ?, ?, ?)
make question 8520
Hibernate: insert into question (answer, choice1, choice2, choice3, choice4, choice5, content, correct, create_date, filepath, modify_date, score, subject, teacher_id, time, view) values (?, ?, ?, ?, ?, ?, ?, ?, ?, ?, ?, ?, ?, ?, ?, ?)
make question 8521
Hibernate: insert into question (answer, choice1, choice2, choice3, choice4, choice5, content, correct, create_date, filepath, modify_date, score, subject, teacher_id, time, view) values (?, ?, ?, ?, ?, ?, ?, ?, ?, ?, ?, ?, ?, ?, ?, ?)
make question 8522
Hibernate: insert into question (answer, choice1, choice2, choice3, choice4, choice5, content, correct, create_date, filepath, modify_date, score, subject, teacher_id, time, view) values (?, ?, ?, ?, ?, ?, ?, ?, ?, ?, ?, ?, ?, ?, ?, ?)
make question 8523
Hibernate: insert into question (answer, choice1, choice2, choice3, choice4, choice5, content, correct, create_date, filepath, modify_date, score, subject, teacher_id, time, view) values (?, ?, ?, ?, ?, ?, ?, ?, ?, ?, ?, ?, ?, ?, ?, ?)
make question 8524
Hibernate: insert into question (answer, choice1, choice2, choice3, choice4, choice5, content, correct, create_date, filepath, modify_date, score, subject, teacher_id, time, view) values (?, ?, ?, ?, ?, ?, ?, ?, ?, ?, ?, ?, ?, ?, ?, ?)
make question 8525
Hibernate: insert into question (answer, choice1, choice2, choice3, choice4, choice5, content, correct, create_date, filepath, modify_date, score, subject, teacher_id, time, view) values (?, ?, ?, ?, ?, ?, ?, ?, ?, ?, ?, ?, ?, ?, ?, ?)
make question 8526
Hibernate: insert into question (answer, choice1, choice2, choice3, choice4, choice5, content, correct, create_date, filepath, modify_date, score, subject, teacher_id, time, view) values (?, ?, ?, ?, ?, ?, ?, ?, ?, ?, ?, ?, ?, ?, ?, ?)
make question 8527
Hibernate: insert into question (answer, choice1, choice2, choice3, choice4, choice5, content, correct, create_date, filepath, modify_date, score, subject, teacher_id, time, view) values (?, ?, ?, ?, ?, ?, ?, ?, ?, ?, ?, ?, ?, ?, ?, ?)
make question 8528
Hibernate: insert into question (answer, choice1, choice2, choice3, choice4, choice5, content, correct, create_date, filepath, modify_date, score, subject, teacher_id, time, view) values (?, ?, ?, ?, ?, ?, ?, ?, ?, ?, ?, ?, ?, ?, ?, ?)
make question 8529
Hibernate: insert into question (answer, choice1, choice2, choice3, choice4, choice5, content, correct, create_date, filepath, modify_date, score, subject, teacher_id, time, view) values (?, ?, ?, ?, ?, ?, ?, ?, ?, ?, ?, ?, ?, ?, ?, ?)
make question 8530
Hibernate: insert into question (answer, choice1, choice2, choice3, choice4, choice5, content, correct, create_date, filepath, modify_date, score, subject, teacher_id, time, view) values (?, ?, ?, ?, ?, ?, ?, ?, ?, ?, ?, ?, ?, ?, ?, ?)
make question 8531
Hibernate: insert into question (answer, choice1, choice2, choice3, choice4, choice5, content, correct, create_date, filepath, modify_date, score, subject, teacher_id, time, view) values (?, ?, ?, ?, ?, ?, ?, ?, ?, ?, ?, ?, ?, ?, ?, ?)
make question 8532
Hibernate: insert into question (answer, choice1, choice2, choice3, choice4, choice5, content, correct, create_date, filepath, modify_date, score, subject, teacher_id, time, view) values (?, ?, ?, ?, ?, ?, ?, ?, ?, ?, ?, ?, ?, ?, ?, ?)
make question 8533
Hibernate: insert into question (answer, choice1, choice2, choice3, choice4, choice5, content, correct, create_date, filepath, modify_date, score, subject, teacher_id, time, view) values (?, ?, ?, ?, ?, ?, ?, ?, ?, ?, ?, ?, ?, ?, ?, ?)
make question 8534
Hibernate: insert into question (answer, choice1, choice2, choice3, choice4, choice5, content, correct, create_date, filepath, modify_date, score, subject, teacher_id, time, view) values (?, ?, ?, ?, ?, ?, ?, ?, ?, ?, ?, ?, ?, ?, ?, ?)
make question 8535
Hibernate: insert into question (answer, choice1, choice2, choice3, choice4, choice5, content, correct, create_date, filepath, modify_date, score, subject, teacher_id, time, view) values (?, ?, ?, ?, ?, ?, ?, ?, ?, ?, ?, ?, ?, ?, ?, ?)
make question 8536
Hibernate: insert into question (answer, choice1, choice2, choice3, choice4, choice5, content, correct, create_date, filepath, modify_date, score, subject, teacher_id, time, view) values (?, ?, ?, ?, ?, ?, ?, ?, ?, ?, ?, ?, ?, ?, ?, ?)
make question 8537
Hibernate: insert into question (answer, choice1, choice2, choice3, choice4, choice5, content, correct, create_date, filepath, modify_date, score, subject, teacher_id, time, view) values (?, ?, ?, ?, ?, ?, ?, ?, ?, ?, ?, ?, ?, ?, ?, ?)
make question 8538
Hibernate: insert into question (answer, choice1, choice2, choice3, choice4, choice5, content, correct, create_date, filepath, modify_date, score, subject, teacher_id, time, view) values (?, ?, ?, ?, ?, ?, ?, ?, ?, ?, ?, ?, ?, ?, ?, ?)
make question 8539
Hibernate: insert into question (answer, choice1, choice2, choice3, choice4, choice5, content, correct, create_date, filepath, modify_date, score, subject, teacher_id, time, view) values (?, ?, ?, ?, ?, ?, ?, ?, ?, ?, ?, ?, ?, ?, ?, ?)
make question 8540
Hibernate: insert into question (answer, choice1, choice2, choice3, choice4, choice5, content, correct, create_date, filepath, modify_date, score, subject, teacher_id, time, view) values (?, ?, ?, ?, ?, ?, ?, ?, ?, ?, ?, ?, ?, ?, ?, ?)
make question 8541
Hibernate: insert into question (answer, choice1, choice2, choice3, choice4, choice5, content, correct, create_date, filepath, modify_date, score, subject, teacher_id, time, view) values (?, ?, ?, ?, ?, ?, ?, ?, ?, ?, ?, ?, ?, ?, ?, ?)
make question 8542
Hibernate: insert into question (answer, choice1, choice2, choice3, choice4, choice5, content, correct, create_date, filepath, modify_date, score, subject, teacher_id, time, view) values (?, ?, ?, ?, ?, ?, ?, ?, ?, ?, ?, ?, ?, ?, ?, ?)
make question 8543
Hibernate: insert into question (answer, choice1, choice2, choice3, choice4, choice5, content, correct, create_date, filepath, modify_date, score, subject, teacher_id, time, view) values (?, ?, ?, ?, ?, ?, ?, ?, ?, ?, ?, ?, ?, ?, ?, ?)
make question 8544
Hibernate: insert into question (answer, choice1, choice2, choice3, choice4, choice5, content, correct, create_date, filepath, modify_date, score, subject, teacher_id, time, view) values (?, ?, ?, ?, ?, ?, ?, ?, ?, ?, ?, ?, ?, ?, ?, ?)
make question 8545
Hibernate: insert into question (answer, choice1, choice2, choice3, choice4, choice5, content, correct, create_date, filepath, modify_date, score, subject, teacher_id, time, view) values (?, ?, ?, ?, ?, ?, ?, ?, ?, ?, ?, ?, ?, ?, ?, ?)
make question 8546
Hibernate: insert into question (answer, choice1, choice2, choice3, choice4, choice5, content, correct, create_date, filepath, modify_date, score, subject, teacher_id, time, view) values (?, ?, ?, ?, ?, ?, ?, ?, ?, ?, ?, ?, ?, ?, ?, ?)
make question 8547
Hibernate: insert into question (answer, choice1, choice2, choice3, choice4, choice5, content, correct, create_date, filepath, modify_date, score, subject, teacher_id, time, view) values (?, ?, ?, ?, ?, ?, ?, ?, ?, ?, ?, ?, ?, ?, ?, ?)
make question 8548
Hibernate: insert into question (answer, choice1, choice2, choice3, choice4, choice5, content, correct, create_date, filepath, modify_date, score, subject, teacher_id, time, view) values (?, ?, ?, ?, ?, ?, ?, ?, ?, ?, ?, ?, ?, ?, ?, ?)
make question 8549
Hibernate: insert into question (answer, choice1, choice2, choice3, choice4, choice5, content, correct, create_date, filepath, modify_date, score, subject, teacher_id, time, view) values (?, ?, ?, ?, ?, ?, ?, ?, ?, ?, ?, ?, ?, ?, ?, ?)
make question 8550
Hibernate: insert into question (answer, choice1, choice2, choice3, choice4, choice5, content, correct, create_date, filepath, modify_date, score, subject, teacher_id, time, view) values (?, ?, ?, ?, ?, ?, ?, ?, ?, ?, ?, ?, ?, ?, ?, ?)
make question 8551
Hibernate: insert into question (answer, choice1, choice2, choice3, choice4, choice5, content, correct, create_date, filepath, modify_date, score, subject, teacher_id, time, view) values (?, ?, ?, ?, ?, ?, ?, ?, ?, ?, ?, ?, ?, ?, ?, ?)
make question 8552
Hibernate: insert into question (answer, choice1, choice2, choice3, choice4, choice5, content, correct, create_date, filepath, modify_date, score, subject, teacher_id, time, view) values (?, ?, ?, ?, ?, ?, ?, ?, ?, ?, ?, ?, ?, ?, ?, ?)
make question 8553
Hibernate: insert into question (answer, choice1, choice2, choice3, choice4, choice5, content, correct, create_date, filepath, modify_date, score, subject, teacher_id, time, view) values (?, ?, ?, ?, ?, ?, ?, ?, ?, ?, ?, ?, ?, ?, ?, ?)
make question 8554
Hibernate: insert into question (answer, choice1, choice2, choice3, choice4, choice5, content, correct, create_date, filepath, modify_date, score, subject, teacher_id, time, view) values (?, ?, ?, ?, ?, ?, ?, ?, ?, ?, ?, ?, ?, ?, ?, ?)
make question 8555
Hibernate: insert into question (answer, choice1, choice2, choice3, choice4, choice5, content, correct, create_date, filepath, modify_date, score, subject, teacher_id, time, view) values (?, ?, ?, ?, ?, ?, ?, ?, ?, ?, ?, ?, ?, ?, ?, ?)
make question 8556
Hibernate: insert into question (answer, choice1, choice2, choice3, choice4, choice5, content, correct, create_date, filepath, modify_date, score, subject, teacher_id, time, view) values (?, ?, ?, ?, ?, ?, ?, ?, ?, ?, ?, ?, ?, ?, ?, ?)
make question 8557
Hibernate: insert into question (answer, choice1, choice2, choice3, choice4, choice5, content, correct, create_date, filepath, modify_date, score, subject, teacher_id, time, view) values (?, ?, ?, ?, ?, ?, ?, ?, ?, ?, ?, ?, ?, ?, ?, ?)
make question 8558
Hibernate: insert into question (answer, choice1, choice2, choice3, choice4, choice5, content, correct, create_date, filepath, modify_date, score, subject, teacher_id, time, view) values (?, ?, ?, ?, ?, ?, ?, ?, ?, ?, ?, ?, ?, ?, ?, ?)
make question 8559
Hibernate: insert into question (answer, choice1, choice2, choice3, choice4, choice5, content, correct, create_date, filepath, modify_date, score, subject, teacher_id, time, view) values (?, ?, ?, ?, ?, ?, ?, ?, ?, ?, ?, ?, ?, ?, ?, ?)
make question 8560
Hibernate: insert into question (answer, choice1, choice2, choice3, choice4, choice5, content, correct, create_date, filepath, modify_date, score, subject, teacher_id, time, view) values (?, ?, ?, ?, ?, ?, ?, ?, ?, ?, ?, ?, ?, ?, ?, ?)
make question 8561
Hibernate: insert into question (answer, choice1, choice2, choice3, choice4, choice5, content, correct, create_date, filepath, modify_date, score, subject, teacher_id, time, view) values (?, ?, ?, ?, ?, ?, ?, ?, ?, ?, ?, ?, ?, ?, ?, ?)
make question 8562
Hibernate: insert into question (answer, choice1, choice2, choice3, choice4, choice5, content, correct, create_date, filepath, modify_date, score, subject, teacher_id, time, view) values (?, ?, ?, ?, ?, ?, ?, ?, ?, ?, ?, ?, ?, ?, ?, ?)
make question 8563
Hibernate: insert into question (answer, choice1, choice2, choice3, choice4, choice5, content, correct, create_date, filepath, modify_date, score, subject, teacher_id, time, view) values (?, ?, ?, ?, ?, ?, ?, ?, ?, ?, ?, ?, ?, ?, ?, ?)
make question 8564
Hibernate: insert into question (answer, choice1, choice2, choice3, choice4, choice5, content, correct, create_date, filepath, modify_date, score, subject, teacher_id, time, view) values (?, ?, ?, ?, ?, ?, ?, ?, ?, ?, ?, ?, ?, ?, ?, ?)
make question 8565
Hibernate: insert into question (answer, choice1, choice2, choice3, choice4, choice5, content, correct, create_date, filepath, modify_date, score, subject, teacher_id, time, view) values (?, ?, ?, ?, ?, ?, ?, ?, ?, ?, ?, ?, ?, ?, ?, ?)
make question 8566
Hibernate: insert into question (answer, choice1, choice2, choice3, choice4, choice5, content, correct, create_date, filepath, modify_date, score, subject, teacher_id, time, view) values (?, ?, ?, ?, ?, ?, ?, ?, ?, ?, ?, ?, ?, ?, ?, ?)
make question 8567
Hibernate: insert into question (answer, choice1, choice2, choice3, choice4, choice5, content, correct, create_date, filepath, modify_date, score, subject, teacher_id, time, view) values (?, ?, ?, ?, ?, ?, ?, ?, ?, ?, ?, ?, ?, ?, ?, ?)
make question 8568
Hibernate: insert into question (answer, choice1, choice2, choice3, choice4, choice5, content, correct, create_date, filepath, modify_date, score, subject, teacher_id, time, view) values (?, ?, ?, ?, ?, ?, ?, ?, ?, ?, ?, ?, ?, ?, ?, ?)
make question 8569
Hibernate: insert into question (answer, choice1, choice2, choice3, choice4, choice5, content, correct, create_date, filepath, modify_date, score, subject, teacher_id, time, view) values (?, ?, ?, ?, ?, ?, ?, ?, ?, ?, ?, ?, ?, ?, ?, ?)
make question 8570
Hibernate: insert into question (answer, choice1, choice2, choice3, choice4, choice5, content, correct, create_date, filepath, modify_date, score, subject, teacher_id, time, view) values (?, ?, ?, ?, ?, ?, ?, ?, ?, ?, ?, ?, ?, ?, ?, ?)
make question 8571
Hibernate: insert into question (answer, choice1, choice2, choice3, choice4, choice5, content, correct, create_date, filepath, modify_date, score, subject, teacher_id, time, view) values (?, ?, ?, ?, ?, ?, ?, ?, ?, ?, ?, ?, ?, ?, ?, ?)
make question 8572
Hibernate: insert into question (answer, choice1, choice2, choice3, choice4, choice5, content, correct, create_date, filepath, modify_date, score, subject, teacher_id, time, view) values (?, ?, ?, ?, ?, ?, ?, ?, ?, ?, ?, ?, ?, ?, ?, ?)
make question 8573
Hibernate: insert into question (answer, choice1, choice2, choice3, choice4, choice5, content, correct, create_date, filepath, modify_date, score, subject, teacher_id, time, view) values (?, ?, ?, ?, ?, ?, ?, ?, ?, ?, ?, ?, ?, ?, ?, ?)
make question 8574
Hibernate: insert into question (answer, choice1, choice2, choice3, choice4, choice5, content, correct, create_date, filepath, modify_date, score, subject, teacher_id, time, view) values (?, ?, ?, ?, ?, ?, ?, ?, ?, ?, ?, ?, ?, ?, ?, ?)
make question 8575
Hibernate: insert into question (answer, choice1, choice2, choice3, choice4, choice5, content, correct, create_date, filepath, modify_date, score, subject, teacher_id, time, view) values (?, ?, ?, ?, ?, ?, ?, ?, ?, ?, ?, ?, ?, ?, ?, ?)
make question 8576
Hibernate: insert into question (answer, choice1, choice2, choice3, choice4, choice5, content, correct, create_date, filepath, modify_date, score, subject, teacher_id, time, view) values (?, ?, ?, ?, ?, ?, ?, ?, ?, ?, ?, ?, ?, ?, ?, ?)
make question 8577
Hibernate: insert into question (answer, choice1, choice2, choice3, choice4, choice5, content, correct, create_date, filepath, modify_date, score, subject, teacher_id, time, view) values (?, ?, ?, ?, ?, ?, ?, ?, ?, ?, ?, ?, ?, ?, ?, ?)
make question 8578
Hibernate: insert into question (answer, choice1, choice2, choice3, choice4, choice5, content, correct, create_date, filepath, modify_date, score, subject, teacher_id, time, view) values (?, ?, ?, ?, ?, ?, ?, ?, ?, ?, ?, ?, ?, ?, ?, ?)
make question 8579
Hibernate: insert into question (answer, choice1, choice2, choice3, choice4, choice5, content, correct, create_date, filepath, modify_date, score, subject, teacher_id, time, view) values (?, ?, ?, ?, ?, ?, ?, ?, ?, ?, ?, ?, ?, ?, ?, ?)
make question 8580
Hibernate: insert into question (answer, choice1, choice2, choice3, choice4, choice5, content, correct, create_date, filepath, modify_date, score, subject, teacher_id, time, view) values (?, ?, ?, ?, ?, ?, ?, ?, ?, ?, ?, ?, ?, ?, ?, ?)
make question 8581
Hibernate: insert into question (answer, choice1, choice2, choice3, choice4, choice5, content, correct, create_date, filepath, modify_date, score, subject, teacher_id, time, view) values (?, ?, ?, ?, ?, ?, ?, ?, ?, ?, ?, ?, ?, ?, ?, ?)
make question 8582
Hibernate: insert into question (answer, choice1, choice2, choice3, choice4, choice5, content, correct, create_date, filepath, modify_date, score, subject, teacher_id, time, view) values (?, ?, ?, ?, ?, ?, ?, ?, ?, ?, ?, ?, ?, ?, ?, ?)
make question 8583
Hibernate: insert into question (answer, choice1, choice2, choice3, choice4, choice5, content, correct, create_date, filepath, modify_date, score, subject, teacher_id, time, view) values (?, ?, ?, ?, ?, ?, ?, ?, ?, ?, ?, ?, ?, ?, ?, ?)
make question 8584
Hibernate: insert into question (answer, choice1, choice2, choice3, choice4, choice5, content, correct, create_date, filepath, modify_date, score, subject, teacher_id, time, view) values (?, ?, ?, ?, ?, ?, ?, ?, ?, ?, ?, ?, ?, ?, ?, ?)
make question 8585
Hibernate: insert into question (answer, choice1, choice2, choice3, choice4, choice5, content, correct, create_date, filepath, modify_date, score, subject, teacher_id, time, view) values (?, ?, ?, ?, ?, ?, ?, ?, ?, ?, ?, ?, ?, ?, ?, ?)
make question 8586
Hibernate: insert into question (answer, choice1, choice2, choice3, choice4, choice5, content, correct, create_date, filepath, modify_date, score, subject, teacher_id, time, view) values (?, ?, ?, ?, ?, ?, ?, ?, ?, ?, ?, ?, ?, ?, ?, ?)
make question 8587
Hibernate: insert into question (answer, choice1, choice2, choice3, choice4, choice5, content, correct, create_date, filepath, modify_date, score, subject, teacher_id, time, view) values (?, ?, ?, ?, ?, ?, ?, ?, ?, ?, ?, ?, ?, ?, ?, ?)
make question 8588
Hibernate: insert into question (answer, choice1, choice2, choice3, choice4, choice5, content, correct, create_date, filepath, modify_date, score, subject, teacher_id, time, view) values (?, ?, ?, ?, ?, ?, ?, ?, ?, ?, ?, ?, ?, ?, ?, ?)
make question 8589
Hibernate: insert into question (answer, choice1, choice2, choice3, choice4, choice5, content, correct, create_date, filepath, modify_date, score, subject, teacher_id, time, view) values (?, ?, ?, ?, ?, ?, ?, ?, ?, ?, ?, ?, ?, ?, ?, ?)
make question 8590
Hibernate: insert into question (answer, choice1, choice2, choice3, choice4, choice5, content, correct, create_date, filepath, modify_date, score, subject, teacher_id, time, view) values (?, ?, ?, ?, ?, ?, ?, ?, ?, ?, ?, ?, ?, ?, ?, ?)
make question 8591
Hibernate: insert into question (answer, choice1, choice2, choice3, choice4, choice5, content, correct, create_date, filepath, modify_date, score, subject, teacher_id, time, view) values (?, ?, ?, ?, ?, ?, ?, ?, ?, ?, ?, ?, ?, ?, ?, ?)
make question 8592
Hibernate: insert into question (answer, choice1, choice2, choice3, choice4, choice5, content, correct, create_date, filepath, modify_date, score, subject, teacher_id, time, view) values (?, ?, ?, ?, ?, ?, ?, ?, ?, ?, ?, ?, ?, ?, ?, ?)
make question 8593
Hibernate: insert into question (answer, choice1, choice2, choice3, choice4, choice5, content, correct, create_date, filepath, modify_date, score, subject, teacher_id, time, view) values (?, ?, ?, ?, ?, ?, ?, ?, ?, ?, ?, ?, ?, ?, ?, ?)
make question 8594
Hibernate: insert into question (answer, choice1, choice2, choice3, choice4, choice5, content, correct, create_date, filepath, modify_date, score, subject, teacher_id, time, view) values (?, ?, ?, ?, ?, ?, ?, ?, ?, ?, ?, ?, ?, ?, ?, ?)
make question 8595
Hibernate: insert into question (answer, choice1, choice2, choice3, choice4, choice5, content, correct, create_date, filepath, modify_date, score, subject, teacher_id, time, view) values (?, ?, ?, ?, ?, ?, ?, ?, ?, ?, ?, ?, ?, ?, ?, ?)
make question 8596
Hibernate: insert into question (answer, choice1, choice2, choice3, choice4, choice5, content, correct, create_date, filepath, modify_date, score, subject, teacher_id, time, view) values (?, ?, ?, ?, ?, ?, ?, ?, ?, ?, ?, ?, ?, ?, ?, ?)
make question 8597
Hibernate: insert into question (answer, choice1, choice2, choice3, choice4, choice5, content, correct, create_date, filepath, modify_date, score, subject, teacher_id, time, view) values (?, ?, ?, ?, ?, ?, ?, ?, ?, ?, ?, ?, ?, ?, ?, ?)
make question 8598
Hibernate: insert into question (answer, choice1, choice2, choice3, choice4, choice5, content, correct, create_date, filepath, modify_date, score, subject, teacher_id, time, view) values (?, ?, ?, ?, ?, ?, ?, ?, ?, ?, ?, ?, ?, ?, ?, ?)
make question 8599
Hibernate: insert into question (answer, choice1, choice2, choice3, choice4, choice5, content, correct, create_date, filepath, modify_date, score, subject, teacher_id, time, view) values (?, ?, ?, ?, ?, ?, ?, ?, ?, ?, ?, ?, ?, ?, ?, ?)
make question 8600
Hibernate: insert into question (answer, choice1, choice2, choice3, choice4, choice5, content, correct, create_date, filepath, modify_date, score, subject, teacher_id, time, view) values (?, ?, ?, ?, ?, ?, ?, ?, ?, ?, ?, ?, ?, ?, ?, ?)
make question 8601
Hibernate: insert into question (answer, choice1, choice2, choice3, choice4, choice5, content, correct, create_date, filepath, modify_date, score, subject, teacher_id, time, view) values (?, ?, ?, ?, ?, ?, ?, ?, ?, ?, ?, ?, ?, ?, ?, ?)
make question 8602
Hibernate: insert into question (answer, choice1, choice2, choice3, choice4, choice5, content, correct, create_date, filepath, modify_date, score, subject, teacher_id, time, view) values (?, ?, ?, ?, ?, ?, ?, ?, ?, ?, ?, ?, ?, ?, ?, ?)
make question 8603
Hibernate: insert into question (answer, choice1, choice2, choice3, choice4, choice5, content, correct, create_date, filepath, modify_date, score, subject, teacher_id, time, view) values (?, ?, ?, ?, ?, ?, ?, ?, ?, ?, ?, ?, ?, ?, ?, ?)
make question 8604
Hibernate: insert into question (answer, choice1, choice2, choice3, choice4, choice5, content, correct, create_date, filepath, modify_date, score, subject, teacher_id, time, view) values (?, ?, ?, ?, ?, ?, ?, ?, ?, ?, ?, ?, ?, ?, ?, ?)
make question 8605
Hibernate: insert into question (answer, choice1, choice2, choice3, choice4, choice5, content, correct, create_date, filepath, modify_date, score, subject, teacher_id, time, view) values (?, ?, ?, ?, ?, ?, ?, ?, ?, ?, ?, ?, ?, ?, ?, ?)
make question 8606
Hibernate: insert into question (answer, choice1, choice2, choice3, choice4, choice5, content, correct, create_date, filepath, modify_date, score, subject, teacher_id, time, view) values (?, ?, ?, ?, ?, ?, ?, ?, ?, ?, ?, ?, ?, ?, ?, ?)
make question 8607
Hibernate: insert into question (answer, choice1, choice2, choice3, choice4, choice5, content, correct, create_date, filepath, modify_date, score, subject, teacher_id, time, view) values (?, ?, ?, ?, ?, ?, ?, ?, ?, ?, ?, ?, ?, ?, ?, ?)
make question 8608
Hibernate: insert into question (answer, choice1, choice2, choice3, choice4, choice5, content, correct, create_date, filepath, modify_date, score, subject, teacher_id, time, view) values (?, ?, ?, ?, ?, ?, ?, ?, ?, ?, ?, ?, ?, ?, ?, ?)
make question 8609
Hibernate: insert into question (answer, choice1, choice2, choice3, choice4, choice5, content, correct, create_date, filepath, modify_date, score, subject, teacher_id, time, view) values (?, ?, ?, ?, ?, ?, ?, ?, ?, ?, ?, ?, ?, ?, ?, ?)
make question 8610
Hibernate: insert into question (answer, choice1, choice2, choice3, choice4, choice5, content, correct, create_date, filepath, modify_date, score, subject, teacher_id, time, view) values (?, ?, ?, ?, ?, ?, ?, ?, ?, ?, ?, ?, ?, ?, ?, ?)
make question 8611
Hibernate: insert into question (answer, choice1, choice2, choice3, choice4, choice5, content, correct, create_date, filepath, modify_date, score, subject, teacher_id, time, view) values (?, ?, ?, ?, ?, ?, ?, ?, ?, ?, ?, ?, ?, ?, ?, ?)
make question 8612
Hibernate: insert into question (answer, choice1, choice2, choice3, choice4, choice5, content, correct, create_date, filepath, modify_date, score, subject, teacher_id, time, view) values (?, ?, ?, ?, ?, ?, ?, ?, ?, ?, ?, ?, ?, ?, ?, ?)
make question 8613
Hibernate: insert into question (answer, choice1, choice2, choice3, choice4, choice5, content, correct, create_date, filepath, modify_date, score, subject, teacher_id, time, view) values (?, ?, ?, ?, ?, ?, ?, ?, ?, ?, ?, ?, ?, ?, ?, ?)
make question 8614
Hibernate: insert into question (answer, choice1, choice2, choice3, choice4, choice5, content, correct, create_date, filepath, modify_date, score, subject, teacher_id, time, view) values (?, ?, ?, ?, ?, ?, ?, ?, ?, ?, ?, ?, ?, ?, ?, ?)
make question 8615
Hibernate: insert into question (answer, choice1, choice2, choice3, choice4, choice5, content, correct, create_date, filepath, modify_date, score, subject, teacher_id, time, view) values (?, ?, ?, ?, ?, ?, ?, ?, ?, ?, ?, ?, ?, ?, ?, ?)
make question 8616
Hibernate: insert into question (answer, choice1, choice2, choice3, choice4, choice5, content, correct, create_date, filepath, modify_date, score, subject, teacher_id, time, view) values (?, ?, ?, ?, ?, ?, ?, ?, ?, ?, ?, ?, ?, ?, ?, ?)
make question 8617
Hibernate: insert into question (answer, choice1, choice2, choice3, choice4, choice5, content, correct, create_date, filepath, modify_date, score, subject, teacher_id, time, view) values (?, ?, ?, ?, ?, ?, ?, ?, ?, ?, ?, ?, ?, ?, ?, ?)
make question 8618
Hibernate: insert into question (answer, choice1, choice2, choice3, choice4, choice5, content, correct, create_date, filepath, modify_date, score, subject, teacher_id, time, view) values (?, ?, ?, ?, ?, ?, ?, ?, ?, ?, ?, ?, ?, ?, ?, ?)
make question 8619
Hibernate: insert into question (answer, choice1, choice2, choice3, choice4, choice5, content, correct, create_date, filepath, modify_date, score, subject, teacher_id, time, view) values (?, ?, ?, ?, ?, ?, ?, ?, ?, ?, ?, ?, ?, ?, ?, ?)
make question 8620
Hibernate: insert into question (answer, choice1, choice2, choice3, choice4, choice5, content, correct, create_date, filepath, modify_date, score, subject, teacher_id, time, view) values (?, ?, ?, ?, ?, ?, ?, ?, ?, ?, ?, ?, ?, ?, ?, ?)
make question 8621
Hibernate: insert into question (answer, choice1, choice2, choice3, choice4, choice5, content, correct, create_date, filepath, modify_date, score, subject, teacher_id, time, view) values (?, ?, ?, ?, ?, ?, ?, ?, ?, ?, ?, ?, ?, ?, ?, ?)
make question 8622
Hibernate: insert into question (answer, choice1, choice2, choice3, choice4, choice5, content, correct, create_date, filepath, modify_date, score, subject, teacher_id, time, view) values (?, ?, ?, ?, ?, ?, ?, ?, ?, ?, ?, ?, ?, ?, ?, ?)
make question 8623
Hibernate: insert into question (answer, choice1, choice2, choice3, choice4, choice5, content, correct, create_date, filepath, modify_date, score, subject, teacher_id, time, view) values (?, ?, ?, ?, ?, ?, ?, ?, ?, ?, ?, ?, ?, ?, ?, ?)
make question 8624
Hibernate: insert into question (answer, choice1, choice2, choice3, choice4, choice5, content, correct, create_date, filepath, modify_date, score, subject, teacher_id, time, view) values (?, ?, ?, ?, ?, ?, ?, ?, ?, ?, ?, ?, ?, ?, ?, ?)
make question 8625
Hibernate: insert into question (answer, choice1, choice2, choice3, choice4, choice5, content, correct, create_date, filepath, modify_date, score, subject, teacher_id, time, view) values (?, ?, ?, ?, ?, ?, ?, ?, ?, ?, ?, ?, ?, ?, ?, ?)
make question 8626
Hibernate: insert into question (answer, choice1, choice2, choice3, choice4, choice5, content, correct, create_date, filepath, modify_date, score, subject, teacher_id, time, view) values (?, ?, ?, ?, ?, ?, ?, ?, ?, ?, ?, ?, ?, ?, ?, ?)
make question 8627
Hibernate: insert into question (answer, choice1, choice2, choice3, choice4, choice5, content, correct, create_date, filepath, modify_date, score, subject, teacher_id, time, view) values (?, ?, ?, ?, ?, ?, ?, ?, ?, ?, ?, ?, ?, ?, ?, ?)
make question 8628
Hibernate: insert into question (answer, choice1, choice2, choice3, choice4, choice5, content, correct, create_date, filepath, modify_date, score, subject, teacher_id, time, view) values (?, ?, ?, ?, ?, ?, ?, ?, ?, ?, ?, ?, ?, ?, ?, ?)
make question 8629
Hibernate: insert into question (answer, choice1, choice2, choice3, choice4, choice5, content, correct, create_date, filepath, modify_date, score, subject, teacher_id, time, view) values (?, ?, ?, ?, ?, ?, ?, ?, ?, ?, ?, ?, ?, ?, ?, ?)
make question 8630
Hibernate: insert into question (answer, choice1, choice2, choice3, choice4, choice5, content, correct, create_date, filepath, modify_date, score, subject, teacher_id, time, view) values (?, ?, ?, ?, ?, ?, ?, ?, ?, ?, ?, ?, ?, ?, ?, ?)
make question 8631
Hibernate: insert into question (answer, choice1, choice2, choice3, choice4, choice5, content, correct, create_date, filepath, modify_date, score, subject, teacher_id, time, view) values (?, ?, ?, ?, ?, ?, ?, ?, ?, ?, ?, ?, ?, ?, ?, ?)
make question 8632
Hibernate: insert into question (answer, choice1, choice2, choice3, choice4, choice5, content, correct, create_date, filepath, modify_date, score, subject, teacher_id, time, view) values (?, ?, ?, ?, ?, ?, ?, ?, ?, ?, ?, ?, ?, ?, ?, ?)
make question 8633
Hibernate: insert into question (answer, choice1, choice2, choice3, choice4, choice5, content, correct, create_date, filepath, modify_date, score, subject, teacher_id, time, view) values (?, ?, ?, ?, ?, ?, ?, ?, ?, ?, ?, ?, ?, ?, ?, ?)
make question 8634
Hibernate: insert into question (answer, choice1, choice2, choice3, choice4, choice5, content, correct, create_date, filepath, modify_date, score, subject, teacher_id, time, view) values (?, ?, ?, ?, ?, ?, ?, ?, ?, ?, ?, ?, ?, ?, ?, ?)
make question 8635
Hibernate: insert into question (answer, choice1, choice2, choice3, choice4, choice5, content, correct, create_date, filepath, modify_date, score, subject, teacher_id, time, view) values (?, ?, ?, ?, ?, ?, ?, ?, ?, ?, ?, ?, ?, ?, ?, ?)
make question 8636
Hibernate: insert into question (answer, choice1, choice2, choice3, choice4, choice5, content, correct, create_date, filepath, modify_date, score, subject, teacher_id, time, view) values (?, ?, ?, ?, ?, ?, ?, ?, ?, ?, ?, ?, ?, ?, ?, ?)
make question 8637
Hibernate: insert into question (answer, choice1, choice2, choice3, choice4, choice5, content, correct, create_date, filepath, modify_date, score, subject, teacher_id, time, view) values (?, ?, ?, ?, ?, ?, ?, ?, ?, ?, ?, ?, ?, ?, ?, ?)
make question 8638
Hibernate: insert into question (answer, choice1, choice2, choice3, choice4, choice5, content, correct, create_date, filepath, modify_date, score, subject, teacher_id, time, view) values (?, ?, ?, ?, ?, ?, ?, ?, ?, ?, ?, ?, ?, ?, ?, ?)
make question 8639
Hibernate: insert into question (answer, choice1, choice2, choice3, choice4, choice5, content, correct, create_date, filepath, modify_date, score, subject, teacher_id, time, view) values (?, ?, ?, ?, ?, ?, ?, ?, ?, ?, ?, ?, ?, ?, ?, ?)
make question 8640
Hibernate: insert into question (answer, choice1, choice2, choice3, choice4, choice5, content, correct, create_date, filepath, modify_date, score, subject, teacher_id, time, view) values (?, ?, ?, ?, ?, ?, ?, ?, ?, ?, ?, ?, ?, ?, ?, ?)
make question 8641
Hibernate: insert into question (answer, choice1, choice2, choice3, choice4, choice5, content, correct, create_date, filepath, modify_date, score, subject, teacher_id, time, view) values (?, ?, ?, ?, ?, ?, ?, ?, ?, ?, ?, ?, ?, ?, ?, ?)
make question 8642
Hibernate: insert into question (answer, choice1, choice2, choice3, choice4, choice5, content, correct, create_date, filepath, modify_date, score, subject, teacher_id, time, view) values (?, ?, ?, ?, ?, ?, ?, ?, ?, ?, ?, ?, ?, ?, ?, ?)
make question 8643
Hibernate: insert into question (answer, choice1, choice2, choice3, choice4, choice5, content, correct, create_date, filepath, modify_date, score, subject, teacher_id, time, view) values (?, ?, ?, ?, ?, ?, ?, ?, ?, ?, ?, ?, ?, ?, ?, ?)
make question 8644
Hibernate: insert into question (answer, choice1, choice2, choice3, choice4, choice5, content, correct, create_date, filepath, modify_date, score, subject, teacher_id, time, view) values (?, ?, ?, ?, ?, ?, ?, ?, ?, ?, ?, ?, ?, ?, ?, ?)
make question 8645
Hibernate: insert into question (answer, choice1, choice2, choice3, choice4, choice5, content, correct, create_date, filepath, modify_date, score, subject, teacher_id, time, view) values (?, ?, ?, ?, ?, ?, ?, ?, ?, ?, ?, ?, ?, ?, ?, ?)
make question 8646
Hibernate: insert into question (answer, choice1, choice2, choice3, choice4, choice5, content, correct, create_date, filepath, modify_date, score, subject, teacher_id, time, view) values (?, ?, ?, ?, ?, ?, ?, ?, ?, ?, ?, ?, ?, ?, ?, ?)
make question 8647
Hibernate: insert into question (answer, choice1, choice2, choice3, choice4, choice5, content, correct, create_date, filepath, modify_date, score, subject, teacher_id, time, view) values (?, ?, ?, ?, ?, ?, ?, ?, ?, ?, ?, ?, ?, ?, ?, ?)
make question 8648
Hibernate: insert into question (answer, choice1, choice2, choice3, choice4, choice5, content, correct, create_date, filepath, modify_date, score, subject, teacher_id, time, view) values (?, ?, ?, ?, ?, ?, ?, ?, ?, ?, ?, ?, ?, ?, ?, ?)
make question 8649
Hibernate: insert into question (answer, choice1, choice2, choice3, choice4, choice5, content, correct, create_date, filepath, modify_date, score, subject, teacher_id, time, view) values (?, ?, ?, ?, ?, ?, ?, ?, ?, ?, ?, ?, ?, ?, ?, ?)
make question 8650
Hibernate: insert into question (answer, choice1, choice2, choice3, choice4, choice5, content, correct, create_date, filepath, modify_date, score, subject, teacher_id, time, view) values (?, ?, ?, ?, ?, ?, ?, ?, ?, ?, ?, ?, ?, ?, ?, ?)
make question 8651
Hibernate: insert into question (answer, choice1, choice2, choice3, choice4, choice5, content, correct, create_date, filepath, modify_date, score, subject, teacher_id, time, view) values (?, ?, ?, ?, ?, ?, ?, ?, ?, ?, ?, ?, ?, ?, ?, ?)
make question 8652
Hibernate: insert into question (answer, choice1, choice2, choice3, choice4, choice5, content, correct, create_date, filepath, modify_date, score, subject, teacher_id, time, view) values (?, ?, ?, ?, ?, ?, ?, ?, ?, ?, ?, ?, ?, ?, ?, ?)
make question 8653
Hibernate: insert into question (answer, choice1, choice2, choice3, choice4, choice5, content, correct, create_date, filepath, modify_date, score, subject, teacher_id, time, view) values (?, ?, ?, ?, ?, ?, ?, ?, ?, ?, ?, ?, ?, ?, ?, ?)
make question 8654
Hibernate: insert into question (answer, choice1, choice2, choice3, choice4, choice5, content, correct, create_date, filepath, modify_date, score, subject, teacher_id, time, view) values (?, ?, ?, ?, ?, ?, ?, ?, ?, ?, ?, ?, ?, ?, ?, ?)
make question 8655
Hibernate: insert into question (answer, choice1, choice2, choice3, choice4, choice5, content, correct, create_date, filepath, modify_date, score, subject, teacher_id, time, view) values (?, ?, ?, ?, ?, ?, ?, ?, ?, ?, ?, ?, ?, ?, ?, ?)
make question 8656
Hibernate: insert into question (answer, choice1, choice2, choice3, choice4, choice5, content, correct, create_date, filepath, modify_date, score, subject, teacher_id, time, view) values (?, ?, ?, ?, ?, ?, ?, ?, ?, ?, ?, ?, ?, ?, ?, ?)
make question 8657
Hibernate: insert into question (answer, choice1, choice2, choice3, choice4, choice5, content, correct, create_date, filepath, modify_date, score, subject, teacher_id, time, view) values (?, ?, ?, ?, ?, ?, ?, ?, ?, ?, ?, ?, ?, ?, ?, ?)
make question 8658
Hibernate: insert into question (answer, choice1, choice2, choice3, choice4, choice5, content, correct, create_date, filepath, modify_date, score, subject, teacher_id, time, view) values (?, ?, ?, ?, ?, ?, ?, ?, ?, ?, ?, ?, ?, ?, ?, ?)
make question 8659
Hibernate: insert into question (answer, choice1, choice2, choice3, choice4, choice5, content, correct, create_date, filepath, modify_date, score, subject, teacher_id, time, view) values (?, ?, ?, ?, ?, ?, ?, ?, ?, ?, ?, ?, ?, ?, ?, ?)
make question 8660
Hibernate: insert into question (answer, choice1, choice2, choice3, choice4, choice5, content, correct, create_date, filepath, modify_date, score, subject, teacher_id, time, view) values (?, ?, ?, ?, ?, ?, ?, ?, ?, ?, ?, ?, ?, ?, ?, ?)
make question 8661
Hibernate: insert into question (answer, choice1, choice2, choice3, choice4, choice5, content, correct, create_date, filepath, modify_date, score, subject, teacher_id, time, view) values (?, ?, ?, ?, ?, ?, ?, ?, ?, ?, ?, ?, ?, ?, ?, ?)
make question 8662
Hibernate: insert into question (answer, choice1, choice2, choice3, choice4, choice5, content, correct, create_date, filepath, modify_date, score, subject, teacher_id, time, view) values (?, ?, ?, ?, ?, ?, ?, ?, ?, ?, ?, ?, ?, ?, ?, ?)
make question 8663
Hibernate: insert into question (answer, choice1, choice2, choice3, choice4, choice5, content, correct, create_date, filepath, modify_date, score, subject, teacher_id, time, view) values (?, ?, ?, ?, ?, ?, ?, ?, ?, ?, ?, ?, ?, ?, ?, ?)
make question 8664
Hibernate: insert into question (answer, choice1, choice2, choice3, choice4, choice5, content, correct, create_date, filepath, modify_date, score, subject, teacher_id, time, view) values (?, ?, ?, ?, ?, ?, ?, ?, ?, ?, ?, ?, ?, ?, ?, ?)
make question 8665
Hibernate: insert into question (answer, choice1, choice2, choice3, choice4, choice5, content, correct, create_date, filepath, modify_date, score, subject, teacher_id, time, view) values (?, ?, ?, ?, ?, ?, ?, ?, ?, ?, ?, ?, ?, ?, ?, ?)
make question 8666
Hibernate: insert into question (answer, choice1, choice2, choice3, choice4, choice5, content, correct, create_date, filepath, modify_date, score, subject, teacher_id, time, view) values (?, ?, ?, ?, ?, ?, ?, ?, ?, ?, ?, ?, ?, ?, ?, ?)
make question 8667
Hibernate: insert into question (answer, choice1, choice2, choice3, choice4, choice5, content, correct, create_date, filepath, modify_date, score, subject, teacher_id, time, view) values (?, ?, ?, ?, ?, ?, ?, ?, ?, ?, ?, ?, ?, ?, ?, ?)
make question 8668
Hibernate: insert into question (answer, choice1, choice2, choice3, choice4, choice5, content, correct, create_date, filepath, modify_date, score, subject, teacher_id, time, view) values (?, ?, ?, ?, ?, ?, ?, ?, ?, ?, ?, ?, ?, ?, ?, ?)
make question 8669
Hibernate: insert into question (answer, choice1, choice2, choice3, choice4, choice5, content, correct, create_date, filepath, modify_date, score, subject, teacher_id, time, view) values (?, ?, ?, ?, ?, ?, ?, ?, ?, ?, ?, ?, ?, ?, ?, ?)
make question 8670
Hibernate: insert into question (answer, choice1, choice2, choice3, choice4, choice5, content, correct, create_date, filepath, modify_date, score, subject, teacher_id, time, view) values (?, ?, ?, ?, ?, ?, ?, ?, ?, ?, ?, ?, ?, ?, ?, ?)
make question 8671
Hibernate: insert into question (answer, choice1, choice2, choice3, choice4, choice5, content, correct, create_date, filepath, modify_date, score, subject, teacher_id, time, view) values (?, ?, ?, ?, ?, ?, ?, ?, ?, ?, ?, ?, ?, ?, ?, ?)
make question 8672
Hibernate: insert into question (answer, choice1, choice2, choice3, choice4, choice5, content, correct, create_date, filepath, modify_date, score, subject, teacher_id, time, view) values (?, ?, ?, ?, ?, ?, ?, ?, ?, ?, ?, ?, ?, ?, ?, ?)
make question 8673
Hibernate: insert into question (answer, choice1, choice2, choice3, choice4, choice5, content, correct, create_date, filepath, modify_date, score, subject, teacher_id, time, view) values (?, ?, ?, ?, ?, ?, ?, ?, ?, ?, ?, ?, ?, ?, ?, ?)
make question 8674
Hibernate: insert into question (answer, choice1, choice2, choice3, choice4, choice5, content, correct, create_date, filepath, modify_date, score, subject, teacher_id, time, view) values (?, ?, ?, ?, ?, ?, ?, ?, ?, ?, ?, ?, ?, ?, ?, ?)
make question 8675
Hibernate: insert into question (answer, choice1, choice2, choice3, choice4, choice5, content, correct, create_date, filepath, modify_date, score, subject, teacher_id, time, view) values (?, ?, ?, ?, ?, ?, ?, ?, ?, ?, ?, ?, ?, ?, ?, ?)
make question 8676
Hibernate: insert into question (answer, choice1, choice2, choice3, choice4, choice5, content, correct, create_date, filepath, modify_date, score, subject, teacher_id, time, view) values (?, ?, ?, ?, ?, ?, ?, ?, ?, ?, ?, ?, ?, ?, ?, ?)
make question 8677
Hibernate: insert into question (answer, choice1, choice2, choice3, choice4, choice5, content, correct, create_date, filepath, modify_date, score, subject, teacher_id, time, view) values (?, ?, ?, ?, ?, ?, ?, ?, ?, ?, ?, ?, ?, ?, ?, ?)
make question 8678
Hibernate: insert into question (answer, choice1, choice2, choice3, choice4, choice5, content, correct, create_date, filepath, modify_date, score, subject, teacher_id, time, view) values (?, ?, ?, ?, ?, ?, ?, ?, ?, ?, ?, ?, ?, ?, ?, ?)
make question 8679
Hibernate: insert into question (answer, choice1, choice2, choice3, choice4, choice5, content, correct, create_date, filepath, modify_date, score, subject, teacher_id, time, view) values (?, ?, ?, ?, ?, ?, ?, ?, ?, ?, ?, ?, ?, ?, ?, ?)
make question 8680
Hibernate: insert into question (answer, choice1, choice2, choice3, choice4, choice5, content, correct, create_date, filepath, modify_date, score, subject, teacher_id, time, view) values (?, ?, ?, ?, ?, ?, ?, ?, ?, ?, ?, ?, ?, ?, ?, ?)
make question 8681
Hibernate: insert into question (answer, choice1, choice2, choice3, choice4, choice5, content, correct, create_date, filepath, modify_date, score, subject, teacher_id, time, view) values (?, ?, ?, ?, ?, ?, ?, ?, ?, ?, ?, ?, ?, ?, ?, ?)
make question 8682
Hibernate: insert into question (answer, choice1, choice2, choice3, choice4, choice5, content, correct, create_date, filepath, modify_date, score, subject, teacher_id, time, view) values (?, ?, ?, ?, ?, ?, ?, ?, ?, ?, ?, ?, ?, ?, ?, ?)
make question 8683
Hibernate: insert into question (answer, choice1, choice2, choice3, choice4, choice5, content, correct, create_date, filepath, modify_date, score, subject, teacher_id, time, view) values (?, ?, ?, ?, ?, ?, ?, ?, ?, ?, ?, ?, ?, ?, ?, ?)
make question 8684
Hibernate: insert into question (answer, choice1, choice2, choice3, choice4, choice5, content, correct, create_date, filepath, modify_date, score, subject, teacher_id, time, view) values (?, ?, ?, ?, ?, ?, ?, ?, ?, ?, ?, ?, ?, ?, ?, ?)
make question 8685
Hibernate: insert into question (answer, choice1, choice2, choice3, choice4, choice5, content, correct, create_date, filepath, modify_date, score, subject, teacher_id, time, view) values (?, ?, ?, ?, ?, ?, ?, ?, ?, ?, ?, ?, ?, ?, ?, ?)
make question 8686
Hibernate: insert into question (answer, choice1, choice2, choice3, choice4, choice5, content, correct, create_date, filepath, modify_date, score, subject, teacher_id, time, view) values (?, ?, ?, ?, ?, ?, ?, ?, ?, ?, ?, ?, ?, ?, ?, ?)
make question 8687
Hibernate: insert into question (answer, choice1, choice2, choice3, choice4, choice5, content, correct, create_date, filepath, modify_date, score, subject, teacher_id, time, view) values (?, ?, ?, ?, ?, ?, ?, ?, ?, ?, ?, ?, ?, ?, ?, ?)
make question 8688
Hibernate: insert into question (answer, choice1, choice2, choice3, choice4, choice5, content, correct, create_date, filepath, modify_date, score, subject, teacher_id, time, view) values (?, ?, ?, ?, ?, ?, ?, ?, ?, ?, ?, ?, ?, ?, ?, ?)
make question 8689
Hibernate: insert into question (answer, choice1, choice2, choice3, choice4, choice5, content, correct, create_date, filepath, modify_date, score, subject, teacher_id, time, view) values (?, ?, ?, ?, ?, ?, ?, ?, ?, ?, ?, ?, ?, ?, ?, ?)
make question 8690
Hibernate: insert into question (answer, choice1, choice2, choice3, choice4, choice5, content, correct, create_date, filepath, modify_date, score, subject, teacher_id, time, view) values (?, ?, ?, ?, ?, ?, ?, ?, ?, ?, ?, ?, ?, ?, ?, ?)
make question 8691
Hibernate: insert into question (answer, choice1, choice2, choice3, choice4, choice5, content, correct, create_date, filepath, modify_date, score, subject, teacher_id, time, view) values (?, ?, ?, ?, ?, ?, ?, ?, ?, ?, ?, ?, ?, ?, ?, ?)
make question 8692
Hibernate: insert into question (answer, choice1, choice2, choice3, choice4, choice5, content, correct, create_date, filepath, modify_date, score, subject, teacher_id, time, view) values (?, ?, ?, ?, ?, ?, ?, ?, ?, ?, ?, ?, ?, ?, ?, ?)
make question 8693
Hibernate: insert into question (answer, choice1, choice2, choice3, choice4, choice5, content, correct, create_date, filepath, modify_date, score, subject, teacher_id, time, view) values (?, ?, ?, ?, ?, ?, ?, ?, ?, ?, ?, ?, ?, ?, ?, ?)
make question 8694
Hibernate: insert into question (answer, choice1, choice2, choice3, choice4, choice5, content, correct, create_date, filepath, modify_date, score, subject, teacher_id, time, view) values (?, ?, ?, ?, ?, ?, ?, ?, ?, ?, ?, ?, ?, ?, ?, ?)
make question 8695
Hibernate: insert into question (answer, choice1, choice2, choice3, choice4, choice5, content, correct, create_date, filepath, modify_date, score, subject, teacher_id, time, view) values (?, ?, ?, ?, ?, ?, ?, ?, ?, ?, ?, ?, ?, ?, ?, ?)
make question 8696
Hibernate: insert into question (answer, choice1, choice2, choice3, choice4, choice5, content, correct, create_date, filepath, modify_date, score, subject, teacher_id, time, view) values (?, ?, ?, ?, ?, ?, ?, ?, ?, ?, ?, ?, ?, ?, ?, ?)
make question 8697
Hibernate: insert into question (answer, choice1, choice2, choice3, choice4, choice5, content, correct, create_date, filepath, modify_date, score, subject, teacher_id, time, view) values (?, ?, ?, ?, ?, ?, ?, ?, ?, ?, ?, ?, ?, ?, ?, ?)
make question 8698
Hibernate: insert into question (answer, choice1, choice2, choice3, choice4, choice5, content, correct, create_date, filepath, modify_date, score, subject, teacher_id, time, view) values (?, ?, ?, ?, ?, ?, ?, ?, ?, ?, ?, ?, ?, ?, ?, ?)
make question 8699
Hibernate: insert into question (answer, choice1, choice2, choice3, choice4, choice5, content, correct, create_date, filepath, modify_date, score, subject, teacher_id, time, view) values (?, ?, ?, ?, ?, ?, ?, ?, ?, ?, ?, ?, ?, ?, ?, ?)
make question 8700
Hibernate: insert into question (answer, choice1, choice2, choice3, choice4, choice5, content, correct, create_date, filepath, modify_date, score, subject, teacher_id, time, view) values (?, ?, ?, ?, ?, ?, ?, ?, ?, ?, ?, ?, ?, ?, ?, ?)
make question 8701
Hibernate: insert into question (answer, choice1, choice2, choice3, choice4, choice5, content, correct, create_date, filepath, modify_date, score, subject, teacher_id, time, view) values (?, ?, ?, ?, ?, ?, ?, ?, ?, ?, ?, ?, ?, ?, ?, ?)
make question 8702
Hibernate: insert into question (answer, choice1, choice2, choice3, choice4, choice5, content, correct, create_date, filepath, modify_date, score, subject, teacher_id, time, view) values (?, ?, ?, ?, ?, ?, ?, ?, ?, ?, ?, ?, ?, ?, ?, ?)
make question 8703
Hibernate: insert into question (answer, choice1, choice2, choice3, choice4, choice5, content, correct, create_date, filepath, modify_date, score, subject, teacher_id, time, view) values (?, ?, ?, ?, ?, ?, ?, ?, ?, ?, ?, ?, ?, ?, ?, ?)
make question 8704
Hibernate: insert into question (answer, choice1, choice2, choice3, choice4, choice5, content, correct, create_date, filepath, modify_date, score, subject, teacher_id, time, view) values (?, ?, ?, ?, ?, ?, ?, ?, ?, ?, ?, ?, ?, ?, ?, ?)
make question 8705
Hibernate: insert into question (answer, choice1, choice2, choice3, choice4, choice5, content, correct, create_date, filepath, modify_date, score, subject, teacher_id, time, view) values (?, ?, ?, ?, ?, ?, ?, ?, ?, ?, ?, ?, ?, ?, ?, ?)
make question 8706
Hibernate: insert into question (answer, choice1, choice2, choice3, choice4, choice5, content, correct, create_date, filepath, modify_date, score, subject, teacher_id, time, view) values (?, ?, ?, ?, ?, ?, ?, ?, ?, ?, ?, ?, ?, ?, ?, ?)
make question 8707
Hibernate: insert into question (answer, choice1, choice2, choice3, choice4, choice5, content, correct, create_date, filepath, modify_date, score, subject, teacher_id, time, view) values (?, ?, ?, ?, ?, ?, ?, ?, ?, ?, ?, ?, ?, ?, ?, ?)
make question 8708
Hibernate: insert into question (answer, choice1, choice2, choice3, choice4, choice5, content, correct, create_date, filepath, modify_date, score, subject, teacher_id, time, view) values (?, ?, ?, ?, ?, ?, ?, ?, ?, ?, ?, ?, ?, ?, ?, ?)
make question 8709
Hibernate: insert into question (answer, choice1, choice2, choice3, choice4, choice5, content, correct, create_date, filepath, modify_date, score, subject, teacher_id, time, view) values (?, ?, ?, ?, ?, ?, ?, ?, ?, ?, ?, ?, ?, ?, ?, ?)
make question 8710
Hibernate: insert into question (answer, choice1, choice2, choice3, choice4, choice5, content, correct, create_date, filepath, modify_date, score, subject, teacher_id, time, view) values (?, ?, ?, ?, ?, ?, ?, ?, ?, ?, ?, ?, ?, ?, ?, ?)
make question 8711
Hibernate: insert into question (answer, choice1, choice2, choice3, choice4, choice5, content, correct, create_date, filepath, modify_date, score, subject, teacher_id, time, view) values (?, ?, ?, ?, ?, ?, ?, ?, ?, ?, ?, ?, ?, ?, ?, ?)
make question 8712
Hibernate: insert into question (answer, choice1, choice2, choice3, choice4, choice5, content, correct, create_date, filepath, modify_date, score, subject, teacher_id, time, view) values (?, ?, ?, ?, ?, ?, ?, ?, ?, ?, ?, ?, ?, ?, ?, ?)
make question 8713
Hibernate: insert into question (answer, choice1, choice2, choice3, choice4, choice5, content, correct, create_date, filepath, modify_date, score, subject, teacher_id, time, view) values (?, ?, ?, ?, ?, ?, ?, ?, ?, ?, ?, ?, ?, ?, ?, ?)
make question 8714
Hibernate: insert into question (answer, choice1, choice2, choice3, choice4, choice5, content, correct, create_date, filepath, modify_date, score, subject, teacher_id, time, view) values (?, ?, ?, ?, ?, ?, ?, ?, ?, ?, ?, ?, ?, ?, ?, ?)
make question 8715
Hibernate: insert into question (answer, choice1, choice2, choice3, choice4, choice5, content, correct, create_date, filepath, modify_date, score, subject, teacher_id, time, view) values (?, ?, ?, ?, ?, ?, ?, ?, ?, ?, ?, ?, ?, ?, ?, ?)
make question 8716
Hibernate: insert into question (answer, choice1, choice2, choice3, choice4, choice5, content, correct, create_date, filepath, modify_date, score, subject, teacher_id, time, view) values (?, ?, ?, ?, ?, ?, ?, ?, ?, ?, ?, ?, ?, ?, ?, ?)
make question 8717
Hibernate: insert into question (answer, choice1, choice2, choice3, choice4, choice5, content, correct, create_date, filepath, modify_date, score, subject, teacher_id, time, view) values (?, ?, ?, ?, ?, ?, ?, ?, ?, ?, ?, ?, ?, ?, ?, ?)
make question 8718
Hibernate: insert into question (answer, choice1, choice2, choice3, choice4, choice5, content, correct, create_date, filepath, modify_date, score, subject, teacher_id, time, view) values (?, ?, ?, ?, ?, ?, ?, ?, ?, ?, ?, ?, ?, ?, ?, ?)
make question 8719
Hibernate: insert into question (answer, choice1, choice2, choice3, choice4, choice5, content, correct, create_date, filepath, modify_date, score, subject, teacher_id, time, view) values (?, ?, ?, ?, ?, ?, ?, ?, ?, ?, ?, ?, ?, ?, ?, ?)
make question 8720
Hibernate: insert into question (answer, choice1, choice2, choice3, choice4, choice5, content, correct, create_date, filepath, modify_date, score, subject, teacher_id, time, view) values (?, ?, ?, ?, ?, ?, ?, ?, ?, ?, ?, ?, ?, ?, ?, ?)
make question 8721
Hibernate: insert into question (answer, choice1, choice2, choice3, choice4, choice5, content, correct, create_date, filepath, modify_date, score, subject, teacher_id, time, view) values (?, ?, ?, ?, ?, ?, ?, ?, ?, ?, ?, ?, ?, ?, ?, ?)
make question 8722
Hibernate: insert into question (answer, choice1, choice2, choice3, choice4, choice5, content, correct, create_date, filepath, modify_date, score, subject, teacher_id, time, view) values (?, ?, ?, ?, ?, ?, ?, ?, ?, ?, ?, ?, ?, ?, ?, ?)
make question 8723
Hibernate: insert into question (answer, choice1, choice2, choice3, choice4, choice5, content, correct, create_date, filepath, modify_date, score, subject, teacher_id, time, view) values (?, ?, ?, ?, ?, ?, ?, ?, ?, ?, ?, ?, ?, ?, ?, ?)
make question 8724
Hibernate: insert into question (answer, choice1, choice2, choice3, choice4, choice5, content, correct, create_date, filepath, modify_date, score, subject, teacher_id, time, view) values (?, ?, ?, ?, ?, ?, ?, ?, ?, ?, ?, ?, ?, ?, ?, ?)
make question 8725
Hibernate: insert into question (answer, choice1, choice2, choice3, choice4, choice5, content, correct, create_date, filepath, modify_date, score, subject, teacher_id, time, view) values (?, ?, ?, ?, ?, ?, ?, ?, ?, ?, ?, ?, ?, ?, ?, ?)
make question 8726
Hibernate: insert into question (answer, choice1, choice2, choice3, choice4, choice5, content, correct, create_date, filepath, modify_date, score, subject, teacher_id, time, view) values (?, ?, ?, ?, ?, ?, ?, ?, ?, ?, ?, ?, ?, ?, ?, ?)
make question 8727
Hibernate: insert into question (answer, choice1, choice2, choice3, choice4, choice5, content, correct, create_date, filepath, modify_date, score, subject, teacher_id, time, view) values (?, ?, ?, ?, ?, ?, ?, ?, ?, ?, ?, ?, ?, ?, ?, ?)
make question 8728
Hibernate: insert into question (answer, choice1, choice2, choice3, choice4, choice5, content, correct, create_date, filepath, modify_date, score, subject, teacher_id, time, view) values (?, ?, ?, ?, ?, ?, ?, ?, ?, ?, ?, ?, ?, ?, ?, ?)
make question 8729
Hibernate: insert into question (answer, choice1, choice2, choice3, choice4, choice5, content, correct, create_date, filepath, modify_date, score, subject, teacher_id, time, view) values (?, ?, ?, ?, ?, ?, ?, ?, ?, ?, ?, ?, ?, ?, ?, ?)
make question 8730
Hibernate: insert into question (answer, choice1, choice2, choice3, choice4, choice5, content, correct, create_date, filepath, modify_date, score, subject, teacher_id, time, view) values (?, ?, ?, ?, ?, ?, ?, ?, ?, ?, ?, ?, ?, ?, ?, ?)
make question 8731
Hibernate: insert into question (answer, choice1, choice2, choice3, choice4, choice5, content, correct, create_date, filepath, modify_date, score, subject, teacher_id, time, view) values (?, ?, ?, ?, ?, ?, ?, ?, ?, ?, ?, ?, ?, ?, ?, ?)
make question 8732
Hibernate: insert into question (answer, choice1, choice2, choice3, choice4, choice5, content, correct, create_date, filepath, modify_date, score, subject, teacher_id, time, view) values (?, ?, ?, ?, ?, ?, ?, ?, ?, ?, ?, ?, ?, ?, ?, ?)
make question 8733
Hibernate: insert into question (answer, choice1, choice2, choice3, choice4, choice5, content, correct, create_date, filepath, modify_date, score, subject, teacher_id, time, view) values (?, ?, ?, ?, ?, ?, ?, ?, ?, ?, ?, ?, ?, ?, ?, ?)
make question 8734
Hibernate: insert into question (answer, choice1, choice2, choice3, choice4, choice5, content, correct, create_date, filepath, modify_date, score, subject, teacher_id, time, view) values (?, ?, ?, ?, ?, ?, ?, ?, ?, ?, ?, ?, ?, ?, ?, ?)
make question 8735
Hibernate: insert into question (answer, choice1, choice2, choice3, choice4, choice5, content, correct, create_date, filepath, modify_date, score, subject, teacher_id, time, view) values (?, ?, ?, ?, ?, ?, ?, ?, ?, ?, ?, ?, ?, ?, ?, ?)
make question 8736
Hibernate: insert into question (answer, choice1, choice2, choice3, choice4, choice5, content, correct, create_date, filepath, modify_date, score, subject, teacher_id, time, view) values (?, ?, ?, ?, ?, ?, ?, ?, ?, ?, ?, ?, ?, ?, ?, ?)
make question 8737
Hibernate: insert into question (answer, choice1, choice2, choice3, choice4, choice5, content, correct, create_date, filepath, modify_date, score, subject, teacher_id, time, view) values (?, ?, ?, ?, ?, ?, ?, ?, ?, ?, ?, ?, ?, ?, ?, ?)
make question 8738
Hibernate: insert into question (answer, choice1, choice2, choice3, choice4, choice5, content, correct, create_date, filepath, modify_date, score, subject, teacher_id, time, view) values (?, ?, ?, ?, ?, ?, ?, ?, ?, ?, ?, ?, ?, ?, ?, ?)
make question 8739
Hibernate: insert into question (answer, choice1, choice2, choice3, choice4, choice5, content, correct, create_date, filepath, modify_date, score, subject, teacher_id, time, view) values (?, ?, ?, ?, ?, ?, ?, ?, ?, ?, ?, ?, ?, ?, ?, ?)
make question 8740
Hibernate: insert into question (answer, choice1, choice2, choice3, choice4, choice5, content, correct, create_date, filepath, modify_date, score, subject, teacher_id, time, view) values (?, ?, ?, ?, ?, ?, ?, ?, ?, ?, ?, ?, ?, ?, ?, ?)
make question 8741
Hibernate: insert into question (answer, choice1, choice2, choice3, choice4, choice5, content, correct, create_date, filepath, modify_date, score, subject, teacher_id, time, view) values (?, ?, ?, ?, ?, ?, ?, ?, ?, ?, ?, ?, ?, ?, ?, ?)
make question 8742
Hibernate: insert into question (answer, choice1, choice2, choice3, choice4, choice5, content, correct, create_date, filepath, modify_date, score, subject, teacher_id, time, view) values (?, ?, ?, ?, ?, ?, ?, ?, ?, ?, ?, ?, ?, ?, ?, ?)
make question 8743
Hibernate: insert into question (answer, choice1, choice2, choice3, choice4, choice5, content, correct, create_date, filepath, modify_date, score, subject, teacher_id, time, view) values (?, ?, ?, ?, ?, ?, ?, ?, ?, ?, ?, ?, ?, ?, ?, ?)
make question 8744
Hibernate: insert into question (answer, choice1, choice2, choice3, choice4, choice5, content, correct, create_date, filepath, modify_date, score, subject, teacher_id, time, view) values (?, ?, ?, ?, ?, ?, ?, ?, ?, ?, ?, ?, ?, ?, ?, ?)
make question 8745
Hibernate: insert into question (answer, choice1, choice2, choice3, choice4, choice5, content, correct, create_date, filepath, modify_date, score, subject, teacher_id, time, view) values (?, ?, ?, ?, ?, ?, ?, ?, ?, ?, ?, ?, ?, ?, ?, ?)
make question 8746
Hibernate: insert into question (answer, choice1, choice2, choice3, choice4, choice5, content, correct, create_date, filepath, modify_date, score, subject, teacher_id, time, view) values (?, ?, ?, ?, ?, ?, ?, ?, ?, ?, ?, ?, ?, ?, ?, ?)
make question 8747
Hibernate: insert into question (answer, choice1, choice2, choice3, choice4, choice5, content, correct, create_date, filepath, modify_date, score, subject, teacher_id, time, view) values (?, ?, ?, ?, ?, ?, ?, ?, ?, ?, ?, ?, ?, ?, ?, ?)
make question 8748
Hibernate: insert into question (answer, choice1, choice2, choice3, choice4, choice5, content, correct, create_date, filepath, modify_date, score, subject, teacher_id, time, view) values (?, ?, ?, ?, ?, ?, ?, ?, ?, ?, ?, ?, ?, ?, ?, ?)
make question 8749
Hibernate: insert into question (answer, choice1, choice2, choice3, choice4, choice5, content, correct, create_date, filepath, modify_date, score, subject, teacher_id, time, view) values (?, ?, ?, ?, ?, ?, ?, ?, ?, ?, ?, ?, ?, ?, ?, ?)
make question 8750
Hibernate: insert into question (answer, choice1, choice2, choice3, choice4, choice5, content, correct, create_date, filepath, modify_date, score, subject, teacher_id, time, view) values (?, ?, ?, ?, ?, ?, ?, ?, ?, ?, ?, ?, ?, ?, ?, ?)
make question 8751
Hibernate: insert into question (answer, choice1, choice2, choice3, choice4, choice5, content, correct, create_date, filepath, modify_date, score, subject, teacher_id, time, view) values (?, ?, ?, ?, ?, ?, ?, ?, ?, ?, ?, ?, ?, ?, ?, ?)
make question 8752
Hibernate: insert into question (answer, choice1, choice2, choice3, choice4, choice5, content, correct, create_date, filepath, modify_date, score, subject, teacher_id, time, view) values (?, ?, ?, ?, ?, ?, ?, ?, ?, ?, ?, ?, ?, ?, ?, ?)
make question 8753
Hibernate: insert into question (answer, choice1, choice2, choice3, choice4, choice5, content, correct, create_date, filepath, modify_date, score, subject, teacher_id, time, view) values (?, ?, ?, ?, ?, ?, ?, ?, ?, ?, ?, ?, ?, ?, ?, ?)
make question 8754
Hibernate: insert into question (answer, choice1, choice2, choice3, choice4, choice5, content, correct, create_date, filepath, modify_date, score, subject, teacher_id, time, view) values (?, ?, ?, ?, ?, ?, ?, ?, ?, ?, ?, ?, ?, ?, ?, ?)
make question 8755
Hibernate: insert into question (answer, choice1, choice2, choice3, choice4, choice5, content, correct, create_date, filepath, modify_date, score, subject, teacher_id, time, view) values (?, ?, ?, ?, ?, ?, ?, ?, ?, ?, ?, ?, ?, ?, ?, ?)
make question 8756
Hibernate: insert into question (answer, choice1, choice2, choice3, choice4, choice5, content, correct, create_date, filepath, modify_date, score, subject, teacher_id, time, view) values (?, ?, ?, ?, ?, ?, ?, ?, ?, ?, ?, ?, ?, ?, ?, ?)
make question 8757
Hibernate: insert into question (answer, choice1, choice2, choice3, choice4, choice5, content, correct, create_date, filepath, modify_date, score, subject, teacher_id, time, view) values (?, ?, ?, ?, ?, ?, ?, ?, ?, ?, ?, ?, ?, ?, ?, ?)
make question 8758
Hibernate: insert into question (answer, choice1, choice2, choice3, choice4, choice5, content, correct, create_date, filepath, modify_date, score, subject, teacher_id, time, view) values (?, ?, ?, ?, ?, ?, ?, ?, ?, ?, ?, ?, ?, ?, ?, ?)
make question 8759
Hibernate: insert into question (answer, choice1, choice2, choice3, choice4, choice5, content, correct, create_date, filepath, modify_date, score, subject, teacher_id, time, view) values (?, ?, ?, ?, ?, ?, ?, ?, ?, ?, ?, ?, ?, ?, ?, ?)
make question 8760
Hibernate: insert into question (answer, choice1, choice2, choice3, choice4, choice5, content, correct, create_date, filepath, modify_date, score, subject, teacher_id, time, view) values (?, ?, ?, ?, ?, ?, ?, ?, ?, ?, ?, ?, ?, ?, ?, ?)
make question 8761
Hibernate: insert into question (answer, choice1, choice2, choice3, choice4, choice5, content, correct, create_date, filepath, modify_date, score, subject, teacher_id, time, view) values (?, ?, ?, ?, ?, ?, ?, ?, ?, ?, ?, ?, ?, ?, ?, ?)
make question 8762
Hibernate: insert into question (answer, choice1, choice2, choice3, choice4, choice5, content, correct, create_date, filepath, modify_date, score, subject, teacher_id, time, view) values (?, ?, ?, ?, ?, ?, ?, ?, ?, ?, ?, ?, ?, ?, ?, ?)
make question 8763
Hibernate: insert into question (answer, choice1, choice2, choice3, choice4, choice5, content, correct, create_date, filepath, modify_date, score, subject, teacher_id, time, view) values (?, ?, ?, ?, ?, ?, ?, ?, ?, ?, ?, ?, ?, ?, ?, ?)
make question 8764
Hibernate: insert into question (answer, choice1, choice2, choice3, choice4, choice5, content, correct, create_date, filepath, modify_date, score, subject, teacher_id, time, view) values (?, ?, ?, ?, ?, ?, ?, ?, ?, ?, ?, ?, ?, ?, ?, ?)
make question 8765
Hibernate: insert into question (answer, choice1, choice2, choice3, choice4, choice5, content, correct, create_date, filepath, modify_date, score, subject, teacher_id, time, view) values (?, ?, ?, ?, ?, ?, ?, ?, ?, ?, ?, ?, ?, ?, ?, ?)
make question 8766
Hibernate: insert into question (answer, choice1, choice2, choice3, choice4, choice5, content, correct, create_date, filepath, modify_date, score, subject, teacher_id, time, view) values (?, ?, ?, ?, ?, ?, ?, ?, ?, ?, ?, ?, ?, ?, ?, ?)
make question 8767
Hibernate: insert into question (answer, choice1, choice2, choice3, choice4, choice5, content, correct, create_date, filepath, modify_date, score, subject, teacher_id, time, view) values (?, ?, ?, ?, ?, ?, ?, ?, ?, ?, ?, ?, ?, ?, ?, ?)
make question 8768
Hibernate: insert into question (answer, choice1, choice2, choice3, choice4, choice5, content, correct, create_date, filepath, modify_date, score, subject, teacher_id, time, view) values (?, ?, ?, ?, ?, ?, ?, ?, ?, ?, ?, ?, ?, ?, ?, ?)
make question 8769
Hibernate: insert into question (answer, choice1, choice2, choice3, choice4, choice5, content, correct, create_date, filepath, modify_date, score, subject, teacher_id, time, view) values (?, ?, ?, ?, ?, ?, ?, ?, ?, ?, ?, ?, ?, ?, ?, ?)
make question 8770
Hibernate: insert into question (answer, choice1, choice2, choice3, choice4, choice5, content, correct, create_date, filepath, modify_date, score, subject, teacher_id, time, view) values (?, ?, ?, ?, ?, ?, ?, ?, ?, ?, ?, ?, ?, ?, ?, ?)
make question 8771
Hibernate: insert into question (answer, choice1, choice2, choice3, choice4, choice5, content, correct, create_date, filepath, modify_date, score, subject, teacher_id, time, view) values (?, ?, ?, ?, ?, ?, ?, ?, ?, ?, ?, ?, ?, ?, ?, ?)
make question 8772
Hibernate: insert into question (answer, choice1, choice2, choice3, choice4, choice5, content, correct, create_date, filepath, modify_date, score, subject, teacher_id, time, view) values (?, ?, ?, ?, ?, ?, ?, ?, ?, ?, ?, ?, ?, ?, ?, ?)
make question 8773
Hibernate: insert into question (answer, choice1, choice2, choice3, choice4, choice5, content, correct, create_date, filepath, modify_date, score, subject, teacher_id, time, view) values (?, ?, ?, ?, ?, ?, ?, ?, ?, ?, ?, ?, ?, ?, ?, ?)
make question 8774
Hibernate: insert into question (answer, choice1, choice2, choice3, choice4, choice5, content, correct, create_date, filepath, modify_date, score, subject, teacher_id, time, view) values (?, ?, ?, ?, ?, ?, ?, ?, ?, ?, ?, ?, ?, ?, ?, ?)
make question 8775
Hibernate: insert into question (answer, choice1, choice2, choice3, choice4, choice5, content, correct, create_date, filepath, modify_date, score, subject, teacher_id, time, view) values (?, ?, ?, ?, ?, ?, ?, ?, ?, ?, ?, ?, ?, ?, ?, ?)
make question 8776
Hibernate: insert into question (answer, choice1, choice2, choice3, choice4, choice5, content, correct, create_date, filepath, modify_date, score, subject, teacher_id, time, view) values (?, ?, ?, ?, ?, ?, ?, ?, ?, ?, ?, ?, ?, ?, ?, ?)
make question 8777
Hibernate: insert into question (answer, choice1, choice2, choice3, choice4, choice5, content, correct, create_date, filepath, modify_date, score, subject, teacher_id, time, view) values (?, ?, ?, ?, ?, ?, ?, ?, ?, ?, ?, ?, ?, ?, ?, ?)
make question 8778
Hibernate: insert into question (answer, choice1, choice2, choice3, choice4, choice5, content, correct, create_date, filepath, modify_date, score, subject, teacher_id, time, view) values (?, ?, ?, ?, ?, ?, ?, ?, ?, ?, ?, ?, ?, ?, ?, ?)
make question 8779
Hibernate: insert into question (answer, choice1, choice2, choice3, choice4, choice5, content, correct, create_date, filepath, modify_date, score, subject, teacher_id, time, view) values (?, ?, ?, ?, ?, ?, ?, ?, ?, ?, ?, ?, ?, ?, ?, ?)
make question 8780
Hibernate: insert into question (answer, choice1, choice2, choice3, choice4, choice5, content, correct, create_date, filepath, modify_date, score, subject, teacher_id, time, view) values (?, ?, ?, ?, ?, ?, ?, ?, ?, ?, ?, ?, ?, ?, ?, ?)
make question 8781
Hibernate: insert into question (answer, choice1, choice2, choice3, choice4, choice5, content, correct, create_date, filepath, modify_date, score, subject, teacher_id, time, view) values (?, ?, ?, ?, ?, ?, ?, ?, ?, ?, ?, ?, ?, ?, ?, ?)
make question 8782
Hibernate: insert into question (answer, choice1, choice2, choice3, choice4, choice5, content, correct, create_date, filepath, modify_date, score, subject, teacher_id, time, view) values (?, ?, ?, ?, ?, ?, ?, ?, ?, ?, ?, ?, ?, ?, ?, ?)
make question 8783
Hibernate: insert into question (answer, choice1, choice2, choice3, choice4, choice5, content, correct, create_date, filepath, modify_date, score, subject, teacher_id, time, view) values (?, ?, ?, ?, ?, ?, ?, ?, ?, ?, ?, ?, ?, ?, ?, ?)
make question 8784
Hibernate: insert into question (answer, choice1, choice2, choice3, choice4, choice5, content, correct, create_date, filepath, modify_date, score, subject, teacher_id, time, view) values (?, ?, ?, ?, ?, ?, ?, ?, ?, ?, ?, ?, ?, ?, ?, ?)
make question 8785
Hibernate: insert into question (answer, choice1, choice2, choice3, choice4, choice5, content, correct, create_date, filepath, modify_date, score, subject, teacher_id, time, view) values (?, ?, ?, ?, ?, ?, ?, ?, ?, ?, ?, ?, ?, ?, ?, ?)
make question 8786
Hibernate: insert into question (answer, choice1, choice2, choice3, choice4, choice5, content, correct, create_date, filepath, modify_date, score, subject, teacher_id, time, view) values (?, ?, ?, ?, ?, ?, ?, ?, ?, ?, ?, ?, ?, ?, ?, ?)
make question 8787
Hibernate: insert into question (answer, choice1, choice2, choice3, choice4, choice5, content, correct, create_date, filepath, modify_date, score, subject, teacher_id, time, view) values (?, ?, ?, ?, ?, ?, ?, ?, ?, ?, ?, ?, ?, ?, ?, ?)
make question 8788
Hibernate: insert into question (answer, choice1, choice2, choice3, choice4, choice5, content, correct, create_date, filepath, modify_date, score, subject, teacher_id, time, view) values (?, ?, ?, ?, ?, ?, ?, ?, ?, ?, ?, ?, ?, ?, ?, ?)
make question 8789
Hibernate: insert into question (answer, choice1, choice2, choice3, choice4, choice5, content, correct, create_date, filepath, modify_date, score, subject, teacher_id, time, view) values (?, ?, ?, ?, ?, ?, ?, ?, ?, ?, ?, ?, ?, ?, ?, ?)
make question 8790
Hibernate: insert into question (answer, choice1, choice2, choice3, choice4, choice5, content, correct, create_date, filepath, modify_date, score, subject, teacher_id, time, view) values (?, ?, ?, ?, ?, ?, ?, ?, ?, ?, ?, ?, ?, ?, ?, ?)
make question 8791
Hibernate: insert into question (answer, choice1, choice2, choice3, choice4, choice5, content, correct, create_date, filepath, modify_date, score, subject, teacher_id, time, view) values (?, ?, ?, ?, ?, ?, ?, ?, ?, ?, ?, ?, ?, ?, ?, ?)
make question 8792
Hibernate: insert into question (answer, choice1, choice2, choice3, choice4, choice5, content, correct, create_date, filepath, modify_date, score, subject, teacher_id, time, view) values (?, ?, ?, ?, ?, ?, ?, ?, ?, ?, ?, ?, ?, ?, ?, ?)
make question 8793
Hibernate: insert into question (answer, choice1, choice2, choice3, choice4, choice5, content, correct, create_date, filepath, modify_date, score, subject, teacher_id, time, view) values (?, ?, ?, ?, ?, ?, ?, ?, ?, ?, ?, ?, ?, ?, ?, ?)
make question 8794
Hibernate: insert into question (answer, choice1, choice2, choice3, choice4, choice5, content, correct, create_date, filepath, modify_date, score, subject, teacher_id, time, view) values (?, ?, ?, ?, ?, ?, ?, ?, ?, ?, ?, ?, ?, ?, ?, ?)
make question 8795
Hibernate: insert into question (answer, choice1, choice2, choice3, choice4, choice5, content, correct, create_date, filepath, modify_date, score, subject, teacher_id, time, view) values (?, ?, ?, ?, ?, ?, ?, ?, ?, ?, ?, ?, ?, ?, ?, ?)
make question 8796
Hibernate: insert into question (answer, choice1, choice2, choice3, choice4, choice5, content, correct, create_date, filepath, modify_date, score, subject, teacher_id, time, view) values (?, ?, ?, ?, ?, ?, ?, ?, ?, ?, ?, ?, ?, ?, ?, ?)
make question 8797
Hibernate: insert into question (answer, choice1, choice2, choice3, choice4, choice5, content, correct, create_date, filepath, modify_date, score, subject, teacher_id, time, view) values (?, ?, ?, ?, ?, ?, ?, ?, ?, ?, ?, ?, ?, ?, ?, ?)
make question 8798
Hibernate: insert into question (answer, choice1, choice2, choice3, choice4, choice5, content, correct, create_date, filepath, modify_date, score, subject, teacher_id, time, view) values (?, ?, ?, ?, ?, ?, ?, ?, ?, ?, ?, ?, ?, ?, ?, ?)
make question 8799
Hibernate: insert into question (answer, choice1, choice2, choice3, choice4, choice5, content, correct, create_date, filepath, modify_date, score, subject, teacher_id, time, view) values (?, ?, ?, ?, ?, ?, ?, ?, ?, ?, ?, ?, ?, ?, ?, ?)
make question 8800
Hibernate: insert into question (answer, choice1, choice2, choice3, choice4, choice5, content, correct, create_date, filepath, modify_date, score, subject, teacher_id, time, view) values (?, ?, ?, ?, ?, ?, ?, ?, ?, ?, ?, ?, ?, ?, ?, ?)
make question 8801
Hibernate: insert into question (answer, choice1, choice2, choice3, choice4, choice5, content, correct, create_date, filepath, modify_date, score, subject, teacher_id, time, view) values (?, ?, ?, ?, ?, ?, ?, ?, ?, ?, ?, ?, ?, ?, ?, ?)
make question 8802
Hibernate: insert into question (answer, choice1, choice2, choice3, choice4, choice5, content, correct, create_date, filepath, modify_date, score, subject, teacher_id, time, view) values (?, ?, ?, ?, ?, ?, ?, ?, ?, ?, ?, ?, ?, ?, ?, ?)
make question 8803
Hibernate: insert into question (answer, choice1, choice2, choice3, choice4, choice5, content, correct, create_date, filepath, modify_date, score, subject, teacher_id, time, view) values (?, ?, ?, ?, ?, ?, ?, ?, ?, ?, ?, ?, ?, ?, ?, ?)
make question 8804
Hibernate: insert into question (answer, choice1, choice2, choice3, choice4, choice5, content, correct, create_date, filepath, modify_date, score, subject, teacher_id, time, view) values (?, ?, ?, ?, ?, ?, ?, ?, ?, ?, ?, ?, ?, ?, ?, ?)
make question 8805
Hibernate: insert into question (answer, choice1, choice2, choice3, choice4, choice5, content, correct, create_date, filepath, modify_date, score, subject, teacher_id, time, view) values (?, ?, ?, ?, ?, ?, ?, ?, ?, ?, ?, ?, ?, ?, ?, ?)
make question 8806
Hibernate: insert into question (answer, choice1, choice2, choice3, choice4, choice5, content, correct, create_date, filepath, modify_date, score, subject, teacher_id, time, view) values (?, ?, ?, ?, ?, ?, ?, ?, ?, ?, ?, ?, ?, ?, ?, ?)
make question 8807
Hibernate: insert into question (answer, choice1, choice2, choice3, choice4, choice5, content, correct, create_date, filepath, modify_date, score, subject, teacher_id, time, view) values (?, ?, ?, ?, ?, ?, ?, ?, ?, ?, ?, ?, ?, ?, ?, ?)
make question 8808
Hibernate: insert into question (answer, choice1, choice2, choice3, choice4, choice5, content, correct, create_date, filepath, modify_date, score, subject, teacher_id, time, view) values (?, ?, ?, ?, ?, ?, ?, ?, ?, ?, ?, ?, ?, ?, ?, ?)
make question 8809
Hibernate: insert into question (answer, choice1, choice2, choice3, choice4, choice5, content, correct, create_date, filepath, modify_date, score, subject, teacher_id, time, view) values (?, ?, ?, ?, ?, ?, ?, ?, ?, ?, ?, ?, ?, ?, ?, ?)
make question 8810
Hibernate: insert into question (answer, choice1, choice2, choice3, choice4, choice5, content, correct, create_date, filepath, modify_date, score, subject, teacher_id, time, view) values (?, ?, ?, ?, ?, ?, ?, ?, ?, ?, ?, ?, ?, ?, ?, ?)
make question 8811
Hibernate: insert into question (answer, choice1, choice2, choice3, choice4, choice5, content, correct, create_date, filepath, modify_date, score, subject, teacher_id, time, view) values (?, ?, ?, ?, ?, ?, ?, ?, ?, ?, ?, ?, ?, ?, ?, ?)
make question 8812
Hibernate: insert into question (answer, choice1, choice2, choice3, choice4, choice5, content, correct, create_date, filepath, modify_date, score, subject, teacher_id, time, view) values (?, ?, ?, ?, ?, ?, ?, ?, ?, ?, ?, ?, ?, ?, ?, ?)
make question 8813
Hibernate: insert into question (answer, choice1, choice2, choice3, choice4, choice5, content, correct, create_date, filepath, modify_date, score, subject, teacher_id, time, view) values (?, ?, ?, ?, ?, ?, ?, ?, ?, ?, ?, ?, ?, ?, ?, ?)
make question 8814
Hibernate: insert into question (answer, choice1, choice2, choice3, choice4, choice5, content, correct, create_date, filepath, modify_date, score, subject, teacher_id, time, view) values (?, ?, ?, ?, ?, ?, ?, ?, ?, ?, ?, ?, ?, ?, ?, ?)
make question 8815
Hibernate: insert into question (answer, choice1, choice2, choice3, choice4, choice5, content, correct, create_date, filepath, modify_date, score, subject, teacher_id, time, view) values (?, ?, ?, ?, ?, ?, ?, ?, ?, ?, ?, ?, ?, ?, ?, ?)
make question 8816
Hibernate: insert into question (answer, choice1, choice2, choice3, choice4, choice5, content, correct, create_date, filepath, modify_date, score, subject, teacher_id, time, view) values (?, ?, ?, ?, ?, ?, ?, ?, ?, ?, ?, ?, ?, ?, ?, ?)
make question 8817
Hibernate: insert into question (answer, choice1, choice2, choice3, choice4, choice5, content, correct, create_date, filepath, modify_date, score, subject, teacher_id, time, view) values (?, ?, ?, ?, ?, ?, ?, ?, ?, ?, ?, ?, ?, ?, ?, ?)
make question 8818
Hibernate: insert into question (answer, choice1, choice2, choice3, choice4, choice5, content, correct, create_date, filepath, modify_date, score, subject, teacher_id, time, view) values (?, ?, ?, ?, ?, ?, ?, ?, ?, ?, ?, ?, ?, ?, ?, ?)
make question 8819
Hibernate: insert into question (answer, choice1, choice2, choice3, choice4, choice5, content, correct, create_date, filepath, modify_date, score, subject, teacher_id, time, view) values (?, ?, ?, ?, ?, ?, ?, ?, ?, ?, ?, ?, ?, ?, ?, ?)
make question 8820
Hibernate: insert into question (answer, choice1, choice2, choice3, choice4, choice5, content, correct, create_date, filepath, modify_date, score, subject, teacher_id, time, view) values (?, ?, ?, ?, ?, ?, ?, ?, ?, ?, ?, ?, ?, ?, ?, ?)
make question 8821
Hibernate: insert into question (answer, choice1, choice2, choice3, choice4, choice5, content, correct, create_date, filepath, modify_date, score, subject, teacher_id, time, view) values (?, ?, ?, ?, ?, ?, ?, ?, ?, ?, ?, ?, ?, ?, ?, ?)
make question 8822
Hibernate: insert into question (answer, choice1, choice2, choice3, choice4, choice5, content, correct, create_date, filepath, modify_date, score, subject, teacher_id, time, view) values (?, ?, ?, ?, ?, ?, ?, ?, ?, ?, ?, ?, ?, ?, ?, ?)
make question 8823
Hibernate: insert into question (answer, choice1, choice2, choice3, choice4, choice5, content, correct, create_date, filepath, modify_date, score, subject, teacher_id, time, view) values (?, ?, ?, ?, ?, ?, ?, ?, ?, ?, ?, ?, ?, ?, ?, ?)
make question 8824
Hibernate: insert into question (answer, choice1, choice2, choice3, choice4, choice5, content, correct, create_date, filepath, modify_date, score, subject, teacher_id, time, view) values (?, ?, ?, ?, ?, ?, ?, ?, ?, ?, ?, ?, ?, ?, ?, ?)
make question 8825
Hibernate: insert into question (answer, choice1, choice2, choice3, choice4, choice5, content, correct, create_date, filepath, modify_date, score, subject, teacher_id, time, view) values (?, ?, ?, ?, ?, ?, ?, ?, ?, ?, ?, ?, ?, ?, ?, ?)
make question 8826
Hibernate: insert into question (answer, choice1, choice2, choice3, choice4, choice5, content, correct, create_date, filepath, modify_date, score, subject, teacher_id, time, view) values (?, ?, ?, ?, ?, ?, ?, ?, ?, ?, ?, ?, ?, ?, ?, ?)
make question 8827
Hibernate: insert into question (answer, choice1, choice2, choice3, choice4, choice5, content, correct, create_date, filepath, modify_date, score, subject, teacher_id, time, view) values (?, ?, ?, ?, ?, ?, ?, ?, ?, ?, ?, ?, ?, ?, ?, ?)
make question 8828
Hibernate: insert into question (answer, choice1, choice2, choice3, choice4, choice5, content, correct, create_date, filepath, modify_date, score, subject, teacher_id, time, view) values (?, ?, ?, ?, ?, ?, ?, ?, ?, ?, ?, ?, ?, ?, ?, ?)
make question 8829
Hibernate: insert into question (answer, choice1, choice2, choice3, choice4, choice5, content, correct, create_date, filepath, modify_date, score, subject, teacher_id, time, view) values (?, ?, ?, ?, ?, ?, ?, ?, ?, ?, ?, ?, ?, ?, ?, ?)
make question 8830
Hibernate: insert into question (answer, choice1, choice2, choice3, choice4, choice5, content, correct, create_date, filepath, modify_date, score, subject, teacher_id, time, view) values (?, ?, ?, ?, ?, ?, ?, ?, ?, ?, ?, ?, ?, ?, ?, ?)
make question 8831
Hibernate: insert into question (answer, choice1, choice2, choice3, choice4, choice5, content, correct, create_date, filepath, modify_date, score, subject, teacher_id, time, view) values (?, ?, ?, ?, ?, ?, ?, ?, ?, ?, ?, ?, ?, ?, ?, ?)
make question 8832
Hibernate: insert into question (answer, choice1, choice2, choice3, choice4, choice5, content, correct, create_date, filepath, modify_date, score, subject, teacher_id, time, view) values (?, ?, ?, ?, ?, ?, ?, ?, ?, ?, ?, ?, ?, ?, ?, ?)
make question 8833
Hibernate: insert into question (answer, choice1, choice2, choice3, choice4, choice5, content, correct, create_date, filepath, modify_date, score, subject, teacher_id, time, view) values (?, ?, ?, ?, ?, ?, ?, ?, ?, ?, ?, ?, ?, ?, ?, ?)
make question 8834
Hibernate: insert into question (answer, choice1, choice2, choice3, choice4, choice5, content, correct, create_date, filepath, modify_date, score, subject, teacher_id, time, view) values (?, ?, ?, ?, ?, ?, ?, ?, ?, ?, ?, ?, ?, ?, ?, ?)
make question 8835
Hibernate: insert into question (answer, choice1, choice2, choice3, choice4, choice5, content, correct, create_date, filepath, modify_date, score, subject, teacher_id, time, view) values (?, ?, ?, ?, ?, ?, ?, ?, ?, ?, ?, ?, ?, ?, ?, ?)
make question 8836
Hibernate: insert into question (answer, choice1, choice2, choice3, choice4, choice5, content, correct, create_date, filepath, modify_date, score, subject, teacher_id, time, view) values (?, ?, ?, ?, ?, ?, ?, ?, ?, ?, ?, ?, ?, ?, ?, ?)
make question 8837
Hibernate: insert into question (answer, choice1, choice2, choice3, choice4, choice5, content, correct, create_date, filepath, modify_date, score, subject, teacher_id, time, view) values (?, ?, ?, ?, ?, ?, ?, ?, ?, ?, ?, ?, ?, ?, ?, ?)
make question 8838
Hibernate: insert into question (answer, choice1, choice2, choice3, choice4, choice5, content, correct, create_date, filepath, modify_date, score, subject, teacher_id, time, view) values (?, ?, ?, ?, ?, ?, ?, ?, ?, ?, ?, ?, ?, ?, ?, ?)
make question 8839
Hibernate: insert into question (answer, choice1, choice2, choice3, choice4, choice5, content, correct, create_date, filepath, modify_date, score, subject, teacher_id, time, view) values (?, ?, ?, ?, ?, ?, ?, ?, ?, ?, ?, ?, ?, ?, ?, ?)
make question 8840
Hibernate: insert into question (answer, choice1, choice2, choice3, choice4, choice5, content, correct, create_date, filepath, modify_date, score, subject, teacher_id, time, view) values (?, ?, ?, ?, ?, ?, ?, ?, ?, ?, ?, ?, ?, ?, ?, ?)
make question 8841
Hibernate: insert into question (answer, choice1, choice2, choice3, choice4, choice5, content, correct, create_date, filepath, modify_date, score, subject, teacher_id, time, view) values (?, ?, ?, ?, ?, ?, ?, ?, ?, ?, ?, ?, ?, ?, ?, ?)
make question 8842
Hibernate: insert into question (answer, choice1, choice2, choice3, choice4, choice5, content, correct, create_date, filepath, modify_date, score, subject, teacher_id, time, view) values (?, ?, ?, ?, ?, ?, ?, ?, ?, ?, ?, ?, ?, ?, ?, ?)
make question 8843
Hibernate: insert into question (answer, choice1, choice2, choice3, choice4, choice5, content, correct, create_date, filepath, modify_date, score, subject, teacher_id, time, view) values (?, ?, ?, ?, ?, ?, ?, ?, ?, ?, ?, ?, ?, ?, ?, ?)
make question 8844
Hibernate: insert into question (answer, choice1, choice2, choice3, choice4, choice5, content, correct, create_date, filepath, modify_date, score, subject, teacher_id, time, view) values (?, ?, ?, ?, ?, ?, ?, ?, ?, ?, ?, ?, ?, ?, ?, ?)
make question 8845
Hibernate: insert into question (answer, choice1, choice2, choice3, choice4, choice5, content, correct, create_date, filepath, modify_date, score, subject, teacher_id, time, view) values (?, ?, ?, ?, ?, ?, ?, ?, ?, ?, ?, ?, ?, ?, ?, ?)
make question 8846
Hibernate: insert into question (answer, choice1, choice2, choice3, choice4, choice5, content, correct, create_date, filepath, modify_date, score, subject, teacher_id, time, view) values (?, ?, ?, ?, ?, ?, ?, ?, ?, ?, ?, ?, ?, ?, ?, ?)
make question 8847
Hibernate: insert into question (answer, choice1, choice2, choice3, choice4, choice5, content, correct, create_date, filepath, modify_date, score, subject, teacher_id, time, view) values (?, ?, ?, ?, ?, ?, ?, ?, ?, ?, ?, ?, ?, ?, ?, ?)
make question 8848
Hibernate: insert into question (answer, choice1, choice2, choice3, choice4, choice5, content, correct, create_date, filepath, modify_date, score, subject, teacher_id, time, view) values (?, ?, ?, ?, ?, ?, ?, ?, ?, ?, ?, ?, ?, ?, ?, ?)
make question 8849
Hibernate: insert into question (answer, choice1, choice2, choice3, choice4, choice5, content, correct, create_date, filepath, modify_date, score, subject, teacher_id, time, view) values (?, ?, ?, ?, ?, ?, ?, ?, ?, ?, ?, ?, ?, ?, ?, ?)
make question 8850
Hibernate: insert into question (answer, choice1, choice2, choice3, choice4, choice5, content, correct, create_date, filepath, modify_date, score, subject, teacher_id, time, view) values (?, ?, ?, ?, ?, ?, ?, ?, ?, ?, ?, ?, ?, ?, ?, ?)
make question 8851
Hibernate: insert into question (answer, choice1, choice2, choice3, choice4, choice5, content, correct, create_date, filepath, modify_date, score, subject, teacher_id, time, view) values (?, ?, ?, ?, ?, ?, ?, ?, ?, ?, ?, ?, ?, ?, ?, ?)
make question 8852
Hibernate: insert into question (answer, choice1, choice2, choice3, choice4, choice5, content, correct, create_date, filepath, modify_date, score, subject, teacher_id, time, view) values (?, ?, ?, ?, ?, ?, ?, ?, ?, ?, ?, ?, ?, ?, ?, ?)
make question 8853
Hibernate: insert into question (answer, choice1, choice2, choice3, choice4, choice5, content, correct, create_date, filepath, modify_date, score, subject, teacher_id, time, view) values (?, ?, ?, ?, ?, ?, ?, ?, ?, ?, ?, ?, ?, ?, ?, ?)
make question 8854
Hibernate: insert into question (answer, choice1, choice2, choice3, choice4, choice5, content, correct, create_date, filepath, modify_date, score, subject, teacher_id, time, view) values (?, ?, ?, ?, ?, ?, ?, ?, ?, ?, ?, ?, ?, ?, ?, ?)
make question 8855
Hibernate: insert into question (answer, choice1, choice2, choice3, choice4, choice5, content, correct, create_date, filepath, modify_date, score, subject, teacher_id, time, view) values (?, ?, ?, ?, ?, ?, ?, ?, ?, ?, ?, ?, ?, ?, ?, ?)
make question 8856
Hibernate: insert into question (answer, choice1, choice2, choice3, choice4, choice5, content, correct, create_date, filepath, modify_date, score, subject, teacher_id, time, view) values (?, ?, ?, ?, ?, ?, ?, ?, ?, ?, ?, ?, ?, ?, ?, ?)
make question 8857
Hibernate: insert into question (answer, choice1, choice2, choice3, choice4, choice5, content, correct, create_date, filepath, modify_date, score, subject, teacher_id, time, view) values (?, ?, ?, ?, ?, ?, ?, ?, ?, ?, ?, ?, ?, ?, ?, ?)
make question 8858
Hibernate: insert into question (answer, choice1, choice2, choice3, choice4, choice5, content, correct, create_date, filepath, modify_date, score, subject, teacher_id, time, view) values (?, ?, ?, ?, ?, ?, ?, ?, ?, ?, ?, ?, ?, ?, ?, ?)
make question 8859
Hibernate: insert into question (answer, choice1, choice2, choice3, choice4, choice5, content, correct, create_date, filepath, modify_date, score, subject, teacher_id, time, view) values (?, ?, ?, ?, ?, ?, ?, ?, ?, ?, ?, ?, ?, ?, ?, ?)
make question 8860
Hibernate: insert into question (answer, choice1, choice2, choice3, choice4, choice5, content, correct, create_date, filepath, modify_date, score, subject, teacher_id, time, view) values (?, ?, ?, ?, ?, ?, ?, ?, ?, ?, ?, ?, ?, ?, ?, ?)
make question 8861
Hibernate: insert into question (answer, choice1, choice2, choice3, choice4, choice5, content, correct, create_date, filepath, modify_date, score, subject, teacher_id, time, view) values (?, ?, ?, ?, ?, ?, ?, ?, ?, ?, ?, ?, ?, ?, ?, ?)
make question 8862
Hibernate: insert into question (answer, choice1, choice2, choice3, choice4, choice5, content, correct, create_date, filepath, modify_date, score, subject, teacher_id, time, view) values (?, ?, ?, ?, ?, ?, ?, ?, ?, ?, ?, ?, ?, ?, ?, ?)
make question 8863
Hibernate: insert into question (answer, choice1, choice2, choice3, choice4, choice5, content, correct, create_date, filepath, modify_date, score, subject, teacher_id, time, view) values (?, ?, ?, ?, ?, ?, ?, ?, ?, ?, ?, ?, ?, ?, ?, ?)
make question 8864
Hibernate: insert into question (answer, choice1, choice2, choice3, choice4, choice5, content, correct, create_date, filepath, modify_date, score, subject, teacher_id, time, view) values (?, ?, ?, ?, ?, ?, ?, ?, ?, ?, ?, ?, ?, ?, ?, ?)
make question 8865
Hibernate: insert into question (answer, choice1, choice2, choice3, choice4, choice5, content, correct, create_date, filepath, modify_date, score, subject, teacher_id, time, view) values (?, ?, ?, ?, ?, ?, ?, ?, ?, ?, ?, ?, ?, ?, ?, ?)
make question 8866
Hibernate: insert into question (answer, choice1, choice2, choice3, choice4, choice5, content, correct, create_date, filepath, modify_date, score, subject, teacher_id, time, view) values (?, ?, ?, ?, ?, ?, ?, ?, ?, ?, ?, ?, ?, ?, ?, ?)
make question 8867
Hibernate: insert into question (answer, choice1, choice2, choice3, choice4, choice5, content, correct, create_date, filepath, modify_date, score, subject, teacher_id, time, view) values (?, ?, ?, ?, ?, ?, ?, ?, ?, ?, ?, ?, ?, ?, ?, ?)
make question 8868
Hibernate: insert into question (answer, choice1, choice2, choice3, choice4, choice5, content, correct, create_date, filepath, modify_date, score, subject, teacher_id, time, view) values (?, ?, ?, ?, ?, ?, ?, ?, ?, ?, ?, ?, ?, ?, ?, ?)
make question 8869
Hibernate: insert into question (answer, choice1, choice2, choice3, choice4, choice5, content, correct, create_date, filepath, modify_date, score, subject, teacher_id, time, view) values (?, ?, ?, ?, ?, ?, ?, ?, ?, ?, ?, ?, ?, ?, ?, ?)
make question 8870
Hibernate: insert into question (answer, choice1, choice2, choice3, choice4, choice5, content, correct, create_date, filepath, modify_date, score, subject, teacher_id, time, view) values (?, ?, ?, ?, ?, ?, ?, ?, ?, ?, ?, ?, ?, ?, ?, ?)
make question 8871
Hibernate: insert into question (answer, choice1, choice2, choice3, choice4, choice5, content, correct, create_date, filepath, modify_date, score, subject, teacher_id, time, view) values (?, ?, ?, ?, ?, ?, ?, ?, ?, ?, ?, ?, ?, ?, ?, ?)
make question 8872
Hibernate: insert into question (answer, choice1, choice2, choice3, choice4, choice5, content, correct, create_date, filepath, modify_date, score, subject, teacher_id, time, view) values (?, ?, ?, ?, ?, ?, ?, ?, ?, ?, ?, ?, ?, ?, ?, ?)
make question 8873
Hibernate: insert into question (answer, choice1, choice2, choice3, choice4, choice5, content, correct, create_date, filepath, modify_date, score, subject, teacher_id, time, view) values (?, ?, ?, ?, ?, ?, ?, ?, ?, ?, ?, ?, ?, ?, ?, ?)
make question 8874
Hibernate: insert into question (answer, choice1, choice2, choice3, choice4, choice5, content, correct, create_date, filepath, modify_date, score, subject, teacher_id, time, view) values (?, ?, ?, ?, ?, ?, ?, ?, ?, ?, ?, ?, ?, ?, ?, ?)
make question 8875
Hibernate: insert into question (answer, choice1, choice2, choice3, choice4, choice5, content, correct, create_date, filepath, modify_date, score, subject, teacher_id, time, view) values (?, ?, ?, ?, ?, ?, ?, ?, ?, ?, ?, ?, ?, ?, ?, ?)
make question 8876
Hibernate: insert into question (answer, choice1, choice2, choice3, choice4, choice5, content, correct, create_date, filepath, modify_date, score, subject, teacher_id, time, view) values (?, ?, ?, ?, ?, ?, ?, ?, ?, ?, ?, ?, ?, ?, ?, ?)
make question 8877
Hibernate: insert into question (answer, choice1, choice2, choice3, choice4, choice5, content, correct, create_date, filepath, modify_date, score, subject, teacher_id, time, view) values (?, ?, ?, ?, ?, ?, ?, ?, ?, ?, ?, ?, ?, ?, ?, ?)
make question 8878
Hibernate: insert into question (answer, choice1, choice2, choice3, choice4, choice5, content, correct, create_date, filepath, modify_date, score, subject, teacher_id, time, view) values (?, ?, ?, ?, ?, ?, ?, ?, ?, ?, ?, ?, ?, ?, ?, ?)
make question 8879
Hibernate: insert into question (answer, choice1, choice2, choice3, choice4, choice5, content, correct, create_date, filepath, modify_date, score, subject, teacher_id, time, view) values (?, ?, ?, ?, ?, ?, ?, ?, ?, ?, ?, ?, ?, ?, ?, ?)
make question 8880
Hibernate: insert into question (answer, choice1, choice2, choice3, choice4, choice5, content, correct, create_date, filepath, modify_date, score, subject, teacher_id, time, view) values (?, ?, ?, ?, ?, ?, ?, ?, ?, ?, ?, ?, ?, ?, ?, ?)
make question 8881
Hibernate: insert into question (answer, choice1, choice2, choice3, choice4, choice5, content, correct, create_date, filepath, modify_date, score, subject, teacher_id, time, view) values (?, ?, ?, ?, ?, ?, ?, ?, ?, ?, ?, ?, ?, ?, ?, ?)
make question 8882
Hibernate: insert into question (answer, choice1, choice2, choice3, choice4, choice5, content, correct, create_date, filepath, modify_date, score, subject, teacher_id, time, view) values (?, ?, ?, ?, ?, ?, ?, ?, ?, ?, ?, ?, ?, ?, ?, ?)
make question 8883
Hibernate: insert into question (answer, choice1, choice2, choice3, choice4, choice5, content, correct, create_date, filepath, modify_date, score, subject, teacher_id, time, view) values (?, ?, ?, ?, ?, ?, ?, ?, ?, ?, ?, ?, ?, ?, ?, ?)
make question 8884
Hibernate: insert into question (answer, choice1, choice2, choice3, choice4, choice5, content, correct, create_date, filepath, modify_date, score, subject, teacher_id, time, view) values (?, ?, ?, ?, ?, ?, ?, ?, ?, ?, ?, ?, ?, ?, ?, ?)
make question 8885
Hibernate: insert into question (answer, choice1, choice2, choice3, choice4, choice5, content, correct, create_date, filepath, modify_date, score, subject, teacher_id, time, view) values (?, ?, ?, ?, ?, ?, ?, ?, ?, ?, ?, ?, ?, ?, ?, ?)
make question 8886
Hibernate: insert into question (answer, choice1, choice2, choice3, choice4, choice5, content, correct, create_date, filepath, modify_date, score, subject, teacher_id, time, view) values (?, ?, ?, ?, ?, ?, ?, ?, ?, ?, ?, ?, ?, ?, ?, ?)
make question 8887
Hibernate: insert into question (answer, choice1, choice2, choice3, choice4, choice5, content, correct, create_date, filepath, modify_date, score, subject, teacher_id, time, view) values (?, ?, ?, ?, ?, ?, ?, ?, ?, ?, ?, ?, ?, ?, ?, ?)
make question 8888
Hibernate: insert into question (answer, choice1, choice2, choice3, choice4, choice5, content, correct, create_date, filepath, modify_date, score, subject, teacher_id, time, view) values (?, ?, ?, ?, ?, ?, ?, ?, ?, ?, ?, ?, ?, ?, ?, ?)
make question 8889
Hibernate: insert into question (answer, choice1, choice2, choice3, choice4, choice5, content, correct, create_date, filepath, modify_date, score, subject, teacher_id, time, view) values (?, ?, ?, ?, ?, ?, ?, ?, ?, ?, ?, ?, ?, ?, ?, ?)
make question 8890
Hibernate: insert into question (answer, choice1, choice2, choice3, choice4, choice5, content, correct, create_date, filepath, modify_date, score, subject, teacher_id, time, view) values (?, ?, ?, ?, ?, ?, ?, ?, ?, ?, ?, ?, ?, ?, ?, ?)
make question 8891
Hibernate: insert into question (answer, choice1, choice2, choice3, choice4, choice5, content, correct, create_date, filepath, modify_date, score, subject, teacher_id, time, view) values (?, ?, ?, ?, ?, ?, ?, ?, ?, ?, ?, ?, ?, ?, ?, ?)
make question 8892
Hibernate: insert into question (answer, choice1, choice2, choice3, choice4, choice5, content, correct, create_date, filepath, modify_date, score, subject, teacher_id, time, view) values (?, ?, ?, ?, ?, ?, ?, ?, ?, ?, ?, ?, ?, ?, ?, ?)
make question 8893
Hibernate: insert into question (answer, choice1, choice2, choice3, choice4, choice5, content, correct, create_date, filepath, modify_date, score, subject, teacher_id, time, view) values (?, ?, ?, ?, ?, ?, ?, ?, ?, ?, ?, ?, ?, ?, ?, ?)
make question 8894
Hibernate: insert into question (answer, choice1, choice2, choice3, choice4, choice5, content, correct, create_date, filepath, modify_date, score, subject, teacher_id, time, view) values (?, ?, ?, ?, ?, ?, ?, ?, ?, ?, ?, ?, ?, ?, ?, ?)
make question 8895
Hibernate: insert into question (answer, choice1, choice2, choice3, choice4, choice5, content, correct, create_date, filepath, modify_date, score, subject, teacher_id, time, view) values (?, ?, ?, ?, ?, ?, ?, ?, ?, ?, ?, ?, ?, ?, ?, ?)
make question 8896
Hibernate: insert into question (answer, choice1, choice2, choice3, choice4, choice5, content, correct, create_date, filepath, modify_date, score, subject, teacher_id, time, view) values (?, ?, ?, ?, ?, ?, ?, ?, ?, ?, ?, ?, ?, ?, ?, ?)
make question 8897
Hibernate: insert into question (answer, choice1, choice2, choice3, choice4, choice5, content, correct, create_date, filepath, modify_date, score, subject, teacher_id, time, view) values (?, ?, ?, ?, ?, ?, ?, ?, ?, ?, ?, ?, ?, ?, ?, ?)
make question 8898
Hibernate: insert into question (answer, choice1, choice2, choice3, choice4, choice5, content, correct, create_date, filepath, modify_date, score, subject, teacher_id, time, view) values (?, ?, ?, ?, ?, ?, ?, ?, ?, ?, ?, ?, ?, ?, ?, ?)
make question 8899
Hibernate: insert into question (answer, choice1, choice2, choice3, choice4, choice5, content, correct, create_date, filepath, modify_date, score, subject, teacher_id, time, view) values (?, ?, ?, ?, ?, ?, ?, ?, ?, ?, ?, ?, ?, ?, ?, ?)
make question 8900
Hibernate: insert into question (answer, choice1, choice2, choice3, choice4, choice5, content, correct, create_date, filepath, modify_date, score, subject, teacher_id, time, view) values (?, ?, ?, ?, ?, ?, ?, ?, ?, ?, ?, ?, ?, ?, ?, ?)
make question 8901
Hibernate: insert into question (answer, choice1, choice2, choice3, choice4, choice5, content, correct, create_date, filepath, modify_date, score, subject, teacher_id, time, view) values (?, ?, ?, ?, ?, ?, ?, ?, ?, ?, ?, ?, ?, ?, ?, ?)
make question 8902
Hibernate: insert into question (answer, choice1, choice2, choice3, choice4, choice5, content, correct, create_date, filepath, modify_date, score, subject, teacher_id, time, view) values (?, ?, ?, ?, ?, ?, ?, ?, ?, ?, ?, ?, ?, ?, ?, ?)
make question 8903
Hibernate: insert into question (answer, choice1, choice2, choice3, choice4, choice5, content, correct, create_date, filepath, modify_date, score, subject, teacher_id, time, view) values (?, ?, ?, ?, ?, ?, ?, ?, ?, ?, ?, ?, ?, ?, ?, ?)
make question 8904
Hibernate: insert into question (answer, choice1, choice2, choice3, choice4, choice5, content, correct, create_date, filepath, modify_date, score, subject, teacher_id, time, view) values (?, ?, ?, ?, ?, ?, ?, ?, ?, ?, ?, ?, ?, ?, ?, ?)
make question 8905
Hibernate: insert into question (answer, choice1, choice2, choice3, choice4, choice5, content, correct, create_date, filepath, modify_date, score, subject, teacher_id, time, view) values (?, ?, ?, ?, ?, ?, ?, ?, ?, ?, ?, ?, ?, ?, ?, ?)
make question 8906
Hibernate: insert into question (answer, choice1, choice2, choice3, choice4, choice5, content, correct, create_date, filepath, modify_date, score, subject, teacher_id, time, view) values (?, ?, ?, ?, ?, ?, ?, ?, ?, ?, ?, ?, ?, ?, ?, ?)
make question 8907
Hibernate: insert into question (answer, choice1, choice2, choice3, choice4, choice5, content, correct, create_date, filepath, modify_date, score, subject, teacher_id, time, view) values (?, ?, ?, ?, ?, ?, ?, ?, ?, ?, ?, ?, ?, ?, ?, ?)
make question 8908
Hibernate: insert into question (answer, choice1, choice2, choice3, choice4, choice5, content, correct, create_date, filepath, modify_date, score, subject, teacher_id, time, view) values (?, ?, ?, ?, ?, ?, ?, ?, ?, ?, ?, ?, ?, ?, ?, ?)
make question 8909
Hibernate: insert into question (answer, choice1, choice2, choice3, choice4, choice5, content, correct, create_date, filepath, modify_date, score, subject, teacher_id, time, view) values (?, ?, ?, ?, ?, ?, ?, ?, ?, ?, ?, ?, ?, ?, ?, ?)
make question 8910
Hibernate: insert into question (answer, choice1, choice2, choice3, choice4, choice5, content, correct, create_date, filepath, modify_date, score, subject, teacher_id, time, view) values (?, ?, ?, ?, ?, ?, ?, ?, ?, ?, ?, ?, ?, ?, ?, ?)
make question 8911
Hibernate: insert into question (answer, choice1, choice2, choice3, choice4, choice5, content, correct, create_date, filepath, modify_date, score, subject, teacher_id, time, view) values (?, ?, ?, ?, ?, ?, ?, ?, ?, ?, ?, ?, ?, ?, ?, ?)
make question 8912
Hibernate: insert into question (answer, choice1, choice2, choice3, choice4, choice5, content, correct, create_date, filepath, modify_date, score, subject, teacher_id, time, view) values (?, ?, ?, ?, ?, ?, ?, ?, ?, ?, ?, ?, ?, ?, ?, ?)
make question 8913
Hibernate: insert into question (answer, choice1, choice2, choice3, choice4, choice5, content, correct, create_date, filepath, modify_date, score, subject, teacher_id, time, view) values (?, ?, ?, ?, ?, ?, ?, ?, ?, ?, ?, ?, ?, ?, ?, ?)
make question 8914
Hibernate: insert into question (answer, choice1, choice2, choice3, choice4, choice5, content, correct, create_date, filepath, modify_date, score, subject, teacher_id, time, view) values (?, ?, ?, ?, ?, ?, ?, ?, ?, ?, ?, ?, ?, ?, ?, ?)
make question 8915
Hibernate: insert into question (answer, choice1, choice2, choice3, choice4, choice5, content, correct, create_date, filepath, modify_date, score, subject, teacher_id, time, view) values (?, ?, ?, ?, ?, ?, ?, ?, ?, ?, ?, ?, ?, ?, ?, ?)
make question 8916
Hibernate: insert into question (answer, choice1, choice2, choice3, choice4, choice5, content, correct, create_date, filepath, modify_date, score, subject, teacher_id, time, view) values (?, ?, ?, ?, ?, ?, ?, ?, ?, ?, ?, ?, ?, ?, ?, ?)
make question 8917
Hibernate: insert into question (answer, choice1, choice2, choice3, choice4, choice5, content, correct, create_date, filepath, modify_date, score, subject, teacher_id, time, view) values (?, ?, ?, ?, ?, ?, ?, ?, ?, ?, ?, ?, ?, ?, ?, ?)
make question 8918
Hibernate: insert into question (answer, choice1, choice2, choice3, choice4, choice5, content, correct, create_date, filepath, modify_date, score, subject, teacher_id, time, view) values (?, ?, ?, ?, ?, ?, ?, ?, ?, ?, ?, ?, ?, ?, ?, ?)
make question 8919
Hibernate: insert into question (answer, choice1, choice2, choice3, choice4, choice5, content, correct, create_date, filepath, modify_date, score, subject, teacher_id, time, view) values (?, ?, ?, ?, ?, ?, ?, ?, ?, ?, ?, ?, ?, ?, ?, ?)
make question 8920
Hibernate: insert into question (answer, choice1, choice2, choice3, choice4, choice5, content, correct, create_date, filepath, modify_date, score, subject, teacher_id, time, view) values (?, ?, ?, ?, ?, ?, ?, ?, ?, ?, ?, ?, ?, ?, ?, ?)
make question 8921
Hibernate: insert into question (answer, choice1, choice2, choice3, choice4, choice5, content, correct, create_date, filepath, modify_date, score, subject, teacher_id, time, view) values (?, ?, ?, ?, ?, ?, ?, ?, ?, ?, ?, ?, ?, ?, ?, ?)
make question 8922
Hibernate: insert into question (answer, choice1, choice2, choice3, choice4, choice5, content, correct, create_date, filepath, modify_date, score, subject, teacher_id, time, view) values (?, ?, ?, ?, ?, ?, ?, ?, ?, ?, ?, ?, ?, ?, ?, ?)
make question 8923
Hibernate: insert into question (answer, choice1, choice2, choice3, choice4, choice5, content, correct, create_date, filepath, modify_date, score, subject, teacher_id, time, view) values (?, ?, ?, ?, ?, ?, ?, ?, ?, ?, ?, ?, ?, ?, ?, ?)
make question 8924
Hibernate: insert into question (answer, choice1, choice2, choice3, choice4, choice5, content, correct, create_date, filepath, modify_date, score, subject, teacher_id, time, view) values (?, ?, ?, ?, ?, ?, ?, ?, ?, ?, ?, ?, ?, ?, ?, ?)
make question 8925
Hibernate: insert into question (answer, choice1, choice2, choice3, choice4, choice5, content, correct, create_date, filepath, modify_date, score, subject, teacher_id, time, view) values (?, ?, ?, ?, ?, ?, ?, ?, ?, ?, ?, ?, ?, ?, ?, ?)
make question 8926
Hibernate: insert into question (answer, choice1, choice2, choice3, choice4, choice5, content, correct, create_date, filepath, modify_date, score, subject, teacher_id, time, view) values (?, ?, ?, ?, ?, ?, ?, ?, ?, ?, ?, ?, ?, ?, ?, ?)
make question 8927
Hibernate: insert into question (answer, choice1, choice2, choice3, choice4, choice5, content, correct, create_date, filepath, modify_date, score, subject, teacher_id, time, view) values (?, ?, ?, ?, ?, ?, ?, ?, ?, ?, ?, ?, ?, ?, ?, ?)
make question 8928
Hibernate: insert into question (answer, choice1, choice2, choice3, choice4, choice5, content, correct, create_date, filepath, modify_date, score, subject, teacher_id, time, view) values (?, ?, ?, ?, ?, ?, ?, ?, ?, ?, ?, ?, ?, ?, ?, ?)
make question 8929
Hibernate: insert into question (answer, choice1, choice2, choice3, choice4, choice5, content, correct, create_date, filepath, modify_date, score, subject, teacher_id, time, view) values (?, ?, ?, ?, ?, ?, ?, ?, ?, ?, ?, ?, ?, ?, ?, ?)
make question 8930
Hibernate: insert into question (answer, choice1, choice2, choice3, choice4, choice5, content, correct, create_date, filepath, modify_date, score, subject, teacher_id, time, view) values (?, ?, ?, ?, ?, ?, ?, ?, ?, ?, ?, ?, ?, ?, ?, ?)
make question 8931
Hibernate: insert into question (answer, choice1, choice2, choice3, choice4, choice5, content, correct, create_date, filepath, modify_date, score, subject, teacher_id, time, view) values (?, ?, ?, ?, ?, ?, ?, ?, ?, ?, ?, ?, ?, ?, ?, ?)
make question 8932
Hibernate: insert into question (answer, choice1, choice2, choice3, choice4, choice5, content, correct, create_date, filepath, modify_date, score, subject, teacher_id, time, view) values (?, ?, ?, ?, ?, ?, ?, ?, ?, ?, ?, ?, ?, ?, ?, ?)
make question 8933
Hibernate: insert into question (answer, choice1, choice2, choice3, choice4, choice5, content, correct, create_date, filepath, modify_date, score, subject, teacher_id, time, view) values (?, ?, ?, ?, ?, ?, ?, ?, ?, ?, ?, ?, ?, ?, ?, ?)
make question 8934
Hibernate: insert into question (answer, choice1, choice2, choice3, choice4, choice5, content, correct, create_date, filepath, modify_date, score, subject, teacher_id, time, view) values (?, ?, ?, ?, ?, ?, ?, ?, ?, ?, ?, ?, ?, ?, ?, ?)
make question 8935
Hibernate: insert into question (answer, choice1, choice2, choice3, choice4, choice5, content, correct, create_date, filepath, modify_date, score, subject, teacher_id, time, view) values (?, ?, ?, ?, ?, ?, ?, ?, ?, ?, ?, ?, ?, ?, ?, ?)
make question 8936
Hibernate: insert into question (answer, choice1, choice2, choice3, choice4, choice5, content, correct, create_date, filepath, modify_date, score, subject, teacher_id, time, view) values (?, ?, ?, ?, ?, ?, ?, ?, ?, ?, ?, ?, ?, ?, ?, ?)
make question 8937
Hibernate: insert into question (answer, choice1, choice2, choice3, choice4, choice5, content, correct, create_date, filepath, modify_date, score, subject, teacher_id, time, view) values (?, ?, ?, ?, ?, ?, ?, ?, ?, ?, ?, ?, ?, ?, ?, ?)
make question 8938
Hibernate: insert into question (answer, choice1, choice2, choice3, choice4, choice5, content, correct, create_date, filepath, modify_date, score, subject, teacher_id, time, view) values (?, ?, ?, ?, ?, ?, ?, ?, ?, ?, ?, ?, ?, ?, ?, ?)
make question 8939
Hibernate: insert into question (answer, choice1, choice2, choice3, choice4, choice5, content, correct, create_date, filepath, modify_date, score, subject, teacher_id, time, view) values (?, ?, ?, ?, ?, ?, ?, ?, ?, ?, ?, ?, ?, ?, ?, ?)
make question 8940
Hibernate: insert into question (answer, choice1, choice2, choice3, choice4, choice5, content, correct, create_date, filepath, modify_date, score, subject, teacher_id, time, view) values (?, ?, ?, ?, ?, ?, ?, ?, ?, ?, ?, ?, ?, ?, ?, ?)
make question 8941
Hibernate: insert into question (answer, choice1, choice2, choice3, choice4, choice5, content, correct, create_date, filepath, modify_date, score, subject, teacher_id, time, view) values (?, ?, ?, ?, ?, ?, ?, ?, ?, ?, ?, ?, ?, ?, ?, ?)
make question 8942
Hibernate: insert into question (answer, choice1, choice2, choice3, choice4, choice5, content, correct, create_date, filepath, modify_date, score, subject, teacher_id, time, view) values (?, ?, ?, ?, ?, ?, ?, ?, ?, ?, ?, ?, ?, ?, ?, ?)
make question 8943
Hibernate: insert into question (answer, choice1, choice2, choice3, choice4, choice5, content, correct, create_date, filepath, modify_date, score, subject, teacher_id, time, view) values (?, ?, ?, ?, ?, ?, ?, ?, ?, ?, ?, ?, ?, ?, ?, ?)
make question 8944
Hibernate: insert into question (answer, choice1, choice2, choice3, choice4, choice5, content, correct, create_date, filepath, modify_date, score, subject, teacher_id, time, view) values (?, ?, ?, ?, ?, ?, ?, ?, ?, ?, ?, ?, ?, ?, ?, ?)
make question 8945
Hibernate: insert into question (answer, choice1, choice2, choice3, choice4, choice5, content, correct, create_date, filepath, modify_date, score, subject, teacher_id, time, view) values (?, ?, ?, ?, ?, ?, ?, ?, ?, ?, ?, ?, ?, ?, ?, ?)
make question 8946
Hibernate: insert into question (answer, choice1, choice2, choice3, choice4, choice5, content, correct, create_date, filepath, modify_date, score, subject, teacher_id, time, view) values (?, ?, ?, ?, ?, ?, ?, ?, ?, ?, ?, ?, ?, ?, ?, ?)
make question 8947
Hibernate: insert into question (answer, choice1, choice2, choice3, choice4, choice5, content, correct, create_date, filepath, modify_date, score, subject, teacher_id, time, view) values (?, ?, ?, ?, ?, ?, ?, ?, ?, ?, ?, ?, ?, ?, ?, ?)
make question 8948
Hibernate: insert into question (answer, choice1, choice2, choice3, choice4, choice5, content, correct, create_date, filepath, modify_date, score, subject, teacher_id, time, view) values (?, ?, ?, ?, ?, ?, ?, ?, ?, ?, ?, ?, ?, ?, ?, ?)
make question 8949
Hibernate: insert into question (answer, choice1, choice2, choice3, choice4, choice5, content, correct, create_date, filepath, modify_date, score, subject, teacher_id, time, view) values (?, ?, ?, ?, ?, ?, ?, ?, ?, ?, ?, ?, ?, ?, ?, ?)
make question 8950
Hibernate: insert into question (answer, choice1, choice2, choice3, choice4, choice5, content, correct, create_date, filepath, modify_date, score, subject, teacher_id, time, view) values (?, ?, ?, ?, ?, ?, ?, ?, ?, ?, ?, ?, ?, ?, ?, ?)
make question 8951
Hibernate: insert into question (answer, choice1, choice2, choice3, choice4, choice5, content, correct, create_date, filepath, modify_date, score, subject, teacher_id, time, view) values (?, ?, ?, ?, ?, ?, ?, ?, ?, ?, ?, ?, ?, ?, ?, ?)
make question 8952
Hibernate: insert into question (answer, choice1, choice2, choice3, choice4, choice5, content, correct, create_date, filepath, modify_date, score, subject, teacher_id, time, view) values (?, ?, ?, ?, ?, ?, ?, ?, ?, ?, ?, ?, ?, ?, ?, ?)
make question 8953
Hibernate: insert into question (answer, choice1, choice2, choice3, choice4, choice5, content, correct, create_date, filepath, modify_date, score, subject, teacher_id, time, view) values (?, ?, ?, ?, ?, ?, ?, ?, ?, ?, ?, ?, ?, ?, ?, ?)
make question 8954
Hibernate: insert into question (answer, choice1, choice2, choice3, choice4, choice5, content, correct, create_date, filepath, modify_date, score, subject, teacher_id, time, view) values (?, ?, ?, ?, ?, ?, ?, ?, ?, ?, ?, ?, ?, ?, ?, ?)
make question 8955
Hibernate: insert into question (answer, choice1, choice2, choice3, choice4, choice5, content, correct, create_date, filepath, modify_date, score, subject, teacher_id, time, view) values (?, ?, ?, ?, ?, ?, ?, ?, ?, ?, ?, ?, ?, ?, ?, ?)
make question 8956
Hibernate: insert into question (answer, choice1, choice2, choice3, choice4, choice5, content, correct, create_date, filepath, modify_date, score, subject, teacher_id, time, view) values (?, ?, ?, ?, ?, ?, ?, ?, ?, ?, ?, ?, ?, ?, ?, ?)
make question 8957
Hibernate: insert into question (answer, choice1, choice2, choice3, choice4, choice5, content, correct, create_date, filepath, modify_date, score, subject, teacher_id, time, view) values (?, ?, ?, ?, ?, ?, ?, ?, ?, ?, ?, ?, ?, ?, ?, ?)
make question 8958
Hibernate: insert into question (answer, choice1, choice2, choice3, choice4, choice5, content, correct, create_date, filepath, modify_date, score, subject, teacher_id, time, view) values (?, ?, ?, ?, ?, ?, ?, ?, ?, ?, ?, ?, ?, ?, ?, ?)
make question 8959
Hibernate: insert into question (answer, choice1, choice2, choice3, choice4, choice5, content, correct, create_date, filepath, modify_date, score, subject, teacher_id, time, view) values (?, ?, ?, ?, ?, ?, ?, ?, ?, ?, ?, ?, ?, ?, ?, ?)
make question 8960
Hibernate: insert into question (answer, choice1, choice2, choice3, choice4, choice5, content, correct, create_date, filepath, modify_date, score, subject, teacher_id, time, view) values (?, ?, ?, ?, ?, ?, ?, ?, ?, ?, ?, ?, ?, ?, ?, ?)
make question 8961
Hibernate: insert into question (answer, choice1, choice2, choice3, choice4, choice5, content, correct, create_date, filepath, modify_date, score, subject, teacher_id, time, view) values (?, ?, ?, ?, ?, ?, ?, ?, ?, ?, ?, ?, ?, ?, ?, ?)
make question 8962
Hibernate: insert into question (answer, choice1, choice2, choice3, choice4, choice5, content, correct, create_date, filepath, modify_date, score, subject, teacher_id, time, view) values (?, ?, ?, ?, ?, ?, ?, ?, ?, ?, ?, ?, ?, ?, ?, ?)
make question 8963
Hibernate: insert into question (answer, choice1, choice2, choice3, choice4, choice5, content, correct, create_date, filepath, modify_date, score, subject, teacher_id, time, view) values (?, ?, ?, ?, ?, ?, ?, ?, ?, ?, ?, ?, ?, ?, ?, ?)
make question 8964
Hibernate: insert into question (answer, choice1, choice2, choice3, choice4, choice5, content, correct, create_date, filepath, modify_date, score, subject, teacher_id, time, view) values (?, ?, ?, ?, ?, ?, ?, ?, ?, ?, ?, ?, ?, ?, ?, ?)
make question 8965
Hibernate: insert into question (answer, choice1, choice2, choice3, choice4, choice5, content, correct, create_date, filepath, modify_date, score, subject, teacher_id, time, view) values (?, ?, ?, ?, ?, ?, ?, ?, ?, ?, ?, ?, ?, ?, ?, ?)
make question 8966
Hibernate: insert into question (answer, choice1, choice2, choice3, choice4, choice5, content, correct, create_date, filepath, modify_date, score, subject, teacher_id, time, view) values (?, ?, ?, ?, ?, ?, ?, ?, ?, ?, ?, ?, ?, ?, ?, ?)
make question 8967
Hibernate: insert into question (answer, choice1, choice2, choice3, choice4, choice5, content, correct, create_date, filepath, modify_date, score, subject, teacher_id, time, view) values (?, ?, ?, ?, ?, ?, ?, ?, ?, ?, ?, ?, ?, ?, ?, ?)
make question 8968
Hibernate: insert into question (answer, choice1, choice2, choice3, choice4, choice5, content, correct, create_date, filepath, modify_date, score, subject, teacher_id, time, view) values (?, ?, ?, ?, ?, ?, ?, ?, ?, ?, ?, ?, ?, ?, ?, ?)
make question 8969
Hibernate: insert into question (answer, choice1, choice2, choice3, choice4, choice5, content, correct, create_date, filepath, modify_date, score, subject, teacher_id, time, view) values (?, ?, ?, ?, ?, ?, ?, ?, ?, ?, ?, ?, ?, ?, ?, ?)
make question 8970
Hibernate: insert into question (answer, choice1, choice2, choice3, choice4, choice5, content, correct, create_date, filepath, modify_date, score, subject, teacher_id, time, view) values (?, ?, ?, ?, ?, ?, ?, ?, ?, ?, ?, ?, ?, ?, ?, ?)
make question 8971
Hibernate: insert into question (answer, choice1, choice2, choice3, choice4, choice5, content, correct, create_date, filepath, modify_date, score, subject, teacher_id, time, view) values (?, ?, ?, ?, ?, ?, ?, ?, ?, ?, ?, ?, ?, ?, ?, ?)
make question 8972
Hibernate: insert into question (answer, choice1, choice2, choice3, choice4, choice5, content, correct, create_date, filepath, modify_date, score, subject, teacher_id, time, view) values (?, ?, ?, ?, ?, ?, ?, ?, ?, ?, ?, ?, ?, ?, ?, ?)
make question 8973
Hibernate: insert into question (answer, choice1, choice2, choice3, choice4, choice5, content, correct, create_date, filepath, modify_date, score, subject, teacher_id, time, view) values (?, ?, ?, ?, ?, ?, ?, ?, ?, ?, ?, ?, ?, ?, ?, ?)
make question 8974
Hibernate: insert into question (answer, choice1, choice2, choice3, choice4, choice5, content, correct, create_date, filepath, modify_date, score, subject, teacher_id, time, view) values (?, ?, ?, ?, ?, ?, ?, ?, ?, ?, ?, ?, ?, ?, ?, ?)
make question 8975
Hibernate: insert into question (answer, choice1, choice2, choice3, choice4, choice5, content, correct, create_date, filepath, modify_date, score, subject, teacher_id, time, view) values (?, ?, ?, ?, ?, ?, ?, ?, ?, ?, ?, ?, ?, ?, ?, ?)
make question 8976
Hibernate: insert into question (answer, choice1, choice2, choice3, choice4, choice5, content, correct, create_date, filepath, modify_date, score, subject, teacher_id, time, view) values (?, ?, ?, ?, ?, ?, ?, ?, ?, ?, ?, ?, ?, ?, ?, ?)
make question 8977
Hibernate: insert into question (answer, choice1, choice2, choice3, choice4, choice5, content, correct, create_date, filepath, modify_date, score, subject, teacher_id, time, view) values (?, ?, ?, ?, ?, ?, ?, ?, ?, ?, ?, ?, ?, ?, ?, ?)
make question 8978
Hibernate: insert into question (answer, choice1, choice2, choice3, choice4, choice5, content, correct, create_date, filepath, modify_date, score, subject, teacher_id, time, view) values (?, ?, ?, ?, ?, ?, ?, ?, ?, ?, ?, ?, ?, ?, ?, ?)
make question 8979
Hibernate: insert into question (answer, choice1, choice2, choice3, choice4, choice5, content, correct, create_date, filepath, modify_date, score, subject, teacher_id, time, view) values (?, ?, ?, ?, ?, ?, ?, ?, ?, ?, ?, ?, ?, ?, ?, ?)
make question 8980
Hibernate: insert into question (answer, choice1, choice2, choice3, choice4, choice5, content, correct, create_date, filepath, modify_date, score, subject, teacher_id, time, view) values (?, ?, ?, ?, ?, ?, ?, ?, ?, ?, ?, ?, ?, ?, ?, ?)
make question 8981
Hibernate: insert into question (answer, choice1, choice2, choice3, choice4, choice5, content, correct, create_date, filepath, modify_date, score, subject, teacher_id, time, view) values (?, ?, ?, ?, ?, ?, ?, ?, ?, ?, ?, ?, ?, ?, ?, ?)
make question 8982
Hibernate: insert into question (answer, choice1, choice2, choice3, choice4, choice5, content, correct, create_date, filepath, modify_date, score, subject, teacher_id, time, view) values (?, ?, ?, ?, ?, ?, ?, ?, ?, ?, ?, ?, ?, ?, ?, ?)
make question 8983
Hibernate: insert into question (answer, choice1, choice2, choice3, choice4, choice5, content, correct, create_date, filepath, modify_date, score, subject, teacher_id, time, view) values (?, ?, ?, ?, ?, ?, ?, ?, ?, ?, ?, ?, ?, ?, ?, ?)
make question 8984
Hibernate: insert into question (answer, choice1, choice2, choice3, choice4, choice5, content, correct, create_date, filepath, modify_date, score, subject, teacher_id, time, view) values (?, ?, ?, ?, ?, ?, ?, ?, ?, ?, ?, ?, ?, ?, ?, ?)
make question 8985
Hibernate: insert into question (answer, choice1, choice2, choice3, choice4, choice5, content, correct, create_date, filepath, modify_date, score, subject, teacher_id, time, view) values (?, ?, ?, ?, ?, ?, ?, ?, ?, ?, ?, ?, ?, ?, ?, ?)
make question 8986
Hibernate: insert into question (answer, choice1, choice2, choice3, choice4, choice5, content, correct, create_date, filepath, modify_date, score, subject, teacher_id, time, view) values (?, ?, ?, ?, ?, ?, ?, ?, ?, ?, ?, ?, ?, ?, ?, ?)
make question 8987
Hibernate: insert into question (answer, choice1, choice2, choice3, choice4, choice5, content, correct, create_date, filepath, modify_date, score, subject, teacher_id, time, view) values (?, ?, ?, ?, ?, ?, ?, ?, ?, ?, ?, ?, ?, ?, ?, ?)
make question 8988
Hibernate: insert into question (answer, choice1, choice2, choice3, choice4, choice5, content, correct, create_date, filepath, modify_date, score, subject, teacher_id, time, view) values (?, ?, ?, ?, ?, ?, ?, ?, ?, ?, ?, ?, ?, ?, ?, ?)
make question 8989
Hibernate: insert into question (answer, choice1, choice2, choice3, choice4, choice5, content, correct, create_date, filepath, modify_date, score, subject, teacher_id, time, view) values (?, ?, ?, ?, ?, ?, ?, ?, ?, ?, ?, ?, ?, ?, ?, ?)
make question 8990
Hibernate: insert into question (answer, choice1, choice2, choice3, choice4, choice5, content, correct, create_date, filepath, modify_date, score, subject, teacher_id, time, view) values (?, ?, ?, ?, ?, ?, ?, ?, ?, ?, ?, ?, ?, ?, ?, ?)
make question 8991
Hibernate: insert into question (answer, choice1, choice2, choice3, choice4, choice5, content, correct, create_date, filepath, modify_date, score, subject, teacher_id, time, view) values (?, ?, ?, ?, ?, ?, ?, ?, ?, ?, ?, ?, ?, ?, ?, ?)
make question 8992
Hibernate: insert into question (answer, choice1, choice2, choice3, choice4, choice5, content, correct, create_date, filepath, modify_date, score, subject, teacher_id, time, view) values (?, ?, ?, ?, ?, ?, ?, ?, ?, ?, ?, ?, ?, ?, ?, ?)
make question 8993
Hibernate: insert into question (answer, choice1, choice2, choice3, choice4, choice5, content, correct, create_date, filepath, modify_date, score, subject, teacher_id, time, view) values (?, ?, ?, ?, ?, ?, ?, ?, ?, ?, ?, ?, ?, ?, ?, ?)
make question 8994
Hibernate: insert into question (answer, choice1, choice2, choice3, choice4, choice5, content, correct, create_date, filepath, modify_date, score, subject, teacher_id, time, view) values (?, ?, ?, ?, ?, ?, ?, ?, ?, ?, ?, ?, ?, ?, ?, ?)
make question 8995
Hibernate: insert into question (answer, choice1, choice2, choice3, choice4, choice5, content, correct, create_date, filepath, modify_date, score, subject, teacher_id, time, view) values (?, ?, ?, ?, ?, ?, ?, ?, ?, ?, ?, ?, ?, ?, ?, ?)
make question 8996
Hibernate: insert into question (answer, choice1, choice2, choice3, choice4, choice5, content, correct, create_date, filepath, modify_date, score, subject, teacher_id, time, view) values (?, ?, ?, ?, ?, ?, ?, ?, ?, ?, ?, ?, ?, ?, ?, ?)
make question 8997
Hibernate: insert into question (answer, choice1, choice2, choice3, choice4, choice5, content, correct, create_date, filepath, modify_date, score, subject, teacher_id, time, view) values (?, ?, ?, ?, ?, ?, ?, ?, ?, ?, ?, ?, ?, ?, ?, ?)
make question 8998
Hibernate: insert into question (answer, choice1, choice2, choice3, choice4, choice5, content, correct, create_date, filepath, modify_date, score, subject, teacher_id, time, view) values (?, ?, ?, ?, ?, ?, ?, ?, ?, ?, ?, ?, ?, ?, ?, ?)
make question 8999
Hibernate: insert into question (answer, choice1, choice2, choice3, choice4, choice5, content, correct, create_date, filepath, modify_date, score, subject, teacher_id, time, view) values (?, ?, ?, ?, ?, ?, ?, ?, ?, ?, ?, ?, ?, ?, ?, ?)
make question 9000
Hibernate: insert into question (answer, choice1, choice2, choice3, choice4, choice5, content, correct, create_date, filepath, modify_date, score, subject, teacher_id, time, view) values (?, ?, ?, ?, ?, ?, ?, ?, ?, ?, ?, ?, ?, ?, ?, ?)
make question 9001
Hibernate: insert into question (answer, choice1, choice2, choice3, choice4, choice5, content, correct, create_date, filepath, modify_date, score, subject, teacher_id, time, view) values (?, ?, ?, ?, ?, ?, ?, ?, ?, ?, ?, ?, ?, ?, ?, ?)
make question 9002
Hibernate: insert into question (answer, choice1, choice2, choice3, choice4, choice5, content, correct, create_date, filepath, modify_date, score, subject, teacher_id, time, view) values (?, ?, ?, ?, ?, ?, ?, ?, ?, ?, ?, ?, ?, ?, ?, ?)
make question 9003
Hibernate: insert into question (answer, choice1, choice2, choice3, choice4, choice5, content, correct, create_date, filepath, modify_date, score, subject, teacher_id, time, view) values (?, ?, ?, ?, ?, ?, ?, ?, ?, ?, ?, ?, ?, ?, ?, ?)
make question 9004
Hibernate: insert into question (answer, choice1, choice2, choice3, choice4, choice5, content, correct, create_date, filepath, modify_date, score, subject, teacher_id, time, view) values (?, ?, ?, ?, ?, ?, ?, ?, ?, ?, ?, ?, ?, ?, ?, ?)
make question 9005
Hibernate: insert into question (answer, choice1, choice2, choice3, choice4, choice5, content, correct, create_date, filepath, modify_date, score, subject, teacher_id, time, view) values (?, ?, ?, ?, ?, ?, ?, ?, ?, ?, ?, ?, ?, ?, ?, ?)
make question 9006
Hibernate: insert into question (answer, choice1, choice2, choice3, choice4, choice5, content, correct, create_date, filepath, modify_date, score, subject, teacher_id, time, view) values (?, ?, ?, ?, ?, ?, ?, ?, ?, ?, ?, ?, ?, ?, ?, ?)
make question 9007
Hibernate: insert into question (answer, choice1, choice2, choice3, choice4, choice5, content, correct, create_date, filepath, modify_date, score, subject, teacher_id, time, view) values (?, ?, ?, ?, ?, ?, ?, ?, ?, ?, ?, ?, ?, ?, ?, ?)
make question 9008
Hibernate: insert into question (answer, choice1, choice2, choice3, choice4, choice5, content, correct, create_date, filepath, modify_date, score, subject, teacher_id, time, view) values (?, ?, ?, ?, ?, ?, ?, ?, ?, ?, ?, ?, ?, ?, ?, ?)
make question 9009
Hibernate: insert into question (answer, choice1, choice2, choice3, choice4, choice5, content, correct, create_date, filepath, modify_date, score, subject, teacher_id, time, view) values (?, ?, ?, ?, ?, ?, ?, ?, ?, ?, ?, ?, ?, ?, ?, ?)
make question 9010
Hibernate: insert into question (answer, choice1, choice2, choice3, choice4, choice5, content, correct, create_date, filepath, modify_date, score, subject, teacher_id, time, view) values (?, ?, ?, ?, ?, ?, ?, ?, ?, ?, ?, ?, ?, ?, ?, ?)
make question 9011
Hibernate: insert into question (answer, choice1, choice2, choice3, choice4, choice5, content, correct, create_date, filepath, modify_date, score, subject, teacher_id, time, view) values (?, ?, ?, ?, ?, ?, ?, ?, ?, ?, ?, ?, ?, ?, ?, ?)
make question 9012
Hibernate: insert into question (answer, choice1, choice2, choice3, choice4, choice5, content, correct, create_date, filepath, modify_date, score, subject, teacher_id, time, view) values (?, ?, ?, ?, ?, ?, ?, ?, ?, ?, ?, ?, ?, ?, ?, ?)
make question 9013
Hibernate: insert into question (answer, choice1, choice2, choice3, choice4, choice5, content, correct, create_date, filepath, modify_date, score, subject, teacher_id, time, view) values (?, ?, ?, ?, ?, ?, ?, ?, ?, ?, ?, ?, ?, ?, ?, ?)
make question 9014
Hibernate: insert into question (answer, choice1, choice2, choice3, choice4, choice5, content, correct, create_date, filepath, modify_date, score, subject, teacher_id, time, view) values (?, ?, ?, ?, ?, ?, ?, ?, ?, ?, ?, ?, ?, ?, ?, ?)
make question 9015
Hibernate: insert into question (answer, choice1, choice2, choice3, choice4, choice5, content, correct, create_date, filepath, modify_date, score, subject, teacher_id, time, view) values (?, ?, ?, ?, ?, ?, ?, ?, ?, ?, ?, ?, ?, ?, ?, ?)
make question 9016
Hibernate: insert into question (answer, choice1, choice2, choice3, choice4, choice5, content, correct, create_date, filepath, modify_date, score, subject, teacher_id, time, view) values (?, ?, ?, ?, ?, ?, ?, ?, ?, ?, ?, ?, ?, ?, ?, ?)
make question 9017
Hibernate: insert into question (answer, choice1, choice2, choice3, choice4, choice5, content, correct, create_date, filepath, modify_date, score, subject, teacher_id, time, view) values (?, ?, ?, ?, ?, ?, ?, ?, ?, ?, ?, ?, ?, ?, ?, ?)
make question 9018
Hibernate: insert into question (answer, choice1, choice2, choice3, choice4, choice5, content, correct, create_date, filepath, modify_date, score, subject, teacher_id, time, view) values (?, ?, ?, ?, ?, ?, ?, ?, ?, ?, ?, ?, ?, ?, ?, ?)
make question 9019
Hibernate: insert into question (answer, choice1, choice2, choice3, choice4, choice5, content, correct, create_date, filepath, modify_date, score, subject, teacher_id, time, view) values (?, ?, ?, ?, ?, ?, ?, ?, ?, ?, ?, ?, ?, ?, ?, ?)
make question 9020
Hibernate: insert into question (answer, choice1, choice2, choice3, choice4, choice5, content, correct, create_date, filepath, modify_date, score, subject, teacher_id, time, view) values (?, ?, ?, ?, ?, ?, ?, ?, ?, ?, ?, ?, ?, ?, ?, ?)
make question 9021
Hibernate: insert into question (answer, choice1, choice2, choice3, choice4, choice5, content, correct, create_date, filepath, modify_date, score, subject, teacher_id, time, view) values (?, ?, ?, ?, ?, ?, ?, ?, ?, ?, ?, ?, ?, ?, ?, ?)
make question 9022
Hibernate: insert into question (answer, choice1, choice2, choice3, choice4, choice5, content, correct, create_date, filepath, modify_date, score, subject, teacher_id, time, view) values (?, ?, ?, ?, ?, ?, ?, ?, ?, ?, ?, ?, ?, ?, ?, ?)
make question 9023
Hibernate: insert into question (answer, choice1, choice2, choice3, choice4, choice5, content, correct, create_date, filepath, modify_date, score, subject, teacher_id, time, view) values (?, ?, ?, ?, ?, ?, ?, ?, ?, ?, ?, ?, ?, ?, ?, ?)
make question 9024
Hibernate: insert into question (answer, choice1, choice2, choice3, choice4, choice5, content, correct, create_date, filepath, modify_date, score, subject, teacher_id, time, view) values (?, ?, ?, ?, ?, ?, ?, ?, ?, ?, ?, ?, ?, ?, ?, ?)
make question 9025
Hibernate: insert into question (answer, choice1, choice2, choice3, choice4, choice5, content, correct, create_date, filepath, modify_date, score, subject, teacher_id, time, view) values (?, ?, ?, ?, ?, ?, ?, ?, ?, ?, ?, ?, ?, ?, ?, ?)
make question 9026
Hibernate: insert into question (answer, choice1, choice2, choice3, choice4, choice5, content, correct, create_date, filepath, modify_date, score, subject, teacher_id, time, view) values (?, ?, ?, ?, ?, ?, ?, ?, ?, ?, ?, ?, ?, ?, ?, ?)
make question 9027
Hibernate: insert into question (answer, choice1, choice2, choice3, choice4, choice5, content, correct, create_date, filepath, modify_date, score, subject, teacher_id, time, view) values (?, ?, ?, ?, ?, ?, ?, ?, ?, ?, ?, ?, ?, ?, ?, ?)
make question 9028
Hibernate: insert into question (answer, choice1, choice2, choice3, choice4, choice5, content, correct, create_date, filepath, modify_date, score, subject, teacher_id, time, view) values (?, ?, ?, ?, ?, ?, ?, ?, ?, ?, ?, ?, ?, ?, ?, ?)
make question 9029
Hibernate: insert into question (answer, choice1, choice2, choice3, choice4, choice5, content, correct, create_date, filepath, modify_date, score, subject, teacher_id, time, view) values (?, ?, ?, ?, ?, ?, ?, ?, ?, ?, ?, ?, ?, ?, ?, ?)
make question 9030
Hibernate: insert into question (answer, choice1, choice2, choice3, choice4, choice5, content, correct, create_date, filepath, modify_date, score, subject, teacher_id, time, view) values (?, ?, ?, ?, ?, ?, ?, ?, ?, ?, ?, ?, ?, ?, ?, ?)
make question 9031
Hibernate: insert into question (answer, choice1, choice2, choice3, choice4, choice5, content, correct, create_date, filepath, modify_date, score, subject, teacher_id, time, view) values (?, ?, ?, ?, ?, ?, ?, ?, ?, ?, ?, ?, ?, ?, ?, ?)
make question 9032
Hibernate: insert into question (answer, choice1, choice2, choice3, choice4, choice5, content, correct, create_date, filepath, modify_date, score, subject, teacher_id, time, view) values (?, ?, ?, ?, ?, ?, ?, ?, ?, ?, ?, ?, ?, ?, ?, ?)
make question 9033
Hibernate: insert into question (answer, choice1, choice2, choice3, choice4, choice5, content, correct, create_date, filepath, modify_date, score, subject, teacher_id, time, view) values (?, ?, ?, ?, ?, ?, ?, ?, ?, ?, ?, ?, ?, ?, ?, ?)
make question 9034
Hibernate: insert into question (answer, choice1, choice2, choice3, choice4, choice5, content, correct, create_date, filepath, modify_date, score, subject, teacher_id, time, view) values (?, ?, ?, ?, ?, ?, ?, ?, ?, ?, ?, ?, ?, ?, ?, ?)
make question 9035
Hibernate: insert into question (answer, choice1, choice2, choice3, choice4, choice5, content, correct, create_date, filepath, modify_date, score, subject, teacher_id, time, view) values (?, ?, ?, ?, ?, ?, ?, ?, ?, ?, ?, ?, ?, ?, ?, ?)
make question 9036
Hibernate: insert into question (answer, choice1, choice2, choice3, choice4, choice5, content, correct, create_date, filepath, modify_date, score, subject, teacher_id, time, view) values (?, ?, ?, ?, ?, ?, ?, ?, ?, ?, ?, ?, ?, ?, ?, ?)
make question 9037
Hibernate: insert into question (answer, choice1, choice2, choice3, choice4, choice5, content, correct, create_date, filepath, modify_date, score, subject, teacher_id, time, view) values (?, ?, ?, ?, ?, ?, ?, ?, ?, ?, ?, ?, ?, ?, ?, ?)
make question 9038
Hibernate: insert into question (answer, choice1, choice2, choice3, choice4, choice5, content, correct, create_date, filepath, modify_date, score, subject, teacher_id, time, view) values (?, ?, ?, ?, ?, ?, ?, ?, ?, ?, ?, ?, ?, ?, ?, ?)
make question 9039
Hibernate: insert into question (answer, choice1, choice2, choice3, choice4, choice5, content, correct, create_date, filepath, modify_date, score, subject, teacher_id, time, view) values (?, ?, ?, ?, ?, ?, ?, ?, ?, ?, ?, ?, ?, ?, ?, ?)
make question 9040
Hibernate: insert into question (answer, choice1, choice2, choice3, choice4, choice5, content, correct, create_date, filepath, modify_date, score, subject, teacher_id, time, view) values (?, ?, ?, ?, ?, ?, ?, ?, ?, ?, ?, ?, ?, ?, ?, ?)
make question 9041
Hibernate: insert into question (answer, choice1, choice2, choice3, choice4, choice5, content, correct, create_date, filepath, modify_date, score, subject, teacher_id, time, view) values (?, ?, ?, ?, ?, ?, ?, ?, ?, ?, ?, ?, ?, ?, ?, ?)
make question 9042
Hibernate: insert into question (answer, choice1, choice2, choice3, choice4, choice5, content, correct, create_date, filepath, modify_date, score, subject, teacher_id, time, view) values (?, ?, ?, ?, ?, ?, ?, ?, ?, ?, ?, ?, ?, ?, ?, ?)
make question 9043
Hibernate: insert into question (answer, choice1, choice2, choice3, choice4, choice5, content, correct, create_date, filepath, modify_date, score, subject, teacher_id, time, view) values (?, ?, ?, ?, ?, ?, ?, ?, ?, ?, ?, ?, ?, ?, ?, ?)
make question 9044
Hibernate: insert into question (answer, choice1, choice2, choice3, choice4, choice5, content, correct, create_date, filepath, modify_date, score, subject, teacher_id, time, view) values (?, ?, ?, ?, ?, ?, ?, ?, ?, ?, ?, ?, ?, ?, ?, ?)
make question 9045
Hibernate: insert into question (answer, choice1, choice2, choice3, choice4, choice5, content, correct, create_date, filepath, modify_date, score, subject, teacher_id, time, view) values (?, ?, ?, ?, ?, ?, ?, ?, ?, ?, ?, ?, ?, ?, ?, ?)
make question 9046
Hibernate: insert into question (answer, choice1, choice2, choice3, choice4, choice5, content, correct, create_date, filepath, modify_date, score, subject, teacher_id, time, view) values (?, ?, ?, ?, ?, ?, ?, ?, ?, ?, ?, ?, ?, ?, ?, ?)
make question 9047
Hibernate: insert into question (answer, choice1, choice2, choice3, choice4, choice5, content, correct, create_date, filepath, modify_date, score, subject, teacher_id, time, view) values (?, ?, ?, ?, ?, ?, ?, ?, ?, ?, ?, ?, ?, ?, ?, ?)
make question 9048
Hibernate: insert into question (answer, choice1, choice2, choice3, choice4, choice5, content, correct, create_date, filepath, modify_date, score, subject, teacher_id, time, view) values (?, ?, ?, ?, ?, ?, ?, ?, ?, ?, ?, ?, ?, ?, ?, ?)
make question 9049
Hibernate: insert into question (answer, choice1, choice2, choice3, choice4, choice5, content, correct, create_date, filepath, modify_date, score, subject, teacher_id, time, view) values (?, ?, ?, ?, ?, ?, ?, ?, ?, ?, ?, ?, ?, ?, ?, ?)
make question 9050
Hibernate: insert into question (answer, choice1, choice2, choice3, choice4, choice5, content, correct, create_date, filepath, modify_date, score, subject, teacher_id, time, view) values (?, ?, ?, ?, ?, ?, ?, ?, ?, ?, ?, ?, ?, ?, ?, ?)
make question 9051
Hibernate: insert into question (answer, choice1, choice2, choice3, choice4, choice5, content, correct, create_date, filepath, modify_date, score, subject, teacher_id, time, view) values (?, ?, ?, ?, ?, ?, ?, ?, ?, ?, ?, ?, ?, ?, ?, ?)
make question 9052
Hibernate: insert into question (answer, choice1, choice2, choice3, choice4, choice5, content, correct, create_date, filepath, modify_date, score, subject, teacher_id, time, view) values (?, ?, ?, ?, ?, ?, ?, ?, ?, ?, ?, ?, ?, ?, ?, ?)
make question 9053
Hibernate: insert into question (answer, choice1, choice2, choice3, choice4, choice5, content, correct, create_date, filepath, modify_date, score, subject, teacher_id, time, view) values (?, ?, ?, ?, ?, ?, ?, ?, ?, ?, ?, ?, ?, ?, ?, ?)
make question 9054
Hibernate: insert into question (answer, choice1, choice2, choice3, choice4, choice5, content, correct, create_date, filepath, modify_date, score, subject, teacher_id, time, view) values (?, ?, ?, ?, ?, ?, ?, ?, ?, ?, ?, ?, ?, ?, ?, ?)
make question 9055
Hibernate: insert into question (answer, choice1, choice2, choice3, choice4, choice5, content, correct, create_date, filepath, modify_date, score, subject, teacher_id, time, view) values (?, ?, ?, ?, ?, ?, ?, ?, ?, ?, ?, ?, ?, ?, ?, ?)
make question 9056
Hibernate: insert into question (answer, choice1, choice2, choice3, choice4, choice5, content, correct, create_date, filepath, modify_date, score, subject, teacher_id, time, view) values (?, ?, ?, ?, ?, ?, ?, ?, ?, ?, ?, ?, ?, ?, ?, ?)
make question 9057
Hibernate: insert into question (answer, choice1, choice2, choice3, choice4, choice5, content, correct, create_date, filepath, modify_date, score, subject, teacher_id, time, view) values (?, ?, ?, ?, ?, ?, ?, ?, ?, ?, ?, ?, ?, ?, ?, ?)
make question 9058
Hibernate: insert into question (answer, choice1, choice2, choice3, choice4, choice5, content, correct, create_date, filepath, modify_date, score, subject, teacher_id, time, view) values (?, ?, ?, ?, ?, ?, ?, ?, ?, ?, ?, ?, ?, ?, ?, ?)
make question 9059
Hibernate: insert into question (answer, choice1, choice2, choice3, choice4, choice5, content, correct, create_date, filepath, modify_date, score, subject, teacher_id, time, view) values (?, ?, ?, ?, ?, ?, ?, ?, ?, ?, ?, ?, ?, ?, ?, ?)
make question 9060
Hibernate: insert into question (answer, choice1, choice2, choice3, choice4, choice5, content, correct, create_date, filepath, modify_date, score, subject, teacher_id, time, view) values (?, ?, ?, ?, ?, ?, ?, ?, ?, ?, ?, ?, ?, ?, ?, ?)
make question 9061
Hibernate: insert into question (answer, choice1, choice2, choice3, choice4, choice5, content, correct, create_date, filepath, modify_date, score, subject, teacher_id, time, view) values (?, ?, ?, ?, ?, ?, ?, ?, ?, ?, ?, ?, ?, ?, ?, ?)
make question 9062
Hibernate: insert into question (answer, choice1, choice2, choice3, choice4, choice5, content, correct, create_date, filepath, modify_date, score, subject, teacher_id, time, view) values (?, ?, ?, ?, ?, ?, ?, ?, ?, ?, ?, ?, ?, ?, ?, ?)
make question 9063
Hibernate: insert into question (answer, choice1, choice2, choice3, choice4, choice5, content, correct, create_date, filepath, modify_date, score, subject, teacher_id, time, view) values (?, ?, ?, ?, ?, ?, ?, ?, ?, ?, ?, ?, ?, ?, ?, ?)
make question 9064
Hibernate: insert into question (answer, choice1, choice2, choice3, choice4, choice5, content, correct, create_date, filepath, modify_date, score, subject, teacher_id, time, view) values (?, ?, ?, ?, ?, ?, ?, ?, ?, ?, ?, ?, ?, ?, ?, ?)
make question 9065
Hibernate: insert into question (answer, choice1, choice2, choice3, choice4, choice5, content, correct, create_date, filepath, modify_date, score, subject, teacher_id, time, view) values (?, ?, ?, ?, ?, ?, ?, ?, ?, ?, ?, ?, ?, ?, ?, ?)
make question 9066
Hibernate: insert into question (answer, choice1, choice2, choice3, choice4, choice5, content, correct, create_date, filepath, modify_date, score, subject, teacher_id, time, view) values (?, ?, ?, ?, ?, ?, ?, ?, ?, ?, ?, ?, ?, ?, ?, ?)
make question 9067
Hibernate: insert into question (answer, choice1, choice2, choice3, choice4, choice5, content, correct, create_date, filepath, modify_date, score, subject, teacher_id, time, view) values (?, ?, ?, ?, ?, ?, ?, ?, ?, ?, ?, ?, ?, ?, ?, ?)
make question 9068
Hibernate: insert into question (answer, choice1, choice2, choice3, choice4, choice5, content, correct, create_date, filepath, modify_date, score, subject, teacher_id, time, view) values (?, ?, ?, ?, ?, ?, ?, ?, ?, ?, ?, ?, ?, ?, ?, ?)
make question 9069
Hibernate: insert into question (answer, choice1, choice2, choice3, choice4, choice5, content, correct, create_date, filepath, modify_date, score, subject, teacher_id, time, view) values (?, ?, ?, ?, ?, ?, ?, ?, ?, ?, ?, ?, ?, ?, ?, ?)
make question 9070
Hibernate: insert into question (answer, choice1, choice2, choice3, choice4, choice5, content, correct, create_date, filepath, modify_date, score, subject, teacher_id, time, view) values (?, ?, ?, ?, ?, ?, ?, ?, ?, ?, ?, ?, ?, ?, ?, ?)
make question 9071
Hibernate: insert into question (answer, choice1, choice2, choice3, choice4, choice5, content, correct, create_date, filepath, modify_date, score, subject, teacher_id, time, view) values (?, ?, ?, ?, ?, ?, ?, ?, ?, ?, ?, ?, ?, ?, ?, ?)
make question 9072
Hibernate: insert into question (answer, choice1, choice2, choice3, choice4, choice5, content, correct, create_date, filepath, modify_date, score, subject, teacher_id, time, view) values (?, ?, ?, ?, ?, ?, ?, ?, ?, ?, ?, ?, ?, ?, ?, ?)
make question 9073
Hibernate: insert into question (answer, choice1, choice2, choice3, choice4, choice5, content, correct, create_date, filepath, modify_date, score, subject, teacher_id, time, view) values (?, ?, ?, ?, ?, ?, ?, ?, ?, ?, ?, ?, ?, ?, ?, ?)
make question 9074
Hibernate: insert into question (answer, choice1, choice2, choice3, choice4, choice5, content, correct, create_date, filepath, modify_date, score, subject, teacher_id, time, view) values (?, ?, ?, ?, ?, ?, ?, ?, ?, ?, ?, ?, ?, ?, ?, ?)
make question 9075
Hibernate: insert into question (answer, choice1, choice2, choice3, choice4, choice5, content, correct, create_date, filepath, modify_date, score, subject, teacher_id, time, view) values (?, ?, ?, ?, ?, ?, ?, ?, ?, ?, ?, ?, ?, ?, ?, ?)
make question 9076
Hibernate: insert into question (answer, choice1, choice2, choice3, choice4, choice5, content, correct, create_date, filepath, modify_date, score, subject, teacher_id, time, view) values (?, ?, ?, ?, ?, ?, ?, ?, ?, ?, ?, ?, ?, ?, ?, ?)
make question 9077
Hibernate: insert into question (answer, choice1, choice2, choice3, choice4, choice5, content, correct, create_date, filepath, modify_date, score, subject, teacher_id, time, view) values (?, ?, ?, ?, ?, ?, ?, ?, ?, ?, ?, ?, ?, ?, ?, ?)
make question 9078
Hibernate: insert into question (answer, choice1, choice2, choice3, choice4, choice5, content, correct, create_date, filepath, modify_date, score, subject, teacher_id, time, view) values (?, ?, ?, ?, ?, ?, ?, ?, ?, ?, ?, ?, ?, ?, ?, ?)
make question 9079
Hibernate: insert into question (answer, choice1, choice2, choice3, choice4, choice5, content, correct, create_date, filepath, modify_date, score, subject, teacher_id, time, view) values (?, ?, ?, ?, ?, ?, ?, ?, ?, ?, ?, ?, ?, ?, ?, ?)
make question 9080
Hibernate: insert into question (answer, choice1, choice2, choice3, choice4, choice5, content, correct, create_date, filepath, modify_date, score, subject, teacher_id, time, view) values (?, ?, ?, ?, ?, ?, ?, ?, ?, ?, ?, ?, ?, ?, ?, ?)
make question 9081
Hibernate: insert into question (answer, choice1, choice2, choice3, choice4, choice5, content, correct, create_date, filepath, modify_date, score, subject, teacher_id, time, view) values (?, ?, ?, ?, ?, ?, ?, ?, ?, ?, ?, ?, ?, ?, ?, ?)
make question 9082
Hibernate: insert into question (answer, choice1, choice2, choice3, choice4, choice5, content, correct, create_date, filepath, modify_date, score, subject, teacher_id, time, view) values (?, ?, ?, ?, ?, ?, ?, ?, ?, ?, ?, ?, ?, ?, ?, ?)
make question 9083
Hibernate: insert into question (answer, choice1, choice2, choice3, choice4, choice5, content, correct, create_date, filepath, modify_date, score, subject, teacher_id, time, view) values (?, ?, ?, ?, ?, ?, ?, ?, ?, ?, ?, ?, ?, ?, ?, ?)
make question 9084
Hibernate: insert into question (answer, choice1, choice2, choice3, choice4, choice5, content, correct, create_date, filepath, modify_date, score, subject, teacher_id, time, view) values (?, ?, ?, ?, ?, ?, ?, ?, ?, ?, ?, ?, ?, ?, ?, ?)
make question 9085
Hibernate: insert into question (answer, choice1, choice2, choice3, choice4, choice5, content, correct, create_date, filepath, modify_date, score, subject, teacher_id, time, view) values (?, ?, ?, ?, ?, ?, ?, ?, ?, ?, ?, ?, ?, ?, ?, ?)
make question 9086
Hibernate: insert into question (answer, choice1, choice2, choice3, choice4, choice5, content, correct, create_date, filepath, modify_date, score, subject, teacher_id, time, view) values (?, ?, ?, ?, ?, ?, ?, ?, ?, ?, ?, ?, ?, ?, ?, ?)
make question 9087
Hibernate: insert into question (answer, choice1, choice2, choice3, choice4, choice5, content, correct, create_date, filepath, modify_date, score, subject, teacher_id, time, view) values (?, ?, ?, ?, ?, ?, ?, ?, ?, ?, ?, ?, ?, ?, ?, ?)
make question 9088
Hibernate: insert into question (answer, choice1, choice2, choice3, choice4, choice5, content, correct, create_date, filepath, modify_date, score, subject, teacher_id, time, view) values (?, ?, ?, ?, ?, ?, ?, ?, ?, ?, ?, ?, ?, ?, ?, ?)
make question 9089
Hibernate: insert into question (answer, choice1, choice2, choice3, choice4, choice5, content, correct, create_date, filepath, modify_date, score, subject, teacher_id, time, view) values (?, ?, ?, ?, ?, ?, ?, ?, ?, ?, ?, ?, ?, ?, ?, ?)
make question 9090
Hibernate: insert into question (answer, choice1, choice2, choice3, choice4, choice5, content, correct, create_date, filepath, modify_date, score, subject, teacher_id, time, view) values (?, ?, ?, ?, ?, ?, ?, ?, ?, ?, ?, ?, ?, ?, ?, ?)
make question 9091
Hibernate: insert into question (answer, choice1, choice2, choice3, choice4, choice5, content, correct, create_date, filepath, modify_date, score, subject, teacher_id, time, view) values (?, ?, ?, ?, ?, ?, ?, ?, ?, ?, ?, ?, ?, ?, ?, ?)
make question 9092
Hibernate: insert into question (answer, choice1, choice2, choice3, choice4, choice5, content, correct, create_date, filepath, modify_date, score, subject, teacher_id, time, view) values (?, ?, ?, ?, ?, ?, ?, ?, ?, ?, ?, ?, ?, ?, ?, ?)
make question 9093
Hibernate: insert into question (answer, choice1, choice2, choice3, choice4, choice5, content, correct, create_date, filepath, modify_date, score, subject, teacher_id, time, view) values (?, ?, ?, ?, ?, ?, ?, ?, ?, ?, ?, ?, ?, ?, ?, ?)
make question 9094
Hibernate: insert into question (answer, choice1, choice2, choice3, choice4, choice5, content, correct, create_date, filepath, modify_date, score, subject, teacher_id, time, view) values (?, ?, ?, ?, ?, ?, ?, ?, ?, ?, ?, ?, ?, ?, ?, ?)
make question 9095
Hibernate: insert into question (answer, choice1, choice2, choice3, choice4, choice5, content, correct, create_date, filepath, modify_date, score, subject, teacher_id, time, view) values (?, ?, ?, ?, ?, ?, ?, ?, ?, ?, ?, ?, ?, ?, ?, ?)
make question 9096
Hibernate: insert into question (answer, choice1, choice2, choice3, choice4, choice5, content, correct, create_date, filepath, modify_date, score, subject, teacher_id, time, view) values (?, ?, ?, ?, ?, ?, ?, ?, ?, ?, ?, ?, ?, ?, ?, ?)
make question 9097
Hibernate: insert into question (answer, choice1, choice2, choice3, choice4, choice5, content, correct, create_date, filepath, modify_date, score, subject, teacher_id, time, view) values (?, ?, ?, ?, ?, ?, ?, ?, ?, ?, ?, ?, ?, ?, ?, ?)
make question 9098
Hibernate: insert into question (answer, choice1, choice2, choice3, choice4, choice5, content, correct, create_date, filepath, modify_date, score, subject, teacher_id, time, view) values (?, ?, ?, ?, ?, ?, ?, ?, ?, ?, ?, ?, ?, ?, ?, ?)
make question 9099
Hibernate: insert into question (answer, choice1, choice2, choice3, choice4, choice5, content, correct, create_date, filepath, modify_date, score, subject, teacher_id, time, view) values (?, ?, ?, ?, ?, ?, ?, ?, ?, ?, ?, ?, ?, ?, ?, ?)
make question 9100
Hibernate: insert into question (answer, choice1, choice2, choice3, choice4, choice5, content, correct, create_date, filepath, modify_date, score, subject, teacher_id, time, view) values (?, ?, ?, ?, ?, ?, ?, ?, ?, ?, ?, ?, ?, ?, ?, ?)
make question 9101
Hibernate: insert into question (answer, choice1, choice2, choice3, choice4, choice5, content, correct, create_date, filepath, modify_date, score, subject, teacher_id, time, view) values (?, ?, ?, ?, ?, ?, ?, ?, ?, ?, ?, ?, ?, ?, ?, ?)
make question 9102
Hibernate: insert into question (answer, choice1, choice2, choice3, choice4, choice5, content, correct, create_date, filepath, modify_date, score, subject, teacher_id, time, view) values (?, ?, ?, ?, ?, ?, ?, ?, ?, ?, ?, ?, ?, ?, ?, ?)
make question 9103
Hibernate: insert into question (answer, choice1, choice2, choice3, choice4, choice5, content, correct, create_date, filepath, modify_date, score, subject, teacher_id, time, view) values (?, ?, ?, ?, ?, ?, ?, ?, ?, ?, ?, ?, ?, ?, ?, ?)
make question 9104
Hibernate: insert into question (answer, choice1, choice2, choice3, choice4, choice5, content, correct, create_date, filepath, modify_date, score, subject, teacher_id, time, view) values (?, ?, ?, ?, ?, ?, ?, ?, ?, ?, ?, ?, ?, ?, ?, ?)
make question 9105
Hibernate: insert into question (answer, choice1, choice2, choice3, choice4, choice5, content, correct, create_date, filepath, modify_date, score, subject, teacher_id, time, view) values (?, ?, ?, ?, ?, ?, ?, ?, ?, ?, ?, ?, ?, ?, ?, ?)
make question 9106
Hibernate: insert into question (answer, choice1, choice2, choice3, choice4, choice5, content, correct, create_date, filepath, modify_date, score, subject, teacher_id, time, view) values (?, ?, ?, ?, ?, ?, ?, ?, ?, ?, ?, ?, ?, ?, ?, ?)
make question 9107
Hibernate: insert into question (answer, choice1, choice2, choice3, choice4, choice5, content, correct, create_date, filepath, modify_date, score, subject, teacher_id, time, view) values (?, ?, ?, ?, ?, ?, ?, ?, ?, ?, ?, ?, ?, ?, ?, ?)
make question 9108
Hibernate: insert into question (answer, choice1, choice2, choice3, choice4, choice5, content, correct, create_date, filepath, modify_date, score, subject, teacher_id, time, view) values (?, ?, ?, ?, ?, ?, ?, ?, ?, ?, ?, ?, ?, ?, ?, ?)
make question 9109
Hibernate: insert into question (answer, choice1, choice2, choice3, choice4, choice5, content, correct, create_date, filepath, modify_date, score, subject, teacher_id, time, view) values (?, ?, ?, ?, ?, ?, ?, ?, ?, ?, ?, ?, ?, ?, ?, ?)
make question 9110
Hibernate: insert into question (answer, choice1, choice2, choice3, choice4, choice5, content, correct, create_date, filepath, modify_date, score, subject, teacher_id, time, view) values (?, ?, ?, ?, ?, ?, ?, ?, ?, ?, ?, ?, ?, ?, ?, ?)
make question 9111
Hibernate: insert into question (answer, choice1, choice2, choice3, choice4, choice5, content, correct, create_date, filepath, modify_date, score, subject, teacher_id, time, view) values (?, ?, ?, ?, ?, ?, ?, ?, ?, ?, ?, ?, ?, ?, ?, ?)
make question 9112
Hibernate: insert into question (answer, choice1, choice2, choice3, choice4, choice5, content, correct, create_date, filepath, modify_date, score, subject, teacher_id, time, view) values (?, ?, ?, ?, ?, ?, ?, ?, ?, ?, ?, ?, ?, ?, ?, ?)
make question 9113
Hibernate: insert into question (answer, choice1, choice2, choice3, choice4, choice5, content, correct, create_date, filepath, modify_date, score, subject, teacher_id, time, view) values (?, ?, ?, ?, ?, ?, ?, ?, ?, ?, ?, ?, ?, ?, ?, ?)
make question 9114
Hibernate: insert into question (answer, choice1, choice2, choice3, choice4, choice5, content, correct, create_date, filepath, modify_date, score, subject, teacher_id, time, view) values (?, ?, ?, ?, ?, ?, ?, ?, ?, ?, ?, ?, ?, ?, ?, ?)
make question 9115
Hibernate: insert into question (answer, choice1, choice2, choice3, choice4, choice5, content, correct, create_date, filepath, modify_date, score, subject, teacher_id, time, view) values (?, ?, ?, ?, ?, ?, ?, ?, ?, ?, ?, ?, ?, ?, ?, ?)
make question 9116
Hibernate: insert into question (answer, choice1, choice2, choice3, choice4, choice5, content, correct, create_date, filepath, modify_date, score, subject, teacher_id, time, view) values (?, ?, ?, ?, ?, ?, ?, ?, ?, ?, ?, ?, ?, ?, ?, ?)
make question 9117
Hibernate: insert into question (answer, choice1, choice2, choice3, choice4, choice5, content, correct, create_date, filepath, modify_date, score, subject, teacher_id, time, view) values (?, ?, ?, ?, ?, ?, ?, ?, ?, ?, ?, ?, ?, ?, ?, ?)
make question 9118
Hibernate: insert into question (answer, choice1, choice2, choice3, choice4, choice5, content, correct, create_date, filepath, modify_date, score, subject, teacher_id, time, view) values (?, ?, ?, ?, ?, ?, ?, ?, ?, ?, ?, ?, ?, ?, ?, ?)
make question 9119
Hibernate: insert into question (answer, choice1, choice2, choice3, choice4, choice5, content, correct, create_date, filepath, modify_date, score, subject, teacher_id, time, view) values (?, ?, ?, ?, ?, ?, ?, ?, ?, ?, ?, ?, ?, ?, ?, ?)
make question 9120
Hibernate: insert into question (answer, choice1, choice2, choice3, choice4, choice5, content, correct, create_date, filepath, modify_date, score, subject, teacher_id, time, view) values (?, ?, ?, ?, ?, ?, ?, ?, ?, ?, ?, ?, ?, ?, ?, ?)
make question 9121
Hibernate: insert into question (answer, choice1, choice2, choice3, choice4, choice5, content, correct, create_date, filepath, modify_date, score, subject, teacher_id, time, view) values (?, ?, ?, ?, ?, ?, ?, ?, ?, ?, ?, ?, ?, ?, ?, ?)
make question 9122
Hibernate: insert into question (answer, choice1, choice2, choice3, choice4, choice5, content, correct, create_date, filepath, modify_date, score, subject, teacher_id, time, view) values (?, ?, ?, ?, ?, ?, ?, ?, ?, ?, ?, ?, ?, ?, ?, ?)
make question 9123
Hibernate: insert into question (answer, choice1, choice2, choice3, choice4, choice5, content, correct, create_date, filepath, modify_date, score, subject, teacher_id, time, view) values (?, ?, ?, ?, ?, ?, ?, ?, ?, ?, ?, ?, ?, ?, ?, ?)
make question 9124
Hibernate: insert into question (answer, choice1, choice2, choice3, choice4, choice5, content, correct, create_date, filepath, modify_date, score, subject, teacher_id, time, view) values (?, ?, ?, ?, ?, ?, ?, ?, ?, ?, ?, ?, ?, ?, ?, ?)
make question 9125
Hibernate: insert into question (answer, choice1, choice2, choice3, choice4, choice5, content, correct, create_date, filepath, modify_date, score, subject, teacher_id, time, view) values (?, ?, ?, ?, ?, ?, ?, ?, ?, ?, ?, ?, ?, ?, ?, ?)
make question 9126
Hibernate: insert into question (answer, choice1, choice2, choice3, choice4, choice5, content, correct, create_date, filepath, modify_date, score, subject, teacher_id, time, view) values (?, ?, ?, ?, ?, ?, ?, ?, ?, ?, ?, ?, ?, ?, ?, ?)
make question 9127
Hibernate: insert into question (answer, choice1, choice2, choice3, choice4, choice5, content, correct, create_date, filepath, modify_date, score, subject, teacher_id, time, view) values (?, ?, ?, ?, ?, ?, ?, ?, ?, ?, ?, ?, ?, ?, ?, ?)
make question 9128
Hibernate: insert into question (answer, choice1, choice2, choice3, choice4, choice5, content, correct, create_date, filepath, modify_date, score, subject, teacher_id, time, view) values (?, ?, ?, ?, ?, ?, ?, ?, ?, ?, ?, ?, ?, ?, ?, ?)
make question 9129
Hibernate: insert into question (answer, choice1, choice2, choice3, choice4, choice5, content, correct, create_date, filepath, modify_date, score, subject, teacher_id, time, view) values (?, ?, ?, ?, ?, ?, ?, ?, ?, ?, ?, ?, ?, ?, ?, ?)
make question 9130
Hibernate: insert into question (answer, choice1, choice2, choice3, choice4, choice5, content, correct, create_date, filepath, modify_date, score, subject, teacher_id, time, view) values (?, ?, ?, ?, ?, ?, ?, ?, ?, ?, ?, ?, ?, ?, ?, ?)
make question 9131
Hibernate: insert into question (answer, choice1, choice2, choice3, choice4, choice5, content, correct, create_date, filepath, modify_date, score, subject, teacher_id, time, view) values (?, ?, ?, ?, ?, ?, ?, ?, ?, ?, ?, ?, ?, ?, ?, ?)
make question 9132
Hibernate: insert into question (answer, choice1, choice2, choice3, choice4, choice5, content, correct, create_date, filepath, modify_date, score, subject, teacher_id, time, view) values (?, ?, ?, ?, ?, ?, ?, ?, ?, ?, ?, ?, ?, ?, ?, ?)
make question 9133
Hibernate: insert into question (answer, choice1, choice2, choice3, choice4, choice5, content, correct, create_date, filepath, modify_date, score, subject, teacher_id, time, view) values (?, ?, ?, ?, ?, ?, ?, ?, ?, ?, ?, ?, ?, ?, ?, ?)
make question 9134
Hibernate: insert into question (answer, choice1, choice2, choice3, choice4, choice5, content, correct, create_date, filepath, modify_date, score, subject, teacher_id, time, view) values (?, ?, ?, ?, ?, ?, ?, ?, ?, ?, ?, ?, ?, ?, ?, ?)
make question 9135
Hibernate: insert into question (answer, choice1, choice2, choice3, choice4, choice5, content, correct, create_date, filepath, modify_date, score, subject, teacher_id, time, view) values (?, ?, ?, ?, ?, ?, ?, ?, ?, ?, ?, ?, ?, ?, ?, ?)
make question 9136
Hibernate: insert into question (answer, choice1, choice2, choice3, choice4, choice5, content, correct, create_date, filepath, modify_date, score, subject, teacher_id, time, view) values (?, ?, ?, ?, ?, ?, ?, ?, ?, ?, ?, ?, ?, ?, ?, ?)
make question 9137
Hibernate: insert into question (answer, choice1, choice2, choice3, choice4, choice5, content, correct, create_date, filepath, modify_date, score, subject, teacher_id, time, view) values (?, ?, ?, ?, ?, ?, ?, ?, ?, ?, ?, ?, ?, ?, ?, ?)
make question 9138
Hibernate: insert into question (answer, choice1, choice2, choice3, choice4, choice5, content, correct, create_date, filepath, modify_date, score, subject, teacher_id, time, view) values (?, ?, ?, ?, ?, ?, ?, ?, ?, ?, ?, ?, ?, ?, ?, ?)
make question 9139
Hibernate: insert into question (answer, choice1, choice2, choice3, choice4, choice5, content, correct, create_date, filepath, modify_date, score, subject, teacher_id, time, view) values (?, ?, ?, ?, ?, ?, ?, ?, ?, ?, ?, ?, ?, ?, ?, ?)
make question 9140
Hibernate: insert into question (answer, choice1, choice2, choice3, choice4, choice5, content, correct, create_date, filepath, modify_date, score, subject, teacher_id, time, view) values (?, ?, ?, ?, ?, ?, ?, ?, ?, ?, ?, ?, ?, ?, ?, ?)
make question 9141
Hibernate: insert into question (answer, choice1, choice2, choice3, choice4, choice5, content, correct, create_date, filepath, modify_date, score, subject, teacher_id, time, view) values (?, ?, ?, ?, ?, ?, ?, ?, ?, ?, ?, ?, ?, ?, ?, ?)
make question 9142
Hibernate: insert into question (answer, choice1, choice2, choice3, choice4, choice5, content, correct, create_date, filepath, modify_date, score, subject, teacher_id, time, view) values (?, ?, ?, ?, ?, ?, ?, ?, ?, ?, ?, ?, ?, ?, ?, ?)
make question 9143
Hibernate: insert into question (answer, choice1, choice2, choice3, choice4, choice5, content, correct, create_date, filepath, modify_date, score, subject, teacher_id, time, view) values (?, ?, ?, ?, ?, ?, ?, ?, ?, ?, ?, ?, ?, ?, ?, ?)
make question 9144
Hibernate: insert into question (answer, choice1, choice2, choice3, choice4, choice5, content, correct, create_date, filepath, modify_date, score, subject, teacher_id, time, view) values (?, ?, ?, ?, ?, ?, ?, ?, ?, ?, ?, ?, ?, ?, ?, ?)
make question 9145
Hibernate: insert into question (answer, choice1, choice2, choice3, choice4, choice5, content, correct, create_date, filepath, modify_date, score, subject, teacher_id, time, view) values (?, ?, ?, ?, ?, ?, ?, ?, ?, ?, ?, ?, ?, ?, ?, ?)
make question 9146
Hibernate: insert into question (answer, choice1, choice2, choice3, choice4, choice5, content, correct, create_date, filepath, modify_date, score, subject, teacher_id, time, view) values (?, ?, ?, ?, ?, ?, ?, ?, ?, ?, ?, ?, ?, ?, ?, ?)
make question 9147
Hibernate: insert into question (answer, choice1, choice2, choice3, choice4, choice5, content, correct, create_date, filepath, modify_date, score, subject, teacher_id, time, view) values (?, ?, ?, ?, ?, ?, ?, ?, ?, ?, ?, ?, ?, ?, ?, ?)
make question 9148
Hibernate: insert into question (answer, choice1, choice2, choice3, choice4, choice5, content, correct, create_date, filepath, modify_date, score, subject, teacher_id, time, view) values (?, ?, ?, ?, ?, ?, ?, ?, ?, ?, ?, ?, ?, ?, ?, ?)
make question 9149
Hibernate: insert into question (answer, choice1, choice2, choice3, choice4, choice5, content, correct, create_date, filepath, modify_date, score, subject, teacher_id, time, view) values (?, ?, ?, ?, ?, ?, ?, ?, ?, ?, ?, ?, ?, ?, ?, ?)
make question 9150
Hibernate: insert into question (answer, choice1, choice2, choice3, choice4, choice5, content, correct, create_date, filepath, modify_date, score, subject, teacher_id, time, view) values (?, ?, ?, ?, ?, ?, ?, ?, ?, ?, ?, ?, ?, ?, ?, ?)
make question 9151
Hibernate: insert into question (answer, choice1, choice2, choice3, choice4, choice5, content, correct, create_date, filepath, modify_date, score, subject, teacher_id, time, view) values (?, ?, ?, ?, ?, ?, ?, ?, ?, ?, ?, ?, ?, ?, ?, ?)
make question 9152
Hibernate: insert into question (answer, choice1, choice2, choice3, choice4, choice5, content, correct, create_date, filepath, modify_date, score, subject, teacher_id, time, view) values (?, ?, ?, ?, ?, ?, ?, ?, ?, ?, ?, ?, ?, ?, ?, ?)
make question 9153
Hibernate: insert into question (answer, choice1, choice2, choice3, choice4, choice5, content, correct, create_date, filepath, modify_date, score, subject, teacher_id, time, view) values (?, ?, ?, ?, ?, ?, ?, ?, ?, ?, ?, ?, ?, ?, ?, ?)
make question 9154
Hibernate: insert into question (answer, choice1, choice2, choice3, choice4, choice5, content, correct, create_date, filepath, modify_date, score, subject, teacher_id, time, view) values (?, ?, ?, ?, ?, ?, ?, ?, ?, ?, ?, ?, ?, ?, ?, ?)
make question 9155
Hibernate: insert into question (answer, choice1, choice2, choice3, choice4, choice5, content, correct, create_date, filepath, modify_date, score, subject, teacher_id, time, view) values (?, ?, ?, ?, ?, ?, ?, ?, ?, ?, ?, ?, ?, ?, ?, ?)
make question 9156
Hibernate: insert into question (answer, choice1, choice2, choice3, choice4, choice5, content, correct, create_date, filepath, modify_date, score, subject, teacher_id, time, view) values (?, ?, ?, ?, ?, ?, ?, ?, ?, ?, ?, ?, ?, ?, ?, ?)
make question 9157
Hibernate: insert into question (answer, choice1, choice2, choice3, choice4, choice5, content, correct, create_date, filepath, modify_date, score, subject, teacher_id, time, view) values (?, ?, ?, ?, ?, ?, ?, ?, ?, ?, ?, ?, ?, ?, ?, ?)
make question 9158
Hibernate: insert into question (answer, choice1, choice2, choice3, choice4, choice5, content, correct, create_date, filepath, modify_date, score, subject, teacher_id, time, view) values (?, ?, ?, ?, ?, ?, ?, ?, ?, ?, ?, ?, ?, ?, ?, ?)
make question 9159
Hibernate: insert into question (answer, choice1, choice2, choice3, choice4, choice5, content, correct, create_date, filepath, modify_date, score, subject, teacher_id, time, view) values (?, ?, ?, ?, ?, ?, ?, ?, ?, ?, ?, ?, ?, ?, ?, ?)
make question 9160
Hibernate: insert into question (answer, choice1, choice2, choice3, choice4, choice5, content, correct, create_date, filepath, modify_date, score, subject, teacher_id, time, view) values (?, ?, ?, ?, ?, ?, ?, ?, ?, ?, ?, ?, ?, ?, ?, ?)
make question 9161
Hibernate: insert into question (answer, choice1, choice2, choice3, choice4, choice5, content, correct, create_date, filepath, modify_date, score, subject, teacher_id, time, view) values (?, ?, ?, ?, ?, ?, ?, ?, ?, ?, ?, ?, ?, ?, ?, ?)
make question 9162
Hibernate: insert into question (answer, choice1, choice2, choice3, choice4, choice5, content, correct, create_date, filepath, modify_date, score, subject, teacher_id, time, view) values (?, ?, ?, ?, ?, ?, ?, ?, ?, ?, ?, ?, ?, ?, ?, ?)
make question 9163
Hibernate: insert into question (answer, choice1, choice2, choice3, choice4, choice5, content, correct, create_date, filepath, modify_date, score, subject, teacher_id, time, view) values (?, ?, ?, ?, ?, ?, ?, ?, ?, ?, ?, ?, ?, ?, ?, ?)
make question 9164
Hibernate: insert into question (answer, choice1, choice2, choice3, choice4, choice5, content, correct, create_date, filepath, modify_date, score, subject, teacher_id, time, view) values (?, ?, ?, ?, ?, ?, ?, ?, ?, ?, ?, ?, ?, ?, ?, ?)
make question 9165
Hibernate: insert into question (answer, choice1, choice2, choice3, choice4, choice5, content, correct, create_date, filepath, modify_date, score, subject, teacher_id, time, view) values (?, ?, ?, ?, ?, ?, ?, ?, ?, ?, ?, ?, ?, ?, ?, ?)
make question 9166
Hibernate: insert into question (answer, choice1, choice2, choice3, choice4, choice5, content, correct, create_date, filepath, modify_date, score, subject, teacher_id, time, view) values (?, ?, ?, ?, ?, ?, ?, ?, ?, ?, ?, ?, ?, ?, ?, ?)
make question 9167
Hibernate: insert into question (answer, choice1, choice2, choice3, choice4, choice5, content, correct, create_date, filepath, modify_date, score, subject, teacher_id, time, view) values (?, ?, ?, ?, ?, ?, ?, ?, ?, ?, ?, ?, ?, ?, ?, ?)
make question 9168
Hibernate: insert into question (answer, choice1, choice2, choice3, choice4, choice5, content, correct, create_date, filepath, modify_date, score, subject, teacher_id, time, view) values (?, ?, ?, ?, ?, ?, ?, ?, ?, ?, ?, ?, ?, ?, ?, ?)
make question 9169
Hibernate: insert into question (answer, choice1, choice2, choice3, choice4, choice5, content, correct, create_date, filepath, modify_date, score, subject, teacher_id, time, view) values (?, ?, ?, ?, ?, ?, ?, ?, ?, ?, ?, ?, ?, ?, ?, ?)
make question 9170
Hibernate: insert into question (answer, choice1, choice2, choice3, choice4, choice5, content, correct, create_date, filepath, modify_date, score, subject, teacher_id, time, view) values (?, ?, ?, ?, ?, ?, ?, ?, ?, ?, ?, ?, ?, ?, ?, ?)
make question 9171
Hibernate: insert into question (answer, choice1, choice2, choice3, choice4, choice5, content, correct, create_date, filepath, modify_date, score, subject, teacher_id, time, view) values (?, ?, ?, ?, ?, ?, ?, ?, ?, ?, ?, ?, ?, ?, ?, ?)
make question 9172
Hibernate: insert into question (answer, choice1, choice2, choice3, choice4, choice5, content, correct, create_date, filepath, modify_date, score, subject, teacher_id, time, view) values (?, ?, ?, ?, ?, ?, ?, ?, ?, ?, ?, ?, ?, ?, ?, ?)
make question 9173
Hibernate: insert into question (answer, choice1, choice2, choice3, choice4, choice5, content, correct, create_date, filepath, modify_date, score, subject, teacher_id, time, view) values (?, ?, ?, ?, ?, ?, ?, ?, ?, ?, ?, ?, ?, ?, ?, ?)
make question 9174
Hibernate: insert into question (answer, choice1, choice2, choice3, choice4, choice5, content, correct, create_date, filepath, modify_date, score, subject, teacher_id, time, view) values (?, ?, ?, ?, ?, ?, ?, ?, ?, ?, ?, ?, ?, ?, ?, ?)
make question 9175
Hibernate: insert into question (answer, choice1, choice2, choice3, choice4, choice5, content, correct, create_date, filepath, modify_date, score, subject, teacher_id, time, view) values (?, ?, ?, ?, ?, ?, ?, ?, ?, ?, ?, ?, ?, ?, ?, ?)
make question 9176
Hibernate: insert into question (answer, choice1, choice2, choice3, choice4, choice5, content, correct, create_date, filepath, modify_date, score, subject, teacher_id, time, view) values (?, ?, ?, ?, ?, ?, ?, ?, ?, ?, ?, ?, ?, ?, ?, ?)
make question 9177
Hibernate: insert into question (answer, choice1, choice2, choice3, choice4, choice5, content, correct, create_date, filepath, modify_date, score, subject, teacher_id, time, view) values (?, ?, ?, ?, ?, ?, ?, ?, ?, ?, ?, ?, ?, ?, ?, ?)
make question 9178
Hibernate: insert into question (answer, choice1, choice2, choice3, choice4, choice5, content, correct, create_date, filepath, modify_date, score, subject, teacher_id, time, view) values (?, ?, ?, ?, ?, ?, ?, ?, ?, ?, ?, ?, ?, ?, ?, ?)
make question 9179
Hibernate: insert into question (answer, choice1, choice2, choice3, choice4, choice5, content, correct, create_date, filepath, modify_date, score, subject, teacher_id, time, view) values (?, ?, ?, ?, ?, ?, ?, ?, ?, ?, ?, ?, ?, ?, ?, ?)
make question 9180
Hibernate: insert into question (answer, choice1, choice2, choice3, choice4, choice5, content, correct, create_date, filepath, modify_date, score, subject, teacher_id, time, view) values (?, ?, ?, ?, ?, ?, ?, ?, ?, ?, ?, ?, ?, ?, ?, ?)
make question 9181
Hibernate: insert into question (answer, choice1, choice2, choice3, choice4, choice5, content, correct, create_date, filepath, modify_date, score, subject, teacher_id, time, view) values (?, ?, ?, ?, ?, ?, ?, ?, ?, ?, ?, ?, ?, ?, ?, ?)
make question 9182
Hibernate: insert into question (answer, choice1, choice2, choice3, choice4, choice5, content, correct, create_date, filepath, modify_date, score, subject, teacher_id, time, view) values (?, ?, ?, ?, ?, ?, ?, ?, ?, ?, ?, ?, ?, ?, ?, ?)
make question 9183
Hibernate: insert into question (answer, choice1, choice2, choice3, choice4, choice5, content, correct, create_date, filepath, modify_date, score, subject, teacher_id, time, view) values (?, ?, ?, ?, ?, ?, ?, ?, ?, ?, ?, ?, ?, ?, ?, ?)
make question 9184
Hibernate: insert into question (answer, choice1, choice2, choice3, choice4, choice5, content, correct, create_date, filepath, modify_date, score, subject, teacher_id, time, view) values (?, ?, ?, ?, ?, ?, ?, ?, ?, ?, ?, ?, ?, ?, ?, ?)
make question 9185
Hibernate: insert into question (answer, choice1, choice2, choice3, choice4, choice5, content, correct, create_date, filepath, modify_date, score, subject, teacher_id, time, view) values (?, ?, ?, ?, ?, ?, ?, ?, ?, ?, ?, ?, ?, ?, ?, ?)
make question 9186
Hibernate: insert into question (answer, choice1, choice2, choice3, choice4, choice5, content, correct, create_date, filepath, modify_date, score, subject, teacher_id, time, view) values (?, ?, ?, ?, ?, ?, ?, ?, ?, ?, ?, ?, ?, ?, ?, ?)
make question 9187
Hibernate: insert into question (answer, choice1, choice2, choice3, choice4, choice5, content, correct, create_date, filepath, modify_date, score, subject, teacher_id, time, view) values (?, ?, ?, ?, ?, ?, ?, ?, ?, ?, ?, ?, ?, ?, ?, ?)
make question 9188
Hibernate: insert into question (answer, choice1, choice2, choice3, choice4, choice5, content, correct, create_date, filepath, modify_date, score, subject, teacher_id, time, view) values (?, ?, ?, ?, ?, ?, ?, ?, ?, ?, ?, ?, ?, ?, ?, ?)
make question 9189
Hibernate: insert into question (answer, choice1, choice2, choice3, choice4, choice5, content, correct, create_date, filepath, modify_date, score, subject, teacher_id, time, view) values (?, ?, ?, ?, ?, ?, ?, ?, ?, ?, ?, ?, ?, ?, ?, ?)
make question 9190
Hibernate: insert into question (answer, choice1, choice2, choice3, choice4, choice5, content, correct, create_date, filepath, modify_date, score, subject, teacher_id, time, view) values (?, ?, ?, ?, ?, ?, ?, ?, ?, ?, ?, ?, ?, ?, ?, ?)
make question 9191
Hibernate: insert into question (answer, choice1, choice2, choice3, choice4, choice5, content, correct, create_date, filepath, modify_date, score, subject, teacher_id, time, view) values (?, ?, ?, ?, ?, ?, ?, ?, ?, ?, ?, ?, ?, ?, ?, ?)
make question 9192
Hibernate: insert into question (answer, choice1, choice2, choice3, choice4, choice5, content, correct, create_date, filepath, modify_date, score, subject, teacher_id, time, view) values (?, ?, ?, ?, ?, ?, ?, ?, ?, ?, ?, ?, ?, ?, ?, ?)
make question 9193
Hibernate: insert into question (answer, choice1, choice2, choice3, choice4, choice5, content, correct, create_date, filepath, modify_date, score, subject, teacher_id, time, view) values (?, ?, ?, ?, ?, ?, ?, ?, ?, ?, ?, ?, ?, ?, ?, ?)
make question 9194
Hibernate: insert into question (answer, choice1, choice2, choice3, choice4, choice5, content, correct, create_date, filepath, modify_date, score, subject, teacher_id, time, view) values (?, ?, ?, ?, ?, ?, ?, ?, ?, ?, ?, ?, ?, ?, ?, ?)
make question 9195
Hibernate: insert into question (answer, choice1, choice2, choice3, choice4, choice5, content, correct, create_date, filepath, modify_date, score, subject, teacher_id, time, view) values (?, ?, ?, ?, ?, ?, ?, ?, ?, ?, ?, ?, ?, ?, ?, ?)
make question 9196
Hibernate: insert into question (answer, choice1, choice2, choice3, choice4, choice5, content, correct, create_date, filepath, modify_date, score, subject, teacher_id, time, view) values (?, ?, ?, ?, ?, ?, ?, ?, ?, ?, ?, ?, ?, ?, ?, ?)
make question 9197
Hibernate: insert into question (answer, choice1, choice2, choice3, choice4, choice5, content, correct, create_date, filepath, modify_date, score, subject, teacher_id, time, view) values (?, ?, ?, ?, ?, ?, ?, ?, ?, ?, ?, ?, ?, ?, ?, ?)
make question 9198
Hibernate: insert into question (answer, choice1, choice2, choice3, choice4, choice5, content, correct, create_date, filepath, modify_date, score, subject, teacher_id, time, view) values (?, ?, ?, ?, ?, ?, ?, ?, ?, ?, ?, ?, ?, ?, ?, ?)
make question 9199
Hibernate: insert into question (answer, choice1, choice2, choice3, choice4, choice5, content, correct, create_date, filepath, modify_date, score, subject, teacher_id, time, view) values (?, ?, ?, ?, ?, ?, ?, ?, ?, ?, ?, ?, ?, ?, ?, ?)
make question 9200
Hibernate: insert into question (answer, choice1, choice2, choice3, choice4, choice5, content, correct, create_date, filepath, modify_date, score, subject, teacher_id, time, view) values (?, ?, ?, ?, ?, ?, ?, ?, ?, ?, ?, ?, ?, ?, ?, ?)
make question 9201
Hibernate: insert into question (answer, choice1, choice2, choice3, choice4, choice5, content, correct, create_date, filepath, modify_date, score, subject, teacher_id, time, view) values (?, ?, ?, ?, ?, ?, ?, ?, ?, ?, ?, ?, ?, ?, ?, ?)
make question 9202
Hibernate: insert into question (answer, choice1, choice2, choice3, choice4, choice5, content, correct, create_date, filepath, modify_date, score, subject, teacher_id, time, view) values (?, ?, ?, ?, ?, ?, ?, ?, ?, ?, ?, ?, ?, ?, ?, ?)
make question 9203
Hibernate: insert into question (answer, choice1, choice2, choice3, choice4, choice5, content, correct, create_date, filepath, modify_date, score, subject, teacher_id, time, view) values (?, ?, ?, ?, ?, ?, ?, ?, ?, ?, ?, ?, ?, ?, ?, ?)
make question 9204
Hibernate: insert into question (answer, choice1, choice2, choice3, choice4, choice5, content, correct, create_date, filepath, modify_date, score, subject, teacher_id, time, view) values (?, ?, ?, ?, ?, ?, ?, ?, ?, ?, ?, ?, ?, ?, ?, ?)
make question 9205
Hibernate: insert into question (answer, choice1, choice2, choice3, choice4, choice5, content, correct, create_date, filepath, modify_date, score, subject, teacher_id, time, view) values (?, ?, ?, ?, ?, ?, ?, ?, ?, ?, ?, ?, ?, ?, ?, ?)
make question 9206
Hibernate: insert into question (answer, choice1, choice2, choice3, choice4, choice5, content, correct, create_date, filepath, modify_date, score, subject, teacher_id, time, view) values (?, ?, ?, ?, ?, ?, ?, ?, ?, ?, ?, ?, ?, ?, ?, ?)
make question 9207
Hibernate: insert into question (answer, choice1, choice2, choice3, choice4, choice5, content, correct, create_date, filepath, modify_date, score, subject, teacher_id, time, view) values (?, ?, ?, ?, ?, ?, ?, ?, ?, ?, ?, ?, ?, ?, ?, ?)
make question 9208
Hibernate: insert into question (answer, choice1, choice2, choice3, choice4, choice5, content, correct, create_date, filepath, modify_date, score, subject, teacher_id, time, view) values (?, ?, ?, ?, ?, ?, ?, ?, ?, ?, ?, ?, ?, ?, ?, ?)
make question 9209
Hibernate: insert into question (answer, choice1, choice2, choice3, choice4, choice5, content, correct, create_date, filepath, modify_date, score, subject, teacher_id, time, view) values (?, ?, ?, ?, ?, ?, ?, ?, ?, ?, ?, ?, ?, ?, ?, ?)
make question 9210
Hibernate: insert into question (answer, choice1, choice2, choice3, choice4, choice5, content, correct, create_date, filepath, modify_date, score, subject, teacher_id, time, view) values (?, ?, ?, ?, ?, ?, ?, ?, ?, ?, ?, ?, ?, ?, ?, ?)
make question 9211
Hibernate: insert into question (answer, choice1, choice2, choice3, choice4, choice5, content, correct, create_date, filepath, modify_date, score, subject, teacher_id, time, view) values (?, ?, ?, ?, ?, ?, ?, ?, ?, ?, ?, ?, ?, ?, ?, ?)
make question 9212
Hibernate: insert into question (answer, choice1, choice2, choice3, choice4, choice5, content, correct, create_date, filepath, modify_date, score, subject, teacher_id, time, view) values (?, ?, ?, ?, ?, ?, ?, ?, ?, ?, ?, ?, ?, ?, ?, ?)
make question 9213
Hibernate: insert into question (answer, choice1, choice2, choice3, choice4, choice5, content, correct, create_date, filepath, modify_date, score, subject, teacher_id, time, view) values (?, ?, ?, ?, ?, ?, ?, ?, ?, ?, ?, ?, ?, ?, ?, ?)
make question 9214
Hibernate: insert into question (answer, choice1, choice2, choice3, choice4, choice5, content, correct, create_date, filepath, modify_date, score, subject, teacher_id, time, view) values (?, ?, ?, ?, ?, ?, ?, ?, ?, ?, ?, ?, ?, ?, ?, ?)
make question 9215
Hibernate: insert into question (answer, choice1, choice2, choice3, choice4, choice5, content, correct, create_date, filepath, modify_date, score, subject, teacher_id, time, view) values (?, ?, ?, ?, ?, ?, ?, ?, ?, ?, ?, ?, ?, ?, ?, ?)
make question 9216
Hibernate: insert into question (answer, choice1, choice2, choice3, choice4, choice5, content, correct, create_date, filepath, modify_date, score, subject, teacher_id, time, view) values (?, ?, ?, ?, ?, ?, ?, ?, ?, ?, ?, ?, ?, ?, ?, ?)
make question 9217
Hibernate: insert into question (answer, choice1, choice2, choice3, choice4, choice5, content, correct, create_date, filepath, modify_date, score, subject, teacher_id, time, view) values (?, ?, ?, ?, ?, ?, ?, ?, ?, ?, ?, ?, ?, ?, ?, ?)
make question 9218
Hibernate: insert into question (answer, choice1, choice2, choice3, choice4, choice5, content, correct, create_date, filepath, modify_date, score, subject, teacher_id, time, view) values (?, ?, ?, ?, ?, ?, ?, ?, ?, ?, ?, ?, ?, ?, ?, ?)
make question 9219
Hibernate: insert into question (answer, choice1, choice2, choice3, choice4, choice5, content, correct, create_date, filepath, modify_date, score, subject, teacher_id, time, view) values (?, ?, ?, ?, ?, ?, ?, ?, ?, ?, ?, ?, ?, ?, ?, ?)
make question 9220
Hibernate: insert into question (answer, choice1, choice2, choice3, choice4, choice5, content, correct, create_date, filepath, modify_date, score, subject, teacher_id, time, view) values (?, ?, ?, ?, ?, ?, ?, ?, ?, ?, ?, ?, ?, ?, ?, ?)
make question 9221
Hibernate: insert into question (answer, choice1, choice2, choice3, choice4, choice5, content, correct, create_date, filepath, modify_date, score, subject, teacher_id, time, view) values (?, ?, ?, ?, ?, ?, ?, ?, ?, ?, ?, ?, ?, ?, ?, ?)
make question 9222
Hibernate: insert into question (answer, choice1, choice2, choice3, choice4, choice5, content, correct, create_date, filepath, modify_date, score, subject, teacher_id, time, view) values (?, ?, ?, ?, ?, ?, ?, ?, ?, ?, ?, ?, ?, ?, ?, ?)
make question 9223
Hibernate: insert into question (answer, choice1, choice2, choice3, choice4, choice5, content, correct, create_date, filepath, modify_date, score, subject, teacher_id, time, view) values (?, ?, ?, ?, ?, ?, ?, ?, ?, ?, ?, ?, ?, ?, ?, ?)
make question 9224
Hibernate: insert into question (answer, choice1, choice2, choice3, choice4, choice5, content, correct, create_date, filepath, modify_date, score, subject, teacher_id, time, view) values (?, ?, ?, ?, ?, ?, ?, ?, ?, ?, ?, ?, ?, ?, ?, ?)
make question 9225
Hibernate: insert into question (answer, choice1, choice2, choice3, choice4, choice5, content, correct, create_date, filepath, modify_date, score, subject, teacher_id, time, view) values (?, ?, ?, ?, ?, ?, ?, ?, ?, ?, ?, ?, ?, ?, ?, ?)
make question 9226
Hibernate: insert into question (answer, choice1, choice2, choice3, choice4, choice5, content, correct, create_date, filepath, modify_date, score, subject, teacher_id, time, view) values (?, ?, ?, ?, ?, ?, ?, ?, ?, ?, ?, ?, ?, ?, ?, ?)
make question 9227
Hibernate: insert into question (answer, choice1, choice2, choice3, choice4, choice5, content, correct, create_date, filepath, modify_date, score, subject, teacher_id, time, view) values (?, ?, ?, ?, ?, ?, ?, ?, ?, ?, ?, ?, ?, ?, ?, ?)
make question 9228
Hibernate: insert into question (answer, choice1, choice2, choice3, choice4, choice5, content, correct, create_date, filepath, modify_date, score, subject, teacher_id, time, view) values (?, ?, ?, ?, ?, ?, ?, ?, ?, ?, ?, ?, ?, ?, ?, ?)
make question 9229
Hibernate: insert into question (answer, choice1, choice2, choice3, choice4, choice5, content, correct, create_date, filepath, modify_date, score, subject, teacher_id, time, view) values (?, ?, ?, ?, ?, ?, ?, ?, ?, ?, ?, ?, ?, ?, ?, ?)
make question 9230
Hibernate: insert into question (answer, choice1, choice2, choice3, choice4, choice5, content, correct, create_date, filepath, modify_date, score, subject, teacher_id, time, view) values (?, ?, ?, ?, ?, ?, ?, ?, ?, ?, ?, ?, ?, ?, ?, ?)
make question 9231
Hibernate: insert into question (answer, choice1, choice2, choice3, choice4, choice5, content, correct, create_date, filepath, modify_date, score, subject, teacher_id, time, view) values (?, ?, ?, ?, ?, ?, ?, ?, ?, ?, ?, ?, ?, ?, ?, ?)
make question 9232
Hibernate: insert into question (answer, choice1, choice2, choice3, choice4, choice5, content, correct, create_date, filepath, modify_date, score, subject, teacher_id, time, view) values (?, ?, ?, ?, ?, ?, ?, ?, ?, ?, ?, ?, ?, ?, ?, ?)
make question 9233
Hibernate: insert into question (answer, choice1, choice2, choice3, choice4, choice5, content, correct, create_date, filepath, modify_date, score, subject, teacher_id, time, view) values (?, ?, ?, ?, ?, ?, ?, ?, ?, ?, ?, ?, ?, ?, ?, ?)
make question 9234
Hibernate: insert into question (answer, choice1, choice2, choice3, choice4, choice5, content, correct, create_date, filepath, modify_date, score, subject, teacher_id, time, view) values (?, ?, ?, ?, ?, ?, ?, ?, ?, ?, ?, ?, ?, ?, ?, ?)
make question 9235
Hibernate: insert into question (answer, choice1, choice2, choice3, choice4, choice5, content, correct, create_date, filepath, modify_date, score, subject, teacher_id, time, view) values (?, ?, ?, ?, ?, ?, ?, ?, ?, ?, ?, ?, ?, ?, ?, ?)
make question 9236
Hibernate: insert into question (answer, choice1, choice2, choice3, choice4, choice5, content, correct, create_date, filepath, modify_date, score, subject, teacher_id, time, view) values (?, ?, ?, ?, ?, ?, ?, ?, ?, ?, ?, ?, ?, ?, ?, ?)
make question 9237
Hibernate: insert into question (answer, choice1, choice2, choice3, choice4, choice5, content, correct, create_date, filepath, modify_date, score, subject, teacher_id, time, view) values (?, ?, ?, ?, ?, ?, ?, ?, ?, ?, ?, ?, ?, ?, ?, ?)
make question 9238
Hibernate: insert into question (answer, choice1, choice2, choice3, choice4, choice5, content, correct, create_date, filepath, modify_date, score, subject, teacher_id, time, view) values (?, ?, ?, ?, ?, ?, ?, ?, ?, ?, ?, ?, ?, ?, ?, ?)
make question 9239
Hibernate: insert into question (answer, choice1, choice2, choice3, choice4, choice5, content, correct, create_date, filepath, modify_date, score, subject, teacher_id, time, view) values (?, ?, ?, ?, ?, ?, ?, ?, ?, ?, ?, ?, ?, ?, ?, ?)
make question 9240
Hibernate: insert into question (answer, choice1, choice2, choice3, choice4, choice5, content, correct, create_date, filepath, modify_date, score, subject, teacher_id, time, view) values (?, ?, ?, ?, ?, ?, ?, ?, ?, ?, ?, ?, ?, ?, ?, ?)
make question 9241
Hibernate: insert into question (answer, choice1, choice2, choice3, choice4, choice5, content, correct, create_date, filepath, modify_date, score, subject, teacher_id, time, view) values (?, ?, ?, ?, ?, ?, ?, ?, ?, ?, ?, ?, ?, ?, ?, ?)
make question 9242
Hibernate: insert into question (answer, choice1, choice2, choice3, choice4, choice5, content, correct, create_date, filepath, modify_date, score, subject, teacher_id, time, view) values (?, ?, ?, ?, ?, ?, ?, ?, ?, ?, ?, ?, ?, ?, ?, ?)
make question 9243
Hibernate: insert into question (answer, choice1, choice2, choice3, choice4, choice5, content, correct, create_date, filepath, modify_date, score, subject, teacher_id, time, view) values (?, ?, ?, ?, ?, ?, ?, ?, ?, ?, ?, ?, ?, ?, ?, ?)
make question 9244
Hibernate: insert into question (answer, choice1, choice2, choice3, choice4, choice5, content, correct, create_date, filepath, modify_date, score, subject, teacher_id, time, view) values (?, ?, ?, ?, ?, ?, ?, ?, ?, ?, ?, ?, ?, ?, ?, ?)
make question 9245
Hibernate: insert into question (answer, choice1, choice2, choice3, choice4, choice5, content, correct, create_date, filepath, modify_date, score, subject, teacher_id, time, view) values (?, ?, ?, ?, ?, ?, ?, ?, ?, ?, ?, ?, ?, ?, ?, ?)
make question 9246
Hibernate: insert into question (answer, choice1, choice2, choice3, choice4, choice5, content, correct, create_date, filepath, modify_date, score, subject, teacher_id, time, view) values (?, ?, ?, ?, ?, ?, ?, ?, ?, ?, ?, ?, ?, ?, ?, ?)
make question 9247
Hibernate: insert into question (answer, choice1, choice2, choice3, choice4, choice5, content, correct, create_date, filepath, modify_date, score, subject, teacher_id, time, view) values (?, ?, ?, ?, ?, ?, ?, ?, ?, ?, ?, ?, ?, ?, ?, ?)
make question 9248
Hibernate: insert into question (answer, choice1, choice2, choice3, choice4, choice5, content, correct, create_date, filepath, modify_date, score, subject, teacher_id, time, view) values (?, ?, ?, ?, ?, ?, ?, ?, ?, ?, ?, ?, ?, ?, ?, ?)
make question 9249
Hibernate: insert into question (answer, choice1, choice2, choice3, choice4, choice5, content, correct, create_date, filepath, modify_date, score, subject, teacher_id, time, view) values (?, ?, ?, ?, ?, ?, ?, ?, ?, ?, ?, ?, ?, ?, ?, ?)
make question 9250
Hibernate: insert into question (answer, choice1, choice2, choice3, choice4, choice5, content, correct, create_date, filepath, modify_date, score, subject, teacher_id, time, view) values (?, ?, ?, ?, ?, ?, ?, ?, ?, ?, ?, ?, ?, ?, ?, ?)
make question 9251
Hibernate: insert into question (answer, choice1, choice2, choice3, choice4, choice5, content, correct, create_date, filepath, modify_date, score, subject, teacher_id, time, view) values (?, ?, ?, ?, ?, ?, ?, ?, ?, ?, ?, ?, ?, ?, ?, ?)
make question 9252
Hibernate: insert into question (answer, choice1, choice2, choice3, choice4, choice5, content, correct, create_date, filepath, modify_date, score, subject, teacher_id, time, view) values (?, ?, ?, ?, ?, ?, ?, ?, ?, ?, ?, ?, ?, ?, ?, ?)
make question 9253
Hibernate: insert into question (answer, choice1, choice2, choice3, choice4, choice5, content, correct, create_date, filepath, modify_date, score, subject, teacher_id, time, view) values (?, ?, ?, ?, ?, ?, ?, ?, ?, ?, ?, ?, ?, ?, ?, ?)
make question 9254
Hibernate: insert into question (answer, choice1, choice2, choice3, choice4, choice5, content, correct, create_date, filepath, modify_date, score, subject, teacher_id, time, view) values (?, ?, ?, ?, ?, ?, ?, ?, ?, ?, ?, ?, ?, ?, ?, ?)
make question 9255
Hibernate: insert into question (answer, choice1, choice2, choice3, choice4, choice5, content, correct, create_date, filepath, modify_date, score, subject, teacher_id, time, view) values (?, ?, ?, ?, ?, ?, ?, ?, ?, ?, ?, ?, ?, ?, ?, ?)
make question 9256
Hibernate: insert into question (answer, choice1, choice2, choice3, choice4, choice5, content, correct, create_date, filepath, modify_date, score, subject, teacher_id, time, view) values (?, ?, ?, ?, ?, ?, ?, ?, ?, ?, ?, ?, ?, ?, ?, ?)
make question 9257
Hibernate: insert into question (answer, choice1, choice2, choice3, choice4, choice5, content, correct, create_date, filepath, modify_date, score, subject, teacher_id, time, view) values (?, ?, ?, ?, ?, ?, ?, ?, ?, ?, ?, ?, ?, ?, ?, ?)
make question 9258
Hibernate: insert into question (answer, choice1, choice2, choice3, choice4, choice5, content, correct, create_date, filepath, modify_date, score, subject, teacher_id, time, view) values (?, ?, ?, ?, ?, ?, ?, ?, ?, ?, ?, ?, ?, ?, ?, ?)
make question 9259
Hibernate: insert into question (answer, choice1, choice2, choice3, choice4, choice5, content, correct, create_date, filepath, modify_date, score, subject, teacher_id, time, view) values (?, ?, ?, ?, ?, ?, ?, ?, ?, ?, ?, ?, ?, ?, ?, ?)
make question 9260
Hibernate: insert into question (answer, choice1, choice2, choice3, choice4, choice5, content, correct, create_date, filepath, modify_date, score, subject, teacher_id, time, view) values (?, ?, ?, ?, ?, ?, ?, ?, ?, ?, ?, ?, ?, ?, ?, ?)
make question 9261
Hibernate: insert into question (answer, choice1, choice2, choice3, choice4, choice5, content, correct, create_date, filepath, modify_date, score, subject, teacher_id, time, view) values (?, ?, ?, ?, ?, ?, ?, ?, ?, ?, ?, ?, ?, ?, ?, ?)
make question 9262
Hibernate: insert into question (answer, choice1, choice2, choice3, choice4, choice5, content, correct, create_date, filepath, modify_date, score, subject, teacher_id, time, view) values (?, ?, ?, ?, ?, ?, ?, ?, ?, ?, ?, ?, ?, ?, ?, ?)
make question 9263
Hibernate: insert into question (answer, choice1, choice2, choice3, choice4, choice5, content, correct, create_date, filepath, modify_date, score, subject, teacher_id, time, view) values (?, ?, ?, ?, ?, ?, ?, ?, ?, ?, ?, ?, ?, ?, ?, ?)
make question 9264
Hibernate: insert into question (answer, choice1, choice2, choice3, choice4, choice5, content, correct, create_date, filepath, modify_date, score, subject, teacher_id, time, view) values (?, ?, ?, ?, ?, ?, ?, ?, ?, ?, ?, ?, ?, ?, ?, ?)
make question 9265
Hibernate: insert into question (answer, choice1, choice2, choice3, choice4, choice5, content, correct, create_date, filepath, modify_date, score, subject, teacher_id, time, view) values (?, ?, ?, ?, ?, ?, ?, ?, ?, ?, ?, ?, ?, ?, ?, ?)
make question 9266
Hibernate: insert into question (answer, choice1, choice2, choice3, choice4, choice5, content, correct, create_date, filepath, modify_date, score, subject, teacher_id, time, view) values (?, ?, ?, ?, ?, ?, ?, ?, ?, ?, ?, ?, ?, ?, ?, ?)
make question 9267
Hibernate: insert into question (answer, choice1, choice2, choice3, choice4, choice5, content, correct, create_date, filepath, modify_date, score, subject, teacher_id, time, view) values (?, ?, ?, ?, ?, ?, ?, ?, ?, ?, ?, ?, ?, ?, ?, ?)
make question 9268
Hibernate: insert into question (answer, choice1, choice2, choice3, choice4, choice5, content, correct, create_date, filepath, modify_date, score, subject, teacher_id, time, view) values (?, ?, ?, ?, ?, ?, ?, ?, ?, ?, ?, ?, ?, ?, ?, ?)
make question 9269
Hibernate: insert into question (answer, choice1, choice2, choice3, choice4, choice5, content, correct, create_date, filepath, modify_date, score, subject, teacher_id, time, view) values (?, ?, ?, ?, ?, ?, ?, ?, ?, ?, ?, ?, ?, ?, ?, ?)
make question 9270
Hibernate: insert into question (answer, choice1, choice2, choice3, choice4, choice5, content, correct, create_date, filepath, modify_date, score, subject, teacher_id, time, view) values (?, ?, ?, ?, ?, ?, ?, ?, ?, ?, ?, ?, ?, ?, ?, ?)
make question 9271
Hibernate: insert into question (answer, choice1, choice2, choice3, choice4, choice5, content, correct, create_date, filepath, modify_date, score, subject, teacher_id, time, view) values (?, ?, ?, ?, ?, ?, ?, ?, ?, ?, ?, ?, ?, ?, ?, ?)
make question 9272
Hibernate: insert into question (answer, choice1, choice2, choice3, choice4, choice5, content, correct, create_date, filepath, modify_date, score, subject, teacher_id, time, view) values (?, ?, ?, ?, ?, ?, ?, ?, ?, ?, ?, ?, ?, ?, ?, ?)
make question 9273
Hibernate: insert into question (answer, choice1, choice2, choice3, choice4, choice5, content, correct, create_date, filepath, modify_date, score, subject, teacher_id, time, view) values (?, ?, ?, ?, ?, ?, ?, ?, ?, ?, ?, ?, ?, ?, ?, ?)
make question 9274
Hibernate: insert into question (answer, choice1, choice2, choice3, choice4, choice5, content, correct, create_date, filepath, modify_date, score, subject, teacher_id, time, view) values (?, ?, ?, ?, ?, ?, ?, ?, ?, ?, ?, ?, ?, ?, ?, ?)
make question 9275
Hibernate: insert into question (answer, choice1, choice2, choice3, choice4, choice5, content, correct, create_date, filepath, modify_date, score, subject, teacher_id, time, view) values (?, ?, ?, ?, ?, ?, ?, ?, ?, ?, ?, ?, ?, ?, ?, ?)
make question 9276
Hibernate: insert into question (answer, choice1, choice2, choice3, choice4, choice5, content, correct, create_date, filepath, modify_date, score, subject, teacher_id, time, view) values (?, ?, ?, ?, ?, ?, ?, ?, ?, ?, ?, ?, ?, ?, ?, ?)
make question 9277
Hibernate: insert into question (answer, choice1, choice2, choice3, choice4, choice5, content, correct, create_date, filepath, modify_date, score, subject, teacher_id, time, view) values (?, ?, ?, ?, ?, ?, ?, ?, ?, ?, ?, ?, ?, ?, ?, ?)
make question 9278
Hibernate: insert into question (answer, choice1, choice2, choice3, choice4, choice5, content, correct, create_date, filepath, modify_date, score, subject, teacher_id, time, view) values (?, ?, ?, ?, ?, ?, ?, ?, ?, ?, ?, ?, ?, ?, ?, ?)
make question 9279
Hibernate: insert into question (answer, choice1, choice2, choice3, choice4, choice5, content, correct, create_date, filepath, modify_date, score, subject, teacher_id, time, view) values (?, ?, ?, ?, ?, ?, ?, ?, ?, ?, ?, ?, ?, ?, ?, ?)
make question 9280
Hibernate: insert into question (answer, choice1, choice2, choice3, choice4, choice5, content, correct, create_date, filepath, modify_date, score, subject, teacher_id, time, view) values (?, ?, ?, ?, ?, ?, ?, ?, ?, ?, ?, ?, ?, ?, ?, ?)
make question 9281
Hibernate: insert into question (answer, choice1, choice2, choice3, choice4, choice5, content, correct, create_date, filepath, modify_date, score, subject, teacher_id, time, view) values (?, ?, ?, ?, ?, ?, ?, ?, ?, ?, ?, ?, ?, ?, ?, ?)
make question 9282
Hibernate: insert into question (answer, choice1, choice2, choice3, choice4, choice5, content, correct, create_date, filepath, modify_date, score, subject, teacher_id, time, view) values (?, ?, ?, ?, ?, ?, ?, ?, ?, ?, ?, ?, ?, ?, ?, ?)
make question 9283
Hibernate: insert into question (answer, choice1, choice2, choice3, choice4, choice5, content, correct, create_date, filepath, modify_date, score, subject, teacher_id, time, view) values (?, ?, ?, ?, ?, ?, ?, ?, ?, ?, ?, ?, ?, ?, ?, ?)
make question 9284
Hibernate: insert into question (answer, choice1, choice2, choice3, choice4, choice5, content, correct, create_date, filepath, modify_date, score, subject, teacher_id, time, view) values (?, ?, ?, ?, ?, ?, ?, ?, ?, ?, ?, ?, ?, ?, ?, ?)
make question 9285
Hibernate: insert into question (answer, choice1, choice2, choice3, choice4, choice5, content, correct, create_date, filepath, modify_date, score, subject, teacher_id, time, view) values (?, ?, ?, ?, ?, ?, ?, ?, ?, ?, ?, ?, ?, ?, ?, ?)
make question 9286
Hibernate: insert into question (answer, choice1, choice2, choice3, choice4, choice5, content, correct, create_date, filepath, modify_date, score, subject, teacher_id, time, view) values (?, ?, ?, ?, ?, ?, ?, ?, ?, ?, ?, ?, ?, ?, ?, ?)
make question 9287
Hibernate: insert into question (answer, choice1, choice2, choice3, choice4, choice5, content, correct, create_date, filepath, modify_date, score, subject, teacher_id, time, view) values (?, ?, ?, ?, ?, ?, ?, ?, ?, ?, ?, ?, ?, ?, ?, ?)
make question 9288
Hibernate: insert into question (answer, choice1, choice2, choice3, choice4, choice5, content, correct, create_date, filepath, modify_date, score, subject, teacher_id, time, view) values (?, ?, ?, ?, ?, ?, ?, ?, ?, ?, ?, ?, ?, ?, ?, ?)
make question 9289
Hibernate: insert into question (answer, choice1, choice2, choice3, choice4, choice5, content, correct, create_date, filepath, modify_date, score, subject, teacher_id, time, view) values (?, ?, ?, ?, ?, ?, ?, ?, ?, ?, ?, ?, ?, ?, ?, ?)
make question 9290
Hibernate: insert into question (answer, choice1, choice2, choice3, choice4, choice5, content, correct, create_date, filepath, modify_date, score, subject, teacher_id, time, view) values (?, ?, ?, ?, ?, ?, ?, ?, ?, ?, ?, ?, ?, ?, ?, ?)
make question 9291
Hibernate: insert into question (answer, choice1, choice2, choice3, choice4, choice5, content, correct, create_date, filepath, modify_date, score, subject, teacher_id, time, view) values (?, ?, ?, ?, ?, ?, ?, ?, ?, ?, ?, ?, ?, ?, ?, ?)
make question 9292
Hibernate: insert into question (answer, choice1, choice2, choice3, choice4, choice5, content, correct, create_date, filepath, modify_date, score, subject, teacher_id, time, view) values (?, ?, ?, ?, ?, ?, ?, ?, ?, ?, ?, ?, ?, ?, ?, ?)
make question 9293
Hibernate: insert into question (answer, choice1, choice2, choice3, choice4, choice5, content, correct, create_date, filepath, modify_date, score, subject, teacher_id, time, view) values (?, ?, ?, ?, ?, ?, ?, ?, ?, ?, ?, ?, ?, ?, ?, ?)
make question 9294
Hibernate: insert into question (answer, choice1, choice2, choice3, choice4, choice5, content, correct, create_date, filepath, modify_date, score, subject, teacher_id, time, view) values (?, ?, ?, ?, ?, ?, ?, ?, ?, ?, ?, ?, ?, ?, ?, ?)
make question 9295
Hibernate: insert into question (answer, choice1, choice2, choice3, choice4, choice5, content, correct, create_date, filepath, modify_date, score, subject, teacher_id, time, view) values (?, ?, ?, ?, ?, ?, ?, ?, ?, ?, ?, ?, ?, ?, ?, ?)
make question 9296
Hibernate: insert into question (answer, choice1, choice2, choice3, choice4, choice5, content, correct, create_date, filepath, modify_date, score, subject, teacher_id, time, view) values (?, ?, ?, ?, ?, ?, ?, ?, ?, ?, ?, ?, ?, ?, ?, ?)
make question 9297
Hibernate: insert into question (answer, choice1, choice2, choice3, choice4, choice5, content, correct, create_date, filepath, modify_date, score, subject, teacher_id, time, view) values (?, ?, ?, ?, ?, ?, ?, ?, ?, ?, ?, ?, ?, ?, ?, ?)
make question 9298
Hibernate: insert into question (answer, choice1, choice2, choice3, choice4, choice5, content, correct, create_date, filepath, modify_date, score, subject, teacher_id, time, view) values (?, ?, ?, ?, ?, ?, ?, ?, ?, ?, ?, ?, ?, ?, ?, ?)
make question 9299
Hibernate: insert into question (answer, choice1, choice2, choice3, choice4, choice5, content, correct, create_date, filepath, modify_date, score, subject, teacher_id, time, view) values (?, ?, ?, ?, ?, ?, ?, ?, ?, ?, ?, ?, ?, ?, ?, ?)
make question 9300
Hibernate: insert into question (answer, choice1, choice2, choice3, choice4, choice5, content, correct, create_date, filepath, modify_date, score, subject, teacher_id, time, view) values (?, ?, ?, ?, ?, ?, ?, ?, ?, ?, ?, ?, ?, ?, ?, ?)
make question 9301
Hibernate: insert into question (answer, choice1, choice2, choice3, choice4, choice5, content, correct, create_date, filepath, modify_date, score, subject, teacher_id, time, view) values (?, ?, ?, ?, ?, ?, ?, ?, ?, ?, ?, ?, ?, ?, ?, ?)
make question 9302
Hibernate: insert into question (answer, choice1, choice2, choice3, choice4, choice5, content, correct, create_date, filepath, modify_date, score, subject, teacher_id, time, view) values (?, ?, ?, ?, ?, ?, ?, ?, ?, ?, ?, ?, ?, ?, ?, ?)
make question 9303
Hibernate: insert into question (answer, choice1, choice2, choice3, choice4, choice5, content, correct, create_date, filepath, modify_date, score, subject, teacher_id, time, view) values (?, ?, ?, ?, ?, ?, ?, ?, ?, ?, ?, ?, ?, ?, ?, ?)
make question 9304
Hibernate: insert into question (answer, choice1, choice2, choice3, choice4, choice5, content, correct, create_date, filepath, modify_date, score, subject, teacher_id, time, view) values (?, ?, ?, ?, ?, ?, ?, ?, ?, ?, ?, ?, ?, ?, ?, ?)
make question 9305
Hibernate: insert into question (answer, choice1, choice2, choice3, choice4, choice5, content, correct, create_date, filepath, modify_date, score, subject, teacher_id, time, view) values (?, ?, ?, ?, ?, ?, ?, ?, ?, ?, ?, ?, ?, ?, ?, ?)
make question 9306
Hibernate: insert into question (answer, choice1, choice2, choice3, choice4, choice5, content, correct, create_date, filepath, modify_date, score, subject, teacher_id, time, view) values (?, ?, ?, ?, ?, ?, ?, ?, ?, ?, ?, ?, ?, ?, ?, ?)
make question 9307
Hibernate: insert into question (answer, choice1, choice2, choice3, choice4, choice5, content, correct, create_date, filepath, modify_date, score, subject, teacher_id, time, view) values (?, ?, ?, ?, ?, ?, ?, ?, ?, ?, ?, ?, ?, ?, ?, ?)
make question 9308
Hibernate: insert into question (answer, choice1, choice2, choice3, choice4, choice5, content, correct, create_date, filepath, modify_date, score, subject, teacher_id, time, view) values (?, ?, ?, ?, ?, ?, ?, ?, ?, ?, ?, ?, ?, ?, ?, ?)
make question 9309
Hibernate: insert into question (answer, choice1, choice2, choice3, choice4, choice5, content, correct, create_date, filepath, modify_date, score, subject, teacher_id, time, view) values (?, ?, ?, ?, ?, ?, ?, ?, ?, ?, ?, ?, ?, ?, ?, ?)
make question 9310
Hibernate: insert into question (answer, choice1, choice2, choice3, choice4, choice5, content, correct, create_date, filepath, modify_date, score, subject, teacher_id, time, view) values (?, ?, ?, ?, ?, ?, ?, ?, ?, ?, ?, ?, ?, ?, ?, ?)
make question 9311
Hibernate: insert into question (answer, choice1, choice2, choice3, choice4, choice5, content, correct, create_date, filepath, modify_date, score, subject, teacher_id, time, view) values (?, ?, ?, ?, ?, ?, ?, ?, ?, ?, ?, ?, ?, ?, ?, ?)
make question 9312
Hibernate: insert into question (answer, choice1, choice2, choice3, choice4, choice5, content, correct, create_date, filepath, modify_date, score, subject, teacher_id, time, view) values (?, ?, ?, ?, ?, ?, ?, ?, ?, ?, ?, ?, ?, ?, ?, ?)
make question 9313
Hibernate: insert into question (answer, choice1, choice2, choice3, choice4, choice5, content, correct, create_date, filepath, modify_date, score, subject, teacher_id, time, view) values (?, ?, ?, ?, ?, ?, ?, ?, ?, ?, ?, ?, ?, ?, ?, ?)
make question 9314
Hibernate: insert into question (answer, choice1, choice2, choice3, choice4, choice5, content, correct, create_date, filepath, modify_date, score, subject, teacher_id, time, view) values (?, ?, ?, ?, ?, ?, ?, ?, ?, ?, ?, ?, ?, ?, ?, ?)
make question 9315
Hibernate: insert into question (answer, choice1, choice2, choice3, choice4, choice5, content, correct, create_date, filepath, modify_date, score, subject, teacher_id, time, view) values (?, ?, ?, ?, ?, ?, ?, ?, ?, ?, ?, ?, ?, ?, ?, ?)
make question 9316
Hibernate: insert into question (answer, choice1, choice2, choice3, choice4, choice5, content, correct, create_date, filepath, modify_date, score, subject, teacher_id, time, view) values (?, ?, ?, ?, ?, ?, ?, ?, ?, ?, ?, ?, ?, ?, ?, ?)
make question 9317
Hibernate: insert into question (answer, choice1, choice2, choice3, choice4, choice5, content, correct, create_date, filepath, modify_date, score, subject, teacher_id, time, view) values (?, ?, ?, ?, ?, ?, ?, ?, ?, ?, ?, ?, ?, ?, ?, ?)
make question 9318
Hibernate: insert into question (answer, choice1, choice2, choice3, choice4, choice5, content, correct, create_date, filepath, modify_date, score, subject, teacher_id, time, view) values (?, ?, ?, ?, ?, ?, ?, ?, ?, ?, ?, ?, ?, ?, ?, ?)
make question 9319
Hibernate: insert into question (answer, choice1, choice2, choice3, choice4, choice5, content, correct, create_date, filepath, modify_date, score, subject, teacher_id, time, view) values (?, ?, ?, ?, ?, ?, ?, ?, ?, ?, ?, ?, ?, ?, ?, ?)
make question 9320
Hibernate: insert into question (answer, choice1, choice2, choice3, choice4, choice5, content, correct, create_date, filepath, modify_date, score, subject, teacher_id, time, view) values (?, ?, ?, ?, ?, ?, ?, ?, ?, ?, ?, ?, ?, ?, ?, ?)
make question 9321
Hibernate: insert into question (answer, choice1, choice2, choice3, choice4, choice5, content, correct, create_date, filepath, modify_date, score, subject, teacher_id, time, view) values (?, ?, ?, ?, ?, ?, ?, ?, ?, ?, ?, ?, ?, ?, ?, ?)
make question 9322
Hibernate: insert into question (answer, choice1, choice2, choice3, choice4, choice5, content, correct, create_date, filepath, modify_date, score, subject, teacher_id, time, view) values (?, ?, ?, ?, ?, ?, ?, ?, ?, ?, ?, ?, ?, ?, ?, ?)
make question 9323
Hibernate: insert into question (answer, choice1, choice2, choice3, choice4, choice5, content, correct, create_date, filepath, modify_date, score, subject, teacher_id, time, view) values (?, ?, ?, ?, ?, ?, ?, ?, ?, ?, ?, ?, ?, ?, ?, ?)
make question 9324
Hibernate: insert into question (answer, choice1, choice2, choice3, choice4, choice5, content, correct, create_date, filepath, modify_date, score, subject, teacher_id, time, view) values (?, ?, ?, ?, ?, ?, ?, ?, ?, ?, ?, ?, ?, ?, ?, ?)
make question 9325
Hibernate: insert into question (answer, choice1, choice2, choice3, choice4, choice5, content, correct, create_date, filepath, modify_date, score, subject, teacher_id, time, view) values (?, ?, ?, ?, ?, ?, ?, ?, ?, ?, ?, ?, ?, ?, ?, ?)
make question 9326
Hibernate: insert into question (answer, choice1, choice2, choice3, choice4, choice5, content, correct, create_date, filepath, modify_date, score, subject, teacher_id, time, view) values (?, ?, ?, ?, ?, ?, ?, ?, ?, ?, ?, ?, ?, ?, ?, ?)
make question 9327
Hibernate: insert into question (answer, choice1, choice2, choice3, choice4, choice5, content, correct, create_date, filepath, modify_date, score, subject, teacher_id, time, view) values (?, ?, ?, ?, ?, ?, ?, ?, ?, ?, ?, ?, ?, ?, ?, ?)
make question 9328
Hibernate: insert into question (answer, choice1, choice2, choice3, choice4, choice5, content, correct, create_date, filepath, modify_date, score, subject, teacher_id, time, view) values (?, ?, ?, ?, ?, ?, ?, ?, ?, ?, ?, ?, ?, ?, ?, ?)
make question 9329
Hibernate: insert into question (answer, choice1, choice2, choice3, choice4, choice5, content, correct, create_date, filepath, modify_date, score, subject, teacher_id, time, view) values (?, ?, ?, ?, ?, ?, ?, ?, ?, ?, ?, ?, ?, ?, ?, ?)
make question 9330
Hibernate: insert into question (answer, choice1, choice2, choice3, choice4, choice5, content, correct, create_date, filepath, modify_date, score, subject, teacher_id, time, view) values (?, ?, ?, ?, ?, ?, ?, ?, ?, ?, ?, ?, ?, ?, ?, ?)
make question 9331
Hibernate: insert into question (answer, choice1, choice2, choice3, choice4, choice5, content, correct, create_date, filepath, modify_date, score, subject, teacher_id, time, view) values (?, ?, ?, ?, ?, ?, ?, ?, ?, ?, ?, ?, ?, ?, ?, ?)
make question 9332
Hibernate: insert into question (answer, choice1, choice2, choice3, choice4, choice5, content, correct, create_date, filepath, modify_date, score, subject, teacher_id, time, view) values (?, ?, ?, ?, ?, ?, ?, ?, ?, ?, ?, ?, ?, ?, ?, ?)
make question 9333
Hibernate: insert into question (answer, choice1, choice2, choice3, choice4, choice5, content, correct, create_date, filepath, modify_date, score, subject, teacher_id, time, view) values (?, ?, ?, ?, ?, ?, ?, ?, ?, ?, ?, ?, ?, ?, ?, ?)
make question 9334
Hibernate: insert into question (answer, choice1, choice2, choice3, choice4, choice5, content, correct, create_date, filepath, modify_date, score, subject, teacher_id, time, view) values (?, ?, ?, ?, ?, ?, ?, ?, ?, ?, ?, ?, ?, ?, ?, ?)
make question 9335
Hibernate: insert into question (answer, choice1, choice2, choice3, choice4, choice5, content, correct, create_date, filepath, modify_date, score, subject, teacher_id, time, view) values (?, ?, ?, ?, ?, ?, ?, ?, ?, ?, ?, ?, ?, ?, ?, ?)
make question 9336
Hibernate: insert into question (answer, choice1, choice2, choice3, choice4, choice5, content, correct, create_date, filepath, modify_date, score, subject, teacher_id, time, view) values (?, ?, ?, ?, ?, ?, ?, ?, ?, ?, ?, ?, ?, ?, ?, ?)
make question 9337
Hibernate: insert into question (answer, choice1, choice2, choice3, choice4, choice5, content, correct, create_date, filepath, modify_date, score, subject, teacher_id, time, view) values (?, ?, ?, ?, ?, ?, ?, ?, ?, ?, ?, ?, ?, ?, ?, ?)
make question 9338
Hibernate: insert into question (answer, choice1, choice2, choice3, choice4, choice5, content, correct, create_date, filepath, modify_date, score, subject, teacher_id, time, view) values (?, ?, ?, ?, ?, ?, ?, ?, ?, ?, ?, ?, ?, ?, ?, ?)
make question 9339
Hibernate: insert into question (answer, choice1, choice2, choice3, choice4, choice5, content, correct, create_date, filepath, modify_date, score, subject, teacher_id, time, view) values (?, ?, ?, ?, ?, ?, ?, ?, ?, ?, ?, ?, ?, ?, ?, ?)
make question 9340
Hibernate: insert into question (answer, choice1, choice2, choice3, choice4, choice5, content, correct, create_date, filepath, modify_date, score, subject, teacher_id, time, view) values (?, ?, ?, ?, ?, ?, ?, ?, ?, ?, ?, ?, ?, ?, ?, ?)
make question 9341
Hibernate: insert into question (answer, choice1, choice2, choice3, choice4, choice5, content, correct, create_date, filepath, modify_date, score, subject, teacher_id, time, view) values (?, ?, ?, ?, ?, ?, ?, ?, ?, ?, ?, ?, ?, ?, ?, ?)
make question 9342
Hibernate: insert into question (answer, choice1, choice2, choice3, choice4, choice5, content, correct, create_date, filepath, modify_date, score, subject, teacher_id, time, view) values (?, ?, ?, ?, ?, ?, ?, ?, ?, ?, ?, ?, ?, ?, ?, ?)
make question 9343
Hibernate: insert into question (answer, choice1, choice2, choice3, choice4, choice5, content, correct, create_date, filepath, modify_date, score, subject, teacher_id, time, view) values (?, ?, ?, ?, ?, ?, ?, ?, ?, ?, ?, ?, ?, ?, ?, ?)
make question 9344
Hibernate: insert into question (answer, choice1, choice2, choice3, choice4, choice5, content, correct, create_date, filepath, modify_date, score, subject, teacher_id, time, view) values (?, ?, ?, ?, ?, ?, ?, ?, ?, ?, ?, ?, ?, ?, ?, ?)
make question 9345
Hibernate: insert into question (answer, choice1, choice2, choice3, choice4, choice5, content, correct, create_date, filepath, modify_date, score, subject, teacher_id, time, view) values (?, ?, ?, ?, ?, ?, ?, ?, ?, ?, ?, ?, ?, ?, ?, ?)
make question 9346
Hibernate: insert into question (answer, choice1, choice2, choice3, choice4, choice5, content, correct, create_date, filepath, modify_date, score, subject, teacher_id, time, view) values (?, ?, ?, ?, ?, ?, ?, ?, ?, ?, ?, ?, ?, ?, ?, ?)
make question 9347
Hibernate: insert into question (answer, choice1, choice2, choice3, choice4, choice5, content, correct, create_date, filepath, modify_date, score, subject, teacher_id, time, view) values (?, ?, ?, ?, ?, ?, ?, ?, ?, ?, ?, ?, ?, ?, ?, ?)
make question 9348
Hibernate: insert into question (answer, choice1, choice2, choice3, choice4, choice5, content, correct, create_date, filepath, modify_date, score, subject, teacher_id, time, view) values (?, ?, ?, ?, ?, ?, ?, ?, ?, ?, ?, ?, ?, ?, ?, ?)
make question 9349
Hibernate: insert into question (answer, choice1, choice2, choice3, choice4, choice5, content, correct, create_date, filepath, modify_date, score, subject, teacher_id, time, view) values (?, ?, ?, ?, ?, ?, ?, ?, ?, ?, ?, ?, ?, ?, ?, ?)
make question 9350
Hibernate: insert into question (answer, choice1, choice2, choice3, choice4, choice5, content, correct, create_date, filepath, modify_date, score, subject, teacher_id, time, view) values (?, ?, ?, ?, ?, ?, ?, ?, ?, ?, ?, ?, ?, ?, ?, ?)
make question 9351
Hibernate: insert into question (answer, choice1, choice2, choice3, choice4, choice5, content, correct, create_date, filepath, modify_date, score, subject, teacher_id, time, view) values (?, ?, ?, ?, ?, ?, ?, ?, ?, ?, ?, ?, ?, ?, ?, ?)
make question 9352
Hibernate: insert into question (answer, choice1, choice2, choice3, choice4, choice5, content, correct, create_date, filepath, modify_date, score, subject, teacher_id, time, view) values (?, ?, ?, ?, ?, ?, ?, ?, ?, ?, ?, ?, ?, ?, ?, ?)
make question 9353
Hibernate: insert into question (answer, choice1, choice2, choice3, choice4, choice5, content, correct, create_date, filepath, modify_date, score, subject, teacher_id, time, view) values (?, ?, ?, ?, ?, ?, ?, ?, ?, ?, ?, ?, ?, ?, ?, ?)
make question 9354
Hibernate: insert into question (answer, choice1, choice2, choice3, choice4, choice5, content, correct, create_date, filepath, modify_date, score, subject, teacher_id, time, view) values (?, ?, ?, ?, ?, ?, ?, ?, ?, ?, ?, ?, ?, ?, ?, ?)
make question 9355
Hibernate: insert into question (answer, choice1, choice2, choice3, choice4, choice5, content, correct, create_date, filepath, modify_date, score, subject, teacher_id, time, view) values (?, ?, ?, ?, ?, ?, ?, ?, ?, ?, ?, ?, ?, ?, ?, ?)
make question 9356
Hibernate: insert into question (answer, choice1, choice2, choice3, choice4, choice5, content, correct, create_date, filepath, modify_date, score, subject, teacher_id, time, view) values (?, ?, ?, ?, ?, ?, ?, ?, ?, ?, ?, ?, ?, ?, ?, ?)
make question 9357
Hibernate: insert into question (answer, choice1, choice2, choice3, choice4, choice5, content, correct, create_date, filepath, modify_date, score, subject, teacher_id, time, view) values (?, ?, ?, ?, ?, ?, ?, ?, ?, ?, ?, ?, ?, ?, ?, ?)
make question 9358
Hibernate: insert into question (answer, choice1, choice2, choice3, choice4, choice5, content, correct, create_date, filepath, modify_date, score, subject, teacher_id, time, view) values (?, ?, ?, ?, ?, ?, ?, ?, ?, ?, ?, ?, ?, ?, ?, ?)
make question 9359
Hibernate: insert into question (answer, choice1, choice2, choice3, choice4, choice5, content, correct, create_date, filepath, modify_date, score, subject, teacher_id, time, view) values (?, ?, ?, ?, ?, ?, ?, ?, ?, ?, ?, ?, ?, ?, ?, ?)
make question 9360
Hibernate: insert into question (answer, choice1, choice2, choice3, choice4, choice5, content, correct, create_date, filepath, modify_date, score, subject, teacher_id, time, view) values (?, ?, ?, ?, ?, ?, ?, ?, ?, ?, ?, ?, ?, ?, ?, ?)
make question 9361
Hibernate: insert into question (answer, choice1, choice2, choice3, choice4, choice5, content, correct, create_date, filepath, modify_date, score, subject, teacher_id, time, view) values (?, ?, ?, ?, ?, ?, ?, ?, ?, ?, ?, ?, ?, ?, ?, ?)
make question 9362
Hibernate: insert into question (answer, choice1, choice2, choice3, choice4, choice5, content, correct, create_date, filepath, modify_date, score, subject, teacher_id, time, view) values (?, ?, ?, ?, ?, ?, ?, ?, ?, ?, ?, ?, ?, ?, ?, ?)
make question 9363
Hibernate: insert into question (answer, choice1, choice2, choice3, choice4, choice5, content, correct, create_date, filepath, modify_date, score, subject, teacher_id, time, view) values (?, ?, ?, ?, ?, ?, ?, ?, ?, ?, ?, ?, ?, ?, ?, ?)
make question 9364
Hibernate: insert into question (answer, choice1, choice2, choice3, choice4, choice5, content, correct, create_date, filepath, modify_date, score, subject, teacher_id, time, view) values (?, ?, ?, ?, ?, ?, ?, ?, ?, ?, ?, ?, ?, ?, ?, ?)
make question 9365
Hibernate: insert into question (answer, choice1, choice2, choice3, choice4, choice5, content, correct, create_date, filepath, modify_date, score, subject, teacher_id, time, view) values (?, ?, ?, ?, ?, ?, ?, ?, ?, ?, ?, ?, ?, ?, ?, ?)
make question 9366
Hibernate: insert into question (answer, choice1, choice2, choice3, choice4, choice5, content, correct, create_date, filepath, modify_date, score, subject, teacher_id, time, view) values (?, ?, ?, ?, ?, ?, ?, ?, ?, ?, ?, ?, ?, ?, ?, ?)
make question 9367
Hibernate: insert into question (answer, choice1, choice2, choice3, choice4, choice5, content, correct, create_date, filepath, modify_date, score, subject, teacher_id, time, view) values (?, ?, ?, ?, ?, ?, ?, ?, ?, ?, ?, ?, ?, ?, ?, ?)
make question 9368
Hibernate: insert into question (answer, choice1, choice2, choice3, choice4, choice5, content, correct, create_date, filepath, modify_date, score, subject, teacher_id, time, view) values (?, ?, ?, ?, ?, ?, ?, ?, ?, ?, ?, ?, ?, ?, ?, ?)
make question 9369
Hibernate: insert into question (answer, choice1, choice2, choice3, choice4, choice5, content, correct, create_date, filepath, modify_date, score, subject, teacher_id, time, view) values (?, ?, ?, ?, ?, ?, ?, ?, ?, ?, ?, ?, ?, ?, ?, ?)
make question 9370
Hibernate: insert into question (answer, choice1, choice2, choice3, choice4, choice5, content, correct, create_date, filepath, modify_date, score, subject, teacher_id, time, view) values (?, ?, ?, ?, ?, ?, ?, ?, ?, ?, ?, ?, ?, ?, ?, ?)
make question 9371
Hibernate: insert into question (answer, choice1, choice2, choice3, choice4, choice5, content, correct, create_date, filepath, modify_date, score, subject, teacher_id, time, view) values (?, ?, ?, ?, ?, ?, ?, ?, ?, ?, ?, ?, ?, ?, ?, ?)
make question 9372
Hibernate: insert into question (answer, choice1, choice2, choice3, choice4, choice5, content, correct, create_date, filepath, modify_date, score, subject, teacher_id, time, view) values (?, ?, ?, ?, ?, ?, ?, ?, ?, ?, ?, ?, ?, ?, ?, ?)
make question 9373
Hibernate: insert into question (answer, choice1, choice2, choice3, choice4, choice5, content, correct, create_date, filepath, modify_date, score, subject, teacher_id, time, view) values (?, ?, ?, ?, ?, ?, ?, ?, ?, ?, ?, ?, ?, ?, ?, ?)
make question 9374
Hibernate: insert into question (answer, choice1, choice2, choice3, choice4, choice5, content, correct, create_date, filepath, modify_date, score, subject, teacher_id, time, view) values (?, ?, ?, ?, ?, ?, ?, ?, ?, ?, ?, ?, ?, ?, ?, ?)
make question 9375
Hibernate: insert into question (answer, choice1, choice2, choice3, choice4, choice5, content, correct, create_date, filepath, modify_date, score, subject, teacher_id, time, view) values (?, ?, ?, ?, ?, ?, ?, ?, ?, ?, ?, ?, ?, ?, ?, ?)
make question 9376
Hibernate: insert into question (answer, choice1, choice2, choice3, choice4, choice5, content, correct, create_date, filepath, modify_date, score, subject, teacher_id, time, view) values (?, ?, ?, ?, ?, ?, ?, ?, ?, ?, ?, ?, ?, ?, ?, ?)
make question 9377
Hibernate: insert into question (answer, choice1, choice2, choice3, choice4, choice5, content, correct, create_date, filepath, modify_date, score, subject, teacher_id, time, view) values (?, ?, ?, ?, ?, ?, ?, ?, ?, ?, ?, ?, ?, ?, ?, ?)
make question 9378
Hibernate: insert into question (answer, choice1, choice2, choice3, choice4, choice5, content, correct, create_date, filepath, modify_date, score, subject, teacher_id, time, view) values (?, ?, ?, ?, ?, ?, ?, ?, ?, ?, ?, ?, ?, ?, ?, ?)
make question 9379
Hibernate: insert into question (answer, choice1, choice2, choice3, choice4, choice5, content, correct, create_date, filepath, modify_date, score, subject, teacher_id, time, view) values (?, ?, ?, ?, ?, ?, ?, ?, ?, ?, ?, ?, ?, ?, ?, ?)
make question 9380
Hibernate: insert into question (answer, choice1, choice2, choice3, choice4, choice5, content, correct, create_date, filepath, modify_date, score, subject, teacher_id, time, view) values (?, ?, ?, ?, ?, ?, ?, ?, ?, ?, ?, ?, ?, ?, ?, ?)
make question 9381
Hibernate: insert into question (answer, choice1, choice2, choice3, choice4, choice5, content, correct, create_date, filepath, modify_date, score, subject, teacher_id, time, view) values (?, ?, ?, ?, ?, ?, ?, ?, ?, ?, ?, ?, ?, ?, ?, ?)
make question 9382
Hibernate: insert into question (answer, choice1, choice2, choice3, choice4, choice5, content, correct, create_date, filepath, modify_date, score, subject, teacher_id, time, view) values (?, ?, ?, ?, ?, ?, ?, ?, ?, ?, ?, ?, ?, ?, ?, ?)
make question 9383
Hibernate: insert into question (answer, choice1, choice2, choice3, choice4, choice5, content, correct, create_date, filepath, modify_date, score, subject, teacher_id, time, view) values (?, ?, ?, ?, ?, ?, ?, ?, ?, ?, ?, ?, ?, ?, ?, ?)
make question 9384
Hibernate: insert into question (answer, choice1, choice2, choice3, choice4, choice5, content, correct, create_date, filepath, modify_date, score, subject, teacher_id, time, view) values (?, ?, ?, ?, ?, ?, ?, ?, ?, ?, ?, ?, ?, ?, ?, ?)
make question 9385
Hibernate: insert into question (answer, choice1, choice2, choice3, choice4, choice5, content, correct, create_date, filepath, modify_date, score, subject, teacher_id, time, view) values (?, ?, ?, ?, ?, ?, ?, ?, ?, ?, ?, ?, ?, ?, ?, ?)
make question 9386
Hibernate: insert into question (answer, choice1, choice2, choice3, choice4, choice5, content, correct, create_date, filepath, modify_date, score, subject, teacher_id, time, view) values (?, ?, ?, ?, ?, ?, ?, ?, ?, ?, ?, ?, ?, ?, ?, ?)
make question 9387
Hibernate: insert into question (answer, choice1, choice2, choice3, choice4, choice5, content, correct, create_date, filepath, modify_date, score, subject, teacher_id, time, view) values (?, ?, ?, ?, ?, ?, ?, ?, ?, ?, ?, ?, ?, ?, ?, ?)
make question 9388
Hibernate: insert into question (answer, choice1, choice2, choice3, choice4, choice5, content, correct, create_date, filepath, modify_date, score, subject, teacher_id, time, view) values (?, ?, ?, ?, ?, ?, ?, ?, ?, ?, ?, ?, ?, ?, ?, ?)
make question 9389
Hibernate: insert into question (answer, choice1, choice2, choice3, choice4, choice5, content, correct, create_date, filepath, modify_date, score, subject, teacher_id, time, view) values (?, ?, ?, ?, ?, ?, ?, ?, ?, ?, ?, ?, ?, ?, ?, ?)
make question 9390
Hibernate: insert into question (answer, choice1, choice2, choice3, choice4, choice5, content, correct, create_date, filepath, modify_date, score, subject, teacher_id, time, view) values (?, ?, ?, ?, ?, ?, ?, ?, ?, ?, ?, ?, ?, ?, ?, ?)
make question 9391
Hibernate: insert into question (answer, choice1, choice2, choice3, choice4, choice5, content, correct, create_date, filepath, modify_date, score, subject, teacher_id, time, view) values (?, ?, ?, ?, ?, ?, ?, ?, ?, ?, ?, ?, ?, ?, ?, ?)
make question 9392
Hibernate: insert into question (answer, choice1, choice2, choice3, choice4, choice5, content, correct, create_date, filepath, modify_date, score, subject, teacher_id, time, view) values (?, ?, ?, ?, ?, ?, ?, ?, ?, ?, ?, ?, ?, ?, ?, ?)
make question 9393
Hibernate: insert into question (answer, choice1, choice2, choice3, choice4, choice5, content, correct, create_date, filepath, modify_date, score, subject, teacher_id, time, view) values (?, ?, ?, ?, ?, ?, ?, ?, ?, ?, ?, ?, ?, ?, ?, ?)
make question 9394
Hibernate: insert into question (answer, choice1, choice2, choice3, choice4, choice5, content, correct, create_date, filepath, modify_date, score, subject, teacher_id, time, view) values (?, ?, ?, ?, ?, ?, ?, ?, ?, ?, ?, ?, ?, ?, ?, ?)
make question 9395
Hibernate: insert into question (answer, choice1, choice2, choice3, choice4, choice5, content, correct, create_date, filepath, modify_date, score, subject, teacher_id, time, view) values (?, ?, ?, ?, ?, ?, ?, ?, ?, ?, ?, ?, ?, ?, ?, ?)
make question 9396
Hibernate: insert into question (answer, choice1, choice2, choice3, choice4, choice5, content, correct, create_date, filepath, modify_date, score, subject, teacher_id, time, view) values (?, ?, ?, ?, ?, ?, ?, ?, ?, ?, ?, ?, ?, ?, ?, ?)
make question 9397
Hibernate: insert into question (answer, choice1, choice2, choice3, choice4, choice5, content, correct, create_date, filepath, modify_date, score, subject, teacher_id, time, view) values (?, ?, ?, ?, ?, ?, ?, ?, ?, ?, ?, ?, ?, ?, ?, ?)
make question 9398
Hibernate: insert into question (answer, choice1, choice2, choice3, choice4, choice5, content, correct, create_date, filepath, modify_date, score, subject, teacher_id, time, view) values (?, ?, ?, ?, ?, ?, ?, ?, ?, ?, ?, ?, ?, ?, ?, ?)
make question 9399
Hibernate: insert into question (answer, choice1, choice2, choice3, choice4, choice5, content, correct, create_date, filepath, modify_date, score, subject, teacher_id, time, view) values (?, ?, ?, ?, ?, ?, ?, ?, ?, ?, ?, ?, ?, ?, ?, ?)
make question 9400
Hibernate: insert into question (answer, choice1, choice2, choice3, choice4, choice5, content, correct, create_date, filepath, modify_date, score, subject, teacher_id, time, view) values (?, ?, ?, ?, ?, ?, ?, ?, ?, ?, ?, ?, ?, ?, ?, ?)
make question 9401
Hibernate: insert into question (answer, choice1, choice2, choice3, choice4, choice5, content, correct, create_date, filepath, modify_date, score, subject, teacher_id, time, view) values (?, ?, ?, ?, ?, ?, ?, ?, ?, ?, ?, ?, ?, ?, ?, ?)
make question 9402
Hibernate: insert into question (answer, choice1, choice2, choice3, choice4, choice5, content, correct, create_date, filepath, modify_date, score, subject, teacher_id, time, view) values (?, ?, ?, ?, ?, ?, ?, ?, ?, ?, ?, ?, ?, ?, ?, ?)
make question 9403
Hibernate: insert into question (answer, choice1, choice2, choice3, choice4, choice5, content, correct, create_date, filepath, modify_date, score, subject, teacher_id, time, view) values (?, ?, ?, ?, ?, ?, ?, ?, ?, ?, ?, ?, ?, ?, ?, ?)
make question 9404
Hibernate: insert into question (answer, choice1, choice2, choice3, choice4, choice5, content, correct, create_date, filepath, modify_date, score, subject, teacher_id, time, view) values (?, ?, ?, ?, ?, ?, ?, ?, ?, ?, ?, ?, ?, ?, ?, ?)
make question 9405
Hibernate: insert into question (answer, choice1, choice2, choice3, choice4, choice5, content, correct, create_date, filepath, modify_date, score, subject, teacher_id, time, view) values (?, ?, ?, ?, ?, ?, ?, ?, ?, ?, ?, ?, ?, ?, ?, ?)
make question 9406
Hibernate: insert into question (answer, choice1, choice2, choice3, choice4, choice5, content, correct, create_date, filepath, modify_date, score, subject, teacher_id, time, view) values (?, ?, ?, ?, ?, ?, ?, ?, ?, ?, ?, ?, ?, ?, ?, ?)
make question 9407
Hibernate: insert into question (answer, choice1, choice2, choice3, choice4, choice5, content, correct, create_date, filepath, modify_date, score, subject, teacher_id, time, view) values (?, ?, ?, ?, ?, ?, ?, ?, ?, ?, ?, ?, ?, ?, ?, ?)
make question 9408
Hibernate: insert into question (answer, choice1, choice2, choice3, choice4, choice5, content, correct, create_date, filepath, modify_date, score, subject, teacher_id, time, view) values (?, ?, ?, ?, ?, ?, ?, ?, ?, ?, ?, ?, ?, ?, ?, ?)
make question 9409
Hibernate: insert into question (answer, choice1, choice2, choice3, choice4, choice5, content, correct, create_date, filepath, modify_date, score, subject, teacher_id, time, view) values (?, ?, ?, ?, ?, ?, ?, ?, ?, ?, ?, ?, ?, ?, ?, ?)
make question 9410
Hibernate: insert into question (answer, choice1, choice2, choice3, choice4, choice5, content, correct, create_date, filepath, modify_date, score, subject, teacher_id, time, view) values (?, ?, ?, ?, ?, ?, ?, ?, ?, ?, ?, ?, ?, ?, ?, ?)
make question 9411
Hibernate: insert into question (answer, choice1, choice2, choice3, choice4, choice5, content, correct, create_date, filepath, modify_date, score, subject, teacher_id, time, view) values (?, ?, ?, ?, ?, ?, ?, ?, ?, ?, ?, ?, ?, ?, ?, ?)
make question 9412
Hibernate: insert into question (answer, choice1, choice2, choice3, choice4, choice5, content, correct, create_date, filepath, modify_date, score, subject, teacher_id, time, view) values (?, ?, ?, ?, ?, ?, ?, ?, ?, ?, ?, ?, ?, ?, ?, ?)
make question 9413
Hibernate: insert into question (answer, choice1, choice2, choice3, choice4, choice5, content, correct, create_date, filepath, modify_date, score, subject, teacher_id, time, view) values (?, ?, ?, ?, ?, ?, ?, ?, ?, ?, ?, ?, ?, ?, ?, ?)
make question 9414
Hibernate: insert into question (answer, choice1, choice2, choice3, choice4, choice5, content, correct, create_date, filepath, modify_date, score, subject, teacher_id, time, view) values (?, ?, ?, ?, ?, ?, ?, ?, ?, ?, ?, ?, ?, ?, ?, ?)
make question 9415
Hibernate: insert into question (answer, choice1, choice2, choice3, choice4, choice5, content, correct, create_date, filepath, modify_date, score, subject, teacher_id, time, view) values (?, ?, ?, ?, ?, ?, ?, ?, ?, ?, ?, ?, ?, ?, ?, ?)
make question 9416
Hibernate: insert into question (answer, choice1, choice2, choice3, choice4, choice5, content, correct, create_date, filepath, modify_date, score, subject, teacher_id, time, view) values (?, ?, ?, ?, ?, ?, ?, ?, ?, ?, ?, ?, ?, ?, ?, ?)
make question 9417
Hibernate: insert into question (answer, choice1, choice2, choice3, choice4, choice5, content, correct, create_date, filepath, modify_date, score, subject, teacher_id, time, view) values (?, ?, ?, ?, ?, ?, ?, ?, ?, ?, ?, ?, ?, ?, ?, ?)
make question 9418
Hibernate: insert into question (answer, choice1, choice2, choice3, choice4, choice5, content, correct, create_date, filepath, modify_date, score, subject, teacher_id, time, view) values (?, ?, ?, ?, ?, ?, ?, ?, ?, ?, ?, ?, ?, ?, ?, ?)
make question 9419
Hibernate: insert into question (answer, choice1, choice2, choice3, choice4, choice5, content, correct, create_date, filepath, modify_date, score, subject, teacher_id, time, view) values (?, ?, ?, ?, ?, ?, ?, ?, ?, ?, ?, ?, ?, ?, ?, ?)
make question 9420
Hibernate: insert into question (answer, choice1, choice2, choice3, choice4, choice5, content, correct, create_date, filepath, modify_date, score, subject, teacher_id, time, view) values (?, ?, ?, ?, ?, ?, ?, ?, ?, ?, ?, ?, ?, ?, ?, ?)
make question 9421
Hibernate: insert into question (answer, choice1, choice2, choice3, choice4, choice5, content, correct, create_date, filepath, modify_date, score, subject, teacher_id, time, view) values (?, ?, ?, ?, ?, ?, ?, ?, ?, ?, ?, ?, ?, ?, ?, ?)
make question 9422
Hibernate: insert into question (answer, choice1, choice2, choice3, choice4, choice5, content, correct, create_date, filepath, modify_date, score, subject, teacher_id, time, view) values (?, ?, ?, ?, ?, ?, ?, ?, ?, ?, ?, ?, ?, ?, ?, ?)
make question 9423
Hibernate: insert into question (answer, choice1, choice2, choice3, choice4, choice5, content, correct, create_date, filepath, modify_date, score, subject, teacher_id, time, view) values (?, ?, ?, ?, ?, ?, ?, ?, ?, ?, ?, ?, ?, ?, ?, ?)
make question 9424
Hibernate: insert into question (answer, choice1, choice2, choice3, choice4, choice5, content, correct, create_date, filepath, modify_date, score, subject, teacher_id, time, view) values (?, ?, ?, ?, ?, ?, ?, ?, ?, ?, ?, ?, ?, ?, ?, ?)
make question 9425
Hibernate: insert into question (answer, choice1, choice2, choice3, choice4, choice5, content, correct, create_date, filepath, modify_date, score, subject, teacher_id, time, view) values (?, ?, ?, ?, ?, ?, ?, ?, ?, ?, ?, ?, ?, ?, ?, ?)
make question 9426
Hibernate: insert into question (answer, choice1, choice2, choice3, choice4, choice5, content, correct, create_date, filepath, modify_date, score, subject, teacher_id, time, view) values (?, ?, ?, ?, ?, ?, ?, ?, ?, ?, ?, ?, ?, ?, ?, ?)
make question 9427
Hibernate: insert into question (answer, choice1, choice2, choice3, choice4, choice5, content, correct, create_date, filepath, modify_date, score, subject, teacher_id, time, view) values (?, ?, ?, ?, ?, ?, ?, ?, ?, ?, ?, ?, ?, ?, ?, ?)
make question 9428
Hibernate: insert into question (answer, choice1, choice2, choice3, choice4, choice5, content, correct, create_date, filepath, modify_date, score, subject, teacher_id, time, view) values (?, ?, ?, ?, ?, ?, ?, ?, ?, ?, ?, ?, ?, ?, ?, ?)
make question 9429
Hibernate: insert into question (answer, choice1, choice2, choice3, choice4, choice5, content, correct, create_date, filepath, modify_date, score, subject, teacher_id, time, view) values (?, ?, ?, ?, ?, ?, ?, ?, ?, ?, ?, ?, ?, ?, ?, ?)
make question 9430
Hibernate: insert into question (answer, choice1, choice2, choice3, choice4, choice5, content, correct, create_date, filepath, modify_date, score, subject, teacher_id, time, view) values (?, ?, ?, ?, ?, ?, ?, ?, ?, ?, ?, ?, ?, ?, ?, ?)
make question 9431
Hibernate: insert into question (answer, choice1, choice2, choice3, choice4, choice5, content, correct, create_date, filepath, modify_date, score, subject, teacher_id, time, view) values (?, ?, ?, ?, ?, ?, ?, ?, ?, ?, ?, ?, ?, ?, ?, ?)
make question 9432
Hibernate: insert into question (answer, choice1, choice2, choice3, choice4, choice5, content, correct, create_date, filepath, modify_date, score, subject, teacher_id, time, view) values (?, ?, ?, ?, ?, ?, ?, ?, ?, ?, ?, ?, ?, ?, ?, ?)
make question 9433
Hibernate: insert into question (answer, choice1, choice2, choice3, choice4, choice5, content, correct, create_date, filepath, modify_date, score, subject, teacher_id, time, view) values (?, ?, ?, ?, ?, ?, ?, ?, ?, ?, ?, ?, ?, ?, ?, ?)
make question 9434
Hibernate: insert into question (answer, choice1, choice2, choice3, choice4, choice5, content, correct, create_date, filepath, modify_date, score, subject, teacher_id, time, view) values (?, ?, ?, ?, ?, ?, ?, ?, ?, ?, ?, ?, ?, ?, ?, ?)
make question 9435
Hibernate: insert into question (answer, choice1, choice2, choice3, choice4, choice5, content, correct, create_date, filepath, modify_date, score, subject, teacher_id, time, view) values (?, ?, ?, ?, ?, ?, ?, ?, ?, ?, ?, ?, ?, ?, ?, ?)
make question 9436
Hibernate: insert into question (answer, choice1, choice2, choice3, choice4, choice5, content, correct, create_date, filepath, modify_date, score, subject, teacher_id, time, view) values (?, ?, ?, ?, ?, ?, ?, ?, ?, ?, ?, ?, ?, ?, ?, ?)
make question 9437
Hibernate: insert into question (answer, choice1, choice2, choice3, choice4, choice5, content, correct, create_date, filepath, modify_date, score, subject, teacher_id, time, view) values (?, ?, ?, ?, ?, ?, ?, ?, ?, ?, ?, ?, ?, ?, ?, ?)
make question 9438
Hibernate: insert into question (answer, choice1, choice2, choice3, choice4, choice5, content, correct, create_date, filepath, modify_date, score, subject, teacher_id, time, view) values (?, ?, ?, ?, ?, ?, ?, ?, ?, ?, ?, ?, ?, ?, ?, ?)
make question 9439
Hibernate: insert into question (answer, choice1, choice2, choice3, choice4, choice5, content, correct, create_date, filepath, modify_date, score, subject, teacher_id, time, view) values (?, ?, ?, ?, ?, ?, ?, ?, ?, ?, ?, ?, ?, ?, ?, ?)
make question 9440
Hibernate: insert into question (answer, choice1, choice2, choice3, choice4, choice5, content, correct, create_date, filepath, modify_date, score, subject, teacher_id, time, view) values (?, ?, ?, ?, ?, ?, ?, ?, ?, ?, ?, ?, ?, ?, ?, ?)
make question 9441
Hibernate: insert into question (answer, choice1, choice2, choice3, choice4, choice5, content, correct, create_date, filepath, modify_date, score, subject, teacher_id, time, view) values (?, ?, ?, ?, ?, ?, ?, ?, ?, ?, ?, ?, ?, ?, ?, ?)
make question 9442
Hibernate: insert into question (answer, choice1, choice2, choice3, choice4, choice5, content, correct, create_date, filepath, modify_date, score, subject, teacher_id, time, view) values (?, ?, ?, ?, ?, ?, ?, ?, ?, ?, ?, ?, ?, ?, ?, ?)
make question 9443
Hibernate: insert into question (answer, choice1, choice2, choice3, choice4, choice5, content, correct, create_date, filepath, modify_date, score, subject, teacher_id, time, view) values (?, ?, ?, ?, ?, ?, ?, ?, ?, ?, ?, ?, ?, ?, ?, ?)
make question 9444
Hibernate: insert into question (answer, choice1, choice2, choice3, choice4, choice5, content, correct, create_date, filepath, modify_date, score, subject, teacher_id, time, view) values (?, ?, ?, ?, ?, ?, ?, ?, ?, ?, ?, ?, ?, ?, ?, ?)
make question 9445
Hibernate: insert into question (answer, choice1, choice2, choice3, choice4, choice5, content, correct, create_date, filepath, modify_date, score, subject, teacher_id, time, view) values (?, ?, ?, ?, ?, ?, ?, ?, ?, ?, ?, ?, ?, ?, ?, ?)
make question 9446
Hibernate: insert into question (answer, choice1, choice2, choice3, choice4, choice5, content, correct, create_date, filepath, modify_date, score, subject, teacher_id, time, view) values (?, ?, ?, ?, ?, ?, ?, ?, ?, ?, ?, ?, ?, ?, ?, ?)
make question 9447
Hibernate: insert into question (answer, choice1, choice2, choice3, choice4, choice5, content, correct, create_date, filepath, modify_date, score, subject, teacher_id, time, view) values (?, ?, ?, ?, ?, ?, ?, ?, ?, ?, ?, ?, ?, ?, ?, ?)
make question 9448
Hibernate: insert into question (answer, choice1, choice2, choice3, choice4, choice5, content, correct, create_date, filepath, modify_date, score, subject, teacher_id, time, view) values (?, ?, ?, ?, ?, ?, ?, ?, ?, ?, ?, ?, ?, ?, ?, ?)
make question 9449
Hibernate: insert into question (answer, choice1, choice2, choice3, choice4, choice5, content, correct, create_date, filepath, modify_date, score, subject, teacher_id, time, view) values (?, ?, ?, ?, ?, ?, ?, ?, ?, ?, ?, ?, ?, ?, ?, ?)
make question 9450
Hibernate: insert into question (answer, choice1, choice2, choice3, choice4, choice5, content, correct, create_date, filepath, modify_date, score, subject, teacher_id, time, view) values (?, ?, ?, ?, ?, ?, ?, ?, ?, ?, ?, ?, ?, ?, ?, ?)
make question 9451
Hibernate: insert into question (answer, choice1, choice2, choice3, choice4, choice5, content, correct, create_date, filepath, modify_date, score, subject, teacher_id, time, view) values (?, ?, ?, ?, ?, ?, ?, ?, ?, ?, ?, ?, ?, ?, ?, ?)
make question 9452
Hibernate: insert into question (answer, choice1, choice2, choice3, choice4, choice5, content, correct, create_date, filepath, modify_date, score, subject, teacher_id, time, view) values (?, ?, ?, ?, ?, ?, ?, ?, ?, ?, ?, ?, ?, ?, ?, ?)
make question 9453
Hibernate: insert into question (answer, choice1, choice2, choice3, choice4, choice5, content, correct, create_date, filepath, modify_date, score, subject, teacher_id, time, view) values (?, ?, ?, ?, ?, ?, ?, ?, ?, ?, ?, ?, ?, ?, ?, ?)
make question 9454
Hibernate: insert into question (answer, choice1, choice2, choice3, choice4, choice5, content, correct, create_date, filepath, modify_date, score, subject, teacher_id, time, view) values (?, ?, ?, ?, ?, ?, ?, ?, ?, ?, ?, ?, ?, ?, ?, ?)
make question 9455
Hibernate: insert into question (answer, choice1, choice2, choice3, choice4, choice5, content, correct, create_date, filepath, modify_date, score, subject, teacher_id, time, view) values (?, ?, ?, ?, ?, ?, ?, ?, ?, ?, ?, ?, ?, ?, ?, ?)
make question 9456
Hibernate: insert into question (answer, choice1, choice2, choice3, choice4, choice5, content, correct, create_date, filepath, modify_date, score, subject, teacher_id, time, view) values (?, ?, ?, ?, ?, ?, ?, ?, ?, ?, ?, ?, ?, ?, ?, ?)
make question 9457
Hibernate: insert into question (answer, choice1, choice2, choice3, choice4, choice5, content, correct, create_date, filepath, modify_date, score, subject, teacher_id, time, view) values (?, ?, ?, ?, ?, ?, ?, ?, ?, ?, ?, ?, ?, ?, ?, ?)
make question 9458
Hibernate: insert into question (answer, choice1, choice2, choice3, choice4, choice5, content, correct, create_date, filepath, modify_date, score, subject, teacher_id, time, view) values (?, ?, ?, ?, ?, ?, ?, ?, ?, ?, ?, ?, ?, ?, ?, ?)
make question 9459
Hibernate: insert into question (answer, choice1, choice2, choice3, choice4, choice5, content, correct, create_date, filepath, modify_date, score, subject, teacher_id, time, view) values (?, ?, ?, ?, ?, ?, ?, ?, ?, ?, ?, ?, ?, ?, ?, ?)
make question 9460
Hibernate: insert into question (answer, choice1, choice2, choice3, choice4, choice5, content, correct, create_date, filepath, modify_date, score, subject, teacher_id, time, view) values (?, ?, ?, ?, ?, ?, ?, ?, ?, ?, ?, ?, ?, ?, ?, ?)
make question 9461
Hibernate: insert into question (answer, choice1, choice2, choice3, choice4, choice5, content, correct, create_date, filepath, modify_date, score, subject, teacher_id, time, view) values (?, ?, ?, ?, ?, ?, ?, ?, ?, ?, ?, ?, ?, ?, ?, ?)
make question 9462
Hibernate: insert into question (answer, choice1, choice2, choice3, choice4, choice5, content, correct, create_date, filepath, modify_date, score, subject, teacher_id, time, view) values (?, ?, ?, ?, ?, ?, ?, ?, ?, ?, ?, ?, ?, ?, ?, ?)
make question 9463
Hibernate: insert into question (answer, choice1, choice2, choice3, choice4, choice5, content, correct, create_date, filepath, modify_date, score, subject, teacher_id, time, view) values (?, ?, ?, ?, ?, ?, ?, ?, ?, ?, ?, ?, ?, ?, ?, ?)
make question 9464
Hibernate: insert into question (answer, choice1, choice2, choice3, choice4, choice5, content, correct, create_date, filepath, modify_date, score, subject, teacher_id, time, view) values (?, ?, ?, ?, ?, ?, ?, ?, ?, ?, ?, ?, ?, ?, ?, ?)
make question 9465
Hibernate: insert into question (answer, choice1, choice2, choice3, choice4, choice5, content, correct, create_date, filepath, modify_date, score, subject, teacher_id, time, view) values (?, ?, ?, ?, ?, ?, ?, ?, ?, ?, ?, ?, ?, ?, ?, ?)
make question 9466
Hibernate: insert into question (answer, choice1, choice2, choice3, choice4, choice5, content, correct, create_date, filepath, modify_date, score, subject, teacher_id, time, view) values (?, ?, ?, ?, ?, ?, ?, ?, ?, ?, ?, ?, ?, ?, ?, ?)
make question 9467
Hibernate: insert into question (answer, choice1, choice2, choice3, choice4, choice5, content, correct, create_date, filepath, modify_date, score, subject, teacher_id, time, view) values (?, ?, ?, ?, ?, ?, ?, ?, ?, ?, ?, ?, ?, ?, ?, ?)
make question 9468
Hibernate: insert into question (answer, choice1, choice2, choice3, choice4, choice5, content, correct, create_date, filepath, modify_date, score, subject, teacher_id, time, view) values (?, ?, ?, ?, ?, ?, ?, ?, ?, ?, ?, ?, ?, ?, ?, ?)
make question 9469
Hibernate: insert into question (answer, choice1, choice2, choice3, choice4, choice5, content, correct, create_date, filepath, modify_date, score, subject, teacher_id, time, view) values (?, ?, ?, ?, ?, ?, ?, ?, ?, ?, ?, ?, ?, ?, ?, ?)
make question 9470
Hibernate: insert into question (answer, choice1, choice2, choice3, choice4, choice5, content, correct, create_date, filepath, modify_date, score, subject, teacher_id, time, view) values (?, ?, ?, ?, ?, ?, ?, ?, ?, ?, ?, ?, ?, ?, ?, ?)
make question 9471
Hibernate: insert into question (answer, choice1, choice2, choice3, choice4, choice5, content, correct, create_date, filepath, modify_date, score, subject, teacher_id, time, view) values (?, ?, ?, ?, ?, ?, ?, ?, ?, ?, ?, ?, ?, ?, ?, ?)
make question 9472
Hibernate: insert into question (answer, choice1, choice2, choice3, choice4, choice5, content, correct, create_date, filepath, modify_date, score, subject, teacher_id, time, view) values (?, ?, ?, ?, ?, ?, ?, ?, ?, ?, ?, ?, ?, ?, ?, ?)
make question 9473
Hibernate: insert into question (answer, choice1, choice2, choice3, choice4, choice5, content, correct, create_date, filepath, modify_date, score, subject, teacher_id, time, view) values (?, ?, ?, ?, ?, ?, ?, ?, ?, ?, ?, ?, ?, ?, ?, ?)
make question 9474
Hibernate: insert into question (answer, choice1, choice2, choice3, choice4, choice5, content, correct, create_date, filepath, modify_date, score, subject, teacher_id, time, view) values (?, ?, ?, ?, ?, ?, ?, ?, ?, ?, ?, ?, ?, ?, ?, ?)
make question 9475
Hibernate: insert into question (answer, choice1, choice2, choice3, choice4, choice5, content, correct, create_date, filepath, modify_date, score, subject, teacher_id, time, view) values (?, ?, ?, ?, ?, ?, ?, ?, ?, ?, ?, ?, ?, ?, ?, ?)
make question 9476
Hibernate: insert into question (answer, choice1, choice2, choice3, choice4, choice5, content, correct, create_date, filepath, modify_date, score, subject, teacher_id, time, view) values (?, ?, ?, ?, ?, ?, ?, ?, ?, ?, ?, ?, ?, ?, ?, ?)
make question 9477
Hibernate: insert into question (answer, choice1, choice2, choice3, choice4, choice5, content, correct, create_date, filepath, modify_date, score, subject, teacher_id, time, view) values (?, ?, ?, ?, ?, ?, ?, ?, ?, ?, ?, ?, ?, ?, ?, ?)
make question 9478
Hibernate: insert into question (answer, choice1, choice2, choice3, choice4, choice5, content, correct, create_date, filepath, modify_date, score, subject, teacher_id, time, view) values (?, ?, ?, ?, ?, ?, ?, ?, ?, ?, ?, ?, ?, ?, ?, ?)
make question 9479
Hibernate: insert into question (answer, choice1, choice2, choice3, choice4, choice5, content, correct, create_date, filepath, modify_date, score, subject, teacher_id, time, view) values (?, ?, ?, ?, ?, ?, ?, ?, ?, ?, ?, ?, ?, ?, ?, ?)
make question 9480
Hibernate: insert into question (answer, choice1, choice2, choice3, choice4, choice5, content, correct, create_date, filepath, modify_date, score, subject, teacher_id, time, view) values (?, ?, ?, ?, ?, ?, ?, ?, ?, ?, ?, ?, ?, ?, ?, ?)
make question 9481
Hibernate: insert into question (answer, choice1, choice2, choice3, choice4, choice5, content, correct, create_date, filepath, modify_date, score, subject, teacher_id, time, view) values (?, ?, ?, ?, ?, ?, ?, ?, ?, ?, ?, ?, ?, ?, ?, ?)
make question 9482
Hibernate: insert into question (answer, choice1, choice2, choice3, choice4, choice5, content, correct, create_date, filepath, modify_date, score, subject, teacher_id, time, view) values (?, ?, ?, ?, ?, ?, ?, ?, ?, ?, ?, ?, ?, ?, ?, ?)
make question 9483
Hibernate: insert into question (answer, choice1, choice2, choice3, choice4, choice5, content, correct, create_date, filepath, modify_date, score, subject, teacher_id, time, view) values (?, ?, ?, ?, ?, ?, ?, ?, ?, ?, ?, ?, ?, ?, ?, ?)
make question 9484
Hibernate: insert into question (answer, choice1, choice2, choice3, choice4, choice5, content, correct, create_date, filepath, modify_date, score, subject, teacher_id, time, view) values (?, ?, ?, ?, ?, ?, ?, ?, ?, ?, ?, ?, ?, ?, ?, ?)
make question 9485
Hibernate: insert into question (answer, choice1, choice2, choice3, choice4, choice5, content, correct, create_date, filepath, modify_date, score, subject, teacher_id, time, view) values (?, ?, ?, ?, ?, ?, ?, ?, ?, ?, ?, ?, ?, ?, ?, ?)
make question 9486
Hibernate: insert into question (answer, choice1, choice2, choice3, choice4, choice5, content, correct, create_date, filepath, modify_date, score, subject, teacher_id, time, view) values (?, ?, ?, ?, ?, ?, ?, ?, ?, ?, ?, ?, ?, ?, ?, ?)
make question 9487
Hibernate: insert into question (answer, choice1, choice2, choice3, choice4, choice5, content, correct, create_date, filepath, modify_date, score, subject, teacher_id, time, view) values (?, ?, ?, ?, ?, ?, ?, ?, ?, ?, ?, ?, ?, ?, ?, ?)
make question 9488
Hibernate: insert into question (answer, choice1, choice2, choice3, choice4, choice5, content, correct, create_date, filepath, modify_date, score, subject, teacher_id, time, view) values (?, ?, ?, ?, ?, ?, ?, ?, ?, ?, ?, ?, ?, ?, ?, ?)
make question 9489
Hibernate: insert into question (answer, choice1, choice2, choice3, choice4, choice5, content, correct, create_date, filepath, modify_date, score, subject, teacher_id, time, view) values (?, ?, ?, ?, ?, ?, ?, ?, ?, ?, ?, ?, ?, ?, ?, ?)
make question 9490
Hibernate: insert into question (answer, choice1, choice2, choice3, choice4, choice5, content, correct, create_date, filepath, modify_date, score, subject, teacher_id, time, view) values (?, ?, ?, ?, ?, ?, ?, ?, ?, ?, ?, ?, ?, ?, ?, ?)
make question 9491
Hibernate: insert into question (answer, choice1, choice2, choice3, choice4, choice5, content, correct, create_date, filepath, modify_date, score, subject, teacher_id, time, view) values (?, ?, ?, ?, ?, ?, ?, ?, ?, ?, ?, ?, ?, ?, ?, ?)
make question 9492
Hibernate: insert into question (answer, choice1, choice2, choice3, choice4, choice5, content, correct, create_date, filepath, modify_date, score, subject, teacher_id, time, view) values (?, ?, ?, ?, ?, ?, ?, ?, ?, ?, ?, ?, ?, ?, ?, ?)
make question 9493
Hibernate: insert into question (answer, choice1, choice2, choice3, choice4, choice5, content, correct, create_date, filepath, modify_date, score, subject, teacher_id, time, view) values (?, ?, ?, ?, ?, ?, ?, ?, ?, ?, ?, ?, ?, ?, ?, ?)
make question 9494
Hibernate: insert into question (answer, choice1, choice2, choice3, choice4, choice5, content, correct, create_date, filepath, modify_date, score, subject, teacher_id, time, view) values (?, ?, ?, ?, ?, ?, ?, ?, ?, ?, ?, ?, ?, ?, ?, ?)
make question 9495
Hibernate: insert into question (answer, choice1, choice2, choice3, choice4, choice5, content, correct, create_date, filepath, modify_date, score, subject, teacher_id, time, view) values (?, ?, ?, ?, ?, ?, ?, ?, ?, ?, ?, ?, ?, ?, ?, ?)
make question 9496
Hibernate: insert into question (answer, choice1, choice2, choice3, choice4, choice5, content, correct, create_date, filepath, modify_date, score, subject, teacher_id, time, view) values (?, ?, ?, ?, ?, ?, ?, ?, ?, ?, ?, ?, ?, ?, ?, ?)
make question 9497
Hibernate: insert into question (answer, choice1, choice2, choice3, choice4, choice5, content, correct, create_date, filepath, modify_date, score, subject, teacher_id, time, view) values (?, ?, ?, ?, ?, ?, ?, ?, ?, ?, ?, ?, ?, ?, ?, ?)
make question 9498
Hibernate: insert into question (answer, choice1, choice2, choice3, choice4, choice5, content, correct, create_date, filepath, modify_date, score, subject, teacher_id, time, view) values (?, ?, ?, ?, ?, ?, ?, ?, ?, ?, ?, ?, ?, ?, ?, ?)
make question 9499
Hibernate: insert into question (answer, choice1, choice2, choice3, choice4, choice5, content, correct, create_date, filepath, modify_date, score, subject, teacher_id, time, view) values (?, ?, ?, ?, ?, ?, ?, ?, ?, ?, ?, ?, ?, ?, ?, ?)
make question 9500
Hibernate: insert into question (answer, choice1, choice2, choice3, choice4, choice5, content, correct, create_date, filepath, modify_date, score, subject, teacher_id, time, view) values (?, ?, ?, ?, ?, ?, ?, ?, ?, ?, ?, ?, ?, ?, ?, ?)
make question 9501
Hibernate: insert into question (answer, choice1, choice2, choice3, choice4, choice5, content, correct, create_date, filepath, modify_date, score, subject, teacher_id, time, view) values (?, ?, ?, ?, ?, ?, ?, ?, ?, ?, ?, ?, ?, ?, ?, ?)
make question 9502
Hibernate: insert into question (answer, choice1, choice2, choice3, choice4, choice5, content, correct, create_date, filepath, modify_date, score, subject, teacher_id, time, view) values (?, ?, ?, ?, ?, ?, ?, ?, ?, ?, ?, ?, ?, ?, ?, ?)
make question 9503
Hibernate: insert into question (answer, choice1, choice2, choice3, choice4, choice5, content, correct, create_date, filepath, modify_date, score, subject, teacher_id, time, view) values (?, ?, ?, ?, ?, ?, ?, ?, ?, ?, ?, ?, ?, ?, ?, ?)
make question 9504
Hibernate: insert into question (answer, choice1, choice2, choice3, choice4, choice5, content, correct, create_date, filepath, modify_date, score, subject, teacher_id, time, view) values (?, ?, ?, ?, ?, ?, ?, ?, ?, ?, ?, ?, ?, ?, ?, ?)
make question 9505
Hibernate: insert into question (answer, choice1, choice2, choice3, choice4, choice5, content, correct, create_date, filepath, modify_date, score, subject, teacher_id, time, view) values (?, ?, ?, ?, ?, ?, ?, ?, ?, ?, ?, ?, ?, ?, ?, ?)
make question 9506
Hibernate: insert into question (answer, choice1, choice2, choice3, choice4, choice5, content, correct, create_date, filepath, modify_date, score, subject, teacher_id, time, view) values (?, ?, ?, ?, ?, ?, ?, ?, ?, ?, ?, ?, ?, ?, ?, ?)
make question 9507
Hibernate: insert into question (answer, choice1, choice2, choice3, choice4, choice5, content, correct, create_date, filepath, modify_date, score, subject, teacher_id, time, view) values (?, ?, ?, ?, ?, ?, ?, ?, ?, ?, ?, ?, ?, ?, ?, ?)
make question 9508
Hibernate: insert into question (answer, choice1, choice2, choice3, choice4, choice5, content, correct, create_date, filepath, modify_date, score, subject, teacher_id, time, view) values (?, ?, ?, ?, ?, ?, ?, ?, ?, ?, ?, ?, ?, ?, ?, ?)
make question 9509
Hibernate: insert into question (answer, choice1, choice2, choice3, choice4, choice5, content, correct, create_date, filepath, modify_date, score, subject, teacher_id, time, view) values (?, ?, ?, ?, ?, ?, ?, ?, ?, ?, ?, ?, ?, ?, ?, ?)
make question 9510
Hibernate: insert into question (answer, choice1, choice2, choice3, choice4, choice5, content, correct, create_date, filepath, modify_date, score, subject, teacher_id, time, view) values (?, ?, ?, ?, ?, ?, ?, ?, ?, ?, ?, ?, ?, ?, ?, ?)
make question 9511
Hibernate: insert into question (answer, choice1, choice2, choice3, choice4, choice5, content, correct, create_date, filepath, modify_date, score, subject, teacher_id, time, view) values (?, ?, ?, ?, ?, ?, ?, ?, ?, ?, ?, ?, ?, ?, ?, ?)
make question 9512
Hibernate: insert into question (answer, choice1, choice2, choice3, choice4, choice5, content, correct, create_date, filepath, modify_date, score, subject, teacher_id, time, view) values (?, ?, ?, ?, ?, ?, ?, ?, ?, ?, ?, ?, ?, ?, ?, ?)
make question 9513
Hibernate: insert into question (answer, choice1, choice2, choice3, choice4, choice5, content, correct, create_date, filepath, modify_date, score, subject, teacher_id, time, view) values (?, ?, ?, ?, ?, ?, ?, ?, ?, ?, ?, ?, ?, ?, ?, ?)
make question 9514
Hibernate: insert into question (answer, choice1, choice2, choice3, choice4, choice5, content, correct, create_date, filepath, modify_date, score, subject, teacher_id, time, view) values (?, ?, ?, ?, ?, ?, ?, ?, ?, ?, ?, ?, ?, ?, ?, ?)
make question 9515
Hibernate: insert into question (answer, choice1, choice2, choice3, choice4, choice5, content, correct, create_date, filepath, modify_date, score, subject, teacher_id, time, view) values (?, ?, ?, ?, ?, ?, ?, ?, ?, ?, ?, ?, ?, ?, ?, ?)
make question 9516
Hibernate: insert into question (answer, choice1, choice2, choice3, choice4, choice5, content, correct, create_date, filepath, modify_date, score, subject, teacher_id, time, view) values (?, ?, ?, ?, ?, ?, ?, ?, ?, ?, ?, ?, ?, ?, ?, ?)
make question 9517
Hibernate: insert into question (answer, choice1, choice2, choice3, choice4, choice5, content, correct, create_date, filepath, modify_date, score, subject, teacher_id, time, view) values (?, ?, ?, ?, ?, ?, ?, ?, ?, ?, ?, ?, ?, ?, ?, ?)
make question 9518
Hibernate: insert into question (answer, choice1, choice2, choice3, choice4, choice5, content, correct, create_date, filepath, modify_date, score, subject, teacher_id, time, view) values (?, ?, ?, ?, ?, ?, ?, ?, ?, ?, ?, ?, ?, ?, ?, ?)
make question 9519
Hibernate: insert into question (answer, choice1, choice2, choice3, choice4, choice5, content, correct, create_date, filepath, modify_date, score, subject, teacher_id, time, view) values (?, ?, ?, ?, ?, ?, ?, ?, ?, ?, ?, ?, ?, ?, ?, ?)
make question 9520
Hibernate: insert into question (answer, choice1, choice2, choice3, choice4, choice5, content, correct, create_date, filepath, modify_date, score, subject, teacher_id, time, view) values (?, ?, ?, ?, ?, ?, ?, ?, ?, ?, ?, ?, ?, ?, ?, ?)
make question 9521
Hibernate: insert into question (answer, choice1, choice2, choice3, choice4, choice5, content, correct, create_date, filepath, modify_date, score, subject, teacher_id, time, view) values (?, ?, ?, ?, ?, ?, ?, ?, ?, ?, ?, ?, ?, ?, ?, ?)
make question 9522
Hibernate: insert into question (answer, choice1, choice2, choice3, choice4, choice5, content, correct, create_date, filepath, modify_date, score, subject, teacher_id, time, view) values (?, ?, ?, ?, ?, ?, ?, ?, ?, ?, ?, ?, ?, ?, ?, ?)
make question 9523
Hibernate: insert into question (answer, choice1, choice2, choice3, choice4, choice5, content, correct, create_date, filepath, modify_date, score, subject, teacher_id, time, view) values (?, ?, ?, ?, ?, ?, ?, ?, ?, ?, ?, ?, ?, ?, ?, ?)
make question 9524
Hibernate: insert into question (answer, choice1, choice2, choice3, choice4, choice5, content, correct, create_date, filepath, modify_date, score, subject, teacher_id, time, view) values (?, ?, ?, ?, ?, ?, ?, ?, ?, ?, ?, ?, ?, ?, ?, ?)
make question 9525
Hibernate: insert into question (answer, choice1, choice2, choice3, choice4, choice5, content, correct, create_date, filepath, modify_date, score, subject, teacher_id, time, view) values (?, ?, ?, ?, ?, ?, ?, ?, ?, ?, ?, ?, ?, ?, ?, ?)
make question 9526
Hibernate: insert into question (answer, choice1, choice2, choice3, choice4, choice5, content, correct, create_date, filepath, modify_date, score, subject, teacher_id, time, view) values (?, ?, ?, ?, ?, ?, ?, ?, ?, ?, ?, ?, ?, ?, ?, ?)
make question 9527
Hibernate: insert into question (answer, choice1, choice2, choice3, choice4, choice5, content, correct, create_date, filepath, modify_date, score, subject, teacher_id, time, view) values (?, ?, ?, ?, ?, ?, ?, ?, ?, ?, ?, ?, ?, ?, ?, ?)
make question 9528
Hibernate: insert into question (answer, choice1, choice2, choice3, choice4, choice5, content, correct, create_date, filepath, modify_date, score, subject, teacher_id, time, view) values (?, ?, ?, ?, ?, ?, ?, ?, ?, ?, ?, ?, ?, ?, ?, ?)
make question 9529
Hibernate: insert into question (answer, choice1, choice2, choice3, choice4, choice5, content, correct, create_date, filepath, modify_date, score, subject, teacher_id, time, view) values (?, ?, ?, ?, ?, ?, ?, ?, ?, ?, ?, ?, ?, ?, ?, ?)
make question 9530
Hibernate: insert into question (answer, choice1, choice2, choice3, choice4, choice5, content, correct, create_date, filepath, modify_date, score, subject, teacher_id, time, view) values (?, ?, ?, ?, ?, ?, ?, ?, ?, ?, ?, ?, ?, ?, ?, ?)
make question 9531
Hibernate: insert into question (answer, choice1, choice2, choice3, choice4, choice5, content, correct, create_date, filepath, modify_date, score, subject, teacher_id, time, view) values (?, ?, ?, ?, ?, ?, ?, ?, ?, ?, ?, ?, ?, ?, ?, ?)
make question 9532
Hibernate: insert into question (answer, choice1, choice2, choice3, choice4, choice5, content, correct, create_date, filepath, modify_date, score, subject, teacher_id, time, view) values (?, ?, ?, ?, ?, ?, ?, ?, ?, ?, ?, ?, ?, ?, ?, ?)
make question 9533
Hibernate: insert into question (answer, choice1, choice2, choice3, choice4, choice5, content, correct, create_date, filepath, modify_date, score, subject, teacher_id, time, view) values (?, ?, ?, ?, ?, ?, ?, ?, ?, ?, ?, ?, ?, ?, ?, ?)
make question 9534
Hibernate: insert into question (answer, choice1, choice2, choice3, choice4, choice5, content, correct, create_date, filepath, modify_date, score, subject, teacher_id, time, view) values (?, ?, ?, ?, ?, ?, ?, ?, ?, ?, ?, ?, ?, ?, ?, ?)
make question 9535
Hibernate: insert into question (answer, choice1, choice2, choice3, choice4, choice5, content, correct, create_date, filepath, modify_date, score, subject, teacher_id, time, view) values (?, ?, ?, ?, ?, ?, ?, ?, ?, ?, ?, ?, ?, ?, ?, ?)
make question 9536
Hibernate: insert into question (answer, choice1, choice2, choice3, choice4, choice5, content, correct, create_date, filepath, modify_date, score, subject, teacher_id, time, view) values (?, ?, ?, ?, ?, ?, ?, ?, ?, ?, ?, ?, ?, ?, ?, ?)
make question 9537
Hibernate: insert into question (answer, choice1, choice2, choice3, choice4, choice5, content, correct, create_date, filepath, modify_date, score, subject, teacher_id, time, view) values (?, ?, ?, ?, ?, ?, ?, ?, ?, ?, ?, ?, ?, ?, ?, ?)
make question 9538
Hibernate: insert into question (answer, choice1, choice2, choice3, choice4, choice5, content, correct, create_date, filepath, modify_date, score, subject, teacher_id, time, view) values (?, ?, ?, ?, ?, ?, ?, ?, ?, ?, ?, ?, ?, ?, ?, ?)
make question 9539
Hibernate: insert into question (answer, choice1, choice2, choice3, choice4, choice5, content, correct, create_date, filepath, modify_date, score, subject, teacher_id, time, view) values (?, ?, ?, ?, ?, ?, ?, ?, ?, ?, ?, ?, ?, ?, ?, ?)
make question 9540
Hibernate: insert into question (answer, choice1, choice2, choice3, choice4, choice5, content, correct, create_date, filepath, modify_date, score, subject, teacher_id, time, view) values (?, ?, ?, ?, ?, ?, ?, ?, ?, ?, ?, ?, ?, ?, ?, ?)
make question 9541
Hibernate: insert into question (answer, choice1, choice2, choice3, choice4, choice5, content, correct, create_date, filepath, modify_date, score, subject, teacher_id, time, view) values (?, ?, ?, ?, ?, ?, ?, ?, ?, ?, ?, ?, ?, ?, ?, ?)
make question 9542
Hibernate: insert into question (answer, choice1, choice2, choice3, choice4, choice5, content, correct, create_date, filepath, modify_date, score, subject, teacher_id, time, view) values (?, ?, ?, ?, ?, ?, ?, ?, ?, ?, ?, ?, ?, ?, ?, ?)
make question 9543
Hibernate: insert into question (answer, choice1, choice2, choice3, choice4, choice5, content, correct, create_date, filepath, modify_date, score, subject, teacher_id, time, view) values (?, ?, ?, ?, ?, ?, ?, ?, ?, ?, ?, ?, ?, ?, ?, ?)
make question 9544
Hibernate: insert into question (answer, choice1, choice2, choice3, choice4, choice5, content, correct, create_date, filepath, modify_date, score, subject, teacher_id, time, view) values (?, ?, ?, ?, ?, ?, ?, ?, ?, ?, ?, ?, ?, ?, ?, ?)
make question 9545
Hibernate: insert into question (answer, choice1, choice2, choice3, choice4, choice5, content, correct, create_date, filepath, modify_date, score, subject, teacher_id, time, view) values (?, ?, ?, ?, ?, ?, ?, ?, ?, ?, ?, ?, ?, ?, ?, ?)
make question 9546
Hibernate: insert into question (answer, choice1, choice2, choice3, choice4, choice5, content, correct, create_date, filepath, modify_date, score, subject, teacher_id, time, view) values (?, ?, ?, ?, ?, ?, ?, ?, ?, ?, ?, ?, ?, ?, ?, ?)
make question 9547
Hibernate: insert into question (answer, choice1, choice2, choice3, choice4, choice5, content, correct, create_date, filepath, modify_date, score, subject, teacher_id, time, view) values (?, ?, ?, ?, ?, ?, ?, ?, ?, ?, ?, ?, ?, ?, ?, ?)
make question 9548
Hibernate: insert into question (answer, choice1, choice2, choice3, choice4, choice5, content, correct, create_date, filepath, modify_date, score, subject, teacher_id, time, view) values (?, ?, ?, ?, ?, ?, ?, ?, ?, ?, ?, ?, ?, ?, ?, ?)
make question 9549
Hibernate: insert into question (answer, choice1, choice2, choice3, choice4, choice5, content, correct, create_date, filepath, modify_date, score, subject, teacher_id, time, view) values (?, ?, ?, ?, ?, ?, ?, ?, ?, ?, ?, ?, ?, ?, ?, ?)
make question 9550
Hibernate: insert into question (answer, choice1, choice2, choice3, choice4, choice5, content, correct, create_date, filepath, modify_date, score, subject, teacher_id, time, view) values (?, ?, ?, ?, ?, ?, ?, ?, ?, ?, ?, ?, ?, ?, ?, ?)
make question 9551
Hibernate: insert into question (answer, choice1, choice2, choice3, choice4, choice5, content, correct, create_date, filepath, modify_date, score, subject, teacher_id, time, view) values (?, ?, ?, ?, ?, ?, ?, ?, ?, ?, ?, ?, ?, ?, ?, ?)
make question 9552
Hibernate: insert into question (answer, choice1, choice2, choice3, choice4, choice5, content, correct, create_date, filepath, modify_date, score, subject, teacher_id, time, view) values (?, ?, ?, ?, ?, ?, ?, ?, ?, ?, ?, ?, ?, ?, ?, ?)
make question 9553
Hibernate: insert into question (answer, choice1, choice2, choice3, choice4, choice5, content, correct, create_date, filepath, modify_date, score, subject, teacher_id, time, view) values (?, ?, ?, ?, ?, ?, ?, ?, ?, ?, ?, ?, ?, ?, ?, ?)
make question 9554
Hibernate: insert into question (answer, choice1, choice2, choice3, choice4, choice5, content, correct, create_date, filepath, modify_date, score, subject, teacher_id, time, view) values (?, ?, ?, ?, ?, ?, ?, ?, ?, ?, ?, ?, ?, ?, ?, ?)
make question 9555
Hibernate: insert into question (answer, choice1, choice2, choice3, choice4, choice5, content, correct, create_date, filepath, modify_date, score, subject, teacher_id, time, view) values (?, ?, ?, ?, ?, ?, ?, ?, ?, ?, ?, ?, ?, ?, ?, ?)
make question 9556
Hibernate: insert into question (answer, choice1, choice2, choice3, choice4, choice5, content, correct, create_date, filepath, modify_date, score, subject, teacher_id, time, view) values (?, ?, ?, ?, ?, ?, ?, ?, ?, ?, ?, ?, ?, ?, ?, ?)
make question 9557
Hibernate: insert into question (answer, choice1, choice2, choice3, choice4, choice5, content, correct, create_date, filepath, modify_date, score, subject, teacher_id, time, view) values (?, ?, ?, ?, ?, ?, ?, ?, ?, ?, ?, ?, ?, ?, ?, ?)
make question 9558
Hibernate: insert into question (answer, choice1, choice2, choice3, choice4, choice5, content, correct, create_date, filepath, modify_date, score, subject, teacher_id, time, view) values (?, ?, ?, ?, ?, ?, ?, ?, ?, ?, ?, ?, ?, ?, ?, ?)
make question 9559
Hibernate: insert into question (answer, choice1, choice2, choice3, choice4, choice5, content, correct, create_date, filepath, modify_date, score, subject, teacher_id, time, view) values (?, ?, ?, ?, ?, ?, ?, ?, ?, ?, ?, ?, ?, ?, ?, ?)
make question 9560
Hibernate: insert into question (answer, choice1, choice2, choice3, choice4, choice5, content, correct, create_date, filepath, modify_date, score, subject, teacher_id, time, view) values (?, ?, ?, ?, ?, ?, ?, ?, ?, ?, ?, ?, ?, ?, ?, ?)
make question 9561
Hibernate: insert into question (answer, choice1, choice2, choice3, choice4, choice5, content, correct, create_date, filepath, modify_date, score, subject, teacher_id, time, view) values (?, ?, ?, ?, ?, ?, ?, ?, ?, ?, ?, ?, ?, ?, ?, ?)
make question 9562
Hibernate: insert into question (answer, choice1, choice2, choice3, choice4, choice5, content, correct, create_date, filepath, modify_date, score, subject, teacher_id, time, view) values (?, ?, ?, ?, ?, ?, ?, ?, ?, ?, ?, ?, ?, ?, ?, ?)
make question 9563
Hibernate: insert into question (answer, choice1, choice2, choice3, choice4, choice5, content, correct, create_date, filepath, modify_date, score, subject, teacher_id, time, view) values (?, ?, ?, ?, ?, ?, ?, ?, ?, ?, ?, ?, ?, ?, ?, ?)
make question 9564
Hibernate: insert into question (answer, choice1, choice2, choice3, choice4, choice5, content, correct, create_date, filepath, modify_date, score, subject, teacher_id, time, view) values (?, ?, ?, ?, ?, ?, ?, ?, ?, ?, ?, ?, ?, ?, ?, ?)
make question 9565
Hibernate: insert into question (answer, choice1, choice2, choice3, choice4, choice5, content, correct, create_date, filepath, modify_date, score, subject, teacher_id, time, view) values (?, ?, ?, ?, ?, ?, ?, ?, ?, ?, ?, ?, ?, ?, ?, ?)
make question 9566
Hibernate: insert into question (answer, choice1, choice2, choice3, choice4, choice5, content, correct, create_date, filepath, modify_date, score, subject, teacher_id, time, view) values (?, ?, ?, ?, ?, ?, ?, ?, ?, ?, ?, ?, ?, ?, ?, ?)
make question 9567
Hibernate: insert into question (answer, choice1, choice2, choice3, choice4, choice5, content, correct, create_date, filepath, modify_date, score, subject, teacher_id, time, view) values (?, ?, ?, ?, ?, ?, ?, ?, ?, ?, ?, ?, ?, ?, ?, ?)
make question 9568
Hibernate: insert into question (answer, choice1, choice2, choice3, choice4, choice5, content, correct, create_date, filepath, modify_date, score, subject, teacher_id, time, view) values (?, ?, ?, ?, ?, ?, ?, ?, ?, ?, ?, ?, ?, ?, ?, ?)
make question 9569
Hibernate: insert into question (answer, choice1, choice2, choice3, choice4, choice5, content, correct, create_date, filepath, modify_date, score, subject, teacher_id, time, view) values (?, ?, ?, ?, ?, ?, ?, ?, ?, ?, ?, ?, ?, ?, ?, ?)
make question 9570
Hibernate: insert into question (answer, choice1, choice2, choice3, choice4, choice5, content, correct, create_date, filepath, modify_date, score, subject, teacher_id, time, view) values (?, ?, ?, ?, ?, ?, ?, ?, ?, ?, ?, ?, ?, ?, ?, ?)
make question 9571
Hibernate: insert into question (answer, choice1, choice2, choice3, choice4, choice5, content, correct, create_date, filepath, modify_date, score, subject, teacher_id, time, view) values (?, ?, ?, ?, ?, ?, ?, ?, ?, ?, ?, ?, ?, ?, ?, ?)
make question 9572
Hibernate: insert into question (answer, choice1, choice2, choice3, choice4, choice5, content, correct, create_date, filepath, modify_date, score, subject, teacher_id, time, view) values (?, ?, ?, ?, ?, ?, ?, ?, ?, ?, ?, ?, ?, ?, ?, ?)
make question 9573
Hibernate: insert into question (answer, choice1, choice2, choice3, choice4, choice5, content, correct, create_date, filepath, modify_date, score, subject, teacher_id, time, view) values (?, ?, ?, ?, ?, ?, ?, ?, ?, ?, ?, ?, ?, ?, ?, ?)
make question 9574
Hibernate: insert into question (answer, choice1, choice2, choice3, choice4, choice5, content, correct, create_date, filepath, modify_date, score, subject, teacher_id, time, view) values (?, ?, ?, ?, ?, ?, ?, ?, ?, ?, ?, ?, ?, ?, ?, ?)
make question 9575
Hibernate: insert into question (answer, choice1, choice2, choice3, choice4, choice5, content, correct, create_date, filepath, modify_date, score, subject, teacher_id, time, view) values (?, ?, ?, ?, ?, ?, ?, ?, ?, ?, ?, ?, ?, ?, ?, ?)
make question 9576
Hibernate: insert into question (answer, choice1, choice2, choice3, choice4, choice5, content, correct, create_date, filepath, modify_date, score, subject, teacher_id, time, view) values (?, ?, ?, ?, ?, ?, ?, ?, ?, ?, ?, ?, ?, ?, ?, ?)
make question 9577
Hibernate: insert into question (answer, choice1, choice2, choice3, choice4, choice5, content, correct, create_date, filepath, modify_date, score, subject, teacher_id, time, view) values (?, ?, ?, ?, ?, ?, ?, ?, ?, ?, ?, ?, ?, ?, ?, ?)
make question 9578
Hibernate: insert into question (answer, choice1, choice2, choice3, choice4, choice5, content, correct, create_date, filepath, modify_date, score, subject, teacher_id, time, view) values (?, ?, ?, ?, ?, ?, ?, ?, ?, ?, ?, ?, ?, ?, ?, ?)
make question 9579
Hibernate: insert into question (answer, choice1, choice2, choice3, choice4, choice5, content, correct, create_date, filepath, modify_date, score, subject, teacher_id, time, view) values (?, ?, ?, ?, ?, ?, ?, ?, ?, ?, ?, ?, ?, ?, ?, ?)
make question 9580
Hibernate: insert into question (answer, choice1, choice2, choice3, choice4, choice5, content, correct, create_date, filepath, modify_date, score, subject, teacher_id, time, view) values (?, ?, ?, ?, ?, ?, ?, ?, ?, ?, ?, ?, ?, ?, ?, ?)
make question 9581
Hibernate: insert into question (answer, choice1, choice2, choice3, choice4, choice5, content, correct, create_date, filepath, modify_date, score, subject, teacher_id, time, view) values (?, ?, ?, ?, ?, ?, ?, ?, ?, ?, ?, ?, ?, ?, ?, ?)
make question 9582
Hibernate: insert into question (answer, choice1, choice2, choice3, choice4, choice5, content, correct, create_date, filepath, modify_date, score, subject, teacher_id, time, view) values (?, ?, ?, ?, ?, ?, ?, ?, ?, ?, ?, ?, ?, ?, ?, ?)
make question 9583
Hibernate: insert into question (answer, choice1, choice2, choice3, choice4, choice5, content, correct, create_date, filepath, modify_date, score, subject, teacher_id, time, view) values (?, ?, ?, ?, ?, ?, ?, ?, ?, ?, ?, ?, ?, ?, ?, ?)
make question 9584
Hibernate: insert into question (answer, choice1, choice2, choice3, choice4, choice5, content, correct, create_date, filepath, modify_date, score, subject, teacher_id, time, view) values (?, ?, ?, ?, ?, ?, ?, ?, ?, ?, ?, ?, ?, ?, ?, ?)
make question 9585
Hibernate: insert into question (answer, choice1, choice2, choice3, choice4, choice5, content, correct, create_date, filepath, modify_date, score, subject, teacher_id, time, view) values (?, ?, ?, ?, ?, ?, ?, ?, ?, ?, ?, ?, ?, ?, ?, ?)
make question 9586
Hibernate: insert into question (answer, choice1, choice2, choice3, choice4, choice5, content, correct, create_date, filepath, modify_date, score, subject, teacher_id, time, view) values (?, ?, ?, ?, ?, ?, ?, ?, ?, ?, ?, ?, ?, ?, ?, ?)
make question 9587
Hibernate: insert into question (answer, choice1, choice2, choice3, choice4, choice5, content, correct, create_date, filepath, modify_date, score, subject, teacher_id, time, view) values (?, ?, ?, ?, ?, ?, ?, ?, ?, ?, ?, ?, ?, ?, ?, ?)
make question 9588
Hibernate: insert into question (answer, choice1, choice2, choice3, choice4, choice5, content, correct, create_date, filepath, modify_date, score, subject, teacher_id, time, view) values (?, ?, ?, ?, ?, ?, ?, ?, ?, ?, ?, ?, ?, ?, ?, ?)
make question 9589
Hibernate: insert into question (answer, choice1, choice2, choice3, choice4, choice5, content, correct, create_date, filepath, modify_date, score, subject, teacher_id, time, view) values (?, ?, ?, ?, ?, ?, ?, ?, ?, ?, ?, ?, ?, ?, ?, ?)
make question 9590
Hibernate: insert into question (answer, choice1, choice2, choice3, choice4, choice5, content, correct, create_date, filepath, modify_date, score, subject, teacher_id, time, view) values (?, ?, ?, ?, ?, ?, ?, ?, ?, ?, ?, ?, ?, ?, ?, ?)
make question 9591
Hibernate: insert into question (answer, choice1, choice2, choice3, choice4, choice5, content, correct, create_date, filepath, modify_date, score, subject, teacher_id, time, view) values (?, ?, ?, ?, ?, ?, ?, ?, ?, ?, ?, ?, ?, ?, ?, ?)
make question 9592
Hibernate: insert into question (answer, choice1, choice2, choice3, choice4, choice5, content, correct, create_date, filepath, modify_date, score, subject, teacher_id, time, view) values (?, ?, ?, ?, ?, ?, ?, ?, ?, ?, ?, ?, ?, ?, ?, ?)
make question 9593
Hibernate: insert into question (answer, choice1, choice2, choice3, choice4, choice5, content, correct, create_date, filepath, modify_date, score, subject, teacher_id, time, view) values (?, ?, ?, ?, ?, ?, ?, ?, ?, ?, ?, ?, ?, ?, ?, ?)
make question 9594
Hibernate: insert into question (answer, choice1, choice2, choice3, choice4, choice5, content, correct, create_date, filepath, modify_date, score, subject, teacher_id, time, view) values (?, ?, ?, ?, ?, ?, ?, ?, ?, ?, ?, ?, ?, ?, ?, ?)
make question 9595
Hibernate: insert into question (answer, choice1, choice2, choice3, choice4, choice5, content, correct, create_date, filepath, modify_date, score, subject, teacher_id, time, view) values (?, ?, ?, ?, ?, ?, ?, ?, ?, ?, ?, ?, ?, ?, ?, ?)
make question 9596
Hibernate: insert into question (answer, choice1, choice2, choice3, choice4, choice5, content, correct, create_date, filepath, modify_date, score, subject, teacher_id, time, view) values (?, ?, ?, ?, ?, ?, ?, ?, ?, ?, ?, ?, ?, ?, ?, ?)
make question 9597
Hibernate: insert into question (answer, choice1, choice2, choice3, choice4, choice5, content, correct, create_date, filepath, modify_date, score, subject, teacher_id, time, view) values (?, ?, ?, ?, ?, ?, ?, ?, ?, ?, ?, ?, ?, ?, ?, ?)
make question 9598
Hibernate: insert into question (answer, choice1, choice2, choice3, choice4, choice5, content, correct, create_date, filepath, modify_date, score, subject, teacher_id, time, view) values (?, ?, ?, ?, ?, ?, ?, ?, ?, ?, ?, ?, ?, ?, ?, ?)
make question 9599
Hibernate: insert into question (answer, choice1, choice2, choice3, choice4, choice5, content, correct, create_date, filepath, modify_date, score, subject, teacher_id, time, view) values (?, ?, ?, ?, ?, ?, ?, ?, ?, ?, ?, ?, ?, ?, ?, ?)
make question 9600
Hibernate: insert into question (answer, choice1, choice2, choice3, choice4, choice5, content, correct, create_date, filepath, modify_date, score, subject, teacher_id, time, view) values (?, ?, ?, ?, ?, ?, ?, ?, ?, ?, ?, ?, ?, ?, ?, ?)
make question 9601
Hibernate: insert into question (answer, choice1, choice2, choice3, choice4, choice5, content, correct, create_date, filepath, modify_date, score, subject, teacher_id, time, view) values (?, ?, ?, ?, ?, ?, ?, ?, ?, ?, ?, ?, ?, ?, ?, ?)
make question 9602
Hibernate: insert into question (answer, choice1, choice2, choice3, choice4, choice5, content, correct, create_date, filepath, modify_date, score, subject, teacher_id, time, view) values (?, ?, ?, ?, ?, ?, ?, ?, ?, ?, ?, ?, ?, ?, ?, ?)
make question 9603
Hibernate: insert into question (answer, choice1, choice2, choice3, choice4, choice5, content, correct, create_date, filepath, modify_date, score, subject, teacher_id, time, view) values (?, ?, ?, ?, ?, ?, ?, ?, ?, ?, ?, ?, ?, ?, ?, ?)
make question 9604
Hibernate: insert into question (answer, choice1, choice2, choice3, choice4, choice5, content, correct, create_date, filepath, modify_date, score, subject, teacher_id, time, view) values (?, ?, ?, ?, ?, ?, ?, ?, ?, ?, ?, ?, ?, ?, ?, ?)
make question 9605
Hibernate: insert into question (answer, choice1, choice2, choice3, choice4, choice5, content, correct, create_date, filepath, modify_date, score, subject, teacher_id, time, view) values (?, ?, ?, ?, ?, ?, ?, ?, ?, ?, ?, ?, ?, ?, ?, ?)
make question 9606
Hibernate: insert into question (answer, choice1, choice2, choice3, choice4, choice5, content, correct, create_date, filepath, modify_date, score, subject, teacher_id, time, view) values (?, ?, ?, ?, ?, ?, ?, ?, ?, ?, ?, ?, ?, ?, ?, ?)
make question 9607
Hibernate: insert into question (answer, choice1, choice2, choice3, choice4, choice5, content, correct, create_date, filepath, modify_date, score, subject, teacher_id, time, view) values (?, ?, ?, ?, ?, ?, ?, ?, ?, ?, ?, ?, ?, ?, ?, ?)
make question 9608
Hibernate: insert into question (answer, choice1, choice2, choice3, choice4, choice5, content, correct, create_date, filepath, modify_date, score, subject, teacher_id, time, view) values (?, ?, ?, ?, ?, ?, ?, ?, ?, ?, ?, ?, ?, ?, ?, ?)
make question 9609
Hibernate: insert into question (answer, choice1, choice2, choice3, choice4, choice5, content, correct, create_date, filepath, modify_date, score, subject, teacher_id, time, view) values (?, ?, ?, ?, ?, ?, ?, ?, ?, ?, ?, ?, ?, ?, ?, ?)
make question 9610
Hibernate: insert into question (answer, choice1, choice2, choice3, choice4, choice5, content, correct, create_date, filepath, modify_date, score, subject, teacher_id, time, view) values (?, ?, ?, ?, ?, ?, ?, ?, ?, ?, ?, ?, ?, ?, ?, ?)
make question 9611
Hibernate: insert into question (answer, choice1, choice2, choice3, choice4, choice5, content, correct, create_date, filepath, modify_date, score, subject, teacher_id, time, view) values (?, ?, ?, ?, ?, ?, ?, ?, ?, ?, ?, ?, ?, ?, ?, ?)
make question 9612
Hibernate: insert into question (answer, choice1, choice2, choice3, choice4, choice5, content, correct, create_date, filepath, modify_date, score, subject, teacher_id, time, view) values (?, ?, ?, ?, ?, ?, ?, ?, ?, ?, ?, ?, ?, ?, ?, ?)
make question 9613
Hibernate: insert into question (answer, choice1, choice2, choice3, choice4, choice5, content, correct, create_date, filepath, modify_date, score, subject, teacher_id, time, view) values (?, ?, ?, ?, ?, ?, ?, ?, ?, ?, ?, ?, ?, ?, ?, ?)
make question 9614
Hibernate: insert into question (answer, choice1, choice2, choice3, choice4, choice5, content, correct, create_date, filepath, modify_date, score, subject, teacher_id, time, view) values (?, ?, ?, ?, ?, ?, ?, ?, ?, ?, ?, ?, ?, ?, ?, ?)
make question 9615
Hibernate: insert into question (answer, choice1, choice2, choice3, choice4, choice5, content, correct, create_date, filepath, modify_date, score, subject, teacher_id, time, view) values (?, ?, ?, ?, ?, ?, ?, ?, ?, ?, ?, ?, ?, ?, ?, ?)
make question 9616
Hibernate: insert into question (answer, choice1, choice2, choice3, choice4, choice5, content, correct, create_date, filepath, modify_date, score, subject, teacher_id, time, view) values (?, ?, ?, ?, ?, ?, ?, ?, ?, ?, ?, ?, ?, ?, ?, ?)
make question 9617
Hibernate: insert into question (answer, choice1, choice2, choice3, choice4, choice5, content, correct, create_date, filepath, modify_date, score, subject, teacher_id, time, view) values (?, ?, ?, ?, ?, ?, ?, ?, ?, ?, ?, ?, ?, ?, ?, ?)
make question 9618
Hibernate: insert into question (answer, choice1, choice2, choice3, choice4, choice5, content, correct, create_date, filepath, modify_date, score, subject, teacher_id, time, view) values (?, ?, ?, ?, ?, ?, ?, ?, ?, ?, ?, ?, ?, ?, ?, ?)
make question 9619
Hibernate: insert into question (answer, choice1, choice2, choice3, choice4, choice5, content, correct, create_date, filepath, modify_date, score, subject, teacher_id, time, view) values (?, ?, ?, ?, ?, ?, ?, ?, ?, ?, ?, ?, ?, ?, ?, ?)
make question 9620
Hibernate: insert into question (answer, choice1, choice2, choice3, choice4, choice5, content, correct, create_date, filepath, modify_date, score, subject, teacher_id, time, view) values (?, ?, ?, ?, ?, ?, ?, ?, ?, ?, ?, ?, ?, ?, ?, ?)
make question 9621
Hibernate: insert into question (answer, choice1, choice2, choice3, choice4, choice5, content, correct, create_date, filepath, modify_date, score, subject, teacher_id, time, view) values (?, ?, ?, ?, ?, ?, ?, ?, ?, ?, ?, ?, ?, ?, ?, ?)
make question 9622
Hibernate: insert into question (answer, choice1, choice2, choice3, choice4, choice5, content, correct, create_date, filepath, modify_date, score, subject, teacher_id, time, view) values (?, ?, ?, ?, ?, ?, ?, ?, ?, ?, ?, ?, ?, ?, ?, ?)
make question 9623
Hibernate: insert into question (answer, choice1, choice2, choice3, choice4, choice5, content, correct, create_date, filepath, modify_date, score, subject, teacher_id, time, view) values (?, ?, ?, ?, ?, ?, ?, ?, ?, ?, ?, ?, ?, ?, ?, ?)
make question 9624
Hibernate: insert into question (answer, choice1, choice2, choice3, choice4, choice5, content, correct, create_date, filepath, modify_date, score, subject, teacher_id, time, view) values (?, ?, ?, ?, ?, ?, ?, ?, ?, ?, ?, ?, ?, ?, ?, ?)
make question 9625
Hibernate: insert into question (answer, choice1, choice2, choice3, choice4, choice5, content, correct, create_date, filepath, modify_date, score, subject, teacher_id, time, view) values (?, ?, ?, ?, ?, ?, ?, ?, ?, ?, ?, ?, ?, ?, ?, ?)
make question 9626
Hibernate: insert into question (answer, choice1, choice2, choice3, choice4, choice5, content, correct, create_date, filepath, modify_date, score, subject, teacher_id, time, view) values (?, ?, ?, ?, ?, ?, ?, ?, ?, ?, ?, ?, ?, ?, ?, ?)
make question 9627
Hibernate: insert into question (answer, choice1, choice2, choice3, choice4, choice5, content, correct, create_date, filepath, modify_date, score, subject, teacher_id, time, view) values (?, ?, ?, ?, ?, ?, ?, ?, ?, ?, ?, ?, ?, ?, ?, ?)
make question 9628
Hibernate: insert into question (answer, choice1, choice2, choice3, choice4, choice5, content, correct, create_date, filepath, modify_date, score, subject, teacher_id, time, view) values (?, ?, ?, ?, ?, ?, ?, ?, ?, ?, ?, ?, ?, ?, ?, ?)
make question 9629
Hibernate: insert into question (answer, choice1, choice2, choice3, choice4, choice5, content, correct, create_date, filepath, modify_date, score, subject, teacher_id, time, view) values (?, ?, ?, ?, ?, ?, ?, ?, ?, ?, ?, ?, ?, ?, ?, ?)
make question 9630
Hibernate: insert into question (answer, choice1, choice2, choice3, choice4, choice5, content, correct, create_date, filepath, modify_date, score, subject, teacher_id, time, view) values (?, ?, ?, ?, ?, ?, ?, ?, ?, ?, ?, ?, ?, ?, ?, ?)
make question 9631
Hibernate: insert into question (answer, choice1, choice2, choice3, choice4, choice5, content, correct, create_date, filepath, modify_date, score, subject, teacher_id, time, view) values (?, ?, ?, ?, ?, ?, ?, ?, ?, ?, ?, ?, ?, ?, ?, ?)
make question 9632
Hibernate: insert into question (answer, choice1, choice2, choice3, choice4, choice5, content, correct, create_date, filepath, modify_date, score, subject, teacher_id, time, view) values (?, ?, ?, ?, ?, ?, ?, ?, ?, ?, ?, ?, ?, ?, ?, ?)
make question 9633
Hibernate: insert into question (answer, choice1, choice2, choice3, choice4, choice5, content, correct, create_date, filepath, modify_date, score, subject, teacher_id, time, view) values (?, ?, ?, ?, ?, ?, ?, ?, ?, ?, ?, ?, ?, ?, ?, ?)
make question 9634
Hibernate: insert into question (answer, choice1, choice2, choice3, choice4, choice5, content, correct, create_date, filepath, modify_date, score, subject, teacher_id, time, view) values (?, ?, ?, ?, ?, ?, ?, ?, ?, ?, ?, ?, ?, ?, ?, ?)
make question 9635
Hibernate: insert into question (answer, choice1, choice2, choice3, choice4, choice5, content, correct, create_date, filepath, modify_date, score, subject, teacher_id, time, view) values (?, ?, ?, ?, ?, ?, ?, ?, ?, ?, ?, ?, ?, ?, ?, ?)
make question 9636
Hibernate: insert into question (answer, choice1, choice2, choice3, choice4, choice5, content, correct, create_date, filepath, modify_date, score, subject, teacher_id, time, view) values (?, ?, ?, ?, ?, ?, ?, ?, ?, ?, ?, ?, ?, ?, ?, ?)
make question 9637
Hibernate: insert into question (answer, choice1, choice2, choice3, choice4, choice5, content, correct, create_date, filepath, modify_date, score, subject, teacher_id, time, view) values (?, ?, ?, ?, ?, ?, ?, ?, ?, ?, ?, ?, ?, ?, ?, ?)
make question 9638
Hibernate: insert into question (answer, choice1, choice2, choice3, choice4, choice5, content, correct, create_date, filepath, modify_date, score, subject, teacher_id, time, view) values (?, ?, ?, ?, ?, ?, ?, ?, ?, ?, ?, ?, ?, ?, ?, ?)
make question 9639
Hibernate: insert into question (answer, choice1, choice2, choice3, choice4, choice5, content, correct, create_date, filepath, modify_date, score, subject, teacher_id, time, view) values (?, ?, ?, ?, ?, ?, ?, ?, ?, ?, ?, ?, ?, ?, ?, ?)
make question 9640
Hibernate: insert into question (answer, choice1, choice2, choice3, choice4, choice5, content, correct, create_date, filepath, modify_date, score, subject, teacher_id, time, view) values (?, ?, ?, ?, ?, ?, ?, ?, ?, ?, ?, ?, ?, ?, ?, ?)
make question 9641
Hibernate: insert into question (answer, choice1, choice2, choice3, choice4, choice5, content, correct, create_date, filepath, modify_date, score, subject, teacher_id, time, view) values (?, ?, ?, ?, ?, ?, ?, ?, ?, ?, ?, ?, ?, ?, ?, ?)
make question 9642
Hibernate: insert into question (answer, choice1, choice2, choice3, choice4, choice5, content, correct, create_date, filepath, modify_date, score, subject, teacher_id, time, view) values (?, ?, ?, ?, ?, ?, ?, ?, ?, ?, ?, ?, ?, ?, ?, ?)
make question 9643
Hibernate: insert into question (answer, choice1, choice2, choice3, choice4, choice5, content, correct, create_date, filepath, modify_date, score, subject, teacher_id, time, view) values (?, ?, ?, ?, ?, ?, ?, ?, ?, ?, ?, ?, ?, ?, ?, ?)
make question 9644
Hibernate: insert into question (answer, choice1, choice2, choice3, choice4, choice5, content, correct, create_date, filepath, modify_date, score, subject, teacher_id, time, view) values (?, ?, ?, ?, ?, ?, ?, ?, ?, ?, ?, ?, ?, ?, ?, ?)
make question 9645
Hibernate: insert into question (answer, choice1, choice2, choice3, choice4, choice5, content, correct, create_date, filepath, modify_date, score, subject, teacher_id, time, view) values (?, ?, ?, ?, ?, ?, ?, ?, ?, ?, ?, ?, ?, ?, ?, ?)
make question 9646
Hibernate: insert into question (answer, choice1, choice2, choice3, choice4, choice5, content, correct, create_date, filepath, modify_date, score, subject, teacher_id, time, view) values (?, ?, ?, ?, ?, ?, ?, ?, ?, ?, ?, ?, ?, ?, ?, ?)
make question 9647
Hibernate: insert into question (answer, choice1, choice2, choice3, choice4, choice5, content, correct, create_date, filepath, modify_date, score, subject, teacher_id, time, view) values (?, ?, ?, ?, ?, ?, ?, ?, ?, ?, ?, ?, ?, ?, ?, ?)
make question 9648
Hibernate: insert into question (answer, choice1, choice2, choice3, choice4, choice5, content, correct, create_date, filepath, modify_date, score, subject, teacher_id, time, view) values (?, ?, ?, ?, ?, ?, ?, ?, ?, ?, ?, ?, ?, ?, ?, ?)
make question 9649
Hibernate: insert into question (answer, choice1, choice2, choice3, choice4, choice5, content, correct, create_date, filepath, modify_date, score, subject, teacher_id, time, view) values (?, ?, ?, ?, ?, ?, ?, ?, ?, ?, ?, ?, ?, ?, ?, ?)
make question 9650
Hibernate: insert into question (answer, choice1, choice2, choice3, choice4, choice5, content, correct, create_date, filepath, modify_date, score, subject, teacher_id, time, view) values (?, ?, ?, ?, ?, ?, ?, ?, ?, ?, ?, ?, ?, ?, ?, ?)
make question 9651
Hibernate: insert into question (answer, choice1, choice2, choice3, choice4, choice5, content, correct, create_date, filepath, modify_date, score, subject, teacher_id, time, view) values (?, ?, ?, ?, ?, ?, ?, ?, ?, ?, ?, ?, ?, ?, ?, ?)
make question 9652
Hibernate: insert into question (answer, choice1, choice2, choice3, choice4, choice5, content, correct, create_date, filepath, modify_date, score, subject, teacher_id, time, view) values (?, ?, ?, ?, ?, ?, ?, ?, ?, ?, ?, ?, ?, ?, ?, ?)
make question 9653
Hibernate: insert into question (answer, choice1, choice2, choice3, choice4, choice5, content, correct, create_date, filepath, modify_date, score, subject, teacher_id, time, view) values (?, ?, ?, ?, ?, ?, ?, ?, ?, ?, ?, ?, ?, ?, ?, ?)
make question 9654
Hibernate: insert into question (answer, choice1, choice2, choice3, choice4, choice5, content, correct, create_date, filepath, modify_date, score, subject, teacher_id, time, view) values (?, ?, ?, ?, ?, ?, ?, ?, ?, ?, ?, ?, ?, ?, ?, ?)
make question 9655
Hibernate: insert into question (answer, choice1, choice2, choice3, choice4, choice5, content, correct, create_date, filepath, modify_date, score, subject, teacher_id, time, view) values (?, ?, ?, ?, ?, ?, ?, ?, ?, ?, ?, ?, ?, ?, ?, ?)
make question 9656
Hibernate: insert into question (answer, choice1, choice2, choice3, choice4, choice5, content, correct, create_date, filepath, modify_date, score, subject, teacher_id, time, view) values (?, ?, ?, ?, ?, ?, ?, ?, ?, ?, ?, ?, ?, ?, ?, ?)
make question 9657
Hibernate: insert into question (answer, choice1, choice2, choice3, choice4, choice5, content, correct, create_date, filepath, modify_date, score, subject, teacher_id, time, view) values (?, ?, ?, ?, ?, ?, ?, ?, ?, ?, ?, ?, ?, ?, ?, ?)
make question 9658
Hibernate: insert into question (answer, choice1, choice2, choice3, choice4, choice5, content, correct, create_date, filepath, modify_date, score, subject, teacher_id, time, view) values (?, ?, ?, ?, ?, ?, ?, ?, ?, ?, ?, ?, ?, ?, ?, ?)
make question 9659
Hibernate: insert into question (answer, choice1, choice2, choice3, choice4, choice5, content, correct, create_date, filepath, modify_date, score, subject, teacher_id, time, view) values (?, ?, ?, ?, ?, ?, ?, ?, ?, ?, ?, ?, ?, ?, ?, ?)
make question 9660
Hibernate: insert into question (answer, choice1, choice2, choice3, choice4, choice5, content, correct, create_date, filepath, modify_date, score, subject, teacher_id, time, view) values (?, ?, ?, ?, ?, ?, ?, ?, ?, ?, ?, ?, ?, ?, ?, ?)
make question 9661
Hibernate: insert into question (answer, choice1, choice2, choice3, choice4, choice5, content, correct, create_date, filepath, modify_date, score, subject, teacher_id, time, view) values (?, ?, ?, ?, ?, ?, ?, ?, ?, ?, ?, ?, ?, ?, ?, ?)
make question 9662
Hibernate: insert into question (answer, choice1, choice2, choice3, choice4, choice5, content, correct, create_date, filepath, modify_date, score, subject, teacher_id, time, view) values (?, ?, ?, ?, ?, ?, ?, ?, ?, ?, ?, ?, ?, ?, ?, ?)
make question 9663
Hibernate: insert into question (answer, choice1, choice2, choice3, choice4, choice5, content, correct, create_date, filepath, modify_date, score, subject, teacher_id, time, view) values (?, ?, ?, ?, ?, ?, ?, ?, ?, ?, ?, ?, ?, ?, ?, ?)
make question 9664
Hibernate: insert into question (answer, choice1, choice2, choice3, choice4, choice5, content, correct, create_date, filepath, modify_date, score, subject, teacher_id, time, view) values (?, ?, ?, ?, ?, ?, ?, ?, ?, ?, ?, ?, ?, ?, ?, ?)
make question 9665
Hibernate: insert into question (answer, choice1, choice2, choice3, choice4, choice5, content, correct, create_date, filepath, modify_date, score, subject, teacher_id, time, view) values (?, ?, ?, ?, ?, ?, ?, ?, ?, ?, ?, ?, ?, ?, ?, ?)
make question 9666
Hibernate: insert into question (answer, choice1, choice2, choice3, choice4, choice5, content, correct, create_date, filepath, modify_date, score, subject, teacher_id, time, view) values (?, ?, ?, ?, ?, ?, ?, ?, ?, ?, ?, ?, ?, ?, ?, ?)
make question 9667
Hibernate: insert into question (answer, choice1, choice2, choice3, choice4, choice5, content, correct, create_date, filepath, modify_date, score, subject, teacher_id, time, view) values (?, ?, ?, ?, ?, ?, ?, ?, ?, ?, ?, ?, ?, ?, ?, ?)
make question 9668
Hibernate: insert into question (answer, choice1, choice2, choice3, choice4, choice5, content, correct, create_date, filepath, modify_date, score, subject, teacher_id, time, view) values (?, ?, ?, ?, ?, ?, ?, ?, ?, ?, ?, ?, ?, ?, ?, ?)
make question 9669
Hibernate: insert into question (answer, choice1, choice2, choice3, choice4, choice5, content, correct, create_date, filepath, modify_date, score, subject, teacher_id, time, view) values (?, ?, ?, ?, ?, ?, ?, ?, ?, ?, ?, ?, ?, ?, ?, ?)
make question 9670
Hibernate: insert into question (answer, choice1, choice2, choice3, choice4, choice5, content, correct, create_date, filepath, modify_date, score, subject, teacher_id, time, view) values (?, ?, ?, ?, ?, ?, ?, ?, ?, ?, ?, ?, ?, ?, ?, ?)
make question 9671
Hibernate: insert into question (answer, choice1, choice2, choice3, choice4, choice5, content, correct, create_date, filepath, modify_date, score, subject, teacher_id, time, view) values (?, ?, ?, ?, ?, ?, ?, ?, ?, ?, ?, ?, ?, ?, ?, ?)
make question 9672
Hibernate: insert into question (answer, choice1, choice2, choice3, choice4, choice5, content, correct, create_date, filepath, modify_date, score, subject, teacher_id, time, view) values (?, ?, ?, ?, ?, ?, ?, ?, ?, ?, ?, ?, ?, ?, ?, ?)
make question 9673
Hibernate: insert into question (answer, choice1, choice2, choice3, choice4, choice5, content, correct, create_date, filepath, modify_date, score, subject, teacher_id, time, view) values (?, ?, ?, ?, ?, ?, ?, ?, ?, ?, ?, ?, ?, ?, ?, ?)
make question 9674
Hibernate: insert into question (answer, choice1, choice2, choice3, choice4, choice5, content, correct, create_date, filepath, modify_date, score, subject, teacher_id, time, view) values (?, ?, ?, ?, ?, ?, ?, ?, ?, ?, ?, ?, ?, ?, ?, ?)
make question 9675
Hibernate: insert into question (answer, choice1, choice2, choice3, choice4, choice5, content, correct, create_date, filepath, modify_date, score, subject, teacher_id, time, view) values (?, ?, ?, ?, ?, ?, ?, ?, ?, ?, ?, ?, ?, ?, ?, ?)
make question 9676
Hibernate: insert into question (answer, choice1, choice2, choice3, choice4, choice5, content, correct, create_date, filepath, modify_date, score, subject, teacher_id, time, view) values (?, ?, ?, ?, ?, ?, ?, ?, ?, ?, ?, ?, ?, ?, ?, ?)
make question 9677
Hibernate: insert into question (answer, choice1, choice2, choice3, choice4, choice5, content, correct, create_date, filepath, modify_date, score, subject, teacher_id, time, view) values (?, ?, ?, ?, ?, ?, ?, ?, ?, ?, ?, ?, ?, ?, ?, ?)
make question 9678
Hibernate: insert into question (answer, choice1, choice2, choice3, choice4, choice5, content, correct, create_date, filepath, modify_date, score, subject, teacher_id, time, view) values (?, ?, ?, ?, ?, ?, ?, ?, ?, ?, ?, ?, ?, ?, ?, ?)
make question 9679
Hibernate: insert into question (answer, choice1, choice2, choice3, choice4, choice5, content, correct, create_date, filepath, modify_date, score, subject, teacher_id, time, view) values (?, ?, ?, ?, ?, ?, ?, ?, ?, ?, ?, ?, ?, ?, ?, ?)
make question 9680
Hibernate: insert into question (answer, choice1, choice2, choice3, choice4, choice5, content, correct, create_date, filepath, modify_date, score, subject, teacher_id, time, view) values (?, ?, ?, ?, ?, ?, ?, ?, ?, ?, ?, ?, ?, ?, ?, ?)
make question 9681
Hibernate: insert into question (answer, choice1, choice2, choice3, choice4, choice5, content, correct, create_date, filepath, modify_date, score, subject, teacher_id, time, view) values (?, ?, ?, ?, ?, ?, ?, ?, ?, ?, ?, ?, ?, ?, ?, ?)
make question 9682
Hibernate: insert into question (answer, choice1, choice2, choice3, choice4, choice5, content, correct, create_date, filepath, modify_date, score, subject, teacher_id, time, view) values (?, ?, ?, ?, ?, ?, ?, ?, ?, ?, ?, ?, ?, ?, ?, ?)
make question 9683
Hibernate: insert into question (answer, choice1, choice2, choice3, choice4, choice5, content, correct, create_date, filepath, modify_date, score, subject, teacher_id, time, view) values (?, ?, ?, ?, ?, ?, ?, ?, ?, ?, ?, ?, ?, ?, ?, ?)
make question 9684
Hibernate: insert into question (answer, choice1, choice2, choice3, choice4, choice5, content, correct, create_date, filepath, modify_date, score, subject, teacher_id, time, view) values (?, ?, ?, ?, ?, ?, ?, ?, ?, ?, ?, ?, ?, ?, ?, ?)
make question 9685
Hibernate: insert into question (answer, choice1, choice2, choice3, choice4, choice5, content, correct, create_date, filepath, modify_date, score, subject, teacher_id, time, view) values (?, ?, ?, ?, ?, ?, ?, ?, ?, ?, ?, ?, ?, ?, ?, ?)
make question 9686
Hibernate: insert into question (answer, choice1, choice2, choice3, choice4, choice5, content, correct, create_date, filepath, modify_date, score, subject, teacher_id, time, view) values (?, ?, ?, ?, ?, ?, ?, ?, ?, ?, ?, ?, ?, ?, ?, ?)
make question 9687
Hibernate: insert into question (answer, choice1, choice2, choice3, choice4, choice5, content, correct, create_date, filepath, modify_date, score, subject, teacher_id, time, view) values (?, ?, ?, ?, ?, ?, ?, ?, ?, ?, ?, ?, ?, ?, ?, ?)
make question 9688
Hibernate: insert into question (answer, choice1, choice2, choice3, choice4, choice5, content, correct, create_date, filepath, modify_date, score, subject, teacher_id, time, view) values (?, ?, ?, ?, ?, ?, ?, ?, ?, ?, ?, ?, ?, ?, ?, ?)
make question 9689
Hibernate: insert into question (answer, choice1, choice2, choice3, choice4, choice5, content, correct, create_date, filepath, modify_date, score, subject, teacher_id, time, view) values (?, ?, ?, ?, ?, ?, ?, ?, ?, ?, ?, ?, ?, ?, ?, ?)
make question 9690
Hibernate: insert into question (answer, choice1, choice2, choice3, choice4, choice5, content, correct, create_date, filepath, modify_date, score, subject, teacher_id, time, view) values (?, ?, ?, ?, ?, ?, ?, ?, ?, ?, ?, ?, ?, ?, ?, ?)
make question 9691
Hibernate: insert into question (answer, choice1, choice2, choice3, choice4, choice5, content, correct, create_date, filepath, modify_date, score, subject, teacher_id, time, view) values (?, ?, ?, ?, ?, ?, ?, ?, ?, ?, ?, ?, ?, ?, ?, ?)
make question 9692
Hibernate: insert into question (answer, choice1, choice2, choice3, choice4, choice5, content, correct, create_date, filepath, modify_date, score, subject, teacher_id, time, view) values (?, ?, ?, ?, ?, ?, ?, ?, ?, ?, ?, ?, ?, ?, ?, ?)
make question 9693
Hibernate: insert into question (answer, choice1, choice2, choice3, choice4, choice5, content, correct, create_date, filepath, modify_date, score, subject, teacher_id, time, view) values (?, ?, ?, ?, ?, ?, ?, ?, ?, ?, ?, ?, ?, ?, ?, ?)
make question 9694
Hibernate: insert into question (answer, choice1, choice2, choice3, choice4, choice5, content, correct, create_date, filepath, modify_date, score, subject, teacher_id, time, view) values (?, ?, ?, ?, ?, ?, ?, ?, ?, ?, ?, ?, ?, ?, ?, ?)
make question 9695
Hibernate: insert into question (answer, choice1, choice2, choice3, choice4, choice5, content, correct, create_date, filepath, modify_date, score, subject, teacher_id, time, view) values (?, ?, ?, ?, ?, ?, ?, ?, ?, ?, ?, ?, ?, ?, ?, ?)
make question 9696
Hibernate: insert into question (answer, choice1, choice2, choice3, choice4, choice5, content, correct, create_date, filepath, modify_date, score, subject, teacher_id, time, view) values (?, ?, ?, ?, ?, ?, ?, ?, ?, ?, ?, ?, ?, ?, ?, ?)
make question 9697
Hibernate: insert into question (answer, choice1, choice2, choice3, choice4, choice5, content, correct, create_date, filepath, modify_date, score, subject, teacher_id, time, view) values (?, ?, ?, ?, ?, ?, ?, ?, ?, ?, ?, ?, ?, ?, ?, ?)
make question 9698
Hibernate: insert into question (answer, choice1, choice2, choice3, choice4, choice5, content, correct, create_date, filepath, modify_date, score, subject, teacher_id, time, view) values (?, ?, ?, ?, ?, ?, ?, ?, ?, ?, ?, ?, ?, ?, ?, ?)
make question 9699
Hibernate: insert into question (answer, choice1, choice2, choice3, choice4, choice5, content, correct, create_date, filepath, modify_date, score, subject, teacher_id, time, view) values (?, ?, ?, ?, ?, ?, ?, ?, ?, ?, ?, ?, ?, ?, ?, ?)
make question 9700
Hibernate: insert into question (answer, choice1, choice2, choice3, choice4, choice5, content, correct, create_date, filepath, modify_date, score, subject, teacher_id, time, view) values (?, ?, ?, ?, ?, ?, ?, ?, ?, ?, ?, ?, ?, ?, ?, ?)
make question 9701
Hibernate: insert into question (answer, choice1, choice2, choice3, choice4, choice5, content, correct, create_date, filepath, modify_date, score, subject, teacher_id, time, view) values (?, ?, ?, ?, ?, ?, ?, ?, ?, ?, ?, ?, ?, ?, ?, ?)
make question 9702
Hibernate: insert into question (answer, choice1, choice2, choice3, choice4, choice5, content, correct, create_date, filepath, modify_date, score, subject, teacher_id, time, view) values (?, ?, ?, ?, ?, ?, ?, ?, ?, ?, ?, ?, ?, ?, ?, ?)
make question 9703
Hibernate: insert into question (answer, choice1, choice2, choice3, choice4, choice5, content, correct, create_date, filepath, modify_date, score, subject, teacher_id, time, view) values (?, ?, ?, ?, ?, ?, ?, ?, ?, ?, ?, ?, ?, ?, ?, ?)
make question 9704
Hibernate: insert into question (answer, choice1, choice2, choice3, choice4, choice5, content, correct, create_date, filepath, modify_date, score, subject, teacher_id, time, view) values (?, ?, ?, ?, ?, ?, ?, ?, ?, ?, ?, ?, ?, ?, ?, ?)
make question 9705
Hibernate: insert into question (answer, choice1, choice2, choice3, choice4, choice5, content, correct, create_date, filepath, modify_date, score, subject, teacher_id, time, view) values (?, ?, ?, ?, ?, ?, ?, ?, ?, ?, ?, ?, ?, ?, ?, ?)
make question 9706
Hibernate: insert into question (answer, choice1, choice2, choice3, choice4, choice5, content, correct, create_date, filepath, modify_date, score, subject, teacher_id, time, view) values (?, ?, ?, ?, ?, ?, ?, ?, ?, ?, ?, ?, ?, ?, ?, ?)
make question 9707
Hibernate: insert into question (answer, choice1, choice2, choice3, choice4, choice5, content, correct, create_date, filepath, modify_date, score, subject, teacher_id, time, view) values (?, ?, ?, ?, ?, ?, ?, ?, ?, ?, ?, ?, ?, ?, ?, ?)
make question 9708
Hibernate: insert into question (answer, choice1, choice2, choice3, choice4, choice5, content, correct, create_date, filepath, modify_date, score, subject, teacher_id, time, view) values (?, ?, ?, ?, ?, ?, ?, ?, ?, ?, ?, ?, ?, ?, ?, ?)
make question 9709
Hibernate: insert into question (answer, choice1, choice2, choice3, choice4, choice5, content, correct, create_date, filepath, modify_date, score, subject, teacher_id, time, view) values (?, ?, ?, ?, ?, ?, ?, ?, ?, ?, ?, ?, ?, ?, ?, ?)
make question 9710
Hibernate: insert into question (answer, choice1, choice2, choice3, choice4, choice5, content, correct, create_date, filepath, modify_date, score, subject, teacher_id, time, view) values (?, ?, ?, ?, ?, ?, ?, ?, ?, ?, ?, ?, ?, ?, ?, ?)
make question 9711
Hibernate: insert into question (answer, choice1, choice2, choice3, choice4, choice5, content, correct, create_date, filepath, modify_date, score, subject, teacher_id, time, view) values (?, ?, ?, ?, ?, ?, ?, ?, ?, ?, ?, ?, ?, ?, ?, ?)
make question 9712
Hibernate: insert into question (answer, choice1, choice2, choice3, choice4, choice5, content, correct, create_date, filepath, modify_date, score, subject, teacher_id, time, view) values (?, ?, ?, ?, ?, ?, ?, ?, ?, ?, ?, ?, ?, ?, ?, ?)
make question 9713
Hibernate: insert into question (answer, choice1, choice2, choice3, choice4, choice5, content, correct, create_date, filepath, modify_date, score, subject, teacher_id, time, view) values (?, ?, ?, ?, ?, ?, ?, ?, ?, ?, ?, ?, ?, ?, ?, ?)
make question 9714
Hibernate: insert into question (answer, choice1, choice2, choice3, choice4, choice5, content, correct, create_date, filepath, modify_date, score, subject, teacher_id, time, view) values (?, ?, ?, ?, ?, ?, ?, ?, ?, ?, ?, ?, ?, ?, ?, ?)
make question 9715
Hibernate: insert into question (answer, choice1, choice2, choice3, choice4, choice5, content, correct, create_date, filepath, modify_date, score, subject, teacher_id, time, view) values (?, ?, ?, ?, ?, ?, ?, ?, ?, ?, ?, ?, ?, ?, ?, ?)
make question 9716
Hibernate: insert into question (answer, choice1, choice2, choice3, choice4, choice5, content, correct, create_date, filepath, modify_date, score, subject, teacher_id, time, view) values (?, ?, ?, ?, ?, ?, ?, ?, ?, ?, ?, ?, ?, ?, ?, ?)
make question 9717
Hibernate: insert into question (answer, choice1, choice2, choice3, choice4, choice5, content, correct, create_date, filepath, modify_date, score, subject, teacher_id, time, view) values (?, ?, ?, ?, ?, ?, ?, ?, ?, ?, ?, ?, ?, ?, ?, ?)
make question 9718
Hibernate: insert into question (answer, choice1, choice2, choice3, choice4, choice5, content, correct, create_date, filepath, modify_date, score, subject, teacher_id, time, view) values (?, ?, ?, ?, ?, ?, ?, ?, ?, ?, ?, ?, ?, ?, ?, ?)
make question 9719
Hibernate: insert into question (answer, choice1, choice2, choice3, choice4, choice5, content, correct, create_date, filepath, modify_date, score, subject, teacher_id, time, view) values (?, ?, ?, ?, ?, ?, ?, ?, ?, ?, ?, ?, ?, ?, ?, ?)
make question 9720
Hibernate: insert into question (answer, choice1, choice2, choice3, choice4, choice5, content, correct, create_date, filepath, modify_date, score, subject, teacher_id, time, view) values (?, ?, ?, ?, ?, ?, ?, ?, ?, ?, ?, ?, ?, ?, ?, ?)
make question 9721
Hibernate: insert into question (answer, choice1, choice2, choice3, choice4, choice5, content, correct, create_date, filepath, modify_date, score, subject, teacher_id, time, view) values (?, ?, ?, ?, ?, ?, ?, ?, ?, ?, ?, ?, ?, ?, ?, ?)
make question 9722
Hibernate: insert into question (answer, choice1, choice2, choice3, choice4, choice5, content, correct, create_date, filepath, modify_date, score, subject, teacher_id, time, view) values (?, ?, ?, ?, ?, ?, ?, ?, ?, ?, ?, ?, ?, ?, ?, ?)
make question 9723
Hibernate: insert into question (answer, choice1, choice2, choice3, choice4, choice5, content, correct, create_date, filepath, modify_date, score, subject, teacher_id, time, view) values (?, ?, ?, ?, ?, ?, ?, ?, ?, ?, ?, ?, ?, ?, ?, ?)
make question 9724
Hibernate: insert into question (answer, choice1, choice2, choice3, choice4, choice5, content, correct, create_date, filepath, modify_date, score, subject, teacher_id, time, view) values (?, ?, ?, ?, ?, ?, ?, ?, ?, ?, ?, ?, ?, ?, ?, ?)
make question 9725
Hibernate: insert into question (answer, choice1, choice2, choice3, choice4, choice5, content, correct, create_date, filepath, modify_date, score, subject, teacher_id, time, view) values (?, ?, ?, ?, ?, ?, ?, ?, ?, ?, ?, ?, ?, ?, ?, ?)
make question 9726
Hibernate: insert into question (answer, choice1, choice2, choice3, choice4, choice5, content, correct, create_date, filepath, modify_date, score, subject, teacher_id, time, view) values (?, ?, ?, ?, ?, ?, ?, ?, ?, ?, ?, ?, ?, ?, ?, ?)
make question 9727
Hibernate: insert into question (answer, choice1, choice2, choice3, choice4, choice5, content, correct, create_date, filepath, modify_date, score, subject, teacher_id, time, view) values (?, ?, ?, ?, ?, ?, ?, ?, ?, ?, ?, ?, ?, ?, ?, ?)
make question 9728
Hibernate: insert into question (answer, choice1, choice2, choice3, choice4, choice5, content, correct, create_date, filepath, modify_date, score, subject, teacher_id, time, view) values (?, ?, ?, ?, ?, ?, ?, ?, ?, ?, ?, ?, ?, ?, ?, ?)
make question 9729
Hibernate: insert into question (answer, choice1, choice2, choice3, choice4, choice5, content, correct, create_date, filepath, modify_date, score, subject, teacher_id, time, view) values (?, ?, ?, ?, ?, ?, ?, ?, ?, ?, ?, ?, ?, ?, ?, ?)
make question 9730
Hibernate: insert into question (answer, choice1, choice2, choice3, choice4, choice5, content, correct, create_date, filepath, modify_date, score, subject, teacher_id, time, view) values (?, ?, ?, ?, ?, ?, ?, ?, ?, ?, ?, ?, ?, ?, ?, ?)
make question 9731
Hibernate: insert into question (answer, choice1, choice2, choice3, choice4, choice5, content, correct, create_date, filepath, modify_date, score, subject, teacher_id, time, view) values (?, ?, ?, ?, ?, ?, ?, ?, ?, ?, ?, ?, ?, ?, ?, ?)
make question 9732
Hibernate: insert into question (answer, choice1, choice2, choice3, choice4, choice5, content, correct, create_date, filepath, modify_date, score, subject, teacher_id, time, view) values (?, ?, ?, ?, ?, ?, ?, ?, ?, ?, ?, ?, ?, ?, ?, ?)
make question 9733
Hibernate: insert into question (answer, choice1, choice2, choice3, choice4, choice5, content, correct, create_date, filepath, modify_date, score, subject, teacher_id, time, view) values (?, ?, ?, ?, ?, ?, ?, ?, ?, ?, ?, ?, ?, ?, ?, ?)
make question 9734
Hibernate: insert into question (answer, choice1, choice2, choice3, choice4, choice5, content, correct, create_date, filepath, modify_date, score, subject, teacher_id, time, view) values (?, ?, ?, ?, ?, ?, ?, ?, ?, ?, ?, ?, ?, ?, ?, ?)
make question 9735
Hibernate: insert into question (answer, choice1, choice2, choice3, choice4, choice5, content, correct, create_date, filepath, modify_date, score, subject, teacher_id, time, view) values (?, ?, ?, ?, ?, ?, ?, ?, ?, ?, ?, ?, ?, ?, ?, ?)
make question 9736
Hibernate: insert into question (answer, choice1, choice2, choice3, choice4, choice5, content, correct, create_date, filepath, modify_date, score, subject, teacher_id, time, view) values (?, ?, ?, ?, ?, ?, ?, ?, ?, ?, ?, ?, ?, ?, ?, ?)
make question 9737
Hibernate: insert into question (answer, choice1, choice2, choice3, choice4, choice5, content, correct, create_date, filepath, modify_date, score, subject, teacher_id, time, view) values (?, ?, ?, ?, ?, ?, ?, ?, ?, ?, ?, ?, ?, ?, ?, ?)
make question 9738
Hibernate: insert into question (answer, choice1, choice2, choice3, choice4, choice5, content, correct, create_date, filepath, modify_date, score, subject, teacher_id, time, view) values (?, ?, ?, ?, ?, ?, ?, ?, ?, ?, ?, ?, ?, ?, ?, ?)
make question 9739
Hibernate: insert into question (answer, choice1, choice2, choice3, choice4, choice5, content, correct, create_date, filepath, modify_date, score, subject, teacher_id, time, view) values (?, ?, ?, ?, ?, ?, ?, ?, ?, ?, ?, ?, ?, ?, ?, ?)
make question 9740
Hibernate: insert into question (answer, choice1, choice2, choice3, choice4, choice5, content, correct, create_date, filepath, modify_date, score, subject, teacher_id, time, view) values (?, ?, ?, ?, ?, ?, ?, ?, ?, ?, ?, ?, ?, ?, ?, ?)
make question 9741
Hibernate: insert into question (answer, choice1, choice2, choice3, choice4, choice5, content, correct, create_date, filepath, modify_date, score, subject, teacher_id, time, view) values (?, ?, ?, ?, ?, ?, ?, ?, ?, ?, ?, ?, ?, ?, ?, ?)
make question 9742
Hibernate: insert into question (answer, choice1, choice2, choice3, choice4, choice5, content, correct, create_date, filepath, modify_date, score, subject, teacher_id, time, view) values (?, ?, ?, ?, ?, ?, ?, ?, ?, ?, ?, ?, ?, ?, ?, ?)
make question 9743
Hibernate: insert into question (answer, choice1, choice2, choice3, choice4, choice5, content, correct, create_date, filepath, modify_date, score, subject, teacher_id, time, view) values (?, ?, ?, ?, ?, ?, ?, ?, ?, ?, ?, ?, ?, ?, ?, ?)
make question 9744
Hibernate: insert into question (answer, choice1, choice2, choice3, choice4, choice5, content, correct, create_date, filepath, modify_date, score, subject, teacher_id, time, view) values (?, ?, ?, ?, ?, ?, ?, ?, ?, ?, ?, ?, ?, ?, ?, ?)
make question 9745
Hibernate: insert into question (answer, choice1, choice2, choice3, choice4, choice5, content, correct, create_date, filepath, modify_date, score, subject, teacher_id, time, view) values (?, ?, ?, ?, ?, ?, ?, ?, ?, ?, ?, ?, ?, ?, ?, ?)
make question 9746
Hibernate: insert into question (answer, choice1, choice2, choice3, choice4, choice5, content, correct, create_date, filepath, modify_date, score, subject, teacher_id, time, view) values (?, ?, ?, ?, ?, ?, ?, ?, ?, ?, ?, ?, ?, ?, ?, ?)
make question 9747
Hibernate: insert into question (answer, choice1, choice2, choice3, choice4, choice5, content, correct, create_date, filepath, modify_date, score, subject, teacher_id, time, view) values (?, ?, ?, ?, ?, ?, ?, ?, ?, ?, ?, ?, ?, ?, ?, ?)
make question 9748
Hibernate: insert into question (answer, choice1, choice2, choice3, choice4, choice5, content, correct, create_date, filepath, modify_date, score, subject, teacher_id, time, view) values (?, ?, ?, ?, ?, ?, ?, ?, ?, ?, ?, ?, ?, ?, ?, ?)
make question 9749
Hibernate: insert into question (answer, choice1, choice2, choice3, choice4, choice5, content, correct, create_date, filepath, modify_date, score, subject, teacher_id, time, view) values (?, ?, ?, ?, ?, ?, ?, ?, ?, ?, ?, ?, ?, ?, ?, ?)
make question 9750
Hibernate: insert into question (answer, choice1, choice2, choice3, choice4, choice5, content, correct, create_date, filepath, modify_date, score, subject, teacher_id, time, view) values (?, ?, ?, ?, ?, ?, ?, ?, ?, ?, ?, ?, ?, ?, ?, ?)
make question 9751
Hibernate: insert into question (answer, choice1, choice2, choice3, choice4, choice5, content, correct, create_date, filepath, modify_date, score, subject, teacher_id, time, view) values (?, ?, ?, ?, ?, ?, ?, ?, ?, ?, ?, ?, ?, ?, ?, ?)
make question 9752
Hibernate: insert into question (answer, choice1, choice2, choice3, choice4, choice5, content, correct, create_date, filepath, modify_date, score, subject, teacher_id, time, view) values (?, ?, ?, ?, ?, ?, ?, ?, ?, ?, ?, ?, ?, ?, ?, ?)
make question 9753
Hibernate: insert into question (answer, choice1, choice2, choice3, choice4, choice5, content, correct, create_date, filepath, modify_date, score, subject, teacher_id, time, view) values (?, ?, ?, ?, ?, ?, ?, ?, ?, ?, ?, ?, ?, ?, ?, ?)
make question 9754
Hibernate: insert into question (answer, choice1, choice2, choice3, choice4, choice5, content, correct, create_date, filepath, modify_date, score, subject, teacher_id, time, view) values (?, ?, ?, ?, ?, ?, ?, ?, ?, ?, ?, ?, ?, ?, ?, ?)
make question 9755
Hibernate: insert into question (answer, choice1, choice2, choice3, choice4, choice5, content, correct, create_date, filepath, modify_date, score, subject, teacher_id, time, view) values (?, ?, ?, ?, ?, ?, ?, ?, ?, ?, ?, ?, ?, ?, ?, ?)
make question 9756
Hibernate: insert into question (answer, choice1, choice2, choice3, choice4, choice5, content, correct, create_date, filepath, modify_date, score, subject, teacher_id, time, view) values (?, ?, ?, ?, ?, ?, ?, ?, ?, ?, ?, ?, ?, ?, ?, ?)
make question 9757
Hibernate: insert into question (answer, choice1, choice2, choice3, choice4, choice5, content, correct, create_date, filepath, modify_date, score, subject, teacher_id, time, view) values (?, ?, ?, ?, ?, ?, ?, ?, ?, ?, ?, ?, ?, ?, ?, ?)
make question 9758
Hibernate: insert into question (answer, choice1, choice2, choice3, choice4, choice5, content, correct, create_date, filepath, modify_date, score, subject, teacher_id, time, view) values (?, ?, ?, ?, ?, ?, ?, ?, ?, ?, ?, ?, ?, ?, ?, ?)
make question 9759
Hibernate: insert into question (answer, choice1, choice2, choice3, choice4, choice5, content, correct, create_date, filepath, modify_date, score, subject, teacher_id, time, view) values (?, ?, ?, ?, ?, ?, ?, ?, ?, ?, ?, ?, ?, ?, ?, ?)
make question 9760
Hibernate: insert into question (answer, choice1, choice2, choice3, choice4, choice5, content, correct, create_date, filepath, modify_date, score, subject, teacher_id, time, view) values (?, ?, ?, ?, ?, ?, ?, ?, ?, ?, ?, ?, ?, ?, ?, ?)
make question 9761
Hibernate: insert into question (answer, choice1, choice2, choice3, choice4, choice5, content, correct, create_date, filepath, modify_date, score, subject, teacher_id, time, view) values (?, ?, ?, ?, ?, ?, ?, ?, ?, ?, ?, ?, ?, ?, ?, ?)
make question 9762
Hibernate: insert into question (answer, choice1, choice2, choice3, choice4, choice5, content, correct, create_date, filepath, modify_date, score, subject, teacher_id, time, view) values (?, ?, ?, ?, ?, ?, ?, ?, ?, ?, ?, ?, ?, ?, ?, ?)
make question 9763
Hibernate: insert into question (answer, choice1, choice2, choice3, choice4, choice5, content, correct, create_date, filepath, modify_date, score, subject, teacher_id, time, view) values (?, ?, ?, ?, ?, ?, ?, ?, ?, ?, ?, ?, ?, ?, ?, ?)
make question 9764
Hibernate: insert into question (answer, choice1, choice2, choice3, choice4, choice5, content, correct, create_date, filepath, modify_date, score, subject, teacher_id, time, view) values (?, ?, ?, ?, ?, ?, ?, ?, ?, ?, ?, ?, ?, ?, ?, ?)
make question 9765
Hibernate: insert into question (answer, choice1, choice2, choice3, choice4, choice5, content, correct, create_date, filepath, modify_date, score, subject, teacher_id, time, view) values (?, ?, ?, ?, ?, ?, ?, ?, ?, ?, ?, ?, ?, ?, ?, ?)
make question 9766
Hibernate: insert into question (answer, choice1, choice2, choice3, choice4, choice5, content, correct, create_date, filepath, modify_date, score, subject, teacher_id, time, view) values (?, ?, ?, ?, ?, ?, ?, ?, ?, ?, ?, ?, ?, ?, ?, ?)
make question 9767
Hibernate: insert into question (answer, choice1, choice2, choice3, choice4, choice5, content, correct, create_date, filepath, modify_date, score, subject, teacher_id, time, view) values (?, ?, ?, ?, ?, ?, ?, ?, ?, ?, ?, ?, ?, ?, ?, ?)
make question 9768
Hibernate: insert into question (answer, choice1, choice2, choice3, choice4, choice5, content, correct, create_date, filepath, modify_date, score, subject, teacher_id, time, view) values (?, ?, ?, ?, ?, ?, ?, ?, ?, ?, ?, ?, ?, ?, ?, ?)
make question 9769
Hibernate: insert into question (answer, choice1, choice2, choice3, choice4, choice5, content, correct, create_date, filepath, modify_date, score, subject, teacher_id, time, view) values (?, ?, ?, ?, ?, ?, ?, ?, ?, ?, ?, ?, ?, ?, ?, ?)
make question 9770
Hibernate: insert into question (answer, choice1, choice2, choice3, choice4, choice5, content, correct, create_date, filepath, modify_date, score, subject, teacher_id, time, view) values (?, ?, ?, ?, ?, ?, ?, ?, ?, ?, ?, ?, ?, ?, ?, ?)
make question 9771
Hibernate: insert into question (answer, choice1, choice2, choice3, choice4, choice5, content, correct, create_date, filepath, modify_date, score, subject, teacher_id, time, view) values (?, ?, ?, ?, ?, ?, ?, ?, ?, ?, ?, ?, ?, ?, ?, ?)
make question 9772
Hibernate: insert into question (answer, choice1, choice2, choice3, choice4, choice5, content, correct, create_date, filepath, modify_date, score, subject, teacher_id, time, view) values (?, ?, ?, ?, ?, ?, ?, ?, ?, ?, ?, ?, ?, ?, ?, ?)
make question 9773
Hibernate: insert into question (answer, choice1, choice2, choice3, choice4, choice5, content, correct, create_date, filepath, modify_date, score, subject, teacher_id, time, view) values (?, ?, ?, ?, ?, ?, ?, ?, ?, ?, ?, ?, ?, ?, ?, ?)
make question 9774
Hibernate: insert into question (answer, choice1, choice2, choice3, choice4, choice5, content, correct, create_date, filepath, modify_date, score, subject, teacher_id, time, view) values (?, ?, ?, ?, ?, ?, ?, ?, ?, ?, ?, ?, ?, ?, ?, ?)
make question 9775
Hibernate: insert into question (answer, choice1, choice2, choice3, choice4, choice5, content, correct, create_date, filepath, modify_date, score, subject, teacher_id, time, view) values (?, ?, ?, ?, ?, ?, ?, ?, ?, ?, ?, ?, ?, ?, ?, ?)
make question 9776
Hibernate: insert into question (answer, choice1, choice2, choice3, choice4, choice5, content, correct, create_date, filepath, modify_date, score, subject, teacher_id, time, view) values (?, ?, ?, ?, ?, ?, ?, ?, ?, ?, ?, ?, ?, ?, ?, ?)
make question 9777
Hibernate: insert into question (answer, choice1, choice2, choice3, choice4, choice5, content, correct, create_date, filepath, modify_date, score, subject, teacher_id, time, view) values (?, ?, ?, ?, ?, ?, ?, ?, ?, ?, ?, ?, ?, ?, ?, ?)
make question 9778
Hibernate: insert into question (answer, choice1, choice2, choice3, choice4, choice5, content, correct, create_date, filepath, modify_date, score, subject, teacher_id, time, view) values (?, ?, ?, ?, ?, ?, ?, ?, ?, ?, ?, ?, ?, ?, ?, ?)
make question 9779
Hibernate: insert into question (answer, choice1, choice2, choice3, choice4, choice5, content, correct, create_date, filepath, modify_date, score, subject, teacher_id, time, view) values (?, ?, ?, ?, ?, ?, ?, ?, ?, ?, ?, ?, ?, ?, ?, ?)
make question 9780
Hibernate: insert into question (answer, choice1, choice2, choice3, choice4, choice5, content, correct, create_date, filepath, modify_date, score, subject, teacher_id, time, view) values (?, ?, ?, ?, ?, ?, ?, ?, ?, ?, ?, ?, ?, ?, ?, ?)
make question 9781
Hibernate: insert into question (answer, choice1, choice2, choice3, choice4, choice5, content, correct, create_date, filepath, modify_date, score, subject, teacher_id, time, view) values (?, ?, ?, ?, ?, ?, ?, ?, ?, ?, ?, ?, ?, ?, ?, ?)
make question 9782
Hibernate: insert into question (answer, choice1, choice2, choice3, choice4, choice5, content, correct, create_date, filepath, modify_date, score, subject, teacher_id, time, view) values (?, ?, ?, ?, ?, ?, ?, ?, ?, ?, ?, ?, ?, ?, ?, ?)
make question 9783
Hibernate: insert into question (answer, choice1, choice2, choice3, choice4, choice5, content, correct, create_date, filepath, modify_date, score, subject, teacher_id, time, view) values (?, ?, ?, ?, ?, ?, ?, ?, ?, ?, ?, ?, ?, ?, ?, ?)
make question 9784
Hibernate: insert into question (answer, choice1, choice2, choice3, choice4, choice5, content, correct, create_date, filepath, modify_date, score, subject, teacher_id, time, view) values (?, ?, ?, ?, ?, ?, ?, ?, ?, ?, ?, ?, ?, ?, ?, ?)
make question 9785
Hibernate: insert into question (answer, choice1, choice2, choice3, choice4, choice5, content, correct, create_date, filepath, modify_date, score, subject, teacher_id, time, view) values (?, ?, ?, ?, ?, ?, ?, ?, ?, ?, ?, ?, ?, ?, ?, ?)
make question 9786
Hibernate: insert into question (answer, choice1, choice2, choice3, choice4, choice5, content, correct, create_date, filepath, modify_date, score, subject, teacher_id, time, view) values (?, ?, ?, ?, ?, ?, ?, ?, ?, ?, ?, ?, ?, ?, ?, ?)
make question 9787
Hibernate: insert into question (answer, choice1, choice2, choice3, choice4, choice5, content, correct, create_date, filepath, modify_date, score, subject, teacher_id, time, view) values (?, ?, ?, ?, ?, ?, ?, ?, ?, ?, ?, ?, ?, ?, ?, ?)
make question 9788
Hibernate: insert into question (answer, choice1, choice2, choice3, choice4, choice5, content, correct, create_date, filepath, modify_date, score, subject, teacher_id, time, view) values (?, ?, ?, ?, ?, ?, ?, ?, ?, ?, ?, ?, ?, ?, ?, ?)
make question 9789
Hibernate: insert into question (answer, choice1, choice2, choice3, choice4, choice5, content, correct, create_date, filepath, modify_date, score, subject, teacher_id, time, view) values (?, ?, ?, ?, ?, ?, ?, ?, ?, ?, ?, ?, ?, ?, ?, ?)
make question 9790
Hibernate: insert into question (answer, choice1, choice2, choice3, choice4, choice5, content, correct, create_date, filepath, modify_date, score, subject, teacher_id, time, view) values (?, ?, ?, ?, ?, ?, ?, ?, ?, ?, ?, ?, ?, ?, ?, ?)
make question 9791
Hibernate: insert into question (answer, choice1, choice2, choice3, choice4, choice5, content, correct, create_date, filepath, modify_date, score, subject, teacher_id, time, view) values (?, ?, ?, ?, ?, ?, ?, ?, ?, ?, ?, ?, ?, ?, ?, ?)
make question 9792
Hibernate: insert into question (answer, choice1, choice2, choice3, choice4, choice5, content, correct, create_date, filepath, modify_date, score, subject, teacher_id, time, view) values (?, ?, ?, ?, ?, ?, ?, ?, ?, ?, ?, ?, ?, ?, ?, ?)
make question 9793
Hibernate: insert into question (answer, choice1, choice2, choice3, choice4, choice5, content, correct, create_date, filepath, modify_date, score, subject, teacher_id, time, view) values (?, ?, ?, ?, ?, ?, ?, ?, ?, ?, ?, ?, ?, ?, ?, ?)
make question 9794
Hibernate: insert into question (answer, choice1, choice2, choice3, choice4, choice5, content, correct, create_date, filepath, modify_date, score, subject, teacher_id, time, view) values (?, ?, ?, ?, ?, ?, ?, ?, ?, ?, ?, ?, ?, ?, ?, ?)
make question 9795
Hibernate: insert into question (answer, choice1, choice2, choice3, choice4, choice5, content, correct, create_date, filepath, modify_date, score, subject, teacher_id, time, view) values (?, ?, ?, ?, ?, ?, ?, ?, ?, ?, ?, ?, ?, ?, ?, ?)
make question 9796
Hibernate: insert into question (answer, choice1, choice2, choice3, choice4, choice5, content, correct, create_date, filepath, modify_date, score, subject, teacher_id, time, view) values (?, ?, ?, ?, ?, ?, ?, ?, ?, ?, ?, ?, ?, ?, ?, ?)
make question 9797
Hibernate: insert into question (answer, choice1, choice2, choice3, choice4, choice5, content, correct, create_date, filepath, modify_date, score, subject, teacher_id, time, view) values (?, ?, ?, ?, ?, ?, ?, ?, ?, ?, ?, ?, ?, ?, ?, ?)
make question 9798
Hibernate: insert into question (answer, choice1, choice2, choice3, choice4, choice5, content, correct, create_date, filepath, modify_date, score, subject, teacher_id, time, view) values (?, ?, ?, ?, ?, ?, ?, ?, ?, ?, ?, ?, ?, ?, ?, ?)
make question 9799
Hibernate: insert into question (answer, choice1, choice2, choice3, choice4, choice5, content, correct, create_date, filepath, modify_date, score, subject, teacher_id, time, view) values (?, ?, ?, ?, ?, ?, ?, ?, ?, ?, ?, ?, ?, ?, ?, ?)
make question 9800
Hibernate: insert into question (answer, choice1, choice2, choice3, choice4, choice5, content, correct, create_date, filepath, modify_date, score, subject, teacher_id, time, view) values (?, ?, ?, ?, ?, ?, ?, ?, ?, ?, ?, ?, ?, ?, ?, ?)
make question 9801
Hibernate: insert into question (answer, choice1, choice2, choice3, choice4, choice5, content, correct, create_date, filepath, modify_date, score, subject, teacher_id, time, view) values (?, ?, ?, ?, ?, ?, ?, ?, ?, ?, ?, ?, ?, ?, ?, ?)
make question 9802
Hibernate: insert into question (answer, choice1, choice2, choice3, choice4, choice5, content, correct, create_date, filepath, modify_date, score, subject, teacher_id, time, view) values (?, ?, ?, ?, ?, ?, ?, ?, ?, ?, ?, ?, ?, ?, ?, ?)
make question 9803
Hibernate: insert into question (answer, choice1, choice2, choice3, choice4, choice5, content, correct, create_date, filepath, modify_date, score, subject, teacher_id, time, view) values (?, ?, ?, ?, ?, ?, ?, ?, ?, ?, ?, ?, ?, ?, ?, ?)
make question 9804
Hibernate: insert into question (answer, choice1, choice2, choice3, choice4, choice5, content, correct, create_date, filepath, modify_date, score, subject, teacher_id, time, view) values (?, ?, ?, ?, ?, ?, ?, ?, ?, ?, ?, ?, ?, ?, ?, ?)
make question 9805
Hibernate: insert into question (answer, choice1, choice2, choice3, choice4, choice5, content, correct, create_date, filepath, modify_date, score, subject, teacher_id, time, view) values (?, ?, ?, ?, ?, ?, ?, ?, ?, ?, ?, ?, ?, ?, ?, ?)
make question 9806
Hibernate: insert into question (answer, choice1, choice2, choice3, choice4, choice5, content, correct, create_date, filepath, modify_date, score, subject, teacher_id, time, view) values (?, ?, ?, ?, ?, ?, ?, ?, ?, ?, ?, ?, ?, ?, ?, ?)
make question 9807
Hibernate: insert into question (answer, choice1, choice2, choice3, choice4, choice5, content, correct, create_date, filepath, modify_date, score, subject, teacher_id, time, view) values (?, ?, ?, ?, ?, ?, ?, ?, ?, ?, ?, ?, ?, ?, ?, ?)
make question 9808
Hibernate: insert into question (answer, choice1, choice2, choice3, choice4, choice5, content, correct, create_date, filepath, modify_date, score, subject, teacher_id, time, view) values (?, ?, ?, ?, ?, ?, ?, ?, ?, ?, ?, ?, ?, ?, ?, ?)
make question 9809
Hibernate: insert into question (answer, choice1, choice2, choice3, choice4, choice5, content, correct, create_date, filepath, modify_date, score, subject, teacher_id, time, view) values (?, ?, ?, ?, ?, ?, ?, ?, ?, ?, ?, ?, ?, ?, ?, ?)
make question 9810
Hibernate: insert into question (answer, choice1, choice2, choice3, choice4, choice5, content, correct, create_date, filepath, modify_date, score, subject, teacher_id, time, view) values (?, ?, ?, ?, ?, ?, ?, ?, ?, ?, ?, ?, ?, ?, ?, ?)
make question 9811
Hibernate: insert into question (answer, choice1, choice2, choice3, choice4, choice5, content, correct, create_date, filepath, modify_date, score, subject, teacher_id, time, view) values (?, ?, ?, ?, ?, ?, ?, ?, ?, ?, ?, ?, ?, ?, ?, ?)
make question 9812
Hibernate: insert into question (answer, choice1, choice2, choice3, choice4, choice5, content, correct, create_date, filepath, modify_date, score, subject, teacher_id, time, view) values (?, ?, ?, ?, ?, ?, ?, ?, ?, ?, ?, ?, ?, ?, ?, ?)
make question 9813
Hibernate: insert into question (answer, choice1, choice2, choice3, choice4, choice5, content, correct, create_date, filepath, modify_date, score, subject, teacher_id, time, view) values (?, ?, ?, ?, ?, ?, ?, ?, ?, ?, ?, ?, ?, ?, ?, ?)
make question 9814
Hibernate: insert into question (answer, choice1, choice2, choice3, choice4, choice5, content, correct, create_date, filepath, modify_date, score, subject, teacher_id, time, view) values (?, ?, ?, ?, ?, ?, ?, ?, ?, ?, ?, ?, ?, ?, ?, ?)
make question 9815
Hibernate: insert into question (answer, choice1, choice2, choice3, choice4, choice5, content, correct, create_date, filepath, modify_date, score, subject, teacher_id, time, view) values (?, ?, ?, ?, ?, ?, ?, ?, ?, ?, ?, ?, ?, ?, ?, ?)
make question 9816
Hibernate: insert into question (answer, choice1, choice2, choice3, choice4, choice5, content, correct, create_date, filepath, modify_date, score, subject, teacher_id, time, view) values (?, ?, ?, ?, ?, ?, ?, ?, ?, ?, ?, ?, ?, ?, ?, ?)
make question 9817
Hibernate: insert into question (answer, choice1, choice2, choice3, choice4, choice5, content, correct, create_date, filepath, modify_date, score, subject, teacher_id, time, view) values (?, ?, ?, ?, ?, ?, ?, ?, ?, ?, ?, ?, ?, ?, ?, ?)
make question 9818
Hibernate: insert into question (answer, choice1, choice2, choice3, choice4, choice5, content, correct, create_date, filepath, modify_date, score, subject, teacher_id, time, view) values (?, ?, ?, ?, ?, ?, ?, ?, ?, ?, ?, ?, ?, ?, ?, ?)
make question 9819
Hibernate: insert into question (answer, choice1, choice2, choice3, choice4, choice5, content, correct, create_date, filepath, modify_date, score, subject, teacher_id, time, view) values (?, ?, ?, ?, ?, ?, ?, ?, ?, ?, ?, ?, ?, ?, ?, ?)
make question 9820
Hibernate: insert into question (answer, choice1, choice2, choice3, choice4, choice5, content, correct, create_date, filepath, modify_date, score, subject, teacher_id, time, view) values (?, ?, ?, ?, ?, ?, ?, ?, ?, ?, ?, ?, ?, ?, ?, ?)
make question 9821
Hibernate: insert into question (answer, choice1, choice2, choice3, choice4, choice5, content, correct, create_date, filepath, modify_date, score, subject, teacher_id, time, view) values (?, ?, ?, ?, ?, ?, ?, ?, ?, ?, ?, ?, ?, ?, ?, ?)
make question 9822
Hibernate: insert into question (answer, choice1, choice2, choice3, choice4, choice5, content, correct, create_date, filepath, modify_date, score, subject, teacher_id, time, view) values (?, ?, ?, ?, ?, ?, ?, ?, ?, ?, ?, ?, ?, ?, ?, ?)
make question 9823
Hibernate: insert into question (answer, choice1, choice2, choice3, choice4, choice5, content, correct, create_date, filepath, modify_date, score, subject, teacher_id, time, view) values (?, ?, ?, ?, ?, ?, ?, ?, ?, ?, ?, ?, ?, ?, ?, ?)
make question 9824
Hibernate: insert into question (answer, choice1, choice2, choice3, choice4, choice5, content, correct, create_date, filepath, modify_date, score, subject, teacher_id, time, view) values (?, ?, ?, ?, ?, ?, ?, ?, ?, ?, ?, ?, ?, ?, ?, ?)
make question 9825
Hibernate: insert into question (answer, choice1, choice2, choice3, choice4, choice5, content, correct, create_date, filepath, modify_date, score, subject, teacher_id, time, view) values (?, ?, ?, ?, ?, ?, ?, ?, ?, ?, ?, ?, ?, ?, ?, ?)
make question 9826
Hibernate: insert into question (answer, choice1, choice2, choice3, choice4, choice5, content, correct, create_date, filepath, modify_date, score, subject, teacher_id, time, view) values (?, ?, ?, ?, ?, ?, ?, ?, ?, ?, ?, ?, ?, ?, ?, ?)
make question 9827
Hibernate: insert into question (answer, choice1, choice2, choice3, choice4, choice5, content, correct, create_date, filepath, modify_date, score, subject, teacher_id, time, view) values (?, ?, ?, ?, ?, ?, ?, ?, ?, ?, ?, ?, ?, ?, ?, ?)
make question 9828
Hibernate: insert into question (answer, choice1, choice2, choice3, choice4, choice5, content, correct, create_date, filepath, modify_date, score, subject, teacher_id, time, view) values (?, ?, ?, ?, ?, ?, ?, ?, ?, ?, ?, ?, ?, ?, ?, ?)
make question 9829
Hibernate: insert into question (answer, choice1, choice2, choice3, choice4, choice5, content, correct, create_date, filepath, modify_date, score, subject, teacher_id, time, view) values (?, ?, ?, ?, ?, ?, ?, ?, ?, ?, ?, ?, ?, ?, ?, ?)
make question 9830
Hibernate: insert into question (answer, choice1, choice2, choice3, choice4, choice5, content, correct, create_date, filepath, modify_date, score, subject, teacher_id, time, view) values (?, ?, ?, ?, ?, ?, ?, ?, ?, ?, ?, ?, ?, ?, ?, ?)
make question 9831
Hibernate: insert into question (answer, choice1, choice2, choice3, choice4, choice5, content, correct, create_date, filepath, modify_date, score, subject, teacher_id, time, view) values (?, ?, ?, ?, ?, ?, ?, ?, ?, ?, ?, ?, ?, ?, ?, ?)
make question 9832
Hibernate: insert into question (answer, choice1, choice2, choice3, choice4, choice5, content, correct, create_date, filepath, modify_date, score, subject, teacher_id, time, view) values (?, ?, ?, ?, ?, ?, ?, ?, ?, ?, ?, ?, ?, ?, ?, ?)
make question 9833
Hibernate: insert into question (answer, choice1, choice2, choice3, choice4, choice5, content, correct, create_date, filepath, modify_date, score, subject, teacher_id, time, view) values (?, ?, ?, ?, ?, ?, ?, ?, ?, ?, ?, ?, ?, ?, ?, ?)
make question 9834
Hibernate: insert into question (answer, choice1, choice2, choice3, choice4, choice5, content, correct, create_date, filepath, modify_date, score, subject, teacher_id, time, view) values (?, ?, ?, ?, ?, ?, ?, ?, ?, ?, ?, ?, ?, ?, ?, ?)
make question 9835
Hibernate: insert into question (answer, choice1, choice2, choice3, choice4, choice5, content, correct, create_date, filepath, modify_date, score, subject, teacher_id, time, view) values (?, ?, ?, ?, ?, ?, ?, ?, ?, ?, ?, ?, ?, ?, ?, ?)
make question 9836
Hibernate: insert into question (answer, choice1, choice2, choice3, choice4, choice5, content, correct, create_date, filepath, modify_date, score, subject, teacher_id, time, view) values (?, ?, ?, ?, ?, ?, ?, ?, ?, ?, ?, ?, ?, ?, ?, ?)
make question 9837
Hibernate: insert into question (answer, choice1, choice2, choice3, choice4, choice5, content, correct, create_date, filepath, modify_date, score, subject, teacher_id, time, view) values (?, ?, ?, ?, ?, ?, ?, ?, ?, ?, ?, ?, ?, ?, ?, ?)
make question 9838
Hibernate: insert into question (answer, choice1, choice2, choice3, choice4, choice5, content, correct, create_date, filepath, modify_date, score, subject, teacher_id, time, view) values (?, ?, ?, ?, ?, ?, ?, ?, ?, ?, ?, ?, ?, ?, ?, ?)
make question 9839
Hibernate: insert into question (answer, choice1, choice2, choice3, choice4, choice5, content, correct, create_date, filepath, modify_date, score, subject, teacher_id, time, view) values (?, ?, ?, ?, ?, ?, ?, ?, ?, ?, ?, ?, ?, ?, ?, ?)
make question 9840
Hibernate: insert into question (answer, choice1, choice2, choice3, choice4, choice5, content, correct, create_date, filepath, modify_date, score, subject, teacher_id, time, view) values (?, ?, ?, ?, ?, ?, ?, ?, ?, ?, ?, ?, ?, ?, ?, ?)
make question 9841
Hibernate: insert into question (answer, choice1, choice2, choice3, choice4, choice5, content, correct, create_date, filepath, modify_date, score, subject, teacher_id, time, view) values (?, ?, ?, ?, ?, ?, ?, ?, ?, ?, ?, ?, ?, ?, ?, ?)
make question 9842
Hibernate: insert into question (answer, choice1, choice2, choice3, choice4, choice5, content, correct, create_date, filepath, modify_date, score, subject, teacher_id, time, view) values (?, ?, ?, ?, ?, ?, ?, ?, ?, ?, ?, ?, ?, ?, ?, ?)
make question 9843
Hibernate: insert into question (answer, choice1, choice2, choice3, choice4, choice5, content, correct, create_date, filepath, modify_date, score, subject, teacher_id, time, view) values (?, ?, ?, ?, ?, ?, ?, ?, ?, ?, ?, ?, ?, ?, ?, ?)
make question 9844
Hibernate: insert into question (answer, choice1, choice2, choice3, choice4, choice5, content, correct, create_date, filepath, modify_date, score, subject, teacher_id, time, view) values (?, ?, ?, ?, ?, ?, ?, ?, ?, ?, ?, ?, ?, ?, ?, ?)
make question 9845
Hibernate: insert into question (answer, choice1, choice2, choice3, choice4, choice5, content, correct, create_date, filepath, modify_date, score, subject, teacher_id, time, view) values (?, ?, ?, ?, ?, ?, ?, ?, ?, ?, ?, ?, ?, ?, ?, ?)
make question 9846
Hibernate: insert into question (answer, choice1, choice2, choice3, choice4, choice5, content, correct, create_date, filepath, modify_date, score, subject, teacher_id, time, view) values (?, ?, ?, ?, ?, ?, ?, ?, ?, ?, ?, ?, ?, ?, ?, ?)
make question 9847
Hibernate: insert into question (answer, choice1, choice2, choice3, choice4, choice5, content, correct, create_date, filepath, modify_date, score, subject, teacher_id, time, view) values (?, ?, ?, ?, ?, ?, ?, ?, ?, ?, ?, ?, ?, ?, ?, ?)
make question 9848
Hibernate: insert into question (answer, choice1, choice2, choice3, choice4, choice5, content, correct, create_date, filepath, modify_date, score, subject, teacher_id, time, view) values (?, ?, ?, ?, ?, ?, ?, ?, ?, ?, ?, ?, ?, ?, ?, ?)
make question 9849
Hibernate: insert into question (answer, choice1, choice2, choice3, choice4, choice5, content, correct, create_date, filepath, modify_date, score, subject, teacher_id, time, view) values (?, ?, ?, ?, ?, ?, ?, ?, ?, ?, ?, ?, ?, ?, ?, ?)
make question 9850
Hibernate: insert into question (answer, choice1, choice2, choice3, choice4, choice5, content, correct, create_date, filepath, modify_date, score, subject, teacher_id, time, view) values (?, ?, ?, ?, ?, ?, ?, ?, ?, ?, ?, ?, ?, ?, ?, ?)
make question 9851
Hibernate: insert into question (answer, choice1, choice2, choice3, choice4, choice5, content, correct, create_date, filepath, modify_date, score, subject, teacher_id, time, view) values (?, ?, ?, ?, ?, ?, ?, ?, ?, ?, ?, ?, ?, ?, ?, ?)
make question 9852
Hibernate: insert into question (answer, choice1, choice2, choice3, choice4, choice5, content, correct, create_date, filepath, modify_date, score, subject, teacher_id, time, view) values (?, ?, ?, ?, ?, ?, ?, ?, ?, ?, ?, ?, ?, ?, ?, ?)
make question 9853
Hibernate: insert into question (answer, choice1, choice2, choice3, choice4, choice5, content, correct, create_date, filepath, modify_date, score, subject, teacher_id, time, view) values (?, ?, ?, ?, ?, ?, ?, ?, ?, ?, ?, ?, ?, ?, ?, ?)
make question 9854
Hibernate: insert into question (answer, choice1, choice2, choice3, choice4, choice5, content, correct, create_date, filepath, modify_date, score, subject, teacher_id, time, view) values (?, ?, ?, ?, ?, ?, ?, ?, ?, ?, ?, ?, ?, ?, ?, ?)
make question 9855
Hibernate: insert into question (answer, choice1, choice2, choice3, choice4, choice5, content, correct, create_date, filepath, modify_date, score, subject, teacher_id, time, view) values (?, ?, ?, ?, ?, ?, ?, ?, ?, ?, ?, ?, ?, ?, ?, ?)
make question 9856
Hibernate: insert into question (answer, choice1, choice2, choice3, choice4, choice5, content, correct, create_date, filepath, modify_date, score, subject, teacher_id, time, view) values (?, ?, ?, ?, ?, ?, ?, ?, ?, ?, ?, ?, ?, ?, ?, ?)
make question 9857
Hibernate: insert into question (answer, choice1, choice2, choice3, choice4, choice5, content, correct, create_date, filepath, modify_date, score, subject, teacher_id, time, view) values (?, ?, ?, ?, ?, ?, ?, ?, ?, ?, ?, ?, ?, ?, ?, ?)
make question 9858
Hibernate: insert into question (answer, choice1, choice2, choice3, choice4, choice5, content, correct, create_date, filepath, modify_date, score, subject, teacher_id, time, view) values (?, ?, ?, ?, ?, ?, ?, ?, ?, ?, ?, ?, ?, ?, ?, ?)
make question 9859
Hibernate: insert into question (answer, choice1, choice2, choice3, choice4, choice5, content, correct, create_date, filepath, modify_date, score, subject, teacher_id, time, view) values (?, ?, ?, ?, ?, ?, ?, ?, ?, ?, ?, ?, ?, ?, ?, ?)
make question 9860
Hibernate: insert into question (answer, choice1, choice2, choice3, choice4, choice5, content, correct, create_date, filepath, modify_date, score, subject, teacher_id, time, view) values (?, ?, ?, ?, ?, ?, ?, ?, ?, ?, ?, ?, ?, ?, ?, ?)
make question 9861
Hibernate: insert into question (answer, choice1, choice2, choice3, choice4, choice5, content, correct, create_date, filepath, modify_date, score, subject, teacher_id, time, view) values (?, ?, ?, ?, ?, ?, ?, ?, ?, ?, ?, ?, ?, ?, ?, ?)
make question 9862
Hibernate: insert into question (answer, choice1, choice2, choice3, choice4, choice5, content, correct, create_date, filepath, modify_date, score, subject, teacher_id, time, view) values (?, ?, ?, ?, ?, ?, ?, ?, ?, ?, ?, ?, ?, ?, ?, ?)
make question 9863
Hibernate: insert into question (answer, choice1, choice2, choice3, choice4, choice5, content, correct, create_date, filepath, modify_date, score, subject, teacher_id, time, view) values (?, ?, ?, ?, ?, ?, ?, ?, ?, ?, ?, ?, ?, ?, ?, ?)
make question 9864
Hibernate: insert into question (answer, choice1, choice2, choice3, choice4, choice5, content, correct, create_date, filepath, modify_date, score, subject, teacher_id, time, view) values (?, ?, ?, ?, ?, ?, ?, ?, ?, ?, ?, ?, ?, ?, ?, ?)
make question 9865
Hibernate: insert into question (answer, choice1, choice2, choice3, choice4, choice5, content, correct, create_date, filepath, modify_date, score, subject, teacher_id, time, view) values (?, ?, ?, ?, ?, ?, ?, ?, ?, ?, ?, ?, ?, ?, ?, ?)
make question 9866
Hibernate: insert into question (answer, choice1, choice2, choice3, choice4, choice5, content, correct, create_date, filepath, modify_date, score, subject, teacher_id, time, view) values (?, ?, ?, ?, ?, ?, ?, ?, ?, ?, ?, ?, ?, ?, ?, ?)
make question 9867
Hibernate: insert into question (answer, choice1, choice2, choice3, choice4, choice5, content, correct, create_date, filepath, modify_date, score, subject, teacher_id, time, view) values (?, ?, ?, ?, ?, ?, ?, ?, ?, ?, ?, ?, ?, ?, ?, ?)
make question 9868
Hibernate: insert into question (answer, choice1, choice2, choice3, choice4, choice5, content, correct, create_date, filepath, modify_date, score, subject, teacher_id, time, view) values (?, ?, ?, ?, ?, ?, ?, ?, ?, ?, ?, ?, ?, ?, ?, ?)
make question 9869
Hibernate: insert into question (answer, choice1, choice2, choice3, choice4, choice5, content, correct, create_date, filepath, modify_date, score, subject, teacher_id, time, view) values (?, ?, ?, ?, ?, ?, ?, ?, ?, ?, ?, ?, ?, ?, ?, ?)
make question 9870
Hibernate: insert into question (answer, choice1, choice2, choice3, choice4, choice5, content, correct, create_date, filepath, modify_date, score, subject, teacher_id, time, view) values (?, ?, ?, ?, ?, ?, ?, ?, ?, ?, ?, ?, ?, ?, ?, ?)
make question 9871
Hibernate: insert into question (answer, choice1, choice2, choice3, choice4, choice5, content, correct, create_date, filepath, modify_date, score, subject, teacher_id, time, view) values (?, ?, ?, ?, ?, ?, ?, ?, ?, ?, ?, ?, ?, ?, ?, ?)
make question 9872
Hibernate: insert into question (answer, choice1, choice2, choice3, choice4, choice5, content, correct, create_date, filepath, modify_date, score, subject, teacher_id, time, view) values (?, ?, ?, ?, ?, ?, ?, ?, ?, ?, ?, ?, ?, ?, ?, ?)
make question 9873
Hibernate: insert into question (answer, choice1, choice2, choice3, choice4, choice5, content, correct, create_date, filepath, modify_date, score, subject, teacher_id, time, view) values (?, ?, ?, ?, ?, ?, ?, ?, ?, ?, ?, ?, ?, ?, ?, ?)
make question 9874
Hibernate: insert into question (answer, choice1, choice2, choice3, choice4, choice5, content, correct, create_date, filepath, modify_date, score, subject, teacher_id, time, view) values (?, ?, ?, ?, ?, ?, ?, ?, ?, ?, ?, ?, ?, ?, ?, ?)
make question 9875
Hibernate: insert into question (answer, choice1, choice2, choice3, choice4, choice5, content, correct, create_date, filepath, modify_date, score, subject, teacher_id, time, view) values (?, ?, ?, ?, ?, ?, ?, ?, ?, ?, ?, ?, ?, ?, ?, ?)
make question 9876
Hibernate: insert into question (answer, choice1, choice2, choice3, choice4, choice5, content, correct, create_date, filepath, modify_date, score, subject, teacher_id, time, view) values (?, ?, ?, ?, ?, ?, ?, ?, ?, ?, ?, ?, ?, ?, ?, ?)
make question 9877
Hibernate: insert into question (answer, choice1, choice2, choice3, choice4, choice5, content, correct, create_date, filepath, modify_date, score, subject, teacher_id, time, view) values (?, ?, ?, ?, ?, ?, ?, ?, ?, ?, ?, ?, ?, ?, ?, ?)
make question 9878
Hibernate: insert into question (answer, choice1, choice2, choice3, choice4, choice5, content, correct, create_date, filepath, modify_date, score, subject, teacher_id, time, view) values (?, ?, ?, ?, ?, ?, ?, ?, ?, ?, ?, ?, ?, ?, ?, ?)
make question 9879
Hibernate: insert into question (answer, choice1, choice2, choice3, choice4, choice5, content, correct, create_date, filepath, modify_date, score, subject, teacher_id, time, view) values (?, ?, ?, ?, ?, ?, ?, ?, ?, ?, ?, ?, ?, ?, ?, ?)
make question 9880
Hibernate: insert into question (answer, choice1, choice2, choice3, choice4, choice5, content, correct, create_date, filepath, modify_date, score, subject, teacher_id, time, view) values (?, ?, ?, ?, ?, ?, ?, ?, ?, ?, ?, ?, ?, ?, ?, ?)
make question 9881
Hibernate: insert into question (answer, choice1, choice2, choice3, choice4, choice5, content, correct, create_date, filepath, modify_date, score, subject, teacher_id, time, view) values (?, ?, ?, ?, ?, ?, ?, ?, ?, ?, ?, ?, ?, ?, ?, ?)
make question 9882
Hibernate: insert into question (answer, choice1, choice2, choice3, choice4, choice5, content, correct, create_date, filepath, modify_date, score, subject, teacher_id, time, view) values (?, ?, ?, ?, ?, ?, ?, ?, ?, ?, ?, ?, ?, ?, ?, ?)
make question 9883
Hibernate: insert into question (answer, choice1, choice2, choice3, choice4, choice5, content, correct, create_date, filepath, modify_date, score, subject, teacher_id, time, view) values (?, ?, ?, ?, ?, ?, ?, ?, ?, ?, ?, ?, ?, ?, ?, ?)
make question 9884
Hibernate: insert into question (answer, choice1, choice2, choice3, choice4, choice5, content, correct, create_date, filepath, modify_date, score, subject, teacher_id, time, view) values (?, ?, ?, ?, ?, ?, ?, ?, ?, ?, ?, ?, ?, ?, ?, ?)
make question 9885
Hibernate: insert into question (answer, choice1, choice2, choice3, choice4, choice5, content, correct, create_date, filepath, modify_date, score, subject, teacher_id, time, view) values (?, ?, ?, ?, ?, ?, ?, ?, ?, ?, ?, ?, ?, ?, ?, ?)
make question 9886
Hibernate: insert into question (answer, choice1, choice2, choice3, choice4, choice5, content, correct, create_date, filepath, modify_date, score, subject, teacher_id, time, view) values (?, ?, ?, ?, ?, ?, ?, ?, ?, ?, ?, ?, ?, ?, ?, ?)
make question 9887
Hibernate: insert into question (answer, choice1, choice2, choice3, choice4, choice5, content, correct, create_date, filepath, modify_date, score, subject, teacher_id, time, view) values (?, ?, ?, ?, ?, ?, ?, ?, ?, ?, ?, ?, ?, ?, ?, ?)
make question 9888
Hibernate: insert into question (answer, choice1, choice2, choice3, choice4, choice5, content, correct, create_date, filepath, modify_date, score, subject, teacher_id, time, view) values (?, ?, ?, ?, ?, ?, ?, ?, ?, ?, ?, ?, ?, ?, ?, ?)
make question 9889
Hibernate: insert into question (answer, choice1, choice2, choice3, choice4, choice5, content, correct, create_date, filepath, modify_date, score, subject, teacher_id, time, view) values (?, ?, ?, ?, ?, ?, ?, ?, ?, ?, ?, ?, ?, ?, ?, ?)
make question 9890
Hibernate: insert into question (answer, choice1, choice2, choice3, choice4, choice5, content, correct, create_date, filepath, modify_date, score, subject, teacher_id, time, view) values (?, ?, ?, ?, ?, ?, ?, ?, ?, ?, ?, ?, ?, ?, ?, ?)
make question 9891
Hibernate: insert into question (answer, choice1, choice2, choice3, choice4, choice5, content, correct, create_date, filepath, modify_date, score, subject, teacher_id, time, view) values (?, ?, ?, ?, ?, ?, ?, ?, ?, ?, ?, ?, ?, ?, ?, ?)
make question 9892
Hibernate: insert into question (answer, choice1, choice2, choice3, choice4, choice5, content, correct, create_date, filepath, modify_date, score, subject, teacher_id, time, view) values (?, ?, ?, ?, ?, ?, ?, ?, ?, ?, ?, ?, ?, ?, ?, ?)
make question 9893
Hibernate: insert into question (answer, choice1, choice2, choice3, choice4, choice5, content, correct, create_date, filepath, modify_date, score, subject, teacher_id, time, view) values (?, ?, ?, ?, ?, ?, ?, ?, ?, ?, ?, ?, ?, ?, ?, ?)
make question 9894
Hibernate: insert into question (answer, choice1, choice2, choice3, choice4, choice5, content, correct, create_date, filepath, modify_date, score, subject, teacher_id, time, view) values (?, ?, ?, ?, ?, ?, ?, ?, ?, ?, ?, ?, ?, ?, ?, ?)
make question 9895
Hibernate: insert into question (answer, choice1, choice2, choice3, choice4, choice5, content, correct, create_date, filepath, modify_date, score, subject, teacher_id, time, view) values (?, ?, ?, ?, ?, ?, ?, ?, ?, ?, ?, ?, ?, ?, ?, ?)
make question 9896
Hibernate: insert into question (answer, choice1, choice2, choice3, choice4, choice5, content, correct, create_date, filepath, modify_date, score, subject, teacher_id, time, view) values (?, ?, ?, ?, ?, ?, ?, ?, ?, ?, ?, ?, ?, ?, ?, ?)
make question 9897
Hibernate: insert into question (answer, choice1, choice2, choice3, choice4, choice5, content, correct, create_date, filepath, modify_date, score, subject, teacher_id, time, view) values (?, ?, ?, ?, ?, ?, ?, ?, ?, ?, ?, ?, ?, ?, ?, ?)
make question 9898
Hibernate: insert into question (answer, choice1, choice2, choice3, choice4, choice5, content, correct, create_date, filepath, modify_date, score, subject, teacher_id, time, view) values (?, ?, ?, ?, ?, ?, ?, ?, ?, ?, ?, ?, ?, ?, ?, ?)
make question 9899
Hibernate: insert into question (answer, choice1, choice2, choice3, choice4, choice5, content, correct, create_date, filepath, modify_date, score, subject, teacher_id, time, view) values (?, ?, ?, ?, ?, ?, ?, ?, ?, ?, ?, ?, ?, ?, ?, ?)
make question 9900
Hibernate: insert into question (answer, choice1, choice2, choice3, choice4, choice5, content, correct, create_date, filepath, modify_date, score, subject, teacher_id, time, view) values (?, ?, ?, ?, ?, ?, ?, ?, ?, ?, ?, ?, ?, ?, ?, ?)
make question 9901
Hibernate: insert into question (answer, choice1, choice2, choice3, choice4, choice5, content, correct, create_date, filepath, modify_date, score, subject, teacher_id, time, view) values (?, ?, ?, ?, ?, ?, ?, ?, ?, ?, ?, ?, ?, ?, ?, ?)
make question 9902
Hibernate: insert into question (answer, choice1, choice2, choice3, choice4, choice5, content, correct, create_date, filepath, modify_date, score, subject, teacher_id, time, view) values (?, ?, ?, ?, ?, ?, ?, ?, ?, ?, ?, ?, ?, ?, ?, ?)
make question 9903
Hibernate: insert into question (answer, choice1, choice2, choice3, choice4, choice5, content, correct, create_date, filepath, modify_date, score, subject, teacher_id, time, view) values (?, ?, ?, ?, ?, ?, ?, ?, ?, ?, ?, ?, ?, ?, ?, ?)
make question 9904
Hibernate: insert into question (answer, choice1, choice2, choice3, choice4, choice5, content, correct, create_date, filepath, modify_date, score, subject, teacher_id, time, view) values (?, ?, ?, ?, ?, ?, ?, ?, ?, ?, ?, ?, ?, ?, ?, ?)
make question 9905
Hibernate: insert into question (answer, choice1, choice2, choice3, choice4, choice5, content, correct, create_date, filepath, modify_date, score, subject, teacher_id, time, view) values (?, ?, ?, ?, ?, ?, ?, ?, ?, ?, ?, ?, ?, ?, ?, ?)
make question 9906
Hibernate: insert into question (answer, choice1, choice2, choice3, choice4, choice5, content, correct, create_date, filepath, modify_date, score, subject, teacher_id, time, view) values (?, ?, ?, ?, ?, ?, ?, ?, ?, ?, ?, ?, ?, ?, ?, ?)
make question 9907
Hibernate: insert into question (answer, choice1, choice2, choice3, choice4, choice5, content, correct, create_date, filepath, modify_date, score, subject, teacher_id, time, view) values (?, ?, ?, ?, ?, ?, ?, ?, ?, ?, ?, ?, ?, ?, ?, ?)
make question 9908
Hibernate: insert into question (answer, choice1, choice2, choice3, choice4, choice5, content, correct, create_date, filepath, modify_date, score, subject, teacher_id, time, view) values (?, ?, ?, ?, ?, ?, ?, ?, ?, ?, ?, ?, ?, ?, ?, ?)
make question 9909
Hibernate: insert into question (answer, choice1, choice2, choice3, choice4, choice5, content, correct, create_date, filepath, modify_date, score, subject, teacher_id, time, view) values (?, ?, ?, ?, ?, ?, ?, ?, ?, ?, ?, ?, ?, ?, ?, ?)
make question 9910
Hibernate: insert into question (answer, choice1, choice2, choice3, choice4, choice5, content, correct, create_date, filepath, modify_date, score, subject, teacher_id, time, view) values (?, ?, ?, ?, ?, ?, ?, ?, ?, ?, ?, ?, ?, ?, ?, ?)
make question 9911
Hibernate: insert into question (answer, choice1, choice2, choice3, choice4, choice5, content, correct, create_date, filepath, modify_date, score, subject, teacher_id, time, view) values (?, ?, ?, ?, ?, ?, ?, ?, ?, ?, ?, ?, ?, ?, ?, ?)
make question 9912
Hibernate: insert into question (answer, choice1, choice2, choice3, choice4, choice5, content, correct, create_date, filepath, modify_date, score, subject, teacher_id, time, view) values (?, ?, ?, ?, ?, ?, ?, ?, ?, ?, ?, ?, ?, ?, ?, ?)
make question 9913
Hibernate: insert into question (answer, choice1, choice2, choice3, choice4, choice5, content, correct, create_date, filepath, modify_date, score, subject, teacher_id, time, view) values (?, ?, ?, ?, ?, ?, ?, ?, ?, ?, ?, ?, ?, ?, ?, ?)
make question 9914
Hibernate: insert into question (answer, choice1, choice2, choice3, choice4, choice5, content, correct, create_date, filepath, modify_date, score, subject, teacher_id, time, view) values (?, ?, ?, ?, ?, ?, ?, ?, ?, ?, ?, ?, ?, ?, ?, ?)
make question 9915
Hibernate: insert into question (answer, choice1, choice2, choice3, choice4, choice5, content, correct, create_date, filepath, modify_date, score, subject, teacher_id, time, view) values (?, ?, ?, ?, ?, ?, ?, ?, ?, ?, ?, ?, ?, ?, ?, ?)
make question 9916
Hibernate: insert into question (answer, choice1, choice2, choice3, choice4, choice5, content, correct, create_date, filepath, modify_date, score, subject, teacher_id, time, view) values (?, ?, ?, ?, ?, ?, ?, ?, ?, ?, ?, ?, ?, ?, ?, ?)
make question 9917
Hibernate: insert into question (answer, choice1, choice2, choice3, choice4, choice5, content, correct, create_date, filepath, modify_date, score, subject, teacher_id, time, view) values (?, ?, ?, ?, ?, ?, ?, ?, ?, ?, ?, ?, ?, ?, ?, ?)
make question 9918
Hibernate: insert into question (answer, choice1, choice2, choice3, choice4, choice5, content, correct, create_date, filepath, modify_date, score, subject, teacher_id, time, view) values (?, ?, ?, ?, ?, ?, ?, ?, ?, ?, ?, ?, ?, ?, ?, ?)
make question 9919
Hibernate: insert into question (answer, choice1, choice2, choice3, choice4, choice5, content, correct, create_date, filepath, modify_date, score, subject, teacher_id, time, view) values (?, ?, ?, ?, ?, ?, ?, ?, ?, ?, ?, ?, ?, ?, ?, ?)
make question 9920
Hibernate: insert into question (answer, choice1, choice2, choice3, choice4, choice5, content, correct, create_date, filepath, modify_date, score, subject, teacher_id, time, view) values (?, ?, ?, ?, ?, ?, ?, ?, ?, ?, ?, ?, ?, ?, ?, ?)
make question 9921
Hibernate: insert into question (answer, choice1, choice2, choice3, choice4, choice5, content, correct, create_date, filepath, modify_date, score, subject, teacher_id, time, view) values (?, ?, ?, ?, ?, ?, ?, ?, ?, ?, ?, ?, ?, ?, ?, ?)
make question 9922
Hibernate: insert into question (answer, choice1, choice2, choice3, choice4, choice5, content, correct, create_date, filepath, modify_date, score, subject, teacher_id, time, view) values (?, ?, ?, ?, ?, ?, ?, ?, ?, ?, ?, ?, ?, ?, ?, ?)
make question 9923
Hibernate: insert into question (answer, choice1, choice2, choice3, choice4, choice5, content, correct, create_date, filepath, modify_date, score, subject, teacher_id, time, view) values (?, ?, ?, ?, ?, ?, ?, ?, ?, ?, ?, ?, ?, ?, ?, ?)
make question 9924
Hibernate: insert into question (answer, choice1, choice2, choice3, choice4, choice5, content, correct, create_date, filepath, modify_date, score, subject, teacher_id, time, view) values (?, ?, ?, ?, ?, ?, ?, ?, ?, ?, ?, ?, ?, ?, ?, ?)
make question 9925
Hibernate: insert into question (answer, choice1, choice2, choice3, choice4, choice5, content, correct, create_date, filepath, modify_date, score, subject, teacher_id, time, view) values (?, ?, ?, ?, ?, ?, ?, ?, ?, ?, ?, ?, ?, ?, ?, ?)
make question 9926
Hibernate: insert into question (answer, choice1, choice2, choice3, choice4, choice5, content, correct, create_date, filepath, modify_date, score, subject, teacher_id, time, view) values (?, ?, ?, ?, ?, ?, ?, ?, ?, ?, ?, ?, ?, ?, ?, ?)
make question 9927
Hibernate: insert into question (answer, choice1, choice2, choice3, choice4, choice5, content, correct, create_date, filepath, modify_date, score, subject, teacher_id, time, view) values (?, ?, ?, ?, ?, ?, ?, ?, ?, ?, ?, ?, ?, ?, ?, ?)
make question 9928
Hibernate: insert into question (answer, choice1, choice2, choice3, choice4, choice5, content, correct, create_date, filepath, modify_date, score, subject, teacher_id, time, view) values (?, ?, ?, ?, ?, ?, ?, ?, ?, ?, ?, ?, ?, ?, ?, ?)
make question 9929
Hibernate: insert into question (answer, choice1, choice2, choice3, choice4, choice5, content, correct, create_date, filepath, modify_date, score, subject, teacher_id, time, view) values (?, ?, ?, ?, ?, ?, ?, ?, ?, ?, ?, ?, ?, ?, ?, ?)
make question 9930
Hibernate: insert into question (answer, choice1, choice2, choice3, choice4, choice5, content, correct, create_date, filepath, modify_date, score, subject, teacher_id, time, view) values (?, ?, ?, ?, ?, ?, ?, ?, ?, ?, ?, ?, ?, ?, ?, ?)
make question 9931
Hibernate: insert into question (answer, choice1, choice2, choice3, choice4, choice5, content, correct, create_date, filepath, modify_date, score, subject, teacher_id, time, view) values (?, ?, ?, ?, ?, ?, ?, ?, ?, ?, ?, ?, ?, ?, ?, ?)
make question 9932
Hibernate: insert into question (answer, choice1, choice2, choice3, choice4, choice5, content, correct, create_date, filepath, modify_date, score, subject, teacher_id, time, view) values (?, ?, ?, ?, ?, ?, ?, ?, ?, ?, ?, ?, ?, ?, ?, ?)
make question 9933
Hibernate: insert into question (answer, choice1, choice2, choice3, choice4, choice5, content, correct, create_date, filepath, modify_date, score, subject, teacher_id, time, view) values (?, ?, ?, ?, ?, ?, ?, ?, ?, ?, ?, ?, ?, ?, ?, ?)
make question 9934
Hibernate: insert into question (answer, choice1, choice2, choice3, choice4, choice5, content, correct, create_date, filepath, modify_date, score, subject, teacher_id, time, view) values (?, ?, ?, ?, ?, ?, ?, ?, ?, ?, ?, ?, ?, ?, ?, ?)
make question 9935
Hibernate: insert into question (answer, choice1, choice2, choice3, choice4, choice5, content, correct, create_date, filepath, modify_date, score, subject, teacher_id, time, view) values (?, ?, ?, ?, ?, ?, ?, ?, ?, ?, ?, ?, ?, ?, ?, ?)
make question 9936
Hibernate: insert into question (answer, choice1, choice2, choice3, choice4, choice5, content, correct, create_date, filepath, modify_date, score, subject, teacher_id, time, view) values (?, ?, ?, ?, ?, ?, ?, ?, ?, ?, ?, ?, ?, ?, ?, ?)
make question 9937
Hibernate: insert into question (answer, choice1, choice2, choice3, choice4, choice5, content, correct, create_date, filepath, modify_date, score, subject, teacher_id, time, view) values (?, ?, ?, ?, ?, ?, ?, ?, ?, ?, ?, ?, ?, ?, ?, ?)
make question 9938
Hibernate: insert into question (answer, choice1, choice2, choice3, choice4, choice5, content, correct, create_date, filepath, modify_date, score, subject, teacher_id, time, view) values (?, ?, ?, ?, ?, ?, ?, ?, ?, ?, ?, ?, ?, ?, ?, ?)
make question 9939
Hibernate: insert into question (answer, choice1, choice2, choice3, choice4, choice5, content, correct, create_date, filepath, modify_date, score, subject, teacher_id, time, view) values (?, ?, ?, ?, ?, ?, ?, ?, ?, ?, ?, ?, ?, ?, ?, ?)
make question 9940
Hibernate: insert into question (answer, choice1, choice2, choice3, choice4, choice5, content, correct, create_date, filepath, modify_date, score, subject, teacher_id, time, view) values (?, ?, ?, ?, ?, ?, ?, ?, ?, ?, ?, ?, ?, ?, ?, ?)
make question 9941
Hibernate: insert into question (answer, choice1, choice2, choice3, choice4, choice5, content, correct, create_date, filepath, modify_date, score, subject, teacher_id, time, view) values (?, ?, ?, ?, ?, ?, ?, ?, ?, ?, ?, ?, ?, ?, ?, ?)
make question 9942
Hibernate: insert into question (answer, choice1, choice2, choice3, choice4, choice5, content, correct, create_date, filepath, modify_date, score, subject, teacher_id, time, view) values (?, ?, ?, ?, ?, ?, ?, ?, ?, ?, ?, ?, ?, ?, ?, ?)
make question 9943
Hibernate: insert into question (answer, choice1, choice2, choice3, choice4, choice5, content, correct, create_date, filepath, modify_date, score, subject, teacher_id, time, view) values (?, ?, ?, ?, ?, ?, ?, ?, ?, ?, ?, ?, ?, ?, ?, ?)
make question 9944
Hibernate: insert into question (answer, choice1, choice2, choice3, choice4, choice5, content, correct, create_date, filepath, modify_date, score, subject, teacher_id, time, view) values (?, ?, ?, ?, ?, ?, ?, ?, ?, ?, ?, ?, ?, ?, ?, ?)
make question 9945
Hibernate: insert into question (answer, choice1, choice2, choice3, choice4, choice5, content, correct, create_date, filepath, modify_date, score, subject, teacher_id, time, view) values (?, ?, ?, ?, ?, ?, ?, ?, ?, ?, ?, ?, ?, ?, ?, ?)
make question 9946
Hibernate: insert into question (answer, choice1, choice2, choice3, choice4, choice5, content, correct, create_date, filepath, modify_date, score, subject, teacher_id, time, view) values (?, ?, ?, ?, ?, ?, ?, ?, ?, ?, ?, ?, ?, ?, ?, ?)
make question 9947
Hibernate: insert into question (answer, choice1, choice2, choice3, choice4, choice5, content, correct, create_date, filepath, modify_date, score, subject, teacher_id, time, view) values (?, ?, ?, ?, ?, ?, ?, ?, ?, ?, ?, ?, ?, ?, ?, ?)
make question 9948
Hibernate: insert into question (answer, choice1, choice2, choice3, choice4, choice5, content, correct, create_date, filepath, modify_date, score, subject, teacher_id, time, view) values (?, ?, ?, ?, ?, ?, ?, ?, ?, ?, ?, ?, ?, ?, ?, ?)
make question 9949
Hibernate: insert into question (answer, choice1, choice2, choice3, choice4, choice5, content, correct, create_date, filepath, modify_date, score, subject, teacher_id, time, view) values (?, ?, ?, ?, ?, ?, ?, ?, ?, ?, ?, ?, ?, ?, ?, ?)
make question 9950
Hibernate: insert into question (answer, choice1, choice2, choice3, choice4, choice5, content, correct, create_date, filepath, modify_date, score, subject, teacher_id, time, view) values (?, ?, ?, ?, ?, ?, ?, ?, ?, ?, ?, ?, ?, ?, ?, ?)
make question 9951
Hibernate: insert into question (answer, choice1, choice2, choice3, choice4, choice5, content, correct, create_date, filepath, modify_date, score, subject, teacher_id, time, view) values (?, ?, ?, ?, ?, ?, ?, ?, ?, ?, ?, ?, ?, ?, ?, ?)
make question 9952
Hibernate: insert into question (answer, choice1, choice2, choice3, choice4, choice5, content, correct, create_date, filepath, modify_date, score, subject, teacher_id, time, view) values (?, ?, ?, ?, ?, ?, ?, ?, ?, ?, ?, ?, ?, ?, ?, ?)
make question 9953
Hibernate: insert into question (answer, choice1, choice2, choice3, choice4, choice5, content, correct, create_date, filepath, modify_date, score, subject, teacher_id, time, view) values (?, ?, ?, ?, ?, ?, ?, ?, ?, ?, ?, ?, ?, ?, ?, ?)
make question 9954
Hibernate: insert into question (answer, choice1, choice2, choice3, choice4, choice5, content, correct, create_date, filepath, modify_date, score, subject, teacher_id, time, view) values (?, ?, ?, ?, ?, ?, ?, ?, ?, ?, ?, ?, ?, ?, ?, ?)
make question 9955
Hibernate: insert into question (answer, choice1, choice2, choice3, choice4, choice5, content, correct, create_date, filepath, modify_date, score, subject, teacher_id, time, view) values (?, ?, ?, ?, ?, ?, ?, ?, ?, ?, ?, ?, ?, ?, ?, ?)
make question 9956
Hibernate: insert into question (answer, choice1, choice2, choice3, choice4, choice5, content, correct, create_date, filepath, modify_date, score, subject, teacher_id, time, view) values (?, ?, ?, ?, ?, ?, ?, ?, ?, ?, ?, ?, ?, ?, ?, ?)
make question 9957
Hibernate: insert into question (answer, choice1, choice2, choice3, choice4, choice5, content, correct, create_date, filepath, modify_date, score, subject, teacher_id, time, view) values (?, ?, ?, ?, ?, ?, ?, ?, ?, ?, ?, ?, ?, ?, ?, ?)
make question 9958
Hibernate: insert into question (answer, choice1, choice2, choice3, choice4, choice5, content, correct, create_date, filepath, modify_date, score, subject, teacher_id, time, view) values (?, ?, ?, ?, ?, ?, ?, ?, ?, ?, ?, ?, ?, ?, ?, ?)
make question 9959
Hibernate: insert into question (answer, choice1, choice2, choice3, choice4, choice5, content, correct, create_date, filepath, modify_date, score, subject, teacher_id, time, view) values (?, ?, ?, ?, ?, ?, ?, ?, ?, ?, ?, ?, ?, ?, ?, ?)
make question 9960
Hibernate: insert into question (answer, choice1, choice2, choice3, choice4, choice5, content, correct, create_date, filepath, modify_date, score, subject, teacher_id, time, view) values (?, ?, ?, ?, ?, ?, ?, ?, ?, ?, ?, ?, ?, ?, ?, ?)
make question 9961
Hibernate: insert into question (answer, choice1, choice2, choice3, choice4, choice5, content, correct, create_date, filepath, modify_date, score, subject, teacher_id, time, view) values (?, ?, ?, ?, ?, ?, ?, ?, ?, ?, ?, ?, ?, ?, ?, ?)
make question 9962
Hibernate: insert into question (answer, choice1, choice2, choice3, choice4, choice5, content, correct, create_date, filepath, modify_date, score, subject, teacher_id, time, view) values (?, ?, ?, ?, ?, ?, ?, ?, ?, ?, ?, ?, ?, ?, ?, ?)
make question 9963
Hibernate: insert into question (answer, choice1, choice2, choice3, choice4, choice5, content, correct, create_date, filepath, modify_date, score, subject, teacher_id, time, view) values (?, ?, ?, ?, ?, ?, ?, ?, ?, ?, ?, ?, ?, ?, ?, ?)
make question 9964
Hibernate: insert into question (answer, choice1, choice2, choice3, choice4, choice5, content, correct, create_date, filepath, modify_date, score, subject, teacher_id, time, view) values (?, ?, ?, ?, ?, ?, ?, ?, ?, ?, ?, ?, ?, ?, ?, ?)
make question 9965
Hibernate: insert into question (answer, choice1, choice2, choice3, choice4, choice5, content, correct, create_date, filepath, modify_date, score, subject, teacher_id, time, view) values (?, ?, ?, ?, ?, ?, ?, ?, ?, ?, ?, ?, ?, ?, ?, ?)
make question 9966
Hibernate: insert into question (answer, choice1, choice2, choice3, choice4, choice5, content, correct, create_date, filepath, modify_date, score, subject, teacher_id, time, view) values (?, ?, ?, ?, ?, ?, ?, ?, ?, ?, ?, ?, ?, ?, ?, ?)
make question 9967
Hibernate: insert into question (answer, choice1, choice2, choice3, choice4, choice5, content, correct, create_date, filepath, modify_date, score, subject, teacher_id, time, view) values (?, ?, ?, ?, ?, ?, ?, ?, ?, ?, ?, ?, ?, ?, ?, ?)
make question 9968
Hibernate: insert into question (answer, choice1, choice2, choice3, choice4, choice5, content, correct, create_date, filepath, modify_date, score, subject, teacher_id, time, view) values (?, ?, ?, ?, ?, ?, ?, ?, ?, ?, ?, ?, ?, ?, ?, ?)
make question 9969
Hibernate: insert into question (answer, choice1, choice2, choice3, choice4, choice5, content, correct, create_date, filepath, modify_date, score, subject, teacher_id, time, view) values (?, ?, ?, ?, ?, ?, ?, ?, ?, ?, ?, ?, ?, ?, ?, ?)
make question 9970
Hibernate: insert into question (answer, choice1, choice2, choice3, choice4, choice5, content, correct, create_date, filepath, modify_date, score, subject, teacher_id, time, view) values (?, ?, ?, ?, ?, ?, ?, ?, ?, ?, ?, ?, ?, ?, ?, ?)
make question 9971
Hibernate: insert into question (answer, choice1, choice2, choice3, choice4, choice5, content, correct, create_date, filepath, modify_date, score, subject, teacher_id, time, view) values (?, ?, ?, ?, ?, ?, ?, ?, ?, ?, ?, ?, ?, ?, ?, ?)
make question 9972
Hibernate: insert into question (answer, choice1, choice2, choice3, choice4, choice5, content, correct, create_date, filepath, modify_date, score, subject, teacher_id, time, view) values (?, ?, ?, ?, ?, ?, ?, ?, ?, ?, ?, ?, ?, ?, ?, ?)
make question 9973
Hibernate: insert into question (answer, choice1, choice2, choice3, choice4, choice5, content, correct, create_date, filepath, modify_date, score, subject, teacher_id, time, view) values (?, ?, ?, ?, ?, ?, ?, ?, ?, ?, ?, ?, ?, ?, ?, ?)
make question 9974
Hibernate: insert into question (answer, choice1, choice2, choice3, choice4, choice5, content, correct, create_date, filepath, modify_date, score, subject, teacher_id, time, view) values (?, ?, ?, ?, ?, ?, ?, ?, ?, ?, ?, ?, ?, ?, ?, ?)
make question 9975
Hibernate: insert into question (answer, choice1, choice2, choice3, choice4, choice5, content, correct, create_date, filepath, modify_date, score, subject, teacher_id, time, view) values (?, ?, ?, ?, ?, ?, ?, ?, ?, ?, ?, ?, ?, ?, ?, ?)
make question 9976
Hibernate: insert into question (answer, choice1, choice2, choice3, choice4, choice5, content, correct, create_date, filepath, modify_date, score, subject, teacher_id, time, view) values (?, ?, ?, ?, ?, ?, ?, ?, ?, ?, ?, ?, ?, ?, ?, ?)
make question 9977
Hibernate: insert into question (answer, choice1, choice2, choice3, choice4, choice5, content, correct, create_date, filepath, modify_date, score, subject, teacher_id, time, view) values (?, ?, ?, ?, ?, ?, ?, ?, ?, ?, ?, ?, ?, ?, ?, ?)
make question 9978
Hibernate: insert into question (answer, choice1, choice2, choice3, choice4, choice5, content, correct, create_date, filepath, modify_date, score, subject, teacher_id, time, view) values (?, ?, ?, ?, ?, ?, ?, ?, ?, ?, ?, ?, ?, ?, ?, ?)
make question 9979
Hibernate: insert into question (answer, choice1, choice2, choice3, choice4, choice5, content, correct, create_date, filepath, modify_date, score, subject, teacher_id, time, view) values (?, ?, ?, ?, ?, ?, ?, ?, ?, ?, ?, ?, ?, ?, ?, ?)
make question 9980
Hibernate: insert into question (answer, choice1, choice2, choice3, choice4, choice5, content, correct, create_date, filepath, modify_date, score, subject, teacher_id, time, view) values (?, ?, ?, ?, ?, ?, ?, ?, ?, ?, ?, ?, ?, ?, ?, ?)
make question 9981
Hibernate: insert into question (answer, choice1, choice2, choice3, choice4, choice5, content, correct, create_date, filepath, modify_date, score, subject, teacher_id, time, view) values (?, ?, ?, ?, ?, ?, ?, ?, ?, ?, ?, ?, ?, ?, ?, ?)
make question 9982
Hibernate: insert into question (answer, choice1, choice2, choice3, choice4, choice5, content, correct, create_date, filepath, modify_date, score, subject, teacher_id, time, view) values (?, ?, ?, ?, ?, ?, ?, ?, ?, ?, ?, ?, ?, ?, ?, ?)
make question 9983
Hibernate: insert into question (answer, choice1, choice2, choice3, choice4, choice5, content, correct, create_date, filepath, modify_date, score, subject, teacher_id, time, view) values (?, ?, ?, ?, ?, ?, ?, ?, ?, ?, ?, ?, ?, ?, ?, ?)
make question 9984
Hibernate: insert into question (answer, choice1, choice2, choice3, choice4, choice5, content, correct, create_date, filepath, modify_date, score, subject, teacher_id, time, view) values (?, ?, ?, ?, ?, ?, ?, ?, ?, ?, ?, ?, ?, ?, ?, ?)
make question 9985
Hibernate: insert into question (answer, choice1, choice2, choice3, choice4, choice5, content, correct, create_date, filepath, modify_date, score, subject, teacher_id, time, view) values (?, ?, ?, ?, ?, ?, ?, ?, ?, ?, ?, ?, ?, ?, ?, ?)
make question 9986
Hibernate: insert into question (answer, choice1, choice2, choice3, choice4, choice5, content, correct, create_date, filepath, modify_date, score, subject, teacher_id, time, view) values (?, ?, ?, ?, ?, ?, ?, ?, ?, ?, ?, ?, ?, ?, ?, ?)
make question 9987
Hibernate: insert into question (answer, choice1, choice2, choice3, choice4, choice5, content, correct, create_date, filepath, modify_date, score, subject, teacher_id, time, view) values (?, ?, ?, ?, ?, ?, ?, ?, ?, ?, ?, ?, ?, ?, ?, ?)
make question 9988
Hibernate: insert into question (answer, choice1, choice2, choice3, choice4, choice5, content, correct, create_date, filepath, modify_date, score, subject, teacher_id, time, view) values (?, ?, ?, ?, ?, ?, ?, ?, ?, ?, ?, ?, ?, ?, ?, ?)
make question 9989
Hibernate: insert into question (answer, choice1, choice2, choice3, choice4, choice5, content, correct, create_date, filepath, modify_date, score, subject, teacher_id, time, view) values (?, ?, ?, ?, ?, ?, ?, ?, ?, ?, ?, ?, ?, ?, ?, ?)
make question 9990
Hibernate: insert into question (answer, choice1, choice2, choice3, choice4, choice5, content, correct, create_date, filepath, modify_date, score, subject, teacher_id, time, view) values (?, ?, ?, ?, ?, ?, ?, ?, ?, ?, ?, ?, ?, ?, ?, ?)
make question 9991
Hibernate: insert into question (answer, choice1, choice2, choice3, choice4, choice5, content, correct, create_date, filepath, modify_date, score, subject, teacher_id, time, view) values (?, ?, ?, ?, ?, ?, ?, ?, ?, ?, ?, ?, ?, ?, ?, ?)
make question 9992
Hibernate: insert into question (answer, choice1, choice2, choice3, choice4, choice5, content, correct, create_date, filepath, modify_date, score, subject, teacher_id, time, view) values (?, ?, ?, ?, ?, ?, ?, ?, ?, ?, ?, ?, ?, ?, ?, ?)
make question 9993
Hibernate: insert into question (answer, choice1, choice2, choice3, choice4, choice5, content, correct, create_date, filepath, modify_date, score, subject, teacher_id, time, view) values (?, ?, ?, ?, ?, ?, ?, ?, ?, ?, ?, ?, ?, ?, ?, ?)
make question 9994
Hibernate: insert into question (answer, choice1, choice2, choice3, choice4, choice5, content, correct, create_date, filepath, modify_date, score, subject, teacher_id, time, view) values (?, ?, ?, ?, ?, ?, ?, ?, ?, ?, ?, ?, ?, ?, ?, ?)
make question 9995
Hibernate: insert into question (answer, choice1, choice2, choice3, choice4, choice5, content, correct, create_date, filepath, modify_date, score, subject, teacher_id, time, view) values (?, ?, ?, ?, ?, ?, ?, ?, ?, ?, ?, ?, ?, ?, ?, ?)
make question 9996
Hibernate: insert into question (answer, choice1, choice2, choice3, choice4, choice5, content, correct, create_date, filepath, modify_date, score, subject, teacher_id, time, view) values (?, ?, ?, ?, ?, ?, ?, ?, ?, ?, ?, ?, ?, ?, ?, ?)
make question 9997
Hibernate: insert into question (answer, choice1, choice2, choice3, choice4, choice5, content, correct, create_date, filepath, modify_date, score, subject, teacher_id, time, view) values (?, ?, ?, ?, ?, ?, ?, ?, ?, ?, ?, ?, ?, ?, ?, ?)
make question 9998
Hibernate: insert into question (answer, choice1, choice2, choice3, choice4, choice5, content, correct, create_date, filepath, modify_date, score, subject, teacher_id, time, view) values (?, ?, ?, ?, ?, ?, ?, ?, ?, ?, ?, ?, ?, ?, ?, ?)
make question 9999
Hibernate: insert into question (answer, choice1, choice2, choice3, choice4, choice5, content, correct, create_date, filepath, modify_date, score, subject, teacher_id, time, view) values (?, ?, ?, ?, ?, ?, ?, ?, ?, ?, ?, ?, ?, ?, ?, ?)
make question 10000
]]></system-out>
  <system-err><![CDATA[]]></system-err>
</testsuite>
