<?xml version="1.0" encoding="UTF-8"?>
<testsuite name="com.example.app.AppApplicationTests" tests="1" skipped="0" failures="0" errors="0" timestamp="2023-03-05T12:09:17" hostname="janghyolim-ui-MacBookAir.local" time="0.151">
  <properties/>
  <testcase name="CreateAccount" classname="com.example.app.AppApplicationTests" time="0.151"/>
  <system-out><![CDATA[21:09:12.747 [Test worker] DEBUG org.springframework.boot.test.context.SpringBootTestContextBootstrapper - Neither @ContextConfiguration nor @ContextHierarchy found for test class [AppApplicationTests]: using SpringBootContextLoader
21:09:12.753 [Test worker] DEBUG org.springframework.test.context.support.AbstractContextLoader - Could not detect default resource locations for test class [com.example.app.AppApplicationTests]: no resource found for suffixes {-context.xml, Context.groovy}.
21:09:12.754 [Test worker] INFO org.springframework.test.context.support.AnnotationConfigContextLoaderUtils - Could not detect default configuration classes for test class [com.example.app.AppApplicationTests]: AppApplicationTests does not declare any static, non-private, non-final, nested classes annotated with @Configuration.
21:09:12.782 [Test worker] DEBUG org.springframework.boot.test.context.SpringBootTestContextBootstrapper - Using ContextCustomizers for test class [AppApplicationTests]: [DisableObservabilityContextCustomizer, PropertyMappingContextCustomizer, Customizer, ExcludeFilterContextCustomizer, DuplicateJsonObjectContextCustomizer, MockitoContextCustomizer, TestRestTemplateContextCustomizer]
21:09:12.871 [Test worker] DEBUG org.springframework.context.annotation.ClassPathScanningCandidateComponentProvider - Identified candidate component class: file [/Users/janghyolim/Code/testProjectStudy/app/build/classes/java/main/com/example/app/AppApplication.class]
21:09:12.890 [Test worker] INFO org.springframework.boot.test.context.SpringBootTestContextBootstrapper - Found @SpringBootConfiguration com.example.app.AppApplication for test class com.example.app.AppApplicationTests
21:09:12.993 [Test worker] DEBUG org.springframework.boot.test.context.SpringBootTestContextBootstrapper - Using TestExecutionListeners for test class [AppApplicationTests]: [ServletTestExecutionListener, DirtiesContextBeforeModesTestExecutionListener, ApplicationEventsTestExecutionListener, MockitoTestExecutionListener, DependencyInjectionTestExecutionListener, DirtiesContextTestExecutionListener, TransactionalTestExecutionListener, SqlScriptsTestExecutionListener, EventPublishingTestExecutionListener, RestDocsTestExecutionListener, MockRestServiceServerResetTestExecutionListener, MockMvcPrintOnlyOnFailureTestExecutionListener, WebDriverTestExecutionListener, MockWebServiceServerTestExecutionListener, ResetMocksTestExecutionListener]
21:09:12.994 [Test worker] DEBUG org.springframework.test.context.support.AbstractDirtiesContextTestExecutionListener - Before test class: class [AppApplicationTests], class annotated with @DirtiesContext [false] with mode [null]

  .   ____          _            __ _ _
 /\\ / ___'_ __ _ _(_)_ __  __ _ \ \ \ \
( ( )\___ | '_ | '_| | '_ \/ _` | \ \ \ \
 \\/  ___)| |_)| | | | | || (_| |  ) ) ) )
  '  |____| .__|_| |_|_| |_\__, | / / / /
 =========|_|==============|___/=/_/_/_/
 :: Spring Boot ::                (v3.0.1)

2023-03-05T21:09:13.291+09:00  INFO 27971 --- [    Test worker] com.example.app.AppApplicationTests      : Starting AppApplicationTests using Java 17.0.5 with PID 27971 (started by janghyolim in /Users/janghyolim/Code/testProjectStudy/app)
2023-03-05T21:09:13.294+09:00  INFO 27971 --- [    Test worker] com.example.app.AppApplicationTests      : No active profile set, falling back to 1 default profile: "default"
2023-03-05T21:09:14.303+09:00  INFO 27971 --- [    Test worker] .s.d.r.c.RepositoryConfigurationDelegate : Bootstrapping Spring Data JPA repositories in DEFAULT mode.
2023-03-05T21:09:14.365+09:00  INFO 27971 --- [    Test worker] .s.d.r.c.RepositoryConfigurationDelegate : Finished Spring Data repository scanning in 55 ms. Found 6 JPA repository interfaces.
2023-03-05T21:09:14.878+09:00  INFO 27971 --- [    Test worker] o.hibernate.jpa.internal.util.LogHelper  : HHH000204: Processing PersistenceUnitInfo [name: default]
2023-03-05T21:09:14.917+09:00  INFO 27971 --- [    Test worker] org.hibernate.Version                    : HHH000412: Hibernate ORM core version 6.1.6.Final
2023-03-05T21:09:15.042+09:00  WARN 27971 --- [    Test worker] org.hibernate.orm.deprecation            : HHH90000021: Encountered deprecated setting [javax.persistence.sharedCache.mode], use [jakarta.persistence.sharedCache.mode] instead
2023-03-05T21:09:15.115+09:00  INFO 27971 --- [    Test worker] com.zaxxer.hikari.HikariDataSource       : HikariPool-1 - Starting...
2023-03-05T21:09:15.338+09:00  INFO 27971 --- [    Test worker] com.zaxxer.hikari.pool.HikariPool        : HikariPool-1 - Added connection com.mysql.cj.jdbc.ConnectionImpl@1dd44289
2023-03-05T21:09:15.339+09:00  INFO 27971 --- [    Test worker] com.zaxxer.hikari.HikariDataSource       : HikariPool-1 - Start completed.
2023-03-05T21:09:15.352+09:00  INFO 27971 --- [    Test worker] SQL dialect                              : HHH000400: Using dialect: org.hibernate.dialect.MySQL8Dialect
2023-03-05T21:09:15.353+09:00  WARN 27971 --- [    Test worker] org.hibernate.orm.deprecation            : HHH90000026: MySQL8Dialect has been deprecated; use org.hibernate.dialect.MySQLDialect instead
2023-03-05T21:09:16.065+09:00  INFO 27971 --- [    Test worker] o.h.e.t.j.p.i.JtaPlatformInitiator       : HHH000490: Using JtaPlatform implementation: [org.hibernate.engine.transaction.jta.platform.internal.NoJtaPlatform]
2023-03-05T21:09:16.071+09:00  INFO 27971 --- [    Test worker] j.LocalContainerEntityManagerFactoryBean : Initialized JPA EntityManagerFactory for persistence unit 'default'
2023-03-05T21:09:16.537+09:00  WARN 27971 --- [    Test worker] JpaBaseConfiguration$JpaWebConfiguration : spring.jpa.open-in-view is enabled by default. Therefore, database queries may be performed during view rendering. Explicitly configure spring.jpa.open-in-view to disable this warning
2023-03-05T21:09:16.631+09:00  INFO 27971 --- [    Test worker] o.s.s.web.DefaultSecurityFilterChain     : Will secure any request with [org.springframework.security.web.session.DisableEncodeUrlFilter@6079d219, org.springframework.security.web.context.request.async.WebAsyncManagerIntegrationFilter@4ed90b04, org.springframework.security.web.context.SecurityContextHolderFilter@e9947af, org.springframework.security.web.header.HeaderWriterFilter@57eb2555, org.springframework.security.web.csrf.CsrfFilter@1eaf4e77, org.springframework.security.web.authentication.logout.LogoutFilter@48cebb78, org.springframework.security.web.authentication.UsernamePasswordAuthenticationFilter@19240b9, org.springframework.security.web.savedrequest.RequestCacheAwareFilter@30942f54, org.springframework.security.web.servletapi.SecurityContextHolderAwareRequestFilter@11d557a5, org.springframework.security.web.authentication.AnonymousAuthenticationFilter@686ace1f, org.springframework.security.web.access.ExceptionTranslationFilter@4e773b8a, org.springframework.security.web.access.intercept.AuthorizationFilter@313a3af8]
2023-03-05T21:09:17.071+09:00  INFO 27971 --- [    Test worker] com.example.app.AppApplicationTests      : Started AppApplicationTests in 4.035 seconds (process running for 5.361)
2023-03-05T21:09:17.180+09:00  INFO 27971 --- [    Test worker] com.example.app.user.UserService         : STUDENT : signup success 
Hibernate: insert into student (create_date, email, grade, name, password, personal_id, school, username) values (?, ?, ?, ?, ?, ?, ?, ?)
]]></system-out>
  <system-err><![CDATA[]]></system-err>
</testsuite>
